Build started 28.02.2014 14:39:09.
Project "D:\papst\Progr536\sp2007\IO66\spLb1\spLb1\spLb9\spLb9.vcxproj" on node 2 (build target(s)).
InitializeBuildStatus:
  Creating ".\Debug\spLb9.unsuccessfulbuild" because "AlwaysCreate" was specified.
ClCompile:
  All outputs are up-to-date.
  C:\Program Files\Microsoft Visual Studio 10.0\VC\bin\CL.exe /c /ZI /nologo /W3 /WX- /Od /Oy- /D WIN32 /D _DEBUG /D _CONSOLE /D _VC80_UPGRADE=0x0600 /D _MBCS /Gm /EHsc /RTC1 /MTd /GS /Gy- /fp:precise /Zc:wchar_t /Zc:forScope /Yu"stdafx.h" /Fp".\Debug\spLb9.pch" /Fo".\Debug\\" /Fd".\Debug\vc100.pdb" /FR".\Debug\\" /Gd /TP /analyze- /errorReport:prompt ..\spLb3\visgrp.cpp ..\spLb4\index.cpp ..\spLb4\langio.cpp ..\spLb4\lexan.cpp ..\spLb4\parsC.cpp ..\spLb4\parsP.cpp ..\spLb4\parsV.cpp ..\spLb4\tables.cpp ..\spLb5\operSpc.cpp ..\spLb5\parpC.cpp ..\spLb5\parpP.cpp ..\spLb5\syntaxP.cpp ..\spLb7\lexcalc.cpp codgen.cpp seman.cpp semanT.cpp spLb9.cpp
  spLb9.cpp
d:\papst\progr536\sp2007\io66\splb1\splb1\splb9\splb9.cpp(4): fatal error C1083: Cannot open precompiled header file: '.\Debug\spLb9.pch': No such file or directory
  semanT.cpp
d:\papst\progr536\sp2007\io66\splb1\splb1\splb9\semant.cpp(1): fatal error C1083: Cannot open precompiled header file: '.\Debug\spLb9.pch': No such file or directory
  seman.cpp
d:\papst\progr536\sp2007\io66\splb1\splb1\splb9\seman.cpp(1): fatal error C1083: Cannot open precompiled header file: '.\Debug\spLb9.pch': No such file or directory
  codgen.cpp
d:\papst\progr536\sp2007\io66\splb1\splb1\splb9\codgen.cpp(1): fatal error C1083: Cannot open precompiled header file: '.\Debug\spLb9.pch': No such file or directory
  lexcalc.cpp
d:\papst\progr536\sp2007\io66\splb1\splb1\splb7\lexcalc.cpp(1): fatal error C1083: Cannot open precompiled header file: '.\Debug\spLb9.pch': No such file or directory
  syntaxP.cpp
d:\papst\progr536\sp2007\io66\splb1\splb1\splb5\syntaxp.cpp(1): fatal error C1083: Cannot open precompiled header file: '.\Debug\spLb9.pch': No such file or directory
  parpP.cpp
d:\papst\progr536\sp2007\io66\splb1\splb1\splb5\parpp.cpp(1): fatal error C1083: Cannot open precompiled header file: '.\Debug\spLb9.pch': No such file or directory
  parpC.cpp
d:\papst\progr536\sp2007\io66\splb1\splb1\splb5\parpc.cpp(1): fatal error C1083: Cannot open precompiled header file: '.\Debug\spLb9.pch': No such file or directory
  operSpc.cpp
d:\papst\progr536\sp2007\io66\splb1\splb1\splb5\operspc.cpp(1): fatal error C1083: Cannot open precompiled header file: '.\Debug\spLb9.pch': No such file or directory
  tables.cpp
d:\papst\progr536\sp2007\io66\splb1\splb1\splb4\tables.cpp(1): fatal error C1083: Cannot open precompiled header file: '.\Debug\spLb9.pch': No such file or directory
  parsV.cpp
d:\papst\progr536\sp2007\io66\splb1\splb1\splb4\parsv.cpp(1): fatal error C1083: Cannot open precompiled header file: '.\Debug\spLb9.pch': No such file or directory
  parsP.cpp
d:\papst\progr536\sp2007\io66\splb1\splb1\splb4\parsp.cpp(1): fatal error C1083: Cannot open precompiled header file: '.\Debug\spLb9.pch': No such file or directory
  parsC.cpp
d:\papst\progr536\sp2007\io66\splb1\splb1\splb4\parsc.cpp(1): fatal error C1083: Cannot open precompiled header file: '.\Debug\spLb9.pch': No such file or directory
  lexan.cpp
d:\papst\progr536\sp2007\io66\splb1\splb1\splb4\lexan.cpp(1): fatal error C1083: Cannot open precompiled header file: '.\Debug\spLb9.pch': No such file or directory
  langio.cpp
d:\papst\progr536\sp2007\io66\splb1\splb1\splb4\langio.cpp(1): fatal error C1083: Cannot open precompiled header file: '.\Debug\spLb9.pch': No such file or directory
  index.cpp
d:\papst\progr536\sp2007\io66\splb1\splb1\splb4\index.cpp(1): fatal error C1083: Cannot open precompiled header file: '.\Debug\spLb9.pch': No such file or directory
  visgrp.cpp
d:\papst\progr536\sp2007\io66\splb1\splb1\splb3\visgrp.cpp(1): fatal error C1083: Cannot open precompiled header file: '.\Debug\spLb9.pch': No such file or directory
  Generating Code...
Done Building Project "D:\papst\Progr536\sp2007\IO66\spLb1\spLb1\spLb9\spLb9.vcxproj" (build target(s)) -- FAILED.

Build FAILED.

Time Elapsed 00:00:01.89
