Сборка начата 4/22/2015 8:12:26 PM.
     1>Проект "D:\obuchenie\SysProgLabs\Lab6\Lab2\Lab2.vcxproj" в узле 2 (целевые объекты Build).
     1>_MASM:
         Assembling longop.asm...
         cmd.exe /C "C:\Users\Rus\AppData\Local\Temp\tmpc20971c0fbdc460b9dff11ca0e0e7694.cmd"
         ml.exe /c /nologo /Zi /Fo"Release\longop.obj" /W3 /errorReport:prompt  /Talongop.asm
       _MASM:
         Assembling main6.asm...
         cmd.exe /C "C:\Users\Rus\AppData\Local\Temp\tmp5ca193e7422f4a1f85c6d0a281190f9e.cmd"
         ml.exe /c /nologo /Zi /Fo"Release\main6.obj" /W3 /errorReport:prompt  /Tamain6.asm
       _MASM:
         Assembling MODULE.ASM...
         cmd.exe /C "C:\Users\Rus\AppData\Local\Temp\tmpcc68d69fdfe444c3977ff46f4ad2b9d4.cmd"
         ml.exe /c /nologo /Zi /Fo"Release\MODULE.obj" /W3 /errorReport:prompt  /TaMODULE.ASM
       Link:
         D:\obuchenie\visStudio\Microsoft Visual Studio 11.0\VC\bin\link.exe /ERRORREPORT:PROMPT /OUT:"D:\obuchenie\SysProgLabs\Lab6\Release\Lab6.exe" /INCREMENTAL:NO /NOLOGO kernel32.lib user32.lib gdi32.lib winspool.lib comdlg32.lib advapi32.lib shell32.lib ole32.lib oleaut32.lib uuid.lib odbc32.lib odbccp32.lib /MANIFEST /MANIFESTUAC:"level='asInvoker' uiAccess='false'" /manifest:embed /DEBUG /PDB:"D:\obuchenie\SysProgLabs\Lab6\Release\Lab6.pdb" /SUBSYSTEM:WINDOWS /OPT:REF /OPT:ICF /LTCG /TLBID:1 /DYNAMICBASE /NXCOMPAT /IMPLIB:"D:\obuchenie\SysProgLabs\Lab6\Release\Lab6.lib" /MACHINE:X86 /SAFESEH /SAFESEH:NO Release\longop.obj
         Release\main6.obj
         Release\MODULE.obj
         LINK : указан параметр /LTCG, но не требуется создание кода; удалите /LTCG из командной строки компоновки для повышения производительности компоновщика
         Lab2.vcxproj -> D:\obuchenie\SysProgLabs\Lab6\Release\Lab6.exe
     1>Построение проекта "D:\obuchenie\SysProgLabs\Lab6\Lab2\Lab2.vcxproj" завершено (целевые объекты Build).

Сборка успешно завершена.

Затраченное время: 00:00:01.01
