E:\SKYDRIVE\DOCUMENTS\SCIENCE\PRO\LABS\LAB7\PRO_LAB7_MPI\DEBUG\PRO_LAB7_MPI.EXE
E:\SKYDRIVE\DOCUMENTS\SCIENCE\PRO\LABS\LAB7\PRO_LAB7_MPI\DEBUG\PRO_LAB7_MPI.ILK
E:\SKYDRIVE\DOCUMENTS\SCIENCE\PRO\LABS\LAB7\PRO_LAB7_MPI\DEBUG\PRO_LAB7_MPI.PDB
E:\SkyDrive\Documents\Science\PRO\labs\Lab7\pro_lab7_MPI\pro_lab7_MPI\Debug\cl.command.1.tlog
E:\SkyDrive\Documents\Science\PRO\labs\Lab7\pro_lab7_MPI\pro_lab7_MPI\Debug\CL.read.1.tlog
E:\SkyDrive\Documents\Science\PRO\labs\Lab7\pro_lab7_MPI\pro_lab7_MPI\Debug\CL.write.1.tlog
E:\SkyDrive\Documents\Science\PRO\labs\Lab7\pro_lab7_MPI\pro_lab7_MPI\Debug\link.15208.read.1.tlog
E:\SkyDrive\Documents\Science\PRO\labs\Lab7\pro_lab7_MPI\pro_lab7_MPI\Debug\link.15208.write.1.tlog
E:\SkyDrive\Documents\Science\PRO\labs\Lab7\pro_lab7_MPI\pro_lab7_MPI\Debug\link.15208-cvtres.read.1.tlog
E:\SkyDrive\Documents\Science\PRO\labs\Lab7\pro_lab7_MPI\pro_lab7_MPI\Debug\link.15208-cvtres.write.1.tlog
E:\SkyDrive\Documents\Science\PRO\labs\Lab7\pro_lab7_MPI\pro_lab7_MPI\Debug\link.21008.read.1.tlog
E:\SkyDrive\Documents\Science\PRO\labs\Lab7\pro_lab7_MPI\pro_lab7_MPI\Debug\link.21008.write.1.tlog
E:\SkyDrive\Documents\Science\PRO\labs\Lab7\pro_lab7_MPI\pro_lab7_MPI\Debug\link.21008-cvtres.read.1.tlog
E:\SkyDrive\Documents\Science\PRO\labs\Lab7\pro_lab7_MPI\pro_lab7_MPI\Debug\link.21008-cvtres.write.1.tlog
E:\SkyDrive\Documents\Science\PRO\labs\Lab7\pro_lab7_MPI\pro_lab7_MPI\Debug\link.command.1.tlog
E:\SkyDrive\Documents\Science\PRO\labs\Lab7\pro_lab7_MPI\pro_lab7_MPI\Debug\link.read.1.tlog
E:\SkyDrive\Documents\Science\PRO\labs\Lab7\pro_lab7_MPI\pro_lab7_MPI\Debug\link.write.1.tlog
E:\SkyDrive\Documents\Science\PRO\labs\Lab7\pro_lab7_MPI\pro_lab7_MPI\Debug\link-cvtres.read.1.tlog
E:\SkyDrive\Documents\Science\PRO\labs\Lab7\pro_lab7_MPI\pro_lab7_MPI\Debug\link-cvtres.write.1.tlog
E:\SkyDrive\Documents\Science\PRO\labs\Lab7\pro_lab7_MPI\pro_lab7_MPI\Debug\mt.command.1.tlog
E:\SkyDrive\Documents\Science\PRO\labs\Lab7\pro_lab7_MPI\pro_lab7_MPI\Debug\mt.read.1.tlog
E:\SkyDrive\Documents\Science\PRO\labs\Lab7\pro_lab7_MPI\pro_lab7_MPI\Debug\mt.write.1.tlog
E:\SKYDRIVE\DOCUMENTS\SCIENCE\PRO\LABS\LAB7\PRO_LAB7_MPI\PRO_LAB7_MPI\DEBUG\PRO_LAB7_MPI.EXE.EMBED.MANIFEST
E:\SKYDRIVE\DOCUMENTS\SCIENCE\PRO\LABS\LAB7\PRO_LAB7_MPI\PRO_LAB7_MPI\DEBUG\PRO_LAB7_MPI.EXE.EMBED.MANIFEST.RES
E:\SKYDRIVE\DOCUMENTS\SCIENCE\PRO\LABS\LAB7\PRO_LAB7_MPI\PRO_LAB7_MPI\DEBUG\PRO_LAB7_MPI.EXE.INTERMEDIATE.MANIFEST
E:\SKYDRIVE\DOCUMENTS\SCIENCE\PRO\LABS\LAB7\PRO_LAB7_MPI\PRO_LAB7_MPI\DEBUG\PRO_LAB7_MPI.OBJ
E:\SkyDrive\Documents\Science\PRO\labs\Lab7\pro_lab7_MPI\pro_lab7_MPI\Debug\pro_lab7_MPI.write.1.tlog
E:\SkyDrive\Documents\Science\PRO\labs\Lab7\pro_lab7_MPI\pro_lab7_MPI\Debug\pro_lab7_MPI_manifest.rc
E:\SkyDrive\Documents\Science\PRO\labs\Lab7\pro_lab7_MPI\pro_lab7_MPI\Debug\rc.command.1.tlog
E:\SkyDrive\Documents\Science\PRO\labs\Lab7\pro_lab7_MPI\pro_lab7_MPI\Debug\rc.read.1.tlog
E:\SkyDrive\Documents\Science\PRO\labs\Lab7\pro_lab7_MPI\pro_lab7_MPI\Debug\rc.write.1.tlog
E:\SKYDRIVE\DOCUMENTS\SCIENCE\PRO\LABS\LAB7\PRO_LAB7_MPI\PRO_LAB7_MPI\DEBUG\STDAFX.OBJ
E:\SkyDrive\Documents\Science\PRO\labs\Lab7\pro_lab7_MPI\pro_lab7_MPI\Debug\vc100.idb
E:\SKYDRIVE\DOCUMENTS\SCIENCE\PRO\LABS\LAB7\PRO_LAB7_MPI\PRO_LAB7_MPI\DEBUG\VC100.PDB
