Simulator report for exemple
Tue Dec 20 22:22:54 2011
Quartus II Version 9.0 Build 235 06/17/2009 Service Pack 2 SJ Web Edition


---------------------
; Table of Contents ;
---------------------
  1. Legal Notice
  2. Simulator Summary
  3. Simulator Settings
  4. Simulation Waveforms
  5. Simulation Signal Activity
  6. Coverage Summary
  7. Complete 1/0-Value Coverage
  8. Missing 1-Value Coverage
  9. Missing 0-Value Coverage
 10. Simulator INI Usage
 11. Simulator Messages



----------------
; Legal Notice ;
----------------
Copyright (C) 1991-2009 Altera Corporation
Your use of Altera Corporation's design tools, logic functions 
and other software and tools, and its AMPP partner logic 
functions, and any output files from any of the foregoing 
(including device programming or simulation files), and any 
associated documentation or information are expressly subject 
to the terms and conditions of the Altera Program License 
Subscription Agreement, Altera MegaCore Function License 
Agreement, or other applicable license agreement, including, 
without limitation, that your use is for the sole purpose of 
programming logic devices manufactured by Altera and sold by 
Altera or its authorized distributors.  Please refer to the 
applicable agreement for further details.



+--------------------------------------------+
; Simulator Summary                          ;
+-----------------------------+--------------+
; Type                        ; Value        ;
+-----------------------------+--------------+
; Simulation Start Time       ; 0 ps         ;
; Simulation End Time         ; 1.0 us       ;
; Simulation Netlist Size     ; 31 nodes     ;
; Simulation Coverage         ;      22.58 % ;
; Total Number of Transitions ; 650          ;
; Simulation Breakpoints      ; 0            ;
; Family                      ; Cyclone II   ;
; Device                      ; EP2C35F672C6 ;
+-----------------------------+--------------+


+--------------------------------------------------------------------------------------------------------------------------+
; Simulator Settings                                                                                                       ;
+--------------------------------------------------------------------------------------------+-------------+---------------+
; Option                                                                                     ; Setting     ; Default Value ;
+--------------------------------------------------------------------------------------------+-------------+---------------+
; Simulation mode                                                                            ; Timing      ; Timing        ;
; Start time                                                                                 ; 0 ns        ; 0 ns          ;
; End time                                                                                   ; 100 us      ;               ;
; Simulation results format                                                                  ; CVWF        ;               ;
; Vector input source                                                                        ; exemple.vwf ;               ;
; Add pins automatically to simulation output waveforms                                      ; On          ; On            ;
; Check outputs                                                                              ; Off         ; Off           ;
; Report simulation coverage                                                                 ; On          ; On            ;
; Display complete 1/0 value coverage report                                                 ; On          ; On            ;
; Display missing 1-value coverage report                                                    ; On          ; On            ;
; Display missing 0-value coverage report                                                    ; On          ; On            ;
; Detect setup and hold time violations                                                      ; Off         ; Off           ;
; Detect glitches                                                                            ; Off         ; Off           ;
; Disable timing delays in Timing Simulation                                                 ; Off         ; Off           ;
; Generate Signal Activity File                                                              ; On          ; Off           ;
; Signal Activity File output destination                                                    ; exemple.saf ;               ;
; Generate VCD File for PowerPlay Power Analyzer                                             ; Off         ; Off           ;
; Group bus channels in simulation results                                                   ; Off         ; Off           ;
; Preserve fewer signal transitions to reduce memory requirements                            ; On          ; On            ;
; Trigger vector comparison with the specified mode                                          ; INPUT_EDGE  ; INPUT_EDGE    ;
; Disable setup and hold time violations detection in input registers of bi-directional pins ; Off         ; Off           ;
; Overwrite Waveform Inputs With Simulation Outputs                                          ; On          ;               ;
; Perform Glitch Filtering in Timing Simulation                                              ; Auto        ; Auto          ;
+--------------------------------------------------------------------------------------------+-------------+---------------+


+----------------------+
; Simulation Waveforms ;
+----------------------+
Waveform report data cannot be output to ASCII.
Please use Quartus II to view the waveform report data.


Start time : 0 ps
End time : 1.0 us
Time duration : 1.0 us

+-------------------------------------------------------------------------------------------------------------------------------------------------------------------------------------------------------------------------------------------------------------------------+
; Simulation Signal Activity                                                                                                                                                                                                                                              ;
+------------------------------------------------------------------------------------------+------------------------------------------------------------------------------------------+------------------+--------------+--------------------+----------------------------+
; Node Name                                                                                ; Output Port Name                                                                         ; Output Port Type ; Toggle Count ; VCC Value Duration ; X (Unknown) Value Duration ;
+------------------------------------------------------------------------------------------+------------------------------------------------------------------------------------------+------------------+--------------+--------------------+----------------------------+
; |exemple|MuxYpr:inst|lpm_mux:lpm_mux_component|mux_lmc:auto_generated|result_node[0]~0   ; |exemple|MuxYpr:inst|lpm_mux:lpm_mux_component|mux_lmc:auto_generated|result_node[0]~0   ; combout          ;       60.0   ; 240.0 ns           ; 0 ps                       ;
; |exemple|MuxYpr:inst3|lpm_mux:lpm_mux_component|mux_lmc:auto_generated|result_node[0]~1  ; |exemple|MuxYpr:inst3|lpm_mux:lpm_mux_component|mux_lmc:auto_generated|result_node[0]~1  ; combout          ;       63.0   ; 256.72 ns          ; 0 ps                       ;
; |exemple|inst12                                                                          ; |exemple|inst12                                                                          ; regout           ;        0.0   ; 0 ps               ; 927.08 ns                  ;
; |exemple|inst13                                                                          ; |exemple|inst13                                                                          ; combout          ;        0.0   ; 0 ps               ; 466.57 ns                  ;
; |exemple|MuxYpr2:inst4|lpm_mux:lpm_mux_component|mux_omc:auto_generated|result_node[3]~0 ; |exemple|MuxYpr2:inst4|lpm_mux:lpm_mux_component|mux_omc:auto_generated|result_node[3]~0 ; combout          ;        0.0   ; 0 ps               ; 0 ps                       ;
; |exemple|MuxYpr2:inst4|lpm_mux:lpm_mux_component|mux_omc:auto_generated|result_node[2]~2 ; |exemple|MuxYpr2:inst4|lpm_mux:lpm_mux_component|mux_omc:auto_generated|result_node[2]~2 ; combout          ;        0.0   ; 0 ps               ; 0 ps                       ;
; |exemple|MuxYpr2:inst4|lpm_mux:lpm_mux_component|mux_omc:auto_generated|result_node[1]~4 ; |exemple|MuxYpr2:inst4|lpm_mux:lpm_mux_component|mux_omc:auto_generated|result_node[1]~4 ; combout          ;        0.0   ; 0 ps               ; 0 ps                       ;
; |exemple|MuxYpr2:inst4|lpm_mux:lpm_mux_component|mux_omc:auto_generated|result_node[0]~6 ; |exemple|MuxYpr2:inst4|lpm_mux:lpm_mux_component|mux_omc:auto_generated|result_node[0]~6 ; combout          ;        0.0   ; 0 ps               ; 0 ps                       ;
; |exemple|inst11                                                                          ; |exemple|inst11                                                                          ; regout           ;        0.0   ; 0 ps               ; 947.08 ns                  ;
; |exemple|inst10                                                                          ; |exemple|inst10                                                                          ; regout           ;        0.0   ; 0 ps               ; 967.08 ns                  ;
; |exemple|inst14                                                                          ; |exemple|inst14                                                                          ; regout           ;        0.0   ; 0 ps               ; 907.08 ns                  ;
; |exemple|inst9                                                                           ; |exemple|inst9                                                                           ; regout           ;        0.0   ; 0 ps               ; 987.08 ns                  ;
; |exemple|clkALY                                                                          ; |exemple|clkALY                                                                          ; padio            ;       60.0   ; 240.0 ns           ; 0 ps                       ;
; |exemple|clkBMY                                                                          ; |exemple|clkBMY                                                                          ; padio            ;       63.0   ; 251.38 ns          ; 0 ps                       ;
; |exemple|X_exit                                                                          ; |exemple|X_exit                                                                          ; padio            ;        0.0   ; 0 ps               ; 462.98 ns                  ;
; |exemple|Flag_ALY[3]                                                                     ; |exemple|Flag_ALY[3]                                                                     ; padio            ;        0.0   ; 0 ps               ; 0 ps                       ;
; |exemple|Flag_ALY[2]                                                                     ; |exemple|Flag_ALY[2]                                                                     ; padio            ;        0.0   ; 0 ps               ; 0 ps                       ;
; |exemple|Flag_ALY[1]                                                                     ; |exemple|Flag_ALY[1]                                                                     ; padio            ;        0.0   ; 0 ps               ; 0 ps                       ;
; |exemple|Flag_ALY[0]                                                                     ; |exemple|Flag_ALY[0]                                                                     ; padio            ;        0.0   ; 0 ps               ; 0 ps                       ;
; |exemple|clk4                                                                            ; |exemple|clk4                                                                            ; input_pad_output ;       12.0   ; 480.0 ns           ; 0 ps                       ;
; |exemple|clk                                                                             ; |exemple|clk                                                                             ; input_pad_output ;       99.0   ; 500.0 ns           ; 0 ps                       ;
; |exemple|flags[3]                                                                        ; |exemple|flags[3]                                                                        ; input_pad_output ;        0.0   ; 0 ps               ; 0 ps                       ;
; |exemple|flags[2]                                                                        ; |exemple|flags[2]                                                                        ; input_pad_output ;        0.0   ; 0 ps               ; 0 ps                       ;
; |exemple|flags[1]                                                                        ; |exemple|flags[1]                                                                        ; input_pad_output ;        0.0   ; 0 ps               ; 0 ps                       ;
; |exemple|flags[0]                                                                        ; |exemple|flags[0]                                                                        ; input_pad_output ;        0.0   ; 0 ps               ; 0 ps                       ;
; |exemple|X                                                                               ; |exemple|X                                                                               ; input_pad_output ;        0.0   ; 0 ps               ; 1.0 us                     ;
; |exemple|clk~clkctrl                                                                     ; |exemple|clk~clkctrl                                                                     ; outclk           ;       99.0   ; 499.1 ns           ; 0 ps                       ;
; |exemple|inst14~clkctrl                                                                  ; |exemple|inst14~clkctrl                                                                  ; outclk           ;        0.0   ; 0 ps               ; 906.11 ns                  ;
; |exemple|inst11~feeder                                                                   ; |exemple|inst11~feeder                                                                   ; combout          ;        0.0   ; 0 ps               ; 966.63 ns                  ;
; |exemple|inst10~feeder                                                                   ; |exemple|inst10~feeder                                                                   ; combout          ;        0.0   ; 0 ps               ; 986.63 ns                  ;
; |exemple|inst9~feeder                                                                    ; |exemple|inst9~feeder                                                                    ; combout          ;        0.0   ; 0 ps               ; 1.0 us                     ;
+------------------------------------------------------------------------------------------+------------------------------------------------------------------------------------------+------------------+--------------+--------------------+----------------------------+


+--------------------------------------------------------------------+
; Coverage Summary                                                   ;
+-----------------------------------------------------+--------------+
; Type                                                ; Value        ;
+-----------------------------------------------------+--------------+
; Total coverage as a percentage                      ;      22.58 % ;
; Total nodes checked                                 ; 31           ;
; Total output ports checked                          ; 31           ;
; Total output ports with complete 1/0-value coverage ; 7            ;
; Total output ports with no 1/0-value coverage       ; 22           ;
; Total output ports with no 1-value coverage         ; 24           ;
; Total output ports with no 0-value coverage         ; 22           ;
+-----------------------------------------------------+--------------+


The following table displays output ports that toggle between 1 and 0 during simulation.
+------------------------------------------------------------------------------------------------------------------------------------------------------------------------------------------------------+
; Complete 1/0-Value Coverage                                                                                                                                                                          ;
+-----------------------------------------------------------------------------------------+-----------------------------------------------------------------------------------------+------------------+
; Node Name                                                                               ; Output Port Name                                                                        ; Output Port Type ;
+-----------------------------------------------------------------------------------------+-----------------------------------------------------------------------------------------+------------------+
; |exemple|MuxYpr:inst|lpm_mux:lpm_mux_component|mux_lmc:auto_generated|result_node[0]~0  ; |exemple|MuxYpr:inst|lpm_mux:lpm_mux_component|mux_lmc:auto_generated|result_node[0]~0  ; combout          ;
; |exemple|MuxYpr:inst3|lpm_mux:lpm_mux_component|mux_lmc:auto_generated|result_node[0]~1 ; |exemple|MuxYpr:inst3|lpm_mux:lpm_mux_component|mux_lmc:auto_generated|result_node[0]~1 ; combout          ;
; |exemple|clkALY                                                                         ; |exemple|clkALY                                                                         ; padio            ;
; |exemple|clkBMY                                                                         ; |exemple|clkBMY                                                                         ; padio            ;
; |exemple|clk4                                                                           ; |exemple|clk4~corein                                                                    ; combout          ;
; |exemple|clk                                                                            ; |exemple|clk~corein                                                                     ; combout          ;
; |exemple|clk~clkctrl                                                                    ; |exemple|clk~clkctrl                                                                    ; outclk           ;
+-----------------------------------------------------------------------------------------+-----------------------------------------------------------------------------------------+------------------+


The following table displays output ports that do not toggle to 1 during simulation.
+--------------------------------------------------------------------------------------------------------------------------------------------------------------------------------------------------------+
; Missing 1-Value Coverage                                                                                                                                                                               ;
+------------------------------------------------------------------------------------------+------------------------------------------------------------------------------------------+------------------+
; Node Name                                                                                ; Output Port Name                                                                         ; Output Port Type ;
+------------------------------------------------------------------------------------------+------------------------------------------------------------------------------------------+------------------+
; |exemple|inst12                                                                          ; |exemple|inst12                                                                          ; regout           ;
; |exemple|inst13                                                                          ; |exemple|inst13                                                                          ; combout          ;
; |exemple|MuxYpr2:inst4|lpm_mux:lpm_mux_component|mux_omc:auto_generated|result_node[3]~0 ; |exemple|MuxYpr2:inst4|lpm_mux:lpm_mux_component|mux_omc:auto_generated|result_node[3]~0 ; combout          ;
; |exemple|MuxYpr2:inst4|lpm_mux:lpm_mux_component|mux_omc:auto_generated|result_node[2]~2 ; |exemple|MuxYpr2:inst4|lpm_mux:lpm_mux_component|mux_omc:auto_generated|result_node[2]~2 ; combout          ;
; |exemple|MuxYpr2:inst4|lpm_mux:lpm_mux_component|mux_omc:auto_generated|result_node[1]~4 ; |exemple|MuxYpr2:inst4|lpm_mux:lpm_mux_component|mux_omc:auto_generated|result_node[1]~4 ; combout          ;
; |exemple|MuxYpr2:inst4|lpm_mux:lpm_mux_component|mux_omc:auto_generated|result_node[0]~6 ; |exemple|MuxYpr2:inst4|lpm_mux:lpm_mux_component|mux_omc:auto_generated|result_node[0]~6 ; combout          ;
; |exemple|inst11                                                                          ; |exemple|inst11                                                                          ; regout           ;
; |exemple|inst10                                                                          ; |exemple|inst10                                                                          ; regout           ;
; |exemple|inst14                                                                          ; |exemple|inst14                                                                          ; regout           ;
; |exemple|inst9                                                                           ; |exemple|inst9                                                                           ; regout           ;
; |exemple|X_exit                                                                          ; |exemple|X_exit                                                                          ; padio            ;
; |exemple|Flag_ALY[3]                                                                     ; |exemple|Flag_ALY[3]                                                                     ; padio            ;
; |exemple|Flag_ALY[2]                                                                     ; |exemple|Flag_ALY[2]                                                                     ; padio            ;
; |exemple|Flag_ALY[1]                                                                     ; |exemple|Flag_ALY[1]                                                                     ; padio            ;
; |exemple|Flag_ALY[0]                                                                     ; |exemple|Flag_ALY[0]                                                                     ; padio            ;
; |exemple|flags[3]                                                                        ; |exemple|flags[3]~corein                                                                 ; combout          ;
; |exemple|flags[2]                                                                        ; |exemple|flags[2]~corein                                                                 ; combout          ;
; |exemple|flags[1]                                                                        ; |exemple|flags[1]~corein                                                                 ; combout          ;
; |exemple|flags[0]                                                                        ; |exemple|flags[0]~corein                                                                 ; combout          ;
; |exemple|X                                                                               ; |exemple|X~corein                                                                        ; combout          ;
; |exemple|inst14~clkctrl                                                                  ; |exemple|inst14~clkctrl                                                                  ; outclk           ;
; |exemple|inst11~feeder                                                                   ; |exemple|inst11~feeder                                                                   ; combout          ;
; |exemple|inst10~feeder                                                                   ; |exemple|inst10~feeder                                                                   ; combout          ;
; |exemple|inst9~feeder                                                                    ; |exemple|inst9~feeder                                                                    ; combout          ;
+------------------------------------------------------------------------------------------+------------------------------------------------------------------------------------------+------------------+


The following table displays output ports that do not toggle to 0 during simulation.
+--------------------------------------------------------------------------------------------------------------------------------------------------------------------------------------------------------+
; Missing 0-Value Coverage                                                                                                                                                                               ;
+------------------------------------------------------------------------------------------+------------------------------------------------------------------------------------------+------------------+
; Node Name                                                                                ; Output Port Name                                                                         ; Output Port Type ;
+------------------------------------------------------------------------------------------+------------------------------------------------------------------------------------------+------------------+
; |exemple|inst12                                                                          ; |exemple|inst12                                                                          ; regout           ;
; |exemple|MuxYpr2:inst4|lpm_mux:lpm_mux_component|mux_omc:auto_generated|result_node[3]~0 ; |exemple|MuxYpr2:inst4|lpm_mux:lpm_mux_component|mux_omc:auto_generated|result_node[3]~0 ; combout          ;
; |exemple|MuxYpr2:inst4|lpm_mux:lpm_mux_component|mux_omc:auto_generated|result_node[2]~2 ; |exemple|MuxYpr2:inst4|lpm_mux:lpm_mux_component|mux_omc:auto_generated|result_node[2]~2 ; combout          ;
; |exemple|MuxYpr2:inst4|lpm_mux:lpm_mux_component|mux_omc:auto_generated|result_node[1]~4 ; |exemple|MuxYpr2:inst4|lpm_mux:lpm_mux_component|mux_omc:auto_generated|result_node[1]~4 ; combout          ;
; |exemple|MuxYpr2:inst4|lpm_mux:lpm_mux_component|mux_omc:auto_generated|result_node[0]~6 ; |exemple|MuxYpr2:inst4|lpm_mux:lpm_mux_component|mux_omc:auto_generated|result_node[0]~6 ; combout          ;
; |exemple|inst11                                                                          ; |exemple|inst11                                                                          ; regout           ;
; |exemple|inst10                                                                          ; |exemple|inst10                                                                          ; regout           ;
; |exemple|inst14                                                                          ; |exemple|inst14                                                                          ; regout           ;
; |exemple|inst9                                                                           ; |exemple|inst9                                                                           ; regout           ;
; |exemple|Flag_ALY[3]                                                                     ; |exemple|Flag_ALY[3]                                                                     ; padio            ;
; |exemple|Flag_ALY[2]                                                                     ; |exemple|Flag_ALY[2]                                                                     ; padio            ;
; |exemple|Flag_ALY[1]                                                                     ; |exemple|Flag_ALY[1]                                                                     ; padio            ;
; |exemple|Flag_ALY[0]                                                                     ; |exemple|Flag_ALY[0]                                                                     ; padio            ;
; |exemple|flags[3]                                                                        ; |exemple|flags[3]~corein                                                                 ; combout          ;
; |exemple|flags[2]                                                                        ; |exemple|flags[2]~corein                                                                 ; combout          ;
; |exemple|flags[1]                                                                        ; |exemple|flags[1]~corein                                                                 ; combout          ;
; |exemple|flags[0]                                                                        ; |exemple|flags[0]~corein                                                                 ; combout          ;
; |exemple|X                                                                               ; |exemple|X~corein                                                                        ; combout          ;
; |exemple|inst14~clkctrl                                                                  ; |exemple|inst14~clkctrl                                                                  ; outclk           ;
; |exemple|inst11~feeder                                                                   ; |exemple|inst11~feeder                                                                   ; combout          ;
; |exemple|inst10~feeder                                                                   ; |exemple|inst10~feeder                                                                   ; combout          ;
; |exemple|inst9~feeder                                                                    ; |exemple|inst9~feeder                                                                    ; combout          ;
+------------------------------------------------------------------------------------------+------------------------------------------------------------------------------------------+------------------+


+---------------------+
; Simulator INI Usage ;
+--------+------------+
; Option ; Usage      ;
+--------+------------+


+--------------------+
; Simulator Messages ;
+--------------------+
Info: *******************************************************************
Info: Running Quartus II Simulator
    Info: Version 9.0 Build 235 06/17/2009 Service Pack 2 SJ Web Edition
    Info: Processing started: Tue Dec 20 22:22:54 2011
Info: Command: quartus_sim --read_settings_files=on --write_settings_files=off exemple -c exemple
Info: Using vector source file "E:/LabuQuartus/Exemple/exemple.vwf"
Info: Overwriting simulation input file with simulation results
    Info: A backup of exemple.vwf called exemple.sim_ori.vwf has been created in the db folder
Warning: Can't find signal in vector source file for input pin "|exemple|X"
Info: Option to preserve fewer signal transitions to reduce memory requirements is enabled
    Info: Simulation has been partitioned into sub-simulations according to the maximum transition count determined by the engine. Transitions from memory will be flushed out to disk at the end of each sub-simulation to reduce memory requirements.
Info: Simulation partitioned into 1 sub-simulations
Info: Created Signal Activity File E:/LabuQuartus/Exemple/exemple.saf
Info: Simulation coverage is      22.58 %
Info: Number of transitions in simulation is 650
Info: Vector file exemple.vwf is saved in VWF text format. You can compress it into CVWF format in order to reduce file size. For more details please refer to the Quartus II Help.
Info: Quartus II Simulator was successful. 0 errors, 1 warning
    Info: Peak virtual memory: 161 megabytes
    Info: Processing ended: Tue Dec 20 22:22:54 2011
    Info: Elapsed time: 00:00:00
    Info: Total CPU time (on all processors): 00:00:00


