Flow report for Lab2
Wed Dec 21 17:54:18 2011
Quartus II Version 9.0 Build 235 06/17/2009 Service Pack 2 SJ Web Edition


---------------------
; Table of Contents ;
---------------------
  1. Legal Notice
  2. Flow Summary
  3. Flow Settings
  4. Flow Non-Default Global Settings
  5. Flow Elapsed Time
  6. Flow OS Summary
  7. Flow Log



----------------
; Legal Notice ;
----------------
Copyright (C) 1991-2009 Altera Corporation
Your use of Altera Corporation's design tools, logic functions 
and other software and tools, and its AMPP partner logic 
functions, and any output files from any of the foregoing 
(including device programming or simulation files), and any 
associated documentation or information are expressly subject 
to the terms and conditions of the Altera Program License 
Subscription Agreement, Altera MegaCore Function License 
Agreement, or other applicable license agreement, including, 
without limitation, that your use is for the sole purpose of 
programming logic devices manufactured by Altera and sold by 
Altera or its authorized distributors.  Please refer to the 
applicable agreement for further details.



+-----------------------------------------------------------------------------------+
; Flow Summary                                                                      ;
+------------------------------------+----------------------------------------------+
; Flow Status                        ; Successful - Wed Dec 21 17:54:18 2011        ;
; Quartus II Version                 ; 9.0 Build 235 06/17/2009 SP 2 SJ Web Edition ;
; Revision Name                      ; Lab2                                         ;
; Top-level Entity Name              ; Lab2                                         ;
; Family                             ; Cyclone II                                   ;
; Device                             ; EP2C35F672C6                                 ;
; Timing Models                      ; Final                                        ;
; Met timing requirements            ; No                                           ;
; Total logic elements               ; 69 / 33,216 ( < 1 % )                        ;
;     Total combinational functions  ; 63 / 33,216 ( < 1 % )                        ;
;     Dedicated logic registers      ; 51 / 33,216 ( < 1 % )                        ;
; Total registers                    ; 51                                           ;
; Total pins                         ; 130 / 475 ( 27 % )                           ;
; Total virtual pins                 ; 0                                            ;
; Total memory bits                  ; 1,024 / 483,840 ( < 1 % )                    ;
; Embedded Multiplier 9-bit elements ; 0 / 70 ( 0 % )                               ;
; Total PLLs                         ; 0 / 4 ( 0 % )                                ;
+------------------------------------+----------------------------------------------+


+-----------------------------------------+
; Flow Settings                           ;
+-------------------+---------------------+
; Option            ; Setting             ;
+-------------------+---------------------+
; Start date & time ; 12/21/2011 17:54:07 ;
; Main task         ; Compilation         ;
; Revision Name     ; Lab2                ;
+-------------------+---------------------+


+------------------------------------------------------------------------------------------------------------------------+
; Flow Non-Default Global Settings                                                                                       ;
+------------------------------------+------------------------------------+---------------+-------------+----------------+
; Assignment Name                    ; Value                              ; Default Value ; Entity Name ; Section Id     ;
+------------------------------------+------------------------------------+---------------+-------------+----------------+
; COMPILER_SIGNATURE_ID              ; 229658796551160.132448284602488    ; --            ; --          ; --             ;
; IP_TOOL_NAME                       ; LPM_MUX                            ; --            ; --          ; --             ;
; IP_TOOL_NAME                       ; LPM_ADD_SUB                        ; --            ; --          ; --             ;
; IP_TOOL_NAME                       ; RAM: 1-PORT                        ; --            ; --          ; --             ;
; IP_TOOL_NAME                       ; ROM: 1-PORT                        ; --            ; --          ; --             ;
; IP_TOOL_NAME                       ; LPM_FF                             ; --            ; --          ; --             ;
; IP_TOOL_NAME                       ; LPM_SHIFTREG                       ; --            ; --          ; --             ;
; IP_TOOL_NAME                       ; LPM_SHIFTREG                       ; --            ; --          ; --             ;
; IP_TOOL_NAME                       ; LPM_ADD_SUB                        ; --            ; --          ; --             ;
; IP_TOOL_NAME                       ; LPM_LATCH                          ; --            ; --          ; --             ;
; IP_TOOL_NAME                       ; LPM_MUX                            ; --            ; --          ; --             ;
; IP_TOOL_NAME                       ; LPM_ADD_SUB                        ; --            ; --          ; --             ;
; IP_TOOL_NAME                       ; LPM_FF                             ; --            ; --          ; --             ;
; IP_TOOL_NAME                       ; LPM_MUX                            ; --            ; --          ; --             ;
; IP_TOOL_NAME                       ; LPM_COUNTER                        ; --            ; --          ; --             ;
; IP_TOOL_NAME                       ; LPM_MUX                            ; --            ; --          ; --             ;
; IP_TOOL_NAME                       ; LPM_CONSTANT                       ; --            ; --          ; --             ;
; IP_TOOL_NAME                       ; LPM_SHIFTREG                       ; --            ; --          ; --             ;
; IP_TOOL_VERSION                    ; 9.0                                ; --            ; --          ; --             ;
; IP_TOOL_VERSION                    ; 9.0                                ; --            ; --          ; --             ;
; IP_TOOL_VERSION                    ; 9.0                                ; --            ; --          ; --             ;
; IP_TOOL_VERSION                    ; 9.0                                ; --            ; --          ; --             ;
; IP_TOOL_VERSION                    ; 9.0                                ; --            ; --          ; --             ;
; IP_TOOL_VERSION                    ; 9.0                                ; --            ; --          ; --             ;
; IP_TOOL_VERSION                    ; 9.0                                ; --            ; --          ; --             ;
; IP_TOOL_VERSION                    ; 9.0                                ; --            ; --          ; --             ;
; IP_TOOL_VERSION                    ; 9.0                                ; --            ; --          ; --             ;
; IP_TOOL_VERSION                    ; 9.0                                ; --            ; --          ; --             ;
; IP_TOOL_VERSION                    ; 9.0                                ; --            ; --          ; --             ;
; IP_TOOL_VERSION                    ; 9.0                                ; --            ; --          ; --             ;
; IP_TOOL_VERSION                    ; 9.0                                ; --            ; --          ; --             ;
; IP_TOOL_VERSION                    ; 9.0                                ; --            ; --          ; --             ;
; IP_TOOL_VERSION                    ; 9.0                                ; --            ; --          ; --             ;
; IP_TOOL_VERSION                    ; 9.0                                ; --            ; --          ; --             ;
; IP_TOOL_VERSION                    ; 9.0                                ; --            ; --          ; --             ;
; MAX_CORE_JUNCTION_TEMP             ; 85                                 ; --            ; --          ; --             ;
; MIN_CORE_JUNCTION_TEMP             ; 0                                  ; --            ; --          ; --             ;
; MISC_FILE                          ; Multiplexor.bsf                    ; --            ; --          ; --             ;
; MISC_FILE                          ; Multiplexor_inst.v                 ; --            ; --          ; --             ;
; MISC_FILE                          ; Multiplexor_bb.v                   ; --            ; --          ; --             ;
; MISC_FILE                          ; Multiplexor.inc                    ; --            ; --          ; --             ;
; MISC_FILE                          ; Multiplexor.cmp                    ; --            ; --          ; --             ;
; MISC_FILE                          ; Sum_Command.bsf                    ; --            ; --          ; --             ;
; MISC_FILE                          ; Sum_Command_inst.v                 ; --            ; --          ; --             ;
; MISC_FILE                          ; Sum_Command_bb.v                   ; --            ; --          ; --             ;
; MISC_FILE                          ; Sum_Command.inc                    ; --            ; --          ; --             ;
; MISC_FILE                          ; Sum_Command.cmp                    ; --            ; --          ; --             ;
; MISC_FILE                          ; Ram_Command.bsf                    ; --            ; --          ; --             ;
; MISC_FILE                          ; Ram_Command_inst.v                 ; --            ; --          ; --             ;
; MISC_FILE                          ; Ram_Command_bb.v                   ; --            ; --          ; --             ;
; MISC_FILE                          ; Ram_Command.inc                    ; --            ; --          ; --             ;
; MISC_FILE                          ; Ram_Command.cmp                    ; --            ; --          ; --             ;
; MISC_FILE                          ; Rom_Command.bsf                    ; --            ; --          ; --             ;
; MISC_FILE                          ; Rom_Command_inst.v                 ; --            ; --          ; --             ;
; MISC_FILE                          ; Rom_Command_bb.v                   ; --            ; --          ; --             ;
; MISC_FILE                          ; Rom_Command.inc                    ; --            ; --          ; --             ;
; MISC_FILE                          ; Rom_Command.cmp                    ; --            ; --          ; --             ;
; MISC_FILE                          ; RG_Command.bsf                     ; --            ; --          ; --             ;
; MISC_FILE                          ; RG_Command_inst.v                  ; --            ; --          ; --             ;
; MISC_FILE                          ; RG_Command_bb.v                    ; --            ; --          ; --             ;
; MISC_FILE                          ; RG_Command.inc                     ; --            ; --          ; --             ;
; MISC_FILE                          ; RG_Command.cmp                     ; --            ; --          ; --             ;
; MISC_FILE                          ; ../Lab2/RGX.bsf                    ; --            ; --          ; --             ;
; MISC_FILE                          ; ../Lab2/RGX_inst.v                 ; --            ; --          ; --             ;
; MISC_FILE                          ; ../Lab2/RGX_bb.v                   ; --            ; --          ; --             ;
; MISC_FILE                          ; ../Lab2/RGX.inc                    ; --            ; --          ; --             ;
; MISC_FILE                          ; ../Lab2/RGX.cmp                    ; --            ; --          ; --             ;
; MISC_FILE                          ; ../Lab2/RGY.bsf                    ; --            ; --          ; --             ;
; MISC_FILE                          ; ../Lab2/RGY_inst.v                 ; --            ; --          ; --             ;
; MISC_FILE                          ; ../Lab2/RGY_bb.v                   ; --            ; --          ; --             ;
; MISC_FILE                          ; ../Lab2/RGY.inc                    ; --            ; --          ; --             ;
; MISC_FILE                          ; ../Lab2/RGY.cmp                    ; --            ; --          ; --             ;
; MISC_FILE                          ; ../Lab2/Sum_Mull.bsf               ; --            ; --          ; --             ;
; MISC_FILE                          ; ../Lab2/Sum_Mull_inst.v            ; --            ; --          ; --             ;
; MISC_FILE                          ; ../Lab2/Sum_Mull_bb.v              ; --            ; --          ; --             ;
; MISC_FILE                          ; ../Lab2/Sum_Mull.inc               ; --            ; --          ; --             ;
; MISC_FILE                          ; ../Lab2/Sum_Mull.cmp               ; --            ; --          ; --             ;
; MISC_FILE                          ; ../Lab2/RGZ.bsf                    ; --            ; --          ; --             ;
; MISC_FILE                          ; ../Lab2/RGZ_inst.v                 ; --            ; --          ; --             ;
; MISC_FILE                          ; ../Lab2/RGZ_bb.v                   ; --            ; --          ; --             ;
; MISC_FILE                          ; ../Lab2/RGZ.inc                    ; --            ; --          ; --             ;
; MISC_FILE                          ; ../Lab2/RGZ.cmp                    ; --            ; --          ; --             ;
; MISC_FILE                          ; ../Lab2/Mux_Mull.bsf               ; --            ; --          ; --             ;
; MISC_FILE                          ; ../Lab2/Mux_Mull_inst.v            ; --            ; --          ; --             ;
; MISC_FILE                          ; ../Lab2/Mux_Mull_bb.v              ; --            ; --          ; --             ;
; MISC_FILE                          ; ../Lab2/Mux_Mull.inc               ; --            ; --          ; --             ;
; MISC_FILE                          ; ../Lab2/Mux_Mull.cmp               ; --            ; --          ; --             ;
; MISC_FILE                          ; ../Lab2/Sum_Mull2.bsf              ; --            ; --          ; --             ;
; MISC_FILE                          ; ../Lab2/Sum_Mull2_inst.v           ; --            ; --          ; --             ;
; MISC_FILE                          ; ../Lab2/Sum_Mull2_bb.v             ; --            ; --          ; --             ;
; MISC_FILE                          ; ../Lab2/Sum_Mull2.inc              ; --            ; --          ; --             ;
; MISC_FILE                          ; ../Lab2/Sum_Mull2.cmp              ; --            ; --          ; --             ;
; MISC_FILE                          ; ../Lab2/RGZ2.bsf                   ; --            ; --          ; --             ;
; MISC_FILE                          ; ../Lab2/RGZ2_inst.v                ; --            ; --          ; --             ;
; MISC_FILE                          ; ../Lab2/RGZ2_bb.v                  ; --            ; --          ; --             ;
; MISC_FILE                          ; ../Lab2/RGZ2.inc                   ; --            ; --          ; --             ;
; MISC_FILE                          ; ../Lab2/RGZ2.cmp                   ; --            ; --          ; --             ;
; MISC_FILE                          ; ../Lab2/Mux_ChngFlags.bsf          ; --            ; --          ; --             ;
; MISC_FILE                          ; ../Lab2/Mux_ChngFlags_inst.v       ; --            ; --          ; --             ;
; MISC_FILE                          ; ../Lab2/Mux_ChngFlags_bb.v         ; --            ; --          ; --             ;
; MISC_FILE                          ; ../Lab2/Mux_ChngFlags.inc          ; --            ; --          ; --             ;
; MISC_FILE                          ; ../Lab2/Mux_ChngFlags.cmp          ; --            ; --          ; --             ;
; MISC_FILE                          ; ../Exemple/Counter_Mull.bsf        ; --            ; --          ; --             ;
; MISC_FILE                          ; ../Exemple/Counter_Mull_inst.v     ; --            ; --          ; --             ;
; MISC_FILE                          ; ../Exemple/Counter_Mull_bb.v       ; --            ; --          ; --             ;
; MISC_FILE                          ; ../Exemple/Counter_Mull.inc        ; --            ; --          ; --             ;
; MISC_FILE                          ; ../Exemple/Counter_Mull.cmp        ; --            ; --          ; --             ;
; MISC_FILE                          ; MUX_Start.bsf                      ; --            ; --          ; --             ;
; MISC_FILE                          ; MUX_Start_inst.v                   ; --            ; --          ; --             ;
; MISC_FILE                          ; MUX_Start_bb.v                     ; --            ; --          ; --             ;
; MISC_FILE                          ; MUX_Start.inc                      ; --            ; --          ; --             ;
; MISC_FILE                          ; MUX_Start.cmp                      ; --            ; --          ; --             ;
; MISC_FILE                          ; const.bsf                          ; --            ; --          ; --             ;
; MISC_FILE                          ; const_inst.v                       ; --            ; --          ; --             ;
; MISC_FILE                          ; const_bb.v                         ; --            ; --          ; --             ;
; MISC_FILE                          ; const.inc                          ; --            ; --          ; --             ;
; MISC_FILE                          ; const.cmp                          ; --            ; --          ; --             ;
; MISC_FILE                          ; E:/LabuQuartus/Lab2_Final/Lab2.dpf ; --            ; --          ; --             ;
; MISC_FILE                          ; REG_DIOD.bsf                       ; --            ; --          ; --             ;
; MISC_FILE                          ; REG_DIOD_inst.v                    ; --            ; --          ; --             ;
; MISC_FILE                          ; REG_DIOD_bb.v                      ; --            ; --          ; --             ;
; MISC_FILE                          ; REG_DIOD.inc                       ; --            ; --          ; --             ;
; MISC_FILE                          ; REG_DIOD.cmp                       ; --            ; --          ; --             ;
; PARTITION_COLOR                    ; 16764057                           ; --            ; --          ; Top            ;
; PARTITION_NETLIST_TYPE             ; SOURCE                             ; --            ; --          ; Top            ;
; USE_GENERATED_PHYSICAL_CONSTRAINTS ; Off                                ; --            ; --          ; eda_blast_fpga ;
+------------------------------------+------------------------------------+---------------+-------------+----------------+


+-----------------------------------------------------------------------------------------------------------------------------+
; Flow Elapsed Time                                                                                                           ;
+-------------------------+--------------+-------------------------+---------------------+------------------------------------+
; Module Name             ; Elapsed Time ; Average Processors Used ; Peak Virtual Memory ; Total CPU Time (on all processors) ;
+-------------------------+--------------+-------------------------+---------------------+------------------------------------+
; Analysis & Synthesis    ; 00:00:02     ; 1.0                     ; 222 MB              ; 00:00:01                           ;
; Fitter                  ; 00:00:05     ; 1.0                     ; 283 MB              ; 00:00:05                           ;
; Assembler               ; 00:00:02     ; 1.0                     ; 259 MB              ; 00:00:02                           ;
; Classic Timing Analyzer ; 00:00:01     ; 1.0                     ; 169 MB              ; 00:00:00                           ;
; Total                   ; 00:00:10     ; --                      ; --                  ; 00:00:08                           ;
+-------------------------+--------------+-------------------------+---------------------+------------------------------------+


+------------------------------------------------------------------------------------------+
; Flow OS Summary                                                                          ;
+-------------------------+------------------+---------------+------------+----------------+
; Module Name             ; Machine Hostname ; OS Name       ; OS Version ; Processor type ;
+-------------------------+------------------+---------------+------------+----------------+
; Analysis & Synthesis    ; Viktor-PC        ; Windows Vista ; 6.1        ; x86_64         ;
; Fitter                  ; Viktor-PC        ; Windows Vista ; 6.1        ; x86_64         ;
; Assembler               ; Viktor-PC        ; Windows Vista ; 6.1        ; x86_64         ;
; Classic Timing Analyzer ; Viktor-PC        ; Windows Vista ; 6.1        ; x86_64         ;
+-------------------------+------------------+---------------+------------+----------------+


------------
; Flow Log ;
------------
quartus_map --read_settings_files=on --write_settings_files=off Lab2 -c Lab2
quartus_fit --read_settings_files=off --write_settings_files=off Lab2 -c Lab2
quartus_asm --read_settings_files=off --write_settings_files=off Lab2 -c Lab2
quartus_tan --read_settings_files=off --write_settings_files=off Lab2 -c Lab2 --timing_analysis_only



