Build started 08.10.2012 21:45:44.
     1>Project "E:\documents\Science\PRO\labs\Lab5\pro_lab5_cpp_vs10\pro_lab5_cpp_vs10\pro_lab5_cpp_vs10.vcxproj" on node 2 (build target(s)).
     1>InitializeBuildStatus:
         Creating "Debug\pro_lab5_cpp_vs10.unsuccessfulbuild" because "AlwaysCreate" was specified.
       ClCompile:
         All outputs are up-to-date.
         E:\Program Files (x86)\Microsoft Visual Studio 10.0\VC\bin\CL.exe /c /ZI /nologo /W3 /WX- /Od /Oy- /D WIN32 /D _DEBUG /D _CONSOLE /D _UNICODE /D UNICODE /Gm /EHsc /RTC1 /MDd /GS /fp:precise /Zc:wchar_t /Zc:forScope /Yu"StdAfx.h" /Fp"Debug\pro_lab5_cpp_vs10.pch" /Fo"Debug\\" /Fd"Debug\vc100.pdb" /Gd /TP /analyze- /errorReport:prompt pro_lab5_cpp_vs10.cpp
         pro_lab5_cpp_vs10.cpp
       Link:
         E:\Program Files (x86)\Microsoft Visual Studio 10.0\VC\bin\link.exe /ERRORREPORT:PROMPT /OUT:"E:\documents\Science\PRO\labs\Lab5\pro_lab5_cpp_vs10\Debug\pro_lab5_cpp_vs10.exe" /INCREMENTAL:NO /NOLOGO kernel32.lib user32.lib gdi32.lib winspool.lib comdlg32.lib advapi32.lib shell32.lib ole32.lib oleaut32.lib uuid.lib odbc32.lib odbccp32.lib /MANIFEST /ManifestFile:"Debug\pro_lab5_cpp_vs10.exe.intermediate.manifest" /MANIFESTUAC:"level='asInvoker' uiAccess='false'" /DEBUG /PDB:"E:\documents\Science\PRO\labs\Lab5\pro_lab5_cpp_vs10\Debug\pro_lab5_cpp_vs10.pdb" /SUBSYSTEM:CONSOLE /TLBID:1 /DYNAMICBASE /NXCOMPAT /IMPLIB:"E:\documents\Science\PRO\labs\Lab5\pro_lab5_cpp_vs10\Debug\pro_lab5_cpp_vs10.lib" /MACHINE:X86 Debug\pro_lab5_cpp_vs10.obj
         Debug\stdafx.obj
     1>pro_lab5_cpp_vs10.obj : warning LNK4075: ignoring '/EDITANDCONTINUE' due to '/INCREMENTAL:NO' specification
         pro_lab5_cpp_vs10.vcxproj -> E:\documents\Science\PRO\labs\Lab5\pro_lab5_cpp_vs10\Debug\pro_lab5_cpp_vs10.exe
       Manifest:
         C:\Program Files (x86)\Microsoft SDKs\Windows\v7.0A\bin\mt.exe /nologo /verbose /outputresource:"E:\documents\Science\PRO\labs\Lab5\pro_lab5_cpp_vs10\Debug\pro_lab5_cpp_vs10.exe;#1" /manifest Debug\pro_lab5_cpp_vs10.exe.intermediate.manifest
       FinalizeBuildStatus:
         Deleting file "Debug\pro_lab5_cpp_vs10.unsuccessfulbuild".
         Touching "Debug\pro_lab5_cpp_vs10.lastbuildstate".
     1>Done Building Project "E:\documents\Science\PRO\labs\Lab5\pro_lab5_cpp_vs10\pro_lab5_cpp_vs10\pro_lab5_cpp_vs10.vcxproj" (build target(s)).

Build succeeded.

Time Elapsed 00:00:01.61
