Построение начато 28.05.2014 18:16:06.
     1>Проект "C:\Users\User\documents\visual studio 2010\Projects\lab9C\lab9C\lab9C.vcxproj" в узле 2 (целевые объекты build).
     1>InitializeBuildStatus:
         Создание "Release\lab9C.unsuccessfulbuild", так как было задано "AlwaysCreate".
       _MASM:
       Целевой объект "_MASM" пропускается, так как все выходные файлы актуальны по отношению к входным.
       _MASM:
       Целевой объект "_MASM" пропускается, так как все выходные файлы актуальны по отношению к входным.
       _MASM:
       Целевой объект "_MASM" пропускается, так как все выходные файлы актуальны по отношению к входным.
       _MASM:
       Целевой объект "_MASM" пропускается, так как все выходные файлы актуальны по отношению к входным.
       ClCompile:
         Для всех выходных данных обновления не требуется.
         C:\Program Files (x86)\Microsoft Visual Studio 10.0\VC\bin\CL.exe /c /Zi /nologo /W3 /WX- /Od /Oi /Oy- /GL /D WIN32 /D NDEBUG /D _WINDOWS /D _MBCS /Gm- /EHsc /MD /GS /Gy /fp:precise /Zc:wchar_t /Zc:forScope /Yu"StdAfx.h" /Fp"Release\lab9C.pch" /Fo"Release\\" /Fd"Release\vc100.pdb" /Gd /TP /analyze- /errorReport:prompt lab9C.cpp
         lab9C.cpp
     1>lab9C.cpp(3): warning C4627: #include <ctime>: пропущен при поиске использования предкомпилированного заголовка
                 Добавление директивы в "StdAfx.h" или перестройка предкомпилированного заголовка
     1>lab9C.cpp(9): warning C4067: непредвиденные лексемы за директивой препроцессора, требуется newline
     1>lab9C.cpp(221): warning C4101: result3: неиспользованная локальная переменная
     1>lab9C.cpp(219): warning C4101: result1: неиспользованная локальная переменная
     1>lab9C.cpp(255): warning C4244: аргумент: преобразование "double" в "int", возможна потеря данных
     1>lab9C.cpp(255): warning C4996: '_itoa': This function or variable may be unsafe. Consider using _itoa_s instead. To disable deprecation, use _CRT_SECURE_NO_WARNINGS. See online help for details.
                 C:\Program Files (x86)\Microsoft Visual Studio 10.0\VC\include\stdlib.h(451): см. объявление "_itoa"
     1>lab9C.cpp(260): warning C4996: '_itoa': This function or variable may be unsafe. Consider using _itoa_s instead. To disable deprecation, use _CRT_SECURE_NO_WARNINGS. See online help for details.
                 C:\Program Files (x86)\Microsoft Visual Studio 10.0\VC\include\stdlib.h(451): см. объявление "_itoa"
       ResourceCompile:
         Для всех выходных данных обновления не требуется.
       Link:
         C:\Program Files (x86)\Microsoft Visual Studio 10.0\VC\bin\link.exe /ERRORREPORT:PROMPT /OUT:"C:\Users\User\documents\visual studio 2010\Projects\lab9C\Release\lab9C.exe" /INCREMENTAL:NO /NOLOGO kernel32.lib user32.lib gdi32.lib winspool.lib comdlg32.lib advapi32.lib shell32.lib ole32.lib oleaut32.lib uuid.lib odbc32.lib odbccp32.lib /MANIFEST /ManifestFile:"Release\lab9C.exe.intermediate.manifest" /MANIFESTUAC:"level='asInvoker' uiAccess='false'" /DEBUG /PDB:"C:\Users\User\documents\visual studio 2010\Projects\lab9C\Release\lab9C.pdb" /SUBSYSTEM:WINDOWS /OPT:REF /OPT:ICF /LTCG /TLBID:1 /DYNAMICBASE /NXCOMPAT /IMPLIB:"C:\Users\User\documents\visual studio 2010\Projects\lab9C\Release\lab9C.lib" /MACHINE:X86 Release\lab9C.res
         Release\lab9C.obj
         Release\stdafx.obj
         Release\longop.obj
         Release\module.obj
         Release\vectfpu.obj
         Release\vectsse.obj
         Создание кода
         Создание кода завершено
         lab9C.vcxproj -> C:\Users\User\documents\visual studio 2010\Projects\lab9C\Release\lab9C.exe
       Manifest:
         C:\Program Files (x86)\Microsoft SDKs\Windows\v7.0A\bin\mt.exe /nologo /verbose /outputresource:"C:\Users\User\documents\visual studio 2010\Projects\lab9C\Release\lab9C.exe;#1" /manifest Release\lab9C.exe.intermediate.manifest
       FinalizeBuildStatus:
         Файл "Release\lab9C.unsuccessfulbuild" удаляется.
         Обращение к "Release\lab9C.lastbuildstate".
     1>Построение проекта "C:\Users\User\documents\visual studio 2010\Projects\lab9C\lab9C\lab9C.vcxproj" завершено (целевые объекты build).

Построение успешно завершено.

Затраченное время: 00:00:00.57
