Построение начато 14.11.2011 18:48:23.
     1>Проект "C:\Users\RASAMAX\Documents\Visual Studio 2010\Projects C++\pro_laba_07\pro_laba_07.vcxproj" в узле 2 (целевые объекты build).
     1>InitializeBuildStatus:
         Создание "Release\pro_laba_07.unsuccessfulbuild", так как было задано "AlwaysCreate".
       ClCompile:
         Для всех выходных данных обновления не требуется.
         C:\Program Files\Microsoft Visual Studio 10.0\VC\bin\CL.exe /c /Zi /nologo /W3 /WX- /O2 /Oi /Oy- /GL /D WIN32 /D NDEBUG /D _CONSOLE /D _UNICODE /D UNICODE /Gm- /EHsc /MD /GS /Gy /fp:precise /Zc:wchar_t /Zc:forScope /Yu"StdAfx.h" /Fp"Release\pro_laba_07.pch" /Fo"Release\\" /Fd"Release\vc100.pdb" /Gd /TP /analyze- /errorReport:prompt pro_laba_07.cpp
         pro_laba_07.cpp
       Link:
         C:\Program Files\Microsoft Visual Studio 10.0\VC\bin\link.exe /ERRORREPORT:PROMPT /OUT:"C:\Users\RASAMAX\Documents\Visual Studio 2010\Projects C++\Release\pro_laba_07.exe" /INCREMENTAL:NO /NOLOGO msmpi.lib kernel32.lib user32.lib gdi32.lib winspool.lib comdlg32.lib advapi32.lib shell32.lib ole32.lib oleaut32.lib uuid.lib odbc32.lib odbccp32.lib /MANIFEST /ManifestFile:"Release\pro_laba_07.exe.intermediate.manifest" /MANIFESTUAC:"level='asInvoker' uiAccess='false'" /DEBUG /PDB:"C:\Users\RASAMAX\Documents\Visual Studio 2010\Projects C++\Release\pro_laba_07.pdb" /SUBSYSTEM:CONSOLE /OPT:REF /OPT:ICF /LTCG /TLBID:1 /DYNAMICBASE /NXCOMPAT /IMPLIB:"C:\Users\RASAMAX\Documents\Visual Studio 2010\Projects C++\Release\pro_laba_07.lib" /MACHINE:X86 Release\pro_laba_07.obj
         Release\stdafx.obj
         Создание кода
         Создание кода завершено
         pro_laba_07.vcxproj -> C:\Users\RASAMAX\Documents\Visual Studio 2010\Projects C++\Release\pro_laba_07.exe
       Manifest:
         C:\Program Files\Microsoft SDKs\Windows\v7.0A\bin\mt.exe /nologo /verbose /outputresource:"C:\Users\RASAMAX\Documents\Visual Studio 2010\Projects C++\Release\pro_laba_07.exe;#1" /manifest Release\pro_laba_07.exe.intermediate.manifest
       FinalizeBuildStatus:
         Файл "Release\pro_laba_07.unsuccessfulbuild" удаляется.
         Обращение к "Release\pro_laba_07.lastbuildstate".
     1>Построение проекта "C:\Users\RASAMAX\Documents\Visual Studio 2010\Projects C++\pro_laba_07\pro_laba_07.vcxproj" завершено (целевые объекты build).

Построение успешно завершено.

Затраченное время: 00:00:01.22
