Build started 5/24/2015 12:47:36 PM.
     1>Project "C:\Users\viktor\Documents\Visual Studio 2013\Projects\LABa9SP\LABa9SP\LABa9SP.vcxproj" on node 2 (Rebuild target(s)).
     1>_MASM:
         Assembling longop.asm...
         cmd.exe /C "C:\Users\viktor\AppData\Local\Temp\tmpac5a24aae8fa4cbe80749a4557ab9d1d.cmd"
         ml.exe /c /nologo /Zi /Fo"Debug\longop.obj" /W3 /errorReport:prompt  /Talongop.asm
       _MASM:
         Assembling main9.asm...
         cmd.exe /C "C:\Users\viktor\AppData\Local\Temp\tmp2a824ee83313498faa0f7ce3cdab1fe3.cmd"
         ml.exe /c /nologo /Zi /Fo"Debug\main9.obj" /W3 /errorReport:prompt  /Tamain9.asm
       _MASM:
         Assembling module.asm...
         cmd.exe /C "C:\Users\viktor\AppData\Local\Temp\tmpbe37c31b9d504f6981e5de80ea7dbd04.cmd"
         ml.exe /c /nologo /Zi /Fo"Debug\module.obj" /W3 /errorReport:prompt  /Tamodule.asm
       Link:
         C:\Program Files (x86)\Microsoft Visual Studio 12.0\VC\bin\link.exe /ERRORREPORT:PROMPT /OUT:"C:\Users\viktor\Documents\Visual Studio 2013\Projects\LABa9SP\Debug\LABa9SP.exe" /INCREMENTAL /NOLOGO kernel32.lib user32.lib gdi32.lib winspool.lib comdlg32.lib advapi32.lib shell32.lib ole32.lib oleaut32.lib uuid.lib odbc32.lib odbccp32.lib /MANIFEST /MANIFESTUAC:"level='asInvoker' uiAccess='false'" /manifest:embed /DEBUG /PDB:"C:\Users\viktor\Documents\Visual Studio 2013\Projects\LABa9SP\Debug\LABa9SP.pdb" /SUBSYSTEM:WINDOWS /TLBID:1 /ENTRY:"main" /DYNAMICBASE /NXCOMPAT /IMPLIB:"C:\Users\viktor\Documents\Visual Studio 2013\Projects\LABa9SP\Debug\LABa9SP.lib" /MACHINE:X86 Debug\longop.obj
         Debug\main9.obj
         Debug\module.obj
         LABa9SP.vcxproj -> C:\Users\viktor\Documents\Visual Studio 2013\Projects\LABa9SP\Debug\LABa9SP.exe
     1>Done Building Project "C:\Users\viktor\Documents\Visual Studio 2013\Projects\LABa9SP\LABa9SP\LABa9SP.vcxproj" (Rebuild target(s)).

Build succeeded.

Time Elapsed 00:00:00.72
