f:\документы\учебники\сп-2\лабы\lab3\lab3\debug\vc140.pdb
f:\документы\учебники\сп-2\лабы\lab3\lab3\debug\vc140.idb
f:\документы\учебники\сп-2\лабы\lab3\lab3\debug\automat.obj
f:\документы\учебники\сп-2\лабы\lab3\lab3\debug\lab3.obj
f:\документы\учебники\сп-2\лабы\lab3\lab3\debug\stdafx.obj
f:\документы\учебники\сп-2\лабы\lab3\lab3\debug\tables.obj
f:\документы\учебники\сп-2\лабы\lab3\lab3\debug\parsv.obj
f:\документы\учебники\сп-2\лабы\lab3\lab3\debug\parsp.obj
f:\документы\учебники\сп-2\лабы\lab3\lab3\debug\parsc.obj
f:\документы\учебники\сп-2\лабы\lab3\lab3\debug\index.obj
f:\документы\учебники\сп-2\лабы\lab3\lab3\debug\langio.obj
f:\документы\учебники\сп-2\лабы\lab3\lab3\debug\lexan.obj
f:\документы\учебники\сп-2\лабы\lab3\lab3\debug\visgrp.obj
f:\документы\учебники\сп-2\лабы\lab3\lab3\debug\lab3.ilk
f:\документы\учебники\сп-2\лабы\lab3\lab3\debug\lab3.exe
f:\документы\учебники\сп-2\лабы\lab3\lab3\debug\lab3.pdb
f:\документы\учебники\сп-2\лабы\lab3\lab3\debug\lab3.tlog\cl.command.1.tlog
f:\документы\учебники\сп-2\лабы\lab3\lab3\debug\lab3.tlog\cl.read.1.tlog
f:\документы\учебники\сп-2\лабы\lab3\lab3\debug\lab3.tlog\cl.write.1.tlog
f:\документы\учебники\сп-2\лабы\lab3\lab3\debug\lab3.tlog\link.command.1.tlog
f:\документы\учебники\сп-2\лабы\lab3\lab3\debug\lab3.tlog\link.read.1.tlog
f:\документы\учебники\сп-2\лабы\lab3\lab3\debug\lab3.tlog\link.write.1.tlog
