Project Information                  c:\univer\circuits\pmalab4\output0xxx.rpt

MAX+plus II Compiler Report File
Version 10.1 06/12/2001
Compiled: 11/09/2009 16:42:38

Copyright (C) 1988-2001 Altera Corporation
Any megafunction design, and related net list (encrypted or decrypted),
support information, device programming or simulation file, and any other
associated documentation or information provided by Altera or a partner
under Altera's Megafunction Partnership Program may be used only to
program PLD devices (but not masked PLD devices) from Altera.  Any other
use of such megafunction design, net list, support information, device
programming or simulation file, or any other related documentation or
information is prohibited for any other purpose, including, but not
limited to modification, reverse engineering, de-compiling, or use with
any other silicon devices, unless such use is explicitly licensed under
a separate agreement with Altera or a megafunction partner.  Title to
the intellectual property, including patents, copyrights, trademarks,
trade secrets, or maskworks, embodied in any such megafunction design,
net list, support information, device programming or simulation file, or
any other related documentation or information provided by Altera or a
megafunction partner, remains with Altera, the megafunction partner, or
their respective licensors.  No other licenses, including any licenses
needed under any third party's intellectual property, are provided herein.



***** Project compilation was successful




** DEVICE SUMMARY **

Chip/                     Input   Output   Bidir         Shareable
POF       Device          Pins    Pins     Pins     LCs  Expanders  % Utilized

output0xxx
      EPM7032LC44-6        12       1        0      1       8           3  %

User Pins:                 12       1        0  



Project Information                  c:\univer\circuits\pmalab4\output0xxx.rpt

** AUTO GLOBAL SIGNALS **



INFO: Signal 'adr3' chosen for auto global Output Enable


Project Information                  c:\univer\circuits\pmalab4\output0xxx.rpt

** FILE HIERARCHY **



|out_not_out:40|
|out_not_out:39|
|out_not_out:38|
|out_not_out:37|


Device-Specific Information:         c:\univer\circuits\pmalab4\output0xxx.rpt
output0xxx

***** Logic for device 'output0xxx' compiled without errors.




Device: EPM7032LC44-6

Device Options:
    Turbo Bit                                    = ON
    Security Bit                                 = OFF

                                            R  
                                            E  
                                            S  
                                            E  
                    a           a           R  
                    d  V  G  G  d  G  G     V  
              M  M  r  C  N  N  r  N  N  B  E  
              5  6  0  C  D  D  3  D  D  I  D  
            -----------------------------------_ 
          /   6  5  4  3  2  1 44 43 42 41 40   | 
      M4 |  7                                39 | RESERVED 
      M3 |  8                                38 | RESERVED 
      M2 |  9                                37 | RESERVED 
     GND | 10                                36 | RESERVED 
      M1 | 11                                35 | VCC 
      M0 | 12         EPM7032LC44-6          34 | RESERVED 
    adr2 | 13                                33 | RESERVED 
    adr1 | 14                                32 | RESERVED 
     VCC | 15                                31 | RESERVED 
      M7 | 16                                30 | GND 
RESERVED | 17                                29 | RESERVED 
         |_  18 19 20 21 22 23 24 25 26 27 28  _| 
           ------------------------------------ 
              R  R  R  R  G  V  R  R  R  R  R  
              E  E  E  E  N  C  E  E  E  E  E  
              S  S  S  S  D  C  S  S  S  S  S  
              E  E  E  E        E  E  E  E  E  
              R  R  R  R        R  R  R  R  R  
              V  V  V  V        V  V  V  V  V  
              E  E  E  E        E  E  E  E  E  
              D  D  D  D        D  D  D  D  D  


N.C. = No Connect. This pin has no internal connection to the device.
VCC = Dedicated power pin, which MUST be connected to VCC.
GND = Dedicated ground pin or unused dedicated input, which MUST be connected to GND.
RESERVED = Unused I/O pin, which MUST be left unconnected.



Device-Specific Information:         c:\univer\circuits\pmalab4\output0xxx.rpt
output0xxx

** RESOURCE USAGE **

                                                Shareable     External
Logic Array Block     Logic Cells   I/O Pins    Expanders   Interconnect

A:     LC1 - LC16     0/16(  0%)  11/16( 68%)   0/16(  0%)   0/36(  0%) 
B:    LC17 - LC32     1/16(  6%)   1/16(  6%)   8/16( 50%)  11/36( 30%) 


Total dedicated input pins used:                 1/4      ( 25%)
Total I/O pins used:                            12/32     ( 37%)
Total logic cells used:                          1/32     (  3%)
Total shareable expanders used:                  8/32     ( 25%)
Total Turbo logic cells used:                    1/32     (  3%)
Total shareable expanders not available (n/a):   0/32     (  0%)
Average fan-in:                                  12.00
Total fan-in:                                    12

Total input pins required:                      12
Total output pins required:                      1
Total bidirectional pins required:               0
Total logic cells required:                      1
Total flipflops required:                        0
Total product terms required:                    9
Total logic cells lending parallel expanders:    0
Total shareable expanders in database:           8

Synthesized logic cells:                         0/  32   (  0%)



Device-Specific Information:         c:\univer\circuits\pmalab4\output0xxx.rpt
output0xxx

** INPUTS **

                                         Shareable
                                         Expanders     Fan-In    Fan-Out
 Pin     LC  LAB  Primitive    Code   Total Shared n/a INP  FBK  OUT  FBK  Name
   4    (1)  (A)      INPUT               0      0   0    0    0    1    0  adr0
  14   (10)  (A)      INPUT               0      0   0    0    0    1    0  adr1
  13    (9)  (A)      INPUT               0      0   0    0    0    1    0  adr2
  44      -   -       INPUT  G            0      0   0    0    0    0    0  adr3
  12    (8)  (A)      INPUT               0      0   0    0    0    1    0  M0
  11    (7)  (A)      INPUT               0      0   0    0    0    1    0  M1
   9    (6)  (A)      INPUT               0      0   0    0    0    1    0  M2
   8    (5)  (A)      INPUT               0      0   0    0    0    1    0  M3
   7    (4)  (A)      INPUT               0      0   0    0    0    1    0  M4
   6    (3)  (A)      INPUT               0      0   0    0    0    1    0  M5
   5    (2)  (A)      INPUT               0      0   0    0    0    1    0  M6
  16   (11)  (A)      INPUT               0      0   0    0    0    1    0  M7


Code:

s = Synthesized pin or logic cell
t = Turbo logic cell
+ = Synchronous flipflop
! = NOT gate push-back
r = Fitter-inserted logic cell
G = Global Source. Fan-out destinations counted here do not include destinations
that are driven using global routing resources. Refer to the Auto Global Signals,
Clock Signals, Clear Signals, Synchronous Load Signals, and Synchronous Clear Signals
Sections of this Report File for information on which signals' fan-outs are used as
Clock, Clear, Preset, Output Enable, and synchronous Load signals.


Device-Specific Information:         c:\univer\circuits\pmalab4\output0xxx.rpt
output0xxx

** OUTPUTS **

                                         Shareable
                                         Expanders     Fan-In    Fan-Out
 Pin     LC  LAB  Primitive    Code   Total Shared n/a INP  FBK  OUT  FBK  Name
  41     17    B        TRI      t        8      0   0   11    0    0    0  BI


Code:

s = Synthesized pin or logic cell
t = Turbo logic cell
+ = Synchronous flipflop
! = NOT gate push-back
r = Fitter-inserted logic cell


Device-Specific Information:         c:\univer\circuits\pmalab4\output0xxx.rpt
output0xxx

** LOGIC CELL INTERCONNECTIONS **

Logic Array Block 'B':

           Logic cells placed in LAB 'B'
        +- LC17 BI
        | 
        |   Other LABs fed by signals
        |   that feed LAB 'B'
LC      | | A B |     Logic cells that feed LAB 'B':

Pin
4    -> * | - * | <-- adr0
14   -> * | - * | <-- adr1
13   -> * | - * | <-- adr2
44   -> - | - - | <-- adr3
12   -> * | - * | <-- M0
11   -> * | - * | <-- M1
9    -> * | - * | <-- M2
8    -> * | - * | <-- M3
7    -> * | - * | <-- M4
6    -> * | - * | <-- M5
5    -> * | - * | <-- M6
16   -> * | - * | <-- M7


* = The logic cell or pin is an input to the logic cell (or LAB) through the PIA.
- = The logic cell or pin is not an input to the logic cell (or LAB).


Device-Specific Information:         c:\univer\circuits\pmalab4\output0xxx.rpt
output0xxx

** EQUATIONS **

adr0     : INPUT;
adr1     : INPUT;
adr2     : INPUT;
adr3     : INPUT;
M0       : INPUT;
M1       : INPUT;
M2       : INPUT;
M3       : INPUT;
M4       : INPUT;
M5       : INPUT;
M6       : INPUT;
M7       : INPUT;

-- Node name is 'BI' 
-- Equation name is 'BI', location is LC017, type is output.
BI       = TRI(_LC017, GLOBAL(!adr3));
_LC017   = LCELL( _EQ001 $  VCC);
  _EQ001 =  _X001 &  _X002 &  _X003 &  _X004 &  _X005 &  _X006 &  _X007 & 
              _X008;
  _X001  = EXP( adr0 &  adr1 & !adr2 &  M3);
  _X002  = EXP( adr0 &  adr1 &  adr2 &  M7);
  _X003  = EXP( adr0 & !adr1 &  adr2 &  M5);
  _X004  = EXP(!adr0 &  adr1 &  adr2 &  M6);
  _X005  = EXP( adr0 & !adr1 & !adr2 &  M1);
  _X006  = EXP(!adr0 &  adr1 & !adr2 &  M2);
  _X007  = EXP(!adr0 & !adr1 &  adr2 &  M4);
  _X008  = EXP(!adr0 & !adr1 & !adr2 &  M0);



--     Shareable expanders that are duplicated in multiple LABs:
--     (none)




Project Information                  c:\univer\circuits\pmalab4\output0xxx.rpt

** COMPILATION SETTINGS & TIMES **

Processing Menu Commands
------------------------

Design Doctor                             = off

Logic Synthesis:

   Synthesis Type Used                    = Standard

   Default Synthesis Style                = NORMAL

      Logic option settings in 'NORMAL' style for 'MAX7000' family

      DECOMPOSE_GATES                     = on
      DUPLICATE_LOGIC_EXTRACTION          = on
      MINIMIZATION                        = full
      MULTI_LEVEL_FACTORING               = on
      NOT_GATE_PUSH_BACK                  = on
      PARALLEL_EXPANDERS                  = off
      REDUCE_LOGIC                        = on
      REFACTORIZATION                     = on
      REGISTER_OPTIMIZATION               = on
      RESYNTHESIZE_NETWORK                = on
      SLOW_SLEW_RATE                      = off
      SOFT_BUFFER_INSERTION               = on
      SUBFACTOR_EXTRACTION                = on
      TURBO_BIT                           = on
      XOR_SYNTHESIS                       = on
      IGNORE_SOFT_BUFFERS                 = off
      USE_LPM_FOR_AHDL_OPERATORS          = off

   Other logic synthesis settings:

      Automatic Global Clock              = on
      Automatic Global Clear              = on
      Automatic Global Preset             = on
      Automatic Global Output Enable      = on
      Automatic Fast I/O                  = off
      Automatic Register Packing          = off
      Automatic Open-Drain Pins           = on
      Automatic Implement in EAB          = off
      One-Hot State Machine Encoding      = off
      Optimize                            = 5

Default Timing Specifications: None

Cut All Bidir Feedback Timing Paths       = on
Cut All Clear & Preset Timing Paths       = on

Ignore Timing Assignments                 = off

Functional SNF Extractor                  = off

Linked SNF Extractor                      = off
Timing SNF Extractor                      = on
Optimize Timing SNF                       = off
Generate AHDL TDO File                    = off
Fitter Settings                           = NORMAL
Smart Recompile                           = off
Total Recompile                           = off

Interfaces Menu Commands
------------------------

EDIF Netlist Writer                       = off
Verilog Netlist Writer                    = off
VHDL Netlist Writer                       = off

Compilation Times
-----------------

   Compiler Netlist Extractor             00:00:00
   Database Builder                       00:00:00
   Logic Synthesizer                      00:00:00
   Partitioner                            00:00:01
   Fitter                                 00:00:00
   Timing SNF Extractor                   00:00:00
   Assembler                              00:00:00
   --------------------------             --------
   Total Time                             00:00:01


Memory Allocated
-----------------

Peak memory allocated during compilation  = 3,295K
