Project Information                      c:\univer\circuits\pmalab4\symbol.rpt

MAX+plus II Compiler Report File
Version 10.1 06/12/2001
Compiled: 11/19/2009 16:45:44

Copyright (C) 1988-2001 Altera Corporation
Any megafunction design, and related net list (encrypted or decrypted),
support information, device programming or simulation file, and any other
associated documentation or information provided by Altera or a partner
under Altera's Megafunction Partnership Program may be used only to
program PLD devices (but not masked PLD devices) from Altera.  Any other
use of such megafunction design, net list, support information, device
programming or simulation file, or any other related documentation or
information is prohibited for any other purpose, including, but not
limited to modification, reverse engineering, de-compiling, or use with
any other silicon devices, unless such use is explicitly licensed under
a separate agreement with Altera or a megafunction partner.  Title to
the intellectual property, including patents, copyrights, trademarks,
trade secrets, or maskworks, embodied in any such megafunction design,
net list, support information, device programming or simulation file, or
any other related documentation or information provided by Altera or a
megafunction partner, remains with Altera, the megafunction partner, or
their respective licensors.  No other licenses, including any licenses
needed under any third party's intellectual property, are provided herein.



***** Project compilation was successful




** DEVICE SUMMARY **

Chip/                     Input   Output   Bidir         Shareable
POF       Device          Pins    Pins     Pins     LCs  Expanders  % Utilized

symbol    EPM7064LC44-7    12       2        0      35      47          54 %

User Pins:                 12       2        0  



Project Information                      c:\univer\circuits\pmalab4\symbol.rpt

** FILE HIERARCHY **



|fm_trigger:10|
|fm_trigger:227|
|fm_trigger:226|
|fm_trigger:225|
|fm_trigger:224|
|fm_trigger:223|
|fm_trigger:222|
|fm_trigger:221|
|fm_trigger:220|
|fm_trigger:219|
|fm_trigger:218|
|fm_trigger:217|
|output0xxx:198|
|output0xxx:198|out_not_out:40|
|output0xxx:198|out_not_out:39|
|output0xxx:198|out_not_out:38|
|output0xxx:198|out_not_out:37|
|output0xxx:201|
|output0xxx:201|out_not_out:40|
|output0xxx:201|out_not_out:39|
|output0xxx:201|out_not_out:38|
|output0xxx:201|out_not_out:37|
|output1xxx:199|
|output1xxx:199|out_not_out:2|
|output1xxx:199|out_not_out:3|
|output1xxx:199|out_not_out:4|
|output1xxx:199|out_not_out:5|
|output1xxx:200|
|output1xxx:200|out_not_out:2|
|output1xxx:200|out_not_out:3|
|output1xxx:200|out_not_out:4|
|output1xxx:200|out_not_out:5|
|bit0000:204|
|bit0000:204|and5:18|
|bit0000:204|out_not_out:20|
|bit0000:204|out_not_out:23|
|bit0000:204|out_not_out:22|
|bit0000:204|out_not_out:21|
|bit0000:205|
|bit0000:205|and5:18|
|bit0000:205|out_not_out:20|
|bit0000:205|out_not_out:23|
|bit0000:205|out_not_out:22|
|bit0000:205|out_not_out:21|
|bit0001:215|
|bit0001:215|and5:18|
|bit0001:215|out_not_out:20|
|bit0001:215|out_not_out:23|
|bit0001:215|out_not_out:22|
|bit0001:215|out_not_out:21|
|bit0001:216|
|bit0001:216|and5:18|
|bit0001:216|out_not_out:20|
|bit0001:216|out_not_out:23|
|bit0001:216|out_not_out:22|
|bit0001:216|out_not_out:21|
|bit0010:228|
|bit0010:228|and5:18|
|bit0010:228|out_not_out:20|
|bit0010:228|out_not_out:23|
|bit0010:228|out_not_out:22|
|bit0010:228|out_not_out:21|
|bit0010:229|
|bit0010:229|and5:18|
|bit0010:229|out_not_out:20|
|bit0010:229|out_not_out:23|
|bit0010:229|out_not_out:22|
|bit0010:229|out_not_out:21|
|bit0011:233|
|bit0011:233|and5:18|
|bit0011:233|out_not_out:20|
|bit0011:233|out_not_out:23|
|bit0011:233|out_not_out:22|
|bit0011:233|out_not_out:21|
|bit0011:234|
|bit0011:234|and5:18|
|bit0011:234|out_not_out:20|
|bit0011:234|out_not_out:23|
|bit0011:234|out_not_out:22|
|bit0011:234|out_not_out:21|
|bit0100:235|
|bit0100:235|and5:18|
|bit0100:235|out_not_out:20|
|bit0100:235|out_not_out:23|
|bit0100:235|out_not_out:22|
|bit0100:235|out_not_out:21|
|bit0100:236|
|bit0100:236|and5:18|
|bit0100:236|out_not_out:20|
|bit0100:236|out_not_out:23|
|bit0100:236|out_not_out:22|
|bit0100:236|out_not_out:21|
|bit0101:237|
|bit0101:237|and5:18|
|bit0101:237|out_not_out:20|
|bit0101:237|out_not_out:23|
|bit0101:237|out_not_out:22|
|bit0101:237|out_not_out:21|
|bit0101:238|
|bit0101:238|and5:18|
|bit0101:238|out_not_out:20|
|bit0101:238|out_not_out:23|
|bit0101:238|out_not_out:22|
|bit0101:238|out_not_out:21|
|bit0110:239|
|bit0110:239|and5:18|
|bit0110:239|out_not_out:20|
|bit0110:239|out_not_out:23|
|bit0110:239|out_not_out:22|
|bit0110:239|out_not_out:21|
|bit0110:240|
|bit0110:240|and5:18|
|bit0110:240|out_not_out:20|
|bit0110:240|out_not_out:23|
|bit0110:240|out_not_out:22|
|bit0110:240|out_not_out:21|
|bit0111:241|
|bit0111:241|and5:18|
|bit0111:241|out_not_out:20|
|bit0111:241|out_not_out:23|
|bit0111:241|out_not_out:22|
|bit0111:241|out_not_out:21|
|bit0111:243|
|bit0111:243|and5:18|
|bit0111:243|out_not_out:20|
|bit0111:243|out_not_out:23|
|bit0111:243|out_not_out:22|
|bit0111:243|out_not_out:21|
|bit1000:244|
|bit1000:244|and5:18|
|bit1000:244|out_not_out:20|
|bit1000:244|out_not_out:23|
|bit1000:244|out_not_out:22|
|bit1000:244|out_not_out:21|
|bit1000:245|
|bit1000:245|and5:18|
|bit1000:245|out_not_out:20|
|bit1000:245|out_not_out:23|
|bit1000:245|out_not_out:22|
|bit1000:245|out_not_out:21|
|bit1001:246|
|bit1001:246|and5:18|
|bit1001:246|out_not_out:20|
|bit1001:246|out_not_out:23|
|bit1001:246|out_not_out:22|
|bit1001:246|out_not_out:21|
|bit1001:247|
|bit1001:247|and5:18|
|bit1001:247|out_not_out:20|
|bit1001:247|out_not_out:23|
|bit1001:247|out_not_out:22|
|bit1001:247|out_not_out:21|
|bit1010:248|
|bit1010:248|and5:18|
|bit1010:248|out_not_out:20|
|bit1010:248|out_not_out:23|
|bit1010:248|out_not_out:22|
|bit1010:248|out_not_out:21|
|bit1010:249|
|bit1010:249|and5:18|
|bit1010:249|out_not_out:20|
|bit1010:249|out_not_out:23|
|bit1010:249|out_not_out:22|
|bit1010:249|out_not_out:21|
|bit1011:250|
|bit1011:250|and5:18|
|bit1011:250|out_not_out:20|
|bit1011:250|out_not_out:23|
|bit1011:250|out_not_out:22|
|bit1011:250|out_not_out:21|
|bit1011:251|
|bit1011:251|and5:18|
|bit1011:251|out_not_out:20|
|bit1011:251|out_not_out:23|
|bit1011:251|out_not_out:22|
|bit1011:251|out_not_out:21|


Device-Specific Information:             c:\univer\circuits\pmalab4\symbol.rpt
symbol

***** Logic for device 'symbol' compiled without errors.




Device: EPM7064LC44-7

Device Options:
    Turbo Bit                                    = ON
    Security Bit                                 = OFF

                                         R  R  
                                         E  E  
                                         S  S  
                                         E  E  
                                         R  R  
              Q     D  V  G  G  G  G  G  V  V  
              a  W  a  C  N  N  N  N  N  E  E  
              3  D  3  C  D  D  D  D  D  D  D  
            -----------------------------------_ 
          /   6  5  4  3  2  1 44 43 42 41 40   | 
     Qa2 |  7                                39 | RESERVED 
     Qa1 |  8                                38 | RESERVED 
     Qa0 |  9                                37 | RESERVED 
     GND | 10                                36 | RESERVED 
      WQ | 11                                35 | VCC 
     Da0 | 12         EPM7064LC44-7          34 | RESERVED 
RESERVED | 13                                33 | RESERVED 
    Dout | 14                                32 | RESERVED 
     VCC | 15                                31 | RESERVED 
RESERVED | 16                                30 | GND 
    Qout | 17                                29 | RESERVED 
         |_  18 19 20 21 22 23 24 25 26 27 28  _| 
           ------------------------------------ 
              D  Q  D  D  G  V  R  R  R  R  R  
              i  i  a  a  N  C  E  E  E  E  E  
              n  n  2  1  D  C  S  S  S  S  S  
                                E  E  E  E  E  
                                R  R  R  R  R  
                                V  V  V  V  V  
                                E  E  E  E  E  
                                D  D  D  D  D  


N.C. = No Connect. This pin has no internal connection to the device.
VCC = Dedicated power pin, which MUST be connected to VCC.
GND = Dedicated ground pin or unused dedicated input, which MUST be connected to GND.
RESERVED = Unused I/O pin, which MUST be left unconnected.



Device-Specific Information:             c:\univer\circuits\pmalab4\symbol.rpt
symbol

** RESOURCE USAGE **

                                                Shareable     External
Logic Array Block     Logic Cells   I/O Pins    Expanders   Interconnect

A:     LC1 - LC16    10/16( 62%)   8/ 8(100%)  13/16( 81%)  25/36( 69%) 
B:    LC17 - LC32     8/16( 50%)   6/ 8( 75%)   9/16( 56%)  26/36( 72%) 
C:    LC33 - LC48    11/16( 68%)   0/ 8(  0%)  16/16(100%)  22/36( 61%) 
D:    LC49 - LC64     6/16( 37%)   0/ 8(  0%)  15/16( 93%)  28/36( 77%) 


Total dedicated input pins used:                 0/4      (  0%)
Total I/O pins used:                            14/32     ( 43%)
Total logic cells used:                         35/64     ( 54%)
Total shareable expanders used:                 47/64     ( 73%)
Total Turbo logic cells used:                   35/64     ( 54%)
Total shareable expanders not available (n/a):   6/64     (  9%)
Average fan-in:                                  10.00
Total fan-in:                                   350

Total input pins required:                      12
Total output pins required:                      2
Total bidirectional pins required:               0
Total logic cells required:                     35
Total flipflops required:                       12
Total product terms required:                  151
Total logic cells lending parallel expanders:    0
Total shareable expanders in database:          29

Synthesized logic cells:                        21/  64   ( 32%)



Device-Specific Information:             c:\univer\circuits\pmalab4\symbol.rpt
symbol

** INPUTS **

                                         Shareable
                                         Expanders     Fan-In    Fan-Out
 Pin     LC  LAB  Primitive    Code   Total Shared n/a INP  FBK  OUT  FBK  Name
  12    (1)  (A)      INPUT               0      0   0    0    0    1   20  Da0
  21   (17)  (B)      INPUT               0      0   0    0    0    1   20  Da1
  20   (19)  (B)      INPUT               0      0   0    0    0    0   22  Da2
   4   (16)  (A)      INPUT               0      0   0    0    0    1   22  Da3
  18   (21)  (B)      INPUT               0      0   0    0    0    0   12  Din
   9    (4)  (A)      INPUT               0      0   0    0    0    1   20  Qa0
   8    (5)  (A)      INPUT               0      0   0    0    0    1   20  Qa1
   7    (8)  (A)      INPUT               0      0   0    0    0    0   22  Qa2
   6   (11)  (A)      INPUT               0      0   0    0    0    1   22  Qa3
  19   (20)  (B)      INPUT               0      0   0    0    0    0   12  Qin
   5   (14)  (A)      INPUT               0      0   0    0    0    0   20  WD
  11    (3)  (A)      INPUT               0      0   0    0    0    0   20  WQ


Code:

s = Synthesized pin or logic cell
t = Turbo logic cell
+ = Synchronous flipflop
! = NOT gate push-back
r = Fitter-inserted logic cell


Device-Specific Information:             c:\univer\circuits\pmalab4\symbol.rpt
symbol

** OUTPUTS **

                                         Shareable
                                         Expanders     Fan-In    Fan-Out
 Pin     LC  LAB  Primitive    Code   Total Shared n/a INP  FBK  OUT  FBK  Name
  14     30    B     OUTPUT      t        2      0   0    3    4    0    0  Dout
  17     24    B     OUTPUT      t        2      0   0    3    4    0    0  Qout


Code:

s = Synthesized pin or logic cell
t = Turbo logic cell
+ = Synchronous flipflop
! = NOT gate push-back
r = Fitter-inserted logic cell


Device-Specific Information:             c:\univer\circuits\pmalab4\symbol.rpt
symbol

** BURIED LOGIC **

                                         Shareable
                                         Expanders     Fan-In    Fan-Out
 Pin     LC  LAB  Primitive    Code   Total Shared n/a INP  FBK  OUT  FBK  Name
 (11)     3    A       SOFT    s t        0      0   0    4    0    0    8  |fm_trigger:10|~6~1
   -     22    B       SOFT    s t        0      0   0    4    0    0    4  |fm_trigger:10|~6~2
   -      6    A       SOFT    s t        0      0   0    4    0    0    4  |fm_trigger:10|~6~3
  (9)     4    A       SOFT    s t        0      0   0    4    0    0    4  |fm_trigger:10|~6~4
 (33)    49    D       DFFE      t        3      3   0   12    9    0    2  |fm_trigger:10|Q (|fm_trigger:10|:9)
   -      9    A       SOFT    s t        0      0   0    4    0    0    4  |fm_trigger:217|~6~1
   -     58    D       DFFE      t        3      3   0   12    9    0    2  |fm_trigger:217|Q (|fm_trigger:217|:9)
  (6)    11    A       SOFT    s t        0      0   0    4    0    0    4  |fm_trigger:218|~6~1
   -     10    A       DFFE      t        3      3   0   12    9    0    2  |fm_trigger:218|Q (|fm_trigger:218|:9)
 (39)    57    D       DFFE      t        3      3   0   12    9    0    2  |fm_trigger:219|Q (|fm_trigger:219|:9)
   -     26    B       SOFT    s t        1      0   1    6    0    0    4  |fm_trigger:220|~6~1
 (38)    56    D       DFFE      t        7      7   0   12    6    0    2  |fm_trigger:220|Q (|fm_trigger:220|:9)
   -      7    A       DFFE      t        7      7   0   12    6    0    2  |fm_trigger:221|Q (|fm_trigger:221|:9)
   -     50    D       DFFE      t        7      7   0   12    6    0    2  |fm_trigger:222|Q (|fm_trigger:222|:9)
   -      2    A       SOFT    s t        0      0   0    4    0    0    6  |fm_trigger:223|~6~1
 (12)     1    A       SOFT    s t        0      0   0    4    0    0    4  |fm_trigger:223|~6~2
 (29)    41    C       DFFE      t        7      7   0   12    6    0    2  |fm_trigger:223|Q (|fm_trigger:223|:9)
   -     12    A       DFFE      t        7      7   0   12    6    0    2  |fm_trigger:224|Q (|fm_trigger:224|:9)
 (24)    33    C       SOFT    s t        0      0   0    4    0    0    6  |fm_trigger:225|~6~1
   -     34    C       SOFT    s t        0      0   0    4    0    0    4  |fm_trigger:225|~6~2
   -     43    C       DFFE      t        7      7   0   12    6    2    0  |fm_trigger:225|Q (|fm_trigger:225|:9)
   -     61    D       DFFE      t        7      7   0   12    6    0    2  |fm_trigger:226|Q (|fm_trigger:226|:9)
 (25)    35    C       SOFT    s t        0      0   0    4    0    0    6  |fm_trigger:227|~6~1
   -     39    C       SOFT    s t        0      0   0    4    0    0    6  |fm_trigger:227|~6~2
 (26)    36    C       SOFT    s t        0      0   0    4    0    0    8  |fm_trigger:227|~6~3
 (32)    48    C       SOFT    s t        1      0   1    6    0    0    4  |fm_trigger:227|~6~4
   -     38    C       SOFT    s t        0      0   0    4    0    0    4  |fm_trigger:227|~6~5
 (27)    37    C       SOFT    s t        0      0   0    4    0    0    4  |fm_trigger:227|~6~6
 (28)    40    C       DFFE      t        7      7   0   12    6    2    0  |fm_trigger:227|Q (|fm_trigger:227|:9)
 (21)    17    B       SOFT    s t        1      0   1    4    5    1    0  |output0xxx:198|~6~1~3~2
   -     18    B       SOFT    s t        1      0   1    4    5    1    0  |output0xxx:198|~6~1~3~3
 (16)    25    B       SOFT    s t        1      0   1    4    5    1    0  |output0xxx:201|~6~1~3~2
 (20)    19    B       SOFT    s t        1      0   1    4    5    1    0  |output0xxx:201|~6~1~3~3


Code:

s = Synthesized pin or logic cell
t = Turbo logic cell
+ = Synchronous flipflop
! = NOT gate push-back
r = Fitter-inserted logic cell


Device-Specific Information:             c:\univer\circuits\pmalab4\symbol.rpt
symbol

** LOGIC CELL INTERCONNECTIONS **

Logic Array Block 'A':

                             Logic cells placed in LAB 'A'
        +------------------- LC3 |fm_trigger:10|~6~1
        | +----------------- LC6 |fm_trigger:10|~6~3
        | | +--------------- LC4 |fm_trigger:10|~6~4
        | | | +------------- LC9 |fm_trigger:217|~6~1
        | | | | +----------- LC11 |fm_trigger:218|~6~1
        | | | | | +--------- LC10 |fm_trigger:218|Q
        | | | | | | +------- LC7 |fm_trigger:221|Q
        | | | | | | | +----- LC2 |fm_trigger:223|~6~1
        | | | | | | | | +--- LC1 |fm_trigger:223|~6~2
        | | | | | | | | | +- LC12 |fm_trigger:224|Q
        | | | | | | | | | | 
        | | | | | | | | | |   Other LABs fed by signals
        | | | | | | | | | |   that feed LAB 'A'
LC      | | | | | | | | | | | A B C D |     Logic cells that feed LAB 'A':
LC3  -> - - - - - * - - - * | * - - * | <-- |fm_trigger:10|~6~1
LC4  -> - - - - - * - - - * | * - - * | <-- |fm_trigger:10|~6~4
LC11 -> - - - - - * - - - * | * - - * | <-- |fm_trigger:218|~6~1
LC2  -> - - - - - - * - - - | * - * * | <-- |fm_trigger:223|~6~1
LC1  -> - - - - - - * - - - | * - * * | <-- |fm_trigger:223|~6~2

Pin
12   -> - - * * - * * - - * | * * * * | <-- Da0
21   -> - * - - * * * * * * | * * * * | <-- Da1
20   -> - - - - - * * - * * | * * * * | <-- Da2
4    -> * * * * * * * - - * | * * * * | <-- Da3
18   -> - - - - - * * - - * | * - * * | <-- Din
9    -> - - * * - * * - - * | * * * * | <-- Qa0
8    -> - * - - * * * * * * | * * * * | <-- Qa1
7    -> - - - - - * * - * * | * * * * | <-- Qa2
6    -> * * * * * * * - - * | * * * * | <-- Qa3
19   -> - - - - - * * - - * | * - * * | <-- Qin
5    -> * - - - - * * * - * | * * * * | <-- WD
11   -> * - - - - * * * - * | * * * * | <-- WQ
LC22 -> - - - - - * - - - - | * - - * | <-- |fm_trigger:10|~6~2
LC26 -> - - - - - - - - - * | * - - * | <-- |fm_trigger:220|~6~1
LC33 -> - - - - - * * - - * | * - * * | <-- |fm_trigger:225|~6~1
LC34 -> - - - - - * * - - - | * - * * | <-- |fm_trigger:225|~6~2
LC35 -> - - - - - * - - - * | * - * * | <-- |fm_trigger:227|~6~1
LC36 -> - - - - - * * - - - | * - * * | <-- |fm_trigger:227|~6~3
LC48 -> - - - - - - * - - - | * - * - | <-- |fm_trigger:227|~6~4
LC37 -> - - - - - * - - - - | * - * * | <-- |fm_trigger:227|~6~6


* = The logic cell or pin is an input to the logic cell (or LAB) through the PIA.
- = The logic cell or pin is not an input to the logic cell (or LAB).


Device-Specific Information:             c:\univer\circuits\pmalab4\symbol.rpt
symbol

** LOGIC CELL INTERCONNECTIONS **

Logic Array Block 'B':

                         Logic cells placed in LAB 'B'
        +--------------- LC30 Dout
        | +------------- LC22 |fm_trigger:10|~6~2
        | | +----------- LC26 |fm_trigger:220|~6~1
        | | | +--------- LC17 |output0xxx:198|~6~1~3~2
        | | | | +------- LC18 |output0xxx:198|~6~1~3~3
        | | | | | +----- LC25 |output0xxx:201|~6~1~3~2
        | | | | | | +--- LC19 |output0xxx:201|~6~1~3~3
        | | | | | | | +- LC24 Qout
        | | | | | | | | 
        | | | | | | | |   Other LABs fed by signals
        | | | | | | | |   that feed LAB 'B'
LC      | | | | | | | | | A B C D |     Logic cells that feed LAB 'B':
LC17 -> - - - - - - - * | - * - - | <-- |output0xxx:198|~6~1~3~2
LC18 -> - - - - - - - * | - * - - | <-- |output0xxx:198|~6~1~3~3
LC25 -> * - - - - - - - | - * - - | <-- |output0xxx:201|~6~1~3~2
LC19 -> * - - - - - - - | - * - - | <-- |output0xxx:201|~6~1~3~3

Pin
12   -> * - - - - * * - | * * * * | <-- Da0
21   -> * - - - - * * - | * * * * | <-- Da1
20   -> - * * - - * * - | * * * * | <-- Da2
4    -> * * * - - * * - | * * * * | <-- Da3
9    -> - - - * * - - * | * * * * | <-- Qa0
8    -> - - - * * - - * | * * * * | <-- Qa1
7    -> - * * * * - - - | * * * * | <-- Qa2
6    -> - * * * * - - * | * * * * | <-- Qa3
5    -> - - * - - - - - | * * * * | <-- WD
11   -> - - * - - - - - | * * * * | <-- WQ
LC49 -> - - - - * - * - | - * - - | <-- |fm_trigger:10|Q
LC58 -> - - - * - * - - | - * - - | <-- |fm_trigger:217|Q
LC10 -> - - - - * - * - | - * - - | <-- |fm_trigger:218|Q
LC57 -> - - - * - * - - | - * - - | <-- |fm_trigger:219|Q
LC56 -> - - - - * - * - | - * - - | <-- |fm_trigger:220|Q
LC7  -> - - - - * - * - | - * - - | <-- |fm_trigger:221|Q
LC50 -> - - - * - * - - | - * - - | <-- |fm_trigger:222|Q
LC41 -> - - - - * - * - | - * - - | <-- |fm_trigger:223|Q
LC12 -> - - - * - * - - | - * - - | <-- |fm_trigger:224|Q
LC43 -> * - - - - - - * | - * - - | <-- |fm_trigger:225|Q
LC61 -> - - - * - * - - | - * - - | <-- |fm_trigger:226|Q
LC40 -> * - - - - - - * | - * - - | <-- |fm_trigger:227|Q


* = The logic cell or pin is an input to the logic cell (or LAB) through the PIA.
- = The logic cell or pin is not an input to the logic cell (or LAB).


Device-Specific Information:             c:\univer\circuits\pmalab4\symbol.rpt
symbol

** LOGIC CELL INTERCONNECTIONS **

Logic Array Block 'C':

                               Logic cells placed in LAB 'C'
        +--------------------- LC41 |fm_trigger:223|Q
        | +------------------- LC33 |fm_trigger:225|~6~1
        | | +----------------- LC34 |fm_trigger:225|~6~2
        | | | +--------------- LC43 |fm_trigger:225|Q
        | | | | +------------- LC35 |fm_trigger:227|~6~1
        | | | | | +----------- LC39 |fm_trigger:227|~6~2
        | | | | | | +--------- LC36 |fm_trigger:227|~6~3
        | | | | | | | +------- LC48 |fm_trigger:227|~6~4
        | | | | | | | | +----- LC38 |fm_trigger:227|~6~5
        | | | | | | | | | +--- LC37 |fm_trigger:227|~6~6
        | | | | | | | | | | +- LC40 |fm_trigger:227|Q
        | | | | | | | | | | | 
        | | | | | | | | | | |   Other LABs fed by signals
        | | | | | | | | | | |   that feed LAB 'C'
LC      | | | | | | | | | | | | A B C D |     Logic cells that feed LAB 'C':
LC33 -> - - - * - - - - - - - | * - * * | <-- |fm_trigger:225|~6~1
LC34 -> - - - * - - - - - - - | * - * * | <-- |fm_trigger:225|~6~2
LC35 -> - - - * - - - - - - * | * - * * | <-- |fm_trigger:227|~6~1
LC39 -> * - - - - - - - - - * | - - * * | <-- |fm_trigger:227|~6~2
LC36 -> * - - * - - - - - - * | * - * * | <-- |fm_trigger:227|~6~3
LC48 -> * - - * - - - - - - * | * - * - | <-- |fm_trigger:227|~6~4
LC38 -> * - - - - - - - - - * | - - * * | <-- |fm_trigger:227|~6~5
LC37 -> - - - * - - - - - - * | * - * * | <-- |fm_trigger:227|~6~6

Pin
12   -> * * * * - * - - * - * | * * * * | <-- Da0
21   -> * - - * * - - - - * * | * * * * | <-- Da1
20   -> * - * * - - * * * * * | * * * * | <-- Da2
4    -> * - - * - - - * - - * | * * * * | <-- Da3
18   -> * - - * - - - - - - * | * - * * | <-- Din
9    -> * * * * - * - - * - * | * * * * | <-- Qa0
8    -> * - - * * - - - - * * | * * * * | <-- Qa1
7    -> * - * * - - * * * * * | * * * * | <-- Qa2
6    -> * - - * - - - * - - * | * * * * | <-- Qa3
19   -> * - - * - - - - - - * | * - * * | <-- Qin
5    -> * * - * * * * * - - * | * * * * | <-- WD
11   -> * * - * * * * * - - * | * * * * | <-- WQ
LC2  -> * - - - - - - - - - - | * - * * | <-- |fm_trigger:223|~6~1
LC1  -> * - - - - - - - - - - | * - * * | <-- |fm_trigger:223|~6~2


* = The logic cell or pin is an input to the logic cell (or LAB) through the PIA.
- = The logic cell or pin is not an input to the logic cell (or LAB).


Device-Specific Information:             c:\univer\circuits\pmalab4\symbol.rpt
symbol

** LOGIC CELL INTERCONNECTIONS **

Logic Array Block 'D':

                     Logic cells placed in LAB 'D'
        +----------- LC49 |fm_trigger:10|Q
        | +--------- LC58 |fm_trigger:217|Q
        | | +------- LC57 |fm_trigger:219|Q
        | | | +----- LC56 |fm_trigger:220|Q
        | | | | +--- LC50 |fm_trigger:222|Q
        | | | | | +- LC61 |fm_trigger:226|Q
        | | | | | | 
        | | | | | |   Other LABs fed by signals
        | | | | | |   that feed LAB 'D'
LC      | | | | | | | A B C D |     Logic cells that feed LAB 'D':

Pin
12   -> * * * * * * | * * * * | <-- Da0
21   -> * * * * * * | * * * * | <-- Da1
20   -> * * * * * * | * * * * | <-- Da2
4    -> * * * * * * | * * * * | <-- Da3
18   -> * * * * * * | * - * * | <-- Din
9    -> * * * * * * | * * * * | <-- Qa0
8    -> * * * * * * | * * * * | <-- Qa1
7    -> * * * * * * | * * * * | <-- Qa2
6    -> * * * * * * | * * * * | <-- Qa3
19   -> * * * * * * | * - * * | <-- Qin
5    -> * * * * * * | * * * * | <-- WD
11   -> * * * * * * | * * * * | <-- WQ
LC3  -> * * * * * * | * - - * | <-- |fm_trigger:10|~6~1
LC22 -> * * * - - - | * - - * | <-- |fm_trigger:10|~6~2
LC6  -> * * - * * - | - - - * | <-- |fm_trigger:10|~6~3
LC4  -> * - - * - - | * - - * | <-- |fm_trigger:10|~6~4
LC9  -> - * * - * * | - - - * | <-- |fm_trigger:217|~6~1
LC11 -> - - * - - * | * - - * | <-- |fm_trigger:218|~6~1
LC26 -> - - - * * * | * - - * | <-- |fm_trigger:220|~6~1
LC2  -> * * - * * - | * - * * | <-- |fm_trigger:223|~6~1
LC1  -> * * - - - - | * - * * | <-- |fm_trigger:223|~6~2
LC33 -> * - - * - - | * - * * | <-- |fm_trigger:225|~6~1
LC34 -> * - - - - - | * - * * | <-- |fm_trigger:225|~6~2
LC35 -> - - * - - * | * - * * | <-- |fm_trigger:227|~6~1
LC39 -> - * * - * * | - - * * | <-- |fm_trigger:227|~6~2
LC36 -> * * * - - - | * - * * | <-- |fm_trigger:227|~6~3
LC38 -> - * * - - - | - - * * | <-- |fm_trigger:227|~6~5
LC37 -> - - * - - - | * - * * | <-- |fm_trigger:227|~6~6


* = The logic cell or pin is an input to the logic cell (or LAB) through the PIA.
- = The logic cell or pin is not an input to the logic cell (or LAB).


Device-Specific Information:             c:\univer\circuits\pmalab4\symbol.rpt
symbol

** EQUATIONS **

Da0      : INPUT;
Da1      : INPUT;
Da2      : INPUT;
Da3      : INPUT;
Din      : INPUT;
Qa0      : INPUT;
Qa1      : INPUT;
Qa2      : INPUT;
Qa3      : INPUT;
Qin      : INPUT;
WD       : INPUT;
WQ       : INPUT;

-- Node name is 'Dout' 
-- Equation name is 'Dout', location is LC030, type is output.
 Dout    = LCELL( _EQ001 $  VCC);
  _EQ001 = !_LC019 & !_LC025 &  _X001 &  _X002;
  _X001  = EXP( Da0 &  Da1 &  Da3 &  _LC043);
  _X002  = EXP( Da0 &  Da1 &  Da3 &  _LC040);

-- Node name is 'Qout' 
-- Equation name is 'Qout', location is LC024, type is output.
 Qout    = LCELL( _EQ002 $  VCC);
  _EQ002 = !_LC017 & !_LC018 &  _X003 &  _X004;
  _X003  = EXP( _LC043 &  Qa0 &  Qa1 &  Qa3);
  _X004  = EXP( _LC040 &  Qa0 &  Qa1 &  Qa3);

-- Node name is '|fm_trigger:10|:9' = '|fm_trigger:10|Q' 
-- Equation name is '_LC049', type is buried 
_LC049   = DFFE( _EQ003 $  GND,  _EQ004,  VCC,  VCC,  VCC);
  _EQ003 = !Da0 & !Da1 & !Da2 & !Da3 &  Din &  WD
         # !Qa0 & !Qa1 & !Qa2 & !Qa3 &  Qin &  WQ;
  _EQ004 = !_LC001 & !_LC002 & !_LC003 & !_LC004 & !_LC006 & !_LC022 & 
             !_LC033 & !_LC034 & !_LC036 &  _X005 &  _X006 &  _X007;
  _X005  = EXP(!WD & !WQ);
  _X006  = EXP( Da1 &  Qa0);
  _X007  = EXP( Da0 &  Qa1);

-- Node name is '|fm_trigger:10|~6~1' 
-- Equation name is '_LC003', type is buried 
-- synthesized logic cell 
_LC003   = LCELL( _EQ005 $  GND);
  _EQ005 =  Da3 &  Qa3
         #  Da3 & !WQ
         #  Qa3 & !WD;

-- Node name is '|fm_trigger:10|~6~2' 
-- Equation name is '_LC022', type is buried 
-- synthesized logic cell 
_LC022   = LCELL( _EQ006 $  GND);
  _EQ006 =  Da2 &  Qa3
         #  Da3 &  Qa2;

-- Node name is '|fm_trigger:10|~6~3' 
-- Equation name is '_LC006', type is buried 
-- synthesized logic cell 
_LC006   = LCELL( _EQ007 $  GND);
  _EQ007 =  Da1 &  Qa3
         #  Da3 &  Qa1;

-- Node name is '|fm_trigger:10|~6~4' 
-- Equation name is '_LC004', type is buried 
-- synthesized logic cell 
_LC004   = LCELL( _EQ008 $  GND);
  _EQ008 =  Da0 &  Qa3
         #  Da3 &  Qa0;

-- Node name is '|fm_trigger:217|:9' = '|fm_trigger:217|Q' 
-- Equation name is '_LC058', type is buried 
_LC058   = DFFE( _EQ009 $  GND,  _EQ010,  VCC,  VCC,  VCC);
  _EQ009 =  Da0 & !Da1 & !Da2 & !Da3 &  Din &  WD
         #  Qa0 & !Qa1 & !Qa2 & !Qa3 &  Qin &  WQ;
  _EQ010 = !_LC001 & !_LC002 & !_LC003 & !_LC006 & !_LC009 & !_LC022 & 
             !_LC036 & !_LC038 & !_LC039 &  _X005 &  _X008 &  _X009;
  _X005  = EXP(!WD & !WQ);
  _X008  = EXP( Da1 & !Qa0);
  _X009  = EXP(!Da0 &  Qa1);

-- Node name is '|fm_trigger:217|~6~1' 
-- Equation name is '_LC009', type is buried 
-- synthesized logic cell 
_LC009   = LCELL( _EQ011 $  GND);
  _EQ011 = !Da0 &  Qa3
         #  Da3 & !Qa0;

-- Node name is '|fm_trigger:218|:9' = '|fm_trigger:218|Q' 
-- Equation name is '_LC010', type is buried 
_LC010   = DFFE( _EQ012 $  GND,  _EQ013,  VCC,  VCC,  VCC);
  _EQ012 = !Da0 &  Da1 & !Da2 & !Da3 &  Din &  WD
         # !Qa0 &  Qa1 & !Qa2 & !Qa3 &  Qin &  WQ;
  _EQ013 = !_LC003 & !_LC004 & !_LC011 & !_LC022 & !_LC033 & !_LC034 & 
             !_LC035 & !_LC036 & !_LC037 &  _X005 &  _X010 &  _X011;
  _X005  = EXP(!WD & !WQ);
  _X010  = EXP(!Da1 &  Qa0);
  _X011  = EXP( Da0 & !Qa1);

-- Node name is '|fm_trigger:218|~6~1' 
-- Equation name is '_LC011', type is buried 
-- synthesized logic cell 
_LC011   = LCELL( _EQ014 $  GND);
  _EQ014 = !Da1 &  Qa3
         #  Da3 & !Qa1;

-- Node name is '|fm_trigger:219|:9' = '|fm_trigger:219|Q' 
-- Equation name is '_LC057', type is buried 
_LC057   = DFFE( _EQ015 $  GND,  _EQ016,  VCC,  VCC,  VCC);
  _EQ015 =  Da0 &  Da1 & !Da2 & !Da3 &  Din &  WD
         #  Qa0 &  Qa1 & !Qa2 & !Qa3 &  Qin &  WQ;
  _EQ016 = !_LC003 & !_LC009 & !_LC011 & !_LC022 & !_LC035 & !_LC036 & 
             !_LC037 & !_LC038 & !_LC039 &  _X005 &  _X012 &  _X013;
  _X005  = EXP(!WD & !WQ);
  _X012  = EXP(!Da1 & !Qa0);
  _X013  = EXP(!Da0 & !Qa1);

-- Node name is '|fm_trigger:220|:9' = '|fm_trigger:220|Q' 
-- Equation name is '_LC056', type is buried 
_LC056   = DFFE( _EQ017 $  GND,  _EQ018,  VCC,  VCC,  VCC);
  _EQ017 = !Da0 & !Da1 &  Da2 & !Da3 &  Din &  WD
         # !Qa0 & !Qa1 &  Qa2 & !Qa3 &  Qin &  WQ;
  _EQ018 = !_LC002 & !_LC003 & !_LC004 & !_LC006 & !_LC026 & !_LC033 &  _X005 & 
              _X006 &  _X007 &  _X014 &  _X015 &  _X016 &  _X017;
  _X005  = EXP(!WD & !WQ);
  _X006  = EXP( Da1 &  Qa0);
  _X007  = EXP( Da0 &  Qa1);
  _X014  = EXP(!Da2 &  Qa0);
  _X015  = EXP( Da0 & !Qa2);
  _X016  = EXP(!Da2 &  Qa1);
  _X017  = EXP( Da1 & !Qa2);

-- Node name is '|fm_trigger:220|~6~1' 
-- Equation name is '_LC026', type is buried 
-- synthesized logic cell 
_LC026   = LCELL( _EQ019 $  GND);
  _EQ019 = !Da2 &  Qa3
         #  Da3 & !Qa2
         # !Da2 & !WQ
         # !Qa2 & !WD
         # !Da2 & !Qa2;

-- Node name is '|fm_trigger:221|:9' = '|fm_trigger:221|Q' 
-- Equation name is '_LC007', type is buried 
_LC007   = DFFE( _EQ020 $  GND,  _EQ021,  VCC,  VCC,  VCC);
  _EQ020 = !Da0 & !Da1 & !Da2 &  Da3 &  Din &  WD
         # !Qa0 & !Qa1 & !Qa2 &  Qa3 &  Qin &  WQ;
  _EQ021 = !_LC001 & !_LC002 & !_LC033 & !_LC034 & !_LC036 & !_LC048 &  _X005 & 
              _X006 &  _X007 &  _X018 &  _X019 &  _X020 &  _X021;
  _X005  = EXP(!WD & !WQ);
  _X006  = EXP( Da1 &  Qa0);
  _X007  = EXP( Da0 &  Qa1);
  _X018  = EXP(!Da3 &  Qa0);
  _X019  = EXP( Da0 & !Qa3);
  _X020  = EXP(!Da3 &  Qa1);
  _X021  = EXP( Da1 & !Qa3);

-- Node name is '|fm_trigger:222|:9' = '|fm_trigger:222|Q' 
-- Equation name is '_LC050', type is buried 
_LC050   = DFFE( _EQ022 $  GND,  _EQ023,  VCC,  VCC,  VCC);
  _EQ022 =  Da0 & !Da1 &  Da2 & !Da3 &  Din &  WD
         #  Qa0 & !Qa1 &  Qa2 & !Qa3 &  Qin &  WQ;
  _EQ023 = !_LC002 & !_LC003 & !_LC006 & !_LC009 & !_LC026 & !_LC039 &  _X005 & 
              _X008 &  _X009 &  _X016 &  _X017 &  _X022 &  _X023;
  _X005  = EXP(!WD & !WQ);
  _X008  = EXP( Da1 & !Qa0);
  _X009  = EXP(!Da0 &  Qa1);
  _X016  = EXP(!Da2 &  Qa1);
  _X017  = EXP( Da1 & !Qa2);
  _X022  = EXP(!Da2 & !Qa0);
  _X023  = EXP(!Da0 & !Qa2);

-- Node name is '|fm_trigger:223|:9' = '|fm_trigger:223|Q' 
-- Equation name is '_LC041', type is buried 
_LC041   = DFFE( _EQ024 $  GND,  _EQ025,  VCC,  VCC,  VCC);
  _EQ024 =  Da0 & !Da1 & !Da2 &  Da3 &  Din &  WD
         #  Qa0 & !Qa1 & !Qa2 &  Qa3 &  Qin &  WQ;
  _EQ025 = !_LC001 & !_LC002 & !_LC036 & !_LC038 & !_LC039 & !_LC048 &  _X005 & 
              _X008 &  _X009 &  _X020 &  _X021 &  _X024 &  _X025;
  _X005  = EXP(!WD & !WQ);
  _X008  = EXP( Da1 & !Qa0);
  _X009  = EXP(!Da0 &  Qa1);
  _X020  = EXP(!Da3 &  Qa1);
  _X021  = EXP( Da1 & !Qa3);
  _X024  = EXP(!Da3 & !Qa0);
  _X025  = EXP(!Da0 & !Qa3);

-- Node name is '|fm_trigger:223|~6~1' 
-- Equation name is '_LC002', type is buried 
-- synthesized logic cell 
_LC002   = LCELL( _EQ026 $  GND);
  _EQ026 =  Da1 &  Qa1
         #  Da1 & !WQ
         #  Qa1 & !WD;

-- Node name is '|fm_trigger:223|~6~2' 
-- Equation name is '_LC001', type is buried 
-- synthesized logic cell 
_LC001   = LCELL( _EQ027 $  GND);
  _EQ027 =  Da1 &  Qa2
         #  Da2 &  Qa1;

-- Node name is '|fm_trigger:224|:9' = '|fm_trigger:224|Q' 
-- Equation name is '_LC012', type is buried 
_LC012   = DFFE( _EQ028 $  GND,  _EQ029,  VCC,  VCC,  VCC);
  _EQ028 = !Da0 &  Da1 &  Da2 & !Da3 &  Din &  WD
         # !Qa0 &  Qa1 &  Qa2 & !Qa3 &  Qin &  WQ;
  _EQ029 = !_LC003 & !_LC004 & !_LC011 & !_LC026 & !_LC033 & !_LC035 &  _X005 & 
              _X010 &  _X011 &  _X014 &  _X015 &  _X026 &  _X027;
  _X005  = EXP(!WD & !WQ);
  _X010  = EXP(!Da1 &  Qa0);
  _X011  = EXP( Da0 & !Qa1);
  _X014  = EXP(!Da2 &  Qa0);
  _X015  = EXP( Da0 & !Qa2);
  _X026  = EXP(!Da2 & !Qa1);
  _X027  = EXP(!Da1 & !Qa2);

-- Node name is '|fm_trigger:225|:9' = '|fm_trigger:225|Q' 
-- Equation name is '_LC043', type is buried 
_LC043   = DFFE( _EQ030 $  GND,  _EQ031,  VCC,  VCC,  VCC);
  _EQ030 = !Da0 &  Da1 & !Da2 &  Da3 &  Din &  WD
         # !Qa0 &  Qa1 & !Qa2 &  Qa3 &  Qin &  WQ;
  _EQ031 = !_LC033 & !_LC034 & !_LC035 & !_LC036 & !_LC037 & !_LC048 &  _X005 & 
              _X010 &  _X011 &  _X018 &  _X019 &  _X028 &  _X029;
  _X005  = EXP(!WD & !WQ);
  _X010  = EXP(!Da1 &  Qa0);
  _X011  = EXP( Da0 & !Qa1);
  _X018  = EXP(!Da3 &  Qa0);
  _X019  = EXP( Da0 & !Qa3);
  _X028  = EXP(!Da3 & !Qa1);
  _X029  = EXP(!Da1 & !Qa3);

-- Node name is '|fm_trigger:225|~6~1' 
-- Equation name is '_LC033', type is buried 
-- synthesized logic cell 
_LC033   = LCELL( _EQ032 $  GND);
  _EQ032 =  Da0 &  Qa0
         #  Da0 & !WQ
         #  Qa0 & !WD;

-- Node name is '|fm_trigger:225|~6~2' 
-- Equation name is '_LC034', type is buried 
-- synthesized logic cell 
_LC034   = LCELL( _EQ033 $  GND);
  _EQ033 =  Da0 &  Qa2
         #  Da2 &  Qa0;

-- Node name is '|fm_trigger:226|:9' = '|fm_trigger:226|Q' 
-- Equation name is '_LC061', type is buried 
_LC061   = DFFE( _EQ034 $  GND,  _EQ035,  VCC,  VCC,  VCC);
  _EQ034 =  Da0 &  Da1 &  Da2 & !Da3 &  Din &  WD
         #  Qa0 &  Qa1 &  Qa2 & !Qa3 &  Qin &  WQ;
  _EQ035 = !_LC003 & !_LC009 & !_LC011 & !_LC026 & !_LC035 & !_LC039 &  _X005 & 
              _X012 &  _X013 &  _X022 &  _X023 &  _X026 &  _X027;
  _X005  = EXP(!WD & !WQ);
  _X012  = EXP(!Da1 & !Qa0);
  _X013  = EXP(!Da0 & !Qa1);
  _X022  = EXP(!Da2 & !Qa0);
  _X023  = EXP(!Da0 & !Qa2);
  _X026  = EXP(!Da2 & !Qa1);
  _X027  = EXP(!Da1 & !Qa2);

-- Node name is '|fm_trigger:227|:9' = '|fm_trigger:227|Q' 
-- Equation name is '_LC040', type is buried 
_LC040   = DFFE( _EQ036 $  GND,  _EQ037,  VCC,  VCC,  VCC);
  _EQ036 =  Da0 &  Da1 & !Da2 &  Da3 &  Din &  WD
         #  Qa0 &  Qa1 & !Qa2 &  Qa3 &  Qin &  WQ;
  _EQ037 = !_LC035 & !_LC036 & !_LC037 & !_LC038 & !_LC039 & !_LC048 &  _X005 & 
              _X012 &  _X013 &  _X024 &  _X025 &  _X028 &  _X029;
  _X005  = EXP(!WD & !WQ);
  _X012  = EXP(!Da1 & !Qa0);
  _X013  = EXP(!Da0 & !Qa1);
  _X024  = EXP(!Da3 & !Qa0);
  _X025  = EXP(!Da0 & !Qa3);
  _X028  = EXP(!Da3 & !Qa1);
  _X029  = EXP(!Da1 & !Qa3);

-- Node name is '|fm_trigger:227|~6~1' 
-- Equation name is '_LC035', type is buried 
-- synthesized logic cell 
_LC035   = LCELL( _EQ038 $  GND);
  _EQ038 = !Da1 & !WQ
         # !Qa1 & !WD
         # !Da1 & !Qa1;

-- Node name is '|fm_trigger:227|~6~2' 
-- Equation name is '_LC039', type is buried 
-- synthesized logic cell 
_LC039   = LCELL( _EQ039 $  GND);
  _EQ039 = !Da0 & !WQ
         # !Qa0 & !WD
         # !Da0 & !Qa0;

-- Node name is '|fm_trigger:227|~6~3' 
-- Equation name is '_LC036', type is buried 
-- synthesized logic cell 
_LC036   = LCELL( _EQ040 $  GND);
  _EQ040 =  Da2 &  Qa2
         #  Da2 & !WQ
         #  Qa2 & !WD;

-- Node name is '|fm_trigger:227|~6~4' 
-- Equation name is '_LC048', type is buried 
-- synthesized logic cell 
_LC048   = LCELL( _EQ041 $  GND);
  _EQ041 =  Da2 & !Qa3
         # !Da3 &  Qa2
         # !Da3 & !WQ
         # !Qa3 & !WD
         # !Da3 & !Qa3;

-- Node name is '|fm_trigger:227|~6~5' 
-- Equation name is '_LC038', type is buried 
-- synthesized logic cell 
_LC038   = LCELL( _EQ042 $  GND);
  _EQ042 = !Da0 &  Qa2
         #  Da2 & !Qa0;

-- Node name is '|fm_trigger:227|~6~6' 
-- Equation name is '_LC037', type is buried 
-- synthesized logic cell 
_LC037   = LCELL( _EQ043 $  GND);
  _EQ043 = !Da1 &  Qa2
         #  Da2 & !Qa1;

-- Node name is '|output0xxx:198|~6~1~3~2' 
-- Equation name is '_LC017', type is buried 
-- synthesized logic cell 
_LC017   = LCELL( _EQ044 $  GND);
  _EQ044 =  _LC061 &  Qa0 &  Qa1 &  Qa2 & !Qa3
         #  _LC057 &  Qa0 &  Qa1 & !Qa2 & !Qa3
         #  _LC050 &  Qa0 & !Qa1 &  Qa2 & !Qa3
         #  _LC012 & !Qa0 &  Qa1 &  Qa2 & !Qa3
         #  _LC058 &  Qa0 & !Qa1 & !Qa2 & !Qa3;

-- Node name is '|output0xxx:198|~6~1~3~3' 
-- Equation name is '_LC018', type is buried 
-- synthesized logic cell 
_LC018   = LCELL( _EQ045 $  GND);
  _EQ045 =  _LC010 & !Qa0 &  Qa1 & !Qa2 & !Qa3
         #  _LC056 & !Qa0 & !Qa1 &  Qa2 & !Qa3
         #  _LC049 & !Qa0 & !Qa1 & !Qa2 & !Qa3
         #  _LC007 &  Qa0 &  Qa1 &  Qa3
         #  _LC041 &  Qa0 &  Qa1 &  Qa3;

-- Node name is '|output0xxx:201|~6~1~3~2' 
-- Equation name is '_LC025', type is buried 
-- synthesized logic cell 
_LC025   = LCELL( _EQ046 $  GND);
  _EQ046 =  Da0 &  Da1 &  Da2 & !Da3 &  _LC061
         #  Da0 &  Da1 & !Da2 & !Da3 &  _LC057
         #  Da0 & !Da1 &  Da2 & !Da3 &  _LC050
         # !Da0 &  Da1 &  Da2 & !Da3 &  _LC012
         #  Da0 & !Da1 & !Da2 & !Da3 &  _LC058;

-- Node name is '|output0xxx:201|~6~1~3~3' 
-- Equation name is '_LC019', type is buried 
-- synthesized logic cell 
_LC019   = LCELL( _EQ047 $  GND);
  _EQ047 = !Da0 &  Da1 & !Da2 & !Da3 &  _LC010
         # !Da0 & !Da1 &  Da2 & !Da3 &  _LC056
         # !Da0 & !Da1 & !Da2 & !Da3 &  _LC049
         #  Da0 &  Da1 &  Da3 &  _LC007
         #  Da0 &  Da1 &  Da3 &  _LC041;



--     Shareable expanders that are duplicated in multiple LABs:
--    _X005 occurs in LABs A, C, D
--    _X006 occurs in LABs A, D
--    _X007 occurs in LABs A, D
--    _X008 occurs in LABs C, D
--    _X009 occurs in LABs C, D
--    _X010 occurs in LABs A, C
--    _X011 occurs in LABs A, C
--    _X012 occurs in LABs C, D
--    _X013 occurs in LABs C, D
--    _X014 occurs in LABs A, D
--    _X015 occurs in LABs A, D
--    _X018 occurs in LABs A, C
--    _X019 occurs in LABs A, C
--    _X020 occurs in LABs A, C
--    _X021 occurs in LABs A, C
--    _X026 occurs in LABs A, D
--    _X027 occurs in LABs A, D




Project Information                      c:\univer\circuits\pmalab4\symbol.rpt

** COMPILATION SETTINGS & TIMES **

Processing Menu Commands
------------------------

Design Doctor                             = off

Logic Synthesis:

   Synthesis Type Used                    = Standard

   Default Synthesis Style                = NORMAL

      Logic option settings in 'NORMAL' style for 'MAX7000' family

      DECOMPOSE_GATES                     = on
      DUPLICATE_LOGIC_EXTRACTION          = on
      MINIMIZATION                        = full
      MULTI_LEVEL_FACTORING               = on
      NOT_GATE_PUSH_BACK                  = on
      PARALLEL_EXPANDERS                  = off
      REDUCE_LOGIC                        = on
      REFACTORIZATION                     = on
      REGISTER_OPTIMIZATION               = on
      RESYNTHESIZE_NETWORK                = on
      SLOW_SLEW_RATE                      = off
      SOFT_BUFFER_INSERTION               = on
      SUBFACTOR_EXTRACTION                = on
      TURBO_BIT                           = on
      XOR_SYNTHESIS                       = on
      IGNORE_SOFT_BUFFERS                 = off
      USE_LPM_FOR_AHDL_OPERATORS          = off

   Other logic synthesis settings:

      Automatic Global Clock              = on
      Automatic Global Clear              = on
      Automatic Global Preset             = on
      Automatic Global Output Enable      = on
      Automatic Fast I/O                  = off
      Automatic Register Packing          = off
      Automatic Open-Drain Pins           = on
      Automatic Implement in EAB          = off
      One-Hot State Machine Encoding      = off
      Optimize                            = 5

Default Timing Specifications: None

Cut All Bidir Feedback Timing Paths       = on
Cut All Clear & Preset Timing Paths       = on

Ignore Timing Assignments                 = off

Functional SNF Extractor                  = off

Linked SNF Extractor                      = off
Timing SNF Extractor                      = on
Optimize Timing SNF                       = off
Generate AHDL TDO File                    = off
Fitter Settings                           = NORMAL
Smart Recompile                           = off
Total Recompile                           = off

Interfaces Menu Commands
------------------------

EDIF Netlist Writer                       = off
Verilog Netlist Writer                    = off
VHDL Netlist Writer                       = off

Compilation Times
-----------------

   Compiler Netlist Extractor             00:00:00
   Database Builder                       00:00:00
   Logic Synthesizer                      00:00:00
   Partitioner                            00:00:00
   Fitter                                 00:00:00
   Timing SNF Extractor                   00:00:00
   Assembler                              00:00:00
   --------------------------             --------
   Total Time                             00:00:00


Memory Allocated
-----------------

Peak memory allocated during compilation  = 4,910K
