Project Information      e:\topsecret\5_sem\shemtechnik\labs\shem1\rg_full.rpt

MAX+plus II Compiler Report File
Version 10.0 RC2 9/14/2000
Compiled: 09/18/2009 01:56:55

Copyright (C) 1988-2000 Altera Corporation
Any megafunction design, and related net list (encrypted or decrypted),
support information, device programming or simulation file, and any other
associated documentation or information provided by Altera or a partner
under Altera's Megafunction Partnership Program may be used only to
program PLD devices (but not masked PLD devices) from Altera.  Any other
use of such megafunction design, net list, support information, device
programming or simulation file, or any other related documentation or
information is prohibited for any other purpose, including, but not
limited to modification, reverse engineering, de-compiling, or use with
any other silicon devices, unless such use is explicitly licensed under
a separate agreement with Altera or a megafunction partner.  Title to
the intellectual property, including patents, copyrights, trademarks,
trade secrets, or maskworks, embodied in any such megafunction design,
net list, support information, device programming or simulation file, or
any other related documentation or information provided by Altera or a
megafunction partner, remains with Altera, the megafunction partner, or
their respective licensors.  No other licenses, including any licenses
needed under any third party's intellectual property, are provided herein.



***** Project compilation was successful




** DEVICE SUMMARY **

Chip/                     Input   Output   Bidir         Shareable
POF       Device          Pins    Pins     Pins     LCs  Expanders  % Utilized

rg_full   EPM7032LC44-6    11       4        0      4       1           12 %

User Pins:                 11       4        0  



Project Information      e:\topsecret\5_sem\shemtechnik\labs\shem1\rg_full.rpt

** PROJECT COMPILATION MESSAGES **

Warning: Ignored unnecessary INPUT pin 'D2'
Warning: Ignored unnecessary INPUT pin 'F1'
Warning: Ignored unnecessary INPUT pin 'F2'


Project Information      e:\topsecret\5_sem\shemtechnik\labs\shem1\rg_full.rpt

** AUTO GLOBAL SIGNALS **



INFO: Signal 'CLK' chosen for auto global Clock


Project Information      e:\topsecret\5_sem\shemtechnik\labs\shem1\rg_full.rpt

** FILE HIERARCHY **



|rg:1|
|rg:1|carry_not:10|
|rg:1|carry_not:9|
|rg:1|carry_not:5|
|rg:1|carry_not:4|
|rg:1|carry_not:3|
|rg:1|carry_not:2|
|rg:1|carry_not:1|
|rg:17|
|rg:17|carry_not:10|
|rg:17|carry_not:9|
|rg:17|carry_not:5|
|rg:17|carry_not:4|
|rg:17|carry_not:3|
|rg:17|carry_not:2|
|rg:17|carry_not:1|
|rg:16|
|rg:16|carry_not:10|
|rg:16|carry_not:9|
|rg:16|carry_not:5|
|rg:16|carry_not:4|
|rg:16|carry_not:3|
|rg:16|carry_not:2|
|rg:16|carry_not:1|
|rg:15|
|rg:15|carry_not:10|
|rg:15|carry_not:9|
|rg:15|carry_not:5|
|rg:15|carry_not:4|
|rg:15|carry_not:3|
|rg:15|carry_not:2|
|rg:15|carry_not:1|


Device-Specific Information:e:\topsecret\5_sem\shemtechnik\labs\shem1\rg_full.rpt
rg_full

***** Logic for device 'rg_full' compiled without errors.




Device: EPM7032LC44-6

Device Options:
    Turbo Bit                                    = ON
    Security Bit                                 = OFF

                                               
                                               
                                               
                                               
                                               
                       V  G  G  G  C  G        
              S  S  S  C  N  N  N  L  N  Q  Q  
              0  1  2  C  D  D  D  K  D  3  1  
            -----------------------------------_ 
          /   6  5  4  3  2  1 44 43 42 41 40   | 
      S3 |  7                                39 | Q2 
      F4 |  8                                38 | Q0 
      F3 |  9                                37 | RESERVED 
     GND | 10                                36 | RESERVED 
      D0 | 11                                35 | VCC 
      D1 | 12         EPM7032LC44-6          34 | RESERVED 
      F0 | 13                                33 | RESERVED 
      D3 | 14                                32 | RESERVED 
     VCC | 15                                31 | RESERVED 
RESERVED | 16                                30 | GND 
RESERVED | 17                                29 | RESERVED 
         |_  18 19 20 21 22 23 24 25 26 27 28  _| 
           ------------------------------------ 
              R  R  R  R  G  V  R  R  R  R  R  
              E  E  E  E  N  C  E  E  E  E  E  
              S  S  S  S  D  C  S  S  S  S  S  
              E  E  E  E        E  E  E  E  E  
              R  R  R  R        R  R  R  R  R  
              V  V  V  V        V  V  V  V  V  
              E  E  E  E        E  E  E  E  E  
              D  D  D  D        D  D  D  D  D  


N.C. = No Connect. This pin has no internal connection to the device.
VCC = Dedicated power pin, which MUST be connected to VCC.
GND = Dedicated ground pin or unused dedicated input, which MUST be connected to GND.
RESERVED = Unused I/O pin, which MUST be left unconnected.



Device-Specific Information:e:\topsecret\5_sem\shemtechnik\labs\shem1\rg_full.rpt
rg_full

** RESOURCE USAGE **

                                                Shareable     External
Logic Array Block     Logic Cells   I/O Pins    Expanders   Interconnect

A:     LC1 - LC16     0/16(  0%)  10/16( 62%)   0/16(  0%)   0/36(  0%) 
B:    LC17 - LC32     4/16( 25%)   4/16( 25%)   1/16(  6%)  10/36( 27%) 


Total dedicated input pins used:                 1/4      ( 25%)
Total I/O pins used:                            14/32     ( 43%)
Total logic cells used:                          4/32     ( 12%)
Total shareable expanders used:                  1/32     (  3%)
Total Turbo logic cells used:                    4/32     ( 12%)
Total shareable expanders not available (n/a):   0/32     (  0%)
Average fan-in:                                  5.75
Total fan-in:                                    23

Total input pins required:                      11
Total output pins required:                      4
Total bidirectional pins required:               0
Total logic cells required:                      4
Total flipflops required:                        4
Total product terms required:                   12
Total logic cells lending parallel expanders:    0
Total shareable expanders in database:           1

Synthesized logic cells:                         0/  32   (  0%)



Device-Specific Information:e:\topsecret\5_sem\shemtechnik\labs\shem1\rg_full.rpt
rg_full

** INPUTS **

                                         Shareable
                                         Expanders     Fan-In    Fan-Out
 Pin     LC  LAB  Primitive    Code   Total Shared n/a INP  FBK  OUT  FBK  Name
  43      -   -       INPUT  G            0      0   0    0    0    0    0  CLK
  11    (7)  (A)      INPUT               0      0   0    0    0    1    0  D0
  12    (8)  (A)      INPUT               0      0   0    0    0    1    0  D1
  14   (10)  (A)      INPUT               0      0   0    0    0    1    0  D3
  13    (9)  (A)      INPUT               0      0   0    0    0    4    0  F0
   9    (6)  (A)      INPUT               0      0   0    0    0    4    0  F3
   8    (5)  (A)      INPUT               0      0   0    0    0    4    0  F4
   6    (3)  (A)      INPUT               0      0   0    0    0    1    0  S0
   5    (2)  (A)      INPUT               0      0   0    0    0    1    0  S1
   4    (1)  (A)      INPUT               0      0   0    0    0    1    0  S2
   7    (4)  (A)      INPUT               0      0   0    0    0    1    0  S3


Code:

s = Synthesized pin or logic cell
t = Turbo logic cell
+ = Synchronous flipflop
! = NOT gate push-back
r = Fitter-inserted logic cell
G = Global Source. Fan-out destinations counted here do not include destinations
that are driven using global routing resources. Refer to the Auto Global Signals,
Clock Signals, Clear Signals, Synchronous Load Signals, and Synchronous Clear Signals
Sections of this Report File for information on which signals' fan-outs are used as
Clock, Clear, Preset, Output Enable, and synchronous Load signals.


Device-Specific Information:e:\topsecret\5_sem\shemtechnik\labs\shem1\rg_full.rpt
rg_full

** OUTPUTS **

                                         Shareable
                                         Expanders     Fan-In    Fan-Out
 Pin     LC  LAB  Primitive    Code   Total Shared n/a INP  FBK  OUT  FBK  Name
  38     20    B         FF   +  t        1      1   0    5    0    0    0  Q0 (|rg:1|:12)
  40     18    B         FF   +  t        1      1   0    5    0    0    0  Q1 (|rg:15|:12)
  39     19    B         FF   +  t        1      1   0    4    0    0    0  Q2 (|rg:16|:12)
  41     17    B         FF   +  t        1      1   0    5    0    0    0  Q3 (|rg:17|:12)


Code:

s = Synthesized pin or logic cell
t = Turbo logic cell
+ = Synchronous flipflop
! = NOT gate push-back
r = Fitter-inserted logic cell


Device-Specific Information:e:\topsecret\5_sem\shemtechnik\labs\shem1\rg_full.rpt
rg_full

** LOGIC CELL INTERCONNECTIONS **

Logic Array Block 'B':

                 Logic cells placed in LAB 'B'
        +------- LC20 Q0
        | +----- LC18 Q1
        | | +--- LC19 Q2
        | | | +- LC17 Q3
        | | | | 
        | | | |   Other LABs fed by signals
        | | | |   that feed LAB 'B'
LC      | | | | | A B |     Logic cells that feed LAB 'B':

Pin
43   -> - - - - | - - | <-- CLK
11   -> * - - - | - * | <-- D0
12   -> - * - - | - * | <-- D1
14   -> - - - * | - * | <-- D3
13   -> * * * * | - * | <-- F0
9    -> * * * * | - * | <-- F3
8    -> * * * * | - * | <-- F4
6    -> * - - - | - * | <-- S0
5    -> - * - - | - * | <-- S1
4    -> - - * - | - * | <-- S2
7    -> - - - * | - * | <-- S3


* = The logic cell or pin is an input to the logic cell (or LAB) through the PIA.
- = The logic cell or pin is not an input to the logic cell (or LAB).


Device-Specific Information:e:\topsecret\5_sem\shemtechnik\labs\shem1\rg_full.rpt
rg_full

** EQUATIONS **

CLK      : INPUT;
D0       : INPUT;
D1       : INPUT;
D3       : INPUT;
F0       : INPUT;
F3       : INPUT;
F4       : INPUT;
S0       : INPUT;
S1       : INPUT;
S2       : INPUT;
S3       : INPUT;

-- Node name is 'Q0' = '|rg:1|RGi' 
-- Equation name is 'Q0', type is output 
 Q0      = DFFE( _EQ001 $  GND, GLOBAL( CLK), !_EQ002,  VCC,  VCC);
  _EQ001 =  D0 &  F4
         # !F4 &  S0;
  _EQ002 =  _X001;
  _X001  = EXP(!F0 & !F3 & !F4);

-- Node name is 'Q1' = '|rg:15|RGi' 
-- Equation name is 'Q1', type is output 
 Q1      = DFFE( _EQ003 $  GND, GLOBAL( CLK), !_EQ004,  VCC,  VCC);
  _EQ003 =  D1 &  F4
         # !F4 &  S1;
  _EQ004 =  _X001;
  _X001  = EXP(!F0 & !F3 & !F4);

-- Node name is 'Q2' = '|rg:16|RGi' 
-- Equation name is 'Q2', type is output 
 Q2      = DFFE( S2 $  GND, GLOBAL( CLK), !_EQ005,  VCC,  VCC);
  _EQ005 =  _X001;
  _X001  = EXP(!F0 & !F3 & !F4);

-- Node name is 'Q3' = '|rg:17|RGi' 
-- Equation name is 'Q3', type is output 
 Q3      = DFFE( _EQ006 $  GND, GLOBAL( CLK), !_EQ007,  VCC,  VCC);
  _EQ006 =  D3 &  F4
         # !F4 &  S3;
  _EQ007 =  _X001;
  _X001  = EXP(!F0 & !F3 & !F4);



--     Shareable expanders that are duplicated in multiple LABs:
--     (none)




Project Information      e:\topsecret\5_sem\shemtechnik\labs\shem1\rg_full.rpt

** COMPILATION SETTINGS & TIMES **

Processing Menu Commands
------------------------

Design Doctor                             = off

Logic Synthesis:

   Synthesis Type Used                    = Standard

   Default Synthesis Style                = NORMAL

      Logic option settings in 'NORMAL' style for 'MAX7000' family

      DECOMPOSE_GATES                     = on
      DUPLICATE_LOGIC_EXTRACTION          = on
      MINIMIZATION                        = full
      MULTI_LEVEL_FACTORING               = on
      NOT_GATE_PUSH_BACK                  = on
      PARALLEL_EXPANDERS                  = off
      REDUCE_LOGIC                        = on
      REFACTORIZATION                     = on
      REGISTER_OPTIMIZATION               = on
      RESYNTHESIZE_NETWORK                = on
      SLOW_SLEW_RATE                      = off
      SOFT_BUFFER_INSERTION               = on
      SUBFACTOR_EXTRACTION                = on
      TURBO_BIT                           = on
      XOR_SYNTHESIS                       = on
      IGNORE_SOFT_BUFFERS                 = off
      USE_LPM_FOR_AHDL_OPERATORS          = off

   Other logic synthesis settings:

      Automatic Global Clock              = on
      Automatic Global Clear              = on
      Automatic Global Preset             = on
      Automatic Global Output Enable      = on
      Automatic Fast I/O                  = off
      Automatic Register Packing          = off
      Automatic Open-Drain Pins           = on
      Automatic Implement in EAB          = off
      One-Hot State Machine Encoding      = off
      Optimize                            = 5

Default Timing Specifications: None

Cut All Bidir Feedback Timing Paths       = on
Cut All Clear & Preset Timing Paths       = on

Ignore Timing Assignments                 = off

Functional SNF Extractor                  = off

Linked SNF Extractor                      = off
Timing SNF Extractor                      = on
Optimize Timing SNF                       = off
Generate AHDL TDO File                    = off
Fitter Settings                           = NORMAL
Smart Recompile                           = off
Total Recompile                           = off

Interfaces Menu Commands
------------------------

EDIF Netlist Writer                       = off
Verilog Netlist Writer                    = off
VHDL Netlist Writer                       = off

Compilation Times
-----------------

   Compiler Netlist Extractor             00:00:00
   Database Builder                       00:00:00
   Logic Synthesizer                      00:00:00
   Partitioner                            00:00:00
   Fitter                                 00:00:00
   Timing SNF Extractor                   00:00:00
   Assembler                              00:00:00
   --------------------------             --------
   Total Time                             00:00:00


Memory Allocated
-----------------

Peak memory allocated during compilation  = 3,338K
