Project Informatione:\documents\science\computer_circuity\labs\palevo\voitova\lab1\lab1\sm_full.rpt

MAX+plus II Compiler Report File
Version 10.1 06/12/2001
Compiled: 10/01/2012 13:53:39

Copyright (C) 1988-2001 Altera Corporation
Any megafunction design, and related net list (encrypted or decrypted),
support information, device programming or simulation file, and any other
associated documentation or information provided by Altera or a partner
under Altera's Megafunction Partnership Program may be used only to
program PLD devices (but not masked PLD devices) from Altera.  Any other
use of such megafunction design, net list, support information, device
programming or simulation file, or any other related documentation or
information is prohibited for any other purpose, including, but not
limited to modification, reverse engineering, de-compiling, or use with
any other silicon devices, unless such use is explicitly licensed under
a separate agreement with Altera or a megafunction partner.  Title to
the intellectual property, including patents, copyrights, trademarks,
trade secrets, or maskworks, embodied in any such megafunction design,
net list, support information, device programming or simulation file, or
any other related documentation or information provided by Altera or a
megafunction partner, remains with Altera, the megafunction partner, or
their respective licensors.  No other licenses, including any licenses
needed under any third party's intellectual property, are provided herein.



***** Project compilation was successful




** DEVICE SUMMARY **

Chip/                     Input   Output   Bidir         Shareable
POF       Device          Pins    Pins     Pins     LCs  Expanders  % Utilized

sm_full   EPM7032LC44-6    8        5        0      17      4           53 %

User Pins:                 8        5        0  



Project Informatione:\documents\science\computer_circuity\labs\palevo\voitova\lab1\lab1\sm_full.rpt

** PROJECT COMPILATION MESSAGES **

Warning: Ignored unnecessary INPUT pin 'F4'


Project Informatione:\documents\science\computer_circuity\labs\palevo\voitova\lab1\lab1\sm_full.rpt

** FILE HIERARCHY **



|sm:1|
|sm:1|carry_not:3|
|sm:1|carry_not:2|
|sm:1|carry_not:1|
|sm:13|
|sm:13|carry_not:3|
|sm:13|carry_not:2|
|sm:13|carry_not:1|
|sm:12|
|sm:12|carry_not:3|
|sm:12|carry_not:2|
|sm:12|carry_not:1|
|sm:11|
|sm:11|carry_not:3|
|sm:11|carry_not:2|
|sm:11|carry_not:1|


Device-Specific Information:e:\documents\science\computer_circuity\labs\palevo\voitova\lab1\lab1\sm_full.rpt
sm_full

***** Logic for device 'sm_full' compiled without errors.




Device: EPM7032LC44-6

Device Options:
    Turbo Bit                                    = ON
    Security Bit                                 = OFF

                                            R  
                                            E  
                                            S  
                                            E  
                                            R  
                       V  G  G  G  G  G     V  
              Q  F  Q  C  N  N  N  N  N  S  E  
              3  0  0  C  D  D  D  D  D  2  D  
            -----------------------------------_ 
          /   6  5  4  3  2  1 44 43 42 41 40   | 
      Q2 |  7                                39 | RESERVED 
      Q1 |  8                                38 | RESERVED 
      F3 |  9                                37 | RESERVED 
     GND | 10                                36 | S1 
      F2 | 11                                35 | VCC 
      F1 | 12         EPM7032LC44-6          34 | S3 
      S0 | 13                                33 | RESERVED 
RESERVED | 14                                32 | RESERVED 
     VCC | 15                                31 | RESERVED 
RESERVED | 16                                30 | GND 
RESERVED | 17                                29 | RESERVED 
         |_  18 19 20 21 22 23 24 25 26 27 28  _| 
           ------------------------------------ 
              R  R  R  R  G  V  R  Q  R  R  R  
              E  E  E  E  N  C  E  Q  E  E  E  
              S  S  S  S  D  C  S  _  S  S  S  
              E  E  E  E        E  1  E  E  E  
              R  R  R  R        R  3  R  R  R  
              V  V  V  V        V     V  V  V  
              E  E  E  E        E     E  E  E  
              D  D  D  D        D     D  D  D  


N.C. = No Connect. This pin has no internal connection to the device.
VCC = Dedicated power pin, which MUST be connected to VCC.
GND = Dedicated ground pin or unused dedicated input, which MUST be connected to GND.
RESERVED = Unused I/O pin, which MUST be left unconnected.



Device-Specific Information:e:\documents\science\computer_circuity\labs\palevo\voitova\lab1\lab1\sm_full.rpt
sm_full

** RESOURCE USAGE **

                                                Shareable     External
Logic Array Block     Logic Cells   I/O Pins    Expanders   Interconnect

A:     LC1 - LC16     1/16(  6%)   9/16( 56%)   0/16(  0%)   1/36(  2%) 
B:    LC17 - LC32    16/16(100%)   4/16( 25%)  16/16(100%)  20/36( 55%) 


Total dedicated input pins used:                 0/4      (  0%)
Total I/O pins used:                            13/32     ( 40%)
Total logic cells used:                         17/32     ( 53%)
Total shareable expanders used:                  4/32     ( 12%)
Total Turbo logic cells used:                   17/32     ( 53%)
Total shareable expanders not available (n/a):  12/32     ( 37%)
Average fan-in:                                  6.35
Total fan-in:                                   108

Total input pins required:                       8
Total output pins required:                      5
Total bidirectional pins required:               0
Total logic cells required:                     17
Total flipflops required:                        0
Total product terms required:                   70
Total logic cells lending parallel expanders:    0
Total shareable expanders in database:           4

Synthesized logic cells:                        12/  32   ( 37%)



Device-Specific Information:e:\documents\science\computer_circuity\labs\palevo\voitova\lab1\lab1\sm_full.rpt
sm_full

** INPUTS **

                                         Shareable
                                         Expanders     Fan-In    Fan-Out
 Pin     LC  LAB  Primitive    Code   Total Shared n/a INP  FBK  OUT  FBK  Name
   5    (2)  (A)      INPUT               0      0   0    0    0    1   12  F0
  12    (8)  (A)      INPUT               0      0   0    0    0    1   12  F1
  11    (7)  (A)      INPUT               0      0   0    0    0    1   12  F2
   9    (6)  (A)      INPUT               0      0   0    0    0    1    0  F3
   4    (1)  (A)      INPUT               0      0   0    0    0    2   12  Q0
   8    (5)  (A)      INPUT               0      0   0    0    0    2   12  Q1
   7    (4)  (A)      INPUT               0      0   0    0    0    2   12  Q2
   6    (3)  (A)      INPUT               0      0   0    0    0    2   12  Q3


Code:

s = Synthesized pin or logic cell
t = Turbo logic cell
+ = Synchronous flipflop
! = NOT gate push-back
r = Fitter-inserted logic cell


Device-Specific Information:e:\documents\science\computer_circuity\labs\palevo\voitova\lab1\lab1\sm_full.rpt
sm_full

** OUTPUTS **

                                         Shareable
                                         Expanders     Fan-In    Fan-Out
 Pin     LC  LAB  Primitive    Code   Total Shared n/a INP  FBK  OUT  FBK  Name
  25     31    B     OUTPUT      t        4      0   0    8   12    0    0  QQ_13
  13      9    A     OUTPUT      t        0      0   0    1    0    0    0  S0
  36     22    B     OUTPUT      t        0      0   0    1    0    0    0  S1
  41     17    B     OUTPUT      t        0      0   0    1    0    0    0  S2
  34     23    B     OUTPUT      t        0      0   0    1    0    0    0  S3


Code:

s = Synthesized pin or logic cell
t = Turbo logic cell
+ = Synchronous flipflop
! = NOT gate push-back
r = Fitter-inserted logic cell


Device-Specific Information:e:\documents\science\computer_circuity\labs\palevo\voitova\lab1\lab1\sm_full.rpt
sm_full

** BURIED LOGIC **

                                         Shareable
                                         Expanders     Fan-In    Fan-Out
 Pin     LC  LAB  Primitive    Code   Total Shared n/a INP  FBK  OUT  FBK  Name
 (24)    32    B       SOFT    s t        1      0   1    7    0    1    0  |sm:13|qqi_1~1 (|sm:13|~22~1)
 (26)    30    B       SOFT    s t        1      0   1    7    0    1    0  |sm:13|qqi_1~2 (|sm:13|~22~2)
 (28)    28    B       SOFT    s t        1      0   1    7    0    1    0  |sm:13|qqi_1~3 (|sm:13|~22~3)
 (29)    27    B       SOFT    s t        1      0   1    7    0    1    0  |sm:13|qqi_1~4 (|sm:13|~22~4)
 (31)    26    B       SOFT    s t        1      0   1    7    0    1    0  |sm:13|qqi_1~5 (|sm:13|~22~5)
 (27)    29    B       SOFT    s t        1      0   1    7    0    1    0  |sm:13|qqi_1~6 (|sm:13|~22~6)
 (32)    25    B       SOFT    s t        1      0   1    7    0    1    0  |sm:13|qqi_1~7 (|sm:13|~22~7)
 (33)    24    B       SOFT    s t        1      0   1    7    0    1    0  |sm:13|qqi_1~8 (|sm:13|~22~8)
 (40)    18    B       SOFT    s t        1      0   1    7    0    1    0  |sm:13|qqi_1~9 (|sm:13|~22~9)
 (39)    19    B       SOFT    s t        1      0   1    7    0    1    0  |sm:13|qqi_1~10 (|sm:13|~22~10)
 (38)    20    B       SOFT    s t        1      0   1    7    0    1    0  |sm:13|qqi_1~11 (|sm:13|~22~11)
 (37)    21    B       SOFT    s t        1      0   1    7    0    1    0  |sm:13|qqi_1~12 (|sm:13|~22~12)


Code:

s = Synthesized pin or logic cell
t = Turbo logic cell
+ = Synchronous flipflop
! = NOT gate push-back
r = Fitter-inserted logic cell


Device-Specific Information:e:\documents\science\computer_circuity\labs\palevo\voitova\lab1\lab1\sm_full.rpt
sm_full

** LOGIC CELL INTERCONNECTIONS **

Logic Array Block 'A':

           Logic cells placed in LAB 'A'
        +- LC9 S0
        | 
        |   Other LABs fed by signals
        |   that feed LAB 'A'
LC      | | A B |     Logic cells that feed LAB 'A':

Pin
4    -> * | * * | <-- Q0


* = The logic cell or pin is an input to the logic cell (or LAB) through the PIA.
- = The logic cell or pin is not an input to the logic cell (or LAB).


Device-Specific Information:e:\documents\science\computer_circuity\labs\palevo\voitova\lab1\lab1\sm_full.rpt
sm_full

** LOGIC CELL INTERCONNECTIONS **

Logic Array Block 'B':

                                         Logic cells placed in LAB 'B'
        +------------------------------- LC31 QQ_13
        | +----------------------------- LC32 |sm:13|qqi_1~1
        | | +--------------------------- LC30 |sm:13|qqi_1~2
        | | | +------------------------- LC28 |sm:13|qqi_1~3
        | | | | +----------------------- LC27 |sm:13|qqi_1~4
        | | | | | +--------------------- LC26 |sm:13|qqi_1~5
        | | | | | | +------------------- LC29 |sm:13|qqi_1~6
        | | | | | | | +----------------- LC25 |sm:13|qqi_1~7
        | | | | | | | | +--------------- LC24 |sm:13|qqi_1~8
        | | | | | | | | | +------------- LC18 |sm:13|qqi_1~9
        | | | | | | | | | | +----------- LC19 |sm:13|qqi_1~10
        | | | | | | | | | | | +--------- LC20 |sm:13|qqi_1~11
        | | | | | | | | | | | | +------- LC21 |sm:13|qqi_1~12
        | | | | | | | | | | | | | +----- LC22 S1
        | | | | | | | | | | | | | | +--- LC17 S2
        | | | | | | | | | | | | | | | +- LC23 S3
        | | | | | | | | | | | | | | | | 
        | | | | | | | | | | | | | | | |   Other LABs fed by signals
        | | | | | | | | | | | | | | | |   that feed LAB 'B'
LC      | | | | | | | | | | | | | | | | | A B |     Logic cells that feed LAB 'B':
LC32 -> * - - - - - - - - - - - - - - - | - * | <-- |sm:13|qqi_1~1
LC30 -> * - - - - - - - - - - - - - - - | - * | <-- |sm:13|qqi_1~2
LC28 -> * - - - - - - - - - - - - - - - | - * | <-- |sm:13|qqi_1~3
LC27 -> * - - - - - - - - - - - - - - - | - * | <-- |sm:13|qqi_1~4
LC26 -> * - - - - - - - - - - - - - - - | - * | <-- |sm:13|qqi_1~5
LC29 -> * - - - - - - - - - - - - - - - | - * | <-- |sm:13|qqi_1~6
LC25 -> * - - - - - - - - - - - - - - - | - * | <-- |sm:13|qqi_1~7
LC24 -> * - - - - - - - - - - - - - - - | - * | <-- |sm:13|qqi_1~8
LC18 -> * - - - - - - - - - - - - - - - | - * | <-- |sm:13|qqi_1~9
LC19 -> * - - - - - - - - - - - - - - - | - * | <-- |sm:13|qqi_1~10
LC20 -> * - - - - - - - - - - - - - - - | - * | <-- |sm:13|qqi_1~11
LC21 -> * - - - - - - - - - - - - - - - | - * | <-- |sm:13|qqi_1~12

Pin
5    -> * * * * * * * * * * * * * - - - | - * | <-- F0
12   -> * * * * * * * * * * * * * - - - | - * | <-- F1
11   -> * * * * * * * * * * * * * - - - | - * | <-- F2
9    -> * - - - - - - - - - - - - - - - | - * | <-- F3
4    -> * * * * * * * * * * * * * - - - | * * | <-- Q0
8    -> * * * * * * * * * * * * * * - - | - * | <-- Q1
7    -> * * * * * * * * * * * * * - * - | - * | <-- Q2
6    -> * * * * * * * * * * * * * - - * | - * | <-- Q3


* = The logic cell or pin is an input to the logic cell (or LAB) through the PIA.
- = The logic cell or pin is not an input to the logic cell (or LAB).


Device-Specific Information:e:\documents\science\computer_circuity\labs\palevo\voitova\lab1\lab1\sm_full.rpt
sm_full

** EQUATIONS **

F0       : INPUT;
F1       : INPUT;
F2       : INPUT;
F3       : INPUT;
Q0       : INPUT;
Q1       : INPUT;
Q2       : INPUT;
Q3       : INPUT;

-- Node name is 'QQ_13' 
-- Equation name is 'QQ_13', location is LC031, type is output.
 QQ_13   = LCELL( _EQ001 $ !F3);
  _EQ001 = !_LC018 & !_LC019 & !_LC020 & !_LC021 & !_LC024 & !_LC025 & 
             !_LC026 & !_LC027 & !_LC028 & !_LC029 & !_LC030 & !_LC032 & 
              _X001 &  _X002 &  _X003 &  _X004;
  _X001  = EXP(!F0 & !F1 & !F2 & !Q0 & !Q1 & !Q2 & !Q3);
  _X002  = EXP(!F0 & !F1 & !F2 &  Q0 & !Q1 & !Q2 &  Q3);
  _X003  = EXP( F0 & !F1 & !F2 & !Q0 & !Q1 & !Q2 &  Q3);
  _X004  = EXP(!F0 & !F1 & !F2 & !Q0 &  Q1 & !Q2 &  Q3);

-- Node name is 'S0' 
-- Equation name is 'S0', location is LC009, type is output.
 S0      = LCELL( Q0 $  GND);

-- Node name is 'S1' 
-- Equation name is 'S1', location is LC022, type is output.
 S1      = LCELL( Q1 $  GND);

-- Node name is 'S2' 
-- Equation name is 'S2', location is LC017, type is output.
 S2      = LCELL(!Q2 $  VCC);

-- Node name is 'S3' 
-- Equation name is 'S3', location is LC023, type is output.
 S3      = LCELL(!Q3 $  VCC);

-- Node name is '|sm:13|~22~1' = '|sm:13|qqi_1~1' 
-- Equation name is '_LC032', type is buried 
-- synthesized logic cell 
_LC032   = LCELL( _EQ002 $  GND);
  _EQ002 =  F0 &  F1 &  F2 &  Q0 &  Q1 &  Q2 & !Q3
         #  F0 &  F1 &  F2 &  Q0 &  Q1 & !Q2 &  Q3
         #  F0 &  F1 &  F2 &  Q0 & !Q1 &  Q2 &  Q3
         #  F0 &  F1 &  F2 & !Q0 &  Q1 &  Q2 &  Q3
         # !F0 &  F1 &  F2 &  Q0 &  Q1 &  Q2 &  Q3;

-- Node name is '|sm:13|~22~2' = '|sm:13|qqi_1~2' 
-- Equation name is '_LC030', type is buried 
-- synthesized logic cell 
_LC030   = LCELL( _EQ003 $  GND);
  _EQ003 =  F0 & !F1 &  F2 &  Q0 &  Q1 &  Q2 &  Q3
         #  F0 &  F1 & !F2 &  Q0 &  Q1 &  Q2 &  Q3
         #  F0 & !F1 &  F2 &  Q0 & !Q1 &  Q2 & !Q3
         #  F0 & !F1 &  F2 & !Q0 &  Q1 &  Q2 & !Q3
         # !F0 & !F1 &  F2 &  Q0 &  Q1 &  Q2 & !Q3;

-- Node name is '|sm:13|~22~3' = '|sm:13|qqi_1~3' 
-- Equation name is '_LC028', type is buried 
-- synthesized logic cell 
_LC028   = LCELL( _EQ004 $  GND);
  _EQ004 =  F0 &  F1 &  F2 & !Q0 & !Q1 &  Q2 & !Q3
         # !F0 &  F1 &  F2 &  Q0 & !Q1 &  Q2 & !Q3
         # !F0 &  F1 &  F2 & !Q0 &  Q1 &  Q2 & !Q3
         #  F0 &  F1 &  F2 &  Q0 & !Q1 & !Q2 & !Q3
         #  F0 &  F1 &  F2 & !Q0 &  Q1 & !Q2 & !Q3;

-- Node name is '|sm:13|~22~4' = '|sm:13|qqi_1~4' 
-- Equation name is '_LC027', type is buried 
-- synthesized logic cell 
_LC027   = LCELL( _EQ005 $  GND);
  _EQ005 = !F0 &  F1 &  F2 &  Q0 &  Q1 & !Q2 & !Q3
         #  F0 & !F1 &  F2 &  Q0 &  Q1 & !Q2 & !Q3
         #  F0 &  F1 & !F2 &  Q0 &  Q1 & !Q2 & !Q3
         #  F0 &  F1 & !F2 &  Q0 & !Q1 &  Q2 & !Q3
         #  F0 &  F1 & !F2 & !Q0 &  Q1 &  Q2 & !Q3;

-- Node name is '|sm:13|~22~5' = '|sm:13|qqi_1~5' 
-- Equation name is '_LC026', type is buried 
-- synthesized logic cell 
_LC026   = LCELL( _EQ006 $  GND);
  _EQ006 = !F0 &  F1 & !F2 &  Q0 &  Q1 &  Q2 & !Q3
         #  F0 & !F1 & !F2 &  Q0 &  Q1 &  Q2 & !Q3
         #  F0 &  F1 &  F2 & !Q0 & !Q1 & !Q2 &  Q3
         # !F0 &  F1 &  F2 &  Q0 & !Q1 & !Q2 &  Q3
         #  F0 & !F1 &  F2 &  Q0 & !Q1 & !Q2 &  Q3;

-- Node name is '|sm:13|~22~6' = '|sm:13|qqi_1~6' 
-- Equation name is '_LC029', type is buried 
-- synthesized logic cell 
_LC029   = LCELL( _EQ007 $  GND);
  _EQ007 = !F0 &  F1 &  F2 & !Q0 &  Q1 & !Q2 &  Q3
         #  F0 & !F1 &  F2 & !Q0 &  Q1 & !Q2 &  Q3
         # !F0 & !F1 &  F2 &  Q0 &  Q1 & !Q2 &  Q3
         # !F0 &  F1 &  F2 & !Q0 & !Q1 &  Q2 &  Q3
         # !F0 & !F1 &  F2 & !Q0 &  Q1 &  Q2 &  Q3;

-- Node name is '|sm:13|~22~7' = '|sm:13|qqi_1~7' 
-- Equation name is '_LC025', type is buried 
-- synthesized logic cell 
_LC025   = LCELL( _EQ008 $  GND);
  _EQ008 =  F0 & !F1 &  F2 & !Q0 & !Q1 &  Q2 &  Q3
         # !F0 & !F1 &  F2 &  Q0 & !Q1 &  Q2 &  Q3
         #  F0 &  F1 & !F2 & !Q0 & !Q1 &  Q2 &  Q3
         # !F0 &  F1 & !F2 &  Q0 & !Q1 &  Q2 &  Q3
         #  F0 & !F1 & !F2 &  Q0 & !Q1 &  Q2 &  Q3;

-- Node name is '|sm:13|~22~8' = '|sm:13|qqi_1~8' 
-- Equation name is '_LC024', type is buried 
-- synthesized logic cell 
_LC024   = LCELL( _EQ009 $  GND);
  _EQ009 = !F0 &  F1 & !F2 & !Q0 &  Q1 &  Q2 &  Q3
         #  F0 & !F1 & !F2 & !Q0 &  Q1 &  Q2 &  Q3
         # !F0 & !F1 & !F2 &  Q0 &  Q1 &  Q2 &  Q3
         #  F0 &  F1 & !F2 &  Q0 & !Q1 & !Q2 &  Q3
         #  F0 &  F1 & !F2 & !Q0 &  Q1 & !Q2 &  Q3;

-- Node name is '|sm:13|~22~9' = '|sm:13|qqi_1~9' 
-- Equation name is '_LC018', type is buried 
-- synthesized logic cell 
_LC018   = LCELL( _EQ010 $  GND);
  _EQ010 = !F0 &  F1 & !F2 &  Q0 &  Q1 & !Q2 &  Q3
         #  F0 & !F1 & !F2 &  Q0 &  Q1 & !Q2 &  Q3
         # !F0 &  F1 &  F2 & !Q0 & !Q1 & !Q2 & !Q3
         # !F0 & !F1 &  F2 & !Q0 &  Q1 & !Q2 & !Q3
         #  F0 & !F1 &  F2 & !Q0 & !Q1 & !Q2 & !Q3;

-- Node name is '|sm:13|~22~10' = '|sm:13|qqi_1~10' 
-- Equation name is '_LC019', type is buried 
-- synthesized logic cell 
_LC019   = LCELL( _EQ011 $  GND);
  _EQ011 = !F0 & !F1 &  F2 &  Q0 & !Q1 & !Q2 & !Q3
         #  F0 &  F1 & !F2 & !Q0 & !Q1 & !Q2 & !Q3
         # !F0 &  F1 & !F2 &  Q0 & !Q1 & !Q2 & !Q3
         #  F0 & !F1 & !F2 &  Q0 & !Q1 & !Q2 & !Q3
         # !F0 &  F1 & !F2 & !Q0 &  Q1 & !Q2 & !Q3;

-- Node name is '|sm:13|~22~11' = '|sm:13|qqi_1~11' 
-- Equation name is '_LC020', type is buried 
-- synthesized logic cell 
_LC020   = LCELL( _EQ012 $  GND);
  _EQ012 =  F0 & !F1 & !F2 & !Q0 &  Q1 & !Q2 & !Q3
         # !F0 & !F1 & !F2 &  Q0 &  Q1 & !Q2 & !Q3
         # !F0 & !F1 &  F2 & !Q0 & !Q1 &  Q2 & !Q3
         # !F0 &  F1 & !F2 & !Q0 & !Q1 &  Q2 & !Q3
         # !F0 & !F1 & !F2 & !Q0 &  Q1 &  Q2 & !Q3;

-- Node name is '|sm:13|~22~12' = '|sm:13|qqi_1~12' 
-- Equation name is '_LC021', type is buried 
-- synthesized logic cell 
_LC021   = LCELL( _EQ013 $  GND);
  _EQ013 =  F0 & !F1 & !F2 & !Q0 & !Q1 &  Q2 & !Q3
         # !F0 & !F1 & !F2 &  Q0 & !Q1 &  Q2 & !Q3
         # !F0 & !F1 &  F2 & !Q0 & !Q1 & !Q2 &  Q3
         # !F0 & !F1 & !F2 & !Q0 & !Q1 &  Q2 &  Q3
         # !F0 &  F1 & !F2 & !Q0 & !Q1 & !Q2 &  Q3;



--     Shareable expanders that are duplicated in multiple LABs:
--     (none)




Project Informatione:\documents\science\computer_circuity\labs\palevo\voitova\lab1\lab1\sm_full.rpt

** COMPILATION SETTINGS & TIMES **

Processing Menu Commands
------------------------

Design Doctor                             = off

Logic Synthesis:

   Synthesis Type Used                    = Standard

   Default Synthesis Style                = NORMAL

      Logic option settings in 'NORMAL' style for 'MAX7000' family

      DECOMPOSE_GATES                     = on
      DUPLICATE_LOGIC_EXTRACTION          = on
      MINIMIZATION                        = full
      MULTI_LEVEL_FACTORING               = on
      NOT_GATE_PUSH_BACK                  = on
      PARALLEL_EXPANDERS                  = off
      REDUCE_LOGIC                        = on
      REFACTORIZATION                     = on
      REGISTER_OPTIMIZATION               = on
      RESYNTHESIZE_NETWORK                = on
      SLOW_SLEW_RATE                      = off
      SOFT_BUFFER_INSERTION               = on
      SUBFACTOR_EXTRACTION                = on
      TURBO_BIT                           = on
      XOR_SYNTHESIS                       = on
      IGNORE_SOFT_BUFFERS                 = off
      USE_LPM_FOR_AHDL_OPERATORS          = off

   Other logic synthesis settings:

      Automatic Global Clock              = on
      Automatic Global Clear              = on
      Automatic Global Preset             = on
      Automatic Global Output Enable      = on
      Automatic Fast I/O                  = off
      Automatic Register Packing          = off
      Automatic Open-Drain Pins           = on
      Automatic Implement in EAB          = off
      One-Hot State Machine Encoding      = off
      Optimize                            = 5

Default Timing Specifications: None

Cut All Bidir Feedback Timing Paths       = on
Cut All Clear & Preset Timing Paths       = on

Ignore Timing Assignments                 = off

Functional SNF Extractor                  = off

Linked SNF Extractor                      = off
Timing SNF Extractor                      = on
Optimize Timing SNF                       = off
Generate AHDL TDO File                    = off
Fitter Settings                           = NORMAL
Smart Recompile                           = off
Total Recompile                           = off

Interfaces Menu Commands
------------------------

EDIF Netlist Writer                       = off
Verilog Netlist Writer                    = off
VHDL Netlist Writer                       = off

Compilation Times
-----------------

   Compiler Netlist Extractor             00:00:00
   Database Builder                       00:00:00
   Logic Synthesizer                      00:00:00
   Partitioner                            00:00:01
   Fitter                                 00:00:00
   Timing SNF Extractor                   00:00:00
   Assembler                              00:00:00
   --------------------------             --------
   Total Time                             00:00:01


Memory Allocated
-----------------

Peak memory allocated during compilation  = 3,895K
