Сборка начата 5/20/2015 11:56:21 AM.
     1>Проект "D:\obuchenie\SysProgLabs\Lab7\Lab7\Lab7.vcxproj" в узле 2 (целевые объекты Rebuild).
     1>_MASM:
         Assembling longop.asm...
         cmd.exe /C "C:\Users\Rus\AppData\Local\Temp\tmp2249b52a8deb44d690dad0e00efa024c.cmd"
         ml.exe /c /nologo /Zi /Fo"Debug\longop.obj" /W3 /errorReport:prompt  /Talongop.asm
       _MASM:
         Assembling main7.asm...
         cmd.exe /C "C:\Users\Rus\AppData\Local\Temp\tmp4d2063330d4f4aa1ae186eb828d321af.cmd"
         ml.exe /c /nologo /Zi /Fo"Debug\main7.obj" /W3 /errorReport:prompt  /Tamain7.asm
       _MASM:
         Assembling module.asm...
         cmd.exe /C "C:\Users\Rus\AppData\Local\Temp\tmpc23d43b4b16f4f088656cb43d0d86d22.cmd"
         ml.exe /c /nologo /Zi /Fo"Debug\module.obj" /W3 /errorReport:prompt  /Tamodule.asm
       Link:
         D:\obuchenie\visStudio\Microsoft Visual Studio 11.0\VC\bin\link.exe /ERRORREPORT:PROMPT /OUT:"D:\obuchenie\SysProgLabs\Lab7\Debug\Lab7.exe" /INCREMENTAL /NOLOGO kernel32.lib user32.lib gdi32.lib winspool.lib comdlg32.lib advapi32.lib shell32.lib ole32.lib oleaut32.lib uuid.lib odbc32.lib odbccp32.lib /MANIFEST /MANIFESTUAC:"level='asInvoker' uiAccess='false'" /manifest:embed /DEBUG /PDB:"D:\obuchenie\SysProgLabs\Lab7\Debug\Lab7.pdb" /SUBSYSTEM:WINDOWS /TLBID:1 /DYNAMICBASE /NXCOMPAT /IMPLIB:"D:\obuchenie\SysProgLabs\Lab7\Debug\Lab7.lib" /MACHINE:X86 Debug\longop.obj
         Debug\main7.obj
         Debug\module.obj
         Lab7.vcxproj -> D:\obuchenie\SysProgLabs\Lab7\Debug\Lab7.exe
     1>Построение проекта "D:\obuchenie\SysProgLabs\Lab7\Lab7\Lab7.vcxproj" завершено (целевые объекты Rebuild).

Сборка успешно завершена.

Затраченное время: 00:00:04.56
