Build started 04.06.2015 9:19:48.
     1>Project "D:\4Sem\СП\LABa9SP\LABa9SP\LABa9SP.vcxproj" on node 2 (Rebuild target(s)).
     1>_MASM:
         Assembling longop.asm...
         cmd.exe /C "C:\Users\Cephalgia\AppData\Local\Temp\tmp1e5fcc6725e547259fad7a23c7668c7f.cmd"
         ml.exe /c /nologo /Zi /Fo"Debug\longop.obj" /W3 /errorReport:prompt  /Talongop.asm
       _MASM:
         Assembling main9.asm...
         cmd.exe /C "C:\Users\Cephalgia\AppData\Local\Temp\tmpd6d7e47b9bf541b29f59c4df5ed232f3.cmd"
         ml.exe /c /nologo /Zi /Fo"Debug\main9.obj" /W3 /errorReport:prompt  /Tamain9.asm
       _MASM:
         Assembling module.asm...
         cmd.exe /C "C:\Users\Cephalgia\AppData\Local\Temp\tmp35765e86ec2143aebd04c40060f1c054.cmd"
         ml.exe /c /nologo /Zi /Fo"Debug\module.obj" /W3 /errorReport:prompt  /Tamodule.asm
       Link:
         D:\Program files\Visual Studio\VC\bin\link.exe /ERRORREPORT:PROMPT /OUT:"D:\4Sem\СП\LABa9SP\Debug\LABa9SP.exe" /INCREMENTAL /NOLOGO kernel32.lib user32.lib gdi32.lib winspool.lib comdlg32.lib advapi32.lib shell32.lib ole32.lib oleaut32.lib uuid.lib odbc32.lib odbccp32.lib /MANIFEST /MANIFESTUAC:"level='asInvoker' uiAccess='false'" /manifest:embed /DEBUG /PDB:"D:\4Sem\СП\LABa9SP\Debug\LABa9SP.pdb" /SUBSYSTEM:WINDOWS /TLBID:1 /ENTRY:"main" /DYNAMICBASE /NXCOMPAT /IMPLIB:"D:\4Sem\СП\LABa9SP\Debug\LABa9SP.lib" /MACHINE:X86 Debug\longop.obj
         Debug\main9.obj
         Debug\module.obj
         LABa9SP.vcxproj -> D:\4Sem\СП\LABa9SP\Debug\LABa9SP.exe
     1>Done Building Project "D:\4Sem\СП\LABa9SP\LABa9SP\LABa9SP.vcxproj" (Rebuild target(s)).

Build succeeded.

Time Elapsed 00:00:00.92
