Project Informatione:\documents\science\computer_circuity\labs\mylabs\lab3\ram\14dmux.rpt

MAX+plus II Compiler Report File
Version 10.1 06/12/2001
Compiled: 10/15/2012 14:32:42

Copyright (C) 1988-2001 Altera Corporation
Any megafunction design, and related net list (encrypted or decrypted),
support information, device programming or simulation file, and any other
associated documentation or information provided by Altera or a partner
under Altera's Megafunction Partnership Program may be used only to
program PLD devices (but not masked PLD devices) from Altera.  Any other
use of such megafunction design, net list, support information, device
programming or simulation file, or any other related documentation or
information is prohibited for any other purpose, including, but not
limited to modification, reverse engineering, de-compiling, or use with
any other silicon devices, unless such use is explicitly licensed under
a separate agreement with Altera or a megafunction partner.  Title to
the intellectual property, including patents, copyrights, trademarks,
trade secrets, or maskworks, embodied in any such megafunction design,
net list, support information, device programming or simulation file, or
any other related documentation or information provided by Altera or a
megafunction partner, remains with Altera, the megafunction partner, or
their respective licensors.  No other licenses, including any licenses
needed under any third party's intellectual property, are provided herein.



***** Project compilation was successful




** DEVICE SUMMARY **

Chip/                     Input   Output   Bidir 			    LCs
POF       Device          Pins    Pins     Pins      LCs    % Utilized

14dmux    EPF8282ALC84-2   4        14       0       14          6  %

User Pins:                 4        14       0  



Device-Specific Information:e:\documents\science\computer_circuity\labs\mylabs\lab3\ram\14dmux.rpt
14dmux

***** Logic for device '14dmux' compiled without errors.




Device: EPF8282ALC84-2

FLEX 8000 Configuration Scheme: Active Serial

Device Options:
    User-Supplied Start-Up Clock               = OFF
    Auto-Restart Configuration on Frame Error  = OFF
    Release Clears Before Tri-States           = OFF
    Enable DCLK Output in User Mode            = OFF
    Disable Start-Up Time-Out                  = OFF
    Enable JTAG Support                        = OFF

                ^                                                              
                C                                                              
                O     R  R  R  R     R  R  R  R  R  R  R  R        R  R  R     
                N     E  E  E  E     E  E  E  E  E  E  E  E        E  E  E     
                F     S  S  S  S     S  S  S  S  S  S  S  S  V  *  S  S  S     
                _  ^  E  E  E  E     E  E  E  E  E  E  E  E  C  S  E  E  E     
                D  D  R  R  R  R     R  R  R  R  R  R  R  R  C  D  R  R  R  ^  
                O  C  V  V  V  V  G  V  V  V  V  V  V  V  V  I  O  V  V  V  n  
                N  L  E  E  E  E  N  E  E  E  E  E  E  E  E  N  U  E  E  E  S  
                E  K  D  D  D  D  D  D  D  D  D  D  D  D  D  T  T  D  D  D  P  
              -----------------------------------------------------------------_ 
            /  11 10  9  8  7  6  5  4  3  2  1 84 83 82 81 80 79 78 77 76 75   | 
         A | 12                                                              74 | ^MSEL0 
  RESERVED | 13                                                              73 | B 
    +DATA0 | 14                                                              72 | RESERVED 
  RESERVED | 15                                                              71 | RESERVED 
  RESERVED | 16                                                              70 | RESERVED 
    VCCINT | 17                                                              69 | RESERVED 
  RESERVED | 18                                                              68 | GND 
  RESERVED | 19                                                              67 | RESERVED 
  RESERVED | 20                                                              66 | RESERVED 
  RESERVED | 21                                                              65 | RESERVED 
        Q2 | 22                        EPF8282ALC84-2                        64 | RESERVED 
        Q5 | 23                                                              63 | Q10 
        Q0 | 24                                                              62 | Q3 
       Q13 | 25                                                              61 | RESERVED 
       GND | 26                                                              60 | Q1 
       &Q4 | 27                                                              59 | VCCINT 
       Q12 | 28                                                              58 | Q7 
        Q6 | 29                                                              57 | Q11 
        Q9 | 30                                                              56 | Q8 
         C | 31                                                              55 | RESERVED 
  ^nSTATUS | 32                                                              54 | D 
           |_  33 34 35 36 37 38 39 40 41 42 43 44 45 46 47 48 49 50 51 52 53  _| 
             ------------------------------------------------------------------ 
                ^  R  R  R  R  V  R  R  R  R  R  R  R  R  G  R  R  R  R  G  ^  
                n  E  E  E  E  C  E  E  E  E  E  E  E  E  N  E  E  E  E  N  M  
                C  S  S  S  S  C  S  S  S  S  S  S  S  S  D  S  S  S  S  D  S  
                O  E  E  E  E  I  E  E  E  E  E  E  E  E     E  E  E  E     E  
                N  R  R  R  R  N  R  R  R  R  R  R  R  R     R  R  R  R     L  
                F  V  V  V  V  T  V  V  V  V  V  V  V  V     V  V  V  V     1  
                I  E  E  E  E     E  E  E  E  E  E  E  E     E  E  E  E        
                G  D  D  D  D     D  D  D  D  D  D  D  D     D  D  D  D        
                                                                               
                                                                               


N.C. = No Connect. This pin has no internal connection to the device.
VCCINT = Dedicated power pin, which MUST be connected to VCC (5.0 volts).
VCCIO = Dedicated power pin, which MUST be connected to VCC (5.0 volts).
GND = Dedicated ground pin or unused dedicated input, which MUST be connected to GND.
RESERVED = Unused I/O pin, which MUST be left unconnected.

^ = Dedicated configuration pin.
+ = Reserved configuration pin, which is tri-stated during user mode.
* = Reserved configuration pin, which drives out in user mode.
PDn = Power Down pin. 
@ = Special-purpose pin. 
# = JTAG Boundary-Scan Testing/In-System Programming or Configuration Pin. The JTAG inputs TMS and TDI should be tied to VCC and TCK should be tied to GND when not in use.
& = JTAG pin used for I/O. When used as user I/O, JTAG pins must be kept stable before and during configuration.  JTAG pin stability prevents accidental loading of JTAG instructions.


Device-Specific Information:e:\documents\science\computer_circuity\labs\mylabs\lab3\ram\14dmux.rpt
14dmux

** RESOURCE USAGE **

Logic                Column       Row                                   
Array                Interconnect Interconnect         Clears/     External  
Block   Logic Cells  Driven       Driven       Clocks  Presets   Interconnect
B1       3/ 8( 37%)   0/ 8(  0%)   3/ 8( 37%)    0/2    0/2       4/24( 16%)   
B2       3/ 8( 37%)   0/ 8(  0%)   3/ 8( 37%)    0/2    0/2       4/24( 16%)   
B3       1/ 8( 12%)   0/ 8(  0%)   1/ 8( 12%)    0/2    0/2       4/24( 16%)   
B4       1/ 8( 12%)   0/ 8(  0%)   1/ 8( 12%)    0/2    0/2       4/24( 16%)   
B5       1/ 8( 12%)   0/ 8(  0%)   1/ 8( 12%)    0/2    0/2       4/24( 16%)   
B6       1/ 8( 12%)   0/ 8(  0%)   1/ 8( 12%)    0/2    0/2       4/24( 16%)   
B7       1/ 8( 12%)   0/ 8(  0%)   1/ 8( 12%)    0/2    0/2       4/24( 16%)   
B8       1/ 8( 12%)   0/ 8(  0%)   1/ 8( 12%)    0/2    0/2       3/24( 12%)   
B9       1/ 8( 12%)   0/ 8(  0%)   1/ 8( 12%)    0/2    0/2       4/24( 16%)   
B10      1/ 8( 12%)   0/ 8(  0%)   1/ 8( 12%)    0/2    0/2       3/24( 12%)   


Total dedicated input pins used:                 4/4      (100%)
Total I/O pins used:                            16/64     ( 25%)
Total logic cells used:                         14/208    (  6%)
Average fan-in:                                 3.64/4    ( 91%)
Total fan-in:                                  51/832     (  6%)

Total input pins required:                       4
Total input I/O cell registers required:         0
Total output pins required:                     14
Total output I/O cell registers required:        0
Total buried I/O cell registers required:        0
Total bidirectional pins required:               0
Total reserved pins required                     2
Total logic cells required:                     14
Total flipflops required:                        0
Total logic cells in carry chains:               0
Total number of carry chains:                    0
Total logic cells in cascade chains:             0
Total number of cascade chains:                  0

Synthesized logic cells:                         0/ 208   (  0%)

Logic Cell Counts

Column:  01  02  03  04  05  06  07  08  09  10  11  12  13  Total
 A:      0   0   0   0   0   0   0   0   0   0   0   0   0      0
 B:      3   3   1   1   1   1   1   1   1   1   0   0   0     14

Total:   3   3   1   1   1   1   1   1   1   1   0   0   0     14



Device-Specific Information:e:\documents\science\computer_circuity\labs\mylabs\lab3\ram\14dmux.rpt
14dmux

** INPUTS **

                                               Fan-In    Fan-Out
 Pin     LC   Row  Col  Primitive    Code      INP  FBK  OUT  FBK  Name
  12      -    -    --      INPUT              0    0    0   14  A
  73      -    -    --      INPUT              0    0    0   12  B
  31      -    -    --      INPUT              0    0    0   13  C
  54      -    -    --      INPUT              0    0    0   12  D


Code:

s = Synthesized pin or logic cell
+ = Synchronous flipflop
/ = Slow slew-rate output
! = NOT gate push-back
r = Fitter-inserted logic cell


Device-Specific Information:e:\documents\science\computer_circuity\labs\mylabs\lab3\ram\14dmux.rpt
14dmux

** OUTPUTS **

       Fed By                                  Fan-In    Fan-Out
 Pin     LC   Row  Col  Primitive    Code      INP  FBK  OUT  FBK  Name
  24      -    B    --     OUTPUT              0    1    0    0  Q0
  60      -    B    --     OUTPUT              0    1    0    0  Q1
  22      -    B    --     OUTPUT              0    1    0    0  Q2
  62      -    B    --     OUTPUT              0    1    0    0  Q3
  27      -    B    --     OUTPUT              0    1    0    0  Q4
  23      -    B    --     OUTPUT              0    1    0    0  Q5
  29      -    B    --     OUTPUT              0    1    0    0  Q6
  58      -    B    --     OUTPUT              0    1    0    0  Q7
  56      -    B    --     OUTPUT              0    1    0    0  Q8
  30      -    B    --     OUTPUT              0    1    0    0  Q9
  63      -    B    --     OUTPUT              0    1    0    0  Q10
  57      -    B    --     OUTPUT              0    1    0    0  Q11
  28      -    B    --     OUTPUT              0    1    0    0  Q12
  25      -    B    --     OUTPUT              0    1    0    0  Q13


Code:

s = Synthesized pin or logic cell
+ = Synchronous flipflop
/ = Slow slew-rate output
! = NOT gate push-back
r = Fitter-inserted logic cell


Device-Specific Information:e:\documents\science\computer_circuity\labs\mylabs\lab3\ram\14dmux.rpt
14dmux

** BURIED LOGIC **

                                               Fan-In    Fan-Out
 IOC     LC   Row  Col  Primitive    Code      INP  FBK  OUT  FBK  Name
   -      1    B    03       AND2              4    0    1    0  :23
   -      1    B    06       AND2              4    0    1    0  :24
   -      1    B    01       AND2              4    0    1    0  :25
   -      2    B    01       AND2              4    0    1    0  :28
   -      3    B    01       AND2              4    0    1    0  :29
   -      1    B    09       AND2              4    0    1    0  :30
   -      1    B    07       AND2              4    0    1    0  :31
   -      1    B    05       AND2              4    0    1    0  :32
   -      1    B    04       AND2              4    0    1    0  :33
   -      1    B    02       AND2              3    0    1    0  :42
   -      5    B    02       AND2              3    0    1    0  :43
   -      7    B    02       AND2              3    0    1    0  :44
   -      5    B    10       AND2              3    0    1    0  :45
   -      1    B    08       AND2              3    0    1    0  :46


Code:

s = Synthesized pin or logic cell
+ = Synchronous flipflop
/ = Slow slew-rate output
! = NOT gate push-back
r = Fitter-inserted logic cell


Device-Specific Information:e:\documents\science\computer_circuity\labs\mylabs\lab3\ram\14dmux.rpt
14dmux

** FASTTRACK INTERCONNECT UTILIZATION **

Row FastTrack Interconnect:

         FastTrack                                 
Row     Interconnect    Input Pins     Output Pins     Bidir Pins
A:       0/168(  0%)    0/16(  0%)      1/16(  6%)     0/16(  0%)
B:      14/168(  8%)    0/16(  0%)     14/16( 87%)     0/16(  0%)


Column FastTrack Interconnect:

         FastTrack                                 
Column  Interconnect    Input Pins     Output Pins     Bidir Pins
01:      0/16(  0%)     0/4(  0%)      0/4(  0%)       0/4(  0%)
02:      0/16(  0%)     0/4(  0%)      0/4(  0%)       0/4(  0%)
03:      0/16(  0%)     0/4(  0%)      0/4(  0%)       0/4(  0%)
04:      0/16(  0%)     0/4(  0%)      0/4(  0%)       0/4(  0%)
05:      0/16(  0%)     0/4(  0%)      0/4(  0%)       0/4(  0%)
06:      0/16(  0%)     0/4(  0%)      0/4(  0%)       0/4(  0%)
07:      0/16(  0%)     0/4(  0%)      0/4(  0%)       0/4(  0%)
08:      0/16(  0%)     0/4(  0%)      0/4(  0%)       0/4(  0%)
09:      0/16(  0%)     0/4(  0%)      0/4(  0%)       0/4(  0%)
10:      0/16(  0%)     0/4(  0%)      0/4(  0%)       0/4(  0%)
11:      0/16(  0%)     0/4(  0%)      1/4( 25%)       0/4(  0%)
12:      0/16(  0%)     0/4(  0%)      0/4(  0%)       0/4(  0%)
13:      0/16(  0%)     0/4(  0%)      0/4(  0%)       0/4(  0%)


Device-Specific Information:e:\documents\science\computer_circuity\labs\mylabs\lab3\ram\14dmux.rpt
14dmux

** EQUATIONS **

A        : INPUT;
B        : INPUT;
C        : INPUT;
D        : INPUT;

-- Node name is 'Q0' 
-- Equation name is 'Q0', type is output 
Q0       =  _LC1_B4;

-- Node name is 'Q1' 
-- Equation name is 'Q1', type is output 
Q1       =  _LC1_B5;

-- Node name is 'Q2' 
-- Equation name is 'Q2', type is output 
Q2       =  _LC1_B7;

-- Node name is 'Q3' 
-- Equation name is 'Q3', type is output 
Q3       =  _LC1_B9;

-- Node name is 'Q4' 
-- Equation name is 'Q4', type is output 
Q4       =  _LC3_B1;

-- Node name is 'Q5' 
-- Equation name is 'Q5', type is output 
Q5       =  _LC2_B1;

-- Node name is 'Q6' 
-- Equation name is 'Q6', type is output 
Q6       =  _LC1_B8;

-- Node name is 'Q7' 
-- Equation name is 'Q7', type is output 
Q7       =  _LC5_B10;

-- Node name is 'Q8' 
-- Equation name is 'Q8', type is output 
Q8       =  _LC1_B1;

-- Node name is 'Q9' 
-- Equation name is 'Q9', type is output 
Q9       =  _LC1_B6;

-- Node name is 'Q10' 
-- Equation name is 'Q10', type is output 
Q10      =  _LC1_B3;

-- Node name is 'Q11' 
-- Equation name is 'Q11', type is output 
Q11      =  _LC7_B2;

-- Node name is 'Q12' 
-- Equation name is 'Q12', type is output 
Q12      =  _LC5_B2;

-- Node name is 'Q13' 
-- Equation name is 'Q13', type is output 
Q13      =  _LC1_B2;

-- Node name is ':23' 
-- Equation name is '_LC1_B3', type is buried 
_LC1_B3  = LCELL( _EQ001);
  _EQ001 = !A &  B & !C &  D;

-- Node name is ':24' 
-- Equation name is '_LC1_B6', type is buried 
_LC1_B6  = LCELL( _EQ002);
  _EQ002 =  A & !B & !C &  D;

-- Node name is ':25' 
-- Equation name is '_LC1_B1', type is buried 
_LC1_B1  = LCELL( _EQ003);
  _EQ003 = !A & !B & !C &  D;

-- Node name is ':28' 
-- Equation name is '_LC2_B1', type is buried 
_LC2_B1  = LCELL( _EQ004);
  _EQ004 =  A & !B &  C & !D;

-- Node name is ':29' 
-- Equation name is '_LC3_B1', type is buried 
_LC3_B1  = LCELL( _EQ005);
  _EQ005 = !A & !B &  C & !D;

-- Node name is ':30' 
-- Equation name is '_LC1_B9', type is buried 
_LC1_B9  = LCELL( _EQ006);
  _EQ006 =  A &  B & !C & !D;

-- Node name is ':31' 
-- Equation name is '_LC1_B7', type is buried 
_LC1_B7  = LCELL( _EQ007);
  _EQ007 = !A &  B & !C & !D;

-- Node name is ':32' 
-- Equation name is '_LC1_B5', type is buried 
_LC1_B5  = LCELL( _EQ008);
  _EQ008 =  A & !B & !C & !D;

-- Node name is ':33' 
-- Equation name is '_LC1_B4', type is buried 
_LC1_B4  = LCELL( _EQ009);
  _EQ009 = !A & !B & !C & !D;

-- Node name is ':42' 
-- Equation name is '_LC1_B2', type is buried 
_LC1_B2  = LCELL( _EQ010);
  _EQ010 =  A &  C &  D;

-- Node name is ':43' 
-- Equation name is '_LC5_B2', type is buried 
_LC5_B2  = LCELL( _EQ011);
  _EQ011 = !A &  C &  D;

-- Node name is ':44' 
-- Equation name is '_LC7_B2', type is buried 
_LC7_B2  = LCELL( _EQ012);
  _EQ012 =  A &  B &  D;

-- Node name is ':45' 
-- Equation name is '_LC5_B10', type is buried 
_LC5_B10 = LCELL( _EQ013);
  _EQ013 =  A &  B &  C;

-- Node name is ':46' 
-- Equation name is '_LC1_B8', type is buried 
_LC1_B8  = LCELL( _EQ014);
  _EQ014 = !A &  B &  C;



Project Informatione:\documents\science\computer_circuity\labs\mylabs\lab3\ram\14dmux.rpt

** COMPILATION SETTINGS & TIMES **

Processing Menu Commands
------------------------

Design Doctor                             = off

Logic Synthesis:

   Synthesis Type Used                    = Multi-Level

   Default Synthesis Style                = NORMAL

      Logic option settings in 'NORMAL' style for 'FLEX8000' family

      CARRY_CHAIN                         = ignore
      CARRY_CHAIN_LENGTH                  = 32
      CASCADE_CHAIN                       = ignore
      CASCADE_CHAIN_LENGTH                = 2
      DECOMPOSE_GATES                     = on
      DUPLICATE_LOGIC_EXTRACTION          = on
      MINIMIZATION                        = full
      MULTI_LEVEL_FACTORING               = on
      NOT_GATE_PUSH_BACK                  = on
      REDUCE_LOGIC                        = on
      REFACTORIZATION                     = on
      REGISTER_OPTIMIZATION               = on
      RESYNTHESIZE_NETWORK                = on
      SLOW_SLEW_RATE                      = off
      SUBFACTOR_EXTRACTION                = on
      IGNORE_SOFT_BUFFERS                 = on
      USE_LPM_FOR_AHDL_OPERATORS          = off

   Other logic synthesis settings:

      Automatic Global Clock              = on
      Automatic Global Clear              = on
      Automatic Global Preset             = on
      Automatic Global Output Enable      = on
      Automatic Fast I/O                  = off
      Automatic Register Packing          = off
      Automatic Open-Drain Pins           = on
      Automatic Implement in EAB          = off
      Optimize                            = 5

Default Timing Specifications: None

Cut All Bidir Feedback Timing Paths       = on
Cut All Clear & Preset Timing Paths       = on

Ignore Timing Assignments                 = off

Functional SNF Extractor                  = off

Linked SNF Extractor                      = off
Timing SNF Extractor                      = on
Optimize Timing SNF                       = off
Generate AHDL TDO File                    = off
Fitter Settings                           = NORMAL
Smart Recompile                           = off
Total Recompile                           = off

Interfaces Menu Commands
------------------------

EDIF Netlist Writer                       = off
Verilog Netlist Writer                    = off
VHDL Netlist Writer                       = off

Compilation Times
-----------------

   Compiler Netlist Extractor             00:00:00
   Database Builder                       00:00:00
   Logic Synthesizer                      00:00:00
   Partitioner                            00:00:00
   Fitter                                 00:00:00
   Timing SNF Extractor                   00:00:00
   Assembler                              00:00:00
   --------------------------             --------
   Total Time                             00:00:00


Memory Allocated
-----------------

Peak memory allocated during compilation  = 5,744K
