Project Informatione:\documents\science\computer_circuity\labs\mylabs\lab3\ram\ram2.rpt

MAX+plus II Compiler Report File
Version 10.1 06/12/2001
Compiled: 10/15/2012 22:16:55

Copyright (C) 1988-2001 Altera Corporation
Any megafunction design, and related net list (encrypted or decrypted),
support information, device programming or simulation file, and any other
associated documentation or information provided by Altera or a partner
under Altera's Megafunction Partnership Program may be used only to
program PLD devices (but not masked PLD devices) from Altera.  Any other
use of such megafunction design, net list, support information, device
programming or simulation file, or any other related documentation or
information is prohibited for any other purpose, including, but not
limited to modification, reverse engineering, de-compiling, or use with
any other silicon devices, unless such use is explicitly licensed under
a separate agreement with Altera or a megafunction partner.  Title to
the intellectual property, including patents, copyrights, trademarks,
trade secrets, or maskworks, embodied in any such megafunction design,
net list, support information, device programming or simulation file, or
any other related documentation or information provided by Altera or a
megafunction partner, remains with Altera, the megafunction partner, or
their respective licensors.  No other licenses, including any licenses
needed under any third party's intellectual property, are provided herein.



***** Project compilation was successful




** DEVICE SUMMARY **

Chip/                     Input   Output   Bidir         Shareable
POF       Device          Pins    Pins     Pins     LCs  Expanders  % Utilized

ram2      EPM9320LC84-15   17       1        0      67      0           20 %

User Pins:                 17       1        0  



Project Informatione:\documents\science\computer_circuity\labs\mylabs\lab3\ram\ram2.rpt

** FILE HIERARCHY **



|ram1:34|
|ram1:34|ram01:22|
|ram1:34|ram01:22|eti:28|
|ram1:34|ram01:22|eti:29|
|ram1:34|ram01:22|inverter:30|
|ram1:34|ram01:25|
|ram1:34|ram01:25|eti:28|
|ram1:34|ram01:25|eti:29|
|ram1:34|ram01:25|inverter:30|
|ram1:34|ram01:24|
|ram1:34|ram01:24|eti:28|
|ram1:34|ram01:24|eti:29|
|ram1:34|ram01:24|inverter:30|
|ram1:34|ram01:23|
|ram1:34|ram01:23|eti:28|
|ram1:34|ram01:23|eti:29|
|ram1:34|ram01:23|inverter:30|
|ram1:35|
|ram1:35|ram01:22|
|ram1:35|ram01:22|eti:28|
|ram1:35|ram01:22|eti:29|
|ram1:35|ram01:22|inverter:30|
|ram1:35|ram01:25|
|ram1:35|ram01:25|eti:28|
|ram1:35|ram01:25|eti:29|
|ram1:35|ram01:25|inverter:30|
|ram1:35|ram01:24|
|ram1:35|ram01:24|eti:28|
|ram1:35|ram01:24|eti:29|
|ram1:35|ram01:24|inverter:30|
|ram1:35|ram01:23|
|ram1:35|ram01:23|eti:28|
|ram1:35|ram01:23|eti:29|
|ram1:35|ram01:23|inverter:30|
|ram1:32|
|ram1:32|ram01:22|
|ram1:32|ram01:22|eti:28|
|ram1:32|ram01:22|eti:29|
|ram1:32|ram01:22|inverter:30|
|ram1:32|ram01:25|
|ram1:32|ram01:25|eti:28|
|ram1:32|ram01:25|eti:29|
|ram1:32|ram01:25|inverter:30|
|ram1:32|ram01:24|
|ram1:32|ram01:24|eti:28|
|ram1:32|ram01:24|eti:29|
|ram1:32|ram01:24|inverter:30|
|ram1:32|ram01:23|
|ram1:32|ram01:23|eti:28|
|ram1:32|ram01:23|eti:29|
|ram1:32|ram01:23|inverter:30|
|ram1:33|
|ram1:33|ram01:22|
|ram1:33|ram01:22|eti:28|
|ram1:33|ram01:22|eti:29|
|ram1:33|ram01:22|inverter:30|
|ram1:33|ram01:25|
|ram1:33|ram01:25|eti:28|
|ram1:33|ram01:25|eti:29|
|ram1:33|ram01:25|inverter:30|
|ram1:33|ram01:24|
|ram1:33|ram01:24|eti:28|
|ram1:33|ram01:24|eti:29|
|ram1:33|ram01:24|inverter:30|
|ram1:33|ram01:23|
|ram1:33|ram01:23|eti:28|
|ram1:33|ram01:23|eti:29|
|ram1:33|ram01:23|inverter:30|


Device-Specific Information:e:\documents\science\computer_circuity\labs\mylabs\lab3\ram\ram2.rpt
ram2

***** Logic for device 'ram2' compiled without errors.




Device: EPM9320LC84-15

Device Options:
    Turbo Bit                                    = ON
    Security Bit                                 = OFF
    User Code                                  = ffff
    MultiVolt I/O                              = OFF

                          R        R  R  R        R  R  R  R     R  R  R  R  
                          E        E  E  E        E  E  E  E     E  E  E  E  
                          S        S  S  S        S  S  S  S     S  S  S  S  
                          E        E  E  E        E  E  E  E  V  E  E  E  E  
                 D  D  D  R     D  R  R  R        R  R  R  R  C  R  R  R  R  
                 C  C  C  V  G  C  V  V  V  D  D  V  V  V  V  C  V  V  V  V  
              D  6  6  6  E  N  6  E  E  E  C  C  E  E  E  E  I  E  E  E  E  
              I  2  3  0  D  D  1  D  D  D  1  2  D  D  D  D  O  D  D  D  D  
            -----------------------------------------------------------------_ 
          /  11 10  9  8  7  6  5  4  3  2  1 84 83 82 81 80 79 78 77 76 75   | 
      RD | 12                                                              74 | RESERVED 
     A12 | 13                                                              73 | RESERVED 
  VCCINT | 14                                                              72 | DC3 
   VCCIO | 15                                                              71 | VCCINT 
RESERVED | 16                                                              70 | GND 
RESERVED | 17                                                              69 | RESERVED 
     GND | 18                                                              68 | RESERVED 
RESERVED | 19                                                              67 | GND 
RESERVED | 20                                                              66 | RESERVED 
  VCCINT | 21                                                              65 | RESERVED 
      BI | 22                        EPM9320LC84-15                        64 | VCCINT 
RESERVED | 23                                                              63 | RESERVED 
     GND | 24                                                              62 | RESERVED 
     GND | 25                                                              61 | GND 
RESERVED | 26                                                              60 | VCCIO 
RESERVED | 27                                                              59 | RESERVED 
  VCCINT | 28                                                              58 | RESERVED 
    N.C. | 29                                                              57 | VCCINT 
    #TDO | 30                                                              56 | ^VPP 
     DC4 | 31                                                              55 | #TMS 
      WR | 32                                                              54 | RESERVED 
         |_  33 34 35 36 37 38 39 40 41 42 43 44 45 46 47 48 49 50 51 52 53  _| 
           ------------------------------------------------------------------ 
              C  D  D  D  V  D  R  R  R  #  #  R  R  R  R  G  R  R  R  R  R  
              l  C  C  C  C  C  E  E  E  T  T  E  E  E  E  N  E  E  E  E  E  
              o  5  5  5  C  5  S  S  S  D  C  S  S  S  S  D  S  S  S  S  S  
              c  2  3  0  I  1  E  E  E  I  K  E  E  E  E     E  E  E  E  E  
              k           O     R  R  R        R  R  R  R     R  R  R  R  R  
                                V  V  V        V  V  V  V     V  V  V  V  V  
                                E  E  E        E  E  E  E     E  E  E  E  E  
                                D  D  D        D  D  D  D     D  D  D  D  D  


N.C. = No Connect. This pin has no internal connection to the device.
VCCINT = Dedicated power pin, which MUST be connected to VCC (5.0 volts).
VCCIO = Dedicated power pin, which MUST be connected to VCC (5.0 volts).
GND = Dedicated ground pin or unused dedicated input, which MUST be connected to GND.
RESERVED = Unused I/O pin, which MUST be left unconnected.

# = JTAG Boundary-Scan Testing/In-System Programming or Configuration Pin. The JTAG inputs TMS and TDI should be tied to VCC and TCK should be tied to GND when not in use.
& = JTAG pin used for I/O. When used as user I/O, JTAG pins must be kept stable before and during configuration.  JTAG pin stability prevents accidental loading of JTAG instructions.


Device-Specific Information:e:\documents\science\computer_circuity\labs\mylabs\lab3\ram\ram2.rpt
ram2

** RESOURCE USAGE **

Logic                Column       Row                                   
Array                Interconnect Interconnect         Clears/     External    Shareable
Block   Logic Cells  Driven       Driven       Clocks  Presets   Interconnect  Expanders
A1      14/16( 87%)   7/16( 43%)   0/16(  0%)    0/2    0/2      14/33( 42%)    0/16(  0%)  
A4       1/16(  6%)   1/16(  6%)   0/16(  0%)    0/2    0/2      10/33( 30%)    0/16(  0%)  
A5       2/16( 12%)   1/16(  6%)   0/16(  0%)    0/2    0/2      11/33( 33%)    0/16(  0%)  
B1       1/16(  6%)   0/16(  0%)   1/16(  6%)    0/2    0/2       9/33( 27%)    0/16(  0%)  
B3       4/16( 25%)   0/16(  0%)   2/16( 12%)    0/2    0/2      11/33( 33%)    0/16(  0%)  
B4      12/16( 75%)   0/16(  0%)   6/16( 37%)    0/2    0/2      13/33( 39%)    0/16(  0%)  
B5       1/16(  6%)   0/16(  0%)   1/16(  6%)    0/2    0/2      32/33( 96%)    0/16(  0%)  
C2      14/16( 87%)   7/16( 43%)   0/16(  0%)    0/2    0/2      13/33( 39%)    0/16(  0%)  
D3      14/16( 87%)   6/16( 37%)   1/16(  6%)    0/2    0/2      17/33( 51%)    0/16(  0%)  
D4       4/16( 25%)   2/16( 12%)   0/16(  0%)    0/2    0/2      11/33( 33%)    0/16(  0%)  


Total dedicated input pins used:                 4/4      (100%)
Total I/O pins used:                            14/56     ( 25%)
Total logic cells used:                         67/320    ( 20%)
Total shareable expanders used:                  0/320    (  0%)
Total Turbo logic cells used:                   67/320    ( 20%)
Total shareable expanders not available (n/a):   0/320    (  0%)
Average fan-in:                                  9.76
Total fan-in:                                   654

Total input pins required:                      17
Total input I/O cell registers required:         0
Total output pins required:                      1
Total output I/O cell registers required:        0
Total buried I/O cell registers required:        0
Total bidirectional pins required:               0
Total logic cells required:                     67
Total flipflops required:                       32
Total product terms required:                  101
Total logic cells lending parallel expanders:    0
Total shareable expanders in database:           0
Total packed registers required:                 0

Synthesized logic cells:                         1/ 320   (  0%)

Logic Cell Counts

Column:  01  02  03  04  05  Total
 A:     14   0   0   1   2     17
 B:      1   0   4  12   1     18
 C:      0  14   0   0   0     14
 D:      0   0  14   4   0     18

Total:  15  14  18  17   3     67



Device-Specific Information:e:\documents\science\computer_circuity\labs\mylabs\lab3\ram\ram2.rpt
ram2

** INPUTS **

                                               Shareable
                                               Expanders     Fan-In    Fan-Out
 Pin     LC   Row  Col  Primitive    Code   Total Shared n/a INP  FBK  OUT  FBK  Name
  13      -    -    --      INPUT               0      0   0    0    0    0   64  A12
  33      -    -    01      INPUT               0      0   0    0    0    0   32  Clock
   1      -    -    --      INPUT               0      0   0    0    0    0   65  DC1
  84      -    -    --      INPUT               0      0   0    0    0    0   65  DC2
  72      -    -    --      INPUT               0      0   0    0    0    0   65  DC3
  31      -    -    01      INPUT               0      0   0    0    0    0   65  DC4
  36      -    -    02      INPUT               0      0   0    0    0    0   17  DC50
  38      -    -    02      INPUT               0      0   0    0    0    0   17  DC51
  34      -    -    01      INPUT               0      0   0    0    0    0   17  DC52
  35      -    -    02      INPUT               0      0   0    0    0    0   17  DC53
   8      -    -    02      INPUT               0      0   0    0    0    0   17  DC60
   5      -    -    02      INPUT               0      0   0    0    0    0   17  DC61
  10      -    -    01      INPUT               0      0   0    0    0    0   17  DC62
   9      -    -    01      INPUT               0      0   0    0    0    0   17  DC63
  11      -    -    01      INPUT               0      0   0    0    0    0   32  DI
  12      -    -    01      INPUT               0      0   0    0    0    0   33  RD
  32      -    -    01      INPUT               0      0   0    0    0    0   32  WR


Code:

s = Synthesized pin or logic cell
t = Turbo logic cell
+ = Synchronous flipflop
/ = Slow slew-rate output
! = NOT gate push-back
r = Fitter-inserted logic cell


Device-Specific Information:e:\documents\science\computer_circuity\labs\mylabs\lab3\ram\ram2.rpt
ram2

** OUTPUTS **

                                               Shareable
                                               Expanders     Fan-In    Fan-Out
 Pin     LC   Row  Col  Primitive    Code   Total Shared n/a INP  FBK  OUT  FBK  Name
  22      -    B    --        TRI               0      0   0    0    1    0    0  BI


Code:

s = Synthesized pin or logic cell
t = Turbo logic cell
+ = Synchronous flipflop
/ = Slow slew-rate output
! = NOT gate push-back
r = Fitter-inserted logic cell


Device-Specific Information:e:\documents\science\computer_circuity\labs\mylabs\lab3\ram\ram2.rpt
ram2

** BURIED LOGIC **

                                               Shareable
                                               Expanders     Fan-In    Fan-Out
 IOC     LC   Row  Col  Primitive    Code   Total Shared n/a INP  FBK  OUT  FBK Name
   -     16    D    03       SOFT    s t        0      0   0    0    1    0    0  BI~1
   -      1    B    03       DFFE      t        0      0   0   10    0    0    1  |ram1:32|ram01:22|eti:28|q (|ram1:32|ram01:22|eti:28|:34)
   -     12    B    03        OR2      t !      0      0   0    8    1    0    1  |ram1:32|ram01:22|eti:28|~56~2
   -      2    B    03       DFFE      t        0      0   0   10    0    0    1  |ram1:32|ram01:22|eti:29|q (|ram1:32|ram01:22|eti:29|:34)
   -      5    B    03        OR2      t !      0      0   0    8    1    0    1  |ram1:32|ram01:22|eti:29|~56~1
   -      3    B    04       DFFE      t        0      0   0   10    0    0    1  |ram1:32|ram01:23|eti:28|q (|ram1:32|ram01:23|eti:28|:34)
   -     12    B    04        OR2      t !      0      0   0    8    1    0    1  |ram1:32|ram01:23|eti:28|~56~2
   -      2    B    04       DFFE      t        0      0   0   10    0    0    1  |ram1:32|ram01:23|eti:29|q (|ram1:32|ram01:23|eti:29|:34)
   -      4    B    04        OR2      t !      0      0   0    8    1    0    1  |ram1:32|ram01:23|eti:29|~56~1
   -     13    D    03       DFFE      t        0      0   0   10    0    0    1  |ram1:32|ram01:24|eti:28|q (|ram1:32|ram01:24|eti:28|:34)
   -      6    D    03        OR2      t !      0      0   0    8    1    0    1  |ram1:32|ram01:24|eti:28|~56~2
   -     12    D    03       DFFE      t        0      0   0   10    0    0    1  |ram1:32|ram01:24|eti:29|q (|ram1:32|ram01:24|eti:29|:34)
   -      8    D    03        OR2      t !      0      0   0    8    1    0    1  |ram1:32|ram01:24|eti:29|~56~1
   -      9    B    04       DFFE      t        0      0   0   10    0    0    1  |ram1:32|ram01:25|eti:28|q (|ram1:32|ram01:25|eti:28|:34)
   -      8    B    04        OR2      t !      0      0   0    8    1    0    1  |ram1:32|ram01:25|eti:28|~56~2
   -      7    B    04       DFFE      t        0      0   0   10    0    0    1  |ram1:32|ram01:25|eti:29|q (|ram1:32|ram01:25|eti:29|:34)
   -     13    B    04        OR2      t !      0      0   0    8    1    0    1  |ram1:32|ram01:25|eti:29|~56~1
   -     11    C    02       DFFE      t        0      0   0   10    0    0    1  |ram1:33|ram01:22|eti:28|q (|ram1:33|ram01:22|eti:28|:34)
   -     10    C    02        OR2      t !      0      0   0    8    1    0    1  |ram1:33|ram01:22|eti:28|~56~2
   -      9    C    02       DFFE      t        0      0   0   10    0    0    1  |ram1:33|ram01:22|eti:29|q (|ram1:33|ram01:22|eti:29|:34)
   -      7    C    02        OR2      t !      0      0   0    8    1    0    1  |ram1:33|ram01:22|eti:29|~56~1
   -      8    C    02       DFFE      t        0      0   0   10    0    0    1  |ram1:33|ram01:23|eti:28|q (|ram1:33|ram01:23|eti:28|:34)
   -     14    C    02        OR2      t !      0      0   0    8    1    0    1  |ram1:33|ram01:23|eti:28|~56~2
   -     13    C    02       DFFE      t        0      0   0   10    0    0    1  |ram1:33|ram01:23|eti:29|q (|ram1:33|ram01:23|eti:29|:34)
   -      6    C    02        OR2      t !      0      0   0    8    1    0    1  |ram1:33|ram01:23|eti:29|~56~1
   -      5    D    03       DFFE      t        0      0   0   10    0    0    1  |ram1:33|ram01:24|eti:28|q (|ram1:33|ram01:24|eti:28|:34)
   -      4    D    03        OR2      t !      0      0   0    8    1    0    1  |ram1:33|ram01:24|eti:28|~56~2
   -      7    D    03       DFFE      t        0      0   0   10    0    0    1  |ram1:33|ram01:24|eti:29|q (|ram1:33|ram01:24|eti:29|:34)
   -      3    D    03        OR2      t !      0      0   0    8    1    0    1  |ram1:33|ram01:24|eti:29|~56~1
   -      9    D    03       DFFE      t        0      0   0   10    0    0    1  |ram1:33|ram01:25|eti:28|q (|ram1:33|ram01:25|eti:28|:34)
   -      2    D    03        OR2      t !      0      0   0    8    1    0    1  |ram1:33|ram01:25|eti:28|~56~2
   -     10    D    03       DFFE      t        0      0   0   10    0    0    1  |ram1:33|ram01:25|eti:29|q (|ram1:33|ram01:25|eti:29|:34)
   -      1    D    03        OR2      t !      0      0   0    8    1    0    1  |ram1:33|ram01:25|eti:29|~56~1
   -      1    D    04       DFFE      t        0      0   0   10    0    0    1  |ram1:34|ram01:22|eti:28|q (|ram1:34|ram01:22|eti:28|:34)
   -     11    D    03        XOR      t        0      0   0   13    0    0    1  |ram1:34|ram01:22|eti:28|~56~1~2~2~2
   -     11    B    05       AND4      t        0      0   0    0   32    1    0  |ram1:34|ram01:22|eti:28|~56~1~2~2~3
   -      7    D    04        OR2      t !      0      0   0    8    1    0    1  |ram1:34|ram01:22|eti:28|~56~2
   -      2    D    04       DFFE      t        0      0   0   10    0    0    1  |ram1:34|ram01:22|eti:29|q (|ram1:34|ram01:22|eti:29|:34)
   -      6    D    04        OR2      t !      0      0   0    8    1    0    1  |ram1:34|ram01:22|eti:29|~56~1
   -      6    B    04       DFFE      t        0      0   0   10    0    0    1  |ram1:34|ram01:23|eti:28|q (|ram1:34|ram01:23|eti:28|:34)
   -      5    B    04        OR2      t !      0      0   0    8    1    0    1  |ram1:34|ram01:23|eti:28|~56~2
   -      2    A    04       DFFE      t        0      0   0   10    0    0    1  |ram1:34|ram01:23|eti:29|q (|ram1:34|ram01:23|eti:29|:34)
   -      5    B    01        OR2      t !      0      0   0    8    1    0    1  |ram1:34|ram01:23|eti:29|~56~1
   -     13    A    01       DFFE      t        0      0   0   10    0    0    1  |ram1:34|ram01:24|eti:28|q (|ram1:34|ram01:24|eti:28|:34)
   -      6    A    01        OR2      t !      0      0   0    8    1    0    1  |ram1:34|ram01:24|eti:28|~56~2
   -     14    A    01       DFFE      t        0      0   0   10    0    0    1  |ram1:34|ram01:24|eti:29|q (|ram1:34|ram01:24|eti:29|:34)
   -      3    A    01        OR2      t !      0      0   0    8    1    0    1  |ram1:34|ram01:24|eti:29|~56~1
   -     12    A    01       DFFE      t        0      0   0   10    0    0    1  |ram1:34|ram01:25|eti:28|q (|ram1:34|ram01:25|eti:28|:34)
   -     11    A    01        OR2      t !      0      0   0    8    1    0    1  |ram1:34|ram01:25|eti:28|~56~2
   -     10    B    04       DFFE      t        0      0   0   10    0    0    1  |ram1:34|ram01:25|eti:29|q (|ram1:34|ram01:25|eti:29|:34)
   -      1    B    04        OR2      t !      0      0   0    8    1    0    1  |ram1:34|ram01:25|eti:29|~56~1
   -     12    C    02       DFFE      t        0      0   0   10    0    0    1  |ram1:35|ram01:22|eti:28|q (|ram1:35|ram01:22|eti:28|:34)
   -      5    C    02        OR2      t !      0      0   0    8    1    0    1  |ram1:35|ram01:22|eti:28|~56~2
   -      2    C    02       DFFE      t        0      0   0   10    0    0    1  |ram1:35|ram01:22|eti:29|q (|ram1:35|ram01:22|eti:29|:34)
   -      4    C    02        OR2      t !      0      0   0    8    1    0    1  |ram1:35|ram01:22|eti:29|~56~1
   -      1    A    01       DFFE      t        0      0   0   10    0    0    1  |ram1:35|ram01:23|eti:28|q (|ram1:35|ram01:23|eti:28|:34)
   -      8    A    01        OR2      t !      0      0   0    8    1    0    1  |ram1:35|ram01:23|eti:28|~56~2
   -      3    C    02       DFFE      t        0      0   0   10    0    0    1  |ram1:35|ram01:23|eti:29|q (|ram1:35|ram01:23|eti:29|:34)
   -      1    C    02        OR2      t !      0      0   0    8    1    0    1  |ram1:35|ram01:23|eti:29|~56~1
   -      2    A    01       DFFE      t        0      0   0   10    0    0    1  |ram1:35|ram01:24|eti:28|q (|ram1:35|ram01:24|eti:28|:34)
   -      7    A    01        OR2      t !      0      0   0    8    1    0    1  |ram1:35|ram01:24|eti:28|~56~2
   -     10    A    01       DFFE      t        0      0   0   10    0    0    1  |ram1:35|ram01:24|eti:29|q (|ram1:35|ram01:24|eti:29|:34)
   -      5    A    01        OR2      t !      0      0   0    8    1    0    1  |ram1:35|ram01:24|eti:29|~56~1
   -      9    A    01       DFFE      t        0      0   0   10    0    0    1  |ram1:35|ram01:25|eti:28|q (|ram1:35|ram01:25|eti:28|:34)
   -      4    A    01        OR2      t !      0      0   0    8    1    0    1  |ram1:35|ram01:25|eti:28|~56~2
   -      2    A    05       DFFE      t        0      0   0   10    0    0    1  |ram1:35|ram01:25|eti:29|q (|ram1:35|ram01:25|eti:29|:34)
   -      1    A    05        OR2      t !      0      0   0    8    1    0    1  |ram1:35|ram01:25|eti:29|~56~1


Code:

s = Synthesized pin or logic cell
t = Turbo logic cell
+ = Synchronous flipflop
/ = Slow slew-rate output
! = NOT gate push-back
r = Fitter-inserted logic cell
p = Packed register


Device-Specific Information:e:\documents\science\computer_circuity\labs\mylabs\lab3\ram\ram2.rpt
ram2

** FASTTRACK INTERCONNECT UTILIZATION **

Row FastTrack Interconnect:

         FastTrack                                 
Row     Interconnect    Input Pins     Output Pins     Bidir Pins
A:      14/ 96( 14%)    0/16(  0%)      0/16(  0%)     0/16(  0%)
B:      48/ 96( 50%)    0/16(  0%)      1/16(  6%)     0/16(  0%)
C:      13/ 96( 13%)    0/16(  0%)      0/16(  0%)     0/16(  0%)
D:      18/ 96( 18%)    0/16(  0%)      0/16(  0%)     0/16(  0%)


Column FastTrack Interconnect:

         FastTrack                                 
Column  Interconnect    Input Pins     Output Pins     Bidir Pins
01:     15/48( 31%)     8/20( 40%)      0/20(  0%)       0/20(  0%)
02:     12/48( 25%)     5/20( 25%)      0/20(  0%)       0/20(  0%)
03:      6/48( 12%)     0/20(  0%)      0/20(  0%)       0/20(  0%)
04:      3/48(  6%)     0/20(  0%)      0/20(  0%)       0/20(  0%)
05:      1/48(  2%)     0/20(  0%)      0/20(  0%)       0/20(  0%)


Device-Specific Information:e:\documents\science\computer_circuity\labs\mylabs\lab3\ram\ram2.rpt
ram2

** EQUATIONS **

A12      : INPUT;
Clock    : INPUT;
DC1      : INPUT;
DC2      : INPUT;
DC3      : INPUT;
DC4      : INPUT;
DC50     : INPUT;
DC51     : INPUT;
DC52     : INPUT;
DC53     : INPUT;
DC60     : INPUT;
DC61     : INPUT;
DC62     : INPUT;
DC63     : INPUT;
DI       : INPUT;
RD       : INPUT;
WR       : INPUT;

-- Node name is 'BI' 
-- Equation name is 'BI', type is output 
BI       = TRI(_LC11_B5, !_LC16_D3);

-- Node name is 'BI~1' 
-- Equation name is 'BI~1', location is LC16_D3, type is buried.
-- synthesized logic cell 
_LC16_D3 = LCELL(!_LC11_D3 $  GND);

-- Node name is '|ram1:32|ram01:22|eti:28|:34' = '|ram1:32|ram01:22|eti:28|q' 
-- Equation name is '_LC1_B3', type is buried 
_LC1_B3  = DFFE( DI $  GND,  _EQ001,  VCC,  VCC,  VCC);
  _EQ001 =  A12 &  Clock &  DC1 &  DC2 &  DC3 &  DC4 &  DC50 &  DC60 &  WR;

-- Node name is '|ram1:32|ram01:22|eti:28|~56~2' 
-- Equation name is '_LC12_B3', type is buried 
!_LC12_B3 = _LC12_B3~NOT;
_LC12_B3~NOT = LCELL( _EQ002 $  GND);
  _EQ002 =  A12 &  DC1 &  DC2 &  DC3 &  DC4 &  DC50 &  DC60 & !_LC1_B3 &  RD;

-- Node name is '|ram1:32|ram01:22|eti:29|:34' = '|ram1:32|ram01:22|eti:29|q' 
-- Equation name is '_LC2_B3', type is buried 
_LC2_B3  = DFFE( DI $  GND,  _EQ003,  VCC,  VCC,  VCC);
  _EQ003 = !A12 &  Clock &  DC1 &  DC2 &  DC3 &  DC4 &  DC50 &  DC60 &  WR;

-- Node name is '|ram1:32|ram01:22|eti:29|~56~1' 
-- Equation name is '_LC5_B3', type is buried 
!_LC5_B3 = _LC5_B3~NOT;
_LC5_B3~NOT = LCELL( _EQ004 $  GND);
  _EQ004 = !A12 &  DC1 &  DC2 &  DC3 &  DC4 &  DC50 &  DC60 & !_LC2_B3 &  RD;

-- Node name is '|ram1:32|ram01:23|eti:28|:34' = '|ram1:32|ram01:23|eti:28|q' 
-- Equation name is '_LC3_B4', type is buried 
_LC3_B4  = DFFE( DI $  GND,  _EQ005,  VCC,  VCC,  VCC);
  _EQ005 =  A12 &  Clock &  DC1 &  DC2 &  DC3 &  DC4 &  DC50 &  DC62 &  WR;

-- Node name is '|ram1:32|ram01:23|eti:28|~56~2' 
-- Equation name is '_LC12_B4', type is buried 
!_LC12_B4 = _LC12_B4~NOT;
_LC12_B4~NOT = LCELL( _EQ006 $  GND);
  _EQ006 =  A12 &  DC1 &  DC2 &  DC3 &  DC4 &  DC50 &  DC62 & !_LC3_B4 &  RD;

-- Node name is '|ram1:32|ram01:23|eti:29|:34' = '|ram1:32|ram01:23|eti:29|q' 
-- Equation name is '_LC2_B4', type is buried 
_LC2_B4  = DFFE( DI $  GND,  _EQ007,  VCC,  VCC,  VCC);
  _EQ007 = !A12 &  Clock &  DC1 &  DC2 &  DC3 &  DC4 &  DC50 &  DC62 &  WR;

-- Node name is '|ram1:32|ram01:23|eti:29|~56~1' 
-- Equation name is '_LC4_B4', type is buried 
!_LC4_B4 = _LC4_B4~NOT;
_LC4_B4~NOT = LCELL( _EQ008 $  GND);
  _EQ008 = !A12 &  DC1 &  DC2 &  DC3 &  DC4 &  DC50 &  DC62 & !_LC2_B4 &  RD;

-- Node name is '|ram1:32|ram01:24|eti:28|:34' = '|ram1:32|ram01:24|eti:28|q' 
-- Equation name is '_LC13_D3', type is buried 
_LC13_D3 = DFFE( DI $  GND,  _EQ009,  VCC,  VCC,  VCC);
  _EQ009 =  A12 &  Clock &  DC1 &  DC2 &  DC3 &  DC4 &  DC50 &  DC61 &  WR;

-- Node name is '|ram1:32|ram01:24|eti:28|~56~2' 
-- Equation name is '_LC6_D3', type is buried 
!_LC6_D3 = _LC6_D3~NOT;
_LC6_D3~NOT = LCELL( _EQ010 $  GND);
  _EQ010 =  A12 &  DC1 &  DC2 &  DC3 &  DC4 &  DC50 &  DC61 & !_LC13_D3 &  RD;

-- Node name is '|ram1:32|ram01:24|eti:29|:34' = '|ram1:32|ram01:24|eti:29|q' 
-- Equation name is '_LC12_D3', type is buried 
_LC12_D3 = DFFE( DI $  GND,  _EQ011,  VCC,  VCC,  VCC);
  _EQ011 = !A12 &  Clock &  DC1 &  DC2 &  DC3 &  DC4 &  DC50 &  DC61 &  WR;

-- Node name is '|ram1:32|ram01:24|eti:29|~56~1' 
-- Equation name is '_LC8_D3', type is buried 
!_LC8_D3 = _LC8_D3~NOT;
_LC8_D3~NOT = LCELL( _EQ012 $  GND);
  _EQ012 = !A12 &  DC1 &  DC2 &  DC3 &  DC4 &  DC50 &  DC61 & !_LC12_D3 &  RD;

-- Node name is '|ram1:32|ram01:25|eti:28|:34' = '|ram1:32|ram01:25|eti:28|q' 
-- Equation name is '_LC9_B4', type is buried 
_LC9_B4  = DFFE( DI $  GND,  _EQ013,  VCC,  VCC,  VCC);
  _EQ013 =  A12 &  Clock &  DC1 &  DC2 &  DC3 &  DC4 &  DC50 &  DC63 &  WR;

-- Node name is '|ram1:32|ram01:25|eti:28|~56~2' 
-- Equation name is '_LC8_B4', type is buried 
!_LC8_B4 = _LC8_B4~NOT;
_LC8_B4~NOT = LCELL( _EQ014 $  GND);
  _EQ014 =  A12 &  DC1 &  DC2 &  DC3 &  DC4 &  DC50 &  DC63 & !_LC9_B4 &  RD;

-- Node name is '|ram1:32|ram01:25|eti:29|:34' = '|ram1:32|ram01:25|eti:29|q' 
-- Equation name is '_LC7_B4', type is buried 
_LC7_B4  = DFFE( DI $  GND,  _EQ015,  VCC,  VCC,  VCC);
  _EQ015 = !A12 &  Clock &  DC1 &  DC2 &  DC3 &  DC4 &  DC50 &  DC63 &  WR;

-- Node name is '|ram1:32|ram01:25|eti:29|~56~1' 
-- Equation name is '_LC13_B4', type is buried 
!_LC13_B4 = _LC13_B4~NOT;
_LC13_B4~NOT = LCELL( _EQ016 $  GND);
  _EQ016 = !A12 &  DC1 &  DC2 &  DC3 &  DC4 &  DC50 &  DC63 & !_LC7_B4 &  RD;

-- Node name is '|ram1:33|ram01:22|eti:28|:34' = '|ram1:33|ram01:22|eti:28|q' 
-- Equation name is '_LC11_C2', type is buried 
_LC11_C2 = DFFE( DI $  GND,  _EQ017,  VCC,  VCC,  VCC);
  _EQ017 =  A12 &  Clock &  DC1 &  DC2 &  DC3 &  DC4 &  DC51 &  DC60 &  WR;

-- Node name is '|ram1:33|ram01:22|eti:28|~56~2' 
-- Equation name is '_LC10_C2', type is buried 
!_LC10_C2 = _LC10_C2~NOT;
_LC10_C2~NOT = LCELL( _EQ018 $  GND);
  _EQ018 =  A12 &  DC1 &  DC2 &  DC3 &  DC4 &  DC51 &  DC60 & !_LC11_C2 &  RD;

-- Node name is '|ram1:33|ram01:22|eti:29|:34' = '|ram1:33|ram01:22|eti:29|q' 
-- Equation name is '_LC9_C2', type is buried 
_LC9_C2  = DFFE( DI $  GND,  _EQ019,  VCC,  VCC,  VCC);
  _EQ019 = !A12 &  Clock &  DC1 &  DC2 &  DC3 &  DC4 &  DC51 &  DC60 &  WR;

-- Node name is '|ram1:33|ram01:22|eti:29|~56~1' 
-- Equation name is '_LC7_C2', type is buried 
!_LC7_C2 = _LC7_C2~NOT;
_LC7_C2~NOT = LCELL( _EQ020 $  GND);
  _EQ020 = !A12 &  DC1 &  DC2 &  DC3 &  DC4 &  DC51 &  DC60 & !_LC9_C2 &  RD;

-- Node name is '|ram1:33|ram01:23|eti:28|:34' = '|ram1:33|ram01:23|eti:28|q' 
-- Equation name is '_LC8_C2', type is buried 
_LC8_C2  = DFFE( DI $  GND,  _EQ021,  VCC,  VCC,  VCC);
  _EQ021 =  A12 &  Clock &  DC1 &  DC2 &  DC3 &  DC4 &  DC51 &  DC62 &  WR;

-- Node name is '|ram1:33|ram01:23|eti:28|~56~2' 
-- Equation name is '_LC14_C2', type is buried 
!_LC14_C2 = _LC14_C2~NOT;
_LC14_C2~NOT = LCELL( _EQ022 $  GND);
  _EQ022 =  A12 &  DC1 &  DC2 &  DC3 &  DC4 &  DC51 &  DC62 & !_LC8_C2 &  RD;

-- Node name is '|ram1:33|ram01:23|eti:29|:34' = '|ram1:33|ram01:23|eti:29|q' 
-- Equation name is '_LC13_C2', type is buried 
_LC13_C2 = DFFE( DI $  GND,  _EQ023,  VCC,  VCC,  VCC);
  _EQ023 = !A12 &  Clock &  DC1 &  DC2 &  DC3 &  DC4 &  DC51 &  DC62 &  WR;

-- Node name is '|ram1:33|ram01:23|eti:29|~56~1' 
-- Equation name is '_LC6_C2', type is buried 
!_LC6_C2 = _LC6_C2~NOT;
_LC6_C2~NOT = LCELL( _EQ024 $  GND);
  _EQ024 = !A12 &  DC1 &  DC2 &  DC3 &  DC4 &  DC51 &  DC62 & !_LC13_C2 &  RD;

-- Node name is '|ram1:33|ram01:24|eti:28|:34' = '|ram1:33|ram01:24|eti:28|q' 
-- Equation name is '_LC5_D3', type is buried 
_LC5_D3  = DFFE( DI $  GND,  _EQ025,  VCC,  VCC,  VCC);
  _EQ025 =  A12 &  Clock &  DC1 &  DC2 &  DC3 &  DC4 &  DC51 &  DC61 &  WR;

-- Node name is '|ram1:33|ram01:24|eti:28|~56~2' 
-- Equation name is '_LC4_D3', type is buried 
!_LC4_D3 = _LC4_D3~NOT;
_LC4_D3~NOT = LCELL( _EQ026 $  GND);
  _EQ026 =  A12 &  DC1 &  DC2 &  DC3 &  DC4 &  DC51 &  DC61 & !_LC5_D3 &  RD;

-- Node name is '|ram1:33|ram01:24|eti:29|:34' = '|ram1:33|ram01:24|eti:29|q' 
-- Equation name is '_LC7_D3', type is buried 
_LC7_D3  = DFFE( DI $  GND,  _EQ027,  VCC,  VCC,  VCC);
  _EQ027 = !A12 &  Clock &  DC1 &  DC2 &  DC3 &  DC4 &  DC51 &  DC61 &  WR;

-- Node name is '|ram1:33|ram01:24|eti:29|~56~1' 
-- Equation name is '_LC3_D3', type is buried 
!_LC3_D3 = _LC3_D3~NOT;
_LC3_D3~NOT = LCELL( _EQ028 $  GND);
  _EQ028 = !A12 &  DC1 &  DC2 &  DC3 &  DC4 &  DC51 &  DC61 & !_LC7_D3 &  RD;

-- Node name is '|ram1:33|ram01:25|eti:28|:34' = '|ram1:33|ram01:25|eti:28|q' 
-- Equation name is '_LC9_D3', type is buried 
_LC9_D3  = DFFE( DI $  GND,  _EQ029,  VCC,  VCC,  VCC);
  _EQ029 =  A12 &  Clock &  DC1 &  DC2 &  DC3 &  DC4 &  DC51 &  DC63 &  WR;

-- Node name is '|ram1:33|ram01:25|eti:28|~56~2' 
-- Equation name is '_LC2_D3', type is buried 
!_LC2_D3 = _LC2_D3~NOT;
_LC2_D3~NOT = LCELL( _EQ030 $  GND);
  _EQ030 =  A12 &  DC1 &  DC2 &  DC3 &  DC4 &  DC51 &  DC63 & !_LC9_D3 &  RD;

-- Node name is '|ram1:33|ram01:25|eti:29|:34' = '|ram1:33|ram01:25|eti:29|q' 
-- Equation name is '_LC10_D3', type is buried 
_LC10_D3 = DFFE( DI $  GND,  _EQ031,  VCC,  VCC,  VCC);
  _EQ031 = !A12 &  Clock &  DC1 &  DC2 &  DC3 &  DC4 &  DC51 &  DC63 &  WR;

-- Node name is '|ram1:33|ram01:25|eti:29|~56~1' 
-- Equation name is '_LC1_D3', type is buried 
!_LC1_D3 = _LC1_D3~NOT;
_LC1_D3~NOT = LCELL( _EQ032 $  GND);
  _EQ032 = !A12 &  DC1 &  DC2 &  DC3 &  DC4 &  DC51 &  DC63 & !_LC10_D3 &  RD;

-- Node name is '|ram1:34|ram01:22|eti:28|:34' = '|ram1:34|ram01:22|eti:28|q' 
-- Equation name is '_LC1_D4', type is buried 
_LC1_D4  = DFFE( DI $  GND,  _EQ033,  VCC,  VCC,  VCC);
  _EQ033 =  A12 &  Clock &  DC1 &  DC2 &  DC3 &  DC4 &  DC52 &  DC60 &  WR;

-- Node name is '|ram1:34|ram01:22|eti:28|~56~1~2~2~2' 
-- Equation name is '_LC11_D3', type is buried 
_LC11_D3 = LCELL( _EQ034 $  _EQ035);
  _EQ034 =  DC1 &  DC2 &  DC3 &  DC4 & !DC50 & !DC51 & !DC52 & !DC53 &  RD
         #  DC1 &  DC2 &  DC3 &  DC4 & !DC60 & !DC61 & !DC62 & !DC63 &  RD;
  _EQ035 =  DC1 &  DC2 &  DC3 &  DC4 &  RD;

-- Node name is '|ram1:34|ram01:22|eti:28|~56~1~2~2~3' 
-- Equation name is '_LC11_B5', type is buried 
_LC11_B5 = LCELL( _EQ036 $  GND);
  _EQ036 =  _LC1_A5 &  _LC1_B4 &  _LC1_C2 &  _LC1_D3 &  _LC2_D3 &  _LC3_A1 & 
              _LC3_D3 &  _LC4_A1 &  _LC4_B4 &  _LC4_C2 &  _LC4_D3 &  _LC5_A1 & 
              _LC5_B1 &  _LC5_B3 &  _LC5_B4 &  _LC5_C2 &  _LC6_A1 &  _LC6_C2 & 
              _LC6_D3 &  _LC6_D4 &  _LC7_A1 &  _LC7_C2 &  _LC7_D4 &  _LC8_A1 & 
              _LC8_B4 &  _LC8_D3 &  _LC10_C2 &  _LC11_A1 &  _LC12_B3 & 
              _LC12_B4 &  _LC13_B4 &  _LC14_C2;

-- Node name is '|ram1:34|ram01:22|eti:28|~56~2' 
-- Equation name is '_LC7_D4', type is buried 
!_LC7_D4 = _LC7_D4~NOT;
_LC7_D4~NOT = LCELL( _EQ037 $  GND);
  _EQ037 =  A12 &  DC1 &  DC2 &  DC3 &  DC4 &  DC52 &  DC60 & !_LC1_D4 &  RD;

-- Node name is '|ram1:34|ram01:22|eti:29|:34' = '|ram1:34|ram01:22|eti:29|q' 
-- Equation name is '_LC2_D4', type is buried 
_LC2_D4  = DFFE( DI $  GND,  _EQ038,  VCC,  VCC,  VCC);
  _EQ038 = !A12 &  Clock &  DC1 &  DC2 &  DC3 &  DC4 &  DC52 &  DC60 &  WR;

-- Node name is '|ram1:34|ram01:22|eti:29|~56~1' 
-- Equation name is '_LC6_D4', type is buried 
!_LC6_D4 = _LC6_D4~NOT;
_LC6_D4~NOT = LCELL( _EQ039 $  GND);
  _EQ039 = !A12 &  DC1 &  DC2 &  DC3 &  DC4 &  DC52 &  DC60 & !_LC2_D4 &  RD;

-- Node name is '|ram1:34|ram01:23|eti:28|:34' = '|ram1:34|ram01:23|eti:28|q' 
-- Equation name is '_LC6_B4', type is buried 
_LC6_B4  = DFFE( DI $  GND,  _EQ040,  VCC,  VCC,  VCC);
  _EQ040 =  A12 &  Clock &  DC1 &  DC2 &  DC3 &  DC4 &  DC52 &  DC62 &  WR;

-- Node name is '|ram1:34|ram01:23|eti:28|~56~2' 
-- Equation name is '_LC5_B4', type is buried 
!_LC5_B4 = _LC5_B4~NOT;
_LC5_B4~NOT = LCELL( _EQ041 $  GND);
  _EQ041 =  A12 &  DC1 &  DC2 &  DC3 &  DC4 &  DC52 &  DC62 & !_LC6_B4 &  RD;

-- Node name is '|ram1:34|ram01:23|eti:29|:34' = '|ram1:34|ram01:23|eti:29|q' 
-- Equation name is '_LC2_A4', type is buried 
_LC2_A4  = DFFE( DI $  GND,  _EQ042,  VCC,  VCC,  VCC);
  _EQ042 = !A12 &  Clock &  DC1 &  DC2 &  DC3 &  DC4 &  DC52 &  DC62 &  WR;

-- Node name is '|ram1:34|ram01:23|eti:29|~56~1' 
-- Equation name is '_LC5_B1', type is buried 
!_LC5_B1 = _LC5_B1~NOT;
_LC5_B1~NOT = LCELL( _EQ043 $  GND);
  _EQ043 = !A12 &  DC1 &  DC2 &  DC3 &  DC4 &  DC52 &  DC62 & !_LC2_A4 &  RD;

-- Node name is '|ram1:34|ram01:24|eti:28|:34' = '|ram1:34|ram01:24|eti:28|q' 
-- Equation name is '_LC13_A1', type is buried 
_LC13_A1 = DFFE( DI $  GND,  _EQ044,  VCC,  VCC,  VCC);
  _EQ044 =  A12 &  Clock &  DC1 &  DC2 &  DC3 &  DC4 &  DC52 &  DC61 &  WR;

-- Node name is '|ram1:34|ram01:24|eti:28|~56~2' 
-- Equation name is '_LC6_A1', type is buried 
!_LC6_A1 = _LC6_A1~NOT;
_LC6_A1~NOT = LCELL( _EQ045 $  GND);
  _EQ045 =  A12 &  DC1 &  DC2 &  DC3 &  DC4 &  DC52 &  DC61 & !_LC13_A1 &  RD;

-- Node name is '|ram1:34|ram01:24|eti:29|:34' = '|ram1:34|ram01:24|eti:29|q' 
-- Equation name is '_LC14_A1', type is buried 
_LC14_A1 = DFFE( DI $  GND,  _EQ046,  VCC,  VCC,  VCC);
  _EQ046 = !A12 &  Clock &  DC1 &  DC2 &  DC3 &  DC4 &  DC52 &  DC61 &  WR;

-- Node name is '|ram1:34|ram01:24|eti:29|~56~1' 
-- Equation name is '_LC3_A1', type is buried 
!_LC3_A1 = _LC3_A1~NOT;
_LC3_A1~NOT = LCELL( _EQ047 $  GND);
  _EQ047 = !A12 &  DC1 &  DC2 &  DC3 &  DC4 &  DC52 &  DC61 & !_LC14_A1 &  RD;

-- Node name is '|ram1:34|ram01:25|eti:28|:34' = '|ram1:34|ram01:25|eti:28|q' 
-- Equation name is '_LC12_A1', type is buried 
_LC12_A1 = DFFE( DI $  GND,  _EQ048,  VCC,  VCC,  VCC);
  _EQ048 =  A12 &  Clock &  DC1 &  DC2 &  DC3 &  DC4 &  DC52 &  DC63 &  WR;

-- Node name is '|ram1:34|ram01:25|eti:28|~56~2' 
-- Equation name is '_LC11_A1', type is buried 
!_LC11_A1 = _LC11_A1~NOT;
_LC11_A1~NOT = LCELL( _EQ049 $  GND);
  _EQ049 =  A12 &  DC1 &  DC2 &  DC3 &  DC4 &  DC52 &  DC63 & !_LC12_A1 &  RD;

-- Node name is '|ram1:34|ram01:25|eti:29|:34' = '|ram1:34|ram01:25|eti:29|q' 
-- Equation name is '_LC10_B4', type is buried 
_LC10_B4 = DFFE( DI $  GND,  _EQ050,  VCC,  VCC,  VCC);
  _EQ050 = !A12 &  Clock &  DC1 &  DC2 &  DC3 &  DC4 &  DC52 &  DC63 &  WR;

-- Node name is '|ram1:34|ram01:25|eti:29|~56~1' 
-- Equation name is '_LC1_B4', type is buried 
!_LC1_B4 = _LC1_B4~NOT;
_LC1_B4~NOT = LCELL( _EQ051 $  GND);
  _EQ051 = !A12 &  DC1 &  DC2 &  DC3 &  DC4 &  DC52 &  DC63 & !_LC10_B4 &  RD;

-- Node name is '|ram1:35|ram01:22|eti:28|:34' = '|ram1:35|ram01:22|eti:28|q' 
-- Equation name is '_LC12_C2', type is buried 
_LC12_C2 = DFFE( DI $  GND,  _EQ052,  VCC,  VCC,  VCC);
  _EQ052 =  A12 &  Clock &  DC1 &  DC2 &  DC3 &  DC4 &  DC53 &  DC60 &  WR;

-- Node name is '|ram1:35|ram01:22|eti:28|~56~2' 
-- Equation name is '_LC5_C2', type is buried 
!_LC5_C2 = _LC5_C2~NOT;
_LC5_C2~NOT = LCELL( _EQ053 $  GND);
  _EQ053 =  A12 &  DC1 &  DC2 &  DC3 &  DC4 &  DC53 &  DC60 & !_LC12_C2 &  RD;

-- Node name is '|ram1:35|ram01:22|eti:29|:34' = '|ram1:35|ram01:22|eti:29|q' 
-- Equation name is '_LC2_C2', type is buried 
_LC2_C2  = DFFE( DI $  GND,  _EQ054,  VCC,  VCC,  VCC);
  _EQ054 = !A12 &  Clock &  DC1 &  DC2 &  DC3 &  DC4 &  DC53 &  DC60 &  WR;

-- Node name is '|ram1:35|ram01:22|eti:29|~56~1' 
-- Equation name is '_LC4_C2', type is buried 
!_LC4_C2 = _LC4_C2~NOT;
_LC4_C2~NOT = LCELL( _EQ055 $  GND);
  _EQ055 = !A12 &  DC1 &  DC2 &  DC3 &  DC4 &  DC53 &  DC60 & !_LC2_C2 &  RD;

-- Node name is '|ram1:35|ram01:23|eti:28|:34' = '|ram1:35|ram01:23|eti:28|q' 
-- Equation name is '_LC1_A1', type is buried 
_LC1_A1  = DFFE( DI $  GND,  _EQ056,  VCC,  VCC,  VCC);
  _EQ056 =  A12 &  Clock &  DC1 &  DC2 &  DC3 &  DC4 &  DC53 &  DC62 &  WR;

-- Node name is '|ram1:35|ram01:23|eti:28|~56~2' 
-- Equation name is '_LC8_A1', type is buried 
!_LC8_A1 = _LC8_A1~NOT;
_LC8_A1~NOT = LCELL( _EQ057 $  GND);
  _EQ057 =  A12 &  DC1 &  DC2 &  DC3 &  DC4 &  DC53 &  DC62 & !_LC1_A1 &  RD;

-- Node name is '|ram1:35|ram01:23|eti:29|:34' = '|ram1:35|ram01:23|eti:29|q' 
-- Equation name is '_LC3_C2', type is buried 
_LC3_C2  = DFFE( DI $  GND,  _EQ058,  VCC,  VCC,  VCC);
  _EQ058 = !A12 &  Clock &  DC1 &  DC2 &  DC3 &  DC4 &  DC53 &  DC62 &  WR;

-- Node name is '|ram1:35|ram01:23|eti:29|~56~1' 
-- Equation name is '_LC1_C2', type is buried 
!_LC1_C2 = _LC1_C2~NOT;
_LC1_C2~NOT = LCELL( _EQ059 $  GND);
  _EQ059 = !A12 &  DC1 &  DC2 &  DC3 &  DC4 &  DC53 &  DC62 & !_LC3_C2 &  RD;

-- Node name is '|ram1:35|ram01:24|eti:28|:34' = '|ram1:35|ram01:24|eti:28|q' 
-- Equation name is '_LC2_A1', type is buried 
_LC2_A1  = DFFE( DI $  GND,  _EQ060,  VCC,  VCC,  VCC);
  _EQ060 =  A12 &  Clock &  DC1 &  DC2 &  DC3 &  DC4 &  DC53 &  DC61 &  WR;

-- Node name is '|ram1:35|ram01:24|eti:28|~56~2' 
-- Equation name is '_LC7_A1', type is buried 
!_LC7_A1 = _LC7_A1~NOT;
_LC7_A1~NOT = LCELL( _EQ061 $  GND);
  _EQ061 =  A12 &  DC1 &  DC2 &  DC3 &  DC4 &  DC53 &  DC61 & !_LC2_A1 &  RD;

-- Node name is '|ram1:35|ram01:24|eti:29|:34' = '|ram1:35|ram01:24|eti:29|q' 
-- Equation name is '_LC10_A1', type is buried 
_LC10_A1 = DFFE( DI $  GND,  _EQ062,  VCC,  VCC,  VCC);
  _EQ062 = !A12 &  Clock &  DC1 &  DC2 &  DC3 &  DC4 &  DC53 &  DC61 &  WR;

-- Node name is '|ram1:35|ram01:24|eti:29|~56~1' 
-- Equation name is '_LC5_A1', type is buried 
!_LC5_A1 = _LC5_A1~NOT;
_LC5_A1~NOT = LCELL( _EQ063 $  GND);
  _EQ063 = !A12 &  DC1 &  DC2 &  DC3 &  DC4 &  DC53 &  DC61 & !_LC10_A1 &  RD;

-- Node name is '|ram1:35|ram01:25|eti:28|:34' = '|ram1:35|ram01:25|eti:28|q' 
-- Equation name is '_LC9_A1', type is buried 
_LC9_A1  = DFFE( DI $  GND,  _EQ064,  VCC,  VCC,  VCC);
  _EQ064 =  A12 &  Clock &  DC1 &  DC2 &  DC3 &  DC4 &  DC53 &  DC63 &  WR;

-- Node name is '|ram1:35|ram01:25|eti:28|~56~2' 
-- Equation name is '_LC4_A1', type is buried 
!_LC4_A1 = _LC4_A1~NOT;
_LC4_A1~NOT = LCELL( _EQ065 $  GND);
  _EQ065 =  A12 &  DC1 &  DC2 &  DC3 &  DC4 &  DC53 &  DC63 & !_LC9_A1 &  RD;

-- Node name is '|ram1:35|ram01:25|eti:29|:34' = '|ram1:35|ram01:25|eti:29|q' 
-- Equation name is '_LC2_A5', type is buried 
_LC2_A5  = DFFE( DI $  GND,  _EQ066,  VCC,  VCC,  VCC);
  _EQ066 = !A12 &  Clock &  DC1 &  DC2 &  DC3 &  DC4 &  DC53 &  DC63 &  WR;

-- Node name is '|ram1:35|ram01:25|eti:29|~56~1' 
-- Equation name is '_LC1_A5', type is buried 
!_LC1_A5 = _LC1_A5~NOT;
_LC1_A5~NOT = LCELL( _EQ067 $  GND);
  _EQ067 = !A12 &  DC1 &  DC2 &  DC3 &  DC4 &  DC53 &  DC63 & !_LC2_A5 &  RD;



Project Informatione:\documents\science\computer_circuity\labs\mylabs\lab3\ram\ram2.rpt

** COMPILATION SETTINGS & TIMES **

Processing Menu Commands
------------------------

Design Doctor                             = off

Logic Synthesis:

   Synthesis Type Used                    = Multi-Level

   Default Synthesis Style                = NORMAL

      Logic option settings in 'NORMAL' style for 'MAX9000' family

      DECOMPOSE_GATES                     = on
      DUPLICATE_LOGIC_EXTRACTION          = on
      MINIMIZATION                        = full
      MULTI_LEVEL_FACTORING               = on
      NOT_GATE_PUSH_BACK                  = on
      PARALLEL_EXPANDERS                  = off
      REDUCE_LOGIC                        = on
      REFACTORIZATION                     = on
      REGISTER_OPTIMIZATION               = on
      RESYNTHESIZE_NETWORK                = on
      SLOW_SLEW_RATE                      = off
      SOFT_BUFFER_INSERTION               = on
      SUBFACTOR_EXTRACTION                = on
      TURBO_BIT                           = on
      XOR_SYNTHESIS                       = on
      IGNORE_SOFT_BUFFERS                 = off
      USE_LPM_FOR_AHDL_OPERATORS          = off

   Other logic synthesis settings:

      Automatic Global Clock              = on
      Automatic Global Clear              = on
      Automatic Global Preset             = on
      Automatic Global Output Enable      = on
      Automatic Fast I/O                  = off
      Automatic Register Packing          = off
      Automatic Open-Drain Pins           = on
      Automatic Implement in EAB          = off
      One-Hot State Machine Encoding      = off
      Optimize                            = 5

Default Timing Specifications: None

Cut All Bidir Feedback Timing Paths       = on
Cut All Clear & Preset Timing Paths       = on

Ignore Timing Assignments                 = off

Functional SNF Extractor                  = off

Linked SNF Extractor                      = off
Timing SNF Extractor                      = on
Optimize Timing SNF                       = off
Generate AHDL TDO File                    = off
Fitter Settings                           = NORMAL
Smart Recompile                           = off
Total Recompile                           = off

Interfaces Menu Commands
------------------------

EDIF Netlist Writer                       = off
Verilog Netlist Writer                    = off
VHDL Netlist Writer                       = off

Compilation Times
-----------------

   Compiler Netlist Extractor             00:00:00
   Database Builder                       00:00:00
   Logic Synthesizer                      00:00:00
   Partitioner                            00:00:01
   Fitter                                 00:00:00
   Timing SNF Extractor                   00:00:00
   Assembler                              00:00:01
   --------------------------             --------
   Total Time                             00:00:02


Memory Allocated
-----------------

Peak memory allocated during compilation  = 8,540K
