
ASEM-51 V1.3                                         Copyright (c) 2002 by W.W. Heinz                                         PAGE 1





       MCS-51 Family Macro Assembler   A S E M - 5 1   V 1.3
       =====================================================



	Source File:	comparch2_lab4.asm
	Object File:	comparch2_lab4.hex
	List File:	comparch2_lab4.lst



 Line  I  Addr  Code            Source

    1:				;
    2:				; Task:
    3:				;     Z5.Z4.Z3.Z2.Z1.Z0 = X2.X1.X0 * Y2.Y1.Y0
    4:				;     1 mul, 24
    5:				;     X: CF, Y: TF, Z: TF
    6:
    7:		N      007F		Xhigh 			EQU 7Fh
    8:		N      00FF		Xmean 			EQU 0FFh
    9:		N      00FF		Xlow			EQU 0FFh
   10:		N      00FF		Yhigh 			EQU 0FFh
   11:		N      00FF		Ymean 			EQU 0FFh
   12:		N      00FF		Ylow			EQU 0FFh
   13:
   14:		N      0020		Adr_Xhigh		EQU 20h
   15:		N      0021		Adr_Xmean		EQU 21h
   16:		N      0022		Adr_Xlow 		EQU 22h
   17:		N      0023		Adr_Yhigh		EQU 23h
   18:		N      0024		Adr_Ymean 		EQU 24h
   19:		N      0025		Adr_Ylow 	 	EQU 25h
   20:		N      0028		Adr_Zhigh_high 	EQU 28h
   21:		N      0029		Adr_Zmean_high 	EQU 29h
   22:		N      002A		Adr_Zlow_high 	EQU 2Ah
   23:		N      002B		Adr_Zhigh_low 	EQU 2Bh
   24:		N      002C		Adr_Zmean_low 	EQU 2Ch
   25:		N      002D		Adr_Zlow_low 	EQU 2Dh
   26:
   27:		N      0018		Size			EQU 24
   28:
   29:				; load operands
   30:	  0000	75 20 7F		MOV Adr_Xhigh, #Xhigh
   31:	  0003	75 21 FF		MOV Adr_Xmean, #Xmean
   32:	  0006	75 22 FF		MOV Adr_Xlow, #Xlow
   33:	  0009	75 23 FF		MOV Adr_Yhigh, #Yhigh
   34:	  000C	75 24 FF		MOV Adr_Ymean, #Ymean
   35:	  000F	75 25 FF		MOV Adr_Ylow, #Ylow
   36:
   37:
   38:	  0012	30 07 24		JNB 7h, X_positive
   39:				; convert to true form
   40:	  0015	E5 22			MOV A, Adr_Xlow
   41:	  0017	F4			CPL A
   42:	  0018	F5 22			MOV Adr_Xlow, A
   43:	  001A	E5 21			MOV A, Adr_Xmean

ASEM-51 V1.3                                         Copyright (c) 2002 by W.W. Heinz                                         PAGE 2



 Line  I  Addr  Code            Source

   44:	  001C	F4			CPL A
   45:	  001D	F5 21			MOV Adr_Xmean, A
   46:	  001F	E5 20			MOV A, Adr_Xhigh
   47:	  0021	F4			CPL A
   48:	  0022	F5 20			MOV Adr_Xhigh, A
   49:
   50:	  0024	C3			CLR C
   51:	  0025	E5 22			MOV A, Adr_Xlow
   52:	  0027	34 01			ADDC A, #1
   53:	  0029	F5 22			MOV Adr_Xlow, A
   54:	  002B	E5 21			MOV A, Adr_Xmean
   55:	  002D	34 00			ADDC A, #0
   56:	  002F	F5 21			MOV Adr_Xmean, A
   57:	  0031	E5 20			MOV A, Adr_Xhigh
   58:	  0033	34 00			ADDC A, #0
   59:	  0035	F5 20			MOV Adr_Xhigh, A
   60:
   61:	  0037	D2 07			SETB 7h
   62:
   63:	  0039			X_positive:
   64:
   65:				; analyse sign
   66:	  0039	E5 20			MOV A, Adr_Xhigh
   67:	  003B	65 23			XRL A, Adr_Yhigh
   68:	  003D	30 E7 02		JNB ACC.7, nosign
   69:				; save sign
   70:	  0040	D2 D1			SETB PSW.1
   71:
   72:	  0042			nosign:
   73:	  0042	C2 07			CLR 7h
   74:	  0044	C2 1F			CLR 1Fh
   75:
   76:	  0046	78 18			MOV R0, #Size
   77:	  0048			loop:
   78:				; shift X to the right
   79:	  0048	C3			CLR C
   80:	  0049	E5 20			MOV A, Adr_Xhigh
   81:	  004B	13			RRC A
   82:	  004C	F5 20			MOV Adr_Xhigh, A
   83:	  004E	E5 21			MOV A, Adr_Xmean
   84:	  0050	13			RRC A
   85:	  0051	F5 21			MOV Adr_Xmean, A
   86:	  0053	E5 22			MOV A, Adr_Xlow
   87:	  0055	13			RRC A
   88:	  0056	F5 22			MOV Adr_Xlow, A
   89:
   90:	  0058	50 13			JNC C0
   91:
   92:				; add X and Z
   93:	  005A	C3			CLR C
   94:	  005B	E5 25			MOV A, Adr_Ylow
   95:	  005D	35 2A		    ADDC A, Adr_Zlow_high
   96:	  005F	F5 2A			MOV Adr_Zlow_high, A
   97:	  0061	E5 24			MOV A, Adr_Ymean
   98:	  0063	35 29			ADDC A, Adr_Zmean_high
   99:	  0065	F5 29			MOV Adr_Zmean_high, A

ASEM-51 V1.3                                         Copyright (c) 2002 by W.W. Heinz                                         PAGE 3



 Line  I  Addr  Code            Source

  100:	  0067	E5 23			MOV A, Adr_Yhigh
  101:	  0069	35 28			ADDC A, Adr_Zhigh_high
  102:	  006B	F5 28			MOV Adr_Zhigh_high, A
  103:
  104:	  006D			C0:
  105:				; shift Z to the right
  106:	  006D	C3			CLR C
  107:	  006E	E5 28			MOV A, Adr_Zhigh_high
  108:	  0070	13			RRC A
  109:	  0071	F5 28			MOV Adr_Zhigh_high, A
  110:	  0073	E5 29			MOV A, Adr_Zmean_high
  111:	  0075	13			RRC A
  112:	  0076	F5 29			MOV Adr_Zmean_high, A
  113:	  0078	E5 2A			MOV A, Adr_Zlow_high
  114:	  007A	13			RRC A
  115:	  007B	F5 2A			MOV Adr_Zlow_high, A
  116:
  117:	  007D	E5 2B			MOV A, Adr_Zhigh_low
  118:	  007F	13			RRC A
  119:	  0080	F5 2B			MOV Adr_Zhigh_low, A
  120:	  0082	E5 2C			MOV A, Adr_Zmean_low
  121:	  0084	13			RRC A
  122:	  0085	F5 2C			MOV Adr_Zmean_low, A
  123:	  0087	E5 2D			MOV A, Adr_Zlow_low
  124:	  0089	13			RRC A
  125:	  008A	F5 2D			MOV Adr_Zlow_low, A
  126:
  127:
  128:	  008C	D8 BA			DJNZ R0, loop
  129:
  130:	  008E	30 D1 02		JNB PSW.1, nosign_z
  131:
  132:	  0091	D2 47			SETB 47h
  133:
  134:	  0093			nosign_z:
  135:	  0093	00			NOP
  136:					END





                     register banks used:  ---

                     no errors




ASEM-51 V1.3                                         Copyright (c) 2002 by W.W. Heinz                                         PAGE 4





	       L I S T   O F   S Y M B O L S
	       =============================


SYMBOL				  TYPE     VALUE	LINE
------------------------------------------------------------
??ASEM_51			  NUMBER    8051
??VERSION			  NUMBER    0130
AC				  BIT	      D6
ACC				  DATA	      E0
ADR_XHIGH			  NUMBER    0020	  14
ADR_XLOW			  NUMBER    0022	  16
ADR_XMEAN			  NUMBER    0021	  15
ADR_YHIGH			  NUMBER    0023	  17
ADR_YLOW			  NUMBER    0025	  19
ADR_YMEAN			  NUMBER    0024	  18
ADR_ZHIGH_HIGH			  NUMBER    0028	  20
ADR_ZHIGH_LOW			  NUMBER    002B	  23
ADR_ZLOW_HIGH			  NUMBER    002A	  22
ADR_ZLOW_LOW			  NUMBER    002D	  25
ADR_ZMEAN_HIGH			  NUMBER    0029	  21
ADR_ZMEAN_LOW			  NUMBER    002C	  24
B				  DATA	      F0
C0				  CODE	    006D	 104
CY				  BIT	      D7
DPH				  DATA	      83
DPL				  DATA	      82
EA				  BIT	      AF
ES				  BIT	      AC
ET0				  BIT	      A9
ET1				  BIT	      AB
EX0				  BIT	      A8
EX1				  BIT	      AA
EXTI0				  CODE	    0003
EXTI1				  CODE	    0013
F0				  BIT	      D5
IE				  DATA	      A8
IE0				  BIT	      89
IE1				  BIT	      8B
INT0				  BIT	      B2
INT1				  BIT	      B3
IP				  DATA	      B8
IT0				  BIT	      88
IT1				  BIT	      8A
LOOP				  CODE	    0048	  77
NOSIGN				  CODE	    0042	  72
NOSIGN_Z			  CODE	    0093	 134
OV				  BIT	      D2
P				  BIT	      D0
P0				  DATA	      80
P1				  DATA	      90
P2				  DATA	      A0
P3				  DATA	      B0
PCON				  DATA	      87
PS				  BIT	      BC
PSW				  DATA	      D0

ASEM-51 V1.3                                         Copyright (c) 2002 by W.W. Heinz                                         PAGE 5



SYMBOL				  TYPE     VALUE	LINE
------------------------------------------------------------
PT0				  BIT	      B9
PT1				  BIT	      BB
PX0				  BIT	      B8
PX1				  BIT	      BA
RB8				  BIT	      9A
RD				  BIT	      B7
REN				  BIT	      9C
RESET				  CODE	    0000
RI				  BIT	      98
RS0				  BIT	      D3
RS1				  BIT	      D4
RXD				  BIT	      B0
SBUF				  DATA	      99
SCON				  DATA	      98
SINT				  CODE	    0023
SIZE				  NUMBER    0018	  27
SM0				  BIT	      9F
SM1				  BIT	      9E
SM2				  BIT	      9D
SP				  DATA	      81
T0				  BIT	      B4
T1				  BIT	      B5
TB8				  BIT	      9B
TCON				  DATA	      88
TF0				  BIT	      8D
TF1				  BIT	      8F
TH0				  DATA	      8C
TH1				  DATA	      8D
TI				  BIT	      99
TIMER0				  CODE	    000B
TIMER1				  CODE	    001B
TL0				  DATA	      8A
TL1				  DATA	      8B
TMOD				  DATA	      89
TR0				  BIT	      8C
TR1				  BIT	      8E
TXD				  BIT	      B1
WR				  BIT	      B6
XHIGH				  NUMBER    007F	   7
XLOW				  NUMBER    00FF	   9
XMEAN				  NUMBER    00FF	   8
X_POSITIVE			  CODE	    0039	  63
YHIGH				  NUMBER    00FF	  10
YLOW				  NUMBER    00FF	  12
YMEAN				  NUMBER    00FF	  11
