E:\DOCUMENTS\SCIENCE\SYSTEM_PROGRAMMING\5SEM\LABS\MYLABS\SYSPROG_LAB1\SYSPROG_LAB1\DEBUG\SYSPROG_LAB1.PCH.CODEANALYSIS
E:\DOCUMENTS\SCIENCE\SYSTEM_PROGRAMMING\5SEM\LABS\MYLABS\SYSPROG_LAB1\SYSPROG_LAB1\DEBUG\SYSPROG_LAB1.PCH.CODEANALYSISAST
E:\DOCUMENTS\SCIENCE\SYSTEM_PROGRAMMING\5SEM\LABS\MYLABS\SYSPROG_LAB1\SYSPROG_LAB1\DEBUG\STDAFX.CPP.NATIVECODEANALYSIS.XML
E:\DOCUMENTS\SCIENCE\SYSTEM_PROGRAMMING\5SEM\LABS\MYLABS\SYSPROG_LAB1\SYSPROG_LAB1\DEBUG\STDAFX.OBJ
E:\DOCUMENTS\SCIENCE\SYSTEM_PROGRAMMING\5SEM\LABS\MYLABS\SYSPROG_LAB1\SYSPROG_LAB1\DEBUG\VC110.PDB
E:\DOCUMENTS\SCIENCE\SYSTEM_PROGRAMMING\5SEM\LABS\MYLABS\SYSPROG_LAB1\SYSPROG_LAB1\DEBUG\SYSPROG_LAB1.PCH
E:\DOCUMENTS\SCIENCE\SYSTEM_PROGRAMMING\5SEM\LABS\MYLABS\SYSPROG_LAB1\SYSPROG_LAB1\DEBUG\SYSPROG_LAB1.CPP.NATIVECODEANALYSIS.XML
E:\DOCUMENTS\SCIENCE\SYSTEM_PROGRAMMING\5SEM\LABS\MYLABS\SYSPROG_LAB1\SYSPROG_LAB1\DEBUG\SYSPROG_LAB1.OBJ
E:\DOCUMENTS\SCIENCE\SYSTEM_PROGRAMMING\5SEM\LABS\MYLABS\SYSPROG_LAB1\SYSPROG_LAB1\DEBUG\TABLES.CPP.NATIVECODEANALYSIS.XML
E:\DOCUMENTS\SCIENCE\SYSTEM_PROGRAMMING\5SEM\LABS\MYLABS\SYSPROG_LAB1\SYSPROG_LAB1\DEBUG\TABLES.OBJ
E:\DOCUMENTS\SCIENCE\SYSTEM_PROGRAMMING\5SEM\LABS\MYLABS\SYSPROG_LAB1\SYSPROG_LAB1\DEBUG\VISTAB.CPP.NATIVECODEANALYSIS.XML
E:\DOCUMENTS\SCIENCE\SYSTEM_PROGRAMMING\5SEM\LABS\MYLABS\SYSPROG_LAB1\SYSPROG_LAB1\DEBUG\VISTAB.OBJ
E:\DOCUMENTS\SCIENCE\SYSTEM_PROGRAMMING\5SEM\LABS\MYLABS\SYSPROG_LAB1\DEBUG\SYSPROG_LAB1.ILK
E:\DOCUMENTS\SCIENCE\SYSTEM_PROGRAMMING\5SEM\LABS\MYLABS\SYSPROG_LAB1\DEBUG\SYSPROG_LAB1.EXE
E:\DOCUMENTS\SCIENCE\SYSTEM_PROGRAMMING\5SEM\LABS\MYLABS\SYSPROG_LAB1\DEBUG\SYSPROG_LAB1.PDB
E:\documents\Science\System_programming\5sem\labs\mylabs\Sysprog_Lab1\Sysprog_Lab1\Debug\stdafx.obj
E:\documents\Science\System_programming\5sem\labs\mylabs\Sysprog_Lab1\Sysprog_Lab1\Debug\Sysprog_Lab1.obj
E:\documents\Science\System_programming\5sem\labs\mylabs\Sysprog_Lab1\Sysprog_Lab1\Debug\tables.obj
E:\documents\Science\System_programming\5sem\labs\mylabs\Sysprog_Lab1\Sysprog_Lab1\Debug\vistab.obj
E:\documents\Science\System_programming\5sem\labs\mylabs\Sysprog_Lab1\Sysprog_Lab1\Debug\cl.command.1.tlog
E:\documents\Science\System_programming\5sem\labs\mylabs\Sysprog_Lab1\Sysprog_Lab1\Debug\CL.read.1.tlog
E:\documents\Science\System_programming\5sem\labs\mylabs\Sysprog_Lab1\Sysprog_Lab1\Debug\CL.write.1.tlog
E:\documents\Science\System_programming\5sem\labs\mylabs\Sysprog_Lab1\Sysprog_Lab1\Debug\link-cvtres.read.1.tlog
E:\documents\Science\System_programming\5sem\labs\mylabs\Sysprog_Lab1\Sysprog_Lab1\Debug\link-cvtres.write.1.tlog
E:\documents\Science\System_programming\5sem\labs\mylabs\Sysprog_Lab1\Sysprog_Lab1\Debug\link-rc.read.1.tlog
E:\documents\Science\System_programming\5sem\labs\mylabs\Sysprog_Lab1\Sysprog_Lab1\Debug\link-rc.write.1.tlog
E:\documents\Science\System_programming\5sem\labs\mylabs\Sysprog_Lab1\Sysprog_Lab1\Debug\link.command.1.tlog
E:\documents\Science\System_programming\5sem\labs\mylabs\Sysprog_Lab1\Sysprog_Lab1\Debug\link.read.1.tlog
E:\documents\Science\System_programming\5sem\labs\mylabs\Sysprog_Lab1\Sysprog_Lab1\Debug\link.write.1.tlog
E:\documents\Science\System_programming\5sem\labs\mylabs\Sysprog_Lab1\Sysprog_Lab1\Debug\NativeCodeAnalysis.read.1.tlog
E:\documents\Science\System_programming\5sem\labs\mylabs\Sysprog_Lab1\Sysprog_Lab1\Debug\Sysprog_Lab1.pch
E:\documents\Science\System_programming\5sem\labs\mylabs\Sysprog_Lab1\Sysprog_Lab1\Debug\vc110.idb
E:\documents\Science\System_programming\5sem\labs\mylabs\Sysprog_Lab1\Sysprog_Lab1\Debug\vc110.pdb
E:\documents\Science\System_programming\5sem\labs\mylabs\Sysprog_Lab1\Sysprog_Lab1\Debug\stdafx.cpp.nativecodeanalysis.xml
E:\documents\Science\System_programming\5sem\labs\mylabs\Sysprog_Lab1\Sysprog_Lab1\Debug\Sysprog_Lab1.cpp.nativecodeanalysis.xml
E:\documents\Science\System_programming\5sem\labs\mylabs\Sysprog_Lab1\Sysprog_Lab1\Debug\tables.cpp.nativecodeanalysis.xml
E:\documents\Science\System_programming\5sem\labs\mylabs\Sysprog_Lab1\Sysprog_Lab1\Debug\vc.nativecodeanalysis.all.xml
E:\documents\Science\System_programming\5sem\labs\mylabs\Sysprog_Lab1\Sysprog_Lab1\Debug\vistab.cpp.nativecodeanalysis.xml
E:\documents\Science\System_programming\5sem\labs\mylabs\Sysprog_Lab1\Debug\Sysprog_Lab1.pdb
E:\documents\Science\System_programming\5sem\labs\mylabs\Sysprog_Lab1\Debug\Sysprog_Lab1.exe
E:\documents\Science\System_programming\5sem\labs\mylabs\Sysprog_Lab1\Debug\Sysprog_Lab1.ilk
E:\documents\Science\System_programming\5sem\labs\mylabs\Sysprog_Lab1\Debug\Sysprog_Lab1.exe.lastcodeanalysissucceeded
