Flow report for Lab2
Mon Oct 29 20:52:19 2012
Quartus II Version 11.0 Build 157 04/27/2011 SJ Full Version


---------------------
; Table of Contents ;
---------------------
  1. Legal Notice
  2. Flow Summary
  3. Flow Settings
  4. Flow Non-Default Global Settings
  5. Flow Elapsed Time
  6. Flow OS Summary
  7. Flow Log



----------------
; Legal Notice ;
----------------
Copyright (C) 1991-2011 Altera Corporation
Your use of Altera Corporation's design tools, logic functions 
and other software and tools, and its AMPP partner logic 
functions, and any output files from any of the foregoing 
(including device programming or simulation files), and any 
associated documentation or information are expressly subject 
to the terms and conditions of the Altera Program License 
Subscription Agreement, Altera MegaCore Function License 
Agreement, or other applicable license agreement, including, 
without limitation, that your use is for the sole purpose of 
programming logic devices manufactured by Altera and sold by 
Altera or its authorized distributors.  Please refer to the 
applicable agreement for further details.



+--------------------------------------------------------------------------------+
; Flow Summary                                                                   ;
+------------------------------------+-------------------------------------------+
; Flow Status                        ; Successful - Mon Oct 29 20:52:15 2012     ;
; Quartus II Version                 ; 11.0 Build 157 04/27/2011 SJ Full Version ;
; Revision Name                      ; Lab2                                      ;
; Top-level Entity Name              ; Lab2                                      ;
; Family                             ; Cyclone IV GX                             ;
; Total logic elements               ; 705 / 29,440 ( 2 % )                      ;
;     Total combinational functions  ; 705 / 29,440 ( 2 % )                      ;
;     Dedicated logic registers      ; 0 / 29,440 ( 0 % )                        ;
; Total registers                    ; 0                                         ;
; Total pins                         ; 204 / 307 ( 66 % )                        ;
; Total virtual pins                 ; 0                                         ;
; Total memory bits                  ; 0 / 1,105,920 ( 0 % )                     ;
; Embedded Multiplier 9-bit elements ; 0 / 160 ( 0 % )                           ;
; Total GXB Receiver Channel PCS     ; 0 / 4 ( 0 % )                             ;
; Total GXB Receiver Channel PMA     ; 0 / 4 ( 0 % )                             ;
; Total GXB Transmitter Channel PCS  ; 0 / 4 ( 0 % )                             ;
; Total GXB Transmitter Channel PMA  ; 0 / 4 ( 0 % )                             ;
; Total PLLs                         ; 0 / 6 ( 0 % )                             ;
; Device                             ; EP4CGX30CF23C6                            ;
; Timing Models                      ; Final                                     ;
+------------------------------------+-------------------------------------------+


+-----------------------------------------+
; Flow Settings                           ;
+-------------------+---------------------+
; Option            ; Setting             ;
+-------------------+---------------------+
; Start date & time ; 10/29/2012 20:51:29 ;
; Main task         ; Compilation         ;
; Revision Name     ; Lab2                ;
+-------------------+---------------------+


+--------------------------------------------------------------------------------------------------------------------+
; Flow Non-Default Global Settings                                                                                   ;
+---------------------------------------+---------------------------------+---------------+-------------+------------+
; Assignment Name                       ; Value                           ; Default Value ; Entity Name ; Section Id ;
+---------------------------------------+---------------------------------+---------------+-------------+------------+
; COMPILER_SIGNATURE_ID                 ; 128527082586085.135153668920372 ; --            ; --          ; --         ;
; PARTITION_COLOR                       ; 16764057                        ; --            ; --          ; Top        ;
; PARTITION_FITTER_PRESERVATION_LEVEL   ; PLACEMENT_AND_ROUTING           ; --            ; --          ; Top        ;
; PARTITION_NETLIST_TYPE                ; SOURCE                          ; --            ; --          ; Top        ;
; SYNCHRONIZATION_REGISTER_CHAIN_LENGTH ; 2                               ; 3             ; --          ; --         ;
+---------------------------------------+---------------------------------+---------------+-------------+------------+


+-------------------------------------------------------------------------------------------------------------------------------+
; Flow Elapsed Time                                                                                                             ;
+---------------------------+--------------+-------------------------+---------------------+------------------------------------+
; Module Name               ; Elapsed Time ; Average Processors Used ; Peak Virtual Memory ; Total CPU Time (on all processors) ;
+---------------------------+--------------+-------------------------+---------------------+------------------------------------+
; Analysis & Synthesis      ; 00:00:15     ; 1.0                     ; 284 MB              ; 00:00:15                           ;
; Fitter                    ; 00:00:20     ; 1.3                     ; 508 MB              ; 00:00:22                           ;
; Assembler                 ; 00:00:08     ; 1.0                     ; 405 MB              ; 00:00:08                           ;
; TimeQuest Timing Analyzer ; 00:00:12     ; 1.0                     ; 340 MB              ; 00:00:09                           ;
; Total                     ; 00:00:55     ; --                      ; --                  ; 00:00:54                           ;
+---------------------------+--------------+-------------------------+---------------------+------------------------------------+


+----------------------------------------------------------------------------------------+
; Flow OS Summary                                                                        ;
+---------------------------+------------------+-----------+------------+----------------+
; Module Name               ; Machine Hostname ; OS Name   ; OS Version ; Processor type ;
+---------------------------+------------------+-----------+------------+----------------+
; Analysis & Synthesis      ; RED-Laptop       ; Windows 7 ; 6.1        ; x86_64         ;
; Fitter                    ; RED-Laptop       ; Windows 7 ; 6.1        ; x86_64         ;
; Assembler                 ; RED-Laptop       ; Windows 7 ; 6.1        ; x86_64         ;
; TimeQuest Timing Analyzer ; RED-Laptop       ; Windows 7 ; 6.1        ; x86_64         ;
+---------------------------+------------------+-----------+------------+----------------+


------------
; Flow Log ;
------------
quartus_map --read_settings_files=on --write_settings_files=off Lab2 -c Lab2
quartus_fit --read_settings_files=off --write_settings_files=off Lab2 -c Lab2
quartus_asm --read_settings_files=off --write_settings_files=off Lab2 -c Lab2
quartus_sta Lab2 -c Lab2



