Project Information            c:\univer\circuits\schemlab3\pmaschem3\ram2.rpt

MAX+plus II Compiler Report File
Version 10.1 06/12/2001
Compiled: 10/20/2009 09:44:13

Copyright (C) 1988-2001 Altera Corporation
Any megafunction design, and related net list (encrypted or decrypted),
support information, device programming or simulation file, and any other
associated documentation or information provided by Altera or a partner
under Altera's Megafunction Partnership Program may be used only to
program PLD devices (but not masked PLD devices) from Altera.  Any other
use of such megafunction design, net list, support information, device
programming or simulation file, or any other related documentation or
information is prohibited for any other purpose, including, but not
limited to modification, reverse engineering, de-compiling, or use with
any other silicon devices, unless such use is explicitly licensed under
a separate agreement with Altera or a megafunction partner.  Title to
the intellectual property, including patents, copyrights, trademarks,
trade secrets, or maskworks, embodied in any such megafunction design,
net list, support information, device programming or simulation file, or
any other related documentation or information provided by Altera or a
megafunction partner, remains with Altera, the megafunction partner, or
their respective licensors.  No other licenses, including any licenses
needed under any third party's intellectual property, are provided herein.



***** Project compilation was successful




** DEVICE SUMMARY **

Chip/                     Input   Output   Bidir         Shareable
POF       Device          Pins    Pins     Pins     LCs  Expanders  % Utilized

ram2      EPM9320LC84-15   18       1        0      132     1           41 %

User Pins:                 18       1        0  



Project Information            c:\univer\circuits\schemlab3\pmaschem3\ram2.rpt

** FILE HIERARCHY **



|ram1:27|
|ram1:27|ram02:14|
|ram1:27|ram02:14|adapter:14|
|ram1:27|ram02:14|ram01:15|
|ram1:27|ram02:14|ram01:15|et:15|
|ram1:27|ram02:14|ram01:15|et:16|
|ram1:27|ram02:14|ram01:15|adapter:20|
|ram1:27|ram02:14|ram01:16|
|ram1:27|ram02:14|ram01:16|et:15|
|ram1:27|ram02:14|ram01:16|et:16|
|ram1:27|ram02:14|ram01:16|adapter:20|
|ram1:27|ram02:17|
|ram1:27|ram02:17|adapter:14|
|ram1:27|ram02:17|ram01:15|
|ram1:27|ram02:17|ram01:15|et:15|
|ram1:27|ram02:17|ram01:15|et:16|
|ram1:27|ram02:17|ram01:15|adapter:20|
|ram1:27|ram02:17|ram01:16|
|ram1:27|ram02:17|ram01:16|et:15|
|ram1:27|ram02:17|ram01:16|et:16|
|ram1:27|ram02:17|ram01:16|adapter:20|
|ram1:27|ram02:16|
|ram1:27|ram02:16|adapter:14|
|ram1:27|ram02:16|ram01:15|
|ram1:27|ram02:16|ram01:15|et:15|
|ram1:27|ram02:16|ram01:15|et:16|
|ram1:27|ram02:16|ram01:15|adapter:20|
|ram1:27|ram02:16|ram01:16|
|ram1:27|ram02:16|ram01:16|et:15|
|ram1:27|ram02:16|ram01:16|et:16|
|ram1:27|ram02:16|ram01:16|adapter:20|
|ram1:27|ram02:15|
|ram1:27|ram02:15|adapter:14|
|ram1:27|ram02:15|ram01:15|
|ram1:27|ram02:15|ram01:15|et:15|
|ram1:27|ram02:15|ram01:15|et:16|
|ram1:27|ram02:15|ram01:15|adapter:20|
|ram1:27|ram02:15|ram01:16|
|ram1:27|ram02:15|ram01:16|et:15|
|ram1:27|ram02:15|ram01:16|et:16|
|ram1:27|ram02:15|ram01:16|adapter:20|
|ram1:28|
|ram1:28|ram02:14|
|ram1:28|ram02:14|adapter:14|
|ram1:28|ram02:14|ram01:15|
|ram1:28|ram02:14|ram01:15|et:15|
|ram1:28|ram02:14|ram01:15|et:16|
|ram1:28|ram02:14|ram01:15|adapter:20|
|ram1:28|ram02:14|ram01:16|
|ram1:28|ram02:14|ram01:16|et:15|
|ram1:28|ram02:14|ram01:16|et:16|
|ram1:28|ram02:14|ram01:16|adapter:20|
|ram1:28|ram02:17|
|ram1:28|ram02:17|adapter:14|
|ram1:28|ram02:17|ram01:15|
|ram1:28|ram02:17|ram01:15|et:15|
|ram1:28|ram02:17|ram01:15|et:16|
|ram1:28|ram02:17|ram01:15|adapter:20|
|ram1:28|ram02:17|ram01:16|
|ram1:28|ram02:17|ram01:16|et:15|
|ram1:28|ram02:17|ram01:16|et:16|
|ram1:28|ram02:17|ram01:16|adapter:20|
|ram1:28|ram02:16|
|ram1:28|ram02:16|adapter:14|
|ram1:28|ram02:16|ram01:15|
|ram1:28|ram02:16|ram01:15|et:15|
|ram1:28|ram02:16|ram01:15|et:16|
|ram1:28|ram02:16|ram01:15|adapter:20|
|ram1:28|ram02:16|ram01:16|
|ram1:28|ram02:16|ram01:16|et:15|
|ram1:28|ram02:16|ram01:16|et:16|
|ram1:28|ram02:16|ram01:16|adapter:20|
|ram1:28|ram02:15|
|ram1:28|ram02:15|adapter:14|
|ram1:28|ram02:15|ram01:15|
|ram1:28|ram02:15|ram01:15|et:15|
|ram1:28|ram02:15|ram01:15|et:16|
|ram1:28|ram02:15|ram01:15|adapter:20|
|ram1:28|ram02:15|ram01:16|
|ram1:28|ram02:15|ram01:16|et:15|
|ram1:28|ram02:15|ram01:16|et:16|
|ram1:28|ram02:15|ram01:16|adapter:20|
|ram1:29|
|ram1:29|ram02:14|
|ram1:29|ram02:14|adapter:14|
|ram1:29|ram02:14|ram01:15|
|ram1:29|ram02:14|ram01:15|et:15|
|ram1:29|ram02:14|ram01:15|et:16|
|ram1:29|ram02:14|ram01:15|adapter:20|
|ram1:29|ram02:14|ram01:16|
|ram1:29|ram02:14|ram01:16|et:15|
|ram1:29|ram02:14|ram01:16|et:16|
|ram1:29|ram02:14|ram01:16|adapter:20|
|ram1:29|ram02:17|
|ram1:29|ram02:17|adapter:14|
|ram1:29|ram02:17|ram01:15|
|ram1:29|ram02:17|ram01:15|et:15|
|ram1:29|ram02:17|ram01:15|et:16|
|ram1:29|ram02:17|ram01:15|adapter:20|
|ram1:29|ram02:17|ram01:16|
|ram1:29|ram02:17|ram01:16|et:15|
|ram1:29|ram02:17|ram01:16|et:16|
|ram1:29|ram02:17|ram01:16|adapter:20|
|ram1:29|ram02:16|
|ram1:29|ram02:16|adapter:14|
|ram1:29|ram02:16|ram01:15|
|ram1:29|ram02:16|ram01:15|et:15|
|ram1:29|ram02:16|ram01:15|et:16|
|ram1:29|ram02:16|ram01:15|adapter:20|
|ram1:29|ram02:16|ram01:16|
|ram1:29|ram02:16|ram01:16|et:15|
|ram1:29|ram02:16|ram01:16|et:16|
|ram1:29|ram02:16|ram01:16|adapter:20|
|ram1:29|ram02:15|
|ram1:29|ram02:15|adapter:14|
|ram1:29|ram02:15|ram01:15|
|ram1:29|ram02:15|ram01:15|et:15|
|ram1:29|ram02:15|ram01:15|et:16|
|ram1:29|ram02:15|ram01:15|adapter:20|
|ram1:29|ram02:15|ram01:16|
|ram1:29|ram02:15|ram01:16|et:15|
|ram1:29|ram02:15|ram01:16|et:16|
|ram1:29|ram02:15|ram01:16|adapter:20|
|ram1:30|
|ram1:30|ram02:14|
|ram1:30|ram02:14|adapter:14|
|ram1:30|ram02:14|ram01:15|
|ram1:30|ram02:14|ram01:15|et:15|
|ram1:30|ram02:14|ram01:15|et:16|
|ram1:30|ram02:14|ram01:15|adapter:20|
|ram1:30|ram02:14|ram01:16|
|ram1:30|ram02:14|ram01:16|et:15|
|ram1:30|ram02:14|ram01:16|et:16|
|ram1:30|ram02:14|ram01:16|adapter:20|
|ram1:30|ram02:17|
|ram1:30|ram02:17|adapter:14|
|ram1:30|ram02:17|ram01:15|
|ram1:30|ram02:17|ram01:15|et:15|
|ram1:30|ram02:17|ram01:15|et:16|
|ram1:30|ram02:17|ram01:15|adapter:20|
|ram1:30|ram02:17|ram01:16|
|ram1:30|ram02:17|ram01:16|et:15|
|ram1:30|ram02:17|ram01:16|et:16|
|ram1:30|ram02:17|ram01:16|adapter:20|
|ram1:30|ram02:16|
|ram1:30|ram02:16|adapter:14|
|ram1:30|ram02:16|ram01:15|
|ram1:30|ram02:16|ram01:15|et:15|
|ram1:30|ram02:16|ram01:15|et:16|
|ram1:30|ram02:16|ram01:15|adapter:20|
|ram1:30|ram02:16|ram01:16|
|ram1:30|ram02:16|ram01:16|et:15|
|ram1:30|ram02:16|ram01:16|et:16|
|ram1:30|ram02:16|ram01:16|adapter:20|
|ram1:30|ram02:15|
|ram1:30|ram02:15|adapter:14|
|ram1:30|ram02:15|ram01:15|
|ram1:30|ram02:15|ram01:15|et:15|
|ram1:30|ram02:15|ram01:15|et:16|
|ram1:30|ram02:15|ram01:15|adapter:20|
|ram1:30|ram02:15|ram01:16|
|ram1:30|ram02:15|ram01:16|et:15|
|ram1:30|ram02:15|ram01:16|et:16|
|ram1:30|ram02:15|ram01:16|adapter:20|


Device-Specific Information:   c:\univer\circuits\schemlab3\pmaschem3\ram2.rpt
ram2

***** Logic for device 'ram2' compiled without errors.




Device: EPM9320LC84-15

Device Options:
    Turbo Bit                                    = ON
    Security Bit                                 = OFF
    User Code                                  = ffff
    MultiVolt I/O                              = OFF

                          R           R  R        R  R  R  R     R  R  R  R  
                          E           E  E        E  E  E  E     E  E  E  E  
                          S           S  S        S  S  S  S     S  S  S  S  
                          E           E  E        E  E  E  E  V  E  E  E  E  
                    D  D  R     D  D  R  R        R  R  R  R  C  R  R  R  R  
                    C  C  V  G  C  C  V  V  D  D  V  V  V  V  C  V  V  V  V  
              R  W  6  5  E  N  5  5  E  E  C  C  E  E  E  E  I  E  E  E  E  
              D  R  1  2  D  D  0  1  D  D  4  3  D  D  D  D  O  D  D  D  D  
            -----------------------------------------------------------------_ 
          /  11 10  9  8  7  6  5  4  3  2  1 84 83 82 81 80 79 78 77 76 75   | 
     A13 | 12                                                              74 | RESERVED 
     A12 | 13                                                              73 | RESERVED 
  VCCINT | 14                                                              72 | DC2 
   VCCIO | 15                                                              71 | VCCINT 
RESERVED | 16                                                              70 | GND 
RESERVED | 17                                                              69 | RESERVED 
     GND | 18                                                              68 | RESERVED 
RESERVED | 19                                                              67 | GND 
RESERVED | 20                                                              66 | RESERVED 
  VCCINT | 21                                                              65 | RESERVED 
      BI | 22                        EPM9320LC84-15                        64 | VCCINT 
RESERVED | 23                                                              63 | RESERVED 
     GND | 24                                                              62 | RESERVED 
     GND | 25                                                              61 | GND 
RESERVED | 26                                                              60 | VCCIO 
RESERVED | 27                                                              59 | RESERVED 
  VCCINT | 28                                                              58 | RESERVED 
    N.C. | 29                                                              57 | VCCINT 
    #TDO | 30                                                              56 | ^VPP 
     DC1 | 31                                                              55 | #TMS 
   Clock | 32                                                              54 | RESERVED 
         |_  33 34 35 36 37 38 39 40 41 42 43 44 45 46 47 48 49 50 51 52 53  _| 
           ------------------------------------------------------------------ 
              D  D  R  D  V  D  D  R  R  #  #  R  R  R  R  G  R  R  R  R  R  
              I  C  E  C  C  C  C  E  E  T  T  E  E  E  E  N  E  E  E  E  E  
                 6  S  6  C  6  5  S  S  D  C  S  S  S  S  D  S  S  S  S  S  
                 2  E  0  I  3  3  E  E  I  K  E  E  E  E     E  E  E  E  E  
                    R     O        R  R        R  R  R  R     R  R  R  R  R  
                    V              V  V        V  V  V  V     V  V  V  V  V  
                    E              E  E        E  E  E  E     E  E  E  E  E  
                    D              D  D        D  D  D  D     D  D  D  D  D  


N.C. = No Connect. This pin has no internal connection to the device.
VCCINT = Dedicated power pin, which MUST be connected to VCC (5.0 volts).
VCCIO = Dedicated power pin, which MUST be connected to VCC (5.0 volts).
GND = Dedicated ground pin or unused dedicated input, which MUST be connected to GND.
RESERVED = Unused I/O pin, which MUST be left unconnected.

# = JTAG Boundary-Scan Testing/In-System Programming or Configuration Pin. The JTAG inputs TMS and TDI should be tied to VCC and TCK should be tied to GND when not in use.
& = JTAG pin used for I/O. When used as user I/O, JTAG pins must be kept stable before and during configuration.  JTAG pin stability prevents accidental loading of JTAG instructions.


Device-Specific Information:   c:\univer\circuits\schemlab3\pmaschem3\ram2.rpt
ram2

** RESOURCE USAGE **

Logic                Column       Row                                   
Array                Interconnect Interconnect         Clears/     External    Shareable
Block   Logic Cells  Driven       Driven       Clocks  Presets   Interconnect  Expanders
A1       2/16( 12%)   0/16(  0%)   2/16( 12%)    0/2    0/2      13/33( 39%)    0/16(  0%)  
A2      12/16( 75%)   0/16(  0%)   6/16( 37%)    0/2    0/2      13/33( 39%)    0/16(  0%)  
A3      12/16( 75%)   0/16(  0%)   6/16( 37%)    0/2    0/2      13/33( 39%)    0/16(  0%)  
A4       8/16( 50%)   0/16(  0%)   4/16( 25%)    0/2    0/2      12/33( 36%)    0/16(  0%)  
A5       1/16(  6%)   1/16(  6%)   0/16(  0%)    0/2    0/2      33/33(100%)    1/16(  6%)  
B1       6/16( 37%)   0/16(  0%)   3/16( 18%)    0/2    0/2      12/33( 36%)    0/16(  0%)  
B3      12/16( 75%)   0/16(  0%)   6/16( 37%)    0/2    0/2      14/33( 42%)    0/16(  0%)  
B4      16/16(100%)   0/16(  0%)   8/16( 50%)    0/2    0/2      14/33( 42%)    0/16(  0%)  
B5       1/16(  6%)   0/16(  0%)   1/16(  6%)    0/2    0/2      32/33( 96%)    0/16(  0%)  
C2      14/16( 87%)   7/16( 43%)   0/16(  0%)    0/2    0/2      14/33( 42%)    0/16(  0%)  
C3      12/16( 75%)   6/16( 37%)   0/16(  0%)    0/2    0/2      14/33( 42%)    0/16(  0%)  
C5       1/16(  6%)   1/16(  6%)   0/16(  0%)    0/2    0/2      11/33( 33%)    0/16(  0%)  
D1      16/16(100%)   8/16( 50%)   0/16(  0%)    0/2    0/2      14/33( 42%)    0/16(  0%)  
D3       1/16(  6%)   1/16(  6%)   0/16(  0%)    0/2    0/2      11/33( 33%)    0/16(  0%)  
D4      14/16( 87%)   6/16( 37%)   1/16(  6%)    0/2    0/2      18/33( 54%)    0/16(  0%)  
D5       4/16( 25%)   2/16( 12%)   0/16(  0%)    0/2    0/2      12/33( 36%)    0/16(  0%)  


Total dedicated input pins used:                 4/4      (100%)
Total I/O pins used:                            15/56     ( 26%)
Total logic cells used:                        132/320    ( 41%)
Total shareable expanders used:                  1/320    (  1%)
Total Turbo logic cells used:                  132/320    ( 41%)
Total shareable expanders not available (n/a):   0/320    (  0%)
Average fan-in:                                  10.78
Total fan-in:                                  1423

Total input pins required:                      18
Total input I/O cell registers required:         0
Total output pins required:                      1
Total output I/O cell registers required:        0
Total buried I/O cell registers required:        0
Total bidirectional pins required:               0
Total logic cells required:                    132
Total flipflops required:                       64
Total product terms required:                  199
Total logic cells lending parallel expanders:    0
Total shareable expanders in database:           1
Total packed registers required:                 0

Synthesized logic cells:                         2/ 320   (  0%)

Logic Cell Counts

Column:  01  02  03  04  05  Total
 A:      2  12  12   8   1     35
 B:      6   0  12  16   1     35
 C:      0  14  12   0   1     27
 D:     16   0   1  14   4     35

Total:  24  26  37  38   7    132



Device-Specific Information:   c:\univer\circuits\schemlab3\pmaschem3\ram2.rpt
ram2

** INPUTS **

                                               Shareable
                                               Expanders     Fan-In    Fan-Out
 Pin     LC   Row  Col  Primitive    Code   Total Shared n/a INP  FBK  OUT  FBK  Name
  13      -    -    --      INPUT               0      0   0    0    0    0  128  A12
  12      -    -    01      INPUT               0      0   0    0    0    0  128  A13
  32      -    -    01      INPUT               0      0   0    0    0    0   64  Clock
  31      -    -    01      INPUT               0      0   0    0    0    0  129  DC1
  72      -    -    --      INPUT               0      0   0    0    0    0  129  DC2
  84      -    -    --      INPUT               0      0   0    0    0    0  129  DC3
   1      -    -    --      INPUT               0      0   0    0    0    0  129  DC4
   5      -    -    02      INPUT               0      0   0    0    0    0   33  DC50
   4      -    -    02      INPUT               0      0   0    0    0    0   33  DC51
   8      -    -    02      INPUT               0      0   0    0    0    0   33  DC52
  39      -    -    02      INPUT               0      0   0    0    0    0   33  DC53
  36      -    -    02      INPUT               0      0   0    0    0    0   33  DC60
   9      -    -    01      INPUT               0      0   0    0    0    0   33  DC61
  34      -    -    01      INPUT               0      0   0    0    0    0   33  DC62
  38      -    -    02      INPUT               0      0   0    0    0    0   33  DC63
  33      -    -    01      INPUT               0      0   0    0    0    0   64  DI
  11      -    -    01      INPUT               0      0   0    0    0    0   64  RD
  10      -    -    01      INPUT               0      0   0    0    0    0   65  WR


Code:

s = Synthesized pin or logic cell
t = Turbo logic cell
+ = Synchronous flipflop
/ = Slow slew-rate output
! = NOT gate push-back
r = Fitter-inserted logic cell


Device-Specific Information:   c:\univer\circuits\schemlab3\pmaschem3\ram2.rpt
ram2

** OUTPUTS **

                                               Shareable
                                               Expanders     Fan-In    Fan-Out
 Pin     LC   Row  Col  Primitive    Code   Total Shared n/a INP  FBK  OUT  FBK  Name
  22      -    B    --        TRI               0      0   0    0    1    0    0  BI


Code:

s = Synthesized pin or logic cell
t = Turbo logic cell
+ = Synchronous flipflop
/ = Slow slew-rate output
! = NOT gate push-back
r = Fitter-inserted logic cell


Device-Specific Information:   c:\univer\circuits\schemlab3\pmaschem3\ram2.rpt
ram2

** BURIED LOGIC **

                                               Shareable
                                               Expanders     Fan-In    Fan-Out
 IOC     LC   Row  Col  Primitive    Code   Total Shared n/a INP  FBK  OUT  FBK Name
   -     16    D    04       SOFT    s t        0      0   0    0    1    0    0  BI~1
   -      6    A    03       DFFE      t        0      0   0   11    0    0    1  |ram1:27|ram02:14|ram01:15|et:15|q (|ram1:27|ram02:14|ram01:15|et:15|:34)
   -      9    D    04        XOR      t        0      0   0   13    0    0    1  |ram1:27|ram02:14|ram01:15|et:15|~56~1~2~2~2~2
   -      1    A    05        OR2    s t        1      0   0    0   33    0    1  |ram1:27|ram02:14|ram01:15|et:15|~56~1~2~2~2~3~3
   -     11    B    05        OR2      t        0      0   0    0   32    1    0  |ram1:27|ram02:14|ram01:15|et:15|~56~1~2~2~2~3
   -      7    A    03        OR2      t !      0      0   0    9    1    0    1  |ram1:27|ram02:14|ram01:15|et:15|~56~2
   -     16    D    01       DFFE      t        0      0   0   11    0    0    1  |ram1:27|ram02:14|ram01:15|et:16|q (|ram1:27|ram02:14|ram01:15|et:16|:34)
   -     14    D    01        OR2      t !      0      0   0    9    1    0    1  |ram1:27|ram02:14|ram01:15|et:16|~56~1
   -      4    A    03       DFFE      t        0      0   0   11    0    0    1  |ram1:27|ram02:14|ram01:16|et:15|q (|ram1:27|ram02:14|ram01:16|et:15|:34)
   -      5    A    03        OR2      t !      0      0   0    9    1    0    1  |ram1:27|ram02:14|ram01:16|et:15|~56~2
   -      2    A    03       DFFE      t        0      0   0   11    0    0    1  |ram1:27|ram02:14|ram01:16|et:16|q (|ram1:27|ram02:14|ram01:16|et:16|:34)
   -      8    A    03        OR2      t !      0      0   0    9    1    0    1  |ram1:27|ram02:14|ram01:16|et:16|~56~1
   -      7    A    04       DFFE      t        0      0   0   11    0    0    1  |ram1:27|ram02:15|ram01:15|et:15|q (|ram1:27|ram02:15|ram01:15|et:15|:34)
   -     10    A    04        OR2      t !      0      0   0    9    1    0    1  |ram1:27|ram02:15|ram01:15|et:15|~56~2
   -      3    A    04       DFFE      t        0      0   0   11    0    0    1  |ram1:27|ram02:15|ram01:15|et:16|q (|ram1:27|ram02:15|ram01:15|et:16|:34)
   -      6    A    04        OR2      t !      0      0   0    9    1    0    1  |ram1:27|ram02:15|ram01:15|et:16|~56~1
   -      2    A    04       DFFE      t        0      0   0   11    0    0    1  |ram1:27|ram02:15|ram01:16|et:15|q (|ram1:27|ram02:15|ram01:16|et:15|:34)
   -      5    A    04        OR2      t !      0      0   0    9    1    0    1  |ram1:27|ram02:15|ram01:16|et:15|~56~2
   -      1    A    04       DFFE      t        0      0   0   11    0    0    1  |ram1:27|ram02:15|ram01:16|et:16|q (|ram1:27|ram02:15|ram01:16|et:16|:34)
   -      4    A    04        OR2      t !      0      0   0    9    1    0    1  |ram1:27|ram02:15|ram01:16|et:16|~56~1
   -     15    D    01       DFFE      t        0      0   0   11    0    0    1  |ram1:27|ram02:16|ram01:15|et:15|q (|ram1:27|ram02:16|ram01:15|et:15|:34)
   -      5    D    01        OR2      t !      0      0   0    9    1    0    1  |ram1:27|ram02:16|ram01:15|et:15|~56~2
   -     13    D    01       DFFE      t        0      0   0   11    0    0    1  |ram1:27|ram02:16|ram01:15|et:16|q (|ram1:27|ram02:16|ram01:15|et:16|:34)
   -      4    D    01        OR2      t !      0      0   0    9    1    0    1  |ram1:27|ram02:16|ram01:15|et:16|~56~1
   -     12    D    01       DFFE      t        0      0   0   11    0    0    1  |ram1:27|ram02:16|ram01:16|et:15|q (|ram1:27|ram02:16|ram01:16|et:15|:34)
   -     11    D    01        OR2      t !      0      0   0    9    1    0    1  |ram1:27|ram02:16|ram01:16|et:15|~56~2
   -      8    D    04       DFFE      t        0      0   0   11    0    0    1  |ram1:27|ram02:16|ram01:16|et:16|q (|ram1:27|ram02:16|ram01:16|et:16|:34)
   -      3    D    04        OR2      t !      0      0   0    9    1    0    1  |ram1:27|ram02:16|ram01:16|et:16|~56~1
   -     12    A    02       DFFE      t        0      0   0   11    0    0    1  |ram1:27|ram02:17|ram01:15|et:15|q (|ram1:27|ram02:17|ram01:15|et:15|:34)
   -      1    A    02        OR2      t !      0      0   0    9    1    0    1  |ram1:27|ram02:17|ram01:15|et:15|~56~2
   -     10    A    02       DFFE      t        0      0   0   11    0    0    1  |ram1:27|ram02:17|ram01:15|et:16|q (|ram1:27|ram02:17|ram01:15|et:16|:34)
   -      6    A    02        OR2      t !      0      0   0    9    1    0    1  |ram1:27|ram02:17|ram01:15|et:16|~56~1
   -      6    D    03       DFFE      t        0      0   0   11    0    0    1  |ram1:27|ram02:17|ram01:16|et:15|q (|ram1:27|ram02:17|ram01:16|et:15|:34)
   -     16    A    01        OR2      t !      0      0   0    9    1    0    1  |ram1:27|ram02:17|ram01:16|et:15|~56~2
   -      9    A    02       DFFE      t        0      0   0   11    0    0    1  |ram1:27|ram02:17|ram01:16|et:16|q (|ram1:27|ram02:17|ram01:16|et:16|:34)
   -     11    A    02        OR2      t !      0      0   0    9    1    0    1  |ram1:27|ram02:17|ram01:16|et:16|~56~1
   -     15    B    04       DFFE      t        0      0   0   11    0    0    1  |ram1:28|ram02:14|ram01:15|et:15|q (|ram1:28|ram02:14|ram01:15|et:15|:34)
   -     10    B    04        OR2      t !      0      0   0    9    1    0    1  |ram1:28|ram02:14|ram01:15|et:15|~56~2
   -     14    B    04       DFFE      t        0      0   0   11    0    0    1  |ram1:28|ram02:14|ram01:15|et:16|q (|ram1:28|ram02:14|ram01:15|et:16|:34)
   -      9    B    04        OR2      t !      0      0   0    9    1    0    1  |ram1:28|ram02:14|ram01:15|et:16|~56~1
   -     13    B    04       DFFE      t        0      0   0   11    0    0    1  |ram1:28|ram02:14|ram01:16|et:15|q (|ram1:28|ram02:14|ram01:16|et:15|:34)
   -      7    B    04        OR2      t !      0      0   0    9    1    0    1  |ram1:28|ram02:14|ram01:16|et:15|~56~2
   -     10    D    04       DFFE      t        0      0   0   11    0    0    1  |ram1:28|ram02:14|ram01:16|et:16|q (|ram1:28|ram02:14|ram01:16|et:16|:34)
   -      4    D    04        OR2      t !      0      0   0    9    1    0    1  |ram1:28|ram02:14|ram01:16|et:16|~56~1
   -      3    C    02       DFFE      t        0      0   0   11    0    0    1  |ram1:28|ram02:15|ram01:15|et:15|q (|ram1:28|ram02:15|ram01:15|et:15|:34)
   -      4    C    02        OR2      t !      0      0   0    9    1    0    1  |ram1:28|ram02:15|ram01:15|et:15|~56~2
   -      7    C    03       DFFE      t        0      0   0   11    0    0    1  |ram1:28|ram02:15|ram01:15|et:16|q (|ram1:28|ram02:15|ram01:15|et:16|:34)
   -      5    C    03        OR2      t !      0      0   0    9    1    0    1  |ram1:28|ram02:15|ram01:15|et:16|~56~1
   -     11    C    03       DFFE      t        0      0   0   11    0    0    1  |ram1:28|ram02:15|ram01:16|et:15|q (|ram1:28|ram02:15|ram01:16|et:15|:34)
   -      3    C    03        OR2      t !      0      0   0    9    1    0    1  |ram1:28|ram02:15|ram01:16|et:15|~56~2
   -     16    B    04       DFFE      t        0      0   0   11    0    0    1  |ram1:28|ram02:15|ram01:16|et:16|q (|ram1:28|ram02:15|ram01:16|et:16|:34)
   -      1    B    04        OR2      t !      0      0   0    9    1    0    1  |ram1:28|ram02:15|ram01:16|et:16|~56~1
   -     12    B    03       DFFE      t        0      0   0   11    0    0    1  |ram1:28|ram02:16|ram01:15|et:15|q (|ram1:28|ram02:16|ram01:15|et:15|:34)
   -      7    B    03        OR2      t !      0      0   0    9    1    0    1  |ram1:28|ram02:16|ram01:15|et:15|~56~2
   -     13    C    02       DFFE      t        0      0   0   11    0    0    1  |ram1:28|ram02:16|ram01:15|et:16|q (|ram1:28|ram02:16|ram01:15|et:16|:34)
   -      7    C    02        OR2      t !      0      0   0    9    1    0    1  |ram1:28|ram02:16|ram01:15|et:16|~56~1
   -     10    C    02       DFFE      t        0      0   0   11    0    0    1  |ram1:28|ram02:16|ram01:16|et:15|q (|ram1:28|ram02:16|ram01:16|et:15|:34)
   -      5    C    02        OR2      t !      0      0   0    9    1    0    1  |ram1:28|ram02:16|ram01:16|et:15|~56~2
   -     14    C    02       DFFE      t        0      0   0   11    0    0    1  |ram1:28|ram02:16|ram01:16|et:16|q (|ram1:28|ram02:16|ram01:16|et:16|:34)
   -      1    C    02        OR2      t !      0      0   0    9    1    0    1  |ram1:28|ram02:16|ram01:16|et:16|~56~1
   -     10    C    03       DFFE      t        0      0   0   11    0    0    1  |ram1:28|ram02:17|ram01:15|et:15|q (|ram1:28|ram02:17|ram01:15|et:15|:34)
   -      1    C    03        OR2      t !      0      0   0    9    1    0    1  |ram1:28|ram02:17|ram01:15|et:15|~56~2
   -      3    B    01       DFFE      t        0      0   0   11    0    0    1  |ram1:28|ram02:17|ram01:15|et:16|q (|ram1:28|ram02:17|ram01:15|et:16|:34)
   -      5    B    01        OR2      t !      0      0   0    9    1    0    1  |ram1:28|ram02:17|ram01:15|et:16|~56~1
   -      2    B    01       DFFE      t        0      0   0   11    0    0    1  |ram1:28|ram02:17|ram01:16|et:15|q (|ram1:28|ram02:17|ram01:16|et:15|:34)
   -      6    B    01        OR2      t !      0      0   0    9    1    0    1  |ram1:28|ram02:17|ram01:16|et:15|~56~2
   -      1    B    01       DFFE      t        0      0   0   11    0    0    1  |ram1:28|ram02:17|ram01:16|et:16|q (|ram1:28|ram02:17|ram01:16|et:16|:34)
   -     11    B    01        OR2      t !      0      0   0    9    1    0    1  |ram1:28|ram02:17|ram01:16|et:16|~56~1
   -     11    A    03       DFFE      t        0      0   0   11    0    0    1  |ram1:29|ram02:14|ram01:15|et:15|q (|ram1:29|ram02:14|ram01:15|et:15|:34)
   -     12    A    03        OR2      t !      0      0   0    9    1    0    1  |ram1:29|ram02:14|ram01:15|et:15|~56~2
   -     10    A    03       DFFE      t        0      0   0   11    0    0    1  |ram1:29|ram02:14|ram01:15|et:16|q (|ram1:29|ram02:14|ram01:15|et:16|:34)
   -      3    A    03        OR2      t !      0      0   0    9    1    0    1  |ram1:29|ram02:14|ram01:15|et:16|~56~1
   -      9    A    03       DFFE      t        0      0   0   11    0    0    1  |ram1:29|ram02:14|ram01:16|et:15|q (|ram1:29|ram02:14|ram01:16|et:15|:34)
   -      1    A    03        OR2      t !      0      0   0    9    1    0    1  |ram1:29|ram02:14|ram01:16|et:15|~56~2
   -     13    D    04       DFFE      t        0      0   0   11    0    0    1  |ram1:29|ram02:14|ram01:16|et:16|q (|ram1:29|ram02:14|ram01:16|et:16|:34)
   -      1    D    04        OR2      t !      0      0   0    9    1    0    1  |ram1:29|ram02:14|ram01:16|et:16|~56~1
   -      9    C    03       DFFE      t        0      0   0   11    0    0    1  |ram1:29|ram02:15|ram01:15|et:15|q (|ram1:29|ram02:15|ram01:15|et:15|:34)
   -     15    C    03        OR2      t !      0      0   0    9    1    0    1  |ram1:29|ram02:15|ram01:15|et:15|~56~2
   -      9    C    02       DFFE      t        0      0   0   11    0    0    1  |ram1:29|ram02:15|ram01:15|et:16|q (|ram1:29|ram02:15|ram01:15|et:16|:34)
   -     11    C    02        OR2      t !      0      0   0    9    1    0    1  |ram1:29|ram02:15|ram01:15|et:16|~56~1
   -      8    C    03       DFFE      t        0      0   0   11    0    0    1  |ram1:29|ram02:15|ram01:16|et:15|q (|ram1:29|ram02:15|ram01:16|et:15|:34)
   -      2    C    03        OR2      t !      0      0   0    9    1    0    1  |ram1:29|ram02:15|ram01:16|et:15|~56~2
   -      1    C    05       DFFE      t        0      0   0   11    0    0    1  |ram1:29|ram02:15|ram01:16|et:16|q (|ram1:29|ram02:15|ram01:16|et:16|:34)
   -      5    A    01        OR2      t !      0      0   0    9    1    0    1  |ram1:29|ram02:15|ram01:16|et:16|~56~1
   -      6    C    02       DFFE      t        0      0   0   11    0    0    1  |ram1:29|ram02:16|ram01:15|et:15|q (|ram1:29|ram02:16|ram01:15|et:15|:34)
   -      8    C    02        OR2      t !      0      0   0    9    1    0    1  |ram1:29|ram02:16|ram01:15|et:15|~56~2
   -     12    D    04       DFFE      t        0      0   0   11    0    0    1  |ram1:29|ram02:16|ram01:15|et:16|q (|ram1:29|ram02:16|ram01:15|et:16|:34)
   -      7    D    04        OR2      t !      0      0   0    9    1    0    1  |ram1:29|ram02:16|ram01:15|et:16|~56~1
   -     11    D    04       DFFE      t        0      0   0   11    0    0    1  |ram1:29|ram02:16|ram01:16|et:15|q (|ram1:29|ram02:16|ram01:16|et:15|:34)
   -      2    D    04        OR2      t !      0      0   0    9    1    0    1  |ram1:29|ram02:16|ram01:16|et:15|~56~2
   -      2    C    02       DFFE      t        0      0   0   11    0    0    1  |ram1:29|ram02:16|ram01:16|et:16|q (|ram1:29|ram02:16|ram01:16|et:16|:34)
   -     12    C    02        OR2      t !      0      0   0    9    1    0    1  |ram1:29|ram02:16|ram01:16|et:16|~56~1
   -      3    A    02       DFFE      t        0      0   0   11    0    0    1  |ram1:29|ram02:17|ram01:15|et:15|q (|ram1:29|ram02:17|ram01:15|et:15|:34)
   -      2    A    02        OR2      t !      0      0   0    9    1    0    1  |ram1:29|ram02:17|ram01:15|et:15|~56~2
   -      6    C    03       DFFE      t        0      0   0   11    0    0    1  |ram1:29|ram02:17|ram01:15|et:16|q (|ram1:29|ram02:17|ram01:15|et:16|:34)
   -      4    C    03        OR2      t !      0      0   0    9    1    0    1  |ram1:29|ram02:17|ram01:15|et:16|~56~1
   -      8    A    02       DFFE      t        0      0   0   11    0    0    1  |ram1:29|ram02:17|ram01:16|et:15|q (|ram1:29|ram02:17|ram01:16|et:15|:34)
   -      5    A    02        OR2      t !      0      0   0    9    1    0    1  |ram1:29|ram02:17|ram01:16|et:15|~56~2
   -      7    A    02       DFFE      t        0      0   0   11    0    0    1  |ram1:29|ram02:17|ram01:16|et:16|q (|ram1:29|ram02:17|ram01:16|et:16|:34)
   -      4    A    02        OR2      t !      0      0   0    9    1    0    1  |ram1:29|ram02:17|ram01:16|et:16|~56~1
   -     10    D    01       DFFE      t        0      0   0   11    0    0    1  |ram1:30|ram02:14|ram01:15|et:15|q (|ram1:30|ram02:14|ram01:15|et:15|:34)
   -      1    D    01        OR2      t !      0      0   0    9    1    0    1  |ram1:30|ram02:14|ram01:15|et:15|~56~2
   -      5    B    04       DFFE      t        0      0   0   11    0    0    1  |ram1:30|ram02:14|ram01:15|et:16|q (|ram1:30|ram02:14|ram01:15|et:16|:34)
   -      6    B    04        OR2      t !      0      0   0    9    1    0    1  |ram1:30|ram02:14|ram01:15|et:16|~56~1
   -      8    D    01       DFFE      t        0      0   0   11    0    0    1  |ram1:30|ram02:14|ram01:16|et:15|q (|ram1:30|ram02:14|ram01:16|et:15|:34)
   -      2    D    01        OR2      t !      0      0   0    9    1    0    1  |ram1:30|ram02:14|ram01:16|et:15|~56~2
   -      9    D    01       DFFE      t        0      0   0   11    0    0    1  |ram1:30|ram02:14|ram01:16|et:16|q (|ram1:30|ram02:14|ram01:16|et:16|:34)
   -      3    D    01        OR2      t !      0      0   0    9    1    0    1  |ram1:30|ram02:14|ram01:16|et:16|~56~1
   -      8    B    04       DFFE      t        0      0   0   11    0    0    1  |ram1:30|ram02:15|ram01:15|et:15|q (|ram1:30|ram02:15|ram01:15|et:15|:34)
   -      2    B    04        OR2      t !      0      0   0    9    1    0    1  |ram1:30|ram02:15|ram01:15|et:15|~56~2
   -      4    B    04       DFFE      t        0      0   0   11    0    0    1  |ram1:30|ram02:15|ram01:15|et:16|q (|ram1:30|ram02:15|ram01:15|et:16|:34)
   -      3    B    04        OR2      t !      0      0   0    9    1    0    1  |ram1:30|ram02:15|ram01:15|et:16|~56~1
   -      6    D    04       DFFE      t        0      0   0   11    0    0    1  |ram1:30|ram02:15|ram01:16|et:15|q (|ram1:30|ram02:15|ram01:16|et:15|:34)
   -      5    D    04        OR2      t !      0      0   0    9    1    0    1  |ram1:30|ram02:15|ram01:16|et:15|~56~2
   -     11    B    04       DFFE      t        0      0   0   11    0    0    1  |ram1:30|ram02:15|ram01:16|et:16|q (|ram1:30|ram02:15|ram01:16|et:16|:34)
   -     12    B    04        OR2      t !      0      0   0    9    1    0    1  |ram1:30|ram02:15|ram01:16|et:16|~56~1
   -      2    B    03       DFFE      t        0      0   0   11    0    0    1  |ram1:30|ram02:16|ram01:15|et:15|q (|ram1:30|ram02:16|ram01:15|et:15|:34)
   -      5    B    03        OR2      t !      0      0   0    9    1    0    1  |ram1:30|ram02:16|ram01:15|et:15|~56~2
   -     10    B    03       DFFE      t        0      0   0   11    0    0    1  |ram1:30|ram02:16|ram01:15|et:16|q (|ram1:30|ram02:16|ram01:15|et:16|:34)
   -      6    B    03        OR2      t !      0      0   0    9    1    0    1  |ram1:30|ram02:16|ram01:15|et:16|~56~1
   -      3    B    03       DFFE      t        0      0   0   11    0    0    1  |ram1:30|ram02:16|ram01:16|et:15|q (|ram1:30|ram02:16|ram01:16|et:15|:34)
   -      4    B    03        OR2      t !      0      0   0    9    1    0    1  |ram1:30|ram02:16|ram01:16|et:15|~56~2
   -      6    D    01       DFFE      t        0      0   0   11    0    0    1  |ram1:30|ram02:16|ram01:16|et:16|q (|ram1:30|ram02:16|ram01:16|et:16|:34)
   -      7    D    01        OR2      t !      0      0   0    9    1    0    1  |ram1:30|ram02:16|ram01:16|et:16|~56~1
   -      9    B    03       DFFE      t        0      0   0   11    0    0    1  |ram1:30|ram02:17|ram01:15|et:15|q (|ram1:30|ram02:17|ram01:15|et:15|:34)
   -      1    B    03        OR2      t !      0      0   0    9    1    0    1  |ram1:30|ram02:17|ram01:15|et:15|~56~2
   -     11    B    03       DFFE      t        0      0   0   11    0    0    1  |ram1:30|ram02:17|ram01:15|et:16|q (|ram1:30|ram02:17|ram01:15|et:16|:34)
   -      8    B    03        OR2      t !      0      0   0    9    1    0    1  |ram1:30|ram02:17|ram01:15|et:16|~56~1
   -      4    D    05       DFFE      t        0      0   0   11    0    0    1  |ram1:30|ram02:17|ram01:16|et:15|q (|ram1:30|ram02:17|ram01:16|et:15|:34)
   -      3    D    05        OR2      t !      0      0   0    9    1    0    1  |ram1:30|ram02:17|ram01:16|et:15|~56~2
   -      1    D    05       DFFE      t        0      0   0   11    0    0    1  |ram1:30|ram02:17|ram01:16|et:16|q (|ram1:30|ram02:17|ram01:16|et:16|:34)
   -      2    D    05        OR2      t !      0      0   0    9    1    0    1  |ram1:30|ram02:17|ram01:16|et:16|~56~1


Code:

s = Synthesized pin or logic cell
t = Turbo logic cell
+ = Synchronous flipflop
/ = Slow slew-rate output
! = NOT gate push-back
r = Fitter-inserted logic cell
p = Packed register


Device-Specific Information:   c:\univer\circuits\schemlab3\pmaschem3\ram2.rpt
ram2

** FASTTRACK INTERCONNECT UTILIZATION **

Row FastTrack Interconnect:

         FastTrack                                 
Row     Interconnect    Input Pins     Output Pins     Bidir Pins
A:      50/ 96( 52%)    0/16(  0%)      0/16(  0%)     0/16(  0%)
B:      49/ 96( 51%)    0/16(  0%)      1/16(  6%)     0/16(  0%)
C:      15/ 96( 15%)    0/16(  0%)      0/16(  0%)     0/16(  0%)
D:      19/ 96( 19%)    0/16(  0%)      0/16(  0%)     0/16(  0%)


Column FastTrack Interconnect:

         FastTrack                                 
Column  Interconnect    Input Pins     Output Pins     Bidir Pins
01:     16/48( 33%)     8/20( 40%)      0/20(  0%)       0/20(  0%)
02:     13/48( 27%)     6/20( 30%)      0/20(  0%)       0/20(  0%)
03:      7/48( 14%)     0/20(  0%)      0/20(  0%)       0/20(  0%)
04:      6/48( 12%)     0/20(  0%)      0/20(  0%)       0/20(  0%)
05:      4/48(  8%)     0/20(  0%)      0/20(  0%)       0/20(  0%)


Device-Specific Information:   c:\univer\circuits\schemlab3\pmaschem3\ram2.rpt
ram2

** EQUATIONS **

A12      : INPUT;
A13      : INPUT;
Clock    : INPUT;
DC1      : INPUT;
DC2      : INPUT;
DC3      : INPUT;
DC4      : INPUT;
DC50     : INPUT;
DC51     : INPUT;
DC52     : INPUT;
DC53     : INPUT;
DC60     : INPUT;
DC61     : INPUT;
DC62     : INPUT;
DC63     : INPUT;
DI       : INPUT;
RD       : INPUT;
WR       : INPUT;

-- Node name is 'BI' 
-- Equation name is 'BI', type is output 
BI       = TRI(_LC11_B5, !_LC16_D4);

-- Node name is 'BI~1' 
-- Equation name is 'BI~1', location is LC16_D4, type is buried.
-- synthesized logic cell 
_LC16_D4 = LCELL(!_LC9_D4 $  GND);

-- Node name is '|ram1:27|ram02:14|ram01:15|et:15|:34' = '|ram1:27|ram02:14|ram01:15|et:15|q' 
-- Equation name is '_LC6_A3', type is buried 
_LC6_A3  = DFFE( DI $  GND,  _EQ001,  VCC,  VCC,  VCC);
  _EQ001 =  A12 &  A13 &  Clock &  DC1 &  DC2 &  DC3 &  DC4 &  DC50 &  DC60 & 
              RD;

-- Node name is '|ram1:27|ram02:14|ram01:15|et:15|~56~1~2~2~2~2' 
-- Equation name is '_LC9_D4', type is buried 
_LC9_D4  = LCELL( _EQ002 $  _EQ003);
  _EQ002 =  DC1 &  DC2 &  DC3 &  DC4 & !DC50 & !DC51 & !DC52 & !DC53 &  WR
         #  DC1 &  DC2 &  DC3 &  DC4 & !DC60 & !DC61 & !DC62 & !DC63 &  WR;
  _EQ003 =  DC1 &  DC2 &  DC3 &  DC4 &  WR;

-- Node name is '|ram1:27|ram02:14|ram01:15|et:15|~56~1~2~2~2~3~3' 
-- Equation name is '_LC1_A5', type is buried 
-- synthesized logic cell 
_LC1_A5  = LCELL( _EQ004 $  GND);
  _EQ004 =  _X001;
  _X001  = EXP( _LC1_A2 &  _LC1_A3 &  _LC1_D1 &  _LC1_D4 &  _LC2_A2 &  _LC2_C3 & 
              _LC2_D4 &  _LC3_A3 &  _LC3_D4 &  _LC4_A2 &  _LC4_A4 &  _LC4_C3 & 
              _LC4_D1 &  _LC5_A1 &  _LC5_A2 &  _LC5_A3 &  _LC5_A4 &  _LC5_D1 & 
              _LC6_A2 &  _LC6_A4 &  _LC7_A3 &  _LC7_D4 &  _LC8_A3 &  _LC8_C2 & 
              _LC10_A4 &  _LC11_A2 &  _LC11_C2 &  _LC11_D1 &  _LC12_A3 & 
              _LC12_C2 &  _LC14_D1 &  _LC15_C3 &  _LC16_A1);

-- Node name is '|ram1:27|ram02:14|ram01:15|et:15|~56~1~2~2~2~3' 
-- Equation name is '_LC11_B5', type is buried 
_LC11_B5 = LCELL( _EQ005 $  GND);
  _EQ005 = !_LC1_A5 &  _LC1_B3 &  _LC1_B4 &  _LC1_C2 &  _LC1_C3 &  _LC2_B4 & 
              _LC2_D1 &  _LC2_D5 &  _LC3_B4 &  _LC3_C3 &  _LC3_D1 &  _LC3_D5 & 
              _LC4_B3 &  _LC4_C2 &  _LC4_D4 &  _LC5_B1 &  _LC5_B3 &  _LC5_C2 & 
              _LC5_C3 &  _LC5_D4 &  _LC6_B1 &  _LC6_B3 &  _LC6_B4 &  _LC7_B3 & 
              _LC7_B4 &  _LC7_C2 &  _LC7_D1 &  _LC8_B3 &  _LC9_B4 &  _LC10_B4 & 
              _LC11_B1 &  _LC12_B4;

-- Node name is '|ram1:27|ram02:14|ram01:15|et:15|~56~2' 
-- Equation name is '_LC7_A3', type is buried 
!_LC7_A3 = _LC7_A3~NOT;
_LC7_A3~NOT = LCELL( _EQ006 $  GND);
  _EQ006 =  A12 &  A13 &  DC1 &  DC2 &  DC3 &  DC4 &  DC50 &  DC60 & !_LC6_A3 & 
              WR;

-- Node name is '|ram1:27|ram02:14|ram01:15|et:16|:34' = '|ram1:27|ram02:14|ram01:15|et:16|q' 
-- Equation name is '_LC16_D1', type is buried 
_LC16_D1 = DFFE( DI $  GND,  _EQ007,  VCC,  VCC,  VCC);
  _EQ007 =  A12 & !A13 &  Clock &  DC1 &  DC2 &  DC3 &  DC4 &  DC50 &  DC60 & 
              RD;

-- Node name is '|ram1:27|ram02:14|ram01:15|et:16|~56~1' 
-- Equation name is '_LC14_D1', type is buried 
!_LC14_D1 = _LC14_D1~NOT;
_LC14_D1~NOT = LCELL( _EQ008 $  GND);
  _EQ008 =  A12 & !A13 &  DC1 &  DC2 &  DC3 &  DC4 &  DC50 &  DC60 & 
             !_LC16_D1 &  WR;

-- Node name is '|ram1:27|ram02:14|ram01:16|et:15|:34' = '|ram1:27|ram02:14|ram01:16|et:15|q' 
-- Equation name is '_LC4_A3', type is buried 
_LC4_A3  = DFFE( DI $  GND,  _EQ009,  VCC,  VCC,  VCC);
  _EQ009 = !A12 &  A13 &  Clock &  DC1 &  DC2 &  DC3 &  DC4 &  DC50 &  DC60 & 
              RD;

-- Node name is '|ram1:27|ram02:14|ram01:16|et:15|~56~2' 
-- Equation name is '_LC5_A3', type is buried 
!_LC5_A3 = _LC5_A3~NOT;
_LC5_A3~NOT = LCELL( _EQ010 $  GND);
  _EQ010 = !A12 &  A13 &  DC1 &  DC2 &  DC3 &  DC4 &  DC50 &  DC60 & !_LC4_A3 & 
              WR;

-- Node name is '|ram1:27|ram02:14|ram01:16|et:16|:34' = '|ram1:27|ram02:14|ram01:16|et:16|q' 
-- Equation name is '_LC2_A3', type is buried 
_LC2_A3  = DFFE( DI $  GND,  _EQ011,  VCC,  VCC,  VCC);
  _EQ011 = !A12 & !A13 &  Clock &  DC1 &  DC2 &  DC3 &  DC4 &  DC50 &  DC60 & 
              RD;

-- Node name is '|ram1:27|ram02:14|ram01:16|et:16|~56~1' 
-- Equation name is '_LC8_A3', type is buried 
!_LC8_A3 = _LC8_A3~NOT;
_LC8_A3~NOT = LCELL( _EQ012 $  GND);
  _EQ012 = !A12 & !A13 &  DC1 &  DC2 &  DC3 &  DC4 &  DC50 &  DC60 & !_LC2_A3 & 
              WR;

-- Node name is '|ram1:27|ram02:15|ram01:15|et:15|:34' = '|ram1:27|ram02:15|ram01:15|et:15|q' 
-- Equation name is '_LC7_A4', type is buried 
_LC7_A4  = DFFE( DI $  GND,  _EQ013,  VCC,  VCC,  VCC);
  _EQ013 =  A12 &  A13 &  Clock &  DC1 &  DC2 &  DC3 &  DC4 &  DC50 &  DC61 & 
              RD;

-- Node name is '|ram1:27|ram02:15|ram01:15|et:15|~56~2' 
-- Equation name is '_LC10_A4', type is buried 
!_LC10_A4 = _LC10_A4~NOT;
_LC10_A4~NOT = LCELL( _EQ014 $  GND);
  _EQ014 =  A12 &  A13 &  DC1 &  DC2 &  DC3 &  DC4 &  DC50 &  DC61 & !_LC7_A4 & 
              WR;

-- Node name is '|ram1:27|ram02:15|ram01:15|et:16|:34' = '|ram1:27|ram02:15|ram01:15|et:16|q' 
-- Equation name is '_LC3_A4', type is buried 
_LC3_A4  = DFFE( DI $  GND,  _EQ015,  VCC,  VCC,  VCC);
  _EQ015 =  A12 & !A13 &  Clock &  DC1 &  DC2 &  DC3 &  DC4 &  DC50 &  DC61 & 
              RD;

-- Node name is '|ram1:27|ram02:15|ram01:15|et:16|~56~1' 
-- Equation name is '_LC6_A4', type is buried 
!_LC6_A4 = _LC6_A4~NOT;
_LC6_A4~NOT = LCELL( _EQ016 $  GND);
  _EQ016 =  A12 & !A13 &  DC1 &  DC2 &  DC3 &  DC4 &  DC50 &  DC61 & !_LC3_A4 & 
              WR;

-- Node name is '|ram1:27|ram02:15|ram01:16|et:15|:34' = '|ram1:27|ram02:15|ram01:16|et:15|q' 
-- Equation name is '_LC2_A4', type is buried 
_LC2_A4  = DFFE( DI $  GND,  _EQ017,  VCC,  VCC,  VCC);
  _EQ017 = !A12 &  A13 &  Clock &  DC1 &  DC2 &  DC3 &  DC4 &  DC50 &  DC61 & 
              RD;

-- Node name is '|ram1:27|ram02:15|ram01:16|et:15|~56~2' 
-- Equation name is '_LC5_A4', type is buried 
!_LC5_A4 = _LC5_A4~NOT;
_LC5_A4~NOT = LCELL( _EQ018 $  GND);
  _EQ018 = !A12 &  A13 &  DC1 &  DC2 &  DC3 &  DC4 &  DC50 &  DC61 & !_LC2_A4 & 
              WR;

-- Node name is '|ram1:27|ram02:15|ram01:16|et:16|:34' = '|ram1:27|ram02:15|ram01:16|et:16|q' 
-- Equation name is '_LC1_A4', type is buried 
_LC1_A4  = DFFE( DI $  GND,  _EQ019,  VCC,  VCC,  VCC);
  _EQ019 = !A12 & !A13 &  Clock &  DC1 &  DC2 &  DC3 &  DC4 &  DC50 &  DC61 & 
              RD;

-- Node name is '|ram1:27|ram02:15|ram01:16|et:16|~56~1' 
-- Equation name is '_LC4_A4', type is buried 
!_LC4_A4 = _LC4_A4~NOT;
_LC4_A4~NOT = LCELL( _EQ020 $  GND);
  _EQ020 = !A12 & !A13 &  DC1 &  DC2 &  DC3 &  DC4 &  DC50 &  DC61 & !_LC1_A4 & 
              WR;

-- Node name is '|ram1:27|ram02:16|ram01:15|et:15|:34' = '|ram1:27|ram02:16|ram01:15|et:15|q' 
-- Equation name is '_LC15_D1', type is buried 
_LC15_D1 = DFFE( DI $  GND,  _EQ021,  VCC,  VCC,  VCC);
  _EQ021 =  A12 &  A13 &  Clock &  DC1 &  DC2 &  DC3 &  DC4 &  DC50 &  DC63 & 
              RD;

-- Node name is '|ram1:27|ram02:16|ram01:15|et:15|~56~2' 
-- Equation name is '_LC5_D1', type is buried 
!_LC5_D1 = _LC5_D1~NOT;
_LC5_D1~NOT = LCELL( _EQ022 $  GND);
  _EQ022 =  A12 &  A13 &  DC1 &  DC2 &  DC3 &  DC4 &  DC50 &  DC63 & 
             !_LC15_D1 &  WR;

-- Node name is '|ram1:27|ram02:16|ram01:15|et:16|:34' = '|ram1:27|ram02:16|ram01:15|et:16|q' 
-- Equation name is '_LC13_D1', type is buried 
_LC13_D1 = DFFE( DI $  GND,  _EQ023,  VCC,  VCC,  VCC);
  _EQ023 =  A12 & !A13 &  Clock &  DC1 &  DC2 &  DC3 &  DC4 &  DC50 &  DC63 & 
              RD;

-- Node name is '|ram1:27|ram02:16|ram01:15|et:16|~56~1' 
-- Equation name is '_LC4_D1', type is buried 
!_LC4_D1 = _LC4_D1~NOT;
_LC4_D1~NOT = LCELL( _EQ024 $  GND);
  _EQ024 =  A12 & !A13 &  DC1 &  DC2 &  DC3 &  DC4 &  DC50 &  DC63 & 
             !_LC13_D1 &  WR;

-- Node name is '|ram1:27|ram02:16|ram01:16|et:15|:34' = '|ram1:27|ram02:16|ram01:16|et:15|q' 
-- Equation name is '_LC12_D1', type is buried 
_LC12_D1 = DFFE( DI $  GND,  _EQ025,  VCC,  VCC,  VCC);
  _EQ025 = !A12 &  A13 &  Clock &  DC1 &  DC2 &  DC3 &  DC4 &  DC50 &  DC63 & 
              RD;

-- Node name is '|ram1:27|ram02:16|ram01:16|et:15|~56~2' 
-- Equation name is '_LC11_D1', type is buried 
!_LC11_D1 = _LC11_D1~NOT;
_LC11_D1~NOT = LCELL( _EQ026 $  GND);
  _EQ026 = !A12 &  A13 &  DC1 &  DC2 &  DC3 &  DC4 &  DC50 &  DC63 & 
             !_LC12_D1 &  WR;

-- Node name is '|ram1:27|ram02:16|ram01:16|et:16|:34' = '|ram1:27|ram02:16|ram01:16|et:16|q' 
-- Equation name is '_LC8_D4', type is buried 
_LC8_D4  = DFFE( DI $  GND,  _EQ027,  VCC,  VCC,  VCC);
  _EQ027 = !A12 & !A13 &  Clock &  DC1 &  DC2 &  DC3 &  DC4 &  DC50 &  DC63 & 
              RD;

-- Node name is '|ram1:27|ram02:16|ram01:16|et:16|~56~1' 
-- Equation name is '_LC3_D4', type is buried 
!_LC3_D4 = _LC3_D4~NOT;
_LC3_D4~NOT = LCELL( _EQ028 $  GND);
  _EQ028 = !A12 & !A13 &  DC1 &  DC2 &  DC3 &  DC4 &  DC50 &  DC63 & !_LC8_D4 & 
              WR;

-- Node name is '|ram1:27|ram02:17|ram01:15|et:15|:34' = '|ram1:27|ram02:17|ram01:15|et:15|q' 
-- Equation name is '_LC12_A2', type is buried 
_LC12_A2 = DFFE( DI $  GND,  _EQ029,  VCC,  VCC,  VCC);
  _EQ029 =  A12 &  A13 &  Clock &  DC1 &  DC2 &  DC3 &  DC4 &  DC50 &  DC62 & 
              RD;

-- Node name is '|ram1:27|ram02:17|ram01:15|et:15|~56~2' 
-- Equation name is '_LC1_A2', type is buried 
!_LC1_A2 = _LC1_A2~NOT;
_LC1_A2~NOT = LCELL( _EQ030 $  GND);
  _EQ030 =  A12 &  A13 &  DC1 &  DC2 &  DC3 &  DC4 &  DC50 &  DC62 & 
             !_LC12_A2 &  WR;

-- Node name is '|ram1:27|ram02:17|ram01:15|et:16|:34' = '|ram1:27|ram02:17|ram01:15|et:16|q' 
-- Equation name is '_LC10_A2', type is buried 
_LC10_A2 = DFFE( DI $  GND,  _EQ031,  VCC,  VCC,  VCC);
  _EQ031 =  A12 & !A13 &  Clock &  DC1 &  DC2 &  DC3 &  DC4 &  DC50 &  DC62 & 
              RD;

-- Node name is '|ram1:27|ram02:17|ram01:15|et:16|~56~1' 
-- Equation name is '_LC6_A2', type is buried 
!_LC6_A2 = _LC6_A2~NOT;
_LC6_A2~NOT = LCELL( _EQ032 $  GND);
  _EQ032 =  A12 & !A13 &  DC1 &  DC2 &  DC3 &  DC4 &  DC50 &  DC62 & 
             !_LC10_A2 &  WR;

-- Node name is '|ram1:27|ram02:17|ram01:16|et:15|:34' = '|ram1:27|ram02:17|ram01:16|et:15|q' 
-- Equation name is '_LC6_D3', type is buried 
_LC6_D3  = DFFE( DI $  GND,  _EQ033,  VCC,  VCC,  VCC);
  _EQ033 = !A12 &  A13 &  Clock &  DC1 &  DC2 &  DC3 &  DC4 &  DC50 &  DC62 & 
              RD;

-- Node name is '|ram1:27|ram02:17|ram01:16|et:15|~56~2' 
-- Equation name is '_LC16_A1', type is buried 
!_LC16_A1 = _LC16_A1~NOT;
_LC16_A1~NOT = LCELL( _EQ034 $  GND);
  _EQ034 = !A12 &  A13 &  DC1 &  DC2 &  DC3 &  DC4 &  DC50 &  DC62 & !_LC6_D3 & 
              WR;

-- Node name is '|ram1:27|ram02:17|ram01:16|et:16|:34' = '|ram1:27|ram02:17|ram01:16|et:16|q' 
-- Equation name is '_LC9_A2', type is buried 
_LC9_A2  = DFFE( DI $  GND,  _EQ035,  VCC,  VCC,  VCC);
  _EQ035 = !A12 & !A13 &  Clock &  DC1 &  DC2 &  DC3 &  DC4 &  DC50 &  DC62 & 
              RD;

-- Node name is '|ram1:27|ram02:17|ram01:16|et:16|~56~1' 
-- Equation name is '_LC11_A2', type is buried 
!_LC11_A2 = _LC11_A2~NOT;
_LC11_A2~NOT = LCELL( _EQ036 $  GND);
  _EQ036 = !A12 & !A13 &  DC1 &  DC2 &  DC3 &  DC4 &  DC50 &  DC62 & !_LC9_A2 & 
              WR;

-- Node name is '|ram1:28|ram02:14|ram01:15|et:15|:34' = '|ram1:28|ram02:14|ram01:15|et:15|q' 
-- Equation name is '_LC15_B4', type is buried 
_LC15_B4 = DFFE( DI $  GND,  _EQ037,  VCC,  VCC,  VCC);
  _EQ037 =  A12 &  A13 &  Clock &  DC1 &  DC2 &  DC3 &  DC4 &  DC52 &  DC60 & 
              RD;

-- Node name is '|ram1:28|ram02:14|ram01:15|et:15|~56~2' 
-- Equation name is '_LC10_B4', type is buried 
!_LC10_B4 = _LC10_B4~NOT;
_LC10_B4~NOT = LCELL( _EQ038 $  GND);
  _EQ038 =  A12 &  A13 &  DC1 &  DC2 &  DC3 &  DC4 &  DC52 &  DC60 & 
             !_LC15_B4 &  WR;

-- Node name is '|ram1:28|ram02:14|ram01:15|et:16|:34' = '|ram1:28|ram02:14|ram01:15|et:16|q' 
-- Equation name is '_LC14_B4', type is buried 
_LC14_B4 = DFFE( DI $  GND,  _EQ039,  VCC,  VCC,  VCC);
  _EQ039 =  A12 & !A13 &  Clock &  DC1 &  DC2 &  DC3 &  DC4 &  DC52 &  DC60 & 
              RD;

-- Node name is '|ram1:28|ram02:14|ram01:15|et:16|~56~1' 
-- Equation name is '_LC9_B4', type is buried 
!_LC9_B4 = _LC9_B4~NOT;
_LC9_B4~NOT = LCELL( _EQ040 $  GND);
  _EQ040 =  A12 & !A13 &  DC1 &  DC2 &  DC3 &  DC4 &  DC52 &  DC60 & 
             !_LC14_B4 &  WR;

-- Node name is '|ram1:28|ram02:14|ram01:16|et:15|:34' = '|ram1:28|ram02:14|ram01:16|et:15|q' 
-- Equation name is '_LC13_B4', type is buried 
_LC13_B4 = DFFE( DI $  GND,  _EQ041,  VCC,  VCC,  VCC);
  _EQ041 = !A12 &  A13 &  Clock &  DC1 &  DC2 &  DC3 &  DC4 &  DC52 &  DC60 & 
              RD;

-- Node name is '|ram1:28|ram02:14|ram01:16|et:15|~56~2' 
-- Equation name is '_LC7_B4', type is buried 
!_LC7_B4 = _LC7_B4~NOT;
_LC7_B4~NOT = LCELL( _EQ042 $  GND);
  _EQ042 = !A12 &  A13 &  DC1 &  DC2 &  DC3 &  DC4 &  DC52 &  DC60 & 
             !_LC13_B4 &  WR;

-- Node name is '|ram1:28|ram02:14|ram01:16|et:16|:34' = '|ram1:28|ram02:14|ram01:16|et:16|q' 
-- Equation name is '_LC10_D4', type is buried 
_LC10_D4 = DFFE( DI $  GND,  _EQ043,  VCC,  VCC,  VCC);
  _EQ043 = !A12 & !A13 &  Clock &  DC1 &  DC2 &  DC3 &  DC4 &  DC52 &  DC60 & 
              RD;

-- Node name is '|ram1:28|ram02:14|ram01:16|et:16|~56~1' 
-- Equation name is '_LC4_D4', type is buried 
!_LC4_D4 = _LC4_D4~NOT;
_LC4_D4~NOT = LCELL( _EQ044 $  GND);
  _EQ044 = !A12 & !A13 &  DC1 &  DC2 &  DC3 &  DC4 &  DC52 &  DC60 & 
             !_LC10_D4 &  WR;

-- Node name is '|ram1:28|ram02:15|ram01:15|et:15|:34' = '|ram1:28|ram02:15|ram01:15|et:15|q' 
-- Equation name is '_LC3_C2', type is buried 
_LC3_C2  = DFFE( DI $  GND,  _EQ045,  VCC,  VCC,  VCC);
  _EQ045 =  A12 &  A13 &  Clock &  DC1 &  DC2 &  DC3 &  DC4 &  DC52 &  DC61 & 
              RD;

-- Node name is '|ram1:28|ram02:15|ram01:15|et:15|~56~2' 
-- Equation name is '_LC4_C2', type is buried 
!_LC4_C2 = _LC4_C2~NOT;
_LC4_C2~NOT = LCELL( _EQ046 $  GND);
  _EQ046 =  A12 &  A13 &  DC1 &  DC2 &  DC3 &  DC4 &  DC52 &  DC61 & !_LC3_C2 & 
              WR;

-- Node name is '|ram1:28|ram02:15|ram01:15|et:16|:34' = '|ram1:28|ram02:15|ram01:15|et:16|q' 
-- Equation name is '_LC7_C3', type is buried 
_LC7_C3  = DFFE( DI $  GND,  _EQ047,  VCC,  VCC,  VCC);
  _EQ047 =  A12 & !A13 &  Clock &  DC1 &  DC2 &  DC3 &  DC4 &  DC52 &  DC61 & 
              RD;

-- Node name is '|ram1:28|ram02:15|ram01:15|et:16|~56~1' 
-- Equation name is '_LC5_C3', type is buried 
!_LC5_C3 = _LC5_C3~NOT;
_LC5_C3~NOT = LCELL( _EQ048 $  GND);
  _EQ048 =  A12 & !A13 &  DC1 &  DC2 &  DC3 &  DC4 &  DC52 &  DC61 & !_LC7_C3 & 
              WR;

-- Node name is '|ram1:28|ram02:15|ram01:16|et:15|:34' = '|ram1:28|ram02:15|ram01:16|et:15|q' 
-- Equation name is '_LC11_C3', type is buried 
_LC11_C3 = DFFE( DI $  GND,  _EQ049,  VCC,  VCC,  VCC);
  _EQ049 = !A12 &  A13 &  Clock &  DC1 &  DC2 &  DC3 &  DC4 &  DC52 &  DC61 & 
              RD;

-- Node name is '|ram1:28|ram02:15|ram01:16|et:15|~56~2' 
-- Equation name is '_LC3_C3', type is buried 
!_LC3_C3 = _LC3_C3~NOT;
_LC3_C3~NOT = LCELL( _EQ050 $  GND);
  _EQ050 = !A12 &  A13 &  DC1 &  DC2 &  DC3 &  DC4 &  DC52 &  DC61 & 
             !_LC11_C3 &  WR;

-- Node name is '|ram1:28|ram02:15|ram01:16|et:16|:34' = '|ram1:28|ram02:15|ram01:16|et:16|q' 
-- Equation name is '_LC16_B4', type is buried 
_LC16_B4 = DFFE( DI $  GND,  _EQ051,  VCC,  VCC,  VCC);
  _EQ051 = !A12 & !A13 &  Clock &  DC1 &  DC2 &  DC3 &  DC4 &  DC52 &  DC61 & 
              RD;

-- Node name is '|ram1:28|ram02:15|ram01:16|et:16|~56~1' 
-- Equation name is '_LC1_B4', type is buried 
!_LC1_B4 = _LC1_B4~NOT;
_LC1_B4~NOT = LCELL( _EQ052 $  GND);
  _EQ052 = !A12 & !A13 &  DC1 &  DC2 &  DC3 &  DC4 &  DC52 &  DC61 & 
             !_LC16_B4 &  WR;

-- Node name is '|ram1:28|ram02:16|ram01:15|et:15|:34' = '|ram1:28|ram02:16|ram01:15|et:15|q' 
-- Equation name is '_LC12_B3', type is buried 
_LC12_B3 = DFFE( DI $  GND,  _EQ053,  VCC,  VCC,  VCC);
  _EQ053 =  A12 &  A13 &  Clock &  DC1 &  DC2 &  DC3 &  DC4 &  DC52 &  DC63 & 
              RD;

-- Node name is '|ram1:28|ram02:16|ram01:15|et:15|~56~2' 
-- Equation name is '_LC7_B3', type is buried 
!_LC7_B3 = _LC7_B3~NOT;
_LC7_B3~NOT = LCELL( _EQ054 $  GND);
  _EQ054 =  A12 &  A13 &  DC1 &  DC2 &  DC3 &  DC4 &  DC52 &  DC63 & 
             !_LC12_B3 &  WR;

-- Node name is '|ram1:28|ram02:16|ram01:15|et:16|:34' = '|ram1:28|ram02:16|ram01:15|et:16|q' 
-- Equation name is '_LC13_C2', type is buried 
_LC13_C2 = DFFE( DI $  GND,  _EQ055,  VCC,  VCC,  VCC);
  _EQ055 =  A12 & !A13 &  Clock &  DC1 &  DC2 &  DC3 &  DC4 &  DC52 &  DC63 & 
              RD;

-- Node name is '|ram1:28|ram02:16|ram01:15|et:16|~56~1' 
-- Equation name is '_LC7_C2', type is buried 
!_LC7_C2 = _LC7_C2~NOT;
_LC7_C2~NOT = LCELL( _EQ056 $  GND);
  _EQ056 =  A12 & !A13 &  DC1 &  DC2 &  DC3 &  DC4 &  DC52 &  DC63 & 
             !_LC13_C2 &  WR;

-- Node name is '|ram1:28|ram02:16|ram01:16|et:15|:34' = '|ram1:28|ram02:16|ram01:16|et:15|q' 
-- Equation name is '_LC10_C2', type is buried 
_LC10_C2 = DFFE( DI $  GND,  _EQ057,  VCC,  VCC,  VCC);
  _EQ057 = !A12 &  A13 &  Clock &  DC1 &  DC2 &  DC3 &  DC4 &  DC52 &  DC63 & 
              RD;

-- Node name is '|ram1:28|ram02:16|ram01:16|et:15|~56~2' 
-- Equation name is '_LC5_C2', type is buried 
!_LC5_C2 = _LC5_C2~NOT;
_LC5_C2~NOT = LCELL( _EQ058 $  GND);
  _EQ058 = !A12 &  A13 &  DC1 &  DC2 &  DC3 &  DC4 &  DC52 &  DC63 & 
             !_LC10_C2 &  WR;

-- Node name is '|ram1:28|ram02:16|ram01:16|et:16|:34' = '|ram1:28|ram02:16|ram01:16|et:16|q' 
-- Equation name is '_LC14_C2', type is buried 
_LC14_C2 = DFFE( DI $  GND,  _EQ059,  VCC,  VCC,  VCC);
  _EQ059 = !A12 & !A13 &  Clock &  DC1 &  DC2 &  DC3 &  DC4 &  DC52 &  DC63 & 
              RD;

-- Node name is '|ram1:28|ram02:16|ram01:16|et:16|~56~1' 
-- Equation name is '_LC1_C2', type is buried 
!_LC1_C2 = _LC1_C2~NOT;
_LC1_C2~NOT = LCELL( _EQ060 $  GND);
  _EQ060 = !A12 & !A13 &  DC1 &  DC2 &  DC3 &  DC4 &  DC52 &  DC63 & 
             !_LC14_C2 &  WR;

-- Node name is '|ram1:28|ram02:17|ram01:15|et:15|:34' = '|ram1:28|ram02:17|ram01:15|et:15|q' 
-- Equation name is '_LC10_C3', type is buried 
_LC10_C3 = DFFE( DI $  GND,  _EQ061,  VCC,  VCC,  VCC);
  _EQ061 =  A12 &  A13 &  Clock &  DC1 &  DC2 &  DC3 &  DC4 &  DC52 &  DC62 & 
              RD;

-- Node name is '|ram1:28|ram02:17|ram01:15|et:15|~56~2' 
-- Equation name is '_LC1_C3', type is buried 
!_LC1_C3 = _LC1_C3~NOT;
_LC1_C3~NOT = LCELL( _EQ062 $  GND);
  _EQ062 =  A12 &  A13 &  DC1 &  DC2 &  DC3 &  DC4 &  DC52 &  DC62 & 
             !_LC10_C3 &  WR;

-- Node name is '|ram1:28|ram02:17|ram01:15|et:16|:34' = '|ram1:28|ram02:17|ram01:15|et:16|q' 
-- Equation name is '_LC3_B1', type is buried 
_LC3_B1  = DFFE( DI $  GND,  _EQ063,  VCC,  VCC,  VCC);
  _EQ063 =  A12 & !A13 &  Clock &  DC1 &  DC2 &  DC3 &  DC4 &  DC52 &  DC62 & 
              RD;

-- Node name is '|ram1:28|ram02:17|ram01:15|et:16|~56~1' 
-- Equation name is '_LC5_B1', type is buried 
!_LC5_B1 = _LC5_B1~NOT;
_LC5_B1~NOT = LCELL( _EQ064 $  GND);
  _EQ064 =  A12 & !A13 &  DC1 &  DC2 &  DC3 &  DC4 &  DC52 &  DC62 & !_LC3_B1 & 
              WR;

-- Node name is '|ram1:28|ram02:17|ram01:16|et:15|:34' = '|ram1:28|ram02:17|ram01:16|et:15|q' 
-- Equation name is '_LC2_B1', type is buried 
_LC2_B1  = DFFE( DI $  GND,  _EQ065,  VCC,  VCC,  VCC);
  _EQ065 = !A12 &  A13 &  Clock &  DC1 &  DC2 &  DC3 &  DC4 &  DC52 &  DC62 & 
              RD;

-- Node name is '|ram1:28|ram02:17|ram01:16|et:15|~56~2' 
-- Equation name is '_LC6_B1', type is buried 
!_LC6_B1 = _LC6_B1~NOT;
_LC6_B1~NOT = LCELL( _EQ066 $  GND);
  _EQ066 = !A12 &  A13 &  DC1 &  DC2 &  DC3 &  DC4 &  DC52 &  DC62 & !_LC2_B1 & 
              WR;

-- Node name is '|ram1:28|ram02:17|ram01:16|et:16|:34' = '|ram1:28|ram02:17|ram01:16|et:16|q' 
-- Equation name is '_LC1_B1', type is buried 
_LC1_B1  = DFFE( DI $  GND,  _EQ067,  VCC,  VCC,  VCC);
  _EQ067 = !A12 & !A13 &  Clock &  DC1 &  DC2 &  DC3 &  DC4 &  DC52 &  DC62 & 
              RD;

-- Node name is '|ram1:28|ram02:17|ram01:16|et:16|~56~1' 
-- Equation name is '_LC11_B1', type is buried 
!_LC11_B1 = _LC11_B1~NOT;
_LC11_B1~NOT = LCELL( _EQ068 $  GND);
  _EQ068 = !A12 & !A13 &  DC1 &  DC2 &  DC3 &  DC4 &  DC52 &  DC62 & !_LC1_B1 & 
              WR;

-- Node name is '|ram1:29|ram02:14|ram01:15|et:15|:34' = '|ram1:29|ram02:14|ram01:15|et:15|q' 
-- Equation name is '_LC11_A3', type is buried 
_LC11_A3 = DFFE( DI $  GND,  _EQ069,  VCC,  VCC,  VCC);
  _EQ069 =  A12 &  A13 &  Clock &  DC1 &  DC2 &  DC3 &  DC4 &  DC51 &  DC60 & 
              RD;

-- Node name is '|ram1:29|ram02:14|ram01:15|et:15|~56~2' 
-- Equation name is '_LC12_A3', type is buried 
!_LC12_A3 = _LC12_A3~NOT;
_LC12_A3~NOT = LCELL( _EQ070 $  GND);
  _EQ070 =  A12 &  A13 &  DC1 &  DC2 &  DC3 &  DC4 &  DC51 &  DC60 & 
             !_LC11_A3 &  WR;

-- Node name is '|ram1:29|ram02:14|ram01:15|et:16|:34' = '|ram1:29|ram02:14|ram01:15|et:16|q' 
-- Equation name is '_LC10_A3', type is buried 
_LC10_A3 = DFFE( DI $  GND,  _EQ071,  VCC,  VCC,  VCC);
  _EQ071 =  A12 & !A13 &  Clock &  DC1 &  DC2 &  DC3 &  DC4 &  DC51 &  DC60 & 
              RD;

-- Node name is '|ram1:29|ram02:14|ram01:15|et:16|~56~1' 
-- Equation name is '_LC3_A3', type is buried 
!_LC3_A3 = _LC3_A3~NOT;
_LC3_A3~NOT = LCELL( _EQ072 $  GND);
  _EQ072 =  A12 & !A13 &  DC1 &  DC2 &  DC3 &  DC4 &  DC51 &  DC60 & 
             !_LC10_A3 &  WR;

-- Node name is '|ram1:29|ram02:14|ram01:16|et:15|:34' = '|ram1:29|ram02:14|ram01:16|et:15|q' 
-- Equation name is '_LC9_A3', type is buried 
_LC9_A3  = DFFE( DI $  GND,  _EQ073,  VCC,  VCC,  VCC);
  _EQ073 = !A12 &  A13 &  Clock &  DC1 &  DC2 &  DC3 &  DC4 &  DC51 &  DC60 & 
              RD;

-- Node name is '|ram1:29|ram02:14|ram01:16|et:15|~56~2' 
-- Equation name is '_LC1_A3', type is buried 
!_LC1_A3 = _LC1_A3~NOT;
_LC1_A3~NOT = LCELL( _EQ074 $  GND);
  _EQ074 = !A12 &  A13 &  DC1 &  DC2 &  DC3 &  DC4 &  DC51 &  DC60 & !_LC9_A3 & 
              WR;

-- Node name is '|ram1:29|ram02:14|ram01:16|et:16|:34' = '|ram1:29|ram02:14|ram01:16|et:16|q' 
-- Equation name is '_LC13_D4', type is buried 
_LC13_D4 = DFFE( DI $  GND,  _EQ075,  VCC,  VCC,  VCC);
  _EQ075 = !A12 & !A13 &  Clock &  DC1 &  DC2 &  DC3 &  DC4 &  DC51 &  DC60 & 
              RD;

-- Node name is '|ram1:29|ram02:14|ram01:16|et:16|~56~1' 
-- Equation name is '_LC1_D4', type is buried 
!_LC1_D4 = _LC1_D4~NOT;
_LC1_D4~NOT = LCELL( _EQ076 $  GND);
  _EQ076 = !A12 & !A13 &  DC1 &  DC2 &  DC3 &  DC4 &  DC51 &  DC60 & 
             !_LC13_D4 &  WR;

-- Node name is '|ram1:29|ram02:15|ram01:15|et:15|:34' = '|ram1:29|ram02:15|ram01:15|et:15|q' 
-- Equation name is '_LC9_C3', type is buried 
_LC9_C3  = DFFE( DI $  GND,  _EQ077,  VCC,  VCC,  VCC);
  _EQ077 =  A12 &  A13 &  Clock &  DC1 &  DC2 &  DC3 &  DC4 &  DC51 &  DC61 & 
              RD;

-- Node name is '|ram1:29|ram02:15|ram01:15|et:15|~56~2' 
-- Equation name is '_LC15_C3', type is buried 
!_LC15_C3 = _LC15_C3~NOT;
_LC15_C3~NOT = LCELL( _EQ078 $  GND);
  _EQ078 =  A12 &  A13 &  DC1 &  DC2 &  DC3 &  DC4 &  DC51 &  DC61 & !_LC9_C3 & 
              WR;

-- Node name is '|ram1:29|ram02:15|ram01:15|et:16|:34' = '|ram1:29|ram02:15|ram01:15|et:16|q' 
-- Equation name is '_LC9_C2', type is buried 
_LC9_C2  = DFFE( DI $  GND,  _EQ079,  VCC,  VCC,  VCC);
  _EQ079 =  A12 & !A13 &  Clock &  DC1 &  DC2 &  DC3 &  DC4 &  DC51 &  DC61 & 
              RD;

-- Node name is '|ram1:29|ram02:15|ram01:15|et:16|~56~1' 
-- Equation name is '_LC11_C2', type is buried 
!_LC11_C2 = _LC11_C2~NOT;
_LC11_C2~NOT = LCELL( _EQ080 $  GND);
  _EQ080 =  A12 & !A13 &  DC1 &  DC2 &  DC3 &  DC4 &  DC51 &  DC61 & !_LC9_C2 & 
              WR;

-- Node name is '|ram1:29|ram02:15|ram01:16|et:15|:34' = '|ram1:29|ram02:15|ram01:16|et:15|q' 
-- Equation name is '_LC8_C3', type is buried 
_LC8_C3  = DFFE( DI $  GND,  _EQ081,  VCC,  VCC,  VCC);
  _EQ081 = !A12 &  A13 &  Clock &  DC1 &  DC2 &  DC3 &  DC4 &  DC51 &  DC61 & 
              RD;

-- Node name is '|ram1:29|ram02:15|ram01:16|et:15|~56~2' 
-- Equation name is '_LC2_C3', type is buried 
!_LC2_C3 = _LC2_C3~NOT;
_LC2_C3~NOT = LCELL( _EQ082 $  GND);
  _EQ082 = !A12 &  A13 &  DC1 &  DC2 &  DC3 &  DC4 &  DC51 &  DC61 & !_LC8_C3 & 
              WR;

-- Node name is '|ram1:29|ram02:15|ram01:16|et:16|:34' = '|ram1:29|ram02:15|ram01:16|et:16|q' 
-- Equation name is '_LC1_C5', type is buried 
_LC1_C5  = DFFE( DI $  GND,  _EQ083,  VCC,  VCC,  VCC);
  _EQ083 = !A12 & !A13 &  Clock &  DC1 &  DC2 &  DC3 &  DC4 &  DC51 &  DC61 & 
              RD;

-- Node name is '|ram1:29|ram02:15|ram01:16|et:16|~56~1' 
-- Equation name is '_LC5_A1', type is buried 
!_LC5_A1 = _LC5_A1~NOT;
_LC5_A1~NOT = LCELL( _EQ084 $  GND);
  _EQ084 = !A12 & !A13 &  DC1 &  DC2 &  DC3 &  DC4 &  DC51 &  DC61 & !_LC1_C5 & 
              WR;

-- Node name is '|ram1:29|ram02:16|ram01:15|et:15|:34' = '|ram1:29|ram02:16|ram01:15|et:15|q' 
-- Equation name is '_LC6_C2', type is buried 
_LC6_C2  = DFFE( DI $  GND,  _EQ085,  VCC,  VCC,  VCC);
  _EQ085 =  A12 &  A13 &  Clock &  DC1 &  DC2 &  DC3 &  DC4 &  DC51 &  DC63 & 
              RD;

-- Node name is '|ram1:29|ram02:16|ram01:15|et:15|~56~2' 
-- Equation name is '_LC8_C2', type is buried 
!_LC8_C2 = _LC8_C2~NOT;
_LC8_C2~NOT = LCELL( _EQ086 $  GND);
  _EQ086 =  A12 &  A13 &  DC1 &  DC2 &  DC3 &  DC4 &  DC51 &  DC63 & !_LC6_C2 & 
              WR;

-- Node name is '|ram1:29|ram02:16|ram01:15|et:16|:34' = '|ram1:29|ram02:16|ram01:15|et:16|q' 
-- Equation name is '_LC12_D4', type is buried 
_LC12_D4 = DFFE( DI $  GND,  _EQ087,  VCC,  VCC,  VCC);
  _EQ087 =  A12 & !A13 &  Clock &  DC1 &  DC2 &  DC3 &  DC4 &  DC51 &  DC63 & 
              RD;

-- Node name is '|ram1:29|ram02:16|ram01:15|et:16|~56~1' 
-- Equation name is '_LC7_D4', type is buried 
!_LC7_D4 = _LC7_D4~NOT;
_LC7_D4~NOT = LCELL( _EQ088 $  GND);
  _EQ088 =  A12 & !A13 &  DC1 &  DC2 &  DC3 &  DC4 &  DC51 &  DC63 & 
             !_LC12_D4 &  WR;

-- Node name is '|ram1:29|ram02:16|ram01:16|et:15|:34' = '|ram1:29|ram02:16|ram01:16|et:15|q' 
-- Equation name is '_LC11_D4', type is buried 
_LC11_D4 = DFFE( DI $  GND,  _EQ089,  VCC,  VCC,  VCC);
  _EQ089 = !A12 &  A13 &  Clock &  DC1 &  DC2 &  DC3 &  DC4 &  DC51 &  DC63 & 
              RD;

-- Node name is '|ram1:29|ram02:16|ram01:16|et:15|~56~2' 
-- Equation name is '_LC2_D4', type is buried 
!_LC2_D4 = _LC2_D4~NOT;
_LC2_D4~NOT = LCELL( _EQ090 $  GND);
  _EQ090 = !A12 &  A13 &  DC1 &  DC2 &  DC3 &  DC4 &  DC51 &  DC63 & 
             !_LC11_D4 &  WR;

-- Node name is '|ram1:29|ram02:16|ram01:16|et:16|:34' = '|ram1:29|ram02:16|ram01:16|et:16|q' 
-- Equation name is '_LC2_C2', type is buried 
_LC2_C2  = DFFE( DI $  GND,  _EQ091,  VCC,  VCC,  VCC);
  _EQ091 = !A12 & !A13 &  Clock &  DC1 &  DC2 &  DC3 &  DC4 &  DC51 &  DC63 & 
              RD;

-- Node name is '|ram1:29|ram02:16|ram01:16|et:16|~56~1' 
-- Equation name is '_LC12_C2', type is buried 
!_LC12_C2 = _LC12_C2~NOT;
_LC12_C2~NOT = LCELL( _EQ092 $  GND);
  _EQ092 = !A12 & !A13 &  DC1 &  DC2 &  DC3 &  DC4 &  DC51 &  DC63 & !_LC2_C2 & 
              WR;

-- Node name is '|ram1:29|ram02:17|ram01:15|et:15|:34' = '|ram1:29|ram02:17|ram01:15|et:15|q' 
-- Equation name is '_LC3_A2', type is buried 
_LC3_A2  = DFFE( DI $  GND,  _EQ093,  VCC,  VCC,  VCC);
  _EQ093 =  A12 &  A13 &  Clock &  DC1 &  DC2 &  DC3 &  DC4 &  DC51 &  DC62 & 
              RD;

-- Node name is '|ram1:29|ram02:17|ram01:15|et:15|~56~2' 
-- Equation name is '_LC2_A2', type is buried 
!_LC2_A2 = _LC2_A2~NOT;
_LC2_A2~NOT = LCELL( _EQ094 $  GND);
  _EQ094 =  A12 &  A13 &  DC1 &  DC2 &  DC3 &  DC4 &  DC51 &  DC62 & !_LC3_A2 & 
              WR;

-- Node name is '|ram1:29|ram02:17|ram01:15|et:16|:34' = '|ram1:29|ram02:17|ram01:15|et:16|q' 
-- Equation name is '_LC6_C3', type is buried 
_LC6_C3  = DFFE( DI $  GND,  _EQ095,  VCC,  VCC,  VCC);
  _EQ095 =  A12 & !A13 &  Clock &  DC1 &  DC2 &  DC3 &  DC4 &  DC51 &  DC62 & 
              RD;

-- Node name is '|ram1:29|ram02:17|ram01:15|et:16|~56~1' 
-- Equation name is '_LC4_C3', type is buried 
!_LC4_C3 = _LC4_C3~NOT;
_LC4_C3~NOT = LCELL( _EQ096 $  GND);
  _EQ096 =  A12 & !A13 &  DC1 &  DC2 &  DC3 &  DC4 &  DC51 &  DC62 & !_LC6_C3 & 
              WR;

-- Node name is '|ram1:29|ram02:17|ram01:16|et:15|:34' = '|ram1:29|ram02:17|ram01:16|et:15|q' 
-- Equation name is '_LC8_A2', type is buried 
_LC8_A2  = DFFE( DI $  GND,  _EQ097,  VCC,  VCC,  VCC);
  _EQ097 = !A12 &  A13 &  Clock &  DC1 &  DC2 &  DC3 &  DC4 &  DC51 &  DC62 & 
              RD;

-- Node name is '|ram1:29|ram02:17|ram01:16|et:15|~56~2' 
-- Equation name is '_LC5_A2', type is buried 
!_LC5_A2 = _LC5_A2~NOT;
_LC5_A2~NOT = LCELL( _EQ098 $  GND);
  _EQ098 = !A12 &  A13 &  DC1 &  DC2 &  DC3 &  DC4 &  DC51 &  DC62 & !_LC8_A2 & 
              WR;

-- Node name is '|ram1:29|ram02:17|ram01:16|et:16|:34' = '|ram1:29|ram02:17|ram01:16|et:16|q' 
-- Equation name is '_LC7_A2', type is buried 
_LC7_A2  = DFFE( DI $  GND,  _EQ099,  VCC,  VCC,  VCC);
  _EQ099 = !A12 & !A13 &  Clock &  DC1 &  DC2 &  DC3 &  DC4 &  DC51 &  DC62 & 
              RD;

-- Node name is '|ram1:29|ram02:17|ram01:16|et:16|~56~1' 
-- Equation name is '_LC4_A2', type is buried 
!_LC4_A2 = _LC4_A2~NOT;
_LC4_A2~NOT = LCELL( _EQ100 $  GND);
  _EQ100 = !A12 & !A13 &  DC1 &  DC2 &  DC3 &  DC4 &  DC51 &  DC62 & !_LC7_A2 & 
              WR;

-- Node name is '|ram1:30|ram02:14|ram01:15|et:15|:34' = '|ram1:30|ram02:14|ram01:15|et:15|q' 
-- Equation name is '_LC10_D1', type is buried 
_LC10_D1 = DFFE( DI $  GND,  _EQ101,  VCC,  VCC,  VCC);
  _EQ101 =  A12 &  A13 &  Clock &  DC1 &  DC2 &  DC3 &  DC4 &  DC53 &  DC60 & 
              RD;

-- Node name is '|ram1:30|ram02:14|ram01:15|et:15|~56~2' 
-- Equation name is '_LC1_D1', type is buried 
!_LC1_D1 = _LC1_D1~NOT;
_LC1_D1~NOT = LCELL( _EQ102 $  GND);
  _EQ102 =  A12 &  A13 &  DC1 &  DC2 &  DC3 &  DC4 &  DC53 &  DC60 & 
             !_LC10_D1 &  WR;

-- Node name is '|ram1:30|ram02:14|ram01:15|et:16|:34' = '|ram1:30|ram02:14|ram01:15|et:16|q' 
-- Equation name is '_LC5_B4', type is buried 
_LC5_B4  = DFFE( DI $  GND,  _EQ103,  VCC,  VCC,  VCC);
  _EQ103 =  A12 & !A13 &  Clock &  DC1 &  DC2 &  DC3 &  DC4 &  DC53 &  DC60 & 
              RD;

-- Node name is '|ram1:30|ram02:14|ram01:15|et:16|~56~1' 
-- Equation name is '_LC6_B4', type is buried 
!_LC6_B4 = _LC6_B4~NOT;
_LC6_B4~NOT = LCELL( _EQ104 $  GND);
  _EQ104 =  A12 & !A13 &  DC1 &  DC2 &  DC3 &  DC4 &  DC53 &  DC60 & !_LC5_B4 & 
              WR;

-- Node name is '|ram1:30|ram02:14|ram01:16|et:15|:34' = '|ram1:30|ram02:14|ram01:16|et:15|q' 
-- Equation name is '_LC8_D1', type is buried 
_LC8_D1  = DFFE( DI $  GND,  _EQ105,  VCC,  VCC,  VCC);
  _EQ105 = !A12 &  A13 &  Clock &  DC1 &  DC2 &  DC3 &  DC4 &  DC53 &  DC60 & 
              RD;

-- Node name is '|ram1:30|ram02:14|ram01:16|et:15|~56~2' 
-- Equation name is '_LC2_D1', type is buried 
!_LC2_D1 = _LC2_D1~NOT;
_LC2_D1~NOT = LCELL( _EQ106 $  GND);
  _EQ106 = !A12 &  A13 &  DC1 &  DC2 &  DC3 &  DC4 &  DC53 &  DC60 & !_LC8_D1 & 
              WR;

-- Node name is '|ram1:30|ram02:14|ram01:16|et:16|:34' = '|ram1:30|ram02:14|ram01:16|et:16|q' 
-- Equation name is '_LC9_D1', type is buried 
_LC9_D1  = DFFE( DI $  GND,  _EQ107,  VCC,  VCC,  VCC);
  _EQ107 = !A12 & !A13 &  Clock &  DC1 &  DC2 &  DC3 &  DC4 &  DC53 &  DC60 & 
              RD;

-- Node name is '|ram1:30|ram02:14|ram01:16|et:16|~56~1' 
-- Equation name is '_LC3_D1', type is buried 
!_LC3_D1 = _LC3_D1~NOT;
_LC3_D1~NOT = LCELL( _EQ108 $  GND);
  _EQ108 = !A12 & !A13 &  DC1 &  DC2 &  DC3 &  DC4 &  DC53 &  DC60 & !_LC9_D1 & 
              WR;

-- Node name is '|ram1:30|ram02:15|ram01:15|et:15|:34' = '|ram1:30|ram02:15|ram01:15|et:15|q' 
-- Equation name is '_LC8_B4', type is buried 
_LC8_B4  = DFFE( DI $  GND,  _EQ109,  VCC,  VCC,  VCC);
  _EQ109 =  A12 &  A13 &  Clock &  DC1 &  DC2 &  DC3 &  DC4 &  DC53 &  DC61 & 
              RD;

-- Node name is '|ram1:30|ram02:15|ram01:15|et:15|~56~2' 
-- Equation name is '_LC2_B4', type is buried 
!_LC2_B4 = _LC2_B4~NOT;
_LC2_B4~NOT = LCELL( _EQ110 $  GND);
  _EQ110 =  A12 &  A13 &  DC1 &  DC2 &  DC3 &  DC4 &  DC53 &  DC61 & !_LC8_B4 & 
              WR;

-- Node name is '|ram1:30|ram02:15|ram01:15|et:16|:34' = '|ram1:30|ram02:15|ram01:15|et:16|q' 
-- Equation name is '_LC4_B4', type is buried 
_LC4_B4  = DFFE( DI $  GND,  _EQ111,  VCC,  VCC,  VCC);
  _EQ111 =  A12 & !A13 &  Clock &  DC1 &  DC2 &  DC3 &  DC4 &  DC53 &  DC61 & 
              RD;

-- Node name is '|ram1:30|ram02:15|ram01:15|et:16|~56~1' 
-- Equation name is '_LC3_B4', type is buried 
!_LC3_B4 = _LC3_B4~NOT;
_LC3_B4~NOT = LCELL( _EQ112 $  GND);
  _EQ112 =  A12 & !A13 &  DC1 &  DC2 &  DC3 &  DC4 &  DC53 &  DC61 & !_LC4_B4 & 
              WR;

-- Node name is '|ram1:30|ram02:15|ram01:16|et:15|:34' = '|ram1:30|ram02:15|ram01:16|et:15|q' 
-- Equation name is '_LC6_D4', type is buried 
_LC6_D4  = DFFE( DI $  GND,  _EQ113,  VCC,  VCC,  VCC);
  _EQ113 = !A12 &  A13 &  Clock &  DC1 &  DC2 &  DC3 &  DC4 &  DC53 &  DC61 & 
              RD;

-- Node name is '|ram1:30|ram02:15|ram01:16|et:15|~56~2' 
-- Equation name is '_LC5_D4', type is buried 
!_LC5_D4 = _LC5_D4~NOT;
_LC5_D4~NOT = LCELL( _EQ114 $  GND);
  _EQ114 = !A12 &  A13 &  DC1 &  DC2 &  DC3 &  DC4 &  DC53 &  DC61 & !_LC6_D4 & 
              WR;

-- Node name is '|ram1:30|ram02:15|ram01:16|et:16|:34' = '|ram1:30|ram02:15|ram01:16|et:16|q' 
-- Equation name is '_LC11_B4', type is buried 
_LC11_B4 = DFFE( DI $  GND,  _EQ115,  VCC,  VCC,  VCC);
  _EQ115 = !A12 & !A13 &  Clock &  DC1 &  DC2 &  DC3 &  DC4 &  DC53 &  DC61 & 
              RD;

-- Node name is '|ram1:30|ram02:15|ram01:16|et:16|~56~1' 
-- Equation name is '_LC12_B4', type is buried 
!_LC12_B4 = _LC12_B4~NOT;
_LC12_B4~NOT = LCELL( _EQ116 $  GND);
  _EQ116 = !A12 & !A13 &  DC1 &  DC2 &  DC3 &  DC4 &  DC53 &  DC61 & 
             !_LC11_B4 &  WR;

-- Node name is '|ram1:30|ram02:16|ram01:15|et:15|:34' = '|ram1:30|ram02:16|ram01:15|et:15|q' 
-- Equation name is '_LC2_B3', type is buried 
_LC2_B3  = DFFE( DI $  GND,  _EQ117,  VCC,  VCC,  VCC);
  _EQ117 =  A12 &  A13 &  Clock &  DC1 &  DC2 &  DC3 &  DC4 &  DC53 &  DC63 & 
              RD;

-- Node name is '|ram1:30|ram02:16|ram01:15|et:15|~56~2' 
-- Equation name is '_LC5_B3', type is buried 
!_LC5_B3 = _LC5_B3~NOT;
_LC5_B3~NOT = LCELL( _EQ118 $  GND);
  _EQ118 =  A12 &  A13 &  DC1 &  DC2 &  DC3 &  DC4 &  DC53 &  DC63 & !_LC2_B3 & 
              WR;

-- Node name is '|ram1:30|ram02:16|ram01:15|et:16|:34' = '|ram1:30|ram02:16|ram01:15|et:16|q' 
-- Equation name is '_LC10_B3', type is buried 
_LC10_B3 = DFFE( DI $  GND,  _EQ119,  VCC,  VCC,  VCC);
  _EQ119 =  A12 & !A13 &  Clock &  DC1 &  DC2 &  DC3 &  DC4 &  DC53 &  DC63 & 
              RD;

-- Node name is '|ram1:30|ram02:16|ram01:15|et:16|~56~1' 
-- Equation name is '_LC6_B3', type is buried 
!_LC6_B3 = _LC6_B3~NOT;
_LC6_B3~NOT = LCELL( _EQ120 $  GND);
  _EQ120 =  A12 & !A13 &  DC1 &  DC2 &  DC3 &  DC4 &  DC53 &  DC63 & 
             !_LC10_B3 &  WR;

-- Node name is '|ram1:30|ram02:16|ram01:16|et:15|:34' = '|ram1:30|ram02:16|ram01:16|et:15|q' 
-- Equation name is '_LC3_B3', type is buried 
_LC3_B3  = DFFE( DI $  GND,  _EQ121,  VCC,  VCC,  VCC);
  _EQ121 = !A12 &  A13 &  Clock &  DC1 &  DC2 &  DC3 &  DC4 &  DC53 &  DC63 & 
              RD;

-- Node name is '|ram1:30|ram02:16|ram01:16|et:15|~56~2' 
-- Equation name is '_LC4_B3', type is buried 
!_LC4_B3 = _LC4_B3~NOT;
_LC4_B3~NOT = LCELL( _EQ122 $  GND);
  _EQ122 = !A12 &  A13 &  DC1 &  DC2 &  DC3 &  DC4 &  DC53 &  DC63 & !_LC3_B3 & 
              WR;

-- Node name is '|ram1:30|ram02:16|ram01:16|et:16|:34' = '|ram1:30|ram02:16|ram01:16|et:16|q' 
-- Equation name is '_LC6_D1', type is buried 
_LC6_D1  = DFFE( DI $  GND,  _EQ123,  VCC,  VCC,  VCC);
  _EQ123 = !A12 & !A13 &  Clock &  DC1 &  DC2 &  DC3 &  DC4 &  DC53 &  DC63 & 
              RD;

-- Node name is '|ram1:30|ram02:16|ram01:16|et:16|~56~1' 
-- Equation name is '_LC7_D1', type is buried 
!_LC7_D1 = _LC7_D1~NOT;
_LC7_D1~NOT = LCELL( _EQ124 $  GND);
  _EQ124 = !A12 & !A13 &  DC1 &  DC2 &  DC3 &  DC4 &  DC53 &  DC63 & !_LC6_D1 & 
              WR;

-- Node name is '|ram1:30|ram02:17|ram01:15|et:15|:34' = '|ram1:30|ram02:17|ram01:15|et:15|q' 
-- Equation name is '_LC9_B3', type is buried 
_LC9_B3  = DFFE( DI $  GND,  _EQ125,  VCC,  VCC,  VCC);
  _EQ125 =  A12 &  A13 &  Clock &  DC1 &  DC2 &  DC3 &  DC4 &  DC53 &  DC62 & 
              RD;

-- Node name is '|ram1:30|ram02:17|ram01:15|et:15|~56~2' 
-- Equation name is '_LC1_B3', type is buried 
!_LC1_B3 = _LC1_B3~NOT;
_LC1_B3~NOT = LCELL( _EQ126 $  GND);
  _EQ126 =  A12 &  A13 &  DC1 &  DC2 &  DC3 &  DC4 &  DC53 &  DC62 & !_LC9_B3 & 
              WR;

-- Node name is '|ram1:30|ram02:17|ram01:15|et:16|:34' = '|ram1:30|ram02:17|ram01:15|et:16|q' 
-- Equation name is '_LC11_B3', type is buried 
_LC11_B3 = DFFE( DI $  GND,  _EQ127,  VCC,  VCC,  VCC);
  _EQ127 =  A12 & !A13 &  Clock &  DC1 &  DC2 &  DC3 &  DC4 &  DC53 &  DC62 & 
              RD;

-- Node name is '|ram1:30|ram02:17|ram01:15|et:16|~56~1' 
-- Equation name is '_LC8_B3', type is buried 
!_LC8_B3 = _LC8_B3~NOT;
_LC8_B3~NOT = LCELL( _EQ128 $  GND);
  _EQ128 =  A12 & !A13 &  DC1 &  DC2 &  DC3 &  DC4 &  DC53 &  DC62 & 
             !_LC11_B3 &  WR;

-- Node name is '|ram1:30|ram02:17|ram01:16|et:15|:34' = '|ram1:30|ram02:17|ram01:16|et:15|q' 
-- Equation name is '_LC4_D5', type is buried 
_LC4_D5  = DFFE( DI $  GND,  _EQ129,  VCC,  VCC,  VCC);
  _EQ129 = !A12 &  A13 &  Clock &  DC1 &  DC2 &  DC3 &  DC4 &  DC53 &  DC62 & 
              RD;

-- Node name is '|ram1:30|ram02:17|ram01:16|et:15|~56~2' 
-- Equation name is '_LC3_D5', type is buried 
!_LC3_D5 = _LC3_D5~NOT;
_LC3_D5~NOT = LCELL( _EQ130 $  GND);
  _EQ130 = !A12 &  A13 &  DC1 &  DC2 &  DC3 &  DC4 &  DC53 &  DC62 & !_LC4_D5 & 
              WR;

-- Node name is '|ram1:30|ram02:17|ram01:16|et:16|:34' = '|ram1:30|ram02:17|ram01:16|et:16|q' 
-- Equation name is '_LC1_D5', type is buried 
_LC1_D5  = DFFE( DI $  GND,  _EQ131,  VCC,  VCC,  VCC);
  _EQ131 = !A12 & !A13 &  Clock &  DC1 &  DC2 &  DC3 &  DC4 &  DC53 &  DC62 & 
              RD;

-- Node name is '|ram1:30|ram02:17|ram01:16|et:16|~56~1' 
-- Equation name is '_LC2_D5', type is buried 
!_LC2_D5 = _LC2_D5~NOT;
_LC2_D5~NOT = LCELL( _EQ132 $  GND);
  _EQ132 = !A12 & !A13 &  DC1 &  DC2 &  DC3 &  DC4 &  DC53 &  DC62 & !_LC1_D5 & 
              WR;



Project Information            c:\univer\circuits\schemlab3\pmaschem3\ram2.rpt

** COMPILATION SETTINGS & TIMES **

Processing Menu Commands
------------------------

Design Doctor                             = off

Logic Synthesis:

   Synthesis Type Used                    = Multi-Level

   Default Synthesis Style                = NORMAL

      Logic option settings in 'NORMAL' style for 'MAX9000' family

      DECOMPOSE_GATES                     = on
      DUPLICATE_LOGIC_EXTRACTION          = on
      MINIMIZATION                        = full
      MULTI_LEVEL_FACTORING               = on
      NOT_GATE_PUSH_BACK                  = on
      PARALLEL_EXPANDERS                  = off
      REDUCE_LOGIC                        = on
      REFACTORIZATION                     = on
      REGISTER_OPTIMIZATION               = on
      RESYNTHESIZE_NETWORK                = on
      SLOW_SLEW_RATE                      = off
      SOFT_BUFFER_INSERTION               = on
      SUBFACTOR_EXTRACTION                = on
      TURBO_BIT                           = on
      XOR_SYNTHESIS                       = on
      IGNORE_SOFT_BUFFERS                 = off
      USE_LPM_FOR_AHDL_OPERATORS          = off

   Other logic synthesis settings:

      Automatic Global Clock              = on
      Automatic Global Clear              = on
      Automatic Global Preset             = on
      Automatic Global Output Enable      = on
      Automatic Fast I/O                  = off
      Automatic Register Packing          = off
      Automatic Open-Drain Pins           = on
      Automatic Implement in EAB          = off
      One-Hot State Machine Encoding      = off
      Optimize                            = 5

Default Timing Specifications: None

Cut All Bidir Feedback Timing Paths       = on
Cut All Clear & Preset Timing Paths       = on

Ignore Timing Assignments                 = off

Functional SNF Extractor                  = off

Linked SNF Extractor                      = off
Timing SNF Extractor                      = on
Optimize Timing SNF                       = off
Generate AHDL TDO File                    = off
Fitter Settings                           = NORMAL
Smart Recompile                           = off
Total Recompile                           = off

Interfaces Menu Commands
------------------------

EDIF Netlist Writer                       = off
Verilog Netlist Writer                    = off
VHDL Netlist Writer                       = off

Compilation Times
-----------------

   Compiler Netlist Extractor             00:00:00
   Database Builder                       00:00:01
   Logic Synthesizer                      00:00:01
   Partitioner                            00:00:00
   Fitter                                 00:00:01
   Timing SNF Extractor                   00:00:00
   Assembler                              00:00:10
   --------------------------             --------
   Total Time                             00:00:13


Memory Allocated
-----------------

Peak memory allocated during compilation  = 114,667K
