c:\users\cephalgia\documents\visual studio 2013\projects\lab11\lab11\debug\lab11.pch
c:\users\cephalgia\documents\visual studio 2013\projects\lab11\lab11\debug\vc120.pdb
c:\users\cephalgia\documents\visual studio 2013\projects\lab11\lab11\debug\vc120.idb
c:\users\cephalgia\documents\visual studio 2013\projects\lab11\lab11\debug\stdafx.obj
c:\users\cephalgia\documents\visual studio 2013\projects\lab11\lab11\debug\lab11.obj
c:\users\cephalgia\documents\visual studio 2013\projects\lab11\lab11\debug\module.obj
c:\users\cephalgia\documents\visual studio 2013\projects\lab11\lab11\debug\vectfpu.obj
c:\users\cephalgia\documents\visual studio 2013\projects\lab11\lab11\debug\vectsse.obj
c:\users\cephalgia\documents\visual studio 2013\projects\lab11\debug\lab11.ilk
c:\users\cephalgia\documents\visual studio 2013\projects\lab11\debug\lab11.exe
c:\users\cephalgia\documents\visual studio 2013\projects\lab11\debug\lab11.pdb
c:\users\cephalgia\documents\visual studio 2013\projects\lab11\lab11\debug\lab11.res
c:\users\cephalgia\documents\visual studio 2013\projects\lab11\lab11\debug\lab11.tlog\cl.command.1.tlog
c:\users\cephalgia\documents\visual studio 2013\projects\lab11\lab11\debug\lab11.tlog\cl.read.1.tlog
c:\users\cephalgia\documents\visual studio 2013\projects\lab11\lab11\debug\lab11.tlog\cl.write.1.tlog
c:\users\cephalgia\documents\visual studio 2013\projects\lab11\lab11\debug\lab11.tlog\lab11.write.1u.tlog
c:\users\cephalgia\documents\visual studio 2013\projects\lab11\lab11\debug\lab11.tlog\link.command.1.tlog
c:\users\cephalgia\documents\visual studio 2013\projects\lab11\lab11\debug\lab11.tlog\link.read.1.tlog
c:\users\cephalgia\documents\visual studio 2013\projects\lab11\lab11\debug\lab11.tlog\link.write.1.tlog
c:\users\cephalgia\documents\visual studio 2013\projects\lab11\lab11\debug\lab11.tlog\rc.command.1.tlog
c:\users\cephalgia\documents\visual studio 2013\projects\lab11\lab11\debug\lab11.tlog\rc.read.1.tlog
c:\users\cephalgia\documents\visual studio 2013\projects\lab11\lab11\debug\lab11.tlog\rc.write.1.tlog
