Project Information                                      d:\kpi\kc\ctr\ctr.rpt

MAX+plus II Compiler Report File
Version 10.1 06/12/2001
Compiled: 10/12/2010 23:19:56

Copyright (C) 1988-2001 Altera Corporation
Any megafunction design, and related net list (encrypted or decrypted),
support information, device programming or simulation file, and any other
associated documentation or information provided by Altera or a partner
under Altera's Megafunction Partnership Program may be used only to
program PLD devices (but not masked PLD devices) from Altera.  Any other
use of such megafunction design, net list, support information, device
programming or simulation file, or any other related documentation or
information is prohibited for any other purpose, including, but not
limited to modification, reverse engineering, de-compiling, or use with
any other silicon devices, unless such use is explicitly licensed under
a separate agreement with Altera or a megafunction partner.  Title to
the intellectual property, including patents, copyrights, trademarks,
trade secrets, or maskworks, embodied in any such megafunction design,
net list, support information, device programming or simulation file, or
any other related documentation or information provided by Altera or a
megafunction partner, remains with Altera, the megafunction partner, or
their respective licensors.  No other licenses, including any licenses
needed under any third party's intellectual property, are provided herein.



***** Project compilation was successful




** DEVICE SUMMARY **

Chip/                     Input   Output   Bidir         Shareable
POF       Device          Pins    Pins     Pins     LCs  Expanders  % Utilized

ctr       EPM9320LC84-15   24       23       0      31      17          9  %

User Pins:                 24       23       0  



Project Information                                      d:\kpi\kc\ctr\ctr.rpt

** AUTO GLOBAL SIGNALS **



INFO: Signal 'CLOCK' chosen for auto global Clock


Project Information                                      d:\kpi\kc\ctr\ctr.rpt

** PIN/LOCATION/CHIP ASSIGNMENTS **

                  Actual                  
    User       Assignments                
Assignments   (if different)     Node Name

ctr                               CR
ctr                               C19
ctr                               Q0
ctr                               Q1
ctr                               Q2
ctr                               Q3
ctr                               Q4
ctr                               Q5
ctr                               Q6
ctr                               Q7
ctr                               Q8
ctr                               Q9
ctr                               Q10
ctr                               Q11
ctr                               Q12
ctr                               Q13
ctr                               Q14
ctr                               Q15
ctr                               Q16
ctr                               Q17
ctr                               Q18
ctr                               Q19
ctr                               tD19


Device-Specific Information:                             d:\kpi\kc\ctr\ctr.rpt
ctr

***** Logic for device 'ctr' compiled without errors.




Device: EPM9320LC84-15

Device Options:
    Turbo Bit                                    = ON
    Security Bit                                 = OFF
    User Code                                  = ffff
    MultiVolt I/O                              = OFF

                                                           R     R  R  R  R  
                                                           E     E  E  E  E  
                                                           S     S  S  S  S  
                                            C              E  V  E  E  E  E  
                                      t     L              R  C  R  R  R  R  
                       Q  Q  G  Q  D  D  Q  O        D  D  V  C  V  V  V  V  
              C  Q  D  1  1  N  1  1  1  1  C  F  D  1  1  E  I  E  E  E  E  
              R  8  5  4  2  D  5  1  9  8  K  1  8  7  0  D  O  D  D  D  D  
            -----------------------------------------------------------------_ 
          /  11 10  9  8  7  6  5  4  3  2  1 84 83 82 81 80 79 78 77 76 75   | 
      Q4 | 12                                                              74 | RESERVED 
      F2 | 13                                                              73 | RESERVED 
  VCCINT | 14                                                              72 | F0 
   VCCIO | 15                                                              71 | VCCINT 
     Q16 | 16                                                              70 | GND 
     D19 | 17                                                              69 | Q19 
     GND | 18                                                              68 | D1 
     D14 | 19                                                              67 | GND 
     D12 | 20                                                              66 | D15 
  VCCINT | 21                                                              65 | D13 
      D2 | 22                        EPM9320LC84-15                        64 | VCCINT 
      D9 | 23                                                              63 | D3 
     GND | 24                                                              62 | D0 
     GND | 25                                                              61 | GND 
     Q17 | 26                                                              60 | VCCIO 
      Q0 | 27                                                              59 | Q6 
  VCCINT | 28                                                              58 | Q7 
    N.C. | 29                                                              57 | VCCINT 
    #TDO | 30                                                              56 | ^VPP 
      Q5 | 31                                                              55 | #TMS 
      Q3 | 32                                                              54 | RESERVED 
         |_  33 34 35 36 37 38 39 40 41 42 43 44 45 46 47 48 49 50 51 52 53  _| 
           ------------------------------------------------------------------ 
              Q  Q  Q  Q  V  Q  C  Q  D  #  #  D  D  D  D  G  R  R  R  R  R  
              9  2  1  1  C  1  1  1  6  T  T  7  1  1  4  N  E  E  E  E  E  
                    0  3  C  1  9        D  C     6  8     D  S  S  S  S  S  
                          I              I  K                 E  E  E  E  E  
                          O                                   R  R  R  R  R  
                                                              V  V  V  V  V  
                                                              E  E  E  E  E  
                                                              D  D  D  D  D  


N.C. = No Connect. This pin has no internal connection to the device.
VCCINT = Dedicated power pin, which MUST be connected to VCC (5.0 volts).
VCCIO = Dedicated power pin, which MUST be connected to VCC (5.0 volts).
GND = Dedicated ground pin or unused dedicated input, which MUST be connected to GND.
RESERVED = Unused I/O pin, which MUST be left unconnected.

# = JTAG Boundary-Scan Testing/In-System Programming or Configuration Pin. The JTAG inputs TMS and TDI should be tied to VCC and TCK should be tied to GND when not in use.
& = JTAG pin used for I/O. When used as user I/O, JTAG pins must be kept stable before and during configuration.  JTAG pin stability prevents accidental loading of JTAG instructions.


Device-Specific Information:                             d:\kpi\kc\ctr\ctr.rpt
ctr

** RESOURCE USAGE **

Logic                Column       Row                                   
Array                Interconnect Interconnect         Clears/     External    Shareable
Block   Logic Cells  Driven       Driven       Clocks  Presets   Interconnect  Expanders
B1      13/16( 81%)  11/16( 68%)   0/16(  0%)    0/2    0/2      13/33( 39%)   10/16( 62%)  
C2      13/16( 81%)  10/16( 62%)   0/16(  0%)    0/2    0/2      22/33( 66%)    5/16( 31%)  
D3       5/16( 31%)   3/16( 18%)   1/16(  6%)    0/2    0/2       8/33( 24%)    2/16( 12%)  


Total dedicated input pins used:                 4/4      (100%)
Total I/O pins used:                            43/56     ( 76%)
Total logic cells used:                         31/320    (  9%)
Total shareable expanders used:                 15/320    (  4%)
Total Turbo logic cells used:                   31/320    (  9%)
Total shareable expanders not available (n/a):   2/320    (  0%)
Average fan-in:                                  10.61
Total fan-in:                                   329

Total input pins required:                      24
Total input I/O cell registers required:         0
Total output pins required:                     23
Total output I/O cell registers required:        0
Total buried I/O cell registers required:        0
Total bidirectional pins required:               0
Total logic cells required:                     31
Total flipflops required:                       20
Total product terms required:                  121
Total logic cells lending parallel expanders:    0
Total shareable expanders in database:          14
Total packed registers required:                 0

Synthesized logic cells:                         8/ 320   (  2%)

Logic Cell Counts

Column:  01  02  03  04  05  Total
 A:      0   0   0   0   0      0
 B:     13   0   0   0   0     13
 C:      0  13   0   0   0     13
 D:      0   0   5   0   0      5

Total:  13  13   5   0   0     31



Device-Specific Information:                             d:\kpi\kc\ctr\ctr.rpt
ctr

** INPUTS **

                                               Shareable
                                               Expanders     Fan-In    Fan-Out
 Pin     LC   Row  Col  Primitive    Code   Total Shared n/a INP  FBK  OUT  FBK  Name
   1      -    -    --      INPUT  G            0      0   0    0    0    0    0  CLOCK
  62      -    B    --      INPUT               0      0   0    0    0    0    1  D0
  68      -    D    --      INPUT               0      0   0    0    0    0    1  D1
  22      -    B    --      INPUT               0      0   0    0    0    0    1  D2
  63      -    B    --      INPUT               0      0   0    0    0    0    1  D3
  47      -    -    04      INPUT               0      0   0    0    0    0    1  D4
   9      -    -    01      INPUT               0      0   0    0    0    0    1  D5
  41      -    -    03      INPUT               0      0   0    0    0    0    1  D6
  44      -    -    03      INPUT               0      0   0    0    0    0    1  D7
  83      -    -    03      INPUT               0      0   0    0    0    0    1  D8
  23      -    B    --      INPUT               0      0   0    0    0    0    1  D9
  81      -    -    04      INPUT               0      0   0    0    0    0    1  D10
   4      -    -    02      INPUT               0      0   0    0    0    0    1  D11
  20      -    C    --      INPUT               0      0   0    0    0    0    1  D12
  65      -    C    --      INPUT               0      0   0    0    0    0    1  D13
  19      -    C    --      INPUT               0      0   0    0    0    0    1  D14
  66      -    C    --      INPUT               0      0   0    0    0    0    1  D15
  45      -    -    03      INPUT               0      0   0    0    0    0    1  D16
  82      -    -    03      INPUT               0      0   0    0    0    0    1  D17
  46      -    -    04      INPUT               0      0   0    0    0    0    1  D18
  17      -    D    --      INPUT               0      0   0    0    0    0    1  D19
  72      -    -    --      INPUT               0      0   0    0    0    0   23  F0
  84      -    -    --      INPUT               0      0   0    0    0    0   25  F1
  13      -    -    --      INPUT               0      0   0    0    0    0   29  F2


Code:

s = Synthesized pin or logic cell
t = Turbo logic cell
+ = Synchronous flipflop
/ = Slow slew-rate output
! = NOT gate push-back
r = Fitter-inserted logic cell
G = Global Source. Fan-out destinations counted here do not include destinations
that are driven using global routing resources. Refer to the Auto Global Signals,
Clock Signals, Clear Signals, Synchronous Load Signals, and Synchronous Clear Signals
Sections of this Report File for information on which signals' fan-outs are used as
Clock, Clear, Preset, Output Enable, and synchronous Load signals.


Device-Specific Information:                             d:\kpi\kc\ctr\ctr.rpt
ctr

** OUTPUTS **

                                               Shareable
                                               Expanders     Fan-In    Fan-Out
 Pin     LC   Row  Col  Primitive    Code   Total Shared n/a INP  FBK  OUT  FBK  Name
  11      -    -    01     OUTPUT               0      0   0    0    1    0    0  CR
  39      -    -    02     OUTPUT               0      0   0    0    1    0    0  C19
  27      -    A    --     OUTPUT               0      0   0    0    1    0    0  Q0
  40      -    -    03     OUTPUT               0      0   0    0    1    0    0  Q1
  34      -    -    01     OUTPUT               0      0   0    0    1    0    0  Q2
  32      -    -    01     OUTPUT               0      0   0    0    1    0    0  Q3
  12      -    -    01     OUTPUT               0      0   0    0    1    0    0  Q4
  31      -    -    01     OUTPUT               0      0   0    0    1    0    0  Q5
  59      -    A    --     OUTPUT               0      0   0    0    1    0    0  Q6
  58      -    A    --     OUTPUT               0      0   0    0    1    0    0  Q7
  10      -    -    01     OUTPUT               0      0   0    0    1    0    0  Q8
  33      -    -    01     OUTPUT               0      0   0    0    1    0    0  Q9
  35      -    -    02     OUTPUT               0      0   0    0    1    0    0  Q10
  38      -    -    02     OUTPUT               0      0   0    0    1    0    0  Q11
   7      -    -    02     OUTPUT               0      0   0    0    1    0    0  Q12
  36      -    -    02     OUTPUT               0      0   0    0    1    0    0  Q13
   8      -    -    02     OUTPUT               0      0   0    0    1    0    0  Q14
   5      -    -    02     OUTPUT               0      0   0    0    1    0    0  Q15
  16      -    D    --     OUTPUT               0      0   0    0    1    0    0  Q16
  26      -    A    --     OUTPUT               0      0   0    0    1    0    0  Q17
   2      -    -    03     OUTPUT               0      0   0    0    1    0    0  Q18
  69      -    D    --     OUTPUT               0      0   0    0    1    0    0  Q19
   3      -    -    03     OUTPUT               0      0   0    0    1    0    0  tD19


Code:

s = Synthesized pin or logic cell
t = Turbo logic cell
+ = Synchronous flipflop
/ = Slow slew-rate output
! = NOT gate push-back
r = Fitter-inserted logic cell


Device-Specific Information:                             d:\kpi\kc\ctr\ctr.rpt
ctr

** BURIED LOGIC **

                                               Shareable
                                               Expanders     Fan-In    Fan-Out
 IOC     LC   Row  Col  Primitive    Code   Total Shared n/a INP  FBK  OUT  FBK Name
   -      9    B    01       DFFE   +  t        0      0   0    4    1    1    5  :467
   -      8    B    01       SOFT    s t        0      0   0    2    0    0   13  ~488~1
   -      3    D    03       SOFT    s t        0      0   0    4    2    0    1  ~498~1
   -      1    D    03       DFFE   +  t        1      1   0    3    2    1    5  :507
   -      7    B    01        OR2    s t        3      2   1    3    4    0    1  ~510~1
   -     10    B    01       SOFT    s t        0      0   0    1    1    0    2  ~510~2
   -      6    B    01       DFFE   +  t        1      1   0    4    3    1    2  :519
   -      4    B    01        OR2      t        1      0   0    3    4    1   17  :602
   -     13    C    02        OR2      t        0      0   0    0   17    1    1  :953
   -      3    B    01       DFFE   +  t        0      0   0    4    2    1   16  :1021
   -      2    B    01       DFFE   +  t        1      0   0    4    3    1   15  :1023
   -      1    B    01       DFFE   +  t        1      0   0    4    4    1   14  :1025
   -     15    B    01       DFFE   +  t        1      0   0    4    5    1   13  :1028
   -     13    B    01       DFFE   +  t        1      0   0    4    6    1   12  :1029
   -     11    B    01       DFFE   +  t        1      0   0    4    7    1   11  :1034
   -      5    B    01       DFFE   +  t        1      0   0    4    8    1   10  :1035
   -      2    C    02       DFFE   +  t        1      0   0    4    9    1    9  :1036
   -      6    C    02       DFFE   +  t        1      0   0    4   10    1    8  :1037
   -      5    C    02       DFFE   +  t        1      0   0    4   11    1    7  :1042
   -      4    C    02       DFFE   +  t        1      0   0    4   12    1    6  :1043
   -      3    C    02       DFFE   +  t        1      0   0    4   13    1    5  :1044
   -      7    C    02       TFFE   +  t        0      0   0    2    1    1    5  :1045
   -     15    C    02       TFFE   +  t        0      0   0    2    1    1    4  :1050
   -     11    C    02       TFFE   +  t        0      0   0    2    1    1    3  :1051
   -      5    D    03       TFFE   +  t        0      0   0    2    1    1    2  :1052
   -     11    D    03       DFFE   +  t        0      0   0    2    1    1    1  :1053
   -      8    C    02       SOFT    s t        0      0   0    3   14    0    1  ~1293~1
   -      9    C    02       SOFT    s t        0      0   0    3   15    0    1  ~1306~1
   -     10    C    02       SOFT    s t        0      0   0    3   16    0    1  ~1319~1
   -      1    C    02       SOFT    s t        0      0   0    3   17    0    1  ~1332~1
   -      2    D    03        OR2      t        1      0   1    3    2    1    1  :1345


Code:

s = Synthesized pin or logic cell
t = Turbo logic cell
+ = Synchronous flipflop
/ = Slow slew-rate output
! = NOT gate push-back
r = Fitter-inserted logic cell
p = Packed register


Device-Specific Information:                             d:\kpi\kc\ctr\ctr.rpt
ctr

** FASTTRACK INTERCONNECT UTILIZATION **

Row FastTrack Interconnect:

         FastTrack                                 
Row     Interconnect    Input Pins     Output Pins     Bidir Pins
A:       4/ 96(  4%)    0/16(  0%)      4/16( 25%)     0/16(  0%)
B:      13/ 96( 13%)    4/16( 25%)      0/16(  0%)     0/16(  0%)
C:      22/ 96( 22%)    4/16( 25%)      0/16(  0%)     0/16(  0%)
D:      10/ 96( 10%)    2/16( 12%)      2/16( 12%)     0/16(  0%)


Column FastTrack Interconnect:

         FastTrack                                 
Column  Interconnect    Input Pins     Output Pins     Bidir Pins
01:     13/48( 27%)     1/20(  5%)      7/20( 35%)       0/20(  0%)
02:     11/48( 22%)     1/20(  5%)      7/20( 35%)       0/20(  0%)
03:      8/48( 16%)     5/20( 25%)      3/20( 15%)       0/20(  0%)
04:      3/48(  6%)     3/20( 15%)      0/20(  0%)       0/20(  0%)
05:      0/48(  0%)     0/20(  0%)      0/20(  0%)       0/20(  0%)


Device-Specific Information:                             d:\kpi\kc\ctr\ctr.rpt
ctr

** EQUATIONS **

CLOCK    : INPUT;
D0       : INPUT;
D1       : INPUT;
D2       : INPUT;
D3       : INPUT;
D4       : INPUT;
D5       : INPUT;
D6       : INPUT;
D7       : INPUT;
D8       : INPUT;
D9       : INPUT;
D10      : INPUT;
D11      : INPUT;
D12      : INPUT;
D13      : INPUT;
D14      : INPUT;
D15      : INPUT;
D16      : INPUT;
D17      : INPUT;
D18      : INPUT;
D19      : INPUT;
F0       : INPUT;
F1       : INPUT;
F2       : INPUT;

-- Node name is 'CR' 
-- Equation name is 'CR', type is output 
CR       =  _LC4_B1;

-- Node name is 'C19' 
-- Equation name is 'C19', type is output 
C19      =  _LC13_C2;

-- Node name is 'Q0' 
-- Equation name is 'Q0', type is output 
Q0       =  _LC9_B1;

-- Node name is 'Q1' 
-- Equation name is 'Q1', type is output 
Q1       =  _LC1_D3;

-- Node name is 'Q2' 
-- Equation name is 'Q2', type is output 
Q2       =  _LC6_B1;

-- Node name is 'Q3' 
-- Equation name is 'Q3', type is output 
Q3       =  _LC3_B1;

-- Node name is 'Q4' 
-- Equation name is 'Q4', type is output 
Q4       =  _LC2_B1;

-- Node name is 'Q5' 
-- Equation name is 'Q5', type is output 
Q5       =  _LC1_B1;

-- Node name is 'Q6' 
-- Equation name is 'Q6', type is output 
Q6       =  _LC15_B1;

-- Node name is 'Q7' 
-- Equation name is 'Q7', type is output 
Q7       =  _LC13_B1;

-- Node name is 'Q8' 
-- Equation name is 'Q8', type is output 
Q8       =  _LC11_B1;

-- Node name is 'Q9' 
-- Equation name is 'Q9', type is output 
Q9       =  _LC5_B1;

-- Node name is 'Q10' 
-- Equation name is 'Q10', type is output 
Q10      =  _LC2_C2;

-- Node name is 'Q11' 
-- Equation name is 'Q11', type is output 
Q11      =  _LC6_C2;

-- Node name is 'Q12' 
-- Equation name is 'Q12', type is output 
Q12      =  _LC5_C2;

-- Node name is 'Q13' 
-- Equation name is 'Q13', type is output 
Q13      =  _LC4_C2;

-- Node name is 'Q14' 
-- Equation name is 'Q14', type is output 
Q14      =  _LC3_C2;

-- Node name is 'Q15' 
-- Equation name is 'Q15', type is output 
Q15      =  _LC7_C2;

-- Node name is 'Q16' 
-- Equation name is 'Q16', type is output 
Q16      =  _LC15_C2;

-- Node name is 'Q17' 
-- Equation name is 'Q17', type is output 
Q17      =  _LC11_C2;

-- Node name is 'Q18' 
-- Equation name is 'Q18', type is output 
Q18      =  _LC5_D3;

-- Node name is 'Q19' 
-- Equation name is 'Q19', type is output 
Q19      =  _LC11_D3;

-- Node name is 'tD19' 
-- Equation name is 'tD19', type is output 
tD19     =  _LC2_D3;

-- Node name is ':467' 
-- Equation name is '_LC9_B1', type is buried 
_LC9_B1  = DFFE( _EQ001 $  GND, GLOBAL( CLOCK), !_EQ002,  VCC,  VCC);
  _EQ001 =  D0 &  F1 &  F2
         #  F0 & !_LC8_B1 & !_LC9_B1
         # !F0 & !_LC8_B1 &  _LC9_B1;
  _EQ002 =  F0 &  F2;

-- Node name is '~488~1' 
-- Equation name is '~488~1', location is LC8_B1, type is buried.
-- synthesized logic cell 
_LC8_B1  = LCELL( _EQ003 $  GND);
  _EQ003 =  F1 &  F2;

-- Node name is '~498~1' 
-- Equation name is '~498~1', location is LC3_D3, type is buried.
-- synthesized logic cell 
_LC3_D3  = LCELL( _EQ004 $  GND);
  _EQ004 =  F0 &  F1 & !F2 & !_LC1_D3 &  _LC9_B1
         # !D1 &  F1 &  F2
         #  F0 & !F1 &  _LC1_D3 &  _LC9_B1;

-- Node name is ':507' 
-- Equation name is '_LC1_D3', type is buried 
_LC1_D3  = DFFE( _EQ005 $ !_LC3_D3, GLOBAL( CLOCK), !_EQ006,  VCC,  VCC);
  _EQ005 =  F1 & !F2 &  _LC1_D3 & !_LC3_D3 &  _X001
         # !F1 & !_LC1_D3 & !_LC3_D3 &  _X001;
  _X001  = EXP( F0 &  _LC9_B1);
  _EQ006 =  F0 &  F2;

-- Node name is '~510~1' 
-- Equation name is '~510~1', location is LC7_B1, type is buried.
-- synthesized logic cell 
_LC7_B1  = LCELL( _EQ007 $  GND);
  _EQ007 =  F1 & !F2 &  _LC1_D3 & !_LC6_B1
         #  F0 & !F1 &  F2 &  _LC1_D3 &  _LC6_B1 &  _LC9_B1
         # !F1 & !F2 &  _LC6_B1 &  _X002
         # !F2 & !_LC1_D3 &  _LC6_B1 &  _X001
         #  F0 & !F2 & !_LC6_B1 &  _LC9_B1 & !_LC10_B1;
  _X002  = EXP( F0 &  _LC1_D3 &  _LC9_B1);
  _X001  = EXP( F0 &  _LC9_B1);

-- Node name is '~510~2' 
-- Equation name is '~510~2', location is LC10_B1, type is buried.
-- synthesized logic cell 
_LC10_B1 = LCELL( _EQ008 $  GND);
  _EQ008 = !F1 & !_LC1_D3;

-- Node name is ':519' 
-- Equation name is '_LC6_B1', type is buried 
_LC6_B1  = DFFE( _EQ009 $  _EQ010, GLOBAL( CLOCK), !_EQ011,  VCC,  VCC);
  _EQ009 = !F1 &  F2 & !_LC6_B1 &  _X002
         #  _LC7_B1;
  _X002  = EXP( F0 &  _LC1_D3 &  _LC9_B1);
  _EQ010 =  D2 &  F1 &  F2;
  _EQ011 =  F0 &  F2;

-- Node name is ':602' 
-- Equation name is '_LC4_B1', type is buried 
_LC4_B1  = LCELL( _EQ012 $  GND);
  _EQ012 =  F2 &  _LC6_B1
         #  F0 &  F2 &  _LC9_B1 & !_LC10_B1
         #  F1 &  _LC1_D3 &  _X003
         #  F0 &  _LC6_B1 &  _LC9_B1 & !_LC10_B1;
  _X003  = EXP(!F2 & !_LC6_B1);

-- Node name is ':953' 
-- Equation name is '_LC13_C2', type is buried 
_LC13_C2 = LCELL( _EQ013 $  GND);
  _EQ013 =  _LC1_B1 &  _LC2_B1 &  _LC2_C2 &  _LC3_B1 &  _LC3_C2 &  _LC4_B1 & 
              _LC4_C2 &  _LC5_B1 &  _LC5_C2 &  _LC5_D3 &  _LC6_C2 &  _LC7_C2 & 
              _LC11_B1 &  _LC11_C2 &  _LC13_B1 &  _LC15_B1 &  _LC15_C2;

-- Node name is ':1021' 
-- Equation name is '_LC3_B1', type is buried 
_LC3_B1  = DFFE( _EQ014 $  GND, GLOBAL( CLOCK), !_EQ015,  VCC,  VCC);
  _EQ014 =  D3 &  F1 &  F2
         #  _LC3_B1 & !_LC4_B1 & !_LC8_B1
         # !_LC3_B1 &  _LC4_B1 & !_LC8_B1;
  _EQ015 =  F0 &  F2;

-- Node name is ':1023' 
-- Equation name is '_LC2_B1', type is buried 
_LC2_B1  = DFFE( _EQ016 $  _EQ017, GLOBAL( CLOCK), !_EQ018,  VCC,  VCC);
  _EQ016 =  D4 &  F1 &  F2
         # !_LC2_B1 &  _LC3_B1 &  _LC4_B1 & !_LC8_B1;
  _EQ017 =  _LC2_B1 & !_LC8_B1 &  _X004;
  _X004  = EXP( _LC3_B1 &  _LC4_B1);
  _EQ018 =  F0 &  F2;

-- Node name is ':1025' 
-- Equation name is '_LC1_B1', type is buried 
_LC1_B1  = DFFE( _EQ019 $  _EQ020, GLOBAL( CLOCK), !_EQ021,  VCC,  VCC);
  _EQ019 =  D5 &  F1 &  F2
         # !_LC1_B1 &  _LC2_B1 &  _LC3_B1 &  _LC4_B1 & !_LC8_B1;
  _EQ020 =  _LC1_B1 & !_LC8_B1 &  _X005;
  _X005  = EXP( _LC2_B1 &  _LC3_B1 &  _LC4_B1);
  _EQ021 =  F0 &  F2;

-- Node name is ':1028' 
-- Equation name is '_LC15_B1', type is buried 
_LC15_B1 = DFFE( _EQ022 $  _EQ023, GLOBAL( CLOCK), !_EQ024,  VCC,  VCC);
  _EQ022 =  D6 &  F1 &  F2
         #  _LC1_B1 &  _LC2_B1 &  _LC3_B1 &  _LC4_B1 & !_LC8_B1 & !_LC15_B1;
  _EQ023 = !_LC8_B1 &  _LC15_B1 &  _X006;
  _X006  = EXP( _LC1_B1 &  _LC2_B1 &  _LC3_B1 &  _LC4_B1);
  _EQ024 =  F0 &  F2;

-- Node name is ':1029' 
-- Equation name is '_LC13_B1', type is buried 
_LC13_B1 = DFFE( _EQ025 $  _EQ026, GLOBAL( CLOCK), !_EQ027,  VCC,  VCC);
  _EQ025 =  D7 &  F1 &  F2
         #  _LC1_B1 &  _LC2_B1 &  _LC3_B1 &  _LC4_B1 & !_LC8_B1 & !_LC13_B1 & 
              _LC15_B1;
  _EQ026 = !_LC8_B1 &  _LC13_B1 &  _X007;
  _X007  = EXP( _LC1_B1 &  _LC2_B1 &  _LC3_B1 &  _LC4_B1 &  _LC15_B1);
  _EQ027 =  F0 &  F2;

-- Node name is ':1034' 
-- Equation name is '_LC11_B1', type is buried 
_LC11_B1 = DFFE( _EQ028 $  _EQ029, GLOBAL( CLOCK), !_EQ030,  VCC,  VCC);
  _EQ028 =  D8 &  F1 &  F2
         #  _LC1_B1 &  _LC2_B1 &  _LC3_B1 &  _LC4_B1 & !_LC8_B1 & !_LC11_B1 & 
              _LC13_B1 &  _LC15_B1;
  _EQ029 = !_LC8_B1 &  _LC11_B1 &  _X008;
  _X008  = EXP( _LC1_B1 &  _LC2_B1 &  _LC3_B1 &  _LC4_B1 &  _LC13_B1 &  _LC15_B1);
  _EQ030 =  F0 &  F2;

-- Node name is ':1035' 
-- Equation name is '_LC5_B1', type is buried 
_LC5_B1  = DFFE( _EQ031 $  _EQ032, GLOBAL( CLOCK), !_EQ033,  VCC,  VCC);
  _EQ031 =  D9 &  F1 &  F2
         #  _LC1_B1 &  _LC2_B1 &  _LC3_B1 &  _LC4_B1 & !_LC5_B1 & !_LC8_B1 & 
              _LC11_B1 &  _LC13_B1 &  _LC15_B1;
  _EQ032 =  _LC5_B1 & !_LC8_B1 &  _X009;
  _X009  = EXP( _LC1_B1 &  _LC2_B1 &  _LC3_B1 &  _LC4_B1 &  _LC11_B1 &  _LC13_B1 & 
              _LC15_B1);
  _EQ033 =  F0 &  F2;

-- Node name is ':1036' 
-- Equation name is '_LC2_C2', type is buried 
_LC2_C2  = DFFE( _EQ034 $  _EQ035, GLOBAL( CLOCK), !_EQ036,  VCC,  VCC);
  _EQ034 =  D10 &  F1 &  F2
         #  _LC1_B1 &  _LC2_B1 & !_LC2_C2 &  _LC3_B1 &  _LC4_B1 &  _LC5_B1 & 
             !_LC8_B1 &  _LC11_B1 &  _LC13_B1 &  _LC15_B1;
  _EQ035 =  _LC2_C2 & !_LC8_B1 &  _X010;
  _X010  = EXP( _LC1_B1 &  _LC2_B1 &  _LC3_B1 &  _LC4_B1 &  _LC5_B1 &  _LC11_B1 & 
              _LC13_B1 &  _LC15_B1);
  _EQ036 =  F0 &  F2;

-- Node name is ':1037' 
-- Equation name is '_LC6_C2', type is buried 
_LC6_C2  = DFFE( _EQ037 $  _EQ038, GLOBAL( CLOCK), !_EQ039,  VCC,  VCC);
  _EQ037 =  D11 &  F1 &  F2
         #  _LC1_B1 &  _LC2_B1 &  _LC2_C2 &  _LC3_B1 &  _LC4_B1 &  _LC5_B1 & 
             !_LC6_C2 & !_LC8_B1 &  _LC11_B1 &  _LC13_B1 &  _LC15_B1;
  _EQ038 =  _LC6_C2 & !_LC8_B1 &  _X011;
  _X011  = EXP( _LC1_B1 &  _LC2_B1 &  _LC2_C2 &  _LC3_B1 &  _LC4_B1 &  _LC5_B1 & 
              _LC11_B1 &  _LC13_B1 &  _LC15_B1);
  _EQ039 =  F0 &  F2;

-- Node name is ':1042' 
-- Equation name is '_LC5_C2', type is buried 
_LC5_C2  = DFFE( _EQ040 $  _EQ041, GLOBAL( CLOCK), !_EQ042,  VCC,  VCC);
  _EQ040 =  D12 &  F1 &  F2
         #  _LC1_B1 &  _LC2_B1 &  _LC2_C2 &  _LC3_B1 &  _LC4_B1 &  _LC5_B1 & 
             !_LC5_C2 &  _LC6_C2 & !_LC8_B1 &  _LC11_B1 &  _LC13_B1 & 
              _LC15_B1;
  _EQ041 =  _LC5_C2 & !_LC8_B1 &  _X012;
  _X012  = EXP( _LC1_B1 &  _LC2_B1 &  _LC2_C2 &  _LC3_B1 &  _LC4_B1 &  _LC5_B1 & 
              _LC6_C2 &  _LC11_B1 &  _LC13_B1 &  _LC15_B1);
  _EQ042 =  F0 &  F2;

-- Node name is ':1043' 
-- Equation name is '_LC4_C2', type is buried 
_LC4_C2  = DFFE( _EQ043 $  _EQ044, GLOBAL( CLOCK), !_EQ045,  VCC,  VCC);
  _EQ043 =  D13 &  F1 &  F2
         #  _LC1_B1 &  _LC2_B1 &  _LC2_C2 &  _LC3_B1 &  _LC4_B1 & !_LC4_C2 & 
              _LC5_B1 &  _LC5_C2 &  _LC6_C2 & !_LC8_B1 &  _LC11_B1 & 
              _LC13_B1 &  _LC15_B1;
  _EQ044 =  _LC4_C2 & !_LC8_B1 &  _X013;
  _X013  = EXP( _LC1_B1 &  _LC2_B1 &  _LC2_C2 &  _LC3_B1 &  _LC4_B1 &  _LC5_B1 & 
              _LC5_C2 &  _LC6_C2 &  _LC11_B1 &  _LC13_B1 &  _LC15_B1);
  _EQ045 =  F0 &  F2;

-- Node name is ':1044' 
-- Equation name is '_LC3_C2', type is buried 
_LC3_C2  = DFFE( _EQ046 $  _EQ047, GLOBAL( CLOCK), !_EQ048,  VCC,  VCC);
  _EQ046 =  D14 &  F1 &  F2
         #  _LC1_B1 &  _LC2_B1 &  _LC2_C2 &  _LC3_B1 & !_LC3_C2 &  _LC4_B1 & 
              _LC4_C2 &  _LC5_B1 &  _LC5_C2 &  _LC6_C2 & !_LC8_B1 &  _LC11_B1 & 
              _LC13_B1 &  _LC15_B1;
  _EQ047 =  _LC3_C2 & !_LC8_B1 &  _X014;
  _X014  = EXP( _LC1_B1 &  _LC2_B1 &  _LC2_C2 &  _LC3_B1 &  _LC4_B1 &  _LC4_C2 & 
              _LC5_B1 &  _LC5_C2 &  _LC6_C2 &  _LC11_B1 &  _LC13_B1 & 
              _LC15_B1);
  _EQ048 =  F0 &  F2;

-- Node name is ':1045' 
-- Equation name is '_LC7_C2', type is buried 
_LC7_C2  = TFFE( _LC8_C2, GLOBAL( CLOCK), !_EQ049,  VCC,  VCC);
  _EQ049 =  F0 &  F2;

-- Node name is ':1050' 
-- Equation name is '_LC15_C2', type is buried 
_LC15_C2 = TFFE( _LC9_C2, GLOBAL( CLOCK), !_EQ050,  VCC,  VCC);
  _EQ050 =  F0 &  F2;

-- Node name is ':1051' 
-- Equation name is '_LC11_C2', type is buried 
_LC11_C2 = TFFE( _LC10_C2, GLOBAL( CLOCK), !_EQ051,  VCC,  VCC);
  _EQ051 =  F0 &  F2;

-- Node name is ':1052' 
-- Equation name is '_LC5_D3', type is buried 
_LC5_D3  = TFFE( _LC1_C2, GLOBAL( CLOCK), !_EQ052,  VCC,  VCC);
  _EQ052 =  F0 &  F2;

-- Node name is ':1053' 
-- Equation name is '_LC11_D3', type is buried 
_LC11_D3 = DFFE( _LC2_D3 $  GND, GLOBAL( CLOCK), !_EQ053,  VCC,  VCC);
  _EQ053 =  F0 &  F2;

-- Node name is '~1293~1' 
-- Equation name is '~1293~1', location is LC8_C2, type is buried.
-- synthesized logic cell 
_LC8_C2  = LCELL( _EQ054 $  GND);
  _EQ054 =  D15 &  F1 &  F2 & !_LC7_C2
         # !F1 &  _LC1_B1 &  _LC2_B1 &  _LC2_C2 &  _LC3_B1 &  _LC3_C2 & 
              _LC4_B1 &  _LC4_C2 &  _LC5_B1 &  _LC5_C2 &  _LC6_C2 &  _LC11_B1 & 
              _LC13_B1 &  _LC15_B1
         # !F2 &  _LC1_B1 &  _LC2_B1 &  _LC2_C2 &  _LC3_B1 &  _LC3_C2 & 
              _LC4_B1 &  _LC4_C2 &  _LC5_B1 &  _LC5_C2 &  _LC6_C2 &  _LC11_B1 & 
              _LC13_B1 &  _LC15_B1
         # !D15 &  F1 &  F2 &  _LC7_C2;

-- Node name is '~1306~1' 
-- Equation name is '~1306~1', location is LC9_C2, type is buried.
-- synthesized logic cell 
_LC9_C2  = LCELL( _EQ055 $  GND);
  _EQ055 =  D16 &  F1 &  F2 & !_LC15_C2
         # !F1 &  _LC1_B1 &  _LC2_B1 &  _LC2_C2 &  _LC3_B1 &  _LC3_C2 & 
              _LC4_B1 &  _LC4_C2 &  _LC5_B1 &  _LC5_C2 &  _LC6_C2 &  _LC7_C2 & 
              _LC11_B1 &  _LC13_B1 &  _LC15_B1
         # !F2 &  _LC1_B1 &  _LC2_B1 &  _LC2_C2 &  _LC3_B1 &  _LC3_C2 & 
              _LC4_B1 &  _LC4_C2 &  _LC5_B1 &  _LC5_C2 &  _LC6_C2 &  _LC7_C2 & 
              _LC11_B1 &  _LC13_B1 &  _LC15_B1
         # !D16 &  F1 &  F2 &  _LC15_C2;

-- Node name is '~1319~1' 
-- Equation name is '~1319~1', location is LC10_C2, type is buried.
-- synthesized logic cell 
_LC10_C2 = LCELL( _EQ056 $  GND);
  _EQ056 =  D17 &  F1 &  F2 & !_LC11_C2
         # !F1 &  _LC1_B1 &  _LC2_B1 &  _LC2_C2 &  _LC3_B1 &  _LC3_C2 & 
              _LC4_B1 &  _LC4_C2 &  _LC5_B1 &  _LC5_C2 &  _LC6_C2 &  _LC7_C2 & 
              _LC11_B1 &  _LC13_B1 &  _LC15_B1 &  _LC15_C2
         # !F2 &  _LC1_B1 &  _LC2_B1 &  _LC2_C2 &  _LC3_B1 &  _LC3_C2 & 
              _LC4_B1 &  _LC4_C2 &  _LC5_B1 &  _LC5_C2 &  _LC6_C2 &  _LC7_C2 & 
              _LC11_B1 &  _LC13_B1 &  _LC15_B1 &  _LC15_C2
         # !D17 &  F1 &  F2 &  _LC11_C2;

-- Node name is '~1332~1' 
-- Equation name is '~1332~1', location is LC1_C2, type is buried.
-- synthesized logic cell 
_LC1_C2  = LCELL( _EQ057 $  GND);
  _EQ057 =  D18 &  F1 &  F2 & !_LC5_D3
         # !F1 &  _LC1_B1 &  _LC2_B1 &  _LC2_C2 &  _LC3_B1 &  _LC3_C2 & 
              _LC4_B1 &  _LC4_C2 &  _LC5_B1 &  _LC5_C2 &  _LC6_C2 &  _LC7_C2 & 
              _LC11_B1 &  _LC11_C2 &  _LC13_B1 &  _LC15_B1 &  _LC15_C2
         # !F2 &  _LC1_B1 &  _LC2_B1 &  _LC2_C2 &  _LC3_B1 &  _LC3_C2 & 
              _LC4_B1 &  _LC4_C2 &  _LC5_B1 &  _LC5_C2 &  _LC6_C2 &  _LC7_C2 & 
              _LC11_B1 &  _LC11_C2 &  _LC13_B1 &  _LC15_B1 &  _LC15_C2
         # !D18 &  F1 &  F2 &  _LC5_D3;

-- Node name is ':1345' 
-- Equation name is '_LC2_D3', type is buried 
_LC2_D3  = LCELL( _EQ058 $  GND);
  _EQ058 = !F1 & !_LC11_D3 &  _LC13_C2
         # !F1 &  _LC11_D3 & !_LC13_C2
         # !F2 & !_LC11_D3 &  _LC13_C2
         # !F2 &  _LC11_D3 & !_LC13_C2
         #  D19 &  F1 &  F2;



Project Information                                      d:\kpi\kc\ctr\ctr.rpt

** COMPILATION SETTINGS & TIMES **

Processing Menu Commands
------------------------

Design Doctor                             = off

Logic Synthesis:

   Synthesis Type Used                    = Multi-Level

   Default Synthesis Style                = NORMAL

      Logic option settings in 'NORMAL' style for 'MAX9000' family

      DECOMPOSE_GATES                     = on
      DUPLICATE_LOGIC_EXTRACTION          = on
      MINIMIZATION                        = full
      MULTI_LEVEL_FACTORING               = on
      NOT_GATE_PUSH_BACK                  = on
      PARALLEL_EXPANDERS                  = off
      REDUCE_LOGIC                        = on
      REFACTORIZATION                     = on
      REGISTER_OPTIMIZATION               = on
      RESYNTHESIZE_NETWORK                = on
      SLOW_SLEW_RATE                      = off
      SOFT_BUFFER_INSERTION               = on
      SUBFACTOR_EXTRACTION                = on
      TURBO_BIT                           = on
      XOR_SYNTHESIS                       = on
      IGNORE_SOFT_BUFFERS                 = off
      USE_LPM_FOR_AHDL_OPERATORS          = off

   Other logic synthesis settings:

      Automatic Global Clock              = on
      Automatic Global Clear              = on
      Automatic Global Preset             = on
      Automatic Global Output Enable      = on
      Automatic Fast I/O                  = off
      Automatic Register Packing          = off
      Automatic Open-Drain Pins           = on
      Automatic Implement in EAB          = off
      One-Hot State Machine Encoding      = off
      Optimize                            = 5

Default Timing Specifications: None

Cut All Bidir Feedback Timing Paths       = on
Cut All Clear & Preset Timing Paths       = on

Ignore Timing Assignments                 = off

Functional SNF Extractor                  = off

Linked SNF Extractor                      = off
Timing SNF Extractor                      = on
Optimize Timing SNF                       = off
Generate AHDL TDO File                    = off
Fitter Settings                           = NORMAL
Smart Recompile                           = off
Total Recompile                           = off

Interfaces Menu Commands
------------------------

EDIF Netlist Writer                       = off
Verilog Netlist Writer                    = off
VHDL Netlist Writer                       = off

Compilation Times
-----------------

   Compiler Netlist Extractor             00:00:00
   Database Builder                       00:00:00
   Logic Synthesizer                      00:00:01
   Partitioner                            00:00:00
   Fitter                                 00:00:01
   Timing SNF Extractor                   00:00:00
   Assembler                              00:00:01
   --------------------------             --------
   Total Time                             00:00:03


Memory Allocated
-----------------

Peak memory allocated during compilation  = 6,337K
