Active-HDL 9.3.2745.4995  2014-11-11 11:34:01

Elaboration top modules:
Architecture                  functions(automat)


------------------------------------------------------------------------------------------
Entity   | Architecture | Library | Info | Compiler Version         | Compilation Options
------------------------------------------------------------------------------------------
automat  | functions    | automat |      | 9.3.2745.4995  (Windows) | -O3
------------------------------------------------------------------------------------------

------------------------------------------------------------------------------------------
VHDL Package            | Library | Info | Compiler Version         | Compilation Options
------------------------------------------------------------------------------------------
standard                | std     |      |                          | 
------------------------------------------------------------------------------------------

------------------------------------------------------------------------------------------
Library                 | Comment
------------------------------------------------------------------------------------------
automat                 | None
std                     | Standard VHDL library
------------------------------------------------------------------------------------------


Simulation Options: asim -O5 +access +r +m+automat automat functions


The performance of simulation is reduced. Version Student Edition
