Построение начато 10/29/2014 9:17:31 PM.
     1>Проект "E:\Education\5\SP\spLb1\spLb1\spLb4\spLb4.vcxproj" в узле 2 (целевые объекты rebuild).
     1>_PrepareForClean:
         Файл ".\Debug\spLb4.lastbuildstate" удаляется.
       InitializeBuildStatus:
         Создание ".\Debug\spLb4.unsuccessfulbuild", так как было задано "AlwaysCreate".
       ClCompile:
         C:\Program Files (x86)\Microsoft Visual Studio 10.0\VC\bin\CL.exe /c /ZI /nologo /W3 /WX- /Od /Oy- /D WIN32 /D _DEBUG /D _CONSOLE /D _VC80_UPGRADE=0x0600 /D _MBCS /Gm /EHsc /RTC1 /MTd /GS /Gy- /fp:precise /Zc:wchar_t /Zc:forScope /Yc"stdafx.h" /Fp".\Debug\spLb4.pch" /Fo".\Debug\\" /Fd".\Debug\vc100.pdb" /FR".\Debug\\" /Gd /TP /analyze- /errorReport:prompt StdAfx.cpp
         StdAfx.cpp
         C:\Program Files (x86)\Microsoft Visual Studio 10.0\VC\bin\CL.exe /c /ZI /nologo /W3 /WX- /Od /Oy- /D WIN32 /D _DEBUG /D _CONSOLE /D _VC80_UPGRADE=0x0600 /D _MBCS /Gm /EHsc /RTC1 /MTd /GS /Gy- /fp:precise /Zc:wchar_t /Zc:forScope /Yu"stdafx.h" /Fp".\Debug\spLb4.pch" /Fo".\Debug\\" /Fd".\Debug\vc100.pdb" /FR".\Debug\\" /Gd /TP /analyze- /errorReport:prompt automat.cpp index.cpp langio.cpp lexan.cpp parsC.cpp parsP.cpp parsV.cpp spLb4.cpp tables.cpp ..\spLb3\visgrp.cpp
         visgrp.cpp
         tables.cpp
         spLb4.cpp
     1>e:\education\5\sp\splb1\splb1\splb4\splb4.cpp(38): warning C4996: 'strcpy': This function or variable may be unsafe. Consider using strcpy_s instead. To disable deprecation, use _CRT_SECURE_NO_WARNINGS. See online help for details.
                 c:\program files (x86)\microsoft visual studio 10.0\vc\include\string.h(105): см. объявление "strcpy"
     1>e:\education\5\sp\splb1\splb1\splb4\splb4.cpp(42): warning C4996: 'scanf': This function or variable may be unsafe. Consider using scanf_s instead. To disable deprecation, use _CRT_SECURE_NO_WARNINGS. See online help for details.
                 c:\program files (x86)\microsoft visual studio 10.0\vc\include\stdio.h(304): см. объявление "scanf"
     1>e:\education\5\sp\splb1\splb1\splb4\splb4.cpp(43): warning C4996: 'strcat': This function or variable may be unsafe. Consider using strcat_s instead. To disable deprecation, use _CRT_SECURE_NO_WARNINGS. See online help for details.
                 c:\program files (x86)\microsoft visual studio 10.0\vc\include\string.h(110): см. объявление "strcat"
         parsV.cpp
         parsP.cpp
         parsC.cpp
         lexan.cpp
         langio.cpp
     1>e:\education\5\sp\splb1\splb1\splb4\langio.cpp(21): warning C4996: 'fopen': This function or variable may be unsafe. Consider using fopen_s instead. To disable deprecation, use _CRT_SECURE_NO_WARNINGS. See online help for details.
                 c:\program files (x86)\microsoft visual studio 10.0\vc\include\stdio.h(234): см. объявление "fopen"
     1>e:\education\5\sp\splb1\splb1\splb4\langio.cpp(34): warning C4996: 'fopen': This function or variable may be unsafe. Consider using fopen_s instead. To disable deprecation, use _CRT_SECURE_NO_WARNINGS. See online help for details.
                 c:\program files (x86)\microsoft visual studio 10.0\vc\include\stdio.h(234): см. объявление "fopen"
         index.cpp
         automat.cpp
         Создание кода...
       Link:
         C:\Program Files (x86)\Microsoft Visual Studio 10.0\VC\bin\link.exe /ERRORREPORT:PROMPT /OUT:".\Debug\spLb4.exe" /INCREMENTAL:NO /NOLOGO odbc32.lib odbccp32.lib kernel32.lib user32.lib gdi32.lib winspool.lib comdlg32.lib advapi32.lib shell32.lib ole32.lib oleaut32.lib uuid.lib odbc32.lib odbccp32.lib /MANIFEST /ManifestFile:".\Debug\spLb4.exe.intermediate.manifest" /MANIFESTUAC:"level='asInvoker' uiAccess='false'" /DEBUG /PDB:"E:\Education\5\SP\spLb1\spLb1\spLb4\Debug\spLb4.pdb" /SUBSYSTEM:CONSOLE /TLBID:1 /DYNAMICBASE /NXCOMPAT /IMPLIB:".\Debug\spLb4.lib" /MACHINE:X86 .\Debug\automat.obj
         .\Debug\index.obj
         .\Debug\langio.obj
         .\Debug\lexan.obj
         .\Debug\parsC.obj
         .\Debug\parsP.obj
         .\Debug\parsV.obj
         .\Debug\spLb4.obj
         .\Debug\StdAfx.obj
         .\Debug\tables.obj
         .\Debug\visgrp.obj
     1>automat.obj : warning LNK4075: не учитывается "/EDITANDCONTINUE" из-за спецификации "/INCREMENTAL:NO"
         spLb4.vcxproj -> E:\Education\5\SP\spLb1\spLb1\spLb4\.\Debug\spLb4.exe
       Manifest:
         C:\Program Files (x86)\Microsoft SDKs\Windows\v7.0A\bin\mt.exe /nologo /verbose /outputresource:".\Debug\spLb4.exe;#1" /manifest .\Debug\spLb4.exe.intermediate.manifest
       BscMake:
         C:\Program Files (x86)\Microsoft Visual Studio 10.0\VC\bin\bscmake.exe /nologo /o".\Debug\spLb4.bsc" .\Debug\automat.sbr .\Debug\index.sbr .\Debug\langio.sbr .\Debug\lexan.sbr .\Debug\parsC.sbr .\Debug\parsP.sbr .\Debug\parsV.sbr .\Debug\spLb4.sbr .\Debug\StdAfx.sbr .\Debug\tables.sbr .\Debug\visgrp.sbr
       FinalizeBuildStatus:
         Файл ".\Debug\spLb4.unsuccessfulbuild" удаляется.
         Обращение к ".\Debug\spLb4.lastbuildstate".
     1>Построение проекта "E:\Education\5\SP\spLb1\spLb1\spLb4\spLb4.vcxproj" завершено (целевые объекты rebuild).

Построение успешно завершено.

Затраченное время: 00:00:02.01
