.\Debug\spLb4.bsc
.\Debug\spLb4.pdb
D:\EDUCATION\5\SP\SPLB1\SPLB1\SPLB4\DEBUG\AUTOMAT.OBJ
D:\EDUCATION\5\SP\SPLB1\SPLB1\SPLB4\DEBUG\AUTOMAT.SBR
D:\EDUCATION\5\SP\SPLB1\SPLB1\SPLB4\DEBUG\INDEX.OBJ
D:\EDUCATION\5\SP\SPLB1\SPLB1\SPLB4\DEBUG\INDEX.SBR
D:\EDUCATION\5\SP\SPLB1\SPLB1\SPLB4\DEBUG\LANGIO.OBJ
D:\EDUCATION\5\SP\SPLB1\SPLB1\SPLB4\DEBUG\LANGIO.SBR
D:\EDUCATION\5\SP\SPLB1\SPLB1\SPLB4\DEBUG\LEXAN.OBJ
D:\EDUCATION\5\SP\SPLB1\SPLB1\SPLB4\DEBUG\LEXAN.SBR
D:\EDUCATION\5\SP\SPLB1\SPLB1\SPLB4\DEBUG\PARSC.OBJ
D:\EDUCATION\5\SP\SPLB1\SPLB1\SPLB4\DEBUG\PARSC.SBR
D:\EDUCATION\5\SP\SPLB1\SPLB1\SPLB4\DEBUG\PARSP.OBJ
D:\EDUCATION\5\SP\SPLB1\SPLB1\SPLB4\DEBUG\PARSP.SBR
D:\EDUCATION\5\SP\SPLB1\SPLB1\SPLB4\DEBUG\PARSV.OBJ
D:\EDUCATION\5\SP\SPLB1\SPLB1\SPLB4\DEBUG\PARSV.SBR
D:\EDUCATION\5\SP\SPLB1\SPLB1\SPLB4\DEBUG\SPLB4.BSC
D:\EDUCATION\5\SP\SPLB1\SPLB1\SPLB4\DEBUG\SPLB4.EXE
D:\EDUCATION\5\SP\SPLB1\SPLB1\SPLB4\DEBUG\SPLB4.EXE.EMBED.MANIFEST.RES
D:\EDUCATION\5\SP\SPLB1\SPLB1\SPLB4\DEBUG\SPLB4.EXE.INTERMEDIATE.MANIFEST
D:\EDUCATION\5\SP\SPLB1\SPLB1\SPLB4\DEBUG\SPLB4.OBJ
D:\EDUCATION\5\SP\SPLB1\SPLB1\SPLB4\DEBUG\SPLB4.PCH
D:\EDUCATION\5\SP\SPLB1\SPLB1\SPLB4\DEBUG\SPLB4.PDB
D:\EDUCATION\5\SP\SPLB1\SPLB1\SPLB4\DEBUG\SPLB4.SBR
D:\EDUCATION\5\SP\SPLB1\SPLB1\SPLB4\DEBUG\STDAFX.OBJ
D:\EDUCATION\5\SP\SPLB1\SPLB1\SPLB4\DEBUG\STDAFX.SBR
D:\EDUCATION\5\SP\SPLB1\SPLB1\SPLB4\DEBUG\TABLES.OBJ
D:\EDUCATION\5\SP\SPLB1\SPLB1\SPLB4\DEBUG\TABLES.SBR
D:\EDUCATION\5\SP\SPLB1\SPLB1\SPLB4\DEBUG\VC100.PDB
D:\EDUCATION\5\SP\SPLB1\SPLB1\SPLB4\DEBUG\VISGRP.OBJ
D:\EDUCATION\5\SP\SPLB1\SPLB1\SPLB4\DEBUG\VISGRP.SBR
D:\PAPST\PROGR536\SP2007\IO66\SPLB1\SPLB1\SPLB4\DEBUG\AUTOMAT.OBJ
D:\PAPST\PROGR536\SP2007\IO66\SPLB1\SPLB1\SPLB4\DEBUG\AUTOMAT.SBR
D:\PAPST\PROGR536\SP2007\IO66\SPLB1\SPLB1\SPLB4\DEBUG\INDEX.OBJ
D:\PAPST\PROGR536\SP2007\IO66\SPLB1\SPLB1\SPLB4\DEBUG\INDEX.SBR
D:\PAPST\PROGR536\SP2007\IO66\SPLB1\SPLB1\SPLB4\DEBUG\LANGIO.OBJ
D:\PAPST\PROGR536\SP2007\IO66\SPLB1\SPLB1\SPLB4\DEBUG\LANGIO.SBR
D:\PAPST\PROGR536\SP2007\IO66\SPLB1\SPLB1\SPLB4\DEBUG\LEXAN.OBJ
D:\PAPST\PROGR536\SP2007\IO66\SPLB1\SPLB1\SPLB4\DEBUG\LEXAN.SBR
D:\PAPST\PROGR536\SP2007\IO66\SPLB1\SPLB1\SPLB4\DEBUG\PARSC.OBJ
D:\PAPST\PROGR536\SP2007\IO66\SPLB1\SPLB1\SPLB4\DEBUG\PARSC.SBR
D:\PAPST\PROGR536\SP2007\IO66\SPLB1\SPLB1\SPLB4\DEBUG\PARSP.OBJ
D:\PAPST\PROGR536\SP2007\IO66\SPLB1\SPLB1\SPLB4\DEBUG\PARSP.SBR
D:\PAPST\PROGR536\SP2007\IO66\SPLB1\SPLB1\SPLB4\DEBUG\PARSV.OBJ
D:\PAPST\PROGR536\SP2007\IO66\SPLB1\SPLB1\SPLB4\DEBUG\PARSV.SBR
D:\PAPST\PROGR536\SP2007\IO66\SPLB1\SPLB1\SPLB4\DEBUG\SPLB4.BSC
D:\PAPST\PROGR536\SP2007\IO66\SPLB1\SPLB1\SPLB4\DEBUG\SPLB4.EXE
D:\PAPST\PROGR536\SP2007\IO66\SPLB1\SPLB1\SPLB4\DEBUG\SPLB4.EXE.EMBED.MANIFEST
D:\PAPST\PROGR536\SP2007\IO66\SPLB1\SPLB1\SPLB4\DEBUG\SPLB4.EXE.EMBED.MANIFEST.RES
D:\PAPST\PROGR536\SP2007\IO66\SPLB1\SPLB1\SPLB4\DEBUG\SPLB4.EXE.INTERMEDIATE.MANIFEST
D:\PAPST\PROGR536\SP2007\IO66\SPLB1\SPLB1\SPLB4\DEBUG\SPLB4.OBJ
D:\PAPST\PROGR536\SP2007\IO66\SPLB1\SPLB1\SPLB4\DEBUG\SPLB4.PCH
D:\PAPST\PROGR536\SP2007\IO66\SPLB1\SPLB1\SPLB4\DEBUG\SPLB4.PDB
D:\PAPST\PROGR536\SP2007\IO66\SPLB1\SPLB1\SPLB4\DEBUG\SPLB4.SBR
D:\PAPST\PROGR536\SP2007\IO66\SPLB1\SPLB1\SPLB4\DEBUG\STDAFX.OBJ
D:\PAPST\PROGR536\SP2007\IO66\SPLB1\SPLB1\SPLB4\DEBUG\STDAFX.SBR
D:\PAPST\PROGR536\SP2007\IO66\SPLB1\SPLB1\SPLB4\DEBUG\TABLES.OBJ
D:\PAPST\PROGR536\SP2007\IO66\SPLB1\SPLB1\SPLB4\DEBUG\TABLES.SBR
D:\PAPST\PROGR536\SP2007\IO66\SPLB1\SPLB1\SPLB4\DEBUG\VC100.PDB
D:\PAPST\PROGR536\SP2007\IO66\SPLB1\SPLB1\SPLB4\DEBUG\VISGRP.OBJ
D:\PAPST\PROGR536\SP2007\IO66\SPLB1\SPLB1\SPLB4\DEBUG\VISGRP.SBR
E:\Education\5\SP\spLb1\spLb1\spLb4\.\Debug\spLb4.exe
E:\Education\5\SP\spLb1\spLb1\spLb4\.\Debug\spLb4.exe.intermediate.manifest
E:\Education\5\SP\spLb1\spLb1\spLb4\Debug\automat.obj
E:\Education\5\SP\spLb1\spLb1\spLb4\Debug\automat.sbr
E:\Education\5\SP\spLb1\spLb1\spLb4\Debug\BscMake.command.1.tlog
E:\Education\5\SP\spLb1\spLb1\spLb4\Debug\bscmake.read.1.tlog
E:\Education\5\SP\spLb1\spLb1\spLb4\Debug\bscmake.write.1.tlog
E:\Education\5\SP\spLb1\spLb1\spLb4\Debug\cl.command.1.tlog
E:\Education\5\SP\spLb1\spLb1\spLb4\Debug\CL.read.1.tlog
E:\Education\5\SP\spLb1\spLb1\spLb4\Debug\CL.write.1.tlog
E:\Education\5\SP\spLb1\spLb1\spLb4\Debug\index.obj
E:\Education\5\SP\spLb1\spLb1\spLb4\Debug\index.sbr
E:\Education\5\SP\spLb1\spLb1\spLb4\Debug\langio.obj
E:\Education\5\SP\spLb1\spLb1\spLb4\Debug\langio.sbr
E:\Education\5\SP\spLb1\spLb1\spLb4\Debug\lexan.obj
E:\Education\5\SP\spLb1\spLb1\spLb4\Debug\lexan.sbr
E:\Education\5\SP\spLb1\spLb1\spLb4\Debug\link.command.1.tlog
E:\Education\5\SP\spLb1\spLb1\spLb4\Debug\link.read.1.tlog
E:\Education\5\SP\spLb1\spLb1\spLb4\Debug\link.write.1.tlog
E:\Education\5\SP\spLb1\spLb1\spLb4\Debug\link-cvtres.read.1.tlog
E:\Education\5\SP\spLb1\spLb1\spLb4\Debug\link-cvtres.write.1.tlog
E:\Education\5\SP\spLb1\spLb1\spLb4\Debug\mt.command.1.tlog
E:\Education\5\SP\spLb1\spLb1\spLb4\Debug\mt.read.1.tlog
E:\Education\5\SP\spLb1\spLb1\spLb4\Debug\mt.write.1.tlog
E:\Education\5\SP\spLb1\spLb1\spLb4\Debug\parsC.obj
E:\Education\5\SP\spLb1\spLb1\spLb4\Debug\parsC.sbr
E:\Education\5\SP\spLb1\spLb1\spLb4\Debug\parsP.obj
E:\Education\5\SP\spLb1\spLb1\spLb4\Debug\parsP.sbr
E:\Education\5\SP\spLb1\spLb1\spLb4\Debug\parsV.obj
E:\Education\5\SP\spLb1\spLb1\spLb4\Debug\parsV.sbr
E:\Education\5\SP\spLb1\spLb1\spLb4\Debug\rc.command.1.tlog
E:\Education\5\SP\spLb1\spLb1\spLb4\Debug\rc.read.1.tlog
E:\Education\5\SP\spLb1\spLb1\spLb4\Debug\rc.write.1.tlog
E:\Education\5\SP\spLb1\spLb1\spLb4\Debug\spLb4.bsc
E:\Education\5\SP\spLb1\spLb1\spLb4\Debug\spLb4.exe.embed.manifest
E:\Education\5\SP\spLb1\spLb1\spLb4\Debug\spLb4.exe.embed.manifest.res
E:\Education\5\SP\spLb1\spLb1\spLb4\Debug\spLb4.exe.intermediate.manifest
E:\Education\5\SP\spLb1\spLb1\spLb4\Debug\spLb4.obj
E:\Education\5\SP\spLb1\spLb1\spLb4\Debug\spLb4.pch
E:\Education\5\SP\spLb1\spLb1\spLb4\Debug\spLb4.pdb
E:\Education\5\SP\spLb1\spLb1\spLb4\Debug\spLb4.sbr
E:\Education\5\SP\spLb1\spLb1\spLb4\Debug\spLb4.write.1.tlog
E:\Education\5\SP\spLb1\spLb1\spLb4\Debug\spLb4_manifest.rc
E:\Education\5\SP\spLb1\spLb1\spLb4\Debug\StdAfx.obj
E:\Education\5\SP\spLb1\spLb1\spLb4\Debug\StdAfx.sbr
E:\Education\5\SP\spLb1\spLb1\spLb4\Debug\tables.obj
E:\Education\5\SP\spLb1\spLb1\spLb4\Debug\tables.sbr
E:\Education\5\SP\spLb1\spLb1\spLb4\Debug\vc100.idb
E:\Education\5\SP\spLb1\spLb1\spLb4\Debug\vc100.pdb
E:\Education\5\SP\spLb1\spLb1\spLb4\Debug\vc60.idb
E:\Education\5\SP\spLb1\spLb1\spLb4\Debug\vc60.pdb
E:\Education\5\SP\spLb1\spLb1\spLb4\Debug\visgrp.obj
E:\Education\5\SP\spLb1\spLb1\spLb4\Debug\visgrp.sbr
