Source file: ..\unit.ads   Sat Sep 24 20:27:15 2011

    1 with Ada.text_iO, Ada.Integer_Text_IO;
    2 use Ada.Text_IO, Ada.Integer_Text_IO;
    3 
    4 package Unit is
    5         
    6         N:constant := 3;
    7 
    8         type Vector is private;
    9         type Matrix is private;
   10 
   11         procedure VectorIn (X : out Vector);
   12         procedure VectorOut (X : in Vector );
   13         procedure MatrixIn (MX : out Matrix);
   14         procedure MatrixOut (MX : in Matrix);
   15         procedure Func1 (A, B, D : in Vector; C : out Vector);
   16         procedure Func2 (MA, MB, MC: in Matrix; MD : out Matrix);
   17         procedure Func3(A, B: in Vector; MA, MB: in Matrix; D: out vector);
   18 
   19         private
   20                 type Vector is array (1..N) of Integer;
   21                 type Matrix is array (1..N) of Vector;
   22 
   23 end Unit;
