Project Information                         d:\maxplus2\max2lib\lab7\c0_22.rpt

MAX+plus II Compiler Report File
Version 10.1 06/12/2001
Compiled: 12/08/2010 02:46:34

Copyright (C) 1988-2001 Altera Corporation
Any megafunction design, and related net list (encrypted or decrypted),
support information, device programming or simulation file, and any other
associated documentation or information provided by Altera or a partner
under Altera's Megafunction Partnership Program may be used only to
program PLD devices (but not masked PLD devices) from Altera.  Any other
use of such megafunction design, net list, support information, device
programming or simulation file, or any other related documentation or
information is prohibited for any other purpose, including, but not
limited to modification, reverse engineering, de-compiling, or use with
any other silicon devices, unless such use is explicitly licensed under
a separate agreement with Altera or a megafunction partner.  Title to
the intellectual property, including patents, copyrights, trademarks,
trade secrets, or maskworks, embodied in any such megafunction design,
net list, support information, device programming or simulation file, or
any other related documentation or information provided by Altera or a
megafunction partner, remains with Altera, the megafunction partner, or
their respective licensors.  No other licenses, including any licenses
needed under any third party's intellectual property, are provided herein.



***** Project compilation was successful




** DEVICE SUMMARY **

Chip/                     Input Output Bidir  Memory  Memory  			 LCs
POF       Device          Pins  Pins   Pins   Bits % Utilized  LCs  % Utilized

c0_22     EPF10K10LC84-3   15     23     0    0         0  %    45       7  %

User Pins:                 15     23     0  



Project Information                         d:\maxplus2\max2lib\lab7\c0_22.rpt

** PROJECT COMPILATION MESSAGES **

Warning: No superset bus at connection -- "T[0..1]"
Warning: No superset bus at connection -- "T[0..1]"
Warning: Ignored unnecessary INPUT pin 'X8'


Project Information                         d:\maxplus2\max2lib\lab7\c0_22.rpt

** FILE HIERARCHY **



|c0:1|
|c1:2|
|c2:3|
|c3:4|
|c4:5|
|c5:6|
|c6:7|
|c7:8|
|c8:9|
|c9:10|
|c10:11|
|c11:12|
|c12:13|
|c13:14|
|c14:15|
|c15:16|
|c16:17|
|c17:18|
|c18:19|
|c19:20|
|c21:21|
|c22:22|


Device-Specific Information:                d:\maxplus2\max2lib\lab7\c0_22.rpt
c0_22

***** Logic for device 'c0_22' compiled without errors.




Device: EPF10K10LC84-3

FLEX 10K Configuration Scheme: Passive Serial

Device Options:
    User-Supplied Start-Up Clock               = OFF
    Auto-Restart Configuration on Frame Error  = OFF
    Release Clears Before Tri-States           = OFF
    Enable Chip_Wide Reset                     = OFF
    Enable Chip-Wide Output Enable             = OFF
    Enable INIT_DONE Output                    = OFF
    JTAG User Code                             = 7f

                                                                         ^     
                                                                         C     
                R  R     R  R           R                 R              O     
                E  E     E  E           E                 E              N     
                S  S     S  S        V  S              G  S              F     
                E  E     E  E        C  E              N  E              _  ^  
                R  R     R  R        C  R              D  R           #  D  n  
                V  V     V  V        I  V           C  I  V  C        T  O  C  
                E  E  C  E  E  Q  C  N  E  X  T  T  1  N  E  2  C  C  C  N  E  
                D  D  4  D  D  0  8  T  D  4  1  0  7  T  D  1  6  5  K  E  O  
              -----------------------------------------------------------------_ 
            /  11 10  9  8  7  6  5  4  3  2  1 84 83 82 81 80 79 78 77 76 75   | 
    ^DATA0 | 12                                                              74 | #TDO 
     ^DCLK | 13                                                              73 | C0 
      ^nCE | 14                                                              72 | C2 
      #TDI | 15                                                              71 | C14 
  RESERVED | 16                                                              70 | C3 
  RESERVED | 17                                                              69 | C1 
        X7 | 18                                                              68 | GNDINT 
  RESERVED | 19                                                              67 | RESERVED 
    VCCINT | 20                                                              66 | C10 
  RESERVED | 21                                                              65 | RESERVED 
  RESERVED | 22                        EPF10K10LC84-3                        64 | RESERVED 
  RESERVED | 23                                                              63 | VCCINT 
       C11 | 24                                                              62 | X3 
  RESERVED | 25                                                              61 | C19 
    GNDINT | 26                                                              60 | C15 
        SI | 27                                                              59 | C20 
        C7 | 28                                                              58 | C13 
       C12 | 29                                                              57 | #TMS 
       C22 | 30                                                              56 | #TRST 
    ^MSEL0 | 31                                                              55 | ^nSTATUS 
    ^MSEL1 | 32                                                              54 | RESERVED 
           |_  33 34 35 36 37 38 39 40 41 42 43 44 45 46 47 48 49 50 51 52 53  _| 
             ------------------------------------------------------------------ 
                V  ^  C  R  C  R  R  V  G  X  X  X  V  G  X  A  A  R  X  C  C  
                C  n  9  E  O  E  E  C  N  2  1  0  C  N  5  0  1  E  6  1  1  
                C  C     S     S  S  C  D           C  D           S     6  8  
                I  O     E     E  E  I  I           I  I           E           
                N  N     R     R  R  N  N           N  N           R           
                T  F     V     V  V  T  T           T  T           V           
                   I     E     E  E                                E           
                   G     D     D  D                                D           
                                                                               
                                                                               


N.C. = No Connect. This pin has no internal connection to the device.
VCCINT = Dedicated power pin, which MUST be connected to VCC (5.0 volts).
VCCIO = Dedicated power pin, which MUST be connected to VCC (5.0 volts).
GNDINT = Dedicated ground pin or unused dedicated input, which MUST be connected to GND.
GNDIO = Dedicated ground pin, which MUST be connected to GND.
RESERVED = Unused I/O pin, which MUST be left unconnected.

^ = Dedicated configuration pin.
+ = Reserved configuration pin, which is tri-stated during user mode.
* = Reserved configuration pin, which drives out in user mode.
PDn = Power Down pin. 
@ = Special-purpose pin. 
# = JTAG Boundary-Scan Testing/In-System Programming or Configuration Pin. The JTAG inputs TMS and TDI should be tied to VCC and TCK should be tied to GND when not in use.
& = JTAG pin used for I/O. When used as user I/O, JTAG pins must be kept stable before and during configuration.  JTAG pin stability prevents accidental loading of JTAG instructions.


Device-Specific Information:                d:\maxplus2\max2lib\lab7\c0_22.rpt
c0_22

** RESOURCE USAGE **

Logic                Column       Row                                   
Array                Interconnect Interconnect         Clears/     External  
Block   Logic Cells  Driven       Driven       Clocks  Presets   Interconnect
A13      8/ 8(100%)   0/ 8(  0%)   5/ 8( 62%)    0/2    0/2      10/22( 45%)   
C1       8/ 8(100%)   1/ 8( 12%)   1/ 8( 12%)    0/2    0/2      12/22( 54%)   
C6       8/ 8(100%)   2/ 8( 25%)   5/ 8( 62%)    0/2    0/2       7/22( 31%)   
C13      5/ 8( 62%)   2/ 8( 25%)   2/ 8( 25%)    0/2    0/2       7/22( 31%)   
C19      8/ 8(100%)   3/ 8( 37%)   4/ 8( 50%)    0/2    0/2       8/22( 36%)   
C23      8/ 8(100%)   3/ 8( 37%)   2/ 8( 25%)    0/2    0/2       8/22( 36%)   


Embedded             Column       Row                                   
Array     Embedded   Interconnect Interconnect         Read/      External  
Block     Cells      Driven       Driven       Clocks  Write    Interconnect


Total dedicated input pins used:                 6/6      (100%)
Total I/O pins used:                            32/53     ( 60%)
Total logic cells used:                         45/576    (  7%)
Total embedded cells used:                       0/24     (  0%)
Total EABs used:                                 0/3      (  0%)
Average fan-in:                                 3.35/4    ( 83%)
Total fan-in:                                 151/2304    (  6%)

Total input pins required:                      15
Total input I/O cell registers required:         0
Total output pins required:                     23
Total output I/O cell registers required:        0
Total buried I/O cell registers required:        0
Total bidirectional pins required:               0
Total reserved pins required                     0
Total logic cells required:                     45
Total flipflops required:                        0
Total packed registers required:                 0
Total logic cells in carry chains:               0
Total number of carry chains:                    0
Total logic cells in cascade chains:             0
Total number of cascade chains:                  0
Total single-pin Clock Enables required:         0
Total single-pin Output Enables required:        0

Synthesized logic cells:                        24/ 576   (  4%)

Logic Cell and Embedded Cell Counts

Column:  01  02  03  04  05  06  07  08  09  10  11  12  EA  13  14  15  16  17  18  19  20  21  22  23  24  Total(LC/EC)
 A:      0   0   0   0   0   0   0   0   0   0   0   0   0   8   0   0   0   0   0   0   0   0   0   0   0      8/0  
 B:      0   0   0   0   0   0   0   0   0   0   0   0   0   0   0   0   0   0   0   0   0   0   0   0   0      0/0  
 C:      8   0   0   0   0   8   0   0   0   0   0   0   0   5   0   0   0   0   0   8   0   0   0   8   0     37/0  

Total:   8   0   0   0   0   8   0   0   0   0   0   0   0  13   0   0   0   0   0   8   0   0   0   8   0     45/0  



Device-Specific Information:                d:\maxplus2\max2lib\lab7\c0_22.rpt
c0_22

** INPUTS **

                                                    Fan-In    Fan-Out
 Pin     LC     EC   Row  Col  Primitive    Code      INP  FBK  OUT  FBK  Name
  48      -     -    -    15      INPUT                0    0    0    8  A0
  49      -     -    -    16      INPUT                0    0    0    7  A1
  37      -     -    -    09      INPUT                0    0    0    2  CO
   6      -     -    -    04      INPUT                0    0    0    2  Q0
  27      -     -    C    --      INPUT                0    0    0    2  SI
  84      -     -    -    --      INPUT                0    0    0   10  T0
   1      -     -    -    --      INPUT                0    0    0    6  T1
  44      -     -    -    --      INPUT                0    0    0   13  X0
  43      -     -    -    --      INPUT                0    0    0    8  X1
  42      -     -    -    --      INPUT                0    0    0   16  X2
  62      -     -    C    --      INPUT                0    0    0   13  X3
   2      -     -    -    --      INPUT                0    0    0   10  X4
  47      -     -    -    14      INPUT                0    0    0    3  X5
  51      -     -    -    18      INPUT                0    0    0    3  X6
  18      -     -    A    --      INPUT                0    0    0    1  X7


Code:

s = Synthesized pin or logic cell
+ = Synchronous flipflop
/ = Slow slew-rate output
! = NOT gate push-back
r = Fitter-inserted logic cell
@ = Uses single-pin Clock Enable
& = Uses single-pin Output Enable


Device-Specific Information:                d:\maxplus2\max2lib\lab7\c0_22.rpt
c0_22

** OUTPUTS **

       Fed By Fed By                                Fan-In    Fan-Out
 Pin     LC     EC   Row  Col  Primitive    Code      INP  FBK  OUT  FBK  Name
  73      -     -    A    --     OUTPUT                0    1    0    0  C0
  69      -     -    A    --     OUTPUT                0    1    0    0  C1
  72      -     -    A    --     OUTPUT                0    1    0    0  C2
  70      -     -    A    --     OUTPUT                0    1    0    0  C3
   9      -     -    -    02     OUTPUT                0    1    0    0  C4
  78      -     -    -    24     OUTPUT                0    1    0    0  C5
  79      -     -    -    24     OUTPUT                0    1    0    0  C6
  28      -     -    C    --     OUTPUT                0    1    0    0  C7
   5      -     -    -    05     OUTPUT                0    1    0    0  C8
  35      -     -    -    06     OUTPUT                0    1    0    0  C9
  66      -     -    B    --     OUTPUT                0    1    0    0  C10
  24      -     -    B    --     OUTPUT                0    1    0    0  C11
  29      -     -    C    --     OUTPUT                0    1    0    0  C12
  58      -     -    C    --     OUTPUT                0    1    0    0  C13
  71      -     -    A    --     OUTPUT                0    1    0    0  C14
  60      -     -    C    --     OUTPUT                0    1    0    0  C15
  52      -     -    -    19     OUTPUT                0    1    0    0  C16
  83      -     -    -    13     OUTPUT                0    1    0    0  C17
  53      -     -    -    20     OUTPUT                0    1    0    0  C18
  61      -     -    C    --     OUTPUT                0    1    0    0  C19
  59      -     -    C    --     OUTPUT                0    1    0    0  C20
  80      -     -    -    23     OUTPUT                0    1    0    0  C21
  30      -     -    C    --     OUTPUT                0    1    0    0  C22


Code:

s = Synthesized pin or logic cell
+ = Synchronous flipflop
/ = Slow slew-rate output
! = NOT gate push-back
r = Fitter-inserted logic cell
@ = Uses single-pin Clock Enable
& = Uses single-pin Output Enable


Device-Specific Information:                d:\maxplus2\max2lib\lab7\c0_22.rpt
c0_22

** BURIED LOGIC **

                                                    Fan-In    Fan-Out
 IOC     LC     EC   Row  Col  Primitive    Code      INP  FBK  OUT  FBK  Name
   -      1     -    A    13        OR2                3    1    1    0  |c0:1|C0 (|c0:1|:6)
   -      8     -    A    13        OR2                1    3    1    0  |c1:2|C (|c1:2|:8)
   -      7     -    A    13       AND2    s           4    0    0    2  |c1:2|~9~1
   -      3     -    A    13        OR2                1    3    1    0  |c2:3|C (|c2:3|:9)
   -      5     -    A    13       AND2                1    2    1    0  |c3:4|C (|c3:4|:7)
   -      4     -    C    06        OR2    s           2    2    0    1  |c4:5|C~1 (|c4:5|~20~1)
   -      5     -    C    01       AND2    s           2    1    0    1  |c4:5|C~2 (|c4:5|~20~2)
   -      6     -    C    01        OR2    s           2    2    0    1  |c4:5|C~3 (|c4:5|~20~3)
   -      7     -    C    01        OR2    s           3    1    0    1  |c4:5|C~4 (|c4:5|~20~4)
   -      8     -    C    01        OR2    s           3    1    0    1  |c4:5|C~5 (|c4:5|~20~5)
   -      2     -    C    01        OR2                2    2    1    0  |c4:5|C (|c4:5|:20)
   -      4     -    C    23       AND2                3    1    1    0  |c5:6|C (|c5:6|:8)
   -      5     -    C    23       AND2    s           4    0    0    1  |c6:7|~9~1
   -      7     -    C    23        OR2    s           4    0    0    1  |c6:7|C~1 (|c6:7|~11~1)
   -      8     -    C    23       AND2    s           2    1    0    1  |c6:7|C~2 (|c6:7|~11~2)
   -      2     -    C    23        OR2                1    3    1    0  |c6:7|C (|c6:7|:11)
   -      2     -    C    06       AND2                3    1    1    0  |c7:8|C (|c7:8|:8)
   -      3     -    C    06       AND2                1    2    1    0  |c8:9|C (|c8:9|:8)
   -      1     -    C    06       AND2                3    1    1    0  |c9:10|C (|c9:10|:8)
   -      1     -    C    23       AND2    s           3    0    0    2  |c10:11|C~1 (|c10:11|~9~1)
   -      4     -    C    13       AND2    s           2    0    0    1  |c10:11|C~2 (|c10:11|~9~2)
   -      3     -    C    13        OR2                2    2    1    0  |c10:11|C (|c10:11|:9)
   -      5     -    C    06        OR2    s           2    0    0    3  |c11:12|C~1 (|c11:12|~10~1)
   -      6     -    C    19        OR2                2    2    1    0  |c11:12|C (|c11:12|:10)
   -      8     -    C    06       AND2                3    1    1    0  |c12:13|C (|c12:13|:8)
   -      7     -    C    19        OR2                2    2    1    0  |c13:14|C (|c13:14|:12)
   -      2     -    A    13       AND2    s           2    0    0    4  |c14:15|C~1 (|c14:15|~9~1)
   -      6     -    A    13       AND2    s           2    0    0    5  |c14:15|C~2 (|c14:15|~9~2)
   -      4     -    A    13       AND2                0    2    1    0  |c14:15|C (|c14:15|:9)
   -      4     -    C    19       AND2                2    0    1    0  |c15:16|C (|c15:16|:10)
   -      8     -    C    19      LCELL    s           1    0    1    0  C16~1
   -      8     -    C    13       AND2                2    0    1    0  |c17:18|C (|c17:18|:10)
   -      3     -    C    01        OR2    s           4    0    0    2  |c18:19|C~1 (|c18:19|~16~1)
   -      4     -    C    01        OR2    s           4    0    0    2  |c18:19|C~2 (|c18:19|~16~2)
   -      1     -    C    01        OR2    s           2    2    0    3  |c18:19|C~3 (|c18:19|~16~3)
   -      3     -    C    23       AND2    s           1    1    0    5  |c18:19|C~4 (|c18:19|~16~4)
   -      2     -    C    19       AND2    s           2    1    0    1  |c18:19|C~5 (|c18:19|~16~5)
   -      1     -    C    19        OR2                2    2    1    0  |c18:19|C (|c18:19|:16)
   -      1     -    C    13       AND2    s           2    0    0    3  |c19:20|C~1 (|c19:20|~16~1)
   -      3     -    C    19       AND2    s           2    2    1    0  |c19:20|C~2 (|c19:20|~16~2)
   -      5     -    C    19       AND2                2    2    1    0  |c19:20|C (|c19:20|:16)
   -      6     -    C    23       AND2                2    0    1    0  |c21:21|C (|c21:21|:10)
   -      2     -    C    13       AND2    s           4    0    0    5  |c22:22|C~1 (|c22:22|~8~1)
   -      6     -    C    06       AND2                3    1    1    0  |c22:22|C (|c22:22|:8)
   -      7     -    C    06       AND2    s           4    0    0    1  X0~1


Code:

s = Synthesized pin or logic cell
+ = Synchronous flipflop
/ = Slow slew-rate output
! = NOT gate push-back
r = Fitter-inserted logic cell
p = Packed register


Device-Specific Information:                d:\maxplus2\max2lib\lab7\c0_22.rpt
c0_22

** FASTTRACK INTERCONNECT UTILIZATION **

Row FastTrack Interconnect:

          Global         Left Half-      Right Half-
         FastTrack       FastTrack       FastTrack 
Row     Interconnect    Interconnect    Interconnect    Input Pins     Output Pins     Bidir Pins
A:       2/ 96(  2%)     0/ 48(  0%)     8/ 48( 16%)    1/16(  6%)      5/16( 31%)     0/16(  0%)
B:       1/ 96(  1%)     0/ 48(  0%)     1/ 48(  2%)    0/16(  0%)      2/16( 12%)     0/16(  0%)
C:       9/ 96(  9%)     5/ 48( 10%)     8/ 48( 16%)    2/16( 12%)      7/16( 43%)     0/16(  0%)


Column FastTrack Interconnect:

         FastTrack                                 
Column  Interconnect    Input Pins     Output Pins     Bidir Pins
01:      0/24(  0%)     0/4(  0%)      0/4(  0%)       0/4(  0%)
02:      1/24(  4%)     0/4(  0%)      1/4( 25%)       0/4(  0%)
03:      0/24(  0%)     0/4(  0%)      0/4(  0%)       0/4(  0%)
04:      1/24(  4%)     1/4( 25%)      0/4(  0%)       0/4(  0%)
05:      1/24(  4%)     0/4(  0%)      1/4( 25%)       0/4(  0%)
06:      1/24(  4%)     0/4(  0%)      1/4( 25%)       0/4(  0%)
07:      0/24(  0%)     0/4(  0%)      0/4(  0%)       0/4(  0%)
08:      0/24(  0%)     0/4(  0%)      0/4(  0%)       0/4(  0%)
09:      1/24(  4%)     1/4( 25%)      0/4(  0%)       0/4(  0%)
10:      0/24(  0%)     0/4(  0%)      0/4(  0%)       0/4(  0%)
11:      0/24(  0%)     0/4(  0%)      0/4(  0%)       0/4(  0%)
12:      0/24(  0%)     0/4(  0%)      0/4(  0%)       0/4(  0%)
13:      2/24(  8%)     0/4(  0%)      1/4( 25%)       0/4(  0%)
14:      1/24(  4%)     1/4( 25%)      0/4(  0%)       0/4(  0%)
15:      1/24(  4%)     1/4( 25%)      0/4(  0%)       0/4(  0%)
16:      1/24(  4%)     1/4( 25%)      0/4(  0%)       0/4(  0%)
17:      0/24(  0%)     0/4(  0%)      0/4(  0%)       0/4(  0%)
18:      1/24(  4%)     1/4( 25%)      0/4(  0%)       0/4(  0%)
19:      2/24(  8%)     0/4(  0%)      1/4( 25%)       0/4(  0%)
20:      1/24(  4%)     0/4(  0%)      1/4( 25%)       0/4(  0%)
21:      0/24(  0%)     0/4(  0%)      0/4(  0%)       0/4(  0%)
22:      0/24(  0%)     0/4(  0%)      0/4(  0%)       0/4(  0%)
23:      1/24(  4%)     0/4(  0%)      1/4( 25%)       0/4(  0%)
24:      2/24(  8%)     0/4(  0%)      2/4( 50%)       0/4(  0%)
EA:      0/24(  0%)     0/4(  0%)      0/4(  0%)       0/4(  0%)


Device-Specific Information:                d:\maxplus2\max2lib\lab7\c0_22.rpt
c0_22

** EQUATIONS **

A0       : INPUT;
A1       : INPUT;
CO       : INPUT;
Q0       : INPUT;
SI       : INPUT;
T0       : INPUT;
T1       : INPUT;
X0       : INPUT;
X1       : INPUT;
X2       : INPUT;
X3       : INPUT;
X4       : INPUT;
X5       : INPUT;
X6       : INPUT;
X7       : INPUT;

-- Node name is 'C0' 
-- Equation name is 'C0', type is output 
C0       =  _LC1_A13;

-- Node name is 'C1' 
-- Equation name is 'C1', type is output 
C1       =  _LC8_A13;

-- Node name is 'C2' 
-- Equation name is 'C2', type is output 
C2       =  _LC3_A13;

-- Node name is 'C3' 
-- Equation name is 'C3', type is output 
C3       =  _LC5_A13;

-- Node name is 'C4' 
-- Equation name is 'C4', type is output 
C4       =  _LC2_C1;

-- Node name is 'C5' 
-- Equation name is 'C5', type is output 
C5       =  _LC4_C23;

-- Node name is 'C6' 
-- Equation name is 'C6', type is output 
C6       =  _LC2_C23;

-- Node name is 'C7' 
-- Equation name is 'C7', type is output 
C7       =  _LC2_C6;

-- Node name is 'C8' 
-- Equation name is 'C8', type is output 
C8       =  _LC3_C6;

-- Node name is 'C9' 
-- Equation name is 'C9', type is output 
C9       =  _LC1_C6;

-- Node name is 'C10' 
-- Equation name is 'C10', type is output 
C10      =  _LC3_C13;

-- Node name is 'C11' 
-- Equation name is 'C11', type is output 
C11      =  _LC6_C19;

-- Node name is 'C12' 
-- Equation name is 'C12', type is output 
C12      =  _LC8_C6;

-- Node name is 'C13' 
-- Equation name is 'C13', type is output 
C13      =  _LC7_C19;

-- Node name is 'C14' 
-- Equation name is 'C14', type is output 
C14      =  _LC4_A13;

-- Node name is 'C15' 
-- Equation name is 'C15', type is output 
C15      =  _LC4_C19;

-- Node name is 'C16~1' 
-- Equation name is 'C16~1', location is LC8_C19, type is buried.
-- synthesized logic cell 
_LC8_C19 = LCELL( A0);

-- Node name is 'C16' 
-- Equation name is 'C16', type is output 
C16      =  _LC8_C19;

-- Node name is 'C17' 
-- Equation name is 'C17', type is output 
C17      =  _LC8_C13;

-- Node name is 'C18' 
-- Equation name is 'C18', type is output 
C18      =  _LC1_C19;

-- Node name is 'C19' 
-- Equation name is 'C19', type is output 
C19      =  _LC3_C19;

-- Node name is 'C20' 
-- Equation name is 'C20', type is output 
C20      =  _LC5_C19;

-- Node name is 'C21' 
-- Equation name is 'C21', type is output 
C21      =  _LC6_C23;

-- Node name is 'C22' 
-- Equation name is 'C22', type is output 
C22      =  _LC6_C6;

-- Node name is 'X0~1' 
-- Equation name is 'X0~1', location is LC7_C6, type is buried.
-- synthesized logic cell 
_LC7_C6  = LCELL( _EQ001);
  _EQ001 =  SI & !X2 &  X3 & !X4;

-- Node name is '|c0:1|:6' = '|c0:1|C0' 
-- Equation name is '_LC1_A13', type is buried 
_LC1_A13 = LCELL( _EQ002);
  _EQ002 =  A1 & !_LC6_A13
         #  A1 &  T0
         # !A0;

-- Node name is '|c1:2|:8' = '|c1:2|C' 
-- Equation name is '_LC8_A13', type is buried 
_LC8_A13 = LCELL( _EQ003);
  _EQ003 =  _LC2_A13 &  _LC6_A13 &  X7
         #  _LC2_A13 &  _LC7_A13;

-- Node name is '|c1:2|~9~1' 
-- Equation name is '_LC7_A13', type is buried 
-- synthesized logic cell 
_LC7_A13 = LCELL( _EQ004);
  _EQ004 =  X0 & !X1 & !X2 &  X4;

-- Node name is '|c2:3|:9' = '|c2:3|C' 
-- Equation name is '_LC3_A13', type is buried 
_LC3_A13 = LCELL( _EQ005);
  _EQ005 =  _LC2_A13 &  _LC7_A13
         #  _LC2_A13 &  _LC6_A13 &  X6;

-- Node name is '|c3:4|:7' = '|c3:4|C' 
-- Equation name is '_LC5_A13', type is buried 
_LC5_A13 = LCELL( _EQ006);
  _EQ006 =  _LC2_A13 &  _LC6_A13 &  X5;

-- Node name is '|c4:5|:20' = '|c4:5|C' 
-- Equation name is '_LC2_C1', type is buried 
_LC2_C1  = LCELL( _EQ007);
  _EQ007 =  A1 &  _LC6_C1 & !X0
         #  A1 &  _LC8_C1 & !X0;

-- Node name is '|c4:5|~20~1' = '|c4:5|C~1' 
-- Equation name is '_LC4_C6', type is buried 
-- synthesized logic cell 
_LC4_C6  = LCELL( _EQ008);
  _EQ008 =  CO & !_LC5_C6 &  X4
         #  _LC7_C6;

-- Node name is '|c4:5|~20~2' = '|c4:5|C~2' 
-- Equation name is '_LC5_C1', type is buried 
-- synthesized logic cell 
_LC5_C1  = LCELL( _EQ009);
  _EQ009 =  _LC4_C1 &  X2 & !X3;

-- Node name is '|c4:5|~20~3' = '|c4:5|C~3' 
-- Equation name is '_LC6_C1', type is buried 
-- synthesized logic cell 
_LC6_C1  = LCELL( _EQ010);
  _EQ010 =  _LC4_C6 &  X1
         #  _LC5_C1 & !X1 & !X4;

-- Node name is '|c4:5|~20~4' = '|c4:5|C~4' 
-- Equation name is '_LC7_C1', type is buried 
-- synthesized logic cell 
_LC7_C1  = LCELL( _EQ011);
  _EQ011 =  _LC3_C1 & !X1 & !X3
         #  X1 &  X3 &  X4;

-- Node name is '|c4:5|~20~5' = '|c4:5|C~5' 
-- Equation name is '_LC8_C1', type is buried 
-- synthesized logic cell 
_LC8_C1  = LCELL( _EQ012);
  _EQ012 =  _LC7_C1 &  Q0 &  X1
         #  _LC7_C1 &  X2;

-- Node name is '|c5:6|:8' = '|c5:6|C' 
-- Equation name is '_LC4_C23', type is buried 
_LC4_C23 = LCELL( _EQ013);
  _EQ013 =  _LC1_C13 & !X0 &  X2 & !X3;

-- Node name is '|c6:7|:11' = '|c6:7|C' 
-- Equation name is '_LC2_C23', type is buried 
_LC2_C23 = LCELL( _EQ014);
  _EQ014 =  _LC1_C13 &  _LC5_C23
         #  _LC1_C13 &  _LC8_C23
         # !A0;

-- Node name is '|c6:7|~11~1' = '|c6:7|C~1' 
-- Equation name is '_LC7_C23', type is buried 
-- synthesized logic cell 
_LC7_C23 = LCELL( _EQ015);
  _EQ015 =  T0 & !X0 &  X3
         #  T1 &  X0;

-- Node name is '|c6:7|~11~2' = '|c6:7|C~2' 
-- Equation name is '_LC8_C23', type is buried 
-- synthesized logic cell 
_LC8_C23 = LCELL( _EQ016);
  _EQ016 =  _LC7_C23 & !X2 & !X4;

-- Node name is '|c6:7|~9~1' 
-- Equation name is '_LC5_C23', type is buried 
-- synthesized logic cell 
_LC5_C23 = LCELL( _EQ017);
  _EQ017 =  T0 & !X0 &  X2 & !X3;

-- Node name is '|c7:8|:8' = '|c7:8|C' 
-- Equation name is '_LC2_C6', type is buried 
_LC2_C6  = LCELL( _EQ018);
  _EQ018 =  _LC2_C13 &  X0 & !X2 &  X3;

-- Node name is '|c8:9|:8' = '|c8:9|C' 
-- Equation name is '_LC3_C6', type is buried 
_LC3_C6  = LCELL( _EQ019);
  _EQ019 =  _LC2_C13 & !_LC5_C6 &  X0;

-- Node name is '|c9:10|:8' = '|c9:10|C' 
-- Equation name is '_LC1_C6', type is buried 
_LC1_C6  = LCELL( _EQ020);
  _EQ020 =  _LC2_C13 & !X0 & !X2 &  X3;

-- Node name is '|c10:11|:9' = '|c10:11|C' 
-- Equation name is '_LC3_C13', type is buried 
_LC3_C13 = LCELL( _EQ021);
  _EQ021 =  A1 &  _LC1_C23 &  _LC4_C13
         #  A1 &  _LC4_C13 &  X1;

-- Node name is '|c10:11|~9~1' = '|c10:11|C~1' 
-- Equation name is '_LC1_C23', type is buried 
-- synthesized logic cell 
_LC1_C23 = LCELL( _EQ022);
  _EQ022 = !X2 &  X3 &  X4;

-- Node name is '|c10:11|~9~2' = '|c10:11|C~2' 
-- Equation name is '_LC4_C13', type is buried 
-- synthesized logic cell 
_LC4_C13 = LCELL( _EQ023);
  _EQ023 =  T0 & !X0;

-- Node name is '|c11:12|:10' = '|c11:12|C' 
-- Equation name is '_LC6_C19', type is buried 
_LC6_C19 = LCELL( _EQ024);
  _EQ024 =  _LC3_C23 &  _LC5_C6 &  T0
         # !A0 &  T0;

-- Node name is '|c11:12|~10~1' = '|c11:12|C~1' 
-- Equation name is '_LC5_C6', type is buried 
-- synthesized logic cell 
_LC5_C6  = LCELL( _EQ025);
  _EQ025 =  X2
         #  X3;

-- Node name is '|c12:13|:8' = '|c12:13|C' 
-- Equation name is '_LC8_C6', type is buried 
_LC8_C6  = LCELL( _EQ026);
  _EQ026 =  _LC2_C13 &  X0 & !X2 &  X3;

-- Node name is '|c13:14|:12' = '|c13:14|C' 
-- Equation name is '_LC7_C19', type is buried 
_LC7_C19 = LCELL( _EQ027);
  _EQ027 =  _LC1_C23 &  _LC3_C23 &  T1
         # !A0 &  T1;

-- Node name is '|c14:15|:9' = '|c14:15|C' 
-- Equation name is '_LC4_A13', type is buried 
_LC4_A13 = LCELL( _EQ028);
  _EQ028 =  _LC2_A13 &  _LC6_A13;

-- Node name is '|c14:15|~9~1' = '|c14:15|C~1' 
-- Equation name is '_LC2_A13', type is buried 
-- synthesized logic cell 
_LC2_A13 = LCELL( _EQ029);
  _EQ029 =  A1 &  T0;

-- Node name is '|c14:15|~9~2' = '|c14:15|C~2' 
-- Equation name is '_LC6_A13', type is buried 
-- synthesized logic cell 
_LC6_A13 = LCELL( _EQ030);
  _EQ030 = !X0 &  X1;

-- Node name is '|c15:16|:10' = '|c15:16|C' 
-- Equation name is '_LC4_C19', type is buried 
_LC4_C19 = LCELL( _EQ031);
  _EQ031 = !A0 &  T1;

-- Node name is '|c17:18|:10' = '|c17:18|C' 
-- Equation name is '_LC8_C13', type is buried 
_LC8_C13 = LCELL( _EQ032);
  _EQ032 =  A1 &  T1;

-- Node name is '|c18:19|:16' = '|c18:19|C' 
-- Equation name is '_LC1_C19', type is buried 
_LC1_C19 = LCELL( _EQ033);
  _EQ033 =  _LC1_C1 &  _LC2_C19
         # !A0 &  T1;

-- Node name is '|c18:19|~16~1' = '|c18:19|C~1' 
-- Equation name is '_LC3_C1', type is buried 
-- synthesized logic cell 
_LC3_C1  = LCELL( _EQ034);
  _EQ034 =  Q0 &  X5 &  X6
         #  X4 &  X5 &  X6;

-- Node name is '|c18:19|~16~2' = '|c18:19|C~2' 
-- Equation name is '_LC4_C1', type is buried 
-- synthesized logic cell 
_LC4_C1  = LCELL( _EQ035);
  _EQ035 =  CO & !X5 &  X6
         #  SI &  X5 & !X6;

-- Node name is '|c18:19|~16~3' = '|c18:19|C~3' 
-- Equation name is '_LC1_C1', type is buried 
-- synthesized logic cell 
_LC1_C1  = LCELL( _EQ036);
  _EQ036 =  _LC3_C1
         #  _LC4_C1 & !X4
         # !X3;

-- Node name is '|c18:19|~16~4' = '|c18:19|C~4' 
-- Equation name is '_LC3_C23', type is buried 
-- synthesized logic cell 
_LC3_C23 = LCELL( _EQ037);
  _EQ037 =  _LC1_C13 &  X0;

-- Node name is '|c18:19|~16~5' = '|c18:19|C~5' 
-- Equation name is '_LC2_C19', type is buried 
-- synthesized logic cell 
_LC2_C19 = LCELL( _EQ038);
  _EQ038 =  _LC3_C23 &  T0 &  X2;

-- Node name is '|c19:20|:16' = '|c19:20|C' 
-- Equation name is '_LC5_C19', type is buried 
_LC5_C19 = LCELL( _EQ039);
  _EQ039 =  _LC1_C1 &  _LC3_C23 &  T0 &  X2;

-- Node name is '|c19:20|~16~1' = '|c19:20|C~1' 
-- Equation name is '_LC1_C13', type is buried 
-- synthesized logic cell 
_LC1_C13 = LCELL( _EQ040);
  _EQ040 =  A1 & !X1;

-- Node name is '|c19:20|~16~2' = '|c19:20|C~2' 
-- Equation name is '_LC3_C19', type is buried 
-- synthesized logic cell 
_LC3_C19 = LCELL( _EQ041);
  _EQ041 =  _LC1_C1 &  _LC3_C23 &  T0 &  X2;

-- Node name is '|c21:21|:10' = '|c21:21|C' 
-- Equation name is '_LC6_C23', type is buried 
_LC6_C23 = LCELL( _EQ042);
  _EQ042 = !A0 &  T0;

-- Node name is '|c22:22|:8' = '|c22:22|C' 
-- Equation name is '_LC6_C6', type is buried 
_LC6_C6  = LCELL( _EQ043);
  _EQ043 =  _LC2_C13 &  X0 & !X2 &  X3;

-- Node name is '|c22:22|~8~1' = '|c22:22|C~1' 
-- Equation name is '_LC2_C13', type is buried 
-- synthesized logic cell 
_LC2_C13 = LCELL( _EQ044);
  _EQ044 =  A1 &  T1 & !X1 & !X4;



Project Information                         d:\maxplus2\max2lib\lab7\c0_22.rpt

** COMPILATION SETTINGS & TIMES **

Processing Menu Commands
------------------------

Design Doctor                             = off

Logic Synthesis:

   Synthesis Type Used                    = Multi-Level

   Default Synthesis Style                = NORMAL

      Logic option settings in 'NORMAL' style for 'FLEX10K' family

      CARRY_CHAIN                         = ignore
      CARRY_CHAIN_LENGTH                  = 32
      CASCADE_CHAIN                       = ignore
      CASCADE_CHAIN_LENGTH                = 2
      DECOMPOSE_GATES                     = on
      DUPLICATE_LOGIC_EXTRACTION          = on
      MINIMIZATION                        = full
      MULTI_LEVEL_FACTORING               = on
      NOT_GATE_PUSH_BACK                  = on
      REDUCE_LOGIC                        = on
      REFACTORIZATION                     = on
      REGISTER_OPTIMIZATION               = on
      RESYNTHESIZE_NETWORK                = on
      SLOW_SLEW_RATE                      = off
      SUBFACTOR_EXTRACTION                = on
      IGNORE_SOFT_BUFFERS                 = on
      USE_LPM_FOR_AHDL_OPERATORS          = off

   Other logic synthesis settings:

      Automatic Global Clock              = on
      Automatic Global Clear              = on
      Automatic Global Preset             = on
      Automatic Global Output Enable      = on
      Automatic Fast I/O                  = off
      Automatic Register Packing          = off
      Automatic Open-Drain Pins           = on
      Automatic Implement in EAB          = off
      Optimize                            = 5

Default Timing Specifications: None

Cut All Bidir Feedback Timing Paths       = on
Cut All Clear & Preset Timing Paths       = on

Ignore Timing Assignments                 = off

Functional SNF Extractor                  = off

Linked SNF Extractor                      = off
Timing SNF Extractor                      = on
Optimize Timing SNF                       = off
Generate AHDL TDO File                    = off
Fitter Settings                           = NORMAL
Use Quartus Fitter                        = on
Smart Recompile                           = off
Total Recompile                           = off

Interfaces Menu Commands
------------------------

EDIF Netlist Writer                       = off
Verilog Netlist Writer                    = off
VHDL Netlist Writer                       = off

Compilation Times
-----------------

   Compiler Netlist Extractor             00:00:00
   Database Builder                       00:00:00
   Logic Synthesizer                      00:00:01
   Partitioner                            00:00:00
   Fitter                                 00:00:00
   Timing SNF Extractor                   00:00:00
   Assembler                              00:00:00
   --------------------------             --------
   Total Time                             00:00:01


Memory Allocated
-----------------

Peak memory allocated during compilation  = 16,153K
