Project Information                          d:\maxplus2\max2lib\lab7\lab7.rpt

MAX+plus II Compiler Report File
Version 10.1 06/12/2001
Compiled: 12/08/2010 10:54:24

Copyright (C) 1988-2001 Altera Corporation
Any megafunction design, and related net list (encrypted or decrypted),
support information, device programming or simulation file, and any other
associated documentation or information provided by Altera or a partner
under Altera's Megafunction Partnership Program may be used only to
program PLD devices (but not masked PLD devices) from Altera.  Any other
use of such megafunction design, net list, support information, device
programming or simulation file, or any other related documentation or
information is prohibited for any other purpose, including, but not
limited to modification, reverse engineering, de-compiling, or use with
any other silicon devices, unless such use is explicitly licensed under
a separate agreement with Altera or a megafunction partner.  Title to
the intellectual property, including patents, copyrights, trademarks,
trade secrets, or maskworks, embodied in any such megafunction design,
net list, support information, device programming or simulation file, or
any other related documentation or information provided by Altera or a
megafunction partner, remains with Altera, the megafunction partner, or
their respective licensors.  No other licenses, including any licenses
needed under any third party's intellectual property, are provided herein.



***** Project compilation was successful




** DEVICE SUMMARY **

Chip/                     Input Output Bidir  Memory  Memory  			 LCs
POF       Device          Pins  Pins   Pins   Bits % Utilized  LCs  % Utilized

lab7      EPF10K10LC84-3   14     25     0    0         0  %    45       7  %

User Pins:                 14     25     0  



Project Information                          d:\maxplus2\max2lib\lab7\lab7.rpt

** PROJECT COMPILATION MESSAGES **

Warning: Ignored unnecessary INPUT pin 'X8'


Project Information                          d:\maxplus2\max2lib\lab7\lab7.rpt

** FILE HIERARCHY **



|c0_22:1|
|c0_22:1|c0:1|
|c0_22:1|c1:2|
|c0_22:1|c2:3|
|c0_22:1|c3:4|
|c0_22:1|c4:5|
|c0_22:1|c5:6|
|c0_22:1|c6:7|
|c0_22:1|c7:8|
|c0_22:1|c8:9|
|c0_22:1|c9:10|
|c0_22:1|c10:11|
|c0_22:1|c11:12|
|c0_22:1|c12:13|
|c0_22:1|c13:14|
|c0_22:1|c14:15|
|c0_22:1|c15:16|
|c0_22:1|c16:17|
|c0_22:1|c17:18|
|c0_22:1|c18:19|
|c0_22:1|c19:20|
|c0_22:1|c21:21|
|ctr2:2|


Device-Specific Information:                 d:\maxplus2\max2lib\lab7\lab7.rpt
lab7

***** Logic for device 'lab7' compiled without errors.




Device: EPF10K10LC84-3

FLEX 10K Configuration Scheme: Passive Serial

Device Options:
    User-Supplied Start-Up Clock               = OFF
    Auto-Restart Configuration on Frame Error  = OFF
    Release Clears Before Tri-States           = OFF
    Enable Chip_Wide Reset                     = OFF
    Enable Chip-Wide Output Enable             = OFF
    Enable INIT_DONE Output                    = OFF
    JTAG User Code                             = 7f

                                                                         ^     
                                                                         C     
                R  R  R  R  R  R  R     R                 R        R     O     
                E  E  E  E  E  E  E     E                 E        E     N     
                S  S  S  S  S  S  S  V  S              G  S        S     F     
                E  E  E  E  E  E  E  C  E              N  E        E     _  ^  
                R  R  R  R  R  R  R  C  R              D  R        R  #  D  n  
                V  V  V  V  V  V  V  I  V              I  V        V  T  O  C  
                E  E  E  E  E  E  E  N  E  A     X  T  N  E  C  X  E  C  N  E  
                D  D  D  D  D  D  D  T  D  1  C  1  1  T  D  6  6  D  K  E  O  
              -----------------------------------------------------------------_ 
            /  11 10  9  8  7  6  5  4  3  2  1 84 83 82 81 80 79 78 77 76 75   | 
    ^DATA0 | 12                                                              74 | #TDO 
     ^DCLK | 13                                                              73 | C10 
      ^nCE | 14                                                              72 | C12 
      #TDI | 15                                                              71 | C1 
        X7 | 16                                                              70 | C14 
        C2 | 17                                                              69 | C13 
  RESERVED | 18                                                              68 | GNDINT 
       C22 | 19                                                              67 | C5 
    VCCINT | 20                                                              66 | C18 
        T0 | 21                                                              65 | C19 
        Q0 | 22                        EPF10K10LC84-3                        64 | C20 
        X5 | 23                                                              63 | VCCINT 
        C4 | 24                                                              62 | C0 
        SI | 25                                                              61 | C7 
    GNDINT | 26                                                              60 | C17 
       C15 | 27                                                              59 | C9 
        A0 | 28                                                              58 | C11 
       C16 | 29                                                              57 | #TMS 
       C21 | 30                                                              56 | #TRST 
    ^MSEL0 | 31                                                              55 | ^nSTATUS 
    ^MSEL1 | 32                                                              54 | RESERVED 
           |_  33 34 35 36 37 38 39 40 41 42 43 44 45 46 47 48 49 50 51 52 53  _| 
             ------------------------------------------------------------------ 
                V  ^  R  R  R  R  R  V  G  X  X  X  V  G  C  R  R  C  C  R  X  
                C  n  E  E  E  E  E  C  N  2  0  4  C  N  3  E  E  8  O  E  3  
                C  C  S  S  S  S  S  C  D           C  D     S  S        S     
                I  O  E  E  E  E  E  I  I           I  I     E  E        E     
                N  N  R  R  R  R  R  N  N           N  N     R  R        R     
                T  F  V  V  V  V  V  T  T           T  T     V  V        V     
                   I  E  E  E  E  E                          E  E        E     
                   G  D  D  D  D  D                          D  D        D     
                                                                               
                                                                               


N.C. = No Connect. This pin has no internal connection to the device.
VCCINT = Dedicated power pin, which MUST be connected to VCC (5.0 volts).
VCCIO = Dedicated power pin, which MUST be connected to VCC (5.0 volts).
GNDINT = Dedicated ground pin or unused dedicated input, which MUST be connected to GND.
GNDIO = Dedicated ground pin, which MUST be connected to GND.
RESERVED = Unused I/O pin, which MUST be left unconnected.

^ = Dedicated configuration pin.
+ = Reserved configuration pin, which is tri-stated during user mode.
* = Reserved configuration pin, which drives out in user mode.
PDn = Power Down pin. 
@ = Special-purpose pin. 
# = JTAG Boundary-Scan Testing/In-System Programming or Configuration Pin. The JTAG inputs TMS and TDI should be tied to VCC and TCK should be tied to GND when not in use.
& = JTAG pin used for I/O. When used as user I/O, JTAG pins must be kept stable before and during configuration.  JTAG pin stability prevents accidental loading of JTAG instructions.


Device-Specific Information:                 d:\maxplus2\max2lib\lab7\lab7.rpt
lab7

** RESOURCE USAGE **

Logic                Column       Row                                   
Array                Interconnect Interconnect         Clears/     External  
Block   Logic Cells  Driven       Driven       Clocks  Presets   Interconnect
A14      8/ 8(100%)   2/ 8( 25%)   6/ 8( 75%)    1/2    0/2       6/22( 27%)   
A23      8/ 8(100%)   1/ 8( 12%)   4/ 8( 50%)    0/2    0/2      11/22( 50%)   
B6       1/ 8( 12%)   0/ 8(  0%)   1/ 8( 12%)    1/2    0/2       0/22(  0%)   
B13      8/ 8(100%)   1/ 8( 12%)   3/ 8( 37%)    0/2    0/2      13/22( 59%)   
B16      8/ 8(100%)   0/ 8(  0%)   4/ 8( 50%)    0/2    0/2      12/22( 54%)   
B19      1/ 8( 12%)   1/ 8( 12%)   1/ 8( 12%)    0/2    0/2       2/22(  9%)   
C1       2/ 8( 25%)   0/ 8(  0%)   2/ 8( 25%)    0/2    0/2       2/22(  9%)   
C10      1/ 8( 12%)   0/ 8(  0%)   1/ 8( 12%)    0/2    0/2       1/22(  4%)   
C17      8/ 8(100%)   2/ 8( 25%)   5/ 8( 62%)    0/2    0/2       8/22( 36%)   


Embedded             Column       Row                                   
Array     Embedded   Interconnect Interconnect         Read/      External  
Block     Cells      Driven       Driven       Clocks  Write    Interconnect


Total dedicated input pins used:                 6/6      (100%)
Total I/O pins used:                            33/53     ( 62%)
Total logic cells used:                         45/576    (  7%)
Total embedded cells used:                       0/24     (  0%)
Total EABs used:                                 0/3      (  0%)
Average fan-in:                                 3.28/4    ( 82%)
Total fan-in:                                 148/2304    (  6%)

Total input pins required:                      14
Total input I/O cell registers required:         0
Total output pins required:                     25
Total output I/O cell registers required:        0
Total buried I/O cell registers required:        0
Total bidirectional pins required:               0
Total reserved pins required                     0
Total logic cells required:                     45
Total flipflops required:                        2
Total packed registers required:                 0
Total logic cells in carry chains:               0
Total number of carry chains:                    0
Total logic cells in cascade chains:             0
Total number of cascade chains:                  0
Total single-pin Clock Enables required:         0
Total single-pin Output Enables required:        0

Synthesized logic cells:                        24/ 576   (  4%)

Logic Cell and Embedded Cell Counts

Column:  01  02  03  04  05  06  07  08  09  10  11  12  EA  13  14  15  16  17  18  19  20  21  22  23  24  Total(LC/EC)
 A:      0   0   0   0   0   0   0   0   0   0   0   0   0   0   8   0   0   0   0   0   0   0   0   8   0     16/0  
 B:      0   0   0   0   0   1   0   0   0   0   0   0   0   8   0   0   8   0   0   1   0   0   0   0   0     18/0  
 C:      2   0   0   0   0   0   0   0   0   1   0   0   0   0   0   0   0   8   0   0   0   0   0   0   0     11/0  

Total:   2   0   0   0   0   1   0   0   0   1   0   0   0   8   8   0   8   8   0   1   0   0   0   8   0     45/0  



Device-Specific Information:                 d:\maxplus2\max2lib\lab7\lab7.rpt
lab7

** INPUTS **

                                                    Fan-In    Fan-Out
 Pin     LC     EC   Row  Col  Primitive    Code      INP  FBK  OUT  FBK  Name
  28      -     -    C    --      INPUT                0    0    0    1  A0
   2      -     -    -    --      INPUT                0    0    0   13  A1
   1      -     -    -    --      INPUT  G             0    0    0    0  C
  51      -     -    -    18      INPUT                0    0    0    2  CO
  22      -     -    B    --      INPUT                0    0    0    2  Q0
  25      -     -    B    --      INPUT                0    0    0    2  SI
  43      -     -    -    --      INPUT                0    0    0   13  X0
  84      -     -    -    --      INPUT                0    0    0   14  X1
  42      -     -    -    --      INPUT                0    0    0   12  X2
  53      -     -    -    20      INPUT                0    0    0    8  X3
  44      -     -    -    --      INPUT                0    0    0   10  X4
  23      -     -    B    --      INPUT                0    0    0    3  X5
  79      -     -    -    24      INPUT                0    0    0    3  X6
  16      -     -    A    --      INPUT                0    0    0    1  X7


Code:

s = Synthesized pin or logic cell
+ = Synchronous flipflop
/ = Slow slew-rate output
! = NOT gate push-back
r = Fitter-inserted logic cell
@ = Uses single-pin Clock Enable
& = Uses single-pin Output Enable
G = Global Source. Fan-out destinations counted here do not include destinations
that are driven using global routing resources. Refer to the Auto Global Signals,
Clock Signals, Clear Signals, Synchronous Load Signals, and Synchronous Clear Signals
Sections of this Report File for information on which signals' fan-outs are used as
Clock, Clear, Preset, Output Enable, and synchronous Load signals.


Device-Specific Information:                 d:\maxplus2\max2lib\lab7\lab7.rpt
lab7

** OUTPUTS **

       Fed By Fed By                                Fan-In    Fan-Out
 Pin     LC     EC   Row  Col  Primitive    Code      INP  FBK  OUT  FBK  Name
  62      -     -    C    --     OUTPUT                0    1    0    0  C0
  71      -     -    A    --     OUTPUT                0    1    0    0  C1
  17      -     -    A    --     OUTPUT                0    1    0    0  C2
  47      -     -    -    14     OUTPUT                0    1    0    0  C3
  24      -     -    B    --     OUTPUT                0    1    0    0  C4
  67      -     -    B    --     OUTPUT                0    1    0    0  C5
  80      -     -    -    23     OUTPUT                0    1    0    0  C6
  61      -     -    C    --     OUTPUT                0    1    0    0  C7
  50      -     -    -    17     OUTPUT                0    1    0    0  C8
  59      -     -    C    --     OUTPUT                0    1    0    0  C9
  73      -     -    A    --     OUTPUT                0    1    0    0  C10
  58      -     -    C    --     OUTPUT                0    1    0    0  C11
  72      -     -    A    --     OUTPUT                0    1    0    0  C12
  69      -     -    A    --     OUTPUT                0    1    0    0  C13
  70      -     -    A    --     OUTPUT                0    1    0    0  C14
  27      -     -    C    --     OUTPUT                0    1    0    0  C15
  29      -     -    C    --     OUTPUT                0    1    0    0  C16
  60      -     -    C    --     OUTPUT                0    1    0    0  C17
  66      -     -    B    --     OUTPUT                0    1    0    0  C18
  65      -     -    B    --     OUTPUT                0    1    0    0  C19
  64      -     -    B    --     OUTPUT                0    1    0    0  C20
  30      -     -    C    --     OUTPUT                0    1    0    0  C21
  19      -     -    A    --     OUTPUT                0    1    0    0  C22
  21      -     -    B    --     OUTPUT                0    1    0    0  T0
  83      -     -    -    13     OUTPUT                0    1    0    0  T1


Code:

s = Synthesized pin or logic cell
+ = Synchronous flipflop
/ = Slow slew-rate output
! = NOT gate push-back
r = Fitter-inserted logic cell
@ = Uses single-pin Clock Enable
& = Uses single-pin Output Enable


Device-Specific Information:                 d:\maxplus2\max2lib\lab7\lab7.rpt
lab7

** BURIED LOGIC **

                                                    Fan-In    Fan-Out
 IOC     LC     EC   Row  Col  Primitive    Code      INP  FBK  OUT  FBK  Name
   -      1     -    B    06       DFFE   +s           0    0    1    0  |ctr2:2|T0~1 (|ctr2:2|~3~1)
   -      4     -    A    14       DFFE   +            0    0    1   12  |ctr2:2|T0 (|ctr2:2|:3)
   -      8     -    A    23       AND2    s   !       2    0    0    2  |c0_22:1|c0:1|C0~1 (|c0_22:1|c0:1|~6~1)
   -      1     -    C    17        OR2                3    1    1    0  |c0_22:1|c0:1|C0 (|c0_22:1|c0:1|:6)
   -      1     -    B    19       AND2    s           1    1    0    7  |c0_22:1|c1:2|C~1 (|c0_22:1|c1:2|~8~1)
   -      4     -    A    23        OR2                1    3    1    0  |c0_22:1|c1:2|C (|c0_22:1|c1:2|:8)
   -      6     -    A    23       AND2    s           4    0    0    2  |c0_22:1|c1:2|~9~1
   -      3     -    A    23        OR2                1    3    1    0  |c0_22:1|c2:3|C (|c0_22:1|c2:3|:9)
   -      8     -    B    13       AND2                3    1    1    0  |c0_22:1|c3:4|C (|c0_22:1|c3:4|:7)
   -      3     -    B    13       AND2    s           3    0    0    2  |c0_22:1|c4:5|C~1 (|c0_22:1|c4:5|~20~1)
   -      6     -    B    16        OR2    s           3    1    0    1  |c0_22:1|c4:5|C~2 (|c0_22:1|c4:5|~20~2)
   -      3     -    B    16        OR2    s           3    1    0    1  |c0_22:1|c4:5|C~3 (|c0_22:1|c4:5|~20~3)
   -      5     -    B    13        OR2    s           2    2    0    1  |c0_22:1|c4:5|C~4 (|c0_22:1|c4:5|~20~4)
   -      7     -    B    13        OR2    s           1    3    0    1  |c0_22:1|c4:5|C~5 (|c0_22:1|c4:5|~20~5)
   -      6     -    B    13        OR2                2    2    1    0  |c0_22:1|c4:5|C (|c0_22:1|c4:5|:20)
   -      1     -    B    13       AND2                2    1    1    0  |c0_22:1|c5:6|C (|c0_22:1|c5:6|:8)
   -      5     -    A    14       AND2    s           3    0    0    6  |c0_22:1|c6:7|~7~1
   -      7     -    A    14       AND2    s           2    0    0    1  |c0_22:1|c6:7|~9~1
   -      2     -    A    23       AND2    s           3    1    0    1  |c0_22:1|c6:7|~10~1
   -      1     -    A    14        OR2    s           1    3    0    1  |c0_22:1|c6:7|C~1 (|c0_22:1|c6:7|~11~1)
   -      7     -    A    23        OR2                2    2    1    0  |c0_22:1|c6:7|C (|c0_22:1|c6:7|:11)
   -      6     -    C    17       AND2    s           2    0    0    8  |c0_22:1|c7:8|C~1 (|c0_22:1|c7:8|~8~1)
   -      3     -    C    17       AND2                2    2    1    0  |c0_22:1|c7:8|C (|c0_22:1|c7:8|:8)
   -      8     -    C    17       AND2                1    3    1    0  |c0_22:1|c8:9|C (|c0_22:1|c8:9|:8)
   -      5     -    C    17       AND2                2    2    1    0  |c0_22:1|c9:10|C (|c0_22:1|c9:10|:8)
   -      3     -    A    14       AND2    s           3    0    0    2  |c0_22:1|c10:11|C~1 (|c0_22:1|c10:11|~9~1)
   -      1     -    A    23        OR2                2    2    1    0  |c0_22:1|c10:11|C (|c0_22:1|c10:11|:9)
   -      2     -    C    17        OR2    s           2    0    0    2  |c0_22:1|c11:12|C~1 (|c0_22:1|c11:12|~10~1)
   -      4     -    B    13       AND2    s           4    0    0    1  |c0_22:1|c11:12|C~2 (|c0_22:1|c11:12|~10~2)
   -      7     -    C    17        OR2                1    3    1    0  |c0_22:1|c11:12|C (|c0_22:1|c11:12|:10)
   -      2     -    A    14       AND2    s           1    3    1    0  |c0_22:1|c12:13|C~1 (|c0_22:1|c12:13|~8~1)
   -      6     -    A    14       AND2                1    3    1    0  |c0_22:1|c12:13|C (|c0_22:1|c12:13|:8)
   -      8     -    A    14        OR2                1    3    1    0  |c0_22:1|c13:14|C (|c0_22:1|c13:14|:12)
   -      5     -    A    23       AND2                2    1    1    0  |c0_22:1|c14:15|C (|c0_22:1|c14:15|:9)
   -      1     -    C    01       AND2                1    1    1    0  |c0_22:1|c15:16|C (|c0_22:1|c15:16|:10)
   -      4     -    C    17        OR2        !       1    1    1    3  |c0_22:1|c17:18|C (|c0_22:1|c17:18|:10)
   -      1     -    B    16        OR2    s           4    0    0    2  |c0_22:1|c18:19|C~1 (|c0_22:1|c18:19|~16~1)
   -      2     -    B    13        OR2    s           4    0    0    2  |c0_22:1|c18:19|C~2 (|c0_22:1|c18:19|~16~2)
   -      4     -    B    16        OR2    s           2    2    0    3  |c0_22:1|c18:19|C~3 (|c0_22:1|c18:19|~16~3)
   -      5     -    B    16       AND2    s           1    2    0    1  |c0_22:1|c18:19|C~4 (|c0_22:1|c18:19|~16~4)
   -      2     -    B    16        OR2                1    2    1    0  |c0_22:1|c18:19|C (|c0_22:1|c18:19|:16)
   -      8     -    B    16       AND2    s           1    3    1    0  |c0_22:1|c19:20|C~1 (|c0_22:1|c19:20|~16~1)
   -      7     -    B    16       AND2                1    3    1    0  |c0_22:1|c19:20|C (|c0_22:1|c19:20|:16)
   -      7     -    C    01       AND2                1    1    1    0  |c0_22:1|c21:21|C (|c0_22:1|c21:21|:10)
   -      8     -    C    10      LCELL    s           1    0    1    0  C16~1


Code:

s = Synthesized pin or logic cell
+ = Synchronous flipflop
/ = Slow slew-rate output
! = NOT gate push-back
r = Fitter-inserted logic cell
p = Packed register


Device-Specific Information:                 d:\maxplus2\max2lib\lab7\lab7.rpt
lab7

** FASTTRACK INTERCONNECT UTILIZATION **

Row FastTrack Interconnect:

          Global         Left Half-      Right Half-
         FastTrack       FastTrack       FastTrack 
Row     Interconnect    Interconnect    Interconnect    Input Pins     Output Pins     Bidir Pins
A:       4/ 96(  4%)     0/ 48(  0%)    11/ 48( 22%)    1/16(  6%)      7/16( 43%)     0/16(  0%)
B:       7/ 96(  7%)     1/ 48(  2%)    10/ 48( 20%)    3/16( 18%)      6/16( 37%)     0/16(  0%)
C:       3/ 96(  3%)     3/ 48(  6%)     6/ 48( 12%)    1/16(  6%)      8/16( 50%)     0/16(  0%)


Column FastTrack Interconnect:

         FastTrack                                 
Column  Interconnect    Input Pins     Output Pins     Bidir Pins
01:      0/24(  0%)     0/4(  0%)      0/4(  0%)       0/4(  0%)
02:      0/24(  0%)     0/4(  0%)      0/4(  0%)       0/4(  0%)
03:      0/24(  0%)     0/4(  0%)      0/4(  0%)       0/4(  0%)
04:      0/24(  0%)     0/4(  0%)      0/4(  0%)       0/4(  0%)
05:      0/24(  0%)     0/4(  0%)      0/4(  0%)       0/4(  0%)
06:      0/24(  0%)     0/4(  0%)      0/4(  0%)       0/4(  0%)
07:      0/24(  0%)     0/4(  0%)      0/4(  0%)       0/4(  0%)
08:      0/24(  0%)     0/4(  0%)      0/4(  0%)       0/4(  0%)
09:      0/24(  0%)     0/4(  0%)      0/4(  0%)       0/4(  0%)
10:      0/24(  0%)     0/4(  0%)      0/4(  0%)       0/4(  0%)
11:      0/24(  0%)     0/4(  0%)      0/4(  0%)       0/4(  0%)
12:      0/24(  0%)     0/4(  0%)      0/4(  0%)       0/4(  0%)
13:      1/24(  4%)     0/4(  0%)      1/4( 25%)       0/4(  0%)
14:      2/24(  8%)     0/4(  0%)      1/4( 25%)       0/4(  0%)
15:      0/24(  0%)     0/4(  0%)      0/4(  0%)       0/4(  0%)
16:      0/24(  0%)     0/4(  0%)      0/4(  0%)       0/4(  0%)
17:      2/24(  8%)     0/4(  0%)      1/4( 25%)       0/4(  0%)
18:      1/24(  4%)     1/4( 25%)      0/4(  0%)       0/4(  0%)
19:      1/24(  4%)     0/4(  0%)      0/4(  0%)       0/4(  0%)
20:      1/24(  4%)     1/4( 25%)      0/4(  0%)       0/4(  0%)
21:      0/24(  0%)     0/4(  0%)      0/4(  0%)       0/4(  0%)
22:      0/24(  0%)     0/4(  0%)      0/4(  0%)       0/4(  0%)
23:      1/24(  4%)     0/4(  0%)      1/4( 25%)       0/4(  0%)
24:      1/24(  4%)     1/4( 25%)      0/4(  0%)       0/4(  0%)
EA:      0/24(  0%)     0/4(  0%)      0/4(  0%)       0/4(  0%)


Device-Specific Information:                 d:\maxplus2\max2lib\lab7\lab7.rpt
lab7

** CLOCK SIGNALS **

Type     Fan-out       Name
INPUT        2         C


Device-Specific Information:                 d:\maxplus2\max2lib\lab7\lab7.rpt
lab7

** EQUATIONS **

A0       : INPUT;
A1       : INPUT;
C        : INPUT;
CO       : INPUT;
Q0       : INPUT;
SI       : INPUT;
X0       : INPUT;
X1       : INPUT;
X2       : INPUT;
X3       : INPUT;
X4       : INPUT;
X5       : INPUT;
X6       : INPUT;
X7       : INPUT;

-- Node name is 'C0' 
-- Equation name is 'C0', type is output 
C0       =  _LC1_C17;

-- Node name is 'C1' 
-- Equation name is 'C1', type is output 
C1       =  _LC4_A23;

-- Node name is 'C2' 
-- Equation name is 'C2', type is output 
C2       =  _LC3_A23;

-- Node name is 'C3' 
-- Equation name is 'C3', type is output 
C3       =  _LC8_B13;

-- Node name is 'C4' 
-- Equation name is 'C4', type is output 
C4       =  _LC6_B13;

-- Node name is 'C5' 
-- Equation name is 'C5', type is output 
C5       =  _LC1_B13;

-- Node name is 'C6' 
-- Equation name is 'C6', type is output 
C6       =  _LC7_A23;

-- Node name is 'C7' 
-- Equation name is 'C7', type is output 
C7       =  _LC3_C17;

-- Node name is 'C8' 
-- Equation name is 'C8', type is output 
C8       =  _LC8_C17;

-- Node name is 'C9' 
-- Equation name is 'C9', type is output 
C9       =  _LC5_C17;

-- Node name is 'C10' 
-- Equation name is 'C10', type is output 
C10      =  _LC1_A23;

-- Node name is 'C11' 
-- Equation name is 'C11', type is output 
C11      =  _LC7_C17;

-- Node name is 'C12' 
-- Equation name is 'C12', type is output 
C12      =  _LC2_A14;

-- Node name is 'C13' 
-- Equation name is 'C13', type is output 
C13      =  _LC8_A14;

-- Node name is 'C14' 
-- Equation name is 'C14', type is output 
C14      =  _LC5_A23;

-- Node name is 'C15' 
-- Equation name is 'C15', type is output 
C15      =  _LC1_C1;

-- Node name is 'C16~1' 
-- Equation name is 'C16~1', location is LC8_C10, type is buried.
-- synthesized logic cell 
_LC8_C10 = LCELL( A0);

-- Node name is 'C16' 
-- Equation name is 'C16', type is output 
C16      =  _LC8_C10;

-- Node name is 'C17' 
-- Equation name is 'C17', type is output 
C17      =  _LC4_C17;

-- Node name is 'C18' 
-- Equation name is 'C18', type is output 
C18      =  _LC2_B16;

-- Node name is 'C19' 
-- Equation name is 'C19', type is output 
C19      =  _LC8_B16;

-- Node name is 'C20' 
-- Equation name is 'C20', type is output 
C20      =  _LC7_B16;

-- Node name is 'C21' 
-- Equation name is 'C21', type is output 
C21      =  _LC7_C1;

-- Node name is 'C22' 
-- Equation name is 'C22', type is output 
C22      =  _LC6_A14;

-- Node name is 'T0' 
-- Equation name is 'T0', type is output 
T0       =  _LC1_B6;

-- Node name is 'T1' 
-- Equation name is 'T1', type is output 
T1       = !_LC4_A14;

-- Node name is '|ctr2:2|~3~1' = '|ctr2:2|T0~1' 
-- Equation name is '_LC1_B6', type is buried 
-- synthesized logic cell 
_LC1_B6  = DFFE(!_LC1_B6, GLOBAL( C),  VCC,  VCC,  VCC);

-- Node name is '|ctr2:2|:3' = '|ctr2:2|T0' 
-- Equation name is '_LC4_A14', type is buried 
_LC4_A14 = DFFE(!_LC4_A14, GLOBAL( C),  VCC,  VCC,  VCC);

-- Node name is '|c0_22:1|c0:1|~6~1' = '|c0_22:1|c0:1|C0~1' 
-- Equation name is '_LC8_A23', type is buried 
-- synthesized logic cell 
!_LC8_A23 = _LC8_A23~NOT;
_LC8_A23~NOT = LCELL( _EQ001);
  _EQ001 = !X0 &  X1;

-- Node name is '|c0_22:1|c0:1|:6' = '|c0_22:1|c0:1|C0' 
-- Equation name is '_LC1_C17', type is buried 
_LC1_C17 = LCELL( _EQ002);
  _EQ002 = !X1
         #  X0
         # !A1
         #  _LC4_A14;

-- Node name is '|c0_22:1|c1:2|:8' = '|c0_22:1|c1:2|C' 
-- Equation name is '_LC4_A23', type is buried 
_LC4_A23 = LCELL( _EQ003);
  _EQ003 =  _LC1_B19 & !_LC8_A23 &  X7
         #  _LC1_B19 &  _LC6_A23;

-- Node name is '|c0_22:1|c1:2|~8~1' = '|c0_22:1|c1:2|C~1' 
-- Equation name is '_LC1_B19', type is buried 
-- synthesized logic cell 
_LC1_B19 = LCELL( _EQ004);
  _EQ004 =  A1 &  _LC4_A14;

-- Node name is '|c0_22:1|c1:2|~9~1' 
-- Equation name is '_LC6_A23', type is buried 
-- synthesized logic cell 
_LC6_A23 = LCELL( _EQ005);
  _EQ005 =  X0 & !X1 & !X2 &  X4;

-- Node name is '|c0_22:1|c2:3|:9' = '|c0_22:1|c2:3|C' 
-- Equation name is '_LC3_A23', type is buried 
_LC3_A23 = LCELL( _EQ006);
  _EQ006 =  _LC1_B19 &  _LC6_A23
         #  _LC1_B19 & !_LC8_A23 &  X6;

-- Node name is '|c0_22:1|c3:4|:7' = '|c0_22:1|c3:4|C' 
-- Equation name is '_LC8_B13', type is buried 
_LC8_B13 = LCELL( _EQ007);
  _EQ007 =  _LC1_B19 & !X0 &  X1 &  X5;

-- Node name is '|c0_22:1|c4:5|:20' = '|c0_22:1|c4:5|C' 
-- Equation name is '_LC6_B13', type is buried 
_LC6_B13 = LCELL( _EQ008);
  _EQ008 =  A1 &  _LC3_B16 & !X0
         #  A1 &  _LC7_B13 & !X0;

-- Node name is '|c0_22:1|c4:5|~20~1' = '|c0_22:1|c4:5|C~1' 
-- Equation name is '_LC3_B13', type is buried 
-- synthesized logic cell 
_LC3_B13 = LCELL( _EQ009);
  _EQ009 = !X1 &  X2 & !X3;

-- Node name is '|c0_22:1|c4:5|~20~2' = '|c0_22:1|c4:5|C~2' 
-- Equation name is '_LC6_B16', type is buried 
-- synthesized logic cell 
_LC6_B16 = LCELL( _EQ010);
  _EQ010 =  _LC1_B16 & !X1 & !X3
         #  X1 &  X3 &  X4;

-- Node name is '|c0_22:1|c4:5|~20~3' = '|c0_22:1|c4:5|C~3' 
-- Equation name is '_LC3_B16', type is buried 
-- synthesized logic cell 
_LC3_B16 = LCELL( _EQ011);
  _EQ011 =  _LC6_B16 &  Q0 &  X1
         #  _LC6_B16 &  X2;

-- Node name is '|c0_22:1|c4:5|~20~4' = '|c0_22:1|c4:5|C~4' 
-- Equation name is '_LC5_B13', type is buried 
-- synthesized logic cell 
_LC5_B13 = LCELL( _EQ012);
  _EQ012 =  _LC5_A14 &  SI &  X1
         #  _LC4_B13 &  X1;

-- Node name is '|c0_22:1|c4:5|~20~5' = '|c0_22:1|c4:5|C~5' 
-- Equation name is '_LC7_B13', type is buried 
-- synthesized logic cell 
_LC7_B13 = LCELL( _EQ013);
  _EQ013 =  _LC2_B13 &  _LC3_B13 & !X4
         #  _LC5_B13;

-- Node name is '|c0_22:1|c5:6|:8' = '|c0_22:1|c5:6|C' 
-- Equation name is '_LC1_B13', type is buried 
_LC1_B13 = LCELL( _EQ014);
  _EQ014 =  A1 &  _LC3_B13 & !X0;

-- Node name is '|c0_22:1|c6:7|:11' = '|c0_22:1|c6:7|C' 
-- Equation name is '_LC7_A23', type is buried 
_LC7_A23 = LCELL( _EQ015);
  _EQ015 =  _LC2_A23 & !X1
         #  _LC1_A14 & !X1
         # !A1;

-- Node name is '|c0_22:1|c6:7|~11~1' = '|c0_22:1|c6:7|C~1' 
-- Equation name is '_LC1_A14', type is buried 
-- synthesized logic cell 
_LC1_A14 = LCELL( _EQ016);
  _EQ016 =  _LC4_A14 &  _LC7_A14 & !X0
         #  _LC4_A14 &  _LC5_A14 & !X0;

-- Node name is '|c0_22:1|c6:7|~7~1' 
-- Equation name is '_LC5_A14', type is buried 
-- synthesized logic cell 
_LC5_A14 = LCELL( _EQ017);
  _EQ017 = !X2 &  X3 & !X4;

-- Node name is '|c0_22:1|c6:7|~9~1' 
-- Equation name is '_LC7_A14', type is buried 
-- synthesized logic cell 
_LC7_A14 = LCELL( _EQ018);
  _EQ018 =  X2 & !X3;

-- Node name is '|c0_22:1|c6:7|~10~1' 
-- Equation name is '_LC2_A23', type is buried 
-- synthesized logic cell 
_LC2_A23 = LCELL( _EQ019);
  _EQ019 = !_LC4_A14 &  X0 & !X2 & !X4;

-- Node name is '|c0_22:1|c7:8|:8' = '|c0_22:1|c7:8|C' 
-- Equation name is '_LC3_C17', type is buried 
_LC3_C17 = LCELL( _EQ020);
  _EQ020 =  _LC4_C17 &  _LC5_A14 &  X0 & !X1;

-- Node name is '|c0_22:1|c7:8|~8~1' = '|c0_22:1|c7:8|C~1' 
-- Equation name is '_LC6_C17', type is buried 
-- synthesized logic cell 
_LC6_C17 = LCELL( _EQ021);
  _EQ021 =  X0 & !X1;

-- Node name is '|c0_22:1|c8:9|:8' = '|c0_22:1|c8:9|C' 
-- Equation name is '_LC8_C17', type is buried 
_LC8_C17 = LCELL( _EQ022);
  _EQ022 = !_LC2_C17 &  _LC4_C17 &  _LC6_C17 & !X4;

-- Node name is '|c0_22:1|c9:10|:8' = '|c0_22:1|c9:10|C' 
-- Equation name is '_LC5_C17', type is buried 
_LC5_C17 = LCELL( _EQ023);
  _EQ023 =  _LC4_C17 &  _LC5_A14 & !X0 & !X1;

-- Node name is '|c0_22:1|c10:11|:9' = '|c0_22:1|c10:11|C' 
-- Equation name is '_LC1_A23', type is buried 
_LC1_A23 = LCELL( _EQ024);
  _EQ024 =  _LC1_B19 &  _LC3_A14 & !X0
         #  _LC1_B19 & !X0 &  X1;

-- Node name is '|c0_22:1|c10:11|~9~1' = '|c0_22:1|c10:11|C~1' 
-- Equation name is '_LC3_A14', type is buried 
-- synthesized logic cell 
_LC3_A14 = LCELL( _EQ025);
  _EQ025 = !X2 &  X3 &  X4;

-- Node name is '|c0_22:1|c11:12|:10' = '|c0_22:1|c11:12|C' 
-- Equation name is '_LC7_C17', type is buried 
_LC7_C17 = LCELL( _EQ026);
  _EQ026 =  _LC2_C17 &  _LC4_A14 &  _LC6_C17
         # !A1 &  _LC4_A14;

-- Node name is '|c0_22:1|c11:12|~10~1' = '|c0_22:1|c11:12|C~1' 
-- Equation name is '_LC2_C17', type is buried 
-- synthesized logic cell 
_LC2_C17 = LCELL( _EQ027);
  _EQ027 =  X2
         #  X3;

-- Node name is '|c0_22:1|c11:12|~10~2' = '|c0_22:1|c11:12|C~2' 
-- Equation name is '_LC4_B13', type is buried 
-- synthesized logic cell 
_LC4_B13 = LCELL( _EQ028);
  _EQ028 =  CO & !X2 & !X3 &  X4;

-- Node name is '|c0_22:1|c12:13|:8' = '|c0_22:1|c12:13|C' 
-- Equation name is '_LC6_A14', type is buried 
_LC6_A14 = LCELL( _EQ029);
  _EQ029 =  A1 & !_LC4_A14 &  _LC5_A14 &  _LC6_C17;

-- Node name is '|c0_22:1|c12:13|~8~1' = '|c0_22:1|c12:13|C~1' 
-- Equation name is '_LC2_A14', type is buried 
-- synthesized logic cell 
_LC2_A14 = LCELL( _EQ030);
  _EQ030 =  A1 & !_LC4_A14 &  _LC5_A14 &  _LC6_C17;

-- Node name is '|c0_22:1|c13:14|:12' = '|c0_22:1|c13:14|C' 
-- Equation name is '_LC8_A14', type is buried 
_LC8_A14 = LCELL( _EQ031);
  _EQ031 =  _LC3_A14 & !_LC4_A14 &  _LC6_C17
         # !A1 & !_LC4_A14;

-- Node name is '|c0_22:1|c14:15|:9' = '|c0_22:1|c14:15|C' 
-- Equation name is '_LC5_A23', type is buried 
_LC5_A23 = LCELL( _EQ032);
  _EQ032 =  _LC1_B19 & !X0 &  X1;

-- Node name is '|c0_22:1|c15:16|:10' = '|c0_22:1|c15:16|C' 
-- Equation name is '_LC1_C1', type is buried 
_LC1_C1  = LCELL( _EQ033);
  _EQ033 = !A1 & !_LC4_A14;

-- Node name is '|c0_22:1|c17:18|:10' = '|c0_22:1|c17:18|C' 
-- Equation name is '_LC4_C17', type is buried 
!_LC4_C17 = _LC4_C17~NOT;
_LC4_C17~NOT = LCELL( _EQ034);
  _EQ034 = !A1
         #  _LC4_A14;

-- Node name is '|c0_22:1|c18:19|:16' = '|c0_22:1|c18:19|C' 
-- Equation name is '_LC2_B16', type is buried 
_LC2_B16 = LCELL( _EQ035);
  _EQ035 =  A1 &  _LC4_A14 &  _LC5_B16
         # !A1 & !_LC4_A14;

-- Node name is '|c0_22:1|c18:19|~16~1' = '|c0_22:1|c18:19|C~1' 
-- Equation name is '_LC1_B16', type is buried 
-- synthesized logic cell 
_LC1_B16 = LCELL( _EQ036);
  _EQ036 =  Q0 &  X5 &  X6
         #  X4 &  X5 &  X6;

-- Node name is '|c0_22:1|c18:19|~16~2' = '|c0_22:1|c18:19|C~2' 
-- Equation name is '_LC2_B13', type is buried 
-- synthesized logic cell 
_LC2_B13 = LCELL( _EQ037);
  _EQ037 =  CO & !X5 &  X6
         #  SI &  X5 & !X6;

-- Node name is '|c0_22:1|c18:19|~16~3' = '|c0_22:1|c18:19|C~3' 
-- Equation name is '_LC4_B16', type is buried 
-- synthesized logic cell 
_LC4_B16 = LCELL( _EQ038);
  _EQ038 =  _LC1_B16
         #  _LC2_B13 & !X4
         # !X3;

-- Node name is '|c0_22:1|c18:19|~16~4' = '|c0_22:1|c18:19|C~4' 
-- Equation name is '_LC5_B16', type is buried 
-- synthesized logic cell 
_LC5_B16 = LCELL( _EQ039);
  _EQ039 =  _LC4_B16 &  _LC6_C17 &  X2;

-- Node name is '|c0_22:1|c19:20|:16' = '|c0_22:1|c19:20|C' 
-- Equation name is '_LC7_B16', type is buried 
_LC7_B16 = LCELL( _EQ040);
  _EQ040 =  _LC1_B19 &  _LC4_B16 &  _LC6_C17 &  X2;

-- Node name is '|c0_22:1|c19:20|~16~1' = '|c0_22:1|c19:20|C~1' 
-- Equation name is '_LC8_B16', type is buried 
-- synthesized logic cell 
_LC8_B16 = LCELL( _EQ041);
  _EQ041 =  _LC1_B19 &  _LC4_B16 &  _LC6_C17 &  X2;

-- Node name is '|c0_22:1|c21:21|:10' = '|c0_22:1|c21:21|C' 
-- Equation name is '_LC7_C1', type is buried 
_LC7_C1  = LCELL( _EQ042);
  _EQ042 = !A1 &  _LC4_A14;



Project Information                          d:\maxplus2\max2lib\lab7\lab7.rpt

** COMPILATION SETTINGS & TIMES **

Processing Menu Commands
------------------------

Design Doctor                             = off

Logic Synthesis:

   Synthesis Type Used                    = Multi-Level

   Default Synthesis Style                = NORMAL

      Logic option settings in 'NORMAL' style for 'FLEX10K' family

      CARRY_CHAIN                         = ignore
      CARRY_CHAIN_LENGTH                  = 32
      CASCADE_CHAIN                       = ignore
      CASCADE_CHAIN_LENGTH                = 2
      DECOMPOSE_GATES                     = on
      DUPLICATE_LOGIC_EXTRACTION          = on
      MINIMIZATION                        = full
      MULTI_LEVEL_FACTORING               = on
      NOT_GATE_PUSH_BACK                  = on
      REDUCE_LOGIC                        = on
      REFACTORIZATION                     = on
      REGISTER_OPTIMIZATION               = on
      RESYNTHESIZE_NETWORK                = on
      SLOW_SLEW_RATE                      = off
      SUBFACTOR_EXTRACTION                = on
      IGNORE_SOFT_BUFFERS                 = on
      USE_LPM_FOR_AHDL_OPERATORS          = off

   Other logic synthesis settings:

      Automatic Global Clock              = on
      Automatic Global Clear              = on
      Automatic Global Preset             = on
      Automatic Global Output Enable      = on
      Automatic Fast I/O                  = off
      Automatic Register Packing          = off
      Automatic Open-Drain Pins           = on
      Automatic Implement in EAB          = off
      Optimize                            = 5

Default Timing Specifications: None

Cut All Bidir Feedback Timing Paths       = on
Cut All Clear & Preset Timing Paths       = on

Ignore Timing Assignments                 = off

Functional SNF Extractor                  = off

Linked SNF Extractor                      = off
Timing SNF Extractor                      = on
Optimize Timing SNF                       = off
Generate AHDL TDO File                    = off
Fitter Settings                           = NORMAL
Use Quartus Fitter                        = on
Smart Recompile                           = off
Total Recompile                           = off

Interfaces Menu Commands
------------------------

EDIF Netlist Writer                       = off
Verilog Netlist Writer                    = off
VHDL Netlist Writer                       = off

Compilation Times
-----------------

   Compiler Netlist Extractor             00:00:01
   Database Builder                       00:00:00
   Logic Synthesizer                      00:00:00
   Partitioner                            00:00:00
   Fitter                                 00:00:00
   Timing SNF Extractor                   00:00:00
   Assembler                              00:00:01
   --------------------------             --------
   Total Time                             00:00:02


Memory Allocated
-----------------

Peak memory allocated during compilation  = 10,288K
