Сборка начата 5/28/2015 2:34:09 PM.
     1>Проект "D:\obuchenie\SysProgLabs\Lab9\Lab7\Lab7.vcxproj" в узле 2 (целевые объекты Rebuild).
     1>_MASM:
         Assembling longop.asm...
         cmd.exe /C "C:\Users\Rus\AppData\Local\Temp\tmpc09e4ff627a2489aa2ef9a298088d4af.cmd"
         ml.exe /c /nologo /Zi /Fo"Debug\longop.obj" /W3 /errorReport:prompt  /Talongop.asm
       _MASM:
         Assembling main9.asm...
         cmd.exe /C "C:\Users\Rus\AppData\Local\Temp\tmpa7ccc2e517624ceeb91a5b65a858b3f3.cmd"
         ml.exe /c /nologo /Zi /Fo"Debug\main9.obj" /W3 /errorReport:prompt  /Tamain9.asm
       _MASM:
         Assembling module.asm...
         cmd.exe /C "C:\Users\Rus\AppData\Local\Temp\tmpcec1119eca17430d9fb57c4c139ca815.cmd"
         ml.exe /c /nologo /Zi /Fo"Debug\module.obj" /W3 /errorReport:prompt  /Tamodule.asm
       Link:
         D:\obuchenie\visStudio\Microsoft Visual Studio 11.0\VC\bin\link.exe /ERRORREPORT:PROMPT /OUT:"D:\obuchenie\SysProgLabs\Lab9\Debug\Lab9.exe" /INCREMENTAL /NOLOGO kernel32.lib user32.lib gdi32.lib winspool.lib comdlg32.lib advapi32.lib shell32.lib ole32.lib oleaut32.lib uuid.lib odbc32.lib odbccp32.lib /MANIFEST /MANIFESTUAC:"level='asInvoker' uiAccess='false'" /manifest:embed /DEBUG /PDB:"D:\obuchenie\SysProgLabs\Lab9\Debug\Lab9.pdb" /SUBSYSTEM:WINDOWS /TLBID:1 /DYNAMICBASE /NXCOMPAT /IMPLIB:"D:\obuchenie\SysProgLabs\Lab9\Debug\Lab9.lib" /MACHINE:X86 Debug\longop.obj
         Debug\main9.obj
         Debug\module.obj
         Lab7.vcxproj -> D:\obuchenie\SysProgLabs\Lab9\Debug\Lab9.exe
     1>Построение проекта "D:\obuchenie\SysProgLabs\Lab9\Lab7\Lab7.vcxproj" завершено (целевые объекты Rebuild).

Сборка успешно завершена.

Затраченное время: 00:00:00.96
