Project Information         c:\temp\pma_schemlab6\schems\pma_schem6\symbol.rpt

MAX+plus II Compiler Report File
Version 10.1 06/12/2001
Compiled: 12/15/2009 12:04:42

Copyright (C) 1988-2001 Altera Corporation
Any megafunction design, and related net list (encrypted or decrypted),
support information, device programming or simulation file, and any other
associated documentation or information provided by Altera or a partner
under Altera's Megafunction Partnership Program may be used only to
program PLD devices (but not masked PLD devices) from Altera.  Any other
use of such megafunction design, net list, support information, device
programming or simulation file, or any other related documentation or
information is prohibited for any other purpose, including, but not
limited to modification, reverse engineering, de-compiling, or use with
any other silicon devices, unless such use is explicitly licensed under
a separate agreement with Altera or a megafunction partner.  Title to
the intellectual property, including patents, copyrights, trademarks,
trade secrets, or maskworks, embodied in any such megafunction design,
net list, support information, device programming or simulation file, or
any other related documentation or information provided by Altera or a
megafunction partner, remains with Altera, the megafunction partner, or
their respective licensors.  No other licenses, including any licenses
needed under any third party's intellectual property, are provided herein.



***** Project compilation was successful




** DEVICE SUMMARY **

Chip/                     Input   Output   Bidir         Shareable
POF       Device          Pins    Pins     Pins     LCs  Expanders  % Utilized

symbol    EPM9320LC84-15   12       2        0      28      8           8  %

User Pins:                 12       2        0  



Project Information         c:\temp\pma_schemlab6\schems\pma_schem6\symbol.rpt

** PROJECT COMPILATION MESSAGES **

Warning: Ignored unnecessary INPUT pin 'ED'
Warning: Ignored unnecessary INPUT pin 'EQ'


Project Information         c:\temp\pma_schemlab6\schems\pma_schem6\symbol.rpt

** FILE HIERARCHY **



|fm_trigger:10|
|fm_trigger:227|
|fm_trigger:226|
|fm_trigger:225|
|fm_trigger:224|
|fm_trigger:223|
|fm_trigger:222|
|fm_trigger:221|
|fm_trigger:220|
|fm_trigger:219|
|fm_trigger:218|
|fm_trigger:217|
|output0xxx:198|
|output0xxx:198|out_not_out:40|
|output0xxx:198|out_not_out:39|
|output0xxx:198|out_not_out:38|
|output0xxx:198|out_not_out:37|
|output0xxx:201|
|output0xxx:201|out_not_out:40|
|output0xxx:201|out_not_out:39|
|output0xxx:201|out_not_out:38|
|output0xxx:201|out_not_out:37|
|output1xxx:199|
|output1xxx:199|out_not_out:2|
|output1xxx:199|out_not_out:3|
|output1xxx:199|out_not_out:4|
|output1xxx:199|out_not_out:5|
|output1xxx:200|
|output1xxx:200|out_not_out:2|
|output1xxx:200|out_not_out:3|
|output1xxx:200|out_not_out:4|
|output1xxx:200|out_not_out:5|
|bit0000:204|
|bit0000:204|and5:18|
|bit0000:204|out_not_out:20|
|bit0000:204|out_not_out:23|
|bit0000:204|out_not_out:22|
|bit0000:204|out_not_out:21|
|bit0000:205|
|bit0000:205|and5:18|
|bit0000:205|out_not_out:20|
|bit0000:205|out_not_out:23|
|bit0000:205|out_not_out:22|
|bit0000:205|out_not_out:21|
|bit0001:215|
|bit0001:215|and5:18|
|bit0001:215|out_not_out:20|
|bit0001:215|out_not_out:23|
|bit0001:215|out_not_out:22|
|bit0001:215|out_not_out:21|
|bit0001:216|
|bit0001:216|and5:18|
|bit0001:216|out_not_out:20|
|bit0001:216|out_not_out:23|
|bit0001:216|out_not_out:22|
|bit0001:216|out_not_out:21|
|bit0010:228|
|bit0010:228|and5:18|
|bit0010:228|out_not_out:20|
|bit0010:228|out_not_out:23|
|bit0010:228|out_not_out:22|
|bit0010:228|out_not_out:21|
|bit0010:229|
|bit0010:229|and5:18|
|bit0010:229|out_not_out:20|
|bit0010:229|out_not_out:23|
|bit0010:229|out_not_out:22|
|bit0010:229|out_not_out:21|
|bit0011:233|
|bit0011:233|and5:18|
|bit0011:233|out_not_out:20|
|bit0011:233|out_not_out:23|
|bit0011:233|out_not_out:22|
|bit0011:233|out_not_out:21|
|bit0011:234|
|bit0011:234|and5:18|
|bit0011:234|out_not_out:20|
|bit0011:234|out_not_out:23|
|bit0011:234|out_not_out:22|
|bit0011:234|out_not_out:21|
|bit0100:235|
|bit0100:235|and5:18|
|bit0100:235|out_not_out:20|
|bit0100:235|out_not_out:23|
|bit0100:235|out_not_out:22|
|bit0100:235|out_not_out:21|
|bit0100:236|
|bit0100:236|and5:18|
|bit0100:236|out_not_out:20|
|bit0100:236|out_not_out:23|
|bit0100:236|out_not_out:22|
|bit0100:236|out_not_out:21|
|bit0101:237|
|bit0101:237|and5:18|
|bit0101:237|out_not_out:20|
|bit0101:237|out_not_out:23|
|bit0101:237|out_not_out:22|
|bit0101:237|out_not_out:21|
|bit0101:238|
|bit0101:238|and5:18|
|bit0101:238|out_not_out:20|
|bit0101:238|out_not_out:23|
|bit0101:238|out_not_out:22|
|bit0101:238|out_not_out:21|
|bit0110:239|
|bit0110:239|and5:18|
|bit0110:239|out_not_out:20|
|bit0110:239|out_not_out:23|
|bit0110:239|out_not_out:22|
|bit0110:239|out_not_out:21|
|bit0110:240|
|bit0110:240|and5:18|
|bit0110:240|out_not_out:20|
|bit0110:240|out_not_out:23|
|bit0110:240|out_not_out:22|
|bit0110:240|out_not_out:21|
|bit0111:241|
|bit0111:241|and5:18|
|bit0111:241|out_not_out:20|
|bit0111:241|out_not_out:23|
|bit0111:241|out_not_out:22|
|bit0111:241|out_not_out:21|
|bit0111:243|
|bit0111:243|and5:18|
|bit0111:243|out_not_out:20|
|bit0111:243|out_not_out:23|
|bit0111:243|out_not_out:22|
|bit0111:243|out_not_out:21|
|bit1000:244|
|bit1000:244|and5:18|
|bit1000:244|out_not_out:20|
|bit1000:244|out_not_out:23|
|bit1000:244|out_not_out:22|
|bit1000:244|out_not_out:21|
|bit1000:245|
|bit1000:245|and5:18|
|bit1000:245|out_not_out:20|
|bit1000:245|out_not_out:23|
|bit1000:245|out_not_out:22|
|bit1000:245|out_not_out:21|
|bit1001:246|
|bit1001:246|and5:18|
|bit1001:246|out_not_out:20|
|bit1001:246|out_not_out:23|
|bit1001:246|out_not_out:22|
|bit1001:246|out_not_out:21|
|bit1001:247|
|bit1001:247|and5:18|
|bit1001:247|out_not_out:20|
|bit1001:247|out_not_out:23|
|bit1001:247|out_not_out:22|
|bit1001:247|out_not_out:21|
|bit1010:248|
|bit1010:248|and5:18|
|bit1010:248|out_not_out:20|
|bit1010:248|out_not_out:23|
|bit1010:248|out_not_out:22|
|bit1010:248|out_not_out:21|
|bit1010:249|
|bit1010:249|and5:18|
|bit1010:249|out_not_out:20|
|bit1010:249|out_not_out:23|
|bit1010:249|out_not_out:22|
|bit1010:249|out_not_out:21|
|bit1011:250|
|bit1011:250|and5:18|
|bit1011:250|out_not_out:20|
|bit1011:250|out_not_out:23|
|bit1011:250|out_not_out:22|
|bit1011:250|out_not_out:21|
|bit1011:251|
|bit1011:251|and5:18|
|bit1011:251|out_not_out:20|
|bit1011:251|out_not_out:23|
|bit1011:251|out_not_out:22|
|bit1011:251|out_not_out:21|


Device-Specific Information:c:\temp\pma_schemlab6\schems\pma_schem6\symbol.rpt
symbol

***** Logic for device 'symbol' compiled without errors.




Device: EPM9320LC84-15

Device Options:
    Turbo Bit                                    = ON
    Security Bit                                 = OFF
    User Code                                  = ffff
    MultiVolt I/O                              = OFF

                       R  R     R  R  R  R        R  R  R  R     R  R  R  R  
                       E  E     E  E  E  E        E  E  E  E     E  E  E  E  
                       S  S     S  S  S  S        S  S  S  S     S  S  S  S  
                       E  E     E  E  E  E        E  E  E  E  V  E  E  E  E  
                       R  R     R  R  R  R        R  R  R  R  C  R  R  R  R  
              D  D  D  V  V  G  V  V  V  V     Q  V  V  V  V  C  V  V  V  V  
              a  a  i  E  E  N  E  E  E  E  W  a  E  E  E  E  I  E  E  E  E  
              1  3  n  D  D  D  D  D  D  D  D  3  D  D  D  D  O  D  D  D  D  
            -----------------------------------------------------------------_ 
          /  11 10  9  8  7  6  5  4  3  2  1 84 83 82 81 80 79 78 77 76 75   | 
     Qa0 | 12                                                              74 | RESERVED 
     Da0 | 13                                                              73 | RESERVED 
  VCCINT | 14                                                              72 | Qa2 
   VCCIO | 15                                                              71 | VCCINT 
RESERVED | 16                                                              70 | GND 
RESERVED | 17                                                              69 | RESERVED 
     GND | 18                                                              68 | RESERVED 
RESERVED | 19                                                              67 | GND 
RESERVED | 20                                                              66 | RESERVED 
  VCCINT | 21                                                              65 | RESERVED 
    Qout | 22                        EPM9320LC84-15                        64 | VCCINT 
    Dout | 23                                                              63 | RESERVED 
     GND | 24                                                              62 | RESERVED 
     GND | 25                                                              61 | GND 
RESERVED | 26                                                              60 | VCCIO 
RESERVED | 27                                                              59 | RESERVED 
  VCCINT | 28                                                              58 | RESERVED 
    N.C. | 29                                                              57 | VCCINT 
    #TDO | 30                                                              56 | ^VPP 
     Qa1 | 31                                                              55 | #TMS 
      WQ | 32                                                              54 | RESERVED 
         |_  33 34 35 36 37 38 39 40 41 42 43 44 45 46 47 48 49 50 51 52 53  _| 
           ------------------------------------------------------------------ 
              D  Q  R  R  V  R  R  R  R  #  #  R  R  R  R  G  R  R  R  R  R  
              a  i  E  E  C  E  E  E  E  T  T  E  E  E  E  N  E  E  E  E  E  
              2  n  S  S  C  S  S  S  S  D  C  S  S  S  S  D  S  S  S  S  S  
                    E  E  I  E  E  E  E  I  K  E  E  E  E     E  E  E  E  E  
                    R  R  O  R  R  R  R        R  R  R  R     R  R  R  R  R  
                    V  V     V  V  V  V        V  V  V  V     V  V  V  V  V  
                    E  E     E  E  E  E        E  E  E  E     E  E  E  E  E  
                    D  D     D  D  D  D        D  D  D  D     D  D  D  D  D  


N.C. = No Connect. This pin has no internal connection to the device.
VCCINT = Dedicated power pin, which MUST be connected to VCC (5.0 volts).
VCCIO = Dedicated power pin, which MUST be connected to VCC (5.0 volts).
GND = Dedicated ground pin or unused dedicated input, which MUST be connected to GND.
RESERVED = Unused I/O pin, which MUST be left unconnected.

# = JTAG Boundary-Scan Testing/In-System Programming or Configuration Pin. The JTAG inputs TMS and TDI should be tied to VCC and TCK should be tied to GND when not in use.
& = JTAG pin used for I/O. When used as user I/O, JTAG pins must be kept stable before and during configuration.  JTAG pin stability prevents accidental loading of JTAG instructions.


Device-Specific Information:c:\temp\pma_schemlab6\schems\pma_schem6\symbol.rpt
symbol

** RESOURCE USAGE **

Logic                Column       Row                                   
Array                Interconnect Interconnect         Clears/     External    Shareable
Block   Logic Cells  Driven       Driven       Clocks  Presets   Interconnect  Expanders
B2      13/16( 81%)   0/16(  0%)   2/16( 12%)    0/2    0/2      21/33( 63%)    8/16( 50%)  
C1      12/16( 75%)   6/16( 37%)   0/16(  0%)    0/2    0/2      12/33( 36%)    0/16(  0%)  
C4       1/16(  6%)   1/16(  6%)   0/16(  0%)    0/2    0/2      10/33( 30%)    0/16(  0%)  
D3       2/16( 12%)   2/16( 12%)   0/16(  0%)    0/2    0/2      10/33( 30%)    0/16(  0%)  


Total dedicated input pins used:                 4/4      (100%)
Total I/O pins used:                            10/56     ( 17%)
Total logic cells used:                         28/320    (  8%)
Total shareable expanders used:                  5/320    (  1%)
Total Turbo logic cells used:                   28/320    (  8%)
Total shareable expanders not available (n/a):   3/320    (  0%)
Average fan-in:                                  11.35
Total fan-in:                                   318

Total input pins required:                      12
Total input I/O cell registers required:         0
Total output pins required:                      2
Total output I/O cell registers required:        0
Total buried I/O cell registers required:        0
Total bidirectional pins required:               0
Total logic cells required:                     28
Total flipflops required:                       12
Total product terms required:                   83
Total logic cells lending parallel expanders:    0
Total shareable expanders in database:           5
Total packed registers required:                 0

Synthesized logic cells:                         2/ 320   (  0%)

Logic Cell Counts

Column:  01  02  03  04  05  Total
 A:      0   0   0   0   0      0
 B:      0  13   0   0   0     13
 C:     12   0   0   1   0     13
 D:      0   0   2   0   0      2

Total:  12  13   2   1   0     28



Device-Specific Information:c:\temp\pma_schemlab6\schems\pma_schem6\symbol.rpt
symbol

** INPUTS **

                                               Shareable
                                               Expanders     Fan-In    Fan-Out
 Pin     LC   Row  Col  Primitive    Code   Total Shared n/a INP  FBK  OUT  FBK  Name
  13      -    -    --      INPUT               0      0   0    0    0    0   26  Da0
  11      -    -    01      INPUT               0      0   0    0    0    0   26  Da1
  33      -    -    01      INPUT               0      0   0    0    0    0   26  Da2
  10      -    -    01      INPUT               0      0   0    0    0    0   26  Da3
   9      -    -    01      INPUT               0      0   0    0    0    0   12  Din
  12      -    -    01      INPUT               0      0   0    0    0    0   26  Qa0
  31      -    -    01      INPUT               0      0   0    0    0    0   26  Qa1
  72      -    -    --      INPUT               0      0   0    0    0    0   26  Qa2
  84      -    -    --      INPUT               0      0   0    0    0    0   26  Qa3
  34      -    -    01      INPUT               0      0   0    0    0    0   12  Qin
   1      -    -    --      INPUT               0      0   0    0    0    0   24  WD
  32      -    -    01      INPUT               0      0   0    0    0    0   24  WQ


Code:

s = Synthesized pin or logic cell
t = Turbo logic cell
+ = Synchronous flipflop
/ = Slow slew-rate output
! = NOT gate push-back
r = Fitter-inserted logic cell


Device-Specific Information:c:\temp\pma_schemlab6\schems\pma_schem6\symbol.rpt
symbol

** OUTPUTS **

                                               Shareable
                                               Expanders     Fan-In    Fan-Out
 Pin     LC   Row  Col  Primitive    Code   Total Shared n/a INP  FBK  OUT  FBK  Name
  23      -    B    --     OUTPUT               0      0   0    0    1    0    0  Dout
  22      -    B    --     OUTPUT               0      0   0    0    1    0    0  Qout


Code:

s = Synthesized pin or logic cell
t = Turbo logic cell
+ = Synchronous flipflop
/ = Slow slew-rate output
! = NOT gate push-back
r = Fitter-inserted logic cell


Device-Specific Information:c:\temp\pma_schemlab6\schems\pma_schem6\symbol.rpt
symbol

** BURIED LOGIC **

                                               Shareable
                                               Expanders     Fan-In    Fan-Out
 IOC     LC   Row  Col  Primitive    Code   Total Shared n/a INP  FBK  OUT  FBK Name
   -      3    D    03        OR2      t        0      0   0   10    0    0    1  |fm_trigger:10|:6
   -      7    B    02       DFFE      t        0      0   0   12    1    0    2  |fm_trigger:10|Q (|fm_trigger:10|:9)
   -      9    C    01        OR2      t        0      0   0   10    0    0    1  |fm_trigger:217|:6
   -      6    C    01       DFFE      t        0      0   0   12    1    0    2  |fm_trigger:217|Q (|fm_trigger:217|:9)
   -     11    C    01        OR2      t        0      0   0   10    0    0    1  |fm_trigger:218|:6
   -      2    C    01       DFFE      t        0      0   0   12    1    0    2  |fm_trigger:218|Q (|fm_trigger:218|:9)
   -      8    C    01        OR2      t        0      0   0   10    0    0    1  |fm_trigger:219|:6
   -      1    C    01       DFFE      t        0      0   0   12    1    0    2  |fm_trigger:219|Q (|fm_trigger:219|:9)
   -      3    B    02        OR2      t        0      0   0   10    0    0    1  |fm_trigger:220|:6
   -      4    B    02       DFFE      t        0      0   0   12    1    0    2  |fm_trigger:220|Q (|fm_trigger:220|:9)
   -      5    B    02        OR2      t        0      0   0   10    0    0    1  |fm_trigger:221|:6
   -      6    B    02       DFFE      t        0      0   0   12    1    0    2  |fm_trigger:221|Q (|fm_trigger:221|:9)
   -      1    D    03        OR2      t        0      0   0   10    0    0    1  |fm_trigger:222|:6
   -      8    B    02       DFFE      t        0      0   0   12    1    0    2  |fm_trigger:222|Q (|fm_trigger:222|:9)
   -     13    B    02        OR2      t        0      0   0   10    0    0    1  |fm_trigger:223|:6
   -     10    B    02       DFFE      t        0      0   0   12    1    0    2  |fm_trigger:223|Q (|fm_trigger:223|:9)
   -      1    C    04        OR2      t        0      0   0   10    0    0    1  |fm_trigger:224|:6
   -     12    B    02       DFFE      t        0      0   0   12    1    0    2  |fm_trigger:224|Q (|fm_trigger:224|:9)
   -     10    C    01        OR2      t        0      0   0   10    0    0    1  |fm_trigger:225|:6
   -      3    C    01       DFFE      t        0      0   0   12    1    0    2  |fm_trigger:225|Q (|fm_trigger:225|:9)
   -      7    C    01        OR2      t        0      0   0   10    0    0    1  |fm_trigger:226|:6
   -      5    C    01       DFFE      t        0      0   0   12    1    0    2  |fm_trigger:226|Q (|fm_trigger:226|:9)
   -     12    C    01        OR2      t        0      0   0   10    0    0    1  |fm_trigger:227|:6
   -      4    C    01       DFFE      t        0      0   0   12    1    0    2  |fm_trigger:227|Q (|fm_trigger:227|:9)
   -      2    B    02        OR2    s t        2      0   1    4    8    0    1  |output0xxx:198|~6~1~3~2
   -     11    B    02       AND2      t        1      0   1    4    5    1    0  |output0xxx:198|~6~1~3
   -      1    B    02        OR2    s t        1      0   1    4    6    0    1  |output0xxx:201|~6~1~3~2
   -      9    B    02       AND2      t        4      0   0    4    7    1    0  |output0xxx:201|~6~1~3


Code:

s = Synthesized pin or logic cell
t = Turbo logic cell
+ = Synchronous flipflop
/ = Slow slew-rate output
! = NOT gate push-back
r = Fitter-inserted logic cell
p = Packed register


Device-Specific Information:c:\temp\pma_schemlab6\schems\pma_schem6\symbol.rpt
symbol

** FASTTRACK INTERCONNECT UTILIZATION **

Row FastTrack Interconnect:

         FastTrack                                 
Row     Interconnect    Input Pins     Output Pins     Bidir Pins
A:       0/ 96(  0%)    0/16(  0%)      0/16(  0%)     0/16(  0%)
B:      23/ 96( 23%)    0/16(  0%)      2/16( 12%)     0/16(  0%)
C:      12/ 96( 12%)    0/16(  0%)      0/16(  0%)     0/16(  0%)
D:      10/ 96( 10%)    0/16(  0%)      0/16(  0%)     0/16(  0%)


Column FastTrack Interconnect:

         FastTrack                                 
Column  Interconnect    Input Pins     Output Pins     Bidir Pins
01:     14/48( 29%)     8/20( 40%)      0/20(  0%)       0/20(  0%)
02:      0/48(  0%)     0/20(  0%)      0/20(  0%)       0/20(  0%)
03:      2/48(  4%)     0/20(  0%)      0/20(  0%)       0/20(  0%)
04:      1/48(  2%)     0/20(  0%)      0/20(  0%)       0/20(  0%)
05:      0/48(  0%)     0/20(  0%)      0/20(  0%)       0/20(  0%)


Device-Specific Information:c:\temp\pma_schemlab6\schems\pma_schem6\symbol.rpt
symbol

** EQUATIONS **

Da0      : INPUT;
Da1      : INPUT;
Da2      : INPUT;
Da3      : INPUT;
Din      : INPUT;
Qa0      : INPUT;
Qa1      : INPUT;
Qa2      : INPUT;
Qa3      : INPUT;
Qin      : INPUT;
WD       : INPUT;
WQ       : INPUT;

-- Node name is 'Dout' 
-- Equation name is 'Dout', type is output 
Dout     =  _LC9_B2;

-- Node name is 'Qout' 
-- Equation name is 'Qout', type is output 
Qout     =  _LC11_B2;

-- Node name is '|fm_trigger:10|:9' = '|fm_trigger:10|Q' 
-- Equation name is '_LC7_B2', type is buried 
_LC7_B2  = DFFE( _EQ001 $  GND,  _LC3_D3,  VCC,  VCC,  VCC);
  _EQ001 = !Qa0 & !Qa1 & !Qa2 & !Qa3 &  Qin &  WQ
         # !Da0 & !Da1 & !Da2 & !Da3 &  Din &  WD;

-- Node name is '|fm_trigger:10|:6' 
-- Equation name is '_LC3_D3', type is buried 
_LC3_D3  = LCELL( _EQ002 $  GND);
  _EQ002 = !Qa0 & !Qa1 & !Qa2 & !Qa3 &  WQ
         # !Da0 & !Da1 & !Da2 & !Da3 &  WD;

-- Node name is '|fm_trigger:217|:9' = '|fm_trigger:217|Q' 
-- Equation name is '_LC6_C1', type is buried 
_LC6_C1  = DFFE( _EQ003 $  GND,  _LC9_C1,  VCC,  VCC,  VCC);
  _EQ003 =  Qa0 & !Qa1 & !Qa2 & !Qa3 &  Qin &  WQ
         #  Da0 & !Da1 & !Da2 & !Da3 &  Din &  WD;

-- Node name is '|fm_trigger:217|:6' 
-- Equation name is '_LC9_C1', type is buried 
_LC9_C1  = LCELL( _EQ004 $  GND);
  _EQ004 =  Qa0 & !Qa1 & !Qa2 & !Qa3 &  WQ
         #  Da0 & !Da1 & !Da2 & !Da3 &  WD;

-- Node name is '|fm_trigger:218|:9' = '|fm_trigger:218|Q' 
-- Equation name is '_LC2_C1', type is buried 
_LC2_C1  = DFFE( _EQ005 $  GND,  _LC11_C1,  VCC,  VCC,  VCC);
  _EQ005 = !Qa0 &  Qa1 & !Qa2 & !Qa3 &  Qin &  WQ
         # !Da0 &  Da1 & !Da2 & !Da3 &  Din &  WD;

-- Node name is '|fm_trigger:218|:6' 
-- Equation name is '_LC11_C1', type is buried 
_LC11_C1 = LCELL( _EQ006 $  GND);
  _EQ006 = !Qa0 &  Qa1 & !Qa2 & !Qa3 &  WQ
         # !Da0 &  Da1 & !Da2 & !Da3 &  WD;

-- Node name is '|fm_trigger:219|:9' = '|fm_trigger:219|Q' 
-- Equation name is '_LC1_C1', type is buried 
_LC1_C1  = DFFE( _EQ007 $  GND,  _LC8_C1,  VCC,  VCC,  VCC);
  _EQ007 =  Qa0 &  Qa1 & !Qa2 & !Qa3 &  Qin &  WQ
         #  Da0 &  Da1 & !Da2 & !Da3 &  Din &  WD;

-- Node name is '|fm_trigger:219|:6' 
-- Equation name is '_LC8_C1', type is buried 
_LC8_C1  = LCELL( _EQ008 $  GND);
  _EQ008 =  Qa0 &  Qa1 & !Qa2 & !Qa3 &  WQ
         #  Da0 &  Da1 & !Da2 & !Da3 &  WD;

-- Node name is '|fm_trigger:220|:9' = '|fm_trigger:220|Q' 
-- Equation name is '_LC4_B2', type is buried 
_LC4_B2  = DFFE( _EQ009 $  GND,  _LC3_B2,  VCC,  VCC,  VCC);
  _EQ009 = !Qa0 & !Qa1 &  Qa2 & !Qa3 &  Qin &  WQ
         # !Da0 & !Da1 &  Da2 & !Da3 &  Din &  WD;

-- Node name is '|fm_trigger:220|:6' 
-- Equation name is '_LC3_B2', type is buried 
_LC3_B2  = LCELL( _EQ010 $  GND);
  _EQ010 = !Qa0 & !Qa1 &  Qa2 & !Qa3 &  WQ
         # !Da0 & !Da1 &  Da2 & !Da3 &  WD;

-- Node name is '|fm_trigger:221|:9' = '|fm_trigger:221|Q' 
-- Equation name is '_LC6_B2', type is buried 
_LC6_B2  = DFFE( _EQ011 $  GND,  _LC5_B2,  VCC,  VCC,  VCC);
  _EQ011 = !Qa0 & !Qa1 & !Qa2 &  Qa3 &  Qin &  WQ
         # !Da0 & !Da1 & !Da2 &  Da3 &  Din &  WD;

-- Node name is '|fm_trigger:221|:6' 
-- Equation name is '_LC5_B2', type is buried 
_LC5_B2  = LCELL( _EQ012 $  GND);
  _EQ012 = !Qa0 & !Qa1 & !Qa2 &  Qa3 &  WQ
         # !Da0 & !Da1 & !Da2 &  Da3 &  WD;

-- Node name is '|fm_trigger:222|:9' = '|fm_trigger:222|Q' 
-- Equation name is '_LC8_B2', type is buried 
_LC8_B2  = DFFE( _EQ013 $  GND,  _LC1_D3,  VCC,  VCC,  VCC);
  _EQ013 =  Qa0 & !Qa1 &  Qa2 & !Qa3 &  Qin &  WQ
         #  Da0 & !Da1 &  Da2 & !Da3 &  Din &  WD;

-- Node name is '|fm_trigger:222|:6' 
-- Equation name is '_LC1_D3', type is buried 
_LC1_D3  = LCELL( _EQ014 $  GND);
  _EQ014 =  Qa0 & !Qa1 &  Qa2 & !Qa3 &  WQ
         #  Da0 & !Da1 &  Da2 & !Da3 &  WD;

-- Node name is '|fm_trigger:223|:9' = '|fm_trigger:223|Q' 
-- Equation name is '_LC10_B2', type is buried 
_LC10_B2 = DFFE( _EQ015 $  GND,  _LC13_B2,  VCC,  VCC,  VCC);
  _EQ015 =  Qa0 & !Qa1 & !Qa2 &  Qa3 &  Qin &  WQ
         #  Da0 & !Da1 & !Da2 &  Da3 &  Din &  WD;

-- Node name is '|fm_trigger:223|:6' 
-- Equation name is '_LC13_B2', type is buried 
_LC13_B2 = LCELL( _EQ016 $  GND);
  _EQ016 =  Qa0 & !Qa1 & !Qa2 &  Qa3 &  WQ
         #  Da0 & !Da1 & !Da2 &  Da3 &  WD;

-- Node name is '|fm_trigger:224|:9' = '|fm_trigger:224|Q' 
-- Equation name is '_LC12_B2', type is buried 
_LC12_B2 = DFFE( _EQ017 $  GND,  _LC1_C4,  VCC,  VCC,  VCC);
  _EQ017 = !Qa0 &  Qa1 &  Qa2 & !Qa3 &  Qin &  WQ
         # !Da0 &  Da1 &  Da2 & !Da3 &  Din &  WD;

-- Node name is '|fm_trigger:224|:6' 
-- Equation name is '_LC1_C4', type is buried 
_LC1_C4  = LCELL( _EQ018 $  GND);
  _EQ018 = !Qa0 &  Qa1 &  Qa2 & !Qa3 &  WQ
         # !Da0 &  Da1 &  Da2 & !Da3 &  WD;

-- Node name is '|fm_trigger:225|:9' = '|fm_trigger:225|Q' 
-- Equation name is '_LC3_C1', type is buried 
_LC3_C1  = DFFE( _EQ019 $  GND,  _LC10_C1,  VCC,  VCC,  VCC);
  _EQ019 = !Qa0 &  Qa1 & !Qa2 &  Qa3 &  Qin &  WQ
         # !Da0 &  Da1 & !Da2 &  Da3 &  Din &  WD;

-- Node name is '|fm_trigger:225|:6' 
-- Equation name is '_LC10_C1', type is buried 
_LC10_C1 = LCELL( _EQ020 $  GND);
  _EQ020 = !Qa0 &  Qa1 & !Qa2 &  Qa3 &  WQ
         # !Da0 &  Da1 & !Da2 &  Da3 &  WD;

-- Node name is '|fm_trigger:226|:9' = '|fm_trigger:226|Q' 
-- Equation name is '_LC5_C1', type is buried 
_LC5_C1  = DFFE( _EQ021 $  GND,  _LC7_C1,  VCC,  VCC,  VCC);
  _EQ021 =  Qa0 &  Qa1 &  Qa2 & !Qa3 &  Qin &  WQ
         #  Da0 &  Da1 &  Da2 & !Da3 &  Din &  WD;

-- Node name is '|fm_trigger:226|:6' 
-- Equation name is '_LC7_C1', type is buried 
_LC7_C1  = LCELL( _EQ022 $  GND);
  _EQ022 =  Qa0 &  Qa1 &  Qa2 & !Qa3 &  WQ
         #  Da0 &  Da1 &  Da2 & !Da3 &  WD;

-- Node name is '|fm_trigger:227|:9' = '|fm_trigger:227|Q' 
-- Equation name is '_LC4_C1', type is buried 
_LC4_C1  = DFFE( _EQ023 $  GND,  _LC12_C1,  VCC,  VCC,  VCC);
  _EQ023 =  Qa0 &  Qa1 & !Qa2 &  Qa3 &  Qin &  WQ
         #  Da0 &  Da1 & !Da2 &  Da3 &  Din &  WD;

-- Node name is '|fm_trigger:227|:6' 
-- Equation name is '_LC12_C1', type is buried 
_LC12_C1 = LCELL( _EQ024 $  GND);
  _EQ024 =  Qa0 &  Qa1 & !Qa2 &  Qa3 &  WQ
         #  Da0 &  Da1 & !Da2 &  Da3 &  WD;

-- Node name is '|output0xxx:198|~6~1~3~2' 
-- Equation name is '_LC2_B2', type is buried 
-- synthesized logic cell 
_LC2_B2  = LCELL( _EQ025 $  GND);
  _EQ025 =  _LC6_C1 &  Qa0 & !Qa1 & !Qa2 & !Qa3
         #  _LC7_B2 & !Qa0 & !Qa1 & !Qa2 & !Qa3
         #  _LC1_C1 &  Qa0 &  Qa1 & !Qa2 & !Qa3
         #  _LC2_C1 & !Qa0 &  Qa1 & !Qa2 & !Qa3
         #  Qa0 &  Qa1 &  Qa3 &  _X001;
  _X001  = EXP(!_LC3_C1 & !_LC4_C1 & !_LC6_B2 & !_LC10_B2);

-- Node name is '|output0xxx:198|~6~1~3' 
-- Equation name is '_LC11_B2', type is buried 
_LC11_B2 = LCELL( _EQ026 $  _EQ027);
  _EQ026 =  _LC4_B2 & !Qa0 & !Qa1 &  Qa2 & !Qa3
         #  _LC5_C1 &  Qa0 &  Qa1 &  Qa2 & !Qa3
         #  _LC12_B2 & !Qa0 &  Qa1 &  Qa2 & !Qa3
         #  _LC2_B2;
  _EQ027 =  _LC8_B2 &  Qa0 & !Qa1 &  Qa2 & !Qa3;

-- Node name is '|output0xxx:201|~6~1~3~2' 
-- Equation name is '_LC1_B2', type is buried 
-- synthesized logic cell 
_LC1_B2  = LCELL( _EQ028 $  GND);
  _EQ028 = !Da0 &  Da3
         #  Da3 & !_LC3_C1 & !_LC4_C1 & !_LC6_B2 & !_LC10_B2
         # !Da1 &  Da3
         # !Da0 &  Da1 & !Da2 & !_LC2_C1
         # !Da0 & !Da1 & !Da2 & !_LC7_B2;

-- Node name is '|output0xxx:201|~6~1~3' 
-- Equation name is '_LC9_B2', type is buried 
_LC9_B2  = LCELL( _EQ029 $  _EQ030);
  _EQ029 =  Da0 &  Da1 & !Da2 & !Da3 & !_LC1_C1
         #  Da0 &  Da1 &  Da2 & !Da3 & !_LC5_C1;
  _EQ030 = !_LC1_B2 &  _X002 &  _X003 &  _X004 &  _X005;
  _X002  = EXP(!Da0 &  Da1 &  Da2 & !_LC12_B2);
  _X003  = EXP( Da0 & !Da1 & !Da2 & !_LC6_C1);
  _X004  = EXP(!Da0 & !Da1 &  Da2 & !_LC4_B2);
  _X005  = EXP( Da0 & !Da1 &  Da2 & !_LC8_B2);



Project Information         c:\temp\pma_schemlab6\schems\pma_schem6\symbol.rpt

** COMPILATION SETTINGS & TIMES **

Processing Menu Commands
------------------------

Design Doctor                             = off

Logic Synthesis:

   Synthesis Type Used                    = Multi-Level

   Default Synthesis Style                = NORMAL

      Logic option settings in 'NORMAL' style for 'MAX9000' family

      DECOMPOSE_GATES                     = on
      DUPLICATE_LOGIC_EXTRACTION          = on
      MINIMIZATION                        = full
      MULTI_LEVEL_FACTORING               = on
      NOT_GATE_PUSH_BACK                  = on
      PARALLEL_EXPANDERS                  = off
      REDUCE_LOGIC                        = on
      REFACTORIZATION                     = on
      REGISTER_OPTIMIZATION               = on
      RESYNTHESIZE_NETWORK                = on
      SLOW_SLEW_RATE                      = off
      SOFT_BUFFER_INSERTION               = on
      SUBFACTOR_EXTRACTION                = on
      TURBO_BIT                           = on
      XOR_SYNTHESIS                       = on
      IGNORE_SOFT_BUFFERS                 = off
      USE_LPM_FOR_AHDL_OPERATORS          = off

   Other logic synthesis settings:

      Automatic Global Clock              = on
      Automatic Global Clear              = on
      Automatic Global Preset             = on
      Automatic Global Output Enable      = on
      Automatic Fast I/O                  = off
      Automatic Register Packing          = off
      Automatic Open-Drain Pins           = on
      Automatic Implement in EAB          = off
      One-Hot State Machine Encoding      = off
      Optimize                            = 5

Default Timing Specifications: None

Cut All Bidir Feedback Timing Paths       = on
Cut All Clear & Preset Timing Paths       = on

Ignore Timing Assignments                 = off

Functional SNF Extractor                  = off

Linked SNF Extractor                      = off
Timing SNF Extractor                      = on
Optimize Timing SNF                       = off
Generate AHDL TDO File                    = off
Fitter Settings                           = NORMAL
Smart Recompile                           = off
Total Recompile                           = off

Interfaces Menu Commands
------------------------

EDIF Netlist Writer                       = off
Verilog Netlist Writer                    = off
VHDL Netlist Writer                       = off

Compilation Times
-----------------

   Compiler Netlist Extractor             00:00:00
   Database Builder                       00:00:00
   Logic Synthesizer                      00:00:00
   Partitioner                            00:00:00
   Fitter                                 00:00:00
   Timing SNF Extractor                   00:00:00
   Assembler                              00:00:03
   --------------------------             --------
   Total Time                             00:00:03


Memory Allocated
-----------------

Peak memory allocated during compilation  = 11,808K
