Build started 05.11.2014 23:03:50.
     1>Project "c:\Users\Vova\documents\visual studio 2010\Projects\lab7\lab7\lab7.vcxproj" on node 2 (build target(s)).
     1>InitializeBuildStatus:
         Touching "Debug\lab7.unsuccessfulbuild".
       ClCompile:
         All outputs are up-to-date.
         C:\Program Files (x86)\Microsoft Visual Studio 10.0\VC\bin\CL.exe /c /ZI /nologo /W3 /WX- /Od /Oy- /D WIN32 /D _DEBUG /D _CONSOLE /D _UNICODE /D UNICODE /Gm /EHsc /RTC1 /MDd /GS /fp:precise /Zc:wchar_t /Zc:forScope /Yu"StdAfx.h" /Fp"Debug\lab7.pch" /Fo"Debug\\" /Fd"Debug\vc100.pdb" /Gd /TP /analyze- /errorReport:prompt ..\..\..\..\..\Desktop\lab7\lab7\lab7.cpp
         lab7.cpp
       ManifestResourceCompile:
         C:\Program Files (x86)\Microsoft SDKs\Windows\v7.0A\bin\rc.exe /nologo /fo"Debug\lab7.exe.embed.manifest.res" Debug\lab7_manifest.rc 
       Link:
         C:\Program Files (x86)\Microsoft Visual Studio 10.0\VC\bin\link.exe /ERRORREPORT:PROMPT /OUT:"c:\users\vova\documents\visual studio 2010\Projects\lab7\Debug\lab7.exe" /INCREMENTAL /NOLOGO msmpi.lib kernel32.lib user32.lib gdi32.lib winspool.lib comdlg32.lib advapi32.lib shell32.lib ole32.lib oleaut32.lib uuid.lib odbc32.lib odbccp32.lib /MANIFEST /ManifestFile:"Debug\lab7.exe.intermediate.manifest" /MANIFESTUAC:"level='asInvoker' uiAccess='false'" /DEBUG /PDB:"c:\users\vova\documents\visual studio 2010\Projects\lab7\Debug\lab7.pdb" /SUBSYSTEM:CONSOLE /TLBID:1 /DYNAMICBASE /NXCOMPAT /IMPLIB:"c:\users\vova\documents\visual studio 2010\Projects\lab7\Debug\lab7.lib" /MACHINE:X86 Debug\lab7.exe.embed.manifest.res
         Debug\Data.obj
         Debug\lab7.obj
         Debug\Matrix.obj
         Debug\Vector.obj
         Debug\stdafx.obj
     1>LINK : fatal error LNK1104: cannot open file 'msmpi.lib'
     1>Done Building Project "c:\Users\Vova\documents\visual studio 2010\Projects\lab7\lab7\lab7.vcxproj" (build target(s)) -- FAILED.

Build FAILED.

Time Elapsed 00:00:01.44
