Build started 16.10.2011 11:20:16.
     1>Project "G:\KPI-edu\3 kurs\PRO\Lab5\Lab5\Lab5\Lab5.vcxproj" on node 2 (build target(s)).
     1>InitializeBuildStatus:
         Creating "Debug\Lab5.unsuccessfulbuild" because "AlwaysCreate" was specified.
       ClCompile:
         C:\Program Files\Microsoft Visual Studio 10.0\VC\bin\CL.exe /c /ZI /nologo /W3 /WX- /Od /Oy- /D WIN32 /D _DEBUG /D _CONSOLE /D _UNICODE /D UNICODE /Gm /EHsc /RTC1 /MDd /GS /fp:precise /Zc:wchar_t /Zc:forScope /Fo"Debug\\" /Fd"Debug\vc100.pdb" /Gd /TP /analyze- /errorReport:prompt lab5.cpp
         lab5.cpp
       ManifestResourceCompile:
         C:\Program Files\Microsoft SDKs\Windows\v7.0A\bin\rc.exe /nologo /fo"Debug\Lab5.exe.embed.manifest.res" Debug\Lab5_manifest.rc 
       Link:
         C:\Program Files\Microsoft Visual Studio 10.0\VC\bin\link.exe /ERRORREPORT:PROMPT /OUT:"G:\KPI-edu\3 kurs\PRO\Lab5\Lab5\Debug\Lab5.exe" /INCREMENTAL /NOLOGO kernel32.lib user32.lib gdi32.lib winspool.lib comdlg32.lib advapi32.lib shell32.lib ole32.lib oleaut32.lib uuid.lib odbc32.lib odbccp32.lib /MANIFEST /ManifestFile:"Debug\Lab5.exe.intermediate.manifest" /MANIFESTUAC:"level='asInvoker' uiAccess='false'" /DEBUG /PDB:"G:\KPI-edu\3 kurs\PRO\Lab5\Lab5\Debug\Lab5.pdb" /SUBSYSTEM:CONSOLE /TLBID:1 /DYNAMICBASE /NXCOMPAT /IMPLIB:"G:\KPI-edu\3 kurs\PRO\Lab5\Lab5\Debug\Lab5.lib" /MACHINE:X86 Debug\Lab5.exe.embed.manifest.res
         Debug\lab5.obj
       Manifest:
         C:\Program Files\Microsoft SDKs\Windows\v7.0A\bin\mt.exe /nologo /verbose /out:"Debug\Lab5.exe.embed.manifest" /manifest Debug\Lab5.exe.intermediate.manifest
         All outputs are up-to-date.
       LinkEmbedManifest:
         All outputs are up-to-date.
         Lab5.vcxproj -> G:\KPI-edu\3 kurs\PRO\Lab5\Lab5\Debug\Lab5.exe
       FinalizeBuildStatus:
         Deleting file "Debug\Lab5.unsuccessfulbuild".
         Touching "Debug\Lab5.lastbuildstate".
     1>Done Building Project "G:\KPI-edu\3 kurs\PRO\Lab5\Lab5\Lab5\Lab5.vcxproj" (build target(s)).

Build succeeded.

Time Elapsed 00:00:10.57
