E:\SKYDRIVE\DOCUMENTS\SCIENCE\SYSTEM_PROGRAMMING\5SEM\COURSE WORK\FLOATING_POINT_OPERATIONS_FOR_INTEGER_PROCESSORS\FLIP\FLIP\DEBUG\OPERATIONS.SBR
E:\SKYDRIVE\DOCUMENTS\SCIENCE\SYSTEM_PROGRAMMING\5SEM\COURSE WORK\FLOATING_POINT_OPERATIONS_FOR_INTEGER_PROCESSORS\FLIP\FLIP\DEBUG\MDB_STRING.SBR
E:\SKYDRIVE\DOCUMENTS\SCIENCE\SYSTEM_PROGRAMMING\5SEM\COURSE WORK\FLOATING_POINT_OPERATIONS_FOR_INTEGER_PROCESSORS\FLIP\FLIP\DEBUG\MDB_MANIPULE.SBR
E:\SKYDRIVE\DOCUMENTS\SCIENCE\SYSTEM_PROGRAMMING\5SEM\COURSE WORK\FLOATING_POINT_OPERATIONS_FOR_INTEGER_PROCESSORS\FLIP\FLIP\DEBUG\ADDUCTION.SBR
E:\SKYDRIVE\DOCUMENTS\SCIENCE\SYSTEM_PROGRAMMING\5SEM\COURSE WORK\FLOATING_POINT_OPERATIONS_FOR_INTEGER_PROCESSORS\FLIP\FLIP\DEBUG\ADDUCTION.OBJ
E:\SKYDRIVE\DOCUMENTS\SCIENCE\SYSTEM_PROGRAMMING\5SEM\COURSE WORK\FLOATING_POINT_OPERATIONS_FOR_INTEGER_PROCESSORS\FLIP\FLIP\DEBUG\MDB_MANIPULE.OBJ
E:\SKYDRIVE\DOCUMENTS\SCIENCE\SYSTEM_PROGRAMMING\5SEM\COURSE WORK\FLOATING_POINT_OPERATIONS_FOR_INTEGER_PROCESSORS\FLIP\FLIP\DEBUG\OPERATIONS.OBJ
E:\SKYDRIVE\DOCUMENTS\SCIENCE\SYSTEM_PROGRAMMING\5SEM\COURSE WORK\FLOATING_POINT_OPERATIONS_FOR_INTEGER_PROCESSORS\FLIP\FLIP\DEBUG\VC110.PDB
E:\SkyDrive\Documents\Science\System_programming\5sem\course work\Floating_Point_Operations_For_Integer_Processors\FLIP\FLIP\Debug\adduction.obj
E:\SkyDrive\Documents\Science\System_programming\5sem\course work\Floating_Point_Operations_For_Integer_Processors\FLIP\FLIP\Debug\mdb_manipule.obj
E:\SkyDrive\Documents\Science\System_programming\5sem\course work\Floating_Point_Operations_For_Integer_Processors\FLIP\FLIP\Debug\operations.obj
E:\SkyDrive\Documents\Science\System_programming\5sem\course work\Floating_Point_Operations_For_Integer_Processors\FLIP\FLIP\Debug\cl.command.1.tlog
E:\SkyDrive\Documents\Science\System_programming\5sem\course work\Floating_Point_Operations_For_Integer_Processors\FLIP\FLIP\Debug\CL.read.1.tlog
E:\SkyDrive\Documents\Science\System_programming\5sem\course work\Floating_Point_Operations_For_Integer_Processors\FLIP\FLIP\Debug\CL.write.1.tlog
E:\SkyDrive\Documents\Science\System_programming\5sem\course work\Floating_Point_Operations_For_Integer_Processors\FLIP\FLIP\Debug\vc110.idb
E:\SkyDrive\Documents\Science\System_programming\5sem\course work\Floating_Point_Operations_For_Integer_Processors\FLIP\FLIP\Debug\vc110.pdb
E:\SkyDrive\Documents\Science\System_programming\5sem\course work\Floating_Point_Operations_For_Integer_Processors\FLIP\FLIP\Debug\adduction.sbr
E:\SkyDrive\Documents\Science\System_programming\5sem\course work\Floating_Point_Operations_For_Integer_Processors\FLIP\FLIP\Debug\mdb_manipule.sbr
E:\SkyDrive\Documents\Science\System_programming\5sem\course work\Floating_Point_Operations_For_Integer_Processors\FLIP\FLIP\Debug\mdb_string.sbr
E:\SkyDrive\Documents\Science\System_programming\5sem\course work\Floating_Point_Operations_For_Integer_Processors\FLIP\FLIP\Debug\operations.sbr
