Build started 28.02.2014 14:39:12.
Project "D:\papst\Progr536\sp2007\IO66\spLb1\spLb1\spLb7\spLb7.vcxproj" on node 2 (build target(s)).
InitializeBuildStatus:
  Creating ".\Debug\spLb7.unsuccessfulbuild" because "AlwaysCreate" was specified.
ClCompile:
  All outputs are up-to-date.
  C:\Program Files\Microsoft Visual Studio 10.0\VC\bin\CL.exe /c /ZI /nologo /W3 /WX- /Od /Oy- /D WIN32 /D _DEBUG /D _CONSOLE /D _VC80_UPGRADE=0x0600 /D _MBCS /Gm /EHsc /RTC1 /MTd /GS /Gy- /fp:precise /Zc:wchar_t /Zc:forScope /Yu"stdafx.h" /Fp".\Debug\spLb7.pch" /Fo".\Debug\\" /Fd".\Debug\vc100.pdb" /FR".\Debug\\" /Gd /TP /analyze- /errorReport:prompt ..\spLb3\visgrp.cpp ..\spLb4\index.cpp ..\spLb4\langio.cpp ..\spLb4\lexan.cpp ..\spLb4\parsC.cpp ..\spLb4\parsP.cpp ..\spLb4\parsV.cpp ..\spLb4\tables.cpp ..\spLb5\operSpc.cpp ..\spLb5\parpC.cpp ..\spLb5\parpP.cpp ..\spLb5\syntaxP.cpp lexcalc.cpp seman.cpp semanT.cpp spLb7.cpp
  Skipping... (no relevant changes detected)
  spLb7.cpp
  semanT.cpp
  seman.cpp
  lexcalc.cpp
  syntaxP.cpp
  parpP.cpp
  parpC.cpp
  operSpc.cpp
  tables.cpp
  parsV.cpp
  parsP.cpp
  parsC.cpp
  lexan.cpp
  langio.cpp
  index.cpp
  visgrp.cpp
ManifestResourceCompile:
  All outputs are up-to-date.
Link:
  C:\Program Files\Microsoft Visual Studio 10.0\VC\bin\link.exe /ERRORREPORT:PROMPT /OUT:".\Debug\spLb7.exe" /INCREMENTAL /NOLOGO odbc32.lib odbccp32.lib kernel32.lib user32.lib gdi32.lib winspool.lib comdlg32.lib advapi32.lib shell32.lib ole32.lib oleaut32.lib uuid.lib odbc32.lib odbccp32.lib /MANIFEST /ManifestFile:".\Debug\spLb7.exe.intermediate.manifest" /MANIFESTUAC:"level='asInvoker' uiAccess='false'" /DEBUG /PDB:"D:\papst\Progr536\sp2007\IO66\spLb1\spLb1\spLb7\Debug\spLb7.pdb" /SUBSYSTEM:CONSOLE /TLBID:1 /DYNAMICBASE /NXCOMPAT /IMPLIB:".\Debug\spLb7.lib" /MACHINE:X86 .\Debug\spLb7.exe.embed.manifest.res
  .\Debug\index.obj
  .\Debug\langio.obj
  .\Debug\lexan.obj
  .\Debug\lexcalc.obj
  .\Debug\operSpc.obj
  .\Debug\parpC.obj
  .\Debug\parpP.obj
  .\Debug\parsC.obj
  .\Debug\parsP.obj
  .\Debug\parsV.obj
  .\Debug\seman.obj
  .\Debug\semanT.obj
  .\Debug\spLb7.obj
  .\Debug\StdAfx.obj
  .\Debug\syntaxP.obj
  .\Debug\tables.obj
  .\Debug\visgrp.obj
  LINK : program database D:\papst\Progr536\sp2007\IO66\spLb1\spLb1\spLb7\Debug\spLb7.pdb missing; performing full link
Manifest:
  C:\Program Files\Microsoft SDKs\Windows\v7.0A\bin\mt.exe /nologo /verbose /out:".\Debug\spLb7.exe.embed.manifest" /manifest .\Debug\spLb7.exe.intermediate.manifest
  All outputs are up-to-date.
LinkEmbedManifest:
  All outputs are up-to-date.
  spLb7.vcxproj -> D:\papst\Progr536\sp2007\IO66\spLb1\spLb1\spLb7\.\Debug\spLb7.exe
BscMake:
  C:\Program Files\Microsoft Visual Studio 10.0\VC\bin\bscmake.exe /nologo /o".\Debug\spLb7.bsc" .\Debug\index.sbr .\Debug\langio.sbr .\Debug\lexan.sbr .\Debug\lexcalc.sbr .\Debug\operSpc.sbr .\Debug\parpC.sbr .\Debug\parpP.sbr .\Debug\parsC.sbr .\Debug\parsP.sbr .\Debug\parsV.sbr .\Debug\seman.sbr .\Debug\semanT.sbr .\Debug\spLb7.sbr .\Debug\StdAfx.sbr .\Debug\syntaxP.sbr .\Debug\tables.sbr .\Debug\visgrp.sbr
FinalizeBuildStatus:
  Deleting file ".\Debug\spLb7.unsuccessfulbuild".
  Touching ".\Debug\spLb7.lastbuildstate".
Done Building Project "D:\papst\Progr536\sp2007\IO66\spLb1\spLb1\spLb7\spLb7.vcxproj" (build target(s)).

Build succeeded.

Time Elapsed 00:00:05.23
