Build started 13.11.2014 5:00:22.
     1>Project "D:\Семестри\5 semestr\СП\5sem\labs\palevo\20\spLb1\spLb5\spLb5.vcxproj" on node 2 (build target(s)).
     1>InitializeBuildStatus:
         Touching ".\Debug\spLb5.unsuccessfulbuild".
       ClCompile:
         All outputs are up-to-date.
         All outputs are up-to-date.
       Link:
         C:\Program Files (x86)\Microsoft Visual Studio 10.0\VC\bin\link.exe /ERRORREPORT:PROMPT /OUT:".\Debug/spLb5.exe" /INCREMENTAL:NO /NOLOGO kernel32.lib user32.lib gdi32.lib winspool.lib comdlg32.lib advapi32.lib shell32.lib ole32.lib oleaut32.lib uuid.lib odbc32.lib odbccp32.lib /MANIFEST /ManifestFile:".\Debug\spLb5.exe.intermediate.manifest" /MANIFESTUAC:"level='asInvoker' uiAccess='false'" /DEBUG /PDB:".\Debug/spLb5.pdb" /SUBSYSTEM:CONSOLE /TLBID:1 /DYNAMICBASE:NO /IMPLIB:".\Debug\spLb5.lib" /MACHINE:X86 .\Debug/index.obj
         .\Debug/langio.obj
         .\Debug/lexan.obj
         .\Debug/operSpc.obj
         .\Debug/parpC.obj
         .\Debug/parpP.obj
         .\Debug/parsC.obj
         .\Debug/parsP.obj
         .\Debug/spLb5.obj
         .\Debug/StdAfx.obj
         .\Debug/syntaxP.obj
         .\Debug/tables.obj
         .\Debug/visgrp.obj
     1>index.obj : warning LNK4075: ignoring '/EDITANDCONTINUE' due to '/INCREMENTAL:NO' specification
         spLb5.vcxproj -> D:\Семестри\5 semestr\СП\5sem\labs\palevo\20\spLb1\spLb5\.\Debug\spLb5.exe
       Manifest:
         C:\Program Files (x86)\Microsoft SDKs\Windows\v7.0A\bin\mt.exe /nologo /verbose /outputresource:".\Debug/spLb5.exe;#1" /manifest .\Debug\spLb5.exe.intermediate.manifest
       BscMake:
         C:\Program Files (x86)\Microsoft Visual Studio 10.0\VC\bin\bscmake.exe /nologo /o".\Debug/spLb5.bsc" .\Debug\index.sbr .\Debug\langio.sbr .\Debug\lexan.sbr .\Debug\operSpc.sbr .\Debug\parpC.sbr .\Debug\parpP.sbr .\Debug\parsC.sbr .\Debug\parsP.sbr .\Debug\spLb5.sbr .\Debug\StdAfx.sbr .\Debug\syntaxP.sbr .\Debug\tables.sbr .\Debug\visgrp.sbr
       FinalizeBuildStatus:
         Deleting file ".\Debug\spLb5.unsuccessfulbuild".
         Touching ".\Debug\spLb5.lastbuildstate".
     1>Done Building Project "D:\Семестри\5 semestr\СП\5sem\labs\palevo\20\spLb1\spLb5\spLb5.vcxproj" (build target(s)).

Build succeeded.

Time Elapsed 00:00:01.38
