Build started 5/23/2015 4:18:54 PM.
     1>Project "C:\Users\viktor\documents\visual studio 2013\Projects\LABa9SP\LABa9SP\LABa9SP.vcxproj" on node 2 (Rebuild target(s)).
     1>_MASM:
         Assembling longop.asm...
         cmd.exe /C "C:\Users\viktor\AppData\Local\Temp\tmp2ba3ab760cad41d3bb62441eac9ecfc5.cmd"
         ml.exe /c /nologo /Zi /Fo"Release\longop.obj" /W3 /errorReport:prompt  /Talongop.asm
       _MASM:
         Assembling main9.asm...
         cmd.exe /C "C:\Users\viktor\AppData\Local\Temp\tmp0c9b42aa70b34c36a0f87295d9b10a1d.cmd"
         ml.exe /c /nologo /Zi /Fo"Release\main9.obj" /W3 /errorReport:prompt  /Tamain9.asm
       _MASM:
         Assembling module.asm...
         cmd.exe /C "C:\Users\viktor\AppData\Local\Temp\tmp38065736e51549549e806edcb189e5ae.cmd"
         ml.exe /c /nologo /Zi /Fo"Release\module.obj" /W3 /errorReport:prompt  /Tamodule.asm
       Link:
         C:\Program Files (x86)\Microsoft Visual Studio 12.0\VC\bin\link.exe /ERRORREPORT:PROMPT /OUT:"C:\Users\viktor\documents\visual studio 2013\Projects\LABa9SP\Release\LABa9SP.exe" /INCREMENTAL:NO /NOLOGO kernel32.lib user32.lib gdi32.lib winspool.lib comdlg32.lib advapi32.lib shell32.lib ole32.lib oleaut32.lib uuid.lib odbc32.lib odbccp32.lib /MANIFEST /MANIFESTUAC:"level='asInvoker' uiAccess='false'" /manifest:embed /DEBUG /PDB:"C:\Users\viktor\documents\visual studio 2013\Projects\LABa9SP\Release\LABa9SP.pdb" /SUBSYSTEM:WINDOWS /OPT:REF /OPT:ICF /LTCG /TLBID:1 /DYNAMICBASE /NXCOMPAT /IMPLIB:"C:\Users\viktor\documents\visual studio 2013\Projects\LABa9SP\Release\LABa9SP.lib" /MACHINE:X86 /SAFESEH Release\longop.obj
         Release\main9.obj
         Release\module.obj
         LINK : /LTCG specified but no code generation required; remove /LTCG from the link command line to improve linker performance
     1>longop.obj : error LNK2026: module unsafe for SAFESEH image.
     1>main9.obj : error LNK2026: module unsafe for SAFESEH image.
     1>module.obj : error LNK2026: module unsafe for SAFESEH image.
     1>C:\Users\viktor\documents\visual studio 2013\Projects\LABa9SP\Release\LABa9SP.exe : fatal error LNK1281: Unable to generate SAFESEH image.
     1>Done Building Project "C:\Users\viktor\documents\visual studio 2013\Projects\LABa9SP\LABa9SP\LABa9SP.vcxproj" (Rebuild target(s)) -- FAILED.

Build FAILED.

Time Elapsed 00:00:00.58
