Analysis & Synthesis report for fm
Tue Nov 29 00:10:46 2011
Quartus II Version 9.1 Build 350 03/24/2010 Service Pack 2 SJ Web Edition


---------------------
; Table of Contents ;
---------------------
  1. Legal Notice
  2. Analysis & Synthesis Summary
  3. Analysis & Synthesis Settings
  4. Parallel Compilation
  5. Analysis & Synthesis Source Files Read
  6. Analysis & Synthesis Resource Usage Summary
  7. Analysis & Synthesis Resource Utilization by Entity
  8. General Register Statistics
  9. Analysis & Synthesis Messages



----------------
; Legal Notice ;
----------------
Copyright (C) 1991-2010 Altera Corporation
Your use of Altera Corporation's design tools, logic functions 
and other software and tools, and its AMPP partner logic 
functions, and any output files from any of the foregoing 
(including device programming or simulation files), and any 
associated documentation or information are expressly subject 
to the terms and conditions of the Altera Program License 
Subscription Agreement, Altera MegaCore Function License 
Agreement, or other applicable license agreement, including, 
without limitation, that your use is for the sole purpose of 
programming logic devices manufactured by Altera and sold by 
Altera or its authorized distributors.  Please refer to the 
applicable agreement for further details.



+-----------------------------------------------------------------------------------+
; Analysis & Synthesis Summary                                                      ;
+------------------------------------+----------------------------------------------+
; Analysis & Synthesis Status        ; Successful - Tue Nov 29 00:10:46 2011        ;
; Quartus II Version                 ; 9.1 Build 350 03/24/2010 SP 2 SJ Web Edition ;
; Revision Name                      ; fm                                           ;
; Top-level Entity Name              ; fm                                           ;
; Family                             ; Cyclone II                                   ;
; Total logic elements               ; 175                                          ;
;     Total combinational functions  ; 111                                          ;
;     Dedicated logic registers      ; 64                                           ;
; Total registers                    ; 64                                           ;
; Total pins                         ; 27                                           ;
; Total virtual pins                 ; 0                                            ;
; Total memory bits                  ; 0                                            ;
; Embedded Multiplier 9-bit elements ; 0                                            ;
; Total PLLs                         ; 0                                            ;
+------------------------------------+----------------------------------------------+


+----------------------------------------------------------------------------------------------------------------------+
; Analysis & Synthesis Settings                                                                                        ;
+----------------------------------------------------------------------------+--------------------+--------------------+
; Option                                                                     ; Setting            ; Default Value      ;
+----------------------------------------------------------------------------+--------------------+--------------------+
; Device                                                                     ; EP2C8Q208C8        ;                    ;
; Top-level entity name                                                      ; fm                 ; fm                 ;
; Family name                                                                ; Cyclone II         ; Stratix II         ;
; Use Generated Physical Constraints File                                    ; Off                ;                    ;
; Use smart compilation                                                      ; Off                ; Off                ;
; Enable parallel Assembler and TimeQuest Timing Analyzer during compilation ; On                 ; On                 ;
; Enable compact report table                                                ; Off                ; Off                ;
; Restructure Multiplexers                                                   ; Auto               ; Auto               ;
; Create Debugging Nodes for IP Cores                                        ; Off                ; Off                ;
; Preserve fewer node names                                                  ; On                 ; On                 ;
; Disable OpenCore Plus hardware evaluation                                  ; Off                ; Off                ;
; Verilog Version                                                            ; Verilog_2001       ; Verilog_2001       ;
; VHDL Version                                                               ; VHDL_1993          ; VHDL_1993          ;
; State Machine Processing                                                   ; Auto               ; Auto               ;
; Safe State Machine                                                         ; Off                ; Off                ;
; Extract Verilog State Machines                                             ; On                 ; On                 ;
; Extract VHDL State Machines                                                ; On                 ; On                 ;
; Ignore Verilog initial constructs                                          ; Off                ; Off                ;
; Iteration limit for constant Verilog loops                                 ; 5000               ; 5000               ;
; Iteration limit for non-constant Verilog loops                             ; 250                ; 250                ;
; Add Pass-Through Logic to Inferred RAMs                                    ; On                 ; On                 ;
; Parallel Synthesis                                                         ; On                 ; On                 ;
; DSP Block Balancing                                                        ; Auto               ; Auto               ;
; NOT Gate Push-Back                                                         ; On                 ; On                 ;
; Power-Up Don't Care                                                        ; On                 ; On                 ;
; Remove Redundant Logic Cells                                               ; Off                ; Off                ;
; Remove Duplicate Registers                                                 ; On                 ; On                 ;
; Ignore CARRY Buffers                                                       ; Off                ; Off                ;
; Ignore CASCADE Buffers                                                     ; Off                ; Off                ;
; Ignore GLOBAL Buffers                                                      ; Off                ; Off                ;
; Ignore ROW GLOBAL Buffers                                                  ; Off                ; Off                ;
; Ignore LCELL Buffers                                                       ; Off                ; Off                ;
; Ignore SOFT Buffers                                                        ; On                 ; On                 ;
; Limit AHDL Integers to 32 Bits                                             ; Off                ; Off                ;
; Optimization Technique                                                     ; Balanced           ; Balanced           ;
; Carry Chain Length                                                         ; 70                 ; 70                 ;
; Auto Carry Chains                                                          ; On                 ; On                 ;
; Auto Open-Drain Pins                                                       ; On                 ; On                 ;
; Perform WYSIWYG Primitive Resynthesis                                      ; Off                ; Off                ;
; Auto ROM Replacement                                                       ; On                 ; On                 ;
; Auto RAM Replacement                                                       ; On                 ; On                 ;
; Auto Shift Register Replacement                                            ; Auto               ; Auto               ;
; Auto Clock Enable Replacement                                              ; On                 ; On                 ;
; Strict RAM Replacement                                                     ; Off                ; Off                ;
; Allow Synchronous Control Signals                                          ; On                 ; On                 ;
; Force Use of Synchronous Clear Signals                                     ; Off                ; Off                ;
; Auto RAM to Logic Cell Conversion                                          ; Off                ; Off                ;
; Auto Resource Sharing                                                      ; Off                ; Off                ;
; Allow Any RAM Size For Recognition                                         ; Off                ; Off                ;
; Allow Any ROM Size For Recognition                                         ; Off                ; Off                ;
; Allow Any Shift Register Size For Recognition                              ; Off                ; Off                ;
; Use LogicLock Constraints during Resource Balancing                        ; On                 ; On                 ;
; Ignore translate_off and synthesis_off directives                          ; Off                ; Off                ;
; Timing-Driven Synthesis                                                    ; Off                ; Off                ;
; Show Parameter Settings Tables in Synthesis Report                         ; On                 ; On                 ;
; Ignore Maximum Fan-Out Assignments                                         ; Off                ; Off                ;
; Synchronization Register Chain Length                                      ; 2                  ; 2                  ;
; PowerPlay Power Optimization                                               ; Normal compilation ; Normal compilation ;
; HDL message level                                                          ; Level2             ; Level2             ;
; Suppress Register Optimization Related Messages                            ; Off                ; Off                ;
; Number of Removed Registers Reported in Synthesis Report                   ; 5000               ; 5000               ;
; Number of Inverted Registers Reported in Synthesis Report                  ; 100                ; 100                ;
; Clock MUX Protection                                                       ; On                 ; On                 ;
; Auto Gated Clock Conversion                                                ; Off                ; Off                ;
; Block Design Naming                                                        ; Auto               ; Auto               ;
; SDC constraint protection                                                  ; Off                ; Off                ;
; Synthesis Effort                                                           ; Auto               ; Auto               ;
; Shift Register Replacement - Allow Asynchronous Clear Signal               ; On                 ; On                 ;
; Analysis & Synthesis Message Level                                         ; Medium             ; Medium             ;
; Disable Register Merging Across Hierarchies                                ; Auto               ; Auto               ;
; Resource Aware Inference For Block RAM                                     ; On                 ; On                 ;
+----------------------------------------------------------------------------+--------------------+--------------------+


Parallel compilation was disabled, but you have multiple processors available. Enable parallel compilation to reduce compilation time.
+-------------------------------------+
; Parallel Compilation                ;
+----------------------------+--------+
; Processors                 ; Number ;
+----------------------------+--------+
; Number detected on machine ; 6      ;
; Maximum allowed            ; 1      ;
+----------------------------+--------+


+---------------------------------------------------------------------------------------------------------------------------------------+
; Analysis & Synthesis Source Files Read                                                                                                ;
+----------------------------------+-----------------+------------------------------------+---------------------------------------------+
; File Name with User-Entered Path ; Used in Netlist ; File Type                          ; File Name with Absolute Path                ;
+----------------------------------+-----------------+------------------------------------+---------------------------------------------+
; fm.bdf                           ; yes             ; User Block Diagram/Schematic File  ; C:/altera/91sp2/quartus/9108/fm/fm.bdf      ;
; FMi.bdf                          ; yes             ; User Block Diagram/Schematic File  ; C:/altera/91sp2/quartus/9108/fm/FMi.bdf     ;
; FM0000.bdf                       ; yes             ; User Block Diagram/Schematic File  ; C:/altera/91sp2/quartus/9108/fm/FM0000.bdf  ;
; FM0001.bdf                       ; yes             ; User Block Diagram/Schematic File  ; C:/altera/91sp2/quartus/9108/fm/FM0001.bdf  ;
; FM0010.bdf                       ; yes             ; User Block Diagram/Schematic File  ; C:/altera/91sp2/quartus/9108/fm/FM0010.bdf  ;
; FM0011.bdf                       ; yes             ; User Block Diagram/Schematic File  ; C:/altera/91sp2/quartus/9108/fm/FM0011.bdf  ;
; FM0100.bdf                       ; yes             ; User Block Diagram/Schematic File  ; C:/altera/91sp2/quartus/9108/fm/FM0100.bdf  ;
; FM0101.bdf                       ; yes             ; User Block Diagram/Schematic File  ; C:/altera/91sp2/quartus/9108/fm/FM0101.bdf  ;
; FM0110.bdf                       ; yes             ; User Block Diagram/Schematic File  ; C:/altera/91sp2/quartus/9108/fm/FM0110.bdf  ;
; FM0111.bdf                       ; yes             ; User Block Diagram/Schematic File  ; C:/altera/91sp2/quartus/9108/fm/FM0111.bdf  ;
; FM_FULL.bdf                      ; yes             ; User Block Diagram/Schematic File  ; C:/altera/91sp2/quartus/9108/fm/FM_FULL.bdf ;
+----------------------------------+-----------------+------------------------------------+---------------------------------------------+


+-----------------------------------------------------+
; Analysis & Synthesis Resource Usage Summary         ;
+---------------------------------------------+-------+
; Resource                                    ; Usage ;
+---------------------------------------------+-------+
; Estimated Total logic elements              ; 175   ;
;                                             ;       ;
; Total combinational functions               ; 111   ;
; Logic element usage by number of LUT inputs ;       ;
;     -- 4 input functions                    ; 46    ;
;     -- 3 input functions                    ; 64    ;
;     -- <=2 input functions                  ; 1     ;
;                                             ;       ;
; Logic elements by mode                      ;       ;
;     -- normal mode                          ; 111   ;
;     -- arithmetic mode                      ; 0     ;
;                                             ;       ;
; Total registers                             ; 64    ;
;     -- Dedicated logic registers            ; 64    ;
;     -- I/O registers                        ; 0     ;
;                                             ;       ;
; I/O pins                                    ; 27    ;
; Maximum fan-out node                        ; AP[0] ;
; Maximum fan-out                             ; 64    ;
; Total fan-out                               ; 522   ;
; Average fan-out                             ; 2.58  ;
+---------------------------------------------+-------+


+---------------------------------------------------------------------------------------------------------------------------------------------------------------------------------------------------+
; Analysis & Synthesis Resource Utilization by Entity                                                                                                                                               ;
+----------------------------+-------------------+--------------+-------------+--------------+---------+-----------+------+--------------+-------------------------------------------+--------------+
; Compilation Hierarchy Node ; LC Combinationals ; LC Registers ; Memory Bits ; DSP Elements ; DSP 9x9 ; DSP 18x18 ; Pins ; Virtual Pins ; Full Hierarchy Name                       ; Library Name ;
+----------------------------+-------------------+--------------+-------------+--------------+---------+-----------+------+--------------+-------------------------------------------+--------------+
; |fm                        ; 111 (0)           ; 64 (0)       ; 0           ; 0            ; 0       ; 0         ; 27   ; 0            ; |fm                                       ; work         ;
;    |FM_FULL:inst10|        ; 13 (0)            ; 8 (0)        ; 0           ; 0            ; 0       ; 0         ; 0    ; 0            ; |fm|FM_FULL:inst10                        ; work         ;
;       |FM0000:inst|        ; 6 (0)             ; 1 (0)        ; 0           ; 0            ; 0       ; 0         ; 0    ; 0            ; |fm|FM_FULL:inst10|FM0000:inst            ; work         ;
;          |FMi:inst|        ; 6 (6)             ; 1 (1)        ; 0           ; 0            ; 0       ; 0         ; 0    ; 0            ; |fm|FM_FULL:inst10|FM0000:inst|FMi:inst   ; work         ;
;       |FM0001:inst4|       ; 1 (0)             ; 1 (0)        ; 0           ; 0            ; 0       ; 0         ; 0    ; 0            ; |fm|FM_FULL:inst10|FM0001:inst4           ; work         ;
;          |FMi:inst|        ; 1 (1)             ; 1 (1)        ; 0           ; 0            ; 0       ; 0         ; 0    ; 0            ; |fm|FM_FULL:inst10|FM0001:inst4|FMi:inst  ; work         ;
;       |FM0010:inst19|      ; 1 (0)             ; 1 (0)        ; 0           ; 0            ; 0       ; 0         ; 0    ; 0            ; |fm|FM_FULL:inst10|FM0010:inst19          ; work         ;
;          |FMi:inst|        ; 1 (1)             ; 1 (1)        ; 0           ; 0            ; 0       ; 0         ; 0    ; 0            ; |fm|FM_FULL:inst10|FM0010:inst19|FMi:inst ; work         ;
;       |FM0011:inst20|      ; 1 (0)             ; 1 (0)        ; 0           ; 0            ; 0       ; 0         ; 0    ; 0            ; |fm|FM_FULL:inst10|FM0011:inst20          ; work         ;
;          |FMi:inst|        ; 1 (1)             ; 1 (1)        ; 0           ; 0            ; 0       ; 0         ; 0    ; 0            ; |fm|FM_FULL:inst10|FM0011:inst20|FMi:inst ; work         ;
;       |FM0100:inst21|      ; 1 (0)             ; 1 (0)        ; 0           ; 0            ; 0       ; 0         ; 0    ; 0            ; |fm|FM_FULL:inst10|FM0100:inst21          ; work         ;
;          |FMi:inst|        ; 1 (1)             ; 1 (1)        ; 0           ; 0            ; 0       ; 0         ; 0    ; 0            ; |fm|FM_FULL:inst10|FM0100:inst21|FMi:inst ; work         ;
;       |FM0101:inst22|      ; 1 (0)             ; 1 (0)        ; 0           ; 0            ; 0       ; 0         ; 0    ; 0            ; |fm|FM_FULL:inst10|FM0101:inst22          ; work         ;
;          |FMi:inst|        ; 1 (1)             ; 1 (1)        ; 0           ; 0            ; 0       ; 0         ; 0    ; 0            ; |fm|FM_FULL:inst10|FM0101:inst22|FMi:inst ; work         ;
;       |FM0110:inst23|      ; 1 (0)             ; 1 (0)        ; 0           ; 0            ; 0       ; 0         ; 0    ; 0            ; |fm|FM_FULL:inst10|FM0110:inst23          ; work         ;
;          |FMi:inst|        ; 1 (1)             ; 1 (1)        ; 0           ; 0            ; 0       ; 0         ; 0    ; 0            ; |fm|FM_FULL:inst10|FM0110:inst23|FMi:inst ; work         ;
;       |FM0111:inst24|      ; 1 (0)             ; 1 (0)        ; 0           ; 0            ; 0       ; 0         ; 0    ; 0            ; |fm|FM_FULL:inst10|FM0111:inst24          ; work         ;
;          |FMi:inst|        ; 1 (1)             ; 1 (1)        ; 0           ; 0            ; 0       ; 0         ; 0    ; 0            ; |fm|FM_FULL:inst10|FM0111:inst24|FMi:inst ; work         ;
;    |FM_FULL:inst3|         ; 20 (0)            ; 8 (0)        ; 0           ; 0            ; 0       ; 0         ; 0    ; 0            ; |fm|FM_FULL:inst3                         ;              ;
;       |FM0000:inst|        ; 6 (0)             ; 1 (0)        ; 0           ; 0            ; 0       ; 0         ; 0    ; 0            ; |fm|FM_FULL:inst3|FM0000:inst             ; work         ;
;          |FMi:inst|        ; 6 (6)             ; 1 (1)        ; 0           ; 0            ; 0       ; 0         ; 0    ; 0            ; |fm|FM_FULL:inst3|FM0000:inst|FMi:inst    ; work         ;
;       |FM0001:inst4|       ; 2 (0)             ; 1 (0)        ; 0           ; 0            ; 0       ; 0         ; 0    ; 0            ; |fm|FM_FULL:inst3|FM0001:inst4            ; work         ;
;          |FMi:inst|        ; 2 (2)             ; 1 (1)        ; 0           ; 0            ; 0       ; 0         ; 0    ; 0            ; |fm|FM_FULL:inst3|FM0001:inst4|FMi:inst   ; work         ;
;       |FM0010:inst19|      ; 1 (0)             ; 1 (0)        ; 0           ; 0            ; 0       ; 0         ; 0    ; 0            ; |fm|FM_FULL:inst3|FM0010:inst19           ; work         ;
;          |FMi:inst|        ; 1 (1)             ; 1 (1)        ; 0           ; 0            ; 0       ; 0         ; 0    ; 0            ; |fm|FM_FULL:inst3|FM0010:inst19|FMi:inst  ; work         ;
;       |FM0011:inst20|      ; 3 (0)             ; 1 (0)        ; 0           ; 0            ; 0       ; 0         ; 0    ; 0            ; |fm|FM_FULL:inst3|FM0011:inst20           ; work         ;
;          |FMi:inst|        ; 3 (3)             ; 1 (1)        ; 0           ; 0            ; 0       ; 0         ; 0    ; 0            ; |fm|FM_FULL:inst3|FM0011:inst20|FMi:inst  ; work         ;
;       |FM0100:inst21|      ; 1 (0)             ; 1 (0)        ; 0           ; 0            ; 0       ; 0         ; 0    ; 0            ; |fm|FM_FULL:inst3|FM0100:inst21           ; work         ;
;          |FMi:inst|        ; 1 (1)             ; 1 (1)        ; 0           ; 0            ; 0       ; 0         ; 0    ; 0            ; |fm|FM_FULL:inst3|FM0100:inst21|FMi:inst  ; work         ;
;       |FM0101:inst22|      ; 1 (0)             ; 1 (0)        ; 0           ; 0            ; 0       ; 0         ; 0    ; 0            ; |fm|FM_FULL:inst3|FM0101:inst22           ; work         ;
;          |FMi:inst|        ; 1 (1)             ; 1 (1)        ; 0           ; 0            ; 0       ; 0         ; 0    ; 0            ; |fm|FM_FULL:inst3|FM0101:inst22|FMi:inst  ; work         ;
;       |FM0110:inst23|      ; 3 (0)             ; 1 (0)        ; 0           ; 0            ; 0       ; 0         ; 0    ; 0            ; |fm|FM_FULL:inst3|FM0110:inst23           ; work         ;
;          |FMi:inst|        ; 3 (3)             ; 1 (1)        ; 0           ; 0            ; 0       ; 0         ; 0    ; 0            ; |fm|FM_FULL:inst3|FM0110:inst23|FMi:inst  ; work         ;
;       |FM0111:inst24|      ; 3 (0)             ; 1 (0)        ; 0           ; 0            ; 0       ; 0         ; 0    ; 0            ; |fm|FM_FULL:inst3|FM0111:inst24           ; work         ;
;          |FMi:inst|        ; 3 (3)             ; 1 (1)        ; 0           ; 0            ; 0       ; 0         ; 0    ; 0            ; |fm|FM_FULL:inst3|FM0111:inst24|FMi:inst  ; work         ;
;    |FM_FULL:inst4|         ; 13 (0)            ; 8 (0)        ; 0           ; 0            ; 0       ; 0         ; 0    ; 0            ; |fm|FM_FULL:inst4                         ; work         ;
;       |FM0000:inst|        ; 6 (0)             ; 1 (0)        ; 0           ; 0            ; 0       ; 0         ; 0    ; 0            ; |fm|FM_FULL:inst4|FM0000:inst             ; work         ;
;          |FMi:inst|        ; 6 (6)             ; 1 (1)        ; 0           ; 0            ; 0       ; 0         ; 0    ; 0            ; |fm|FM_FULL:inst4|FM0000:inst|FMi:inst    ; work         ;
;       |FM0001:inst4|       ; 1 (0)             ; 1 (0)        ; 0           ; 0            ; 0       ; 0         ; 0    ; 0            ; |fm|FM_FULL:inst4|FM0001:inst4            ; work         ;
;          |FMi:inst|        ; 1 (1)             ; 1 (1)        ; 0           ; 0            ; 0       ; 0         ; 0    ; 0            ; |fm|FM_FULL:inst4|FM0001:inst4|FMi:inst   ; work         ;
;       |FM0010:inst19|      ; 1 (0)             ; 1 (0)        ; 0           ; 0            ; 0       ; 0         ; 0    ; 0            ; |fm|FM_FULL:inst4|FM0010:inst19           ; work         ;
;          |FMi:inst|        ; 1 (1)             ; 1 (1)        ; 0           ; 0            ; 0       ; 0         ; 0    ; 0            ; |fm|FM_FULL:inst4|FM0010:inst19|FMi:inst  ; work         ;
;       |FM0011:inst20|      ; 1 (0)             ; 1 (0)        ; 0           ; 0            ; 0       ; 0         ; 0    ; 0            ; |fm|FM_FULL:inst4|FM0011:inst20           ; work         ;
;          |FMi:inst|        ; 1 (1)             ; 1 (1)        ; 0           ; 0            ; 0       ; 0         ; 0    ; 0            ; |fm|FM_FULL:inst4|FM0011:inst20|FMi:inst  ; work         ;
;       |FM0100:inst21|      ; 1 (0)             ; 1 (0)        ; 0           ; 0            ; 0       ; 0         ; 0    ; 0            ; |fm|FM_FULL:inst4|FM0100:inst21           ; work         ;
;          |FMi:inst|        ; 1 (1)             ; 1 (1)        ; 0           ; 0            ; 0       ; 0         ; 0    ; 0            ; |fm|FM_FULL:inst4|FM0100:inst21|FMi:inst  ; work         ;
;       |FM0101:inst22|      ; 1 (0)             ; 1 (0)        ; 0           ; 0            ; 0       ; 0         ; 0    ; 0            ; |fm|FM_FULL:inst4|FM0101:inst22           ; work         ;
;          |FMi:inst|        ; 1 (1)             ; 1 (1)        ; 0           ; 0            ; 0       ; 0         ; 0    ; 0            ; |fm|FM_FULL:inst4|FM0101:inst22|FMi:inst  ; work         ;
;       |FM0110:inst23|      ; 1 (0)             ; 1 (0)        ; 0           ; 0            ; 0       ; 0         ; 0    ; 0            ; |fm|FM_FULL:inst4|FM0110:inst23           ; work         ;
;          |FMi:inst|        ; 1 (1)             ; 1 (1)        ; 0           ; 0            ; 0       ; 0         ; 0    ; 0            ; |fm|FM_FULL:inst4|FM0110:inst23|FMi:inst  ; work         ;
;       |FM0111:inst24|      ; 1 (0)             ; 1 (0)        ; 0           ; 0            ; 0       ; 0         ; 0    ; 0            ; |fm|FM_FULL:inst4|FM0111:inst24           ; work         ;
;          |FMi:inst|        ; 1 (1)             ; 1 (1)        ; 0           ; 0            ; 0       ; 0         ; 0    ; 0            ; |fm|FM_FULL:inst4|FM0111:inst24|FMi:inst  ; work         ;
;    |FM_FULL:inst5|         ; 13 (0)            ; 8 (0)        ; 0           ; 0            ; 0       ; 0         ; 0    ; 0            ; |fm|FM_FULL:inst5                         ; work         ;
;       |FM0000:inst|        ; 6 (0)             ; 1 (0)        ; 0           ; 0            ; 0       ; 0         ; 0    ; 0            ; |fm|FM_FULL:inst5|FM0000:inst             ; work         ;
;          |FMi:inst|        ; 6 (6)             ; 1 (1)        ; 0           ; 0            ; 0       ; 0         ; 0    ; 0            ; |fm|FM_FULL:inst5|FM0000:inst|FMi:inst    ; work         ;
;       |FM0001:inst4|       ; 1 (0)             ; 1 (0)        ; 0           ; 0            ; 0       ; 0         ; 0    ; 0            ; |fm|FM_FULL:inst5|FM0001:inst4            ; work         ;
;          |FMi:inst|        ; 1 (1)             ; 1 (1)        ; 0           ; 0            ; 0       ; 0         ; 0    ; 0            ; |fm|FM_FULL:inst5|FM0001:inst4|FMi:inst   ; work         ;
;       |FM0010:inst19|      ; 1 (0)             ; 1 (0)        ; 0           ; 0            ; 0       ; 0         ; 0    ; 0            ; |fm|FM_FULL:inst5|FM0010:inst19           ; work         ;
;          |FMi:inst|        ; 1 (1)             ; 1 (1)        ; 0           ; 0            ; 0       ; 0         ; 0    ; 0            ; |fm|FM_FULL:inst5|FM0010:inst19|FMi:inst  ; work         ;
;       |FM0011:inst20|      ; 1 (0)             ; 1 (0)        ; 0           ; 0            ; 0       ; 0         ; 0    ; 0            ; |fm|FM_FULL:inst5|FM0011:inst20           ; work         ;
;          |FMi:inst|        ; 1 (1)             ; 1 (1)        ; 0           ; 0            ; 0       ; 0         ; 0    ; 0            ; |fm|FM_FULL:inst5|FM0011:inst20|FMi:inst  ; work         ;
;       |FM0100:inst21|      ; 1 (0)             ; 1 (0)        ; 0           ; 0            ; 0       ; 0         ; 0    ; 0            ; |fm|FM_FULL:inst5|FM0100:inst21           ; work         ;
;          |FMi:inst|        ; 1 (1)             ; 1 (1)        ; 0           ; 0            ; 0       ; 0         ; 0    ; 0            ; |fm|FM_FULL:inst5|FM0100:inst21|FMi:inst  ; work         ;
;       |FM0101:inst22|      ; 1 (0)             ; 1 (0)        ; 0           ; 0            ; 0       ; 0         ; 0    ; 0            ; |fm|FM_FULL:inst5|FM0101:inst22           ; work         ;
;          |FMi:inst|        ; 1 (1)             ; 1 (1)        ; 0           ; 0            ; 0       ; 0         ; 0    ; 0            ; |fm|FM_FULL:inst5|FM0101:inst22|FMi:inst  ; work         ;
;       |FM0110:inst23|      ; 1 (0)             ; 1 (0)        ; 0           ; 0            ; 0       ; 0         ; 0    ; 0            ; |fm|FM_FULL:inst5|FM0110:inst23           ; work         ;
;          |FMi:inst|        ; 1 (1)             ; 1 (1)        ; 0           ; 0            ; 0       ; 0         ; 0    ; 0            ; |fm|FM_FULL:inst5|FM0110:inst23|FMi:inst  ; work         ;
;       |FM0111:inst24|      ; 1 (0)             ; 1 (0)        ; 0           ; 0            ; 0       ; 0         ; 0    ; 0            ; |fm|FM_FULL:inst5|FM0111:inst24           ; work         ;
;          |FMi:inst|        ; 1 (1)             ; 1 (1)        ; 0           ; 0            ; 0       ; 0         ; 0    ; 0            ; |fm|FM_FULL:inst5|FM0111:inst24|FMi:inst  ; work         ;
;    |FM_FULL:inst6|         ; 13 (0)            ; 8 (0)        ; 0           ; 0            ; 0       ; 0         ; 0    ; 0            ; |fm|FM_FULL:inst6                         ; work         ;
;       |FM0000:inst|        ; 6 (0)             ; 1 (0)        ; 0           ; 0            ; 0       ; 0         ; 0    ; 0            ; |fm|FM_FULL:inst6|FM0000:inst             ; work         ;
;          |FMi:inst|        ; 6 (6)             ; 1 (1)        ; 0           ; 0            ; 0       ; 0         ; 0    ; 0            ; |fm|FM_FULL:inst6|FM0000:inst|FMi:inst    ; work         ;
;       |FM0001:inst4|       ; 1 (0)             ; 1 (0)        ; 0           ; 0            ; 0       ; 0         ; 0    ; 0            ; |fm|FM_FULL:inst6|FM0001:inst4            ; work         ;
;          |FMi:inst|        ; 1 (1)             ; 1 (1)        ; 0           ; 0            ; 0       ; 0         ; 0    ; 0            ; |fm|FM_FULL:inst6|FM0001:inst4|FMi:inst   ; work         ;
;       |FM0010:inst19|      ; 1 (0)             ; 1 (0)        ; 0           ; 0            ; 0       ; 0         ; 0    ; 0            ; |fm|FM_FULL:inst6|FM0010:inst19           ; work         ;
;          |FMi:inst|        ; 1 (1)             ; 1 (1)        ; 0           ; 0            ; 0       ; 0         ; 0    ; 0            ; |fm|FM_FULL:inst6|FM0010:inst19|FMi:inst  ; work         ;
;       |FM0011:inst20|      ; 1 (0)             ; 1 (0)        ; 0           ; 0            ; 0       ; 0         ; 0    ; 0            ; |fm|FM_FULL:inst6|FM0011:inst20           ; work         ;
;          |FMi:inst|        ; 1 (1)             ; 1 (1)        ; 0           ; 0            ; 0       ; 0         ; 0    ; 0            ; |fm|FM_FULL:inst6|FM0011:inst20|FMi:inst  ; work         ;
;       |FM0100:inst21|      ; 1 (0)             ; 1 (0)        ; 0           ; 0            ; 0       ; 0         ; 0    ; 0            ; |fm|FM_FULL:inst6|FM0100:inst21           ; work         ;
;          |FMi:inst|        ; 1 (1)             ; 1 (1)        ; 0           ; 0            ; 0       ; 0         ; 0    ; 0            ; |fm|FM_FULL:inst6|FM0100:inst21|FMi:inst  ; work         ;
;       |FM0101:inst22|      ; 1 (0)             ; 1 (0)        ; 0           ; 0            ; 0       ; 0         ; 0    ; 0            ; |fm|FM_FULL:inst6|FM0101:inst22           ; work         ;
;          |FMi:inst|        ; 1 (1)             ; 1 (1)        ; 0           ; 0            ; 0       ; 0         ; 0    ; 0            ; |fm|FM_FULL:inst6|FM0101:inst22|FMi:inst  ; work         ;
;       |FM0110:inst23|      ; 1 (0)             ; 1 (0)        ; 0           ; 0            ; 0       ; 0         ; 0    ; 0            ; |fm|FM_FULL:inst6|FM0110:inst23           ; work         ;
;          |FMi:inst|        ; 1 (1)             ; 1 (1)        ; 0           ; 0            ; 0       ; 0         ; 0    ; 0            ; |fm|FM_FULL:inst6|FM0110:inst23|FMi:inst  ; work         ;
;       |FM0111:inst24|      ; 1 (0)             ; 1 (0)        ; 0           ; 0            ; 0       ; 0         ; 0    ; 0            ; |fm|FM_FULL:inst6|FM0111:inst24           ; work         ;
;          |FMi:inst|        ; 1 (1)             ; 1 (1)        ; 0           ; 0            ; 0       ; 0         ; 0    ; 0            ; |fm|FM_FULL:inst6|FM0111:inst24|FMi:inst  ; work         ;
;    |FM_FULL:inst7|         ; 13 (0)            ; 8 (0)        ; 0           ; 0            ; 0       ; 0         ; 0    ; 0            ; |fm|FM_FULL:inst7                         ; work         ;
;       |FM0000:inst|        ; 6 (0)             ; 1 (0)        ; 0           ; 0            ; 0       ; 0         ; 0    ; 0            ; |fm|FM_FULL:inst7|FM0000:inst             ; work         ;
;          |FMi:inst|        ; 6 (6)             ; 1 (1)        ; 0           ; 0            ; 0       ; 0         ; 0    ; 0            ; |fm|FM_FULL:inst7|FM0000:inst|FMi:inst    ; work         ;
;       |FM0001:inst4|       ; 1 (0)             ; 1 (0)        ; 0           ; 0            ; 0       ; 0         ; 0    ; 0            ; |fm|FM_FULL:inst7|FM0001:inst4            ; work         ;
;          |FMi:inst|        ; 1 (1)             ; 1 (1)        ; 0           ; 0            ; 0       ; 0         ; 0    ; 0            ; |fm|FM_FULL:inst7|FM0001:inst4|FMi:inst   ; work         ;
;       |FM0010:inst19|      ; 1 (0)             ; 1 (0)        ; 0           ; 0            ; 0       ; 0         ; 0    ; 0            ; |fm|FM_FULL:inst7|FM0010:inst19           ; work         ;
;          |FMi:inst|        ; 1 (1)             ; 1 (1)        ; 0           ; 0            ; 0       ; 0         ; 0    ; 0            ; |fm|FM_FULL:inst7|FM0010:inst19|FMi:inst  ; work         ;
;       |FM0011:inst20|      ; 1 (0)             ; 1 (0)        ; 0           ; 0            ; 0       ; 0         ; 0    ; 0            ; |fm|FM_FULL:inst7|FM0011:inst20           ; work         ;
;          |FMi:inst|        ; 1 (1)             ; 1 (1)        ; 0           ; 0            ; 0       ; 0         ; 0    ; 0            ; |fm|FM_FULL:inst7|FM0011:inst20|FMi:inst  ; work         ;
;       |FM0100:inst21|      ; 1 (0)             ; 1 (0)        ; 0           ; 0            ; 0       ; 0         ; 0    ; 0            ; |fm|FM_FULL:inst7|FM0100:inst21           ; work         ;
;          |FMi:inst|        ; 1 (1)             ; 1 (1)        ; 0           ; 0            ; 0       ; 0         ; 0    ; 0            ; |fm|FM_FULL:inst7|FM0100:inst21|FMi:inst  ; work         ;
;       |FM0101:inst22|      ; 1 (0)             ; 1 (0)        ; 0           ; 0            ; 0       ; 0         ; 0    ; 0            ; |fm|FM_FULL:inst7|FM0101:inst22           ; work         ;
;          |FMi:inst|        ; 1 (1)             ; 1 (1)        ; 0           ; 0            ; 0       ; 0         ; 0    ; 0            ; |fm|FM_FULL:inst7|FM0101:inst22|FMi:inst  ; work         ;
;       |FM0110:inst23|      ; 1 (0)             ; 1 (0)        ; 0           ; 0            ; 0       ; 0         ; 0    ; 0            ; |fm|FM_FULL:inst7|FM0110:inst23           ; work         ;
;          |FMi:inst|        ; 1 (1)             ; 1 (1)        ; 0           ; 0            ; 0       ; 0         ; 0    ; 0            ; |fm|FM_FULL:inst7|FM0110:inst23|FMi:inst  ; work         ;
;       |FM0111:inst24|      ; 1 (0)             ; 1 (0)        ; 0           ; 0            ; 0       ; 0         ; 0    ; 0            ; |fm|FM_FULL:inst7|FM0111:inst24           ; work         ;
;          |FMi:inst|        ; 1 (1)             ; 1 (1)        ; 0           ; 0            ; 0       ; 0         ; 0    ; 0            ; |fm|FM_FULL:inst7|FM0111:inst24|FMi:inst  ; work         ;
;    |FM_FULL:inst8|         ; 13 (0)            ; 8 (0)        ; 0           ; 0            ; 0       ; 0         ; 0    ; 0            ; |fm|FM_FULL:inst8                         ; work         ;
;       |FM0000:inst|        ; 6 (0)             ; 1 (0)        ; 0           ; 0            ; 0       ; 0         ; 0    ; 0            ; |fm|FM_FULL:inst8|FM0000:inst             ; work         ;
;          |FMi:inst|        ; 6 (6)             ; 1 (1)        ; 0           ; 0            ; 0       ; 0         ; 0    ; 0            ; |fm|FM_FULL:inst8|FM0000:inst|FMi:inst    ; work         ;
;       |FM0001:inst4|       ; 1 (0)             ; 1 (0)        ; 0           ; 0            ; 0       ; 0         ; 0    ; 0            ; |fm|FM_FULL:inst8|FM0001:inst4            ; work         ;
;          |FMi:inst|        ; 1 (1)             ; 1 (1)        ; 0           ; 0            ; 0       ; 0         ; 0    ; 0            ; |fm|FM_FULL:inst8|FM0001:inst4|FMi:inst   ; work         ;
;       |FM0010:inst19|      ; 1 (0)             ; 1 (0)        ; 0           ; 0            ; 0       ; 0         ; 0    ; 0            ; |fm|FM_FULL:inst8|FM0010:inst19           ; work         ;
;          |FMi:inst|        ; 1 (1)             ; 1 (1)        ; 0           ; 0            ; 0       ; 0         ; 0    ; 0            ; |fm|FM_FULL:inst8|FM0010:inst19|FMi:inst  ; work         ;
;       |FM0011:inst20|      ; 1 (0)             ; 1 (0)        ; 0           ; 0            ; 0       ; 0         ; 0    ; 0            ; |fm|FM_FULL:inst8|FM0011:inst20           ; work         ;
;          |FMi:inst|        ; 1 (1)             ; 1 (1)        ; 0           ; 0            ; 0       ; 0         ; 0    ; 0            ; |fm|FM_FULL:inst8|FM0011:inst20|FMi:inst  ; work         ;
;       |FM0100:inst21|      ; 1 (0)             ; 1 (0)        ; 0           ; 0            ; 0       ; 0         ; 0    ; 0            ; |fm|FM_FULL:inst8|FM0100:inst21           ; work         ;
;          |FMi:inst|        ; 1 (1)             ; 1 (1)        ; 0           ; 0            ; 0       ; 0         ; 0    ; 0            ; |fm|FM_FULL:inst8|FM0100:inst21|FMi:inst  ; work         ;
;       |FM0101:inst22|      ; 1 (0)             ; 1 (0)        ; 0           ; 0            ; 0       ; 0         ; 0    ; 0            ; |fm|FM_FULL:inst8|FM0101:inst22           ; work         ;
;          |FMi:inst|        ; 1 (1)             ; 1 (1)        ; 0           ; 0            ; 0       ; 0         ; 0    ; 0            ; |fm|FM_FULL:inst8|FM0101:inst22|FMi:inst  ; work         ;
;       |FM0110:inst23|      ; 1 (0)             ; 1 (0)        ; 0           ; 0            ; 0       ; 0         ; 0    ; 0            ; |fm|FM_FULL:inst8|FM0110:inst23           ; work         ;
;          |FMi:inst|        ; 1 (1)             ; 1 (1)        ; 0           ; 0            ; 0       ; 0         ; 0    ; 0            ; |fm|FM_FULL:inst8|FM0110:inst23|FMi:inst  ; work         ;
;       |FM0111:inst24|      ; 1 (0)             ; 1 (0)        ; 0           ; 0            ; 0       ; 0         ; 0    ; 0            ; |fm|FM_FULL:inst8|FM0111:inst24           ; work         ;
;          |FMi:inst|        ; 1 (1)             ; 1 (1)        ; 0           ; 0            ; 0       ; 0         ; 0    ; 0            ; |fm|FM_FULL:inst8|FM0111:inst24|FMi:inst  ; work         ;
;    |FM_FULL:inst9|         ; 13 (0)            ; 8 (0)        ; 0           ; 0            ; 0       ; 0         ; 0    ; 0            ; |fm|FM_FULL:inst9                         ; work         ;
;       |FM0000:inst|        ; 6 (0)             ; 1 (0)        ; 0           ; 0            ; 0       ; 0         ; 0    ; 0            ; |fm|FM_FULL:inst9|FM0000:inst             ; work         ;
;          |FMi:inst|        ; 6 (6)             ; 1 (1)        ; 0           ; 0            ; 0       ; 0         ; 0    ; 0            ; |fm|FM_FULL:inst9|FM0000:inst|FMi:inst    ; work         ;
;       |FM0001:inst4|       ; 1 (0)             ; 1 (0)        ; 0           ; 0            ; 0       ; 0         ; 0    ; 0            ; |fm|FM_FULL:inst9|FM0001:inst4            ; work         ;
;          |FMi:inst|        ; 1 (1)             ; 1 (1)        ; 0           ; 0            ; 0       ; 0         ; 0    ; 0            ; |fm|FM_FULL:inst9|FM0001:inst4|FMi:inst   ; work         ;
;       |FM0010:inst19|      ; 1 (0)             ; 1 (0)        ; 0           ; 0            ; 0       ; 0         ; 0    ; 0            ; |fm|FM_FULL:inst9|FM0010:inst19           ; work         ;
;          |FMi:inst|        ; 1 (1)             ; 1 (1)        ; 0           ; 0            ; 0       ; 0         ; 0    ; 0            ; |fm|FM_FULL:inst9|FM0010:inst19|FMi:inst  ; work         ;
;       |FM0011:inst20|      ; 1 (0)             ; 1 (0)        ; 0           ; 0            ; 0       ; 0         ; 0    ; 0            ; |fm|FM_FULL:inst9|FM0011:inst20           ; work         ;
;          |FMi:inst|        ; 1 (1)             ; 1 (1)        ; 0           ; 0            ; 0       ; 0         ; 0    ; 0            ; |fm|FM_FULL:inst9|FM0011:inst20|FMi:inst  ; work         ;
;       |FM0100:inst21|      ; 1 (0)             ; 1 (0)        ; 0           ; 0            ; 0       ; 0         ; 0    ; 0            ; |fm|FM_FULL:inst9|FM0100:inst21           ; work         ;
;          |FMi:inst|        ; 1 (1)             ; 1 (1)        ; 0           ; 0            ; 0       ; 0         ; 0    ; 0            ; |fm|FM_FULL:inst9|FM0100:inst21|FMi:inst  ; work         ;
;       |FM0101:inst22|      ; 1 (0)             ; 1 (0)        ; 0           ; 0            ; 0       ; 0         ; 0    ; 0            ; |fm|FM_FULL:inst9|FM0101:inst22           ; work         ;
;          |FMi:inst|        ; 1 (1)             ; 1 (1)        ; 0           ; 0            ; 0       ; 0         ; 0    ; 0            ; |fm|FM_FULL:inst9|FM0101:inst22|FMi:inst  ; work         ;
;       |FM0110:inst23|      ; 1 (0)             ; 1 (0)        ; 0           ; 0            ; 0       ; 0         ; 0    ; 0            ; |fm|FM_FULL:inst9|FM0110:inst23           ; work         ;
;          |FMi:inst|        ; 1 (1)             ; 1 (1)        ; 0           ; 0            ; 0       ; 0         ; 0    ; 0            ; |fm|FM_FULL:inst9|FM0110:inst23|FMi:inst  ; work         ;
;       |FM0111:inst24|      ; 1 (0)             ; 1 (0)        ; 0           ; 0            ; 0       ; 0         ; 0    ; 0            ; |fm|FM_FULL:inst9|FM0111:inst24           ; work         ;
;          |FMi:inst|        ; 1 (1)             ; 1 (1)        ; 0           ; 0            ; 0       ; 0         ; 0    ; 0            ; |fm|FM_FULL:inst9|FM0111:inst24|FMi:inst  ; work         ;
+----------------------------+-------------------+--------------+-------------+--------------+---------+-----------+------+--------------+-------------------------------------------+--------------+
Note: For table entries with two numbers listed, the numbers in parentheses indicate the number of resources of the given type used by the specific entity alone. The numbers listed outside of parentheses indicate the total resources of the given type used by the specific entity and all of its sub-entities in the hierarchy.


+------------------------------------------------------+
; General Register Statistics                          ;
+----------------------------------------------+-------+
; Statistic                                    ; Value ;
+----------------------------------------------+-------+
; Total registers                              ; 64    ;
; Number of registers using Synchronous Clear  ; 0     ;
; Number of registers using Synchronous Load   ; 0     ;
; Number of registers using Asynchronous Clear ; 0     ;
; Number of registers using Asynchronous Load  ; 0     ;
; Number of registers using Clock Enable       ; 0     ;
; Number of registers using Preset             ; 0     ;
+----------------------------------------------+-------+


+-------------------------------+
; Analysis & Synthesis Messages ;
+-------------------------------+
Info: *******************************************************************
Info: Running Quartus II Analysis & Synthesis
    Info: Version 9.1 Build 350 03/24/2010 Service Pack 2 SJ Web Edition
    Info: Processing started: Tue Nov 29 00:10:44 2011
Info: Command: quartus_map --read_settings_files=on --write_settings_files=off fm -c fm
Info: Found 1 design units, including 1 entities, in source file fm.bdf
    Info: Found entity 1: fm
Info: Found 1 design units, including 1 entities, in source file mux6.v
    Info: Found entity 1: MUX6
Info: Found 1 design units, including 1 entities, in source file fmi.bdf
    Info: Found entity 1: FMi
Info: Found 1 design units, including 1 entities, in source file fm0000.bdf
    Info: Found entity 1: FM0000
Info: Found 1 design units, including 1 entities, in source file fm0001.bdf
    Info: Found entity 1: FM0001
Info: Found 1 design units, including 1 entities, in source file fm0010.bdf
    Info: Found entity 1: FM0010
Info: Found 1 design units, including 1 entities, in source file fm0011.bdf
    Info: Found entity 1: FM0011
Info: Found 1 design units, including 1 entities, in source file fm0100.bdf
    Info: Found entity 1: FM0100
Info: Found 1 design units, including 1 entities, in source file fm0101.bdf
    Info: Found entity 1: FM0101
Info: Found 1 design units, including 1 entities, in source file fm0110.bdf
    Info: Found entity 1: FM0110
Info: Found 1 design units, including 1 entities, in source file fm0111.bdf
    Info: Found entity 1: FM0111
Info: Found 1 design units, including 1 entities, in source file fm1000.bdf
    Info: Found entity 1: FM1000
Info: Found 1 design units, including 1 entities, in source file fm1001.bdf
    Info: Found entity 1: FM1001
Info: Found 1 design units, including 1 entities, in source file fm1010.bdf
    Info: Found entity 1: FM1010
Info: Found 1 design units, including 1 entities, in source file fm1011.bdf
    Info: Found entity 1: FM1011
Info: Found 1 design units, including 1 entities, in source file fm1100.bdf
    Info: Found entity 1: FM1100
Info: Found 1 design units, including 1 entities, in source file fm1101.bdf
    Info: Found entity 1: FM1101
Info: Found 1 design units, including 1 entities, in source file fm1110.bdf
    Info: Found entity 1: FM1110
Info: Found 1 design units, including 1 entities, in source file fm1111.bdf
    Info: Found entity 1: FM1111
Info: Found 1 design units, including 1 entities, in source file fm_full.bdf
    Info: Found entity 1: FM_FULL
Info: Elaborating entity "fm" for the top level hierarchy
Info: Elaborating entity "FM_FULL" for hierarchy "FM_FULL:inst3"
Info: Elaborating entity "FM0000" for hierarchy "FM_FULL:inst3|FM0000:inst"
Info: Elaborating entity "FMi" for hierarchy "FM_FULL:inst3|FM0000:inst|FMi:inst"
Info: Elaborating entity "FM0001" for hierarchy "FM_FULL:inst3|FM0001:inst4"
Info: Elaborating entity "FM0010" for hierarchy "FM_FULL:inst3|FM0010:inst19"
Info: Elaborating entity "FM0011" for hierarchy "FM_FULL:inst3|FM0011:inst20"
Info: Elaborating entity "FM0100" for hierarchy "FM_FULL:inst3|FM0100:inst21"
Info: Elaborating entity "FM0101" for hierarchy "FM_FULL:inst3|FM0101:inst22"
Info: Elaborating entity "FM0110" for hierarchy "FM_FULL:inst3|FM0110:inst23"
Info: Elaborating entity "FM0111" for hierarchy "FM_FULL:inst3|FM0111:inst24"
Info: Implemented 202 device resources after synthesis - the final resource count might be different
    Info: Implemented 19 input pins
    Info: Implemented 8 output pins
    Info: Implemented 175 logic cells
Info: Quartus II Analysis & Synthesis was successful. 0 errors, 0 warnings
    Info: Peak virtual memory: 207 megabytes
    Info: Processing ended: Tue Nov 29 00:10:46 2011
    Info: Elapsed time: 00:00:02
    Info: Total CPU time (on all processors): 00:00:02


