Project Information                        d:\maxplus2\max2lib\lab3\plmt_d.rpt

MAX+plus II Compiler Report File
Version 10.1 06/12/2001
Compiled: 10/12/2010 19:35:51

Copyright (C) 1988-2001 Altera Corporation
Any megafunction design, and related net list (encrypted or decrypted),
support information, device programming or simulation file, and any other
associated documentation or information provided by Altera or a partner
under Altera's Megafunction Partnership Program may be used only to
program PLD devices (but not masked PLD devices) from Altera.  Any other
use of such megafunction design, net list, support information, device
programming or simulation file, or any other related documentation or
information is prohibited for any other purpose, including, but not
limited to modification, reverse engineering, de-compiling, or use with
any other silicon devices, unless such use is explicitly licensed under
a separate agreement with Altera or a megafunction partner.  Title to
the intellectual property, including patents, copyrights, trademarks,
trade secrets, or maskworks, embodied in any such megafunction design,
net list, support information, device programming or simulation file, or
any other related documentation or information provided by Altera or a
megafunction partner, remains with Altera, the megafunction partner, or
their respective licensors.  No other licenses, including any licenses
needed under any third party's intellectual property, are provided herein.



***** Project compilation was successful




** DEVICE SUMMARY **

Chip/                     Input   Output   Bidir 			    LCs
POF       Device          Pins    Pins     Pins      LCs    % Utilized

plmt_d    EP1800ILC-70     2        1        0       1           2  %

User Pins:                 2        1        0  



Project Information                        d:\maxplus2\max2lib\lab3\plmt_d.rpt

** AUTO GLOBAL SIGNALS **



INFO: Signal 'ABW' chosen for auto global Clock


Device-Specific Information:               d:\maxplus2\max2lib\lab3\plmt_d.rpt
plmt_d

***** Logic for device 'plmt_d' compiled without errors.




Device: EP1800ILC-70

Device Options:
    Turbo Bit                                    = ON
    Security Bit                                 = OFF

              R  R  R  R  R  R  R  R        R  R  R  R  R  R  R  
              E  E  E  E  E  E  E  E        E  E  E  E  E  E  E  
              S  S  S  S  S  S  S  S        S  S  S  S  S  S  S  
              E  E  E  E  E  E  E  E        E  E  E  E  E  E  E  
              R  R  R  R  R  R  R  R        R  R  R  R  R  R  R  
              V  V  V  V  V  V  V  V  G     V  V  V  V  V  V  V  
              E  E  E  E  E  E  E  E  N     E  E  E  E  E  E  E  
              D  D  D  D  D  D  D  D  D  O  D  D  D  D  D  D  D  
            -----------------------------------------------------_ 
          /   9  8  7  6  5  4  3  2  1 68 67 66 65 64 63 62 61   | 
RESERVED | 10                                                  60 | RESERVED 
RESERVED | 11                                                  59 | RESERVED 
RESERVED | 12                                                  58 | RESERVED 
RESERVED | 13                                                  57 | RESERVED 
     GND | 14                                                  56 | D 
     GND | 15                                                  55 | GND 
     GND | 16                                                  54 | GND 
     GND | 17                                                  53 | ABW 
     VCC | 18                   EP1800ILC-70                   52 | VCC 
     GND | 19                                                  51 | GND 
     GND | 20                                                  50 | GND 
     GND | 21                                                  49 | GND 
     GND | 22                                                  48 | GND 
RESERVED | 23                                                  47 | RESERVED 
RESERVED | 24                                                  46 | RESERVED 
RESERVED | 25                                                  45 | RESERVED 
RESERVED | 26                                                  44 | RESERVED 
         |_  27 28 29 30 31 32 33 34 35 36 37 38 39 40 41 42 43  _| 
           ------------------------------------------------------ 
              R  R  R  R  R  R  R  R  G  R  R  R  R  R  R  R  R  
              E  E  E  E  E  E  E  E  N  E  E  E  E  E  E  E  E  
              S  S  S  S  S  S  S  S  D  S  S  S  S  S  S  S  S  
              E  E  E  E  E  E  E  E     E  E  E  E  E  E  E  E  
              R  R  R  R  R  R  R  R     R  R  R  R  R  R  R  R  
              V  V  V  V  V  V  V  V     V  V  V  V  V  V  V  V  
              E  E  E  E  E  E  E  E     E  E  E  E  E  E  E  E  
              D  D  D  D  D  D  D  D     D  D  D  D  D  D  D  D  


N.C. = No Connect. This pin has no internal connection to the device.
VCC = Dedicated power pin, which MUST be connected to VCC.
GND = Dedicated ground pin or unused dedicated input, which MUST be connected to GND.
RESERVED = Unused I/O pin, which MUST be left unconnected.



Device-Specific Information:               d:\maxplus2\max2lib\lab3\plmt_d.rpt
plmt_d

** RESOURCE USAGE **

Logic Array Block     Logic Cells   I/O Pins       

A:     LC1 - LC12     0/12(  0%)   0/12(  0%) 
B:    LC13 - LC24     0/12(  0%)   0/12(  0%) 
C:    LC25 - LC36     0/12(  0%)   0/12(  0%) 
D:    LC37 - LC48     1/12(  8%)   1/12(  8%) 


Total dedicated input pins used:                 2/16     ( 12%)
Total I/O pins used:                             1/48     (  2%)
Total logic cells used:                          1/48     (  2%)
Average fan-in:                                  2.00
Total fan-in:                                     2

Total input pins required:                       2
Total output pins required:                      1
Total bidirectional pins required:               0
Total logic cells required:                      1
Total flipflops required:                        1

Synthesized logic cells:                         0/  48   (  0%)



Device-Specific Information:               d:\maxplus2\max2lib\lab3\plmt_d.rpt
plmt_d

** INPUTS **

                                        Fan-In    Fan-Out
 Pin     LC  LAB  Primitive    Code   INP  FBK  OUT  FBK  Name
  53      -   -       INPUT  G           0    0    0    0  ABW
  56      -   -       INPUT              0    0    1    0  D


Code:

g = Global logic cell
s = Synthesized pin or logic cell
+ = Synchronous flipflop
! = NOT gate push-back
r = Fitter-inserted logic cell
G = Global Source. Fan-out destinations counted here do not include destinations
that are driven using global routing resources. Refer to the Auto Global Signals,
Clock Signals, Clear Signals, Synchronous Load Signals, and Synchronous Clear Signals
Sections of this Report File for information on which signals' fan-outs are used as
Clock, Clear, Preset, Output Enable, and synchronous Load signals.


Device-Specific Information:               d:\maxplus2\max2lib\lab3\plmt_d.rpt
plmt_d

** OUTPUTS **

                                        Fan-In    Fan-Out
 Pin     LC  LAB  Primitive    Code   INP  FBK  OUT  FBK  Name
  68     48    D         FF   +          1    0    0    0  O


Code:

g = Global logic cell
s = Synthesized pin or logic cell
+ = Synchronous flipflop
! = NOT gate push-back
r = Fitter-inserted logic cell


Device-Specific Information:               d:\maxplus2\max2lib\lab3\plmt_d.rpt
plmt_d

** LOGIC CELL INTERCONNECTIONS **

           Logic cells placed in LAB 'D'
        +- LC48 O
        | 
        |   Other LABs fed by signals
        |   that feed LAB 'D'
LC      | 
LC48 -> - | <-- O

Pin
53   -> - | <-- ABW
56   -> @ | <-- D


* = The logic cell or pin is an input to the logic cell (or LAB) through the PIA.
@ = The input pin or logic cell feeds the logic cell (or LAB) using direct interconnect.
- = The logic cell or pin is not an input to the logic cell (or LAB).


Device-Specific Information:               d:\maxplus2\max2lib\lab3\plmt_d.rpt
plmt_d

** EQUATIONS **

ABW      : INPUT;
D        : INPUT;

-- Node name is 'O' = ':4' 
-- Equation name is 'O', type is output 
 O       = DFF( D, GLOBAL( ABW),  VCC,  VCC);



Project Information                        d:\maxplus2\max2lib\lab3\plmt_d.rpt

** COMPILATION SETTINGS & TIMES **

Processing Menu Commands
------------------------

Design Doctor                             = off

Logic Synthesis:

   Synthesis Type Used                    = Standard

   Default Synthesis Style                = NORMAL

      Logic option settings in 'NORMAL' style for 'CLASSIC' family

      MINIMIZATION                        = full
      SOFT_BUFFER_INSERTION               = on
      TURBO_BIT                           = on
      USE_LPM_FOR_AHDL_OPERATORS          = off

   Other logic synthesis settings:

      Automatic Global Clock              = on
      Automatic Global Clear              = on
      Automatic Global Preset             = on
      Automatic Global Output Enable      = on
      Automatic Fast I/O                  = off
      Automatic Register Packing          = off
      Automatic Open-Drain Pins           = on
      Automatic Implement in EAB          = off
      One-Hot State Machine Encoding      = off
      Optimize                            = 5

Default Timing Specifications: None

Cut All Bidir Feedback Timing Paths       = on
Cut All Clear & Preset Timing Paths       = on

Ignore Timing Assignments                 = off

Functional SNF Extractor                  = off

Linked SNF Extractor                      = off
Timing SNF Extractor                      = on
Optimize Timing SNF                       = off
Generate AHDL TDO File                    = off
Fitter Settings                           = NORMAL
Smart Recompile                           = off
Total Recompile                           = off

Interfaces Menu Commands
------------------------

EDIF Netlist Writer                       = off
Verilog Netlist Writer                    = off
VHDL Netlist Writer                       = off

Compilation Times
-----------------

   Compiler Netlist Extractor             00:00:00
   Database Builder                       00:00:00
   Logic Synthesizer                      00:00:00
   Partitioner                            00:00:00
   Fitter                                 00:00:00
   Timing SNF Extractor                   00:00:00
   Assembler                              00:00:00
   --------------------------             --------
   Total Time                             00:00:00


Memory Allocated
-----------------

Peak memory allocated during compilation  = 1,920K
