Project Information        e:\topsecret\5_sem\shemtechnik\labs\shem3\ram64.rpt

MAX+plus II Compiler Report File
Version 10.0 RC2 9/14/2000
Compiled: 10/15/2009 19:24:06

Copyright (C) 1988-2000 Altera Corporation
Any megafunction design, and related net list (encrypted or decrypted),
support information, device programming or simulation file, and any other
associated documentation or information provided by Altera or a partner
under Altera's Megafunction Partnership Program may be used only to
program PLD devices (but not masked PLD devices) from Altera.  Any other
use of such megafunction design, net list, support information, device
programming or simulation file, or any other related documentation or
information is prohibited for any other purpose, including, but not
limited to modification, reverse engineering, de-compiling, or use with
any other silicon devices, unless such use is explicitly licensed under
a separate agreement with Altera or a megafunction partner.  Title to
the intellectual property, including patents, copyrights, trademarks,
trade secrets, or maskworks, embodied in any such megafunction design,
net list, support information, device programming or simulation file, or
any other related documentation or information provided by Altera or a
megafunction partner, remains with Altera, the megafunction partner, or
their respective licensors.  No other licenses, including any licenses
needed under any third party's intellectual property, are provided herein.



***** Project compilation was successful




** DEVICE SUMMARY **

Chip/                     Input   Output   Bidir         Shareable
POF       Device          Pins    Pins     Pins     LCs  Expanders  % Utilized

ram64     EPM9320LC84-15   19       1        0      132     2           41 %

User Pins:                 19       1        0  



Project Information        e:\topsecret\5_sem\shemtechnik\labs\shem3\ram64.rpt

** AUTO GLOBAL SIGNALS **



INFO: Signal 'clk' chosen for auto global Clock


Project Information        e:\topsecret\5_sem\shemtechnik\labs\shem3\ram64.rpt

** FILE HIERARCHY **



|ram4_4:16|
|ram4_4:16|ram_4:17|
|ram4_4:16|ram_4:17|et1:3|
|ram4_4:16|ram_4:17|et1:3|carry_not:55|
|ram4_4:16|ram_4:17|et1:3|carry_not:56|
|ram4_4:16|ram_4:17|et1:3|carry_not:41|
|ram4_4:16|ram_4:17|et1:3|carry_not:40|
|ram4_4:16|ram_4:17|et1:3|carry_not:39|
|ram4_4:16|ram_4:17|et1:3|carry_not:38|
|ram4_4:16|ram_4:17|et1:3|carry_not:37|
|ram4_4:16|ram_4:17|et1:6|
|ram4_4:16|ram_4:17|et1:6|carry_not:55|
|ram4_4:16|ram_4:17|et1:6|carry_not:56|
|ram4_4:16|ram_4:17|et1:6|carry_not:41|
|ram4_4:16|ram_4:17|et1:6|carry_not:40|
|ram4_4:16|ram_4:17|et1:6|carry_not:39|
|ram4_4:16|ram_4:17|et1:6|carry_not:38|
|ram4_4:16|ram_4:17|et1:6|carry_not:37|
|ram4_4:16|ram_4:17|et1:1|
|ram4_4:16|ram_4:17|et1:1|carry_not:55|
|ram4_4:16|ram_4:17|et1:1|carry_not:56|
|ram4_4:16|ram_4:17|et1:1|carry_not:41|
|ram4_4:16|ram_4:17|et1:1|carry_not:40|
|ram4_4:16|ram_4:17|et1:1|carry_not:39|
|ram4_4:16|ram_4:17|et1:1|carry_not:38|
|ram4_4:16|ram_4:17|et1:1|carry_not:37|
|ram4_4:16|ram_4:17|et1:7|
|ram4_4:16|ram_4:17|et1:7|carry_not:55|
|ram4_4:16|ram_4:17|et1:7|carry_not:56|
|ram4_4:16|ram_4:17|et1:7|carry_not:41|
|ram4_4:16|ram_4:17|et1:7|carry_not:40|
|ram4_4:16|ram_4:17|et1:7|carry_not:39|
|ram4_4:16|ram_4:17|et1:7|carry_not:38|
|ram4_4:16|ram_4:17|et1:7|carry_not:37|
|ram4_4:16|ram_4:19|
|ram4_4:16|ram_4:19|et1:3|
|ram4_4:16|ram_4:19|et1:3|carry_not:55|
|ram4_4:16|ram_4:19|et1:3|carry_not:56|
|ram4_4:16|ram_4:19|et1:3|carry_not:41|
|ram4_4:16|ram_4:19|et1:3|carry_not:40|
|ram4_4:16|ram_4:19|et1:3|carry_not:39|
|ram4_4:16|ram_4:19|et1:3|carry_not:38|
|ram4_4:16|ram_4:19|et1:3|carry_not:37|
|ram4_4:16|ram_4:19|et1:6|
|ram4_4:16|ram_4:19|et1:6|carry_not:55|
|ram4_4:16|ram_4:19|et1:6|carry_not:56|
|ram4_4:16|ram_4:19|et1:6|carry_not:41|
|ram4_4:16|ram_4:19|et1:6|carry_not:40|
|ram4_4:16|ram_4:19|et1:6|carry_not:39|
|ram4_4:16|ram_4:19|et1:6|carry_not:38|
|ram4_4:16|ram_4:19|et1:6|carry_not:37|
|ram4_4:16|ram_4:19|et1:1|
|ram4_4:16|ram_4:19|et1:1|carry_not:55|
|ram4_4:16|ram_4:19|et1:1|carry_not:56|
|ram4_4:16|ram_4:19|et1:1|carry_not:41|
|ram4_4:16|ram_4:19|et1:1|carry_not:40|
|ram4_4:16|ram_4:19|et1:1|carry_not:39|
|ram4_4:16|ram_4:19|et1:1|carry_not:38|
|ram4_4:16|ram_4:19|et1:1|carry_not:37|
|ram4_4:16|ram_4:19|et1:7|
|ram4_4:16|ram_4:19|et1:7|carry_not:55|
|ram4_4:16|ram_4:19|et1:7|carry_not:56|
|ram4_4:16|ram_4:19|et1:7|carry_not:41|
|ram4_4:16|ram_4:19|et1:7|carry_not:40|
|ram4_4:16|ram_4:19|et1:7|carry_not:39|
|ram4_4:16|ram_4:19|et1:7|carry_not:38|
|ram4_4:16|ram_4:19|et1:7|carry_not:37|
|ram4_4:16|ram_4:18|
|ram4_4:16|ram_4:18|et1:3|
|ram4_4:16|ram_4:18|et1:3|carry_not:55|
|ram4_4:16|ram_4:18|et1:3|carry_not:56|
|ram4_4:16|ram_4:18|et1:3|carry_not:41|
|ram4_4:16|ram_4:18|et1:3|carry_not:40|
|ram4_4:16|ram_4:18|et1:3|carry_not:39|
|ram4_4:16|ram_4:18|et1:3|carry_not:38|
|ram4_4:16|ram_4:18|et1:3|carry_not:37|
|ram4_4:16|ram_4:18|et1:6|
|ram4_4:16|ram_4:18|et1:6|carry_not:55|
|ram4_4:16|ram_4:18|et1:6|carry_not:56|
|ram4_4:16|ram_4:18|et1:6|carry_not:41|
|ram4_4:16|ram_4:18|et1:6|carry_not:40|
|ram4_4:16|ram_4:18|et1:6|carry_not:39|
|ram4_4:16|ram_4:18|et1:6|carry_not:38|
|ram4_4:16|ram_4:18|et1:6|carry_not:37|
|ram4_4:16|ram_4:18|et1:1|
|ram4_4:16|ram_4:18|et1:1|carry_not:55|
|ram4_4:16|ram_4:18|et1:1|carry_not:56|
|ram4_4:16|ram_4:18|et1:1|carry_not:41|
|ram4_4:16|ram_4:18|et1:1|carry_not:40|
|ram4_4:16|ram_4:18|et1:1|carry_not:39|
|ram4_4:16|ram_4:18|et1:1|carry_not:38|
|ram4_4:16|ram_4:18|et1:1|carry_not:37|
|ram4_4:16|ram_4:18|et1:7|
|ram4_4:16|ram_4:18|et1:7|carry_not:55|
|ram4_4:16|ram_4:18|et1:7|carry_not:56|
|ram4_4:16|ram_4:18|et1:7|carry_not:41|
|ram4_4:16|ram_4:18|et1:7|carry_not:40|
|ram4_4:16|ram_4:18|et1:7|carry_not:39|
|ram4_4:16|ram_4:18|et1:7|carry_not:38|
|ram4_4:16|ram_4:18|et1:7|carry_not:37|
|ram4_4:16|ram_4:16|
|ram4_4:16|ram_4:16|et1:3|
|ram4_4:16|ram_4:16|et1:3|carry_not:55|
|ram4_4:16|ram_4:16|et1:3|carry_not:56|
|ram4_4:16|ram_4:16|et1:3|carry_not:41|
|ram4_4:16|ram_4:16|et1:3|carry_not:40|
|ram4_4:16|ram_4:16|et1:3|carry_not:39|
|ram4_4:16|ram_4:16|et1:3|carry_not:38|
|ram4_4:16|ram_4:16|et1:3|carry_not:37|
|ram4_4:16|ram_4:16|et1:6|
|ram4_4:16|ram_4:16|et1:6|carry_not:55|
|ram4_4:16|ram_4:16|et1:6|carry_not:56|
|ram4_4:16|ram_4:16|et1:6|carry_not:41|
|ram4_4:16|ram_4:16|et1:6|carry_not:40|
|ram4_4:16|ram_4:16|et1:6|carry_not:39|
|ram4_4:16|ram_4:16|et1:6|carry_not:38|
|ram4_4:16|ram_4:16|et1:6|carry_not:37|
|ram4_4:16|ram_4:16|et1:1|
|ram4_4:16|ram_4:16|et1:1|carry_not:55|
|ram4_4:16|ram_4:16|et1:1|carry_not:56|
|ram4_4:16|ram_4:16|et1:1|carry_not:41|
|ram4_4:16|ram_4:16|et1:1|carry_not:40|
|ram4_4:16|ram_4:16|et1:1|carry_not:39|
|ram4_4:16|ram_4:16|et1:1|carry_not:38|
|ram4_4:16|ram_4:16|et1:1|carry_not:37|
|ram4_4:16|ram_4:16|et1:7|
|ram4_4:16|ram_4:16|et1:7|carry_not:55|
|ram4_4:16|ram_4:16|et1:7|carry_not:56|
|ram4_4:16|ram_4:16|et1:7|carry_not:41|
|ram4_4:16|ram_4:16|et1:7|carry_not:40|
|ram4_4:16|ram_4:16|et1:7|carry_not:39|
|ram4_4:16|ram_4:16|et1:7|carry_not:38|
|ram4_4:16|ram_4:16|et1:7|carry_not:37|
|ram4_4:19|
|ram4_4:19|ram_4:17|
|ram4_4:19|ram_4:17|et1:3|
|ram4_4:19|ram_4:17|et1:3|carry_not:55|
|ram4_4:19|ram_4:17|et1:3|carry_not:56|
|ram4_4:19|ram_4:17|et1:3|carry_not:41|
|ram4_4:19|ram_4:17|et1:3|carry_not:40|
|ram4_4:19|ram_4:17|et1:3|carry_not:39|
|ram4_4:19|ram_4:17|et1:3|carry_not:38|
|ram4_4:19|ram_4:17|et1:3|carry_not:37|
|ram4_4:19|ram_4:17|et1:6|
|ram4_4:19|ram_4:17|et1:6|carry_not:55|
|ram4_4:19|ram_4:17|et1:6|carry_not:56|
|ram4_4:19|ram_4:17|et1:6|carry_not:41|
|ram4_4:19|ram_4:17|et1:6|carry_not:40|
|ram4_4:19|ram_4:17|et1:6|carry_not:39|
|ram4_4:19|ram_4:17|et1:6|carry_not:38|
|ram4_4:19|ram_4:17|et1:6|carry_not:37|
|ram4_4:19|ram_4:17|et1:1|
|ram4_4:19|ram_4:17|et1:1|carry_not:55|
|ram4_4:19|ram_4:17|et1:1|carry_not:56|
|ram4_4:19|ram_4:17|et1:1|carry_not:41|
|ram4_4:19|ram_4:17|et1:1|carry_not:40|
|ram4_4:19|ram_4:17|et1:1|carry_not:39|
|ram4_4:19|ram_4:17|et1:1|carry_not:38|
|ram4_4:19|ram_4:17|et1:1|carry_not:37|
|ram4_4:19|ram_4:17|et1:7|
|ram4_4:19|ram_4:17|et1:7|carry_not:55|
|ram4_4:19|ram_4:17|et1:7|carry_not:56|
|ram4_4:19|ram_4:17|et1:7|carry_not:41|
|ram4_4:19|ram_4:17|et1:7|carry_not:40|
|ram4_4:19|ram_4:17|et1:7|carry_not:39|
|ram4_4:19|ram_4:17|et1:7|carry_not:38|
|ram4_4:19|ram_4:17|et1:7|carry_not:37|
|ram4_4:19|ram_4:19|
|ram4_4:19|ram_4:19|et1:3|
|ram4_4:19|ram_4:19|et1:3|carry_not:55|
|ram4_4:19|ram_4:19|et1:3|carry_not:56|
|ram4_4:19|ram_4:19|et1:3|carry_not:41|
|ram4_4:19|ram_4:19|et1:3|carry_not:40|
|ram4_4:19|ram_4:19|et1:3|carry_not:39|
|ram4_4:19|ram_4:19|et1:3|carry_not:38|
|ram4_4:19|ram_4:19|et1:3|carry_not:37|
|ram4_4:19|ram_4:19|et1:6|
|ram4_4:19|ram_4:19|et1:6|carry_not:55|
|ram4_4:19|ram_4:19|et1:6|carry_not:56|
|ram4_4:19|ram_4:19|et1:6|carry_not:41|
|ram4_4:19|ram_4:19|et1:6|carry_not:40|
|ram4_4:19|ram_4:19|et1:6|carry_not:39|
|ram4_4:19|ram_4:19|et1:6|carry_not:38|
|ram4_4:19|ram_4:19|et1:6|carry_not:37|
|ram4_4:19|ram_4:19|et1:1|
|ram4_4:19|ram_4:19|et1:1|carry_not:55|
|ram4_4:19|ram_4:19|et1:1|carry_not:56|
|ram4_4:19|ram_4:19|et1:1|carry_not:41|
|ram4_4:19|ram_4:19|et1:1|carry_not:40|
|ram4_4:19|ram_4:19|et1:1|carry_not:39|
|ram4_4:19|ram_4:19|et1:1|carry_not:38|
|ram4_4:19|ram_4:19|et1:1|carry_not:37|
|ram4_4:19|ram_4:19|et1:7|
|ram4_4:19|ram_4:19|et1:7|carry_not:55|
|ram4_4:19|ram_4:19|et1:7|carry_not:56|
|ram4_4:19|ram_4:19|et1:7|carry_not:41|
|ram4_4:19|ram_4:19|et1:7|carry_not:40|
|ram4_4:19|ram_4:19|et1:7|carry_not:39|
|ram4_4:19|ram_4:19|et1:7|carry_not:38|
|ram4_4:19|ram_4:19|et1:7|carry_not:37|
|ram4_4:19|ram_4:18|
|ram4_4:19|ram_4:18|et1:3|
|ram4_4:19|ram_4:18|et1:3|carry_not:55|
|ram4_4:19|ram_4:18|et1:3|carry_not:56|
|ram4_4:19|ram_4:18|et1:3|carry_not:41|
|ram4_4:19|ram_4:18|et1:3|carry_not:40|
|ram4_4:19|ram_4:18|et1:3|carry_not:39|
|ram4_4:19|ram_4:18|et1:3|carry_not:38|
|ram4_4:19|ram_4:18|et1:3|carry_not:37|
|ram4_4:19|ram_4:18|et1:6|
|ram4_4:19|ram_4:18|et1:6|carry_not:55|
|ram4_4:19|ram_4:18|et1:6|carry_not:56|
|ram4_4:19|ram_4:18|et1:6|carry_not:41|
|ram4_4:19|ram_4:18|et1:6|carry_not:40|
|ram4_4:19|ram_4:18|et1:6|carry_not:39|
|ram4_4:19|ram_4:18|et1:6|carry_not:38|
|ram4_4:19|ram_4:18|et1:6|carry_not:37|
|ram4_4:19|ram_4:18|et1:1|
|ram4_4:19|ram_4:18|et1:1|carry_not:55|
|ram4_4:19|ram_4:18|et1:1|carry_not:56|
|ram4_4:19|ram_4:18|et1:1|carry_not:41|
|ram4_4:19|ram_4:18|et1:1|carry_not:40|
|ram4_4:19|ram_4:18|et1:1|carry_not:39|
|ram4_4:19|ram_4:18|et1:1|carry_not:38|
|ram4_4:19|ram_4:18|et1:1|carry_not:37|
|ram4_4:19|ram_4:18|et1:7|
|ram4_4:19|ram_4:18|et1:7|carry_not:55|
|ram4_4:19|ram_4:18|et1:7|carry_not:56|
|ram4_4:19|ram_4:18|et1:7|carry_not:41|
|ram4_4:19|ram_4:18|et1:7|carry_not:40|
|ram4_4:19|ram_4:18|et1:7|carry_not:39|
|ram4_4:19|ram_4:18|et1:7|carry_not:38|
|ram4_4:19|ram_4:18|et1:7|carry_not:37|
|ram4_4:19|ram_4:16|
|ram4_4:19|ram_4:16|et1:3|
|ram4_4:19|ram_4:16|et1:3|carry_not:55|
|ram4_4:19|ram_4:16|et1:3|carry_not:56|
|ram4_4:19|ram_4:16|et1:3|carry_not:41|
|ram4_4:19|ram_4:16|et1:3|carry_not:40|
|ram4_4:19|ram_4:16|et1:3|carry_not:39|
|ram4_4:19|ram_4:16|et1:3|carry_not:38|
|ram4_4:19|ram_4:16|et1:3|carry_not:37|
|ram4_4:19|ram_4:16|et1:6|
|ram4_4:19|ram_4:16|et1:6|carry_not:55|
|ram4_4:19|ram_4:16|et1:6|carry_not:56|
|ram4_4:19|ram_4:16|et1:6|carry_not:41|
|ram4_4:19|ram_4:16|et1:6|carry_not:40|
|ram4_4:19|ram_4:16|et1:6|carry_not:39|
|ram4_4:19|ram_4:16|et1:6|carry_not:38|
|ram4_4:19|ram_4:16|et1:6|carry_not:37|
|ram4_4:19|ram_4:16|et1:1|
|ram4_4:19|ram_4:16|et1:1|carry_not:55|
|ram4_4:19|ram_4:16|et1:1|carry_not:56|
|ram4_4:19|ram_4:16|et1:1|carry_not:41|
|ram4_4:19|ram_4:16|et1:1|carry_not:40|
|ram4_4:19|ram_4:16|et1:1|carry_not:39|
|ram4_4:19|ram_4:16|et1:1|carry_not:38|
|ram4_4:19|ram_4:16|et1:1|carry_not:37|
|ram4_4:19|ram_4:16|et1:7|
|ram4_4:19|ram_4:16|et1:7|carry_not:55|
|ram4_4:19|ram_4:16|et1:7|carry_not:56|
|ram4_4:19|ram_4:16|et1:7|carry_not:41|
|ram4_4:19|ram_4:16|et1:7|carry_not:40|
|ram4_4:19|ram_4:16|et1:7|carry_not:39|
|ram4_4:19|ram_4:16|et1:7|carry_not:38|
|ram4_4:19|ram_4:16|et1:7|carry_not:37|
|ram4_4:18|
|ram4_4:18|ram_4:17|
|ram4_4:18|ram_4:17|et1:3|
|ram4_4:18|ram_4:17|et1:3|carry_not:55|
|ram4_4:18|ram_4:17|et1:3|carry_not:56|
|ram4_4:18|ram_4:17|et1:3|carry_not:41|
|ram4_4:18|ram_4:17|et1:3|carry_not:40|
|ram4_4:18|ram_4:17|et1:3|carry_not:39|
|ram4_4:18|ram_4:17|et1:3|carry_not:38|
|ram4_4:18|ram_4:17|et1:3|carry_not:37|
|ram4_4:18|ram_4:17|et1:6|
|ram4_4:18|ram_4:17|et1:6|carry_not:55|
|ram4_4:18|ram_4:17|et1:6|carry_not:56|
|ram4_4:18|ram_4:17|et1:6|carry_not:41|
|ram4_4:18|ram_4:17|et1:6|carry_not:40|
|ram4_4:18|ram_4:17|et1:6|carry_not:39|
|ram4_4:18|ram_4:17|et1:6|carry_not:38|
|ram4_4:18|ram_4:17|et1:6|carry_not:37|
|ram4_4:18|ram_4:17|et1:1|
|ram4_4:18|ram_4:17|et1:1|carry_not:55|
|ram4_4:18|ram_4:17|et1:1|carry_not:56|
|ram4_4:18|ram_4:17|et1:1|carry_not:41|
|ram4_4:18|ram_4:17|et1:1|carry_not:40|
|ram4_4:18|ram_4:17|et1:1|carry_not:39|
|ram4_4:18|ram_4:17|et1:1|carry_not:38|
|ram4_4:18|ram_4:17|et1:1|carry_not:37|
|ram4_4:18|ram_4:17|et1:7|
|ram4_4:18|ram_4:17|et1:7|carry_not:55|
|ram4_4:18|ram_4:17|et1:7|carry_not:56|
|ram4_4:18|ram_4:17|et1:7|carry_not:41|
|ram4_4:18|ram_4:17|et1:7|carry_not:40|
|ram4_4:18|ram_4:17|et1:7|carry_not:39|
|ram4_4:18|ram_4:17|et1:7|carry_not:38|
|ram4_4:18|ram_4:17|et1:7|carry_not:37|
|ram4_4:18|ram_4:19|
|ram4_4:18|ram_4:19|et1:3|
|ram4_4:18|ram_4:19|et1:3|carry_not:55|
|ram4_4:18|ram_4:19|et1:3|carry_not:56|
|ram4_4:18|ram_4:19|et1:3|carry_not:41|
|ram4_4:18|ram_4:19|et1:3|carry_not:40|
|ram4_4:18|ram_4:19|et1:3|carry_not:39|
|ram4_4:18|ram_4:19|et1:3|carry_not:38|
|ram4_4:18|ram_4:19|et1:3|carry_not:37|
|ram4_4:18|ram_4:19|et1:6|
|ram4_4:18|ram_4:19|et1:6|carry_not:55|
|ram4_4:18|ram_4:19|et1:6|carry_not:56|
|ram4_4:18|ram_4:19|et1:6|carry_not:41|
|ram4_4:18|ram_4:19|et1:6|carry_not:40|
|ram4_4:18|ram_4:19|et1:6|carry_not:39|
|ram4_4:18|ram_4:19|et1:6|carry_not:38|
|ram4_4:18|ram_4:19|et1:6|carry_not:37|
|ram4_4:18|ram_4:19|et1:1|
|ram4_4:18|ram_4:19|et1:1|carry_not:55|
|ram4_4:18|ram_4:19|et1:1|carry_not:56|
|ram4_4:18|ram_4:19|et1:1|carry_not:41|
|ram4_4:18|ram_4:19|et1:1|carry_not:40|
|ram4_4:18|ram_4:19|et1:1|carry_not:39|
|ram4_4:18|ram_4:19|et1:1|carry_not:38|
|ram4_4:18|ram_4:19|et1:1|carry_not:37|
|ram4_4:18|ram_4:19|et1:7|
|ram4_4:18|ram_4:19|et1:7|carry_not:55|
|ram4_4:18|ram_4:19|et1:7|carry_not:56|
|ram4_4:18|ram_4:19|et1:7|carry_not:41|
|ram4_4:18|ram_4:19|et1:7|carry_not:40|
|ram4_4:18|ram_4:19|et1:7|carry_not:39|
|ram4_4:18|ram_4:19|et1:7|carry_not:38|
|ram4_4:18|ram_4:19|et1:7|carry_not:37|
|ram4_4:18|ram_4:18|
|ram4_4:18|ram_4:18|et1:3|
|ram4_4:18|ram_4:18|et1:3|carry_not:55|
|ram4_4:18|ram_4:18|et1:3|carry_not:56|
|ram4_4:18|ram_4:18|et1:3|carry_not:41|
|ram4_4:18|ram_4:18|et1:3|carry_not:40|
|ram4_4:18|ram_4:18|et1:3|carry_not:39|
|ram4_4:18|ram_4:18|et1:3|carry_not:38|
|ram4_4:18|ram_4:18|et1:3|carry_not:37|
|ram4_4:18|ram_4:18|et1:6|
|ram4_4:18|ram_4:18|et1:6|carry_not:55|
|ram4_4:18|ram_4:18|et1:6|carry_not:56|
|ram4_4:18|ram_4:18|et1:6|carry_not:41|
|ram4_4:18|ram_4:18|et1:6|carry_not:40|
|ram4_4:18|ram_4:18|et1:6|carry_not:39|
|ram4_4:18|ram_4:18|et1:6|carry_not:38|
|ram4_4:18|ram_4:18|et1:6|carry_not:37|
|ram4_4:18|ram_4:18|et1:1|
|ram4_4:18|ram_4:18|et1:1|carry_not:55|
|ram4_4:18|ram_4:18|et1:1|carry_not:56|
|ram4_4:18|ram_4:18|et1:1|carry_not:41|
|ram4_4:18|ram_4:18|et1:1|carry_not:40|
|ram4_4:18|ram_4:18|et1:1|carry_not:39|
|ram4_4:18|ram_4:18|et1:1|carry_not:38|
|ram4_4:18|ram_4:18|et1:1|carry_not:37|
|ram4_4:18|ram_4:18|et1:7|
|ram4_4:18|ram_4:18|et1:7|carry_not:55|
|ram4_4:18|ram_4:18|et1:7|carry_not:56|
|ram4_4:18|ram_4:18|et1:7|carry_not:41|
|ram4_4:18|ram_4:18|et1:7|carry_not:40|
|ram4_4:18|ram_4:18|et1:7|carry_not:39|
|ram4_4:18|ram_4:18|et1:7|carry_not:38|
|ram4_4:18|ram_4:18|et1:7|carry_not:37|
|ram4_4:18|ram_4:16|
|ram4_4:18|ram_4:16|et1:3|
|ram4_4:18|ram_4:16|et1:3|carry_not:55|
|ram4_4:18|ram_4:16|et1:3|carry_not:56|
|ram4_4:18|ram_4:16|et1:3|carry_not:41|
|ram4_4:18|ram_4:16|et1:3|carry_not:40|
|ram4_4:18|ram_4:16|et1:3|carry_not:39|
|ram4_4:18|ram_4:16|et1:3|carry_not:38|
|ram4_4:18|ram_4:16|et1:3|carry_not:37|
|ram4_4:18|ram_4:16|et1:6|
|ram4_4:18|ram_4:16|et1:6|carry_not:55|
|ram4_4:18|ram_4:16|et1:6|carry_not:56|
|ram4_4:18|ram_4:16|et1:6|carry_not:41|
|ram4_4:18|ram_4:16|et1:6|carry_not:40|
|ram4_4:18|ram_4:16|et1:6|carry_not:39|
|ram4_4:18|ram_4:16|et1:6|carry_not:38|
|ram4_4:18|ram_4:16|et1:6|carry_not:37|
|ram4_4:18|ram_4:16|et1:1|
|ram4_4:18|ram_4:16|et1:1|carry_not:55|
|ram4_4:18|ram_4:16|et1:1|carry_not:56|
|ram4_4:18|ram_4:16|et1:1|carry_not:41|
|ram4_4:18|ram_4:16|et1:1|carry_not:40|
|ram4_4:18|ram_4:16|et1:1|carry_not:39|
|ram4_4:18|ram_4:16|et1:1|carry_not:38|
|ram4_4:18|ram_4:16|et1:1|carry_not:37|
|ram4_4:18|ram_4:16|et1:7|
|ram4_4:18|ram_4:16|et1:7|carry_not:55|
|ram4_4:18|ram_4:16|et1:7|carry_not:56|
|ram4_4:18|ram_4:16|et1:7|carry_not:41|
|ram4_4:18|ram_4:16|et1:7|carry_not:40|
|ram4_4:18|ram_4:16|et1:7|carry_not:39|
|ram4_4:18|ram_4:16|et1:7|carry_not:38|
|ram4_4:18|ram_4:16|et1:7|carry_not:37|
|ram4_4:17|
|ram4_4:17|ram_4:17|
|ram4_4:17|ram_4:17|et1:3|
|ram4_4:17|ram_4:17|et1:3|carry_not:55|
|ram4_4:17|ram_4:17|et1:3|carry_not:56|
|ram4_4:17|ram_4:17|et1:3|carry_not:41|
|ram4_4:17|ram_4:17|et1:3|carry_not:40|
|ram4_4:17|ram_4:17|et1:3|carry_not:39|
|ram4_4:17|ram_4:17|et1:3|carry_not:38|
|ram4_4:17|ram_4:17|et1:3|carry_not:37|
|ram4_4:17|ram_4:17|et1:6|
|ram4_4:17|ram_4:17|et1:6|carry_not:55|
|ram4_4:17|ram_4:17|et1:6|carry_not:56|
|ram4_4:17|ram_4:17|et1:6|carry_not:41|
|ram4_4:17|ram_4:17|et1:6|carry_not:40|
|ram4_4:17|ram_4:17|et1:6|carry_not:39|
|ram4_4:17|ram_4:17|et1:6|carry_not:38|
|ram4_4:17|ram_4:17|et1:6|carry_not:37|
|ram4_4:17|ram_4:17|et1:1|
|ram4_4:17|ram_4:17|et1:1|carry_not:55|
|ram4_4:17|ram_4:17|et1:1|carry_not:56|
|ram4_4:17|ram_4:17|et1:1|carry_not:41|
|ram4_4:17|ram_4:17|et1:1|carry_not:40|
|ram4_4:17|ram_4:17|et1:1|carry_not:39|
|ram4_4:17|ram_4:17|et1:1|carry_not:38|
|ram4_4:17|ram_4:17|et1:1|carry_not:37|
|ram4_4:17|ram_4:17|et1:7|
|ram4_4:17|ram_4:17|et1:7|carry_not:55|
|ram4_4:17|ram_4:17|et1:7|carry_not:56|
|ram4_4:17|ram_4:17|et1:7|carry_not:41|
|ram4_4:17|ram_4:17|et1:7|carry_not:40|
|ram4_4:17|ram_4:17|et1:7|carry_not:39|
|ram4_4:17|ram_4:17|et1:7|carry_not:38|
|ram4_4:17|ram_4:17|et1:7|carry_not:37|
|ram4_4:17|ram_4:19|
|ram4_4:17|ram_4:19|et1:3|
|ram4_4:17|ram_4:19|et1:3|carry_not:55|
|ram4_4:17|ram_4:19|et1:3|carry_not:56|
|ram4_4:17|ram_4:19|et1:3|carry_not:41|
|ram4_4:17|ram_4:19|et1:3|carry_not:40|
|ram4_4:17|ram_4:19|et1:3|carry_not:39|
|ram4_4:17|ram_4:19|et1:3|carry_not:38|
|ram4_4:17|ram_4:19|et1:3|carry_not:37|
|ram4_4:17|ram_4:19|et1:6|
|ram4_4:17|ram_4:19|et1:6|carry_not:55|
|ram4_4:17|ram_4:19|et1:6|carry_not:56|
|ram4_4:17|ram_4:19|et1:6|carry_not:41|
|ram4_4:17|ram_4:19|et1:6|carry_not:40|
|ram4_4:17|ram_4:19|et1:6|carry_not:39|
|ram4_4:17|ram_4:19|et1:6|carry_not:38|
|ram4_4:17|ram_4:19|et1:6|carry_not:37|
|ram4_4:17|ram_4:19|et1:1|
|ram4_4:17|ram_4:19|et1:1|carry_not:55|
|ram4_4:17|ram_4:19|et1:1|carry_not:56|
|ram4_4:17|ram_4:19|et1:1|carry_not:41|
|ram4_4:17|ram_4:19|et1:1|carry_not:40|
|ram4_4:17|ram_4:19|et1:1|carry_not:39|
|ram4_4:17|ram_4:19|et1:1|carry_not:38|
|ram4_4:17|ram_4:19|et1:1|carry_not:37|
|ram4_4:17|ram_4:19|et1:7|
|ram4_4:17|ram_4:19|et1:7|carry_not:55|
|ram4_4:17|ram_4:19|et1:7|carry_not:56|
|ram4_4:17|ram_4:19|et1:7|carry_not:41|
|ram4_4:17|ram_4:19|et1:7|carry_not:40|
|ram4_4:17|ram_4:19|et1:7|carry_not:39|
|ram4_4:17|ram_4:19|et1:7|carry_not:38|
|ram4_4:17|ram_4:19|et1:7|carry_not:37|
|ram4_4:17|ram_4:18|
|ram4_4:17|ram_4:18|et1:3|
|ram4_4:17|ram_4:18|et1:3|carry_not:55|
|ram4_4:17|ram_4:18|et1:3|carry_not:56|
|ram4_4:17|ram_4:18|et1:3|carry_not:41|
|ram4_4:17|ram_4:18|et1:3|carry_not:40|
|ram4_4:17|ram_4:18|et1:3|carry_not:39|
|ram4_4:17|ram_4:18|et1:3|carry_not:38|
|ram4_4:17|ram_4:18|et1:3|carry_not:37|
|ram4_4:17|ram_4:18|et1:6|
|ram4_4:17|ram_4:18|et1:6|carry_not:55|
|ram4_4:17|ram_4:18|et1:6|carry_not:56|
|ram4_4:17|ram_4:18|et1:6|carry_not:41|
|ram4_4:17|ram_4:18|et1:6|carry_not:40|
|ram4_4:17|ram_4:18|et1:6|carry_not:39|
|ram4_4:17|ram_4:18|et1:6|carry_not:38|
|ram4_4:17|ram_4:18|et1:6|carry_not:37|
|ram4_4:17|ram_4:18|et1:1|
|ram4_4:17|ram_4:18|et1:1|carry_not:55|
|ram4_4:17|ram_4:18|et1:1|carry_not:56|
|ram4_4:17|ram_4:18|et1:1|carry_not:41|
|ram4_4:17|ram_4:18|et1:1|carry_not:40|
|ram4_4:17|ram_4:18|et1:1|carry_not:39|
|ram4_4:17|ram_4:18|et1:1|carry_not:38|
|ram4_4:17|ram_4:18|et1:1|carry_not:37|
|ram4_4:17|ram_4:18|et1:7|
|ram4_4:17|ram_4:18|et1:7|carry_not:55|
|ram4_4:17|ram_4:18|et1:7|carry_not:56|
|ram4_4:17|ram_4:18|et1:7|carry_not:41|
|ram4_4:17|ram_4:18|et1:7|carry_not:40|
|ram4_4:17|ram_4:18|et1:7|carry_not:39|
|ram4_4:17|ram_4:18|et1:7|carry_not:38|
|ram4_4:17|ram_4:18|et1:7|carry_not:37|
|ram4_4:17|ram_4:16|
|ram4_4:17|ram_4:16|et1:3|
|ram4_4:17|ram_4:16|et1:3|carry_not:55|
|ram4_4:17|ram_4:16|et1:3|carry_not:56|
|ram4_4:17|ram_4:16|et1:3|carry_not:41|
|ram4_4:17|ram_4:16|et1:3|carry_not:40|
|ram4_4:17|ram_4:16|et1:3|carry_not:39|
|ram4_4:17|ram_4:16|et1:3|carry_not:38|
|ram4_4:17|ram_4:16|et1:3|carry_not:37|
|ram4_4:17|ram_4:16|et1:6|
|ram4_4:17|ram_4:16|et1:6|carry_not:55|
|ram4_4:17|ram_4:16|et1:6|carry_not:56|
|ram4_4:17|ram_4:16|et1:6|carry_not:41|
|ram4_4:17|ram_4:16|et1:6|carry_not:40|
|ram4_4:17|ram_4:16|et1:6|carry_not:39|
|ram4_4:17|ram_4:16|et1:6|carry_not:38|
|ram4_4:17|ram_4:16|et1:6|carry_not:37|
|ram4_4:17|ram_4:16|et1:1|
|ram4_4:17|ram_4:16|et1:1|carry_not:55|
|ram4_4:17|ram_4:16|et1:1|carry_not:56|
|ram4_4:17|ram_4:16|et1:1|carry_not:41|
|ram4_4:17|ram_4:16|et1:1|carry_not:40|
|ram4_4:17|ram_4:16|et1:1|carry_not:39|
|ram4_4:17|ram_4:16|et1:1|carry_not:38|
|ram4_4:17|ram_4:16|et1:1|carry_not:37|
|ram4_4:17|ram_4:16|et1:7|
|ram4_4:17|ram_4:16|et1:7|carry_not:55|
|ram4_4:17|ram_4:16|et1:7|carry_not:56|
|ram4_4:17|ram_4:16|et1:7|carry_not:41|
|ram4_4:17|ram_4:16|et1:7|carry_not:40|
|ram4_4:17|ram_4:16|et1:7|carry_not:39|
|ram4_4:17|ram_4:16|et1:7|carry_not:38|
|ram4_4:17|ram_4:16|et1:7|carry_not:37|


Device-Specific Information:e:\topsecret\5_sem\shemtechnik\labs\shem3\ram64.rpt
ram64

***** Logic for device 'ram64' compiled without errors.




Device: EPM9320LC84-15

Device Options:
    Turbo Bit                                    = ON
    Security Bit                                 = OFF
    User Code                                  = ffff
    MultiVolt I/O                              = OFF

              R                       R  R           R  R  R     R  R     R  
              E                       E  E           E  E  E     E  E     E  
              S                       S  S           S  S  S     S  S     S  
              E  a  a  a        a  a  E  E        a  E  E  E  V  E  E  a  E  
              R  d  d  d        d  d  R  R        d  R  R  R  C  R  R  d  R  
              V  r  r  r     G  r  r  V  V  c  G  r  V  V  V  C  V  V  r  V  
              E  5  4  4  w  N  3  4  E  E  l  N  0  E  E  E  I  E  E  0  E  
              D  0  1  0  r  D  0  2  D  D  k  D  2  D  D  D  O  D  D  1  D  
            -----------------------------------------------------------------_ 
          /  11 10  9  8  7  6  5  4  3  2  1 84 83 82 81 80 79 78 77 76 75   | 
   adr53 | 12                                                              74 | RESERVED 
   adr00 | 13                                                              73 | adr51 
  VCCINT | 14                                                              72 | GND 
   VCCIO | 15                                                              71 | VCCINT 
RESERVED | 16                                                              70 | GND 
RESERVED | 17                                                              69 | RESERVED 
     GND | 18                                                              68 | RESERVED 
RESERVED | 19                                                              67 | GND 
RESERVED | 20                                                              66 | RESERVED 
  VCCINT | 21                                                              65 | RESERVED 
      bi | 22                        EPM9320LC84-15                        64 | VCCINT 
RESERVED | 23                                                              63 | RESERVED 
     GND | 24                                                              62 | RESERVED 
     GND | 25                                                              61 | GND 
RESERVED | 26                                                              60 | VCCIO 
RESERVED | 27                                                              59 | RESERVED 
  VCCINT | 28                                                              58 | RESERVED 
    N.C. | 29                                                              57 | VCCINT 
    #TDO | 30                                                              56 | ^VPP 
   adr43 | 31                                                              55 | #TMS 
RESERVED | 32                                                              54 | RESERVED 
         |_  33 34 35 36 37 38 39 40 41 42 43 44 45 46 47 48 49 50 51 52 53  _| 
           ------------------------------------------------------------------ 
              R  r  R  a  V  a  a  d  R  #  #  R  a  R  R  G  R  R  R  R  R  
              E  d  E  d  C  d  d  i  E  T  T  E  d  E  E  N  E  E  E  E  E  
              S     S  r  C  r  r     S  D  C  S  r  S  S  D  S  S  S  S  S  
              E     E  3  I  3  3     E  I  K  E  5  E  E     E  E  E  E  E  
              R     R  1  O  3  2     R        R  2  R  R     R  R  R  R  R  
              V     V                 V        V     V  V     V  V  V  V  V  
              E     E                 E        E     E  E     E  E  E  E  E  
              D     D                 D        D     D  D     D  D  D  D  D  


N.C. = No Connect. This pin has no internal connection to the device.
VCCINT = Dedicated power pin, which MUST be connected to VCC (5.0 volts).
VCCIO = Dedicated power pin, which MUST be connected to VCC (5.0 volts).
GND = Dedicated ground pin or unused dedicated input, which MUST be connected to GND.
RESERVED = Unused I/O pin, which MUST be left unconnected.

# = JTAG Boundary-Scan Testing/In-System Programming or Configuration Pin. The JTAG inputs TMS and TDI should be tied to VCC and TCK should be tied to GND when not in use.
& = JTAG pin used for I/O. When used as user I/O, JTAG pins must be kept stable before and during configuration.  JTAG pin stability prevents accidental loading of JTAG instructions.


Device-Specific Information:e:\topsecret\5_sem\shemtechnik\labs\shem3\ram64.rpt
ram64

** RESOURCE USAGE **

Logic                Column       Row                                   
Array                Interconnect Interconnect         Clears/     External    Shareable
Block   Logic Cells  Driven       Driven       Clocks  Presets   Interconnect  Expanders
A1      14/16( 87%)  14/16( 87%)   0/16(  0%)    0/2    0/2      13/33( 39%)    0/16(  0%)  
A2       8/16( 50%)   8/16( 50%)   0/16(  0%)    0/2    0/2      12/33( 36%)    0/16(  0%)  
A3       2/16( 12%)   2/16( 12%)   0/16(  0%)    0/2    0/2      10/33( 30%)    0/16(  0%)  
A4       3/16( 18%)   3/16( 18%)   0/16(  0%)    0/2    0/2      12/33( 36%)    0/16(  0%)  
A5       2/16( 12%)   2/16( 12%)   0/16(  0%)    0/2    0/2       9/33( 27%)    0/16(  0%)  
B1      11/16( 68%)   2/16( 12%)   9/16( 56%)    0/2    0/2      13/33( 39%)    0/16(  0%)  
B2      11/16( 68%)   0/16(  0%)  11/16( 68%)    0/2    0/2      22/33( 66%)    0/16(  0%)  
B3      11/16( 68%)   1/16(  6%)  10/16( 62%)    0/2    0/2      24/33( 72%)    0/16(  0%)  
B4       1/16(  6%)   0/16(  0%)   1/16(  6%)    0/2    0/2      32/33( 96%)    0/16(  0%)  
B5       1/16(  6%)   0/16(  0%)   1/16(  6%)    0/2    0/2      32/33( 96%)    0/16(  0%)  
C1       6/16( 37%)   0/16(  0%)   6/16( 37%)    0/2    0/2      20/33( 60%)    0/16(  0%)  
C2       1/16(  6%)   1/16(  6%)   0/16(  0%)    0/2    0/2      33/33(100%)    1/16(  6%)  
C3       6/16( 37%)   0/16(  0%)   6/16( 37%)    0/2    0/2      18/33( 54%)    0/16(  0%)  
C4      15/16( 93%)   1/16(  6%)  14/16( 87%)    0/2    0/2      33/33(100%)    1/16(  6%)  
C5       7/16( 43%)   0/16(  0%)   7/16( 43%)    0/2    0/2      19/33( 57%)    0/16(  0%)  
D1       1/16(  6%)   1/16(  6%)   0/16(  0%)    0/2    0/2       8/33( 24%)    0/16(  0%)  
D2       1/16(  6%)   1/16(  6%)   1/16(  6%)    0/2    0/2       8/33( 24%)    0/16(  0%)  
D3      14/16( 87%)  14/16( 87%)   0/16(  0%)    0/2    0/2      15/33( 45%)    0/16(  0%)  
D4       1/16(  6%)   1/16(  6%)   0/16(  0%)    0/2    0/2       8/33( 24%)    0/16(  0%)  
D5      16/16(100%)  16/16(100%)   0/16(  0%)    0/2    0/2      13/33( 39%)    0/16(  0%)  


Total dedicated input pins used:                 2/4      ( 50%)
Total I/O pins used:                            18/56     ( 32%)
Total logic cells used:                        132/320    ( 41%)
Total shareable expanders used:                  2/320    (  1%)
Total Turbo logic cells used:                  132/320    ( 41%)
Total shareable expanders not available (n/a):   0/320    (  0%)
Average fan-in:                                  9.71
Total fan-in:                                  1282

Total input pins required:                      19
Total input I/O cell registers required:         0
Total output pins required:                      1
Total output I/O cell registers required:        0
Total buried I/O cell registers required:        0
Total bidirectional pins required:               0
Total logic cells required:                    132
Total flipflops required:                       64
Total product terms required:                  262
Total logic cells lending parallel expanders:    0
Total shareable expanders in database:           2
Total packed registers required:                 0

Synthesized logic cells:                         3/ 320   (  0%)

Logic Cell Counts

Column:  01  02  03  04  05  Total
 A:     14   8   2   3   2     29
 B:     11  11  11   1   1     35
 C:      6   1   6  15   7     35
 D:      1   1  14   1  16     33

Total:  32  21  33  20  26    132



Device-Specific Information:e:\topsecret\5_sem\shemtechnik\labs\shem3\ram64.rpt
ram64

** INPUTS **

                                               Shareable
                                               Expanders     Fan-In    Fan-Out
 Pin     LC   Row  Col  Primitive    Code   Total Shared n/a INP  FBK  OUT  FBK  Name
  13      -    -    --      INPUT               0      0   0    0    0    0  128  adr00
  76      -    -    05      INPUT               0      0   0    0    0    0  128  adr01
  83      -    -    03      INPUT               0      0   0    0    0    0  128  adr02
   5      -    -    02      INPUT               0      0   0    0    0    0   32  adr30
  36      -    -    02      INPUT               0      0   0    0    0    0   32  adr31
  39      -    -    02      INPUT               0      0   0    0    0    0   32  adr32
  38      -    -    02      INPUT               0      0   0    0    0    0   32  adr33
   8      -    -    02      INPUT               0      0   0    0    0    0   32  adr40
   9      -    -    01      INPUT               0      0   0    0    0    0   32  adr41
   4      -    -    02      INPUT               0      0   0    0    0    0   32  adr42
  31      -    -    01      INPUT               0      0   0    0    0    0   32  adr43
  10      -    -    01      INPUT               0      0   0    0    0    0   32  adr50
  73      -    -    05      INPUT               0      0   0    0    0    0   32  adr51
  45      -    -    03      INPUT               0      0   0    0    0    0   32  adr52
  12      -    -    01      INPUT               0      0   0    0    0    0   32  adr53
   1      -    -    --      INPUT  G            0      0   0    0    0    0    0  clk
  40      -    -    03      INPUT               0      0   0    0    0    0   64  di
  34      -    -    01      INPUT               0      0   0    0    0    0   64  rd
   7      -    -    02      INPUT               0      0   0    0    0    0   64  wr


Code:

s = Synthesized pin or logic cell
t = Turbo logic cell
+ = Synchronous flipflop
/ = Slow slew-rate output
! = NOT gate push-back
r = Fitter-inserted logic cell
G = Global Source. Fan-out destinations counted here do not include destinations
that are driven using global routing resources. Refer to the Auto Global Signals,
Clock Signals, Clear Signals, Synchronous Load Signals, and Synchronous Clear Signals
Sections of this Report File for information on which signals' fan-outs are used as
Clock, Clear, Preset, Output Enable, and synchronous Load signals.


Device-Specific Information:e:\topsecret\5_sem\shemtechnik\labs\shem3\ram64.rpt
ram64

** OUTPUTS **

                                               Shareable
                                               Expanders     Fan-In    Fan-Out
 Pin     LC   Row  Col  Primitive    Code   Total Shared n/a INP  FBK  OUT  FBK  Name
  22      -    B    --        TRI               0      0   0    0    1    0    0  bi


Code:

s = Synthesized pin or logic cell
t = Turbo logic cell
+ = Synchronous flipflop
/ = Slow slew-rate output
! = NOT gate push-back
r = Fitter-inserted logic cell


Device-Specific Information:e:\topsecret\5_sem\shemtechnik\labs\shem3\ram64.rpt
ram64

** BURIED LOGIC **

                                               Shareable
                                               Expanders     Fan-In    Fan-Out
 IOC     LC   Row  Col  Primitive    Code   Total Shared n/a INP  FBK  OUT  FBK Name
   -     16    B    05       SOFT    s t        0      0   0    0   32    0    0  bi~1
   -      4    A    02       TFFE   +  t        0      0   0    8    0    0    2  |ram4_4:16|ram_4:16|et1:1|q (|ram4_4:16|ram_4:16|et1:1|:34)
   -      5    A    02        OR2      t        0      0   0    7    1    0    1  |ram4_4:16|ram_4:16|et1:1|~64~1
   -      7    A    02       TFFE   +  t        0      0   0    8    0    0    2  |ram4_4:16|ram_4:16|et1:3|q (|ram4_4:16|ram_4:16|et1:3|:34)
   -     13    A    02        OR2      t        0      0   0    7    1    0    1  |ram4_4:16|ram_4:16|et1:3|~64~2
   -      5    A    04       TFFE   +  t        0      0   0    8    0    0    2  |ram4_4:16|ram_4:16|et1:6|q (|ram4_4:16|ram_4:16|et1:6|:34)
   -     16    C    01        OR2      t        0      0   0    7    1    0    1  |ram4_4:16|ram_4:16|et1:6|~64~1
   -     14    C    01       TFFE   +  t        0      0   0    8    0    0    2  |ram4_4:16|ram_4:16|et1:7|q (|ram4_4:16|ram_4:16|et1:7|:34)
   -      1    C    05        OR2      t        0      0   0    7    1    0    1  |ram4_4:16|ram_4:16|et1:7|~64~1
   -     15    A    01       TFFE   +  t        0      0   0    8    0    0    2  |ram4_4:16|ram_4:17|et1:1|q (|ram4_4:16|ram_4:17|et1:1|:34)
   -      1    A    01        OR2      t        0      0   0    7    1    0    1  |ram4_4:16|ram_4:17|et1:1|~64~1
   -      2    A    01       TFFE   +  t        0      0   0    8    0    0    2  |ram4_4:16|ram_4:17|et1:3|q (|ram4_4:16|ram_4:17|et1:3|:34)
   -      5    C    04        OR2    s t        1      0   0    0   33    0    1  |ram4_4:16|ram_4:17|et1:3|~64~1~2~2~2~2
   -      4    C    02        OR2    s t        1      0   0    0   33    0    1  |ram4_4:16|ram_4:17|et1:3|~64~1~2~2~3~3
   -     11    B    04        OR2      t        0      0   0    0   32    1    0  |ram4_4:16|ram_4:17|et1:3|~64~1~2~2~3
   -     12    A    01        OR2      t        0      0   0    7    1    0    1  |ram4_4:16|ram_4:17|et1:3|~64~2
   -     14    A    01       TFFE   +  t        0      0   0    8    0    0    2  |ram4_4:16|ram_4:17|et1:6|q (|ram4_4:16|ram_4:17|et1:6|:34)
   -     13    A    01        OR2      t        0      0   0    7    1    0    1  |ram4_4:16|ram_4:17|et1:6|~64~1
   -      7    A    01       TFFE   +  t        0      0   0    8    0    0    2  |ram4_4:16|ram_4:17|et1:7|q (|ram4_4:16|ram_4:17|et1:7|:34)
   -      8    A    01        OR2      t        0      0   0    7    1    0    1  |ram4_4:16|ram_4:17|et1:7|~64~1
   -      2    C    05       TFFE   +  t        0      0   0    8    0    0    2  |ram4_4:16|ram_4:18|et1:1|q (|ram4_4:16|ram_4:18|et1:1|:34)
   -      3    C    05        OR2      t        0      0   0    7    1    0    1  |ram4_4:16|ram_4:18|et1:1|~64~1
   -     16    C    04       TFFE   +  t        0      0   0    8    0    0    2  |ram4_4:16|ram_4:18|et1:3|q (|ram4_4:16|ram_4:18|et1:3|:34)
   -      9    C    05        OR2      t        0      0   0    7    1    0    1  |ram4_4:16|ram_4:18|et1:3|~64~2
   -     12    C    04       TFFE   +  t        0      0   0    8    0    0    2  |ram4_4:16|ram_4:18|et1:6|q (|ram4_4:16|ram_4:18|et1:6|:34)
   -     10    C    05        OR2      t        0      0   0    7    1    0    1  |ram4_4:16|ram_4:18|et1:6|~64~1
   -     13    C    04       TFFE   +  t        0      0   0    8    0    0    2  |ram4_4:16|ram_4:18|et1:7|q (|ram4_4:16|ram_4:18|et1:7|:34)
   -      5    C    05        OR2      t        0      0   0    7    1    0    1  |ram4_4:16|ram_4:18|et1:7|~64~1
   -      1    A    02       TFFE   +  t        0      0   0    8    0    0    2  |ram4_4:16|ram_4:19|et1:1|q (|ram4_4:16|ram_4:19|et1:1|:34)
   -      3    A    02        OR2      t        0      0   0    7    1    0    1  |ram4_4:16|ram_4:19|et1:1|~64~1
   -      6    A    01       TFFE   +  t        0      0   0    8    0    0    2  |ram4_4:16|ram_4:19|et1:3|q (|ram4_4:16|ram_4:19|et1:3|:34)
   -      3    A    01        OR2      t        0      0   0    7    1    0    1  |ram4_4:16|ram_4:19|et1:3|~64~2
   -      4    A    01       TFFE   +  t        0      0   0    8    0    0    2  |ram4_4:16|ram_4:19|et1:6|q (|ram4_4:16|ram_4:19|et1:6|:34)
   -      5    A    01        OR2      t        0      0   0    7    1    0    1  |ram4_4:16|ram_4:19|et1:6|~64~1
   -      9    A    01       TFFE   +  t        0      0   0    8    0    0    2  |ram4_4:16|ram_4:19|et1:7|q (|ram4_4:16|ram_4:19|et1:7|:34)
   -     10    A    01        OR2      t        0      0   0    7    1    0    1  |ram4_4:16|ram_4:19|et1:7|~64~1
   -     13    B    01       TFFE   +  t        0      0   0    8    0    0    2  |ram4_4:17|ram_4:16|et1:1|q (|ram4_4:17|ram_4:16|et1:1|:34)
   -     16    B    02        OR2      t        0      0   0    7    1    0    1  |ram4_4:17|ram_4:16|et1:1|~64~1
   -      2    A    03       TFFE   +  t        0      0   0    8    0    0    2  |ram4_4:17|ram_4:16|et1:3|q (|ram4_4:17|ram_4:16|et1:3|:34)
   -     15    B    03        OR2      t        0      0   0    7    1    0    1  |ram4_4:17|ram_4:16|et1:3|~64~2
   -     13    A    05       TFFE   +  t        0      0   0    8    0    0    2  |ram4_4:17|ram_4:16|et1:6|q (|ram4_4:17|ram_4:16|et1:6|:34)
   -      2    B    03        OR2      t        0      0   0    7    1    0    1  |ram4_4:17|ram_4:16|et1:6|~64~1
   -      2    A    04       TFFE   +  t        0      0   0    8    0    0    2  |ram4_4:17|ram_4:16|et1:7|q (|ram4_4:17|ram_4:16|et1:7|:34)
   -     14    B    02        OR2      t        0      0   0    7    1    0    1  |ram4_4:17|ram_4:16|et1:7|~64~1
   -      3    B    01       TFFE   +  t        0      0   0    8    0    0    2  |ram4_4:17|ram_4:17|et1:1|q (|ram4_4:17|ram_4:17|et1:1|:34)
   -     15    B    02        OR2      t        0      0   0    7    1    0    1  |ram4_4:17|ram_4:17|et1:1|~64~1
   -      7    D    03       TFFE   +  t        0      0   0    8    0    0    2  |ram4_4:17|ram_4:17|et1:3|q (|ram4_4:17|ram_4:17|et1:3|:34)
   -     16    D    03        OR2      t        0      0   0    7    1    0    1  |ram4_4:17|ram_4:17|et1:3|~64~2
   -      6    B    01       TFFE   +  t        0      0   0    8    0    0    2  |ram4_4:17|ram_4:17|et1:6|q (|ram4_4:17|ram_4:17|et1:6|:34)
   -      3    B    03        OR2      t        0      0   0    7    1    0    1  |ram4_4:17|ram_4:17|et1:6|~64~1
   -      5    B    01       TFFE   +  t        0      0   0    8    0    0    2  |ram4_4:17|ram_4:17|et1:7|q (|ram4_4:17|ram_4:17|et1:7|:34)
   -      1    B    02        OR2      t        0      0   0    7    1    0    1  |ram4_4:17|ram_4:17|et1:7|~64~1
   -      2    D    05       TFFE   +  t        0      0   0    8    0    0    2  |ram4_4:17|ram_4:18|et1:1|q (|ram4_4:17|ram_4:18|et1:1|:34)
   -     11    D    05        OR2      t        0      0   0    7    1    0    1  |ram4_4:17|ram_4:18|et1:1|~64~1
   -      1    D    05       TFFE   +  t        0      0   0    8    0    0    2  |ram4_4:17|ram_4:18|et1:3|q (|ram4_4:17|ram_4:18|et1:3|:34)
   -     16    D    05        OR2      t        0      0   0    7    1    0    1  |ram4_4:17|ram_4:18|et1:3|~64~2
   -      7    D    05       TFFE   +  t        0      0   0    8    0    0    2  |ram4_4:17|ram_4:18|et1:6|q (|ram4_4:17|ram_4:18|et1:6|:34)
   -     12    D    05        OR2      t        0      0   0    7    1    0    1  |ram4_4:17|ram_4:18|et1:6|~64~1
   -     13    D    05       TFFE   +  t        0      0   0    8    0    0    2  |ram4_4:17|ram_4:18|et1:7|q (|ram4_4:17|ram_4:18|et1:7|:34)
   -     14    D    05        OR2      t        0      0   0    7    1    0    1  |ram4_4:17|ram_4:18|et1:7|~64~1
   -     12    A    02       TFFE   +  t        0      0   0    8    0    0    2  |ram4_4:17|ram_4:19|et1:1|q (|ram4_4:17|ram_4:19|et1:1|:34)
   -     10    A    02        OR2      t        0      0   0    7    1    0    1  |ram4_4:17|ram_4:19|et1:1|~64~1
   -      1    A    04       TFFE   +  t        0      0   0    8    0    0    2  |ram4_4:17|ram_4:19|et1:3|q (|ram4_4:17|ram_4:19|et1:3|:34)
   -      4    B    03        OR2      t        0      0   0    7    1    0    1  |ram4_4:17|ram_4:19|et1:3|~64~2
   -     14    A    05       TFFE   +  t        0      0   0    8    0    0    2  |ram4_4:17|ram_4:19|et1:6|q (|ram4_4:17|ram_4:19|et1:6|:34)
   -      5    B    03        OR2      t        0      0   0    7    1    0    1  |ram4_4:17|ram_4:19|et1:6|~64~1
   -      3    A    03       TFFE   +  t        0      0   0    8    0    0    2  |ram4_4:17|ram_4:19|et1:7|q (|ram4_4:17|ram_4:19|et1:7|:34)
   -      8    B    02        OR2      t        0      0   0    7    1    0    1  |ram4_4:17|ram_4:19|et1:7|~64~1
   -      2    B    01       TFFE   +  t        0      0   0    8    0    0    2  |ram4_4:18|ram_4:16|et1:1|q (|ram4_4:18|ram_4:16|et1:1|:34)
   -     13    B    02        OR2      t        0      0   0    7    1    0    1  |ram4_4:18|ram_4:16|et1:1|~64~1
   -      7    B    01       TFFE   +  t        0      0   0    8    0    0    2  |ram4_4:18|ram_4:16|et1:3|q (|ram4_4:18|ram_4:16|et1:3|:34)
   -      7    B    03        OR2      t        0      0   0    7    1    0    1  |ram4_4:18|ram_4:16|et1:3|~64~2
   -     12    B    01       TFFE   +  t        0      0   0    8    0    0    2  |ram4_4:18|ram_4:16|et1:6|q (|ram4_4:18|ram_4:16|et1:6|:34)
   -     13    B    03        OR2      t        0      0   0    7    1    0    1  |ram4_4:18|ram_4:16|et1:6|~64~1
   -     16    B    01       TFFE   +  t        0      0   0    8    0    0    2  |ram4_4:18|ram_4:16|et1:7|q (|ram4_4:18|ram_4:16|et1:7|:34)
   -     11    B    02        OR2      t        0      0   0    7    1    0    1  |ram4_4:18|ram_4:16|et1:7|~64~1
   -     15    B    01       TFFE   +  t        0      0   0    8    0    0    2  |ram4_4:18|ram_4:17|et1:1|q (|ram4_4:18|ram_4:17|et1:1|:34)
   -      6    B    02        OR2      t        0      0   0    7    1    0    1  |ram4_4:18|ram_4:17|et1:1|~64~1
   -      4    B    01       TFFE   +  t        0      0   0    8    0    0    2  |ram4_4:18|ram_4:17|et1:3|q (|ram4_4:18|ram_4:17|et1:3|:34)
   -      9    B    03        OR2      t        0      0   0    7    1    0    1  |ram4_4:18|ram_4:17|et1:3|~64~2
   -      1    B    01       TFFE   +  t        0      0   0    8    0    0    2  |ram4_4:18|ram_4:17|et1:6|q (|ram4_4:18|ram_4:17|et1:6|:34)
   -      8    B    03        OR2      t        0      0   0    7    1    0    1  |ram4_4:18|ram_4:17|et1:6|~64~1
   -      5    B    02       TFFE   +  t        0      0   0    8    0    0    2  |ram4_4:18|ram_4:17|et1:7|q (|ram4_4:18|ram_4:17|et1:7|:34)
   -      9    B    02        OR2      t        0      0   0    7    1    0    1  |ram4_4:18|ram_4:17|et1:7|~64~1
   -      3    D    05       TFFE   +  t        0      0   0    8    0    0    2  |ram4_4:18|ram_4:18|et1:1|q (|ram4_4:18|ram_4:18|et1:1|:34)
   -     15    D    05        OR2      t        0      0   0    7    1    0    1  |ram4_4:18|ram_4:18|et1:1|~64~1
   -      4    D    05       TFFE   +  t        0      0   0    8    0    0    2  |ram4_4:18|ram_4:18|et1:3|q (|ram4_4:18|ram_4:18|et1:3|:34)
   -      5    D    05        OR2      t        0      0   0    7    1    0    1  |ram4_4:18|ram_4:18|et1:3|~64~2
   -      6    D    05       TFFE   +  t        0      0   0    8    0    0    2  |ram4_4:18|ram_4:18|et1:6|q (|ram4_4:18|ram_4:18|et1:6|:34)
   -      8    D    05        OR2      t        0      0   0    7    1    0    1  |ram4_4:18|ram_4:18|et1:6|~64~1
   -      9    D    05       TFFE   +  t        0      0   0    8    0    0    2  |ram4_4:18|ram_4:18|et1:7|q (|ram4_4:18|ram_4:18|et1:7|:34)
   -     10    D    05        OR2      t        0      0   0    7    1    0    1  |ram4_4:18|ram_4:18|et1:7|~64~1
   -      1    B    03       TFFE   +  t        0      0   0    8    0    0    2  |ram4_4:18|ram_4:19|et1:1|q (|ram4_4:18|ram_4:19|et1:1|:34)
   -      4    B    02        OR2      t        0      0   0    7    1    0    1  |ram4_4:18|ram_4:19|et1:1|~64~1
   -      6    D    03       TFFE   +  t        0      0   0    8    0    0    2  |ram4_4:18|ram_4:19|et1:3|q (|ram4_4:18|ram_4:19|et1:3|:34)
   -      5    D    03        OR2      t        0      0   0    7    1    0    1  |ram4_4:18|ram_4:19|et1:3|~64~2
   -      2    D    04       TFFE   +  t        0      0   0    8    0    0    2  |ram4_4:18|ram_4:19|et1:6|q (|ram4_4:18|ram_4:19|et1:6|:34)
   -      6    B    03        OR2      t        0      0   0    7    1    0    1  |ram4_4:18|ram_4:19|et1:6|~64~1
   -     14    D    03       TFFE   +  t        0      0   0    8    0    0    2  |ram4_4:18|ram_4:19|et1:7|q (|ram4_4:18|ram_4:19|et1:7|:34)
   -     12    D    03        OR2      t        0      0   0    7    1    0    1  |ram4_4:18|ram_4:19|et1:7|~64~1
   -      2    C    04       TFFE   +  t        0      0   0    8    0    0    2  |ram4_4:19|ram_4:16|et1:1|q (|ram4_4:19|ram_4:16|et1:1|:34)
   -      4    C    05        OR2      t        0      0   0    7    1    0    1  |ram4_4:19|ram_4:16|et1:1|~64~1
   -      9    C    04       TFFE   +  t        0      0   0    8    0    0    2  |ram4_4:19|ram_4:16|et1:3|q (|ram4_4:19|ram_4:16|et1:3|:34)
   -      6    C    01        OR2      t        0      0   0    7    1    0    1  |ram4_4:19|ram_4:16|et1:3|~64~2
   -      1    C    04       TFFE   +  t        0      0   0    8    0    0    2  |ram4_4:19|ram_4:16|et1:6|q (|ram4_4:19|ram_4:16|et1:6|:34)
   -      5    C    03        OR2      t        0      0   0    7    1    0    1  |ram4_4:19|ram_4:16|et1:6|~64~1
   -      4    C    04       TFFE   +  t        0      0   0    8    0    0    2  |ram4_4:19|ram_4:16|et1:7|q (|ram4_4:19|ram_4:16|et1:7|:34)
   -      6    C    03        OR2      t        0      0   0    7    1    0    1  |ram4_4:19|ram_4:16|et1:7|~64~1
   -      7    C    04       TFFE   +  t        0      0   0    8    0    0    2  |ram4_4:19|ram_4:17|et1:1|q (|ram4_4:19|ram_4:17|et1:1|:34)
   -     15    C    01        OR2      t        0      0   0    7    1    0    1  |ram4_4:19|ram_4:17|et1:1|~64~1
   -     14    C    04       TFFE   +  t        0      0   0    8    0    0    2  |ram4_4:19|ram_4:17|et1:3|q (|ram4_4:19|ram_4:17|et1:3|:34)
   -     10    C    03        OR2      t        0      0   0    7    1    0    1  |ram4_4:19|ram_4:17|et1:3|~64~2
   -      4    D    03       TFFE   +  t        0      0   0    8    0    0    2  |ram4_4:19|ram_4:17|et1:6|q (|ram4_4:19|ram_4:17|et1:6|:34)
   -     13    D    03        OR2      t        0      0   0    7    1    0    1  |ram4_4:19|ram_4:17|et1:6|~64~1
   -      8    C    04       TFFE   +  t        0      0   0    8    0    0    2  |ram4_4:19|ram_4:17|et1:7|q (|ram4_4:19|ram_4:17|et1:7|:34)
   -     11    C    01        OR2      t        0      0   0    7    1    0    1  |ram4_4:19|ram_4:17|et1:7|~64~1
   -      6    C    04       TFFE   +  t        0      0   0    8    0    0    2  |ram4_4:19|ram_4:18|et1:1|q (|ram4_4:19|ram_4:18|et1:1|:34)
   -      3    C    03        OR2      t        0      0   0    7    1    0    1  |ram4_4:19|ram_4:18|et1:1|~64~1
   -     10    C    04       TFFE   +  t        0      0   0    8    0    0    2  |ram4_4:19|ram_4:18|et1:3|q (|ram4_4:19|ram_4:18|et1:3|:34)
   -     12    C    01        OR2      t        0      0   0    7    1    0    1  |ram4_4:19|ram_4:18|et1:3|~64~2
   -     11    C    04       TFFE   +  t        0      0   0    8    0    0    2  |ram4_4:19|ram_4:18|et1:6|q (|ram4_4:19|ram_4:18|et1:6|:34)
   -      1    C    03        OR2      t        0      0   0    7    1    0    1  |ram4_4:19|ram_4:18|et1:6|~64~1
   -      3    C    04       TFFE   +  t        0      0   0    8    0    0    2  |ram4_4:19|ram_4:18|et1:7|q (|ram4_4:19|ram_4:18|et1:7|:34)
   -      4    C    03        OR2      t        0      0   0    7    1    0    1  |ram4_4:19|ram_4:18|et1:7|~64~1
   -      1    D    03       TFFE   +  t        0      0   0    8    0    0    2  |ram4_4:19|ram_4:19|et1:1|q (|ram4_4:19|ram_4:19|et1:1|:34)
   -      2    D    03        OR2      t        0      0   0    7    1    0    1  |ram4_4:19|ram_4:19|et1:1|~64~1
   -      3    D    03       TFFE   +  t        0      0   0    8    0    0    2  |ram4_4:19|ram_4:19|et1:3|q (|ram4_4:19|ram_4:19|et1:3|:34)
   -     15    D    03        OR2      t        0      0   0    7    1    0    1  |ram4_4:19|ram_4:19|et1:3|~64~2
   -      8    D    03       TFFE   +  t        0      0   0    8    0    0    2  |ram4_4:19|ram_4:19|et1:6|q (|ram4_4:19|ram_4:19|et1:6|:34)
   -      9    D    03        OR2      t        0      0   0    7    1    0    1  |ram4_4:19|ram_4:19|et1:6|~64~1
   -      6    D    02       TFFE   +  t        0      0   0    8    0    0    2  |ram4_4:19|ram_4:19|et1:7|q (|ram4_4:19|ram_4:19|et1:7|:34)
   -      5    D    01        OR2      t        0      0   0    7    1    0    1  |ram4_4:19|ram_4:19|et1:7|~64~1


Code:

s = Synthesized pin or logic cell
t = Turbo logic cell
+ = Synchronous flipflop
/ = Slow slew-rate output
! = NOT gate push-back
r = Fitter-inserted logic cell
p = Packed register


Device-Specific Information:e:\topsecret\5_sem\shemtechnik\labs\shem3\ram64.rpt
ram64

** FASTTRACK INTERCONNECT UTILIZATION **

Row FastTrack Interconnect:

         FastTrack                                 
Row     Interconnect    Input Pins     Output Pins     Bidir Pins
A:      15/ 96( 15%)    0/16(  0%)      0/16(  0%)     0/16(  0%)
B:      81/ 96( 84%)    0/16(  0%)      1/16(  6%)     0/16(  0%)
C:      81/ 96( 84%)    0/16(  0%)      0/16(  0%)     0/16(  0%)
D:      17/ 96( 17%)    0/16(  0%)      0/16(  0%)     0/16(  0%)


Column FastTrack Interconnect:

         FastTrack                                 
Column  Interconnect    Input Pins     Output Pins     Bidir Pins
01:     23/48( 47%)     5/20( 25%)      0/20(  0%)       0/20(  0%)
02:     18/48( 37%)     7/20( 35%)      0/20(  0%)       0/20(  0%)
03:     23/48( 47%)     3/20( 15%)      0/20(  0%)       0/20(  0%)
04:      5/48( 10%)     0/20(  0%)      0/20(  0%)       0/20(  0%)
05:     21/48( 43%)     2/20( 10%)      0/20(  0%)       0/20(  0%)


Device-Specific Information:e:\topsecret\5_sem\shemtechnik\labs\shem3\ram64.rpt
ram64

** EQUATIONS **

adr00    : INPUT;
adr01    : INPUT;
adr02    : INPUT;
adr30    : INPUT;
adr31    : INPUT;
adr32    : INPUT;
adr33    : INPUT;
adr40    : INPUT;
adr41    : INPUT;
adr42    : INPUT;
adr43    : INPUT;
adr50    : INPUT;
adr51    : INPUT;
adr52    : INPUT;
adr53    : INPUT;
clk      : INPUT;
di       : INPUT;
rd       : INPUT;
wr       : INPUT;

-- Node name is 'bi' 
-- Equation name is 'bi', type is output 
bi       = TRI(_LC11_B4, !_LC16_B5);

-- Node name is 'bi~1' 
-- Equation name is 'bi~1', location is LC16_B5, type is buried.
-- synthesized logic cell 
_LC16_B5 = LCELL( _EQ001 $  GND);
  _EQ001 = !_LC1_A4 & !_LC1_B1 & !_LC1_B3 & !_LC1_D5 & !_LC2_A3 & !_LC2_A4 & 
             !_LC2_B1 & !_LC2_D4 & !_LC2_D5 & !_LC3_A3 & !_LC3_B1 & !_LC3_D5 & 
             !_LC4_B1 & !_LC4_D5 & !_LC5_B1 & !_LC5_B2 & !_LC5_C4 & !_LC6_B1 & 
             !_LC6_D3 & !_LC6_D5 & !_LC7_B1 & !_LC7_D5 & !_LC9_D5 & !_LC12_A2 & 
             !_LC12_B1 & !_LC13_A5 & !_LC13_B1 & !_LC13_D5 & !_LC14_A5 & 
             !_LC14_D3 & !_LC15_B1 & !_LC16_B1;

-- Node name is '|ram4_4:16|ram_4:16|et1:1|:34' = '|ram4_4:16|ram_4:16|et1:1|q' 
-- Equation name is '_LC4_A2', type is buried 
_LC4_A2  = TFFE( _EQ002, GLOBAL( clk),  VCC,  VCC,  VCC);
  _EQ002 =  adr00 &  adr01 &  adr02 &  adr30 &  adr40 &  adr50 &  di & 
             !_LC4_A2 &  wr
         #  adr00 &  adr01 &  adr02 &  adr30 & !adr40 & !adr50 &  _LC4_A2 & 
              wr;

-- Node name is '|ram4_4:16|ram_4:16|et1:1|~64~1' 
-- Equation name is '_LC5_A2', type is buried 
_LC5_A2  = LCELL( _EQ003 $  GND);
  _EQ003 =  adr00 &  adr01 &  adr02 &  adr30 &  adr40 &  adr50 &  rd
         # !_LC4_A2;

-- Node name is '|ram4_4:16|ram_4:16|et1:3|:34' = '|ram4_4:16|ram_4:16|et1:3|q' 
-- Equation name is '_LC7_A2', type is buried 
_LC7_A2  = TFFE( _EQ004, GLOBAL( clk),  VCC,  VCC,  VCC);
  _EQ004 =  adr00 &  adr01 &  adr02 &  adr30 &  adr40 &  adr51 &  di & 
             !_LC7_A2 &  wr
         #  adr00 &  adr01 &  adr02 &  adr30 & !adr40 & !adr51 &  _LC7_A2 & 
              wr;

-- Node name is '|ram4_4:16|ram_4:16|et1:3|~64~2' 
-- Equation name is '_LC13_A2', type is buried 
_LC13_A2 = LCELL( _EQ005 $  GND);
  _EQ005 =  adr00 &  adr01 &  adr02 &  adr30 &  adr40 &  adr51 &  rd
         # !_LC7_A2;

-- Node name is '|ram4_4:16|ram_4:16|et1:6|:34' = '|ram4_4:16|ram_4:16|et1:6|q' 
-- Equation name is '_LC5_A4', type is buried 
_LC5_A4  = TFFE( _EQ006, GLOBAL( clk),  VCC,  VCC,  VCC);
  _EQ006 =  adr00 &  adr01 &  adr02 &  adr30 &  adr40 &  adr52 &  di & 
             !_LC5_A4 &  wr
         #  adr00 &  adr01 &  adr02 &  adr30 & !adr40 & !adr52 &  _LC5_A4 & 
              wr;

-- Node name is '|ram4_4:16|ram_4:16|et1:6|~64~1' 
-- Equation name is '_LC16_C1', type is buried 
_LC16_C1 = LCELL( _EQ007 $  GND);
  _EQ007 =  adr00 &  adr01 &  adr02 &  adr30 &  adr40 &  adr52 &  rd
         # !_LC5_A4;

-- Node name is '|ram4_4:16|ram_4:16|et1:7|:34' = '|ram4_4:16|ram_4:16|et1:7|q' 
-- Equation name is '_LC14_C1', type is buried 
_LC14_C1 = TFFE( _EQ008, GLOBAL( clk),  VCC,  VCC,  VCC);
  _EQ008 =  adr00 &  adr01 &  adr02 &  adr30 &  adr40 &  adr53 &  di & 
             !_LC14_C1 &  wr
         #  adr00 &  adr01 &  adr02 &  adr30 & !adr40 & !adr53 &  _LC14_C1 & 
              wr;

-- Node name is '|ram4_4:16|ram_4:16|et1:7|~64~1' 
-- Equation name is '_LC1_C5', type is buried 
_LC1_C5  = LCELL( _EQ009 $  GND);
  _EQ009 =  adr00 &  adr01 &  adr02 &  adr30 &  adr40 &  adr53 &  rd
         # !_LC14_C1;

-- Node name is '|ram4_4:16|ram_4:17|et1:1|:34' = '|ram4_4:16|ram_4:17|et1:1|q' 
-- Equation name is '_LC15_A1', type is buried 
_LC15_A1 = TFFE( _EQ010, GLOBAL( clk),  VCC,  VCC,  VCC);
  _EQ010 =  adr00 &  adr01 &  adr02 &  adr30 &  adr41 &  adr50 &  di & 
             !_LC15_A1 &  wr
         #  adr00 &  adr01 &  adr02 &  adr30 & !adr41 & !adr50 &  _LC15_A1 & 
              wr;

-- Node name is '|ram4_4:16|ram_4:17|et1:1|~64~1' 
-- Equation name is '_LC1_A1', type is buried 
_LC1_A1  = LCELL( _EQ011 $  GND);
  _EQ011 =  adr00 &  adr01 &  adr02 &  adr30 &  adr41 &  adr50 &  rd
         # !_LC15_A1;

-- Node name is '|ram4_4:16|ram_4:17|et1:3|:34' = '|ram4_4:16|ram_4:17|et1:3|q' 
-- Equation name is '_LC2_A1', type is buried 
_LC2_A1  = TFFE( _EQ012, GLOBAL( clk),  VCC,  VCC,  VCC);
  _EQ012 =  adr00 &  adr01 &  adr02 &  adr30 &  adr41 &  adr51 &  di & 
             !_LC2_A1 &  wr
         #  adr00 &  adr01 &  adr02 &  adr30 & !adr41 & !adr51 &  _LC2_A1 & 
              wr;

-- Node name is '|ram4_4:16|ram_4:17|et1:3|~64~1~2~2~2~2' 
-- Equation name is '_LC5_C4', type is buried 
-- synthesized logic cell 
_LC5_C4  = LCELL( _EQ013 $  GND);
  _EQ013 =  _X001;
  _X001  = EXP(!_LC1_A2 & !_LC1_C4 & !_LC1_D3 & !_LC2_A1 & !_LC2_C4 & !_LC2_C5 & 
             !_LC3_C4 & !_LC3_D3 & !_LC4_A1 & !_LC4_A2 & !_LC4_C4 & !_LC4_D3 & 
             !_LC5_A4 & !_LC6_A1 & !_LC6_C4 & !_LC6_D2 & !_LC7_A1 & !_LC7_A2 & 
             !_LC7_C4 & !_LC7_D3 & !_LC8_C4 & !_LC8_D3 & !_LC9_A1 & !_LC9_C4 & 
             !_LC10_C4 & !_LC11_C4 & !_LC12_C4 & !_LC13_C4 & !_LC14_A1 & 
             !_LC14_C1 & !_LC14_C4 & !_LC15_A1 & !_LC16_C4);

-- Node name is '|ram4_4:16|ram_4:17|et1:3|~64~1~2~2~3~3' 
-- Equation name is '_LC4_C2', type is buried 
-- synthesized logic cell 
_LC4_C2  = LCELL( _EQ014 $  GND);
  _EQ014 =  _X002;
  _X002  = EXP( _LC1_A1 &  _LC1_C3 &  _LC1_C5 &  _LC2_D3 &  _LC3_A1 &  _LC3_A2 & 
              _LC3_C3 &  _LC3_C5 &  _LC4_C3 &  _LC4_C5 &  _LC5_A1 &  _LC5_A2 & 
              _LC5_C3 &  _LC5_C5 &  _LC5_D1 &  _LC6_C1 &  _LC6_C3 &  _LC8_A1 & 
              _LC9_C5 &  _LC9_D3 &  _LC10_A1 &  _LC10_C3 &  _LC10_C5 & 
              _LC11_C1 &  _LC12_A1 &  _LC12_C1 &  _LC13_A1 &  _LC13_A2 & 
              _LC13_D3 &  _LC15_C1 &  _LC15_D3 &  _LC16_C1 &  _LC16_D3);

-- Node name is '|ram4_4:16|ram_4:17|et1:3|~64~1~2~2~3' 
-- Equation name is '_LC11_B4', type is buried 
_LC11_B4 = LCELL( _EQ015 $  GND);
  _EQ015 =  _LC1_B2 &  _LC2_B3 &  _LC3_B3 &  _LC4_B2 &  _LC4_B3 & !_LC4_C2 & 
              _LC5_B3 &  _LC5_D3 &  _LC5_D5 &  _LC6_B2 &  _LC6_B3 &  _LC7_B3 & 
              _LC8_B2 &  _LC8_B3 &  _LC8_D5 &  _LC9_B2 &  _LC9_B3 &  _LC10_A2 & 
              _LC10_D5 &  _LC11_B2 &  _LC11_D5 &  _LC12_D3 &  _LC12_D5 & 
              _LC13_B2 &  _LC13_B3 &  _LC14_B2 &  _LC14_D5 &  _LC15_B2 & 
              _LC15_B3 &  _LC15_D5 &  _LC16_B2 &  _LC16_D5;

-- Node name is '|ram4_4:16|ram_4:17|et1:3|~64~2' 
-- Equation name is '_LC12_A1', type is buried 
_LC12_A1 = LCELL( _EQ016 $  GND);
  _EQ016 =  adr00 &  adr01 &  adr02 &  adr30 &  adr41 &  adr51 &  rd
         # !_LC2_A1;

-- Node name is '|ram4_4:16|ram_4:17|et1:6|:34' = '|ram4_4:16|ram_4:17|et1:6|q' 
-- Equation name is '_LC14_A1', type is buried 
_LC14_A1 = TFFE( _EQ017, GLOBAL( clk),  VCC,  VCC,  VCC);
  _EQ017 =  adr00 &  adr01 &  adr02 &  adr30 &  adr41 &  adr52 &  di & 
             !_LC14_A1 &  wr
         #  adr00 &  adr01 &  adr02 &  adr30 & !adr41 & !adr52 &  _LC14_A1 & 
              wr;

-- Node name is '|ram4_4:16|ram_4:17|et1:6|~64~1' 
-- Equation name is '_LC13_A1', type is buried 
_LC13_A1 = LCELL( _EQ018 $  GND);
  _EQ018 =  adr00 &  adr01 &  adr02 &  adr30 &  adr41 &  adr52 &  rd
         # !_LC14_A1;

-- Node name is '|ram4_4:16|ram_4:17|et1:7|:34' = '|ram4_4:16|ram_4:17|et1:7|q' 
-- Equation name is '_LC7_A1', type is buried 
_LC7_A1  = TFFE( _EQ019, GLOBAL( clk),  VCC,  VCC,  VCC);
  _EQ019 =  adr00 &  adr01 &  adr02 &  adr30 &  adr41 &  adr53 &  di & 
             !_LC7_A1 &  wr
         #  adr00 &  adr01 &  adr02 &  adr30 & !adr41 & !adr53 &  _LC7_A1 & 
              wr;

-- Node name is '|ram4_4:16|ram_4:17|et1:7|~64~1' 
-- Equation name is '_LC8_A1', type is buried 
_LC8_A1  = LCELL( _EQ020 $  GND);
  _EQ020 =  adr00 &  adr01 &  adr02 &  adr30 &  adr41 &  adr53 &  rd
         # !_LC7_A1;

-- Node name is '|ram4_4:16|ram_4:18|et1:1|:34' = '|ram4_4:16|ram_4:18|et1:1|q' 
-- Equation name is '_LC2_C5', type is buried 
_LC2_C5  = TFFE( _EQ021, GLOBAL( clk),  VCC,  VCC,  VCC);
  _EQ021 =  adr00 &  adr01 &  adr02 &  adr30 &  adr42 &  adr50 &  di & 
             !_LC2_C5 &  wr
         #  adr00 &  adr01 &  adr02 &  adr30 & !adr42 & !adr50 &  _LC2_C5 & 
              wr;

-- Node name is '|ram4_4:16|ram_4:18|et1:1|~64~1' 
-- Equation name is '_LC3_C5', type is buried 
_LC3_C5  = LCELL( _EQ022 $  GND);
  _EQ022 =  adr00 &  adr01 &  adr02 &  adr30 &  adr42 &  adr50 &  rd
         # !_LC2_C5;

-- Node name is '|ram4_4:16|ram_4:18|et1:3|:34' = '|ram4_4:16|ram_4:18|et1:3|q' 
-- Equation name is '_LC16_C4', type is buried 
_LC16_C4 = TFFE( _EQ023, GLOBAL( clk),  VCC,  VCC,  VCC);
  _EQ023 =  adr00 &  adr01 &  adr02 &  adr30 &  adr42 &  adr51 &  di & 
             !_LC16_C4 &  wr
         #  adr00 &  adr01 &  adr02 &  adr30 & !adr42 & !adr51 &  _LC16_C4 & 
              wr;

-- Node name is '|ram4_4:16|ram_4:18|et1:3|~64~2' 
-- Equation name is '_LC9_C5', type is buried 
_LC9_C5  = LCELL( _EQ024 $  GND);
  _EQ024 =  adr00 &  adr01 &  adr02 &  adr30 &  adr42 &  adr51 &  rd
         # !_LC16_C4;

-- Node name is '|ram4_4:16|ram_4:18|et1:6|:34' = '|ram4_4:16|ram_4:18|et1:6|q' 
-- Equation name is '_LC12_C4', type is buried 
_LC12_C4 = TFFE( _EQ025, GLOBAL( clk),  VCC,  VCC,  VCC);
  _EQ025 =  adr00 &  adr01 &  adr02 &  adr30 &  adr42 &  adr52 &  di & 
             !_LC12_C4 &  wr
         #  adr00 &  adr01 &  adr02 &  adr30 & !adr42 & !adr52 &  _LC12_C4 & 
              wr;

-- Node name is '|ram4_4:16|ram_4:18|et1:6|~64~1' 
-- Equation name is '_LC10_C5', type is buried 
_LC10_C5 = LCELL( _EQ026 $  GND);
  _EQ026 =  adr00 &  adr01 &  adr02 &  adr30 &  adr42 &  adr52 &  rd
         # !_LC12_C4;

-- Node name is '|ram4_4:16|ram_4:18|et1:7|:34' = '|ram4_4:16|ram_4:18|et1:7|q' 
-- Equation name is '_LC13_C4', type is buried 
_LC13_C4 = TFFE( _EQ027, GLOBAL( clk),  VCC,  VCC,  VCC);
  _EQ027 =  adr00 &  adr01 &  adr02 &  adr30 &  adr42 &  adr53 &  di & 
             !_LC13_C4 &  wr
         #  adr00 &  adr01 &  adr02 &  adr30 & !adr42 & !adr53 &  _LC13_C4 & 
              wr;

-- Node name is '|ram4_4:16|ram_4:18|et1:7|~64~1' 
-- Equation name is '_LC5_C5', type is buried 
_LC5_C5  = LCELL( _EQ028 $  GND);
  _EQ028 =  adr00 &  adr01 &  adr02 &  adr30 &  adr42 &  adr53 &  rd
         # !_LC13_C4;

-- Node name is '|ram4_4:16|ram_4:19|et1:1|:34' = '|ram4_4:16|ram_4:19|et1:1|q' 
-- Equation name is '_LC1_A2', type is buried 
_LC1_A2  = TFFE( _EQ029, GLOBAL( clk),  VCC,  VCC,  VCC);
  _EQ029 =  adr00 &  adr01 &  adr02 &  adr30 &  adr43 &  adr50 &  di & 
             !_LC1_A2 &  wr
         #  adr00 &  adr01 &  adr02 &  adr30 & !adr43 & !adr50 &  _LC1_A2 & 
              wr;

-- Node name is '|ram4_4:16|ram_4:19|et1:1|~64~1' 
-- Equation name is '_LC3_A2', type is buried 
_LC3_A2  = LCELL( _EQ030 $  GND);
  _EQ030 =  adr00 &  adr01 &  adr02 &  adr30 &  adr43 &  adr50 &  rd
         # !_LC1_A2;

-- Node name is '|ram4_4:16|ram_4:19|et1:3|:34' = '|ram4_4:16|ram_4:19|et1:3|q' 
-- Equation name is '_LC6_A1', type is buried 
_LC6_A1  = TFFE( _EQ031, GLOBAL( clk),  VCC,  VCC,  VCC);
  _EQ031 =  adr00 &  adr01 &  adr02 &  adr30 &  adr43 &  adr51 &  di & 
             !_LC6_A1 &  wr
         #  adr00 &  adr01 &  adr02 &  adr30 & !adr43 & !adr51 &  _LC6_A1 & 
              wr;

-- Node name is '|ram4_4:16|ram_4:19|et1:3|~64~2' 
-- Equation name is '_LC3_A1', type is buried 
_LC3_A1  = LCELL( _EQ032 $  GND);
  _EQ032 =  adr00 &  adr01 &  adr02 &  adr30 &  adr43 &  adr51 &  rd
         # !_LC6_A1;

-- Node name is '|ram4_4:16|ram_4:19|et1:6|:34' = '|ram4_4:16|ram_4:19|et1:6|q' 
-- Equation name is '_LC4_A1', type is buried 
_LC4_A1  = TFFE( _EQ033, GLOBAL( clk),  VCC,  VCC,  VCC);
  _EQ033 =  adr00 &  adr01 &  adr02 &  adr30 &  adr43 &  adr52 &  di & 
             !_LC4_A1 &  wr
         #  adr00 &  adr01 &  adr02 &  adr30 & !adr43 & !adr52 &  _LC4_A1 & 
              wr;

-- Node name is '|ram4_4:16|ram_4:19|et1:6|~64~1' 
-- Equation name is '_LC5_A1', type is buried 
_LC5_A1  = LCELL( _EQ034 $  GND);
  _EQ034 =  adr00 &  adr01 &  adr02 &  adr30 &  adr43 &  adr52 &  rd
         # !_LC4_A1;

-- Node name is '|ram4_4:16|ram_4:19|et1:7|:34' = '|ram4_4:16|ram_4:19|et1:7|q' 
-- Equation name is '_LC9_A1', type is buried 
_LC9_A1  = TFFE( _EQ035, GLOBAL( clk),  VCC,  VCC,  VCC);
  _EQ035 =  adr00 &  adr01 &  adr02 &  adr30 &  adr43 &  adr53 &  di & 
             !_LC9_A1 &  wr
         #  adr00 &  adr01 &  adr02 &  adr30 & !adr43 & !adr53 &  _LC9_A1 & 
              wr;

-- Node name is '|ram4_4:16|ram_4:19|et1:7|~64~1' 
-- Equation name is '_LC10_A1', type is buried 
_LC10_A1 = LCELL( _EQ036 $  GND);
  _EQ036 =  adr00 &  adr01 &  adr02 &  adr30 &  adr43 &  adr53 &  rd
         # !_LC9_A1;

-- Node name is '|ram4_4:17|ram_4:16|et1:1|:34' = '|ram4_4:17|ram_4:16|et1:1|q' 
-- Equation name is '_LC13_B1', type is buried 
_LC13_B1 = TFFE( _EQ037, GLOBAL( clk),  VCC,  VCC,  VCC);
  _EQ037 =  adr00 &  adr01 &  adr02 &  adr31 &  adr40 &  adr50 &  di & 
             !_LC13_B1 &  wr
         #  adr00 &  adr01 &  adr02 &  adr31 & !adr40 & !adr50 &  _LC13_B1 & 
              wr;

-- Node name is '|ram4_4:17|ram_4:16|et1:1|~64~1' 
-- Equation name is '_LC16_B2', type is buried 
_LC16_B2 = LCELL( _EQ038 $  GND);
  _EQ038 =  adr00 &  adr01 &  adr02 &  adr31 &  adr40 &  adr50 &  rd
         # !_LC13_B1;

-- Node name is '|ram4_4:17|ram_4:16|et1:3|:34' = '|ram4_4:17|ram_4:16|et1:3|q' 
-- Equation name is '_LC2_A3', type is buried 
_LC2_A3  = TFFE( _EQ039, GLOBAL( clk),  VCC,  VCC,  VCC);
  _EQ039 =  adr00 &  adr01 &  adr02 &  adr31 &  adr40 &  adr51 &  di & 
             !_LC2_A3 &  wr
         #  adr00 &  adr01 &  adr02 &  adr31 & !adr40 & !adr51 &  _LC2_A3 & 
              wr;

-- Node name is '|ram4_4:17|ram_4:16|et1:3|~64~2' 
-- Equation name is '_LC15_B3', type is buried 
_LC15_B3 = LCELL( _EQ040 $  GND);
  _EQ040 =  adr00 &  adr01 &  adr02 &  adr31 &  adr40 &  adr51 &  rd
         # !_LC2_A3;

-- Node name is '|ram4_4:17|ram_4:16|et1:6|:34' = '|ram4_4:17|ram_4:16|et1:6|q' 
-- Equation name is '_LC13_A5', type is buried 
_LC13_A5 = TFFE( _EQ041, GLOBAL( clk),  VCC,  VCC,  VCC);
  _EQ041 =  adr00 &  adr01 &  adr02 &  adr31 &  adr40 &  adr52 &  di & 
             !_LC13_A5 &  wr
         #  adr00 &  adr01 &  adr02 &  adr31 & !adr40 & !adr52 &  _LC13_A5 & 
              wr;

-- Node name is '|ram4_4:17|ram_4:16|et1:6|~64~1' 
-- Equation name is '_LC2_B3', type is buried 
_LC2_B3  = LCELL( _EQ042 $  GND);
  _EQ042 =  adr00 &  adr01 &  adr02 &  adr31 &  adr40 &  adr52 &  rd
         # !_LC13_A5;

-- Node name is '|ram4_4:17|ram_4:16|et1:7|:34' = '|ram4_4:17|ram_4:16|et1:7|q' 
-- Equation name is '_LC2_A4', type is buried 
_LC2_A4  = TFFE( _EQ043, GLOBAL( clk),  VCC,  VCC,  VCC);
  _EQ043 =  adr00 &  adr01 &  adr02 &  adr31 &  adr40 &  adr53 &  di & 
             !_LC2_A4 &  wr
         #  adr00 &  adr01 &  adr02 &  adr31 & !adr40 & !adr53 &  _LC2_A4 & 
              wr;

-- Node name is '|ram4_4:17|ram_4:16|et1:7|~64~1' 
-- Equation name is '_LC14_B2', type is buried 
_LC14_B2 = LCELL( _EQ044 $  GND);
  _EQ044 =  adr00 &  adr01 &  adr02 &  adr31 &  adr40 &  adr53 &  rd
         # !_LC2_A4;

-- Node name is '|ram4_4:17|ram_4:17|et1:1|:34' = '|ram4_4:17|ram_4:17|et1:1|q' 
-- Equation name is '_LC3_B1', type is buried 
_LC3_B1  = TFFE( _EQ045, GLOBAL( clk),  VCC,  VCC,  VCC);
  _EQ045 =  adr00 &  adr01 &  adr02 &  adr31 &  adr41 &  adr50 &  di & 
             !_LC3_B1 &  wr
         #  adr00 &  adr01 &  adr02 &  adr31 & !adr41 & !adr50 &  _LC3_B1 & 
              wr;

-- Node name is '|ram4_4:17|ram_4:17|et1:1|~64~1' 
-- Equation name is '_LC15_B2', type is buried 
_LC15_B2 = LCELL( _EQ046 $  GND);
  _EQ046 =  adr00 &  adr01 &  adr02 &  adr31 &  adr41 &  adr50 &  rd
         # !_LC3_B1;

-- Node name is '|ram4_4:17|ram_4:17|et1:3|:34' = '|ram4_4:17|ram_4:17|et1:3|q' 
-- Equation name is '_LC7_D3', type is buried 
_LC7_D3  = TFFE( _EQ047, GLOBAL( clk),  VCC,  VCC,  VCC);
  _EQ047 =  adr00 &  adr01 &  adr02 &  adr31 &  adr41 &  adr51 &  di & 
             !_LC7_D3 &  wr
         #  adr00 &  adr01 &  adr02 &  adr31 & !adr41 & !adr51 &  _LC7_D3 & 
              wr;

-- Node name is '|ram4_4:17|ram_4:17|et1:3|~64~2' 
-- Equation name is '_LC16_D3', type is buried 
_LC16_D3 = LCELL( _EQ048 $  GND);
  _EQ048 =  adr00 &  adr01 &  adr02 &  adr31 &  adr41 &  adr51 &  rd
         # !_LC7_D3;

-- Node name is '|ram4_4:17|ram_4:17|et1:6|:34' = '|ram4_4:17|ram_4:17|et1:6|q' 
-- Equation name is '_LC6_B1', type is buried 
_LC6_B1  = TFFE( _EQ049, GLOBAL( clk),  VCC,  VCC,  VCC);
  _EQ049 =  adr00 &  adr01 &  adr02 &  adr31 &  adr41 &  adr52 &  di & 
             !_LC6_B1 &  wr
         #  adr00 &  adr01 &  adr02 &  adr31 & !adr41 & !adr52 &  _LC6_B1 & 
              wr;

-- Node name is '|ram4_4:17|ram_4:17|et1:6|~64~1' 
-- Equation name is '_LC3_B3', type is buried 
_LC3_B3  = LCELL( _EQ050 $  GND);
  _EQ050 =  adr00 &  adr01 &  adr02 &  adr31 &  adr41 &  adr52 &  rd
         # !_LC6_B1;

-- Node name is '|ram4_4:17|ram_4:17|et1:7|:34' = '|ram4_4:17|ram_4:17|et1:7|q' 
-- Equation name is '_LC5_B1', type is buried 
_LC5_B1  = TFFE( _EQ051, GLOBAL( clk),  VCC,  VCC,  VCC);
  _EQ051 =  adr00 &  adr01 &  adr02 &  adr31 &  adr41 &  adr53 &  di & 
             !_LC5_B1 &  wr
         #  adr00 &  adr01 &  adr02 &  adr31 & !adr41 & !adr53 &  _LC5_B1 & 
              wr;

-- Node name is '|ram4_4:17|ram_4:17|et1:7|~64~1' 
-- Equation name is '_LC1_B2', type is buried 
_LC1_B2  = LCELL( _EQ052 $  GND);
  _EQ052 =  adr00 &  adr01 &  adr02 &  adr31 &  adr41 &  adr53 &  rd
         # !_LC5_B1;

-- Node name is '|ram4_4:17|ram_4:18|et1:1|:34' = '|ram4_4:17|ram_4:18|et1:1|q' 
-- Equation name is '_LC2_D5', type is buried 
_LC2_D5  = TFFE( _EQ053, GLOBAL( clk),  VCC,  VCC,  VCC);
  _EQ053 =  adr00 &  adr01 &  adr02 &  adr31 &  adr42 &  adr50 &  di & 
             !_LC2_D5 &  wr
         #  adr00 &  adr01 &  adr02 &  adr31 & !adr42 & !adr50 &  _LC2_D5 & 
              wr;

-- Node name is '|ram4_4:17|ram_4:18|et1:1|~64~1' 
-- Equation name is '_LC11_D5', type is buried 
_LC11_D5 = LCELL( _EQ054 $  GND);
  _EQ054 =  adr00 &  adr01 &  adr02 &  adr31 &  adr42 &  adr50 &  rd
         # !_LC2_D5;

-- Node name is '|ram4_4:17|ram_4:18|et1:3|:34' = '|ram4_4:17|ram_4:18|et1:3|q' 
-- Equation name is '_LC1_D5', type is buried 
_LC1_D5  = TFFE( _EQ055, GLOBAL( clk),  VCC,  VCC,  VCC);
  _EQ055 =  adr00 &  adr01 &  adr02 &  adr31 &  adr42 &  adr51 &  di & 
             !_LC1_D5 &  wr
         #  adr00 &  adr01 &  adr02 &  adr31 & !adr42 & !adr51 &  _LC1_D5 & 
              wr;

-- Node name is '|ram4_4:17|ram_4:18|et1:3|~64~2' 
-- Equation name is '_LC16_D5', type is buried 
_LC16_D5 = LCELL( _EQ056 $  GND);
  _EQ056 =  adr00 &  adr01 &  adr02 &  adr31 &  adr42 &  adr51 &  rd
         # !_LC1_D5;

-- Node name is '|ram4_4:17|ram_4:18|et1:6|:34' = '|ram4_4:17|ram_4:18|et1:6|q' 
-- Equation name is '_LC7_D5', type is buried 
_LC7_D5  = TFFE( _EQ057, GLOBAL( clk),  VCC,  VCC,  VCC);
  _EQ057 =  adr00 &  adr01 &  adr02 &  adr31 &  adr42 &  adr52 &  di & 
             !_LC7_D5 &  wr
         #  adr00 &  adr01 &  adr02 &  adr31 & !adr42 & !adr52 &  _LC7_D5 & 
              wr;

-- Node name is '|ram4_4:17|ram_4:18|et1:6|~64~1' 
-- Equation name is '_LC12_D5', type is buried 
_LC12_D5 = LCELL( _EQ058 $  GND);
  _EQ058 =  adr00 &  adr01 &  adr02 &  adr31 &  adr42 &  adr52 &  rd
         # !_LC7_D5;

-- Node name is '|ram4_4:17|ram_4:18|et1:7|:34' = '|ram4_4:17|ram_4:18|et1:7|q' 
-- Equation name is '_LC13_D5', type is buried 
_LC13_D5 = TFFE( _EQ059, GLOBAL( clk),  VCC,  VCC,  VCC);
  _EQ059 =  adr00 &  adr01 &  adr02 &  adr31 &  adr42 &  adr53 &  di & 
             !_LC13_D5 &  wr
         #  adr00 &  adr01 &  adr02 &  adr31 & !adr42 & !adr53 &  _LC13_D5 & 
              wr;

-- Node name is '|ram4_4:17|ram_4:18|et1:7|~64~1' 
-- Equation name is '_LC14_D5', type is buried 
_LC14_D5 = LCELL( _EQ060 $  GND);
  _EQ060 =  adr00 &  adr01 &  adr02 &  adr31 &  adr42 &  adr53 &  rd
         # !_LC13_D5;

-- Node name is '|ram4_4:17|ram_4:19|et1:1|:34' = '|ram4_4:17|ram_4:19|et1:1|q' 
-- Equation name is '_LC12_A2', type is buried 
_LC12_A2 = TFFE( _EQ061, GLOBAL( clk),  VCC,  VCC,  VCC);
  _EQ061 =  adr00 &  adr01 &  adr02 &  adr31 &  adr43 &  adr50 &  di & 
             !_LC12_A2 &  wr
         #  adr00 &  adr01 &  adr02 &  adr31 & !adr43 & !adr50 &  _LC12_A2 & 
              wr;

-- Node name is '|ram4_4:17|ram_4:19|et1:1|~64~1' 
-- Equation name is '_LC10_A2', type is buried 
_LC10_A2 = LCELL( _EQ062 $  GND);
  _EQ062 =  adr00 &  adr01 &  adr02 &  adr31 &  adr43 &  adr50 &  rd
         # !_LC12_A2;

-- Node name is '|ram4_4:17|ram_4:19|et1:3|:34' = '|ram4_4:17|ram_4:19|et1:3|q' 
-- Equation name is '_LC1_A4', type is buried 
_LC1_A4  = TFFE( _EQ063, GLOBAL( clk),  VCC,  VCC,  VCC);
  _EQ063 =  adr00 &  adr01 &  adr02 &  adr31 &  adr43 &  adr51 &  di & 
             !_LC1_A4 &  wr
         #  adr00 &  adr01 &  adr02 &  adr31 & !adr43 & !adr51 &  _LC1_A4 & 
              wr;

-- Node name is '|ram4_4:17|ram_4:19|et1:3|~64~2' 
-- Equation name is '_LC4_B3', type is buried 
_LC4_B3  = LCELL( _EQ064 $  GND);
  _EQ064 =  adr00 &  adr01 &  adr02 &  adr31 &  adr43 &  adr51 &  rd
         # !_LC1_A4;

-- Node name is '|ram4_4:17|ram_4:19|et1:6|:34' = '|ram4_4:17|ram_4:19|et1:6|q' 
-- Equation name is '_LC14_A5', type is buried 
_LC14_A5 = TFFE( _EQ065, GLOBAL( clk),  VCC,  VCC,  VCC);
  _EQ065 =  adr00 &  adr01 &  adr02 &  adr31 &  adr43 &  adr52 &  di & 
             !_LC14_A5 &  wr
         #  adr00 &  adr01 &  adr02 &  adr31 & !adr43 & !adr52 &  _LC14_A5 & 
              wr;

-- Node name is '|ram4_4:17|ram_4:19|et1:6|~64~1' 
-- Equation name is '_LC5_B3', type is buried 
_LC5_B3  = LCELL( _EQ066 $  GND);
  _EQ066 =  adr00 &  adr01 &  adr02 &  adr31 &  adr43 &  adr52 &  rd
         # !_LC14_A5;

-- Node name is '|ram4_4:17|ram_4:19|et1:7|:34' = '|ram4_4:17|ram_4:19|et1:7|q' 
-- Equation name is '_LC3_A3', type is buried 
_LC3_A3  = TFFE( _EQ067, GLOBAL( clk),  VCC,  VCC,  VCC);
  _EQ067 =  adr00 &  adr01 &  adr02 &  adr31 &  adr43 &  adr53 &  di & 
             !_LC3_A3 &  wr
         #  adr00 &  adr01 &  adr02 &  adr31 & !adr43 & !adr53 &  _LC3_A3 & 
              wr;

-- Node name is '|ram4_4:17|ram_4:19|et1:7|~64~1' 
-- Equation name is '_LC8_B2', type is buried 
_LC8_B2  = LCELL( _EQ068 $  GND);
  _EQ068 =  adr00 &  adr01 &  adr02 &  adr31 &  adr43 &  adr53 &  rd
         # !_LC3_A3;

-- Node name is '|ram4_4:18|ram_4:16|et1:1|:34' = '|ram4_4:18|ram_4:16|et1:1|q' 
-- Equation name is '_LC2_B1', type is buried 
_LC2_B1  = TFFE( _EQ069, GLOBAL( clk),  VCC,  VCC,  VCC);
  _EQ069 =  adr00 &  adr01 &  adr02 &  adr32 &  adr40 &  adr50 &  di & 
             !_LC2_B1 &  wr
         #  adr00 &  adr01 &  adr02 &  adr32 & !adr40 & !adr50 &  _LC2_B1 & 
              wr;

-- Node name is '|ram4_4:18|ram_4:16|et1:1|~64~1' 
-- Equation name is '_LC13_B2', type is buried 
_LC13_B2 = LCELL( _EQ070 $  GND);
  _EQ070 =  adr00 &  adr01 &  adr02 &  adr32 &  adr40 &  adr50 &  rd
         # !_LC2_B1;

-- Node name is '|ram4_4:18|ram_4:16|et1:3|:34' = '|ram4_4:18|ram_4:16|et1:3|q' 
-- Equation name is '_LC7_B1', type is buried 
_LC7_B1  = TFFE( _EQ071, GLOBAL( clk),  VCC,  VCC,  VCC);
  _EQ071 =  adr00 &  adr01 &  adr02 &  adr32 &  adr40 &  adr51 &  di & 
             !_LC7_B1 &  wr
         #  adr00 &  adr01 &  adr02 &  adr32 & !adr40 & !adr51 &  _LC7_B1 & 
              wr;

-- Node name is '|ram4_4:18|ram_4:16|et1:3|~64~2' 
-- Equation name is '_LC7_B3', type is buried 
_LC7_B3  = LCELL( _EQ072 $  GND);
  _EQ072 =  adr00 &  adr01 &  adr02 &  adr32 &  adr40 &  adr51 &  rd
         # !_LC7_B1;

-- Node name is '|ram4_4:18|ram_4:16|et1:6|:34' = '|ram4_4:18|ram_4:16|et1:6|q' 
-- Equation name is '_LC12_B1', type is buried 
_LC12_B1 = TFFE( _EQ073, GLOBAL( clk),  VCC,  VCC,  VCC);
  _EQ073 =  adr00 &  adr01 &  adr02 &  adr32 &  adr40 &  adr52 &  di & 
             !_LC12_B1 &  wr
         #  adr00 &  adr01 &  adr02 &  adr32 & !adr40 & !adr52 &  _LC12_B1 & 
              wr;

-- Node name is '|ram4_4:18|ram_4:16|et1:6|~64~1' 
-- Equation name is '_LC13_B3', type is buried 
_LC13_B3 = LCELL( _EQ074 $  GND);
  _EQ074 =  adr00 &  adr01 &  adr02 &  adr32 &  adr40 &  adr52 &  rd
         # !_LC12_B1;

-- Node name is '|ram4_4:18|ram_4:16|et1:7|:34' = '|ram4_4:18|ram_4:16|et1:7|q' 
-- Equation name is '_LC16_B1', type is buried 
_LC16_B1 = TFFE( _EQ075, GLOBAL( clk),  VCC,  VCC,  VCC);
  _EQ075 =  adr00 &  adr01 &  adr02 &  adr32 &  adr40 &  adr53 &  di & 
             !_LC16_B1 &  wr
         #  adr00 &  adr01 &  adr02 &  adr32 & !adr40 & !adr53 &  _LC16_B1 & 
              wr;

-- Node name is '|ram4_4:18|ram_4:16|et1:7|~64~1' 
-- Equation name is '_LC11_B2', type is buried 
_LC11_B2 = LCELL( _EQ076 $  GND);
  _EQ076 =  adr00 &  adr01 &  adr02 &  adr32 &  adr40 &  adr53 &  rd
         # !_LC16_B1;

-- Node name is '|ram4_4:18|ram_4:17|et1:1|:34' = '|ram4_4:18|ram_4:17|et1:1|q' 
-- Equation name is '_LC15_B1', type is buried 
_LC15_B1 = TFFE( _EQ077, GLOBAL( clk),  VCC,  VCC,  VCC);
  _EQ077 =  adr00 &  adr01 &  adr02 &  adr32 &  adr41 &  adr50 &  di & 
             !_LC15_B1 &  wr
         #  adr00 &  adr01 &  adr02 &  adr32 & !adr41 & !adr50 &  _LC15_B1 & 
              wr;

-- Node name is '|ram4_4:18|ram_4:17|et1:1|~64~1' 
-- Equation name is '_LC6_B2', type is buried 
_LC6_B2  = LCELL( _EQ078 $  GND);
  _EQ078 =  adr00 &  adr01 &  adr02 &  adr32 &  adr41 &  adr50 &  rd
         # !_LC15_B1;

-- Node name is '|ram4_4:18|ram_4:17|et1:3|:34' = '|ram4_4:18|ram_4:17|et1:3|q' 
-- Equation name is '_LC4_B1', type is buried 
_LC4_B1  = TFFE( _EQ079, GLOBAL( clk),  VCC,  VCC,  VCC);
  _EQ079 =  adr00 &  adr01 &  adr02 &  adr32 &  adr41 &  adr51 &  di & 
             !_LC4_B1 &  wr
         #  adr00 &  adr01 &  adr02 &  adr32 & !adr41 & !adr51 &  _LC4_B1 & 
              wr;

-- Node name is '|ram4_4:18|ram_4:17|et1:3|~64~2' 
-- Equation name is '_LC9_B3', type is buried 
_LC9_B3  = LCELL( _EQ080 $  GND);
  _EQ080 =  adr00 &  adr01 &  adr02 &  adr32 &  adr41 &  adr51 &  rd
         # !_LC4_B1;

-- Node name is '|ram4_4:18|ram_4:17|et1:6|:34' = '|ram4_4:18|ram_4:17|et1:6|q' 
-- Equation name is '_LC1_B1', type is buried 
_LC1_B1  = TFFE( _EQ081, GLOBAL( clk),  VCC,  VCC,  VCC);
  _EQ081 =  adr00 &  adr01 &  adr02 &  adr32 &  adr41 &  adr52 &  di & 
             !_LC1_B1 &  wr
         #  adr00 &  adr01 &  adr02 &  adr32 & !adr41 & !adr52 &  _LC1_B1 & 
              wr;

-- Node name is '|ram4_4:18|ram_4:17|et1:6|~64~1' 
-- Equation name is '_LC8_B3', type is buried 
_LC8_B3  = LCELL( _EQ082 $  GND);
  _EQ082 =  adr00 &  adr01 &  adr02 &  adr32 &  adr41 &  adr52 &  rd
         # !_LC1_B1;

-- Node name is '|ram4_4:18|ram_4:17|et1:7|:34' = '|ram4_4:18|ram_4:17|et1:7|q' 
-- Equation name is '_LC5_B2', type is buried 
_LC5_B2  = TFFE( _EQ083, GLOBAL( clk),  VCC,  VCC,  VCC);
  _EQ083 =  adr00 &  adr01 &  adr02 &  adr32 &  adr41 &  adr53 &  di & 
             !_LC5_B2 &  wr
         #  adr00 &  adr01 &  adr02 &  adr32 & !adr41 & !adr53 &  _LC5_B2 & 
              wr;

-- Node name is '|ram4_4:18|ram_4:17|et1:7|~64~1' 
-- Equation name is '_LC9_B2', type is buried 
_LC9_B2  = LCELL( _EQ084 $  GND);
  _EQ084 =  adr00 &  adr01 &  adr02 &  adr32 &  adr41 &  adr53 &  rd
         # !_LC5_B2;

-- Node name is '|ram4_4:18|ram_4:18|et1:1|:34' = '|ram4_4:18|ram_4:18|et1:1|q' 
-- Equation name is '_LC3_D5', type is buried 
_LC3_D5  = TFFE( _EQ085, GLOBAL( clk),  VCC,  VCC,  VCC);
  _EQ085 =  adr00 &  adr01 &  adr02 &  adr32 &  adr42 &  adr50 &  di & 
             !_LC3_D5 &  wr
         #  adr00 &  adr01 &  adr02 &  adr32 & !adr42 & !adr50 &  _LC3_D5 & 
              wr;

-- Node name is '|ram4_4:18|ram_4:18|et1:1|~64~1' 
-- Equation name is '_LC15_D5', type is buried 
_LC15_D5 = LCELL( _EQ086 $  GND);
  _EQ086 =  adr00 &  adr01 &  adr02 &  adr32 &  adr42 &  adr50 &  rd
         # !_LC3_D5;

-- Node name is '|ram4_4:18|ram_4:18|et1:3|:34' = '|ram4_4:18|ram_4:18|et1:3|q' 
-- Equation name is '_LC4_D5', type is buried 
_LC4_D5  = TFFE( _EQ087, GLOBAL( clk),  VCC,  VCC,  VCC);
  _EQ087 =  adr00 &  adr01 &  adr02 &  adr32 &  adr42 &  adr51 &  di & 
             !_LC4_D5 &  wr
         #  adr00 &  adr01 &  adr02 &  adr32 & !adr42 & !adr51 &  _LC4_D5 & 
              wr;

-- Node name is '|ram4_4:18|ram_4:18|et1:3|~64~2' 
-- Equation name is '_LC5_D5', type is buried 
_LC5_D5  = LCELL( _EQ088 $  GND);
  _EQ088 =  adr00 &  adr01 &  adr02 &  adr32 &  adr42 &  adr51 &  rd
         # !_LC4_D5;

-- Node name is '|ram4_4:18|ram_4:18|et1:6|:34' = '|ram4_4:18|ram_4:18|et1:6|q' 
-- Equation name is '_LC6_D5', type is buried 
_LC6_D5  = TFFE( _EQ089, GLOBAL( clk),  VCC,  VCC,  VCC);
  _EQ089 =  adr00 &  adr01 &  adr02 &  adr32 &  adr42 &  adr52 &  di & 
             !_LC6_D5 &  wr
         #  adr00 &  adr01 &  adr02 &  adr32 & !adr42 & !adr52 &  _LC6_D5 & 
              wr;

-- Node name is '|ram4_4:18|ram_4:18|et1:6|~64~1' 
-- Equation name is '_LC8_D5', type is buried 
_LC8_D5  = LCELL( _EQ090 $  GND);
  _EQ090 =  adr00 &  adr01 &  adr02 &  adr32 &  adr42 &  adr52 &  rd
         # !_LC6_D5;

-- Node name is '|ram4_4:18|ram_4:18|et1:7|:34' = '|ram4_4:18|ram_4:18|et1:7|q' 
-- Equation name is '_LC9_D5', type is buried 
_LC9_D5  = TFFE( _EQ091, GLOBAL( clk),  VCC,  VCC,  VCC);
  _EQ091 =  adr00 &  adr01 &  adr02 &  adr32 &  adr42 &  adr53 &  di & 
             !_LC9_D5 &  wr
         #  adr00 &  adr01 &  adr02 &  adr32 & !adr42 & !adr53 &  _LC9_D5 & 
              wr;

-- Node name is '|ram4_4:18|ram_4:18|et1:7|~64~1' 
-- Equation name is '_LC10_D5', type is buried 
_LC10_D5 = LCELL( _EQ092 $  GND);
  _EQ092 =  adr00 &  adr01 &  adr02 &  adr32 &  adr42 &  adr53 &  rd
         # !_LC9_D5;

-- Node name is '|ram4_4:18|ram_4:19|et1:1|:34' = '|ram4_4:18|ram_4:19|et1:1|q' 
-- Equation name is '_LC1_B3', type is buried 
_LC1_B3  = TFFE( _EQ093, GLOBAL( clk),  VCC,  VCC,  VCC);
  _EQ093 =  adr00 &  adr01 &  adr02 &  adr32 &  adr43 &  adr50 &  di & 
             !_LC1_B3 &  wr
         #  adr00 &  adr01 &  adr02 &  adr32 & !adr43 & !adr50 &  _LC1_B3 & 
              wr;

-- Node name is '|ram4_4:18|ram_4:19|et1:1|~64~1' 
-- Equation name is '_LC4_B2', type is buried 
_LC4_B2  = LCELL( _EQ094 $  GND);
  _EQ094 =  adr00 &  adr01 &  adr02 &  adr32 &  adr43 &  adr50 &  rd
         # !_LC1_B3;

-- Node name is '|ram4_4:18|ram_4:19|et1:3|:34' = '|ram4_4:18|ram_4:19|et1:3|q' 
-- Equation name is '_LC6_D3', type is buried 
_LC6_D3  = TFFE( _EQ095, GLOBAL( clk),  VCC,  VCC,  VCC);
  _EQ095 =  adr00 &  adr01 &  adr02 &  adr32 &  adr43 &  adr51 &  di & 
             !_LC6_D3 &  wr
         #  adr00 &  adr01 &  adr02 &  adr32 & !adr43 & !adr51 &  _LC6_D3 & 
              wr;

-- Node name is '|ram4_4:18|ram_4:19|et1:3|~64~2' 
-- Equation name is '_LC5_D3', type is buried 
_LC5_D3  = LCELL( _EQ096 $  GND);
  _EQ096 =  adr00 &  adr01 &  adr02 &  adr32 &  adr43 &  adr51 &  rd
         # !_LC6_D3;

-- Node name is '|ram4_4:18|ram_4:19|et1:6|:34' = '|ram4_4:18|ram_4:19|et1:6|q' 
-- Equation name is '_LC2_D4', type is buried 
_LC2_D4  = TFFE( _EQ097, GLOBAL( clk),  VCC,  VCC,  VCC);
  _EQ097 =  adr00 &  adr01 &  adr02 &  adr32 &  adr43 &  adr52 &  di & 
             !_LC2_D4 &  wr
         #  adr00 &  adr01 &  adr02 &  adr32 & !adr43 & !adr52 &  _LC2_D4 & 
              wr;

-- Node name is '|ram4_4:18|ram_4:19|et1:6|~64~1' 
-- Equation name is '_LC6_B3', type is buried 
_LC6_B3  = LCELL( _EQ098 $  GND);
  _EQ098 =  adr00 &  adr01 &  adr02 &  adr32 &  adr43 &  adr52 &  rd
         # !_LC2_D4;

-- Node name is '|ram4_4:18|ram_4:19|et1:7|:34' = '|ram4_4:18|ram_4:19|et1:7|q' 
-- Equation name is '_LC14_D3', type is buried 
_LC14_D3 = TFFE( _EQ099, GLOBAL( clk),  VCC,  VCC,  VCC);
  _EQ099 =  adr00 &  adr01 &  adr02 &  adr32 &  adr43 &  adr53 &  di & 
             !_LC14_D3 &  wr
         #  adr00 &  adr01 &  adr02 &  adr32 & !adr43 & !adr53 &  _LC14_D3 & 
              wr;

-- Node name is '|ram4_4:18|ram_4:19|et1:7|~64~1' 
-- Equation name is '_LC12_D3', type is buried 
_LC12_D3 = LCELL( _EQ100 $  GND);
  _EQ100 =  adr00 &  adr01 &  adr02 &  adr32 &  adr43 &  adr53 &  rd
         # !_LC14_D3;

-- Node name is '|ram4_4:19|ram_4:16|et1:1|:34' = '|ram4_4:19|ram_4:16|et1:1|q' 
-- Equation name is '_LC2_C4', type is buried 
_LC2_C4  = TFFE( _EQ101, GLOBAL( clk),  VCC,  VCC,  VCC);
  _EQ101 =  adr00 &  adr01 &  adr02 &  adr33 &  adr40 &  adr50 &  di & 
             !_LC2_C4 &  wr
         #  adr00 &  adr01 &  adr02 &  adr33 & !adr40 & !adr50 &  _LC2_C4 & 
              wr;

-- Node name is '|ram4_4:19|ram_4:16|et1:1|~64~1' 
-- Equation name is '_LC4_C5', type is buried 
_LC4_C5  = LCELL( _EQ102 $  GND);
  _EQ102 =  adr00 &  adr01 &  adr02 &  adr33 &  adr40 &  adr50 &  rd
         # !_LC2_C4;

-- Node name is '|ram4_4:19|ram_4:16|et1:3|:34' = '|ram4_4:19|ram_4:16|et1:3|q' 
-- Equation name is '_LC9_C4', type is buried 
_LC9_C4  = TFFE( _EQ103, GLOBAL( clk),  VCC,  VCC,  VCC);
  _EQ103 =  adr00 &  adr01 &  adr02 &  adr33 &  adr40 &  adr51 &  di & 
             !_LC9_C4 &  wr
         #  adr00 &  adr01 &  adr02 &  adr33 & !adr40 & !adr51 &  _LC9_C4 & 
              wr;

-- Node name is '|ram4_4:19|ram_4:16|et1:3|~64~2' 
-- Equation name is '_LC6_C1', type is buried 
_LC6_C1  = LCELL( _EQ104 $  GND);
  _EQ104 =  adr00 &  adr01 &  adr02 &  adr33 &  adr40 &  adr51 &  rd
         # !_LC9_C4;

-- Node name is '|ram4_4:19|ram_4:16|et1:6|:34' = '|ram4_4:19|ram_4:16|et1:6|q' 
-- Equation name is '_LC1_C4', type is buried 
_LC1_C4  = TFFE( _EQ105, GLOBAL( clk),  VCC,  VCC,  VCC);
  _EQ105 =  adr00 &  adr01 &  adr02 &  adr33 &  adr40 &  adr52 &  di & 
             !_LC1_C4 &  wr
         #  adr00 &  adr01 &  adr02 &  adr33 & !adr40 & !adr52 &  _LC1_C4 & 
              wr;

-- Node name is '|ram4_4:19|ram_4:16|et1:6|~64~1' 
-- Equation name is '_LC5_C3', type is buried 
_LC5_C3  = LCELL( _EQ106 $  GND);
  _EQ106 =  adr00 &  adr01 &  adr02 &  adr33 &  adr40 &  adr52 &  rd
         # !_LC1_C4;

-- Node name is '|ram4_4:19|ram_4:16|et1:7|:34' = '|ram4_4:19|ram_4:16|et1:7|q' 
-- Equation name is '_LC4_C4', type is buried 
_LC4_C4  = TFFE( _EQ107, GLOBAL( clk),  VCC,  VCC,  VCC);
  _EQ107 =  adr00 &  adr01 &  adr02 &  adr33 &  adr40 &  adr53 &  di & 
             !_LC4_C4 &  wr
         #  adr00 &  adr01 &  adr02 &  adr33 & !adr40 & !adr53 &  _LC4_C4 & 
              wr;

-- Node name is '|ram4_4:19|ram_4:16|et1:7|~64~1' 
-- Equation name is '_LC6_C3', type is buried 
_LC6_C3  = LCELL( _EQ108 $  GND);
  _EQ108 =  adr00 &  adr01 &  adr02 &  adr33 &  adr40 &  adr53 &  rd
         # !_LC4_C4;

-- Node name is '|ram4_4:19|ram_4:17|et1:1|:34' = '|ram4_4:19|ram_4:17|et1:1|q' 
-- Equation name is '_LC7_C4', type is buried 
_LC7_C4  = TFFE( _EQ109, GLOBAL( clk),  VCC,  VCC,  VCC);
  _EQ109 =  adr00 &  adr01 &  adr02 &  adr33 &  adr41 &  adr50 &  di & 
             !_LC7_C4 &  wr
         #  adr00 &  adr01 &  adr02 &  adr33 & !adr41 & !adr50 &  _LC7_C4 & 
              wr;

-- Node name is '|ram4_4:19|ram_4:17|et1:1|~64~1' 
-- Equation name is '_LC15_C1', type is buried 
_LC15_C1 = LCELL( _EQ110 $  GND);
  _EQ110 =  adr00 &  adr01 &  adr02 &  adr33 &  adr41 &  adr50 &  rd
         # !_LC7_C4;

-- Node name is '|ram4_4:19|ram_4:17|et1:3|:34' = '|ram4_4:19|ram_4:17|et1:3|q' 
-- Equation name is '_LC14_C4', type is buried 
_LC14_C4 = TFFE( _EQ111, GLOBAL( clk),  VCC,  VCC,  VCC);
  _EQ111 =  adr00 &  adr01 &  adr02 &  adr33 &  adr41 &  adr51 &  di & 
             !_LC14_C4 &  wr
         #  adr00 &  adr01 &  adr02 &  adr33 & !adr41 & !adr51 &  _LC14_C4 & 
              wr;

-- Node name is '|ram4_4:19|ram_4:17|et1:3|~64~2' 
-- Equation name is '_LC10_C3', type is buried 
_LC10_C3 = LCELL( _EQ112 $  GND);
  _EQ112 =  adr00 &  adr01 &  adr02 &  adr33 &  adr41 &  adr51 &  rd
         # !_LC14_C4;

-- Node name is '|ram4_4:19|ram_4:17|et1:6|:34' = '|ram4_4:19|ram_4:17|et1:6|q' 
-- Equation name is '_LC4_D3', type is buried 
_LC4_D3  = TFFE( _EQ113, GLOBAL( clk),  VCC,  VCC,  VCC);
  _EQ113 =  adr00 &  adr01 &  adr02 &  adr33 &  adr41 &  adr52 &  di & 
             !_LC4_D3 &  wr
         #  adr00 &  adr01 &  adr02 &  adr33 & !adr41 & !adr52 &  _LC4_D3 & 
              wr;

-- Node name is '|ram4_4:19|ram_4:17|et1:6|~64~1' 
-- Equation name is '_LC13_D3', type is buried 
_LC13_D3 = LCELL( _EQ114 $  GND);
  _EQ114 =  adr00 &  adr01 &  adr02 &  adr33 &  adr41 &  adr52 &  rd
         # !_LC4_D3;

-- Node name is '|ram4_4:19|ram_4:17|et1:7|:34' = '|ram4_4:19|ram_4:17|et1:7|q' 
-- Equation name is '_LC8_C4', type is buried 
_LC8_C4  = TFFE( _EQ115, GLOBAL( clk),  VCC,  VCC,  VCC);
  _EQ115 =  adr00 &  adr01 &  adr02 &  adr33 &  adr41 &  adr53 &  di & 
             !_LC8_C4 &  wr
         #  adr00 &  adr01 &  adr02 &  adr33 & !adr41 & !adr53 &  _LC8_C4 & 
              wr;

-- Node name is '|ram4_4:19|ram_4:17|et1:7|~64~1' 
-- Equation name is '_LC11_C1', type is buried 
_LC11_C1 = LCELL( _EQ116 $  GND);
  _EQ116 =  adr00 &  adr01 &  adr02 &  adr33 &  adr41 &  adr53 &  rd
         # !_LC8_C4;

-- Node name is '|ram4_4:19|ram_4:18|et1:1|:34' = '|ram4_4:19|ram_4:18|et1:1|q' 
-- Equation name is '_LC6_C4', type is buried 
_LC6_C4  = TFFE( _EQ117, GLOBAL( clk),  VCC,  VCC,  VCC);
  _EQ117 =  adr00 &  adr01 &  adr02 &  adr33 &  adr42 &  adr50 &  di & 
             !_LC6_C4 &  wr
         #  adr00 &  adr01 &  adr02 &  adr33 & !adr42 & !adr50 &  _LC6_C4 & 
              wr;

-- Node name is '|ram4_4:19|ram_4:18|et1:1|~64~1' 
-- Equation name is '_LC3_C3', type is buried 
_LC3_C3  = LCELL( _EQ118 $  GND);
  _EQ118 =  adr00 &  adr01 &  adr02 &  adr33 &  adr42 &  adr50 &  rd
         # !_LC6_C4;

-- Node name is '|ram4_4:19|ram_4:18|et1:3|:34' = '|ram4_4:19|ram_4:18|et1:3|q' 
-- Equation name is '_LC10_C4', type is buried 
_LC10_C4 = TFFE( _EQ119, GLOBAL( clk),  VCC,  VCC,  VCC);
  _EQ119 =  adr00 &  adr01 &  adr02 &  adr33 &  adr42 &  adr51 &  di & 
             !_LC10_C4 &  wr
         #  adr00 &  adr01 &  adr02 &  adr33 & !adr42 & !adr51 &  _LC10_C4 & 
              wr;

-- Node name is '|ram4_4:19|ram_4:18|et1:3|~64~2' 
-- Equation name is '_LC12_C1', type is buried 
_LC12_C1 = LCELL( _EQ120 $  GND);
  _EQ120 =  adr00 &  adr01 &  adr02 &  adr33 &  adr42 &  adr51 &  rd
         # !_LC10_C4;

-- Node name is '|ram4_4:19|ram_4:18|et1:6|:34' = '|ram4_4:19|ram_4:18|et1:6|q' 
-- Equation name is '_LC11_C4', type is buried 
_LC11_C4 = TFFE( _EQ121, GLOBAL( clk),  VCC,  VCC,  VCC);
  _EQ121 =  adr00 &  adr01 &  adr02 &  adr33 &  adr42 &  adr52 &  di & 
             !_LC11_C4 &  wr
         #  adr00 &  adr01 &  adr02 &  adr33 & !adr42 & !adr52 &  _LC11_C4 & 
              wr;

-- Node name is '|ram4_4:19|ram_4:18|et1:6|~64~1' 
-- Equation name is '_LC1_C3', type is buried 
_LC1_C3  = LCELL( _EQ122 $  GND);
  _EQ122 =  adr00 &  adr01 &  adr02 &  adr33 &  adr42 &  adr52 &  rd
         # !_LC11_C4;

-- Node name is '|ram4_4:19|ram_4:18|et1:7|:34' = '|ram4_4:19|ram_4:18|et1:7|q' 
-- Equation name is '_LC3_C4', type is buried 
_LC3_C4  = TFFE( _EQ123, GLOBAL( clk),  VCC,  VCC,  VCC);
  _EQ123 =  adr00 &  adr01 &  adr02 &  adr33 &  adr42 &  adr53 &  di & 
             !_LC3_C4 &  wr
         #  adr00 &  adr01 &  adr02 &  adr33 & !adr42 & !adr53 &  _LC3_C4 & 
              wr;

-- Node name is '|ram4_4:19|ram_4:18|et1:7|~64~1' 
-- Equation name is '_LC4_C3', type is buried 
_LC4_C3  = LCELL( _EQ124 $  GND);
  _EQ124 =  adr00 &  adr01 &  adr02 &  adr33 &  adr42 &  adr53 &  rd
         # !_LC3_C4;

-- Node name is '|ram4_4:19|ram_4:19|et1:1|:34' = '|ram4_4:19|ram_4:19|et1:1|q' 
-- Equation name is '_LC1_D3', type is buried 
_LC1_D3  = TFFE( _EQ125, GLOBAL( clk),  VCC,  VCC,  VCC);
  _EQ125 =  adr00 &  adr01 &  adr02 &  adr33 &  adr43 &  adr50 &  di & 
             !_LC1_D3 &  wr
         #  adr00 &  adr01 &  adr02 &  adr33 & !adr43 & !adr50 &  _LC1_D3 & 
              wr;

-- Node name is '|ram4_4:19|ram_4:19|et1:1|~64~1' 
-- Equation name is '_LC2_D3', type is buried 
_LC2_D3  = LCELL( _EQ126 $  GND);
  _EQ126 =  adr00 &  adr01 &  adr02 &  adr33 &  adr43 &  adr50 &  rd
         # !_LC1_D3;

-- Node name is '|ram4_4:19|ram_4:19|et1:3|:34' = '|ram4_4:19|ram_4:19|et1:3|q' 
-- Equation name is '_LC3_D3', type is buried 
_LC3_D3  = TFFE( _EQ127, GLOBAL( clk),  VCC,  VCC,  VCC);
  _EQ127 =  adr00 &  adr01 &  adr02 &  adr33 &  adr43 &  adr51 &  di & 
             !_LC3_D3 &  wr
         #  adr00 &  adr01 &  adr02 &  adr33 & !adr43 & !adr51 &  _LC3_D3 & 
              wr;

-- Node name is '|ram4_4:19|ram_4:19|et1:3|~64~2' 
-- Equation name is '_LC15_D3', type is buried 
_LC15_D3 = LCELL( _EQ128 $  GND);
  _EQ128 =  adr00 &  adr01 &  adr02 &  adr33 &  adr43 &  adr51 &  rd
         # !_LC3_D3;

-- Node name is '|ram4_4:19|ram_4:19|et1:6|:34' = '|ram4_4:19|ram_4:19|et1:6|q' 
-- Equation name is '_LC8_D3', type is buried 
_LC8_D3  = TFFE( _EQ129, GLOBAL( clk),  VCC,  VCC,  VCC);
  _EQ129 =  adr00 &  adr01 &  adr02 &  adr33 &  adr43 &  adr52 &  di & 
             !_LC8_D3 &  wr
         #  adr00 &  adr01 &  adr02 &  adr33 & !adr43 & !adr52 &  _LC8_D3 & 
              wr;

-- Node name is '|ram4_4:19|ram_4:19|et1:6|~64~1' 
-- Equation name is '_LC9_D3', type is buried 
_LC9_D3  = LCELL( _EQ130 $  GND);
  _EQ130 =  adr00 &  adr01 &  adr02 &  adr33 &  adr43 &  adr52 &  rd
         # !_LC8_D3;

-- Node name is '|ram4_4:19|ram_4:19|et1:7|:34' = '|ram4_4:19|ram_4:19|et1:7|q' 
-- Equation name is '_LC6_D2', type is buried 
_LC6_D2  = TFFE( _EQ131, GLOBAL( clk),  VCC,  VCC,  VCC);
  _EQ131 =  adr00 &  adr01 &  adr02 &  adr33 &  adr43 &  adr53 &  di & 
             !_LC6_D2 &  wr
         #  adr00 &  adr01 &  adr02 &  adr33 & !adr43 & !adr53 &  _LC6_D2 & 
              wr;

-- Node name is '|ram4_4:19|ram_4:19|et1:7|~64~1' 
-- Equation name is '_LC5_D1', type is buried 
_LC5_D1  = LCELL( _EQ132 $  GND);
  _EQ132 =  adr00 &  adr01 &  adr02 &  adr33 &  adr43 &  adr53 &  rd
         # !_LC6_D2;



Project Information        e:\topsecret\5_sem\shemtechnik\labs\shem3\ram64.rpt

** COMPILATION SETTINGS & TIMES **

Processing Menu Commands
------------------------

Design Doctor                             = off

Logic Synthesis:

   Synthesis Type Used                    = Multi-Level

   Default Synthesis Style                = NORMAL

      Logic option settings in 'NORMAL' style for 'MAX9000' family

      DECOMPOSE_GATES                     = on
      DUPLICATE_LOGIC_EXTRACTION          = on
      MINIMIZATION                        = full
      MULTI_LEVEL_FACTORING               = on
      NOT_GATE_PUSH_BACK                  = on
      PARALLEL_EXPANDERS                  = off
      REDUCE_LOGIC                        = on
      REFACTORIZATION                     = on
      REGISTER_OPTIMIZATION               = on
      RESYNTHESIZE_NETWORK                = on
      SLOW_SLEW_RATE                      = off
      SOFT_BUFFER_INSERTION               = on
      SUBFACTOR_EXTRACTION                = on
      TURBO_BIT                           = on
      XOR_SYNTHESIS                       = on
      IGNORE_SOFT_BUFFERS                 = off
      USE_LPM_FOR_AHDL_OPERATORS          = off

   Other logic synthesis settings:

      Automatic Global Clock              = on
      Automatic Global Clear              = on
      Automatic Global Preset             = on
      Automatic Global Output Enable      = on
      Automatic Fast I/O                  = off
      Automatic Register Packing          = off
      Automatic Open-Drain Pins           = on
      Automatic Implement in EAB          = off
      One-Hot State Machine Encoding      = off
      Optimize                            = 5

Default Timing Specifications: None

Cut All Bidir Feedback Timing Paths       = on
Cut All Clear & Preset Timing Paths       = on

Ignore Timing Assignments                 = off

Functional SNF Extractor                  = off

Linked SNF Extractor                      = off
Timing SNF Extractor                      = on
Optimize Timing SNF                       = off
Generate AHDL TDO File                    = off
Fitter Settings                           = NORMAL
Smart Recompile                           = off
Total Recompile                           = off

Interfaces Menu Commands
------------------------

EDIF Netlist Writer                       = off
Verilog Netlist Writer                    = off
VHDL Netlist Writer                       = off

Compilation Times
-----------------

   Compiler Netlist Extractor             00:00:00
   Database Builder                       00:00:01
   Logic Synthesizer                      00:00:06
   Partitioner                            00:00:00
   Fitter                                 00:00:00
   Timing SNF Extractor                   00:00:01
   Assembler                              00:00:01
   --------------------------             --------
   Total Time                             00:00:09


Memory Allocated
-----------------

Peak memory allocated during compilation  = 8,235K
