Project Information                           d:\hdf\schemtechnik\shem3\rg.rpt

MAX+plus II Compiler Report File
Version 10.0 RC2 9/14/2000
Compiled: 10/12/2009 17:24:33

Copyright (C) 1988-2000 Altera Corporation
Any megafunction design, and related net list (encrypted or decrypted),
support information, device programming or simulation file, and any other
associated documentation or information provided by Altera or a partner
under Altera's Megafunction Partnership Program may be used only to
program PLD devices (but not masked PLD devices) from Altera.  Any other
use of such megafunction design, net list, support information, device
programming or simulation file, or any other related documentation or
information is prohibited for any other purpose, including, but not
limited to modification, reverse engineering, de-compiling, or use with
any other silicon devices, unless such use is explicitly licensed under
a separate agreement with Altera or a megafunction partner.  Title to
the intellectual property, including patents, copyrights, trademarks,
trade secrets, or maskworks, embodied in any such megafunction design,
net list, support information, device programming or simulation file, or
any other related documentation or information provided by Altera or a
megafunction partner, remains with Altera, the megafunction partner, or
their respective licensors.  No other licenses, including any licenses
needed under any third party's intellectual property, are provided herein.



***** Project compilation was successful




** DEVICE SUMMARY **

Chip/                     Input   Output   Bidir         Shareable
POF       Device          Pins    Pins     Pins     LCs  Expanders  % Utilized

rg        EPM7032LC44-6    15       12       0      12      0           37 %

User Pins:                 15       12       0  



Project Information                           d:\hdf\schemtechnik\shem3\rg.rpt

** AUTO GLOBAL SIGNALS **



INFO: Signal 'clock' chosen for auto global Clock


Project Information                           d:\hdf\schemtechnik\shem3\rg.rpt

** FILE HIERARCHY **



|rgi:6|
|rgi:6|carry_not:14|
|rgi:6|carry_not:15|
|rgi:12|
|rgi:12|carry_not:14|
|rgi:12|carry_not:15|
|rgi:13|
|rgi:13|carry_not:14|
|rgi:13|carry_not:15|
|rgi:5|
|rgi:5|carry_not:14|
|rgi:5|carry_not:15|
|rgi:4|
|rgi:4|carry_not:14|
|rgi:4|carry_not:15|
|rgi:3|
|rgi:3|carry_not:14|
|rgi:3|carry_not:15|
|rgi:1|
|rgi:1|carry_not:14|
|rgi:1|carry_not:15|
|rgi:7|
|rgi:7|carry_not:14|
|rgi:7|carry_not:15|
|rgi:8|
|rgi:8|carry_not:14|
|rgi:8|carry_not:15|
|rgi:9|
|rgi:9|carry_not:14|
|rgi:9|carry_not:15|
|rgi:10|
|rgi:10|carry_not:14|
|rgi:10|carry_not:15|
|rgi:11|
|rgi:11|carry_not:14|
|rgi:11|carry_not:15|


Device-Specific Information:                  d:\hdf\schemtechnik\shem3\rg.rpt
rg

***** Logic for device 'rg' compiled without errors.




Device: EPM7032LC44-6

Device Options:
    Turbo Bit                                    = ON
    Security Bit                                 = OFF

                                               
                                               
                                               
                                   c           
                                   l           
              B  B  r  V  G  G  G  o  G  A  A  
              0  0  a  C  N  N  N  c  N  0  0  
              1  0  s  C  D  D  D  k  D  6  2  
            -----------------------------------_ 
          /   6  5  4  3  2  1 44 43 42 41 40   | 
     B02 |  7                                39 | A07 
     B03 |  8                                38 | A11 
     B04 |  9                                37 | A10 
     GND | 10                                36 | A01 
     B05 | 11                                35 | VCC 
     B06 | 12         EPM7032LC44-6          34 | A00 
     B07 | 13                                33 | A09 
     B08 | 14                                32 | A05 
     VCC | 15                                31 | A08 
     B09 | 16                                30 | GND 
     B10 | 17                                29 | A04 
         |_  18 19 20 21 22 23 24 25 26 27 28  _| 
           ------------------------------------ 
              B  c  R  R  G  V  R  R  R  A  R  
              1  a  E  E  N  C  E  E  E  0  E  
              1  s  S  S  D  C  S  S  S  3  S  
                    E  E        E  E  E     E  
                    R  R        R  R  R     R  
                    V  V        V  V  V     V  
                    E  E        E  E  E     E  
                    D  D        D  D  D     D  


N.C. = No Connect. This pin has no internal connection to the device.
VCC = Dedicated power pin, which MUST be connected to VCC.
GND = Dedicated ground pin or unused dedicated input, which MUST be connected to GND.
RESERVED = Unused I/O pin, which MUST be left unconnected.



Device-Specific Information:                  d:\hdf\schemtechnik\shem3\rg.rpt
rg

** RESOURCE USAGE **

                                                Shareable     External
Logic Array Block     Logic Cells   I/O Pins    Expanders   Interconnect

A:     LC1 - LC16     0/16(  0%)  14/16( 87%)   0/16(  0%)   0/36(  0%) 
B:    LC17 - LC32    12/16( 75%)  12/16( 75%)   0/16(  0%)  26/36( 72%) 


Total dedicated input pins used:                 1/4      ( 25%)
Total I/O pins used:                            26/32     ( 81%)
Total logic cells used:                         12/32     ( 37%)
Total shareable expanders used:                  0/32     (  0%)
Total Turbo logic cells used:                   12/32     ( 37%)
Total shareable expanders not available (n/a):   0/32     (  0%)
Average fan-in:                                  5.00
Total fan-in:                                    60

Total input pins required:                      15
Total output pins required:                     12
Total bidirectional pins required:               0
Total logic cells required:                     12
Total flipflops required:                       12
Total product terms required:                   24
Total logic cells lending parallel expanders:    0
Total shareable expanders in database:           0

Synthesized logic cells:                         0/  32   (  0%)



Device-Specific Information:                  d:\hdf\schemtechnik\shem3\rg.rpt
rg

** INPUTS **

                                         Shareable
                                         Expanders     Fan-In    Fan-Out
 Pin     LC  LAB  Primitive    Code   Total Shared n/a INP  FBK  OUT  FBK  Name
   5    (2)  (A)      INPUT               0      0   0    0    0    1    0  B00
   6    (3)  (A)      INPUT               0      0   0    0    0    1    0  B01
   7    (4)  (A)      INPUT               0      0   0    0    0    1    0  B02
   8    (5)  (A)      INPUT               0      0   0    0    0    1    0  B03
   9    (6)  (A)      INPUT               0      0   0    0    0    1    0  B04
  11    (7)  (A)      INPUT               0      0   0    0    0    1    0  B05
  12    (8)  (A)      INPUT               0      0   0    0    0    1    0  B06
  13    (9)  (A)      INPUT               0      0   0    0    0    1    0  B07
  14   (10)  (A)      INPUT               0      0   0    0    0    1    0  B08
  16   (11)  (A)      INPUT               0      0   0    0    0    1    0  B09
  17   (12)  (A)      INPUT               0      0   0    0    0    1    0  B10
  18   (13)  (A)      INPUT               0      0   0    0    0    1    0  B11
  19   (14)  (A)      INPUT               0      0   0    0    0   12    0  cas
  43      -   -       INPUT  G            0      0   0    0    0    0    0  clock
   4    (1)  (A)      INPUT               0      0   0    0    0   12    0  ras


Code:

s = Synthesized pin or logic cell
t = Turbo logic cell
+ = Synchronous flipflop
! = NOT gate push-back
r = Fitter-inserted logic cell
G = Global Source. Fan-out destinations counted here do not include destinations
that are driven using global routing resources. Refer to the Auto Global Signals,
Clock Signals, Clear Signals, Synchronous Load Signals, and Synchronous Clear Signals
Sections of this Report File for information on which signals' fan-outs are used as
Clock, Clear, Preset, Output Enable, and synchronous Load signals.


Device-Specific Information:                  d:\hdf\schemtechnik\shem3\rg.rpt
rg

** OUTPUTS **

                                         Shareable
                                         Expanders     Fan-In    Fan-Out
 Pin     LC  LAB  Primitive    Code   Total Shared n/a INP  FBK  OUT  FBK  Name
  34     23    B         FF   +  t        0      0   0    3    1    1    0  A00 (|rgi:1|:20)
  36     22    B         FF   +  t        0      0   0    3    1    1    0  A01 (|rgi:3|:20)
  40     18    B         FF   +  t        0      0   0    3    1    1    0  A02 (|rgi:4|:20)
  27     29    B         FF   +  t        0      0   0    3    1    1    0  A03 (|rgi:5|:20)
  29     27    B         FF   +  t        0      0   0    3    1    1    0  A04 (|rgi:6|:20)
  32     25    B         FF   +  t        0      0   0    3    1    1    0  A05 (|rgi:13|:20)
  41     17    B         FF   +  t        0      0   0    3    1    1    0  A06 (|rgi:7|:20)
  39     19    B         FF   +  t        0      0   0    3    1    1    0  A07 (|rgi:8|:20)
  31     26    B         FF   +  t        0      0   0    3    1    1    0  A08 (|rgi:9|:20)
  33     24    B         FF   +  t        0      0   0    3    1    1    0  A09 (|rgi:10|:20)
  37     21    B         FF   +  t        0      0   0    3    1    1    0  A10 (|rgi:11|:20)
  38     20    B         FF   +  t        0      0   0    3    1    1    0  A11 (|rgi:12|:20)


Code:

s = Synthesized pin or logic cell
t = Turbo logic cell
+ = Synchronous flipflop
! = NOT gate push-back
r = Fitter-inserted logic cell


Device-Specific Information:                  d:\hdf\schemtechnik\shem3\rg.rpt
rg

** LOGIC CELL INTERCONNECTIONS **

Logic Array Block 'B':

                                 Logic cells placed in LAB 'B'
        +----------------------- LC23 A00
        | +--------------------- LC22 A01
        | | +------------------- LC18 A02
        | | | +----------------- LC29 A03
        | | | | +--------------- LC27 A04
        | | | | | +------------- LC25 A05
        | | | | | | +----------- LC17 A06
        | | | | | | | +--------- LC19 A07
        | | | | | | | | +------- LC26 A08
        | | | | | | | | | +----- LC24 A09
        | | | | | | | | | | +--- LC21 A10
        | | | | | | | | | | | +- LC20 A11
        | | | | | | | | | | | | 
        | | | | | | | | | | | |   Other LABs fed by signals
        | | | | | | | | | | | |   that feed LAB 'B'
LC      | | | | | | | | | | | | | A B |     Logic cells that feed LAB 'B':
LC23 -> * - - - - - - - - - - - | - * | <-- A00
LC22 -> - * - - - - - - - - - - | - * | <-- A01
LC18 -> - - * - - - - - - - - - | - * | <-- A02
LC29 -> - - - * - - - - - - - - | - * | <-- A03
LC27 -> - - - - * - - - - - - - | - * | <-- A04
LC25 -> - - - - - * - - - - - - | - * | <-- A05
LC17 -> - - - - - - * - - - - - | - * | <-- A06
LC19 -> - - - - - - - * - - - - | - * | <-- A07
LC26 -> - - - - - - - - * - - - | - * | <-- A08
LC24 -> - - - - - - - - - * - - | - * | <-- A09
LC21 -> - - - - - - - - - - * - | - * | <-- A10
LC20 -> - - - - - - - - - - - * | - * | <-- A11

Pin
5    -> * - - - - - - - - - - - | - * | <-- B00
6    -> - * - - - - - - - - - - | - * | <-- B01
7    -> - - * - - - - - - - - - | - * | <-- B02
8    -> - - - * - - - - - - - - | - * | <-- B03
9    -> - - - - * - - - - - - - | - * | <-- B04
11   -> - - - - - * - - - - - - | - * | <-- B05
12   -> - - - - - - * - - - - - | - * | <-- B06
13   -> - - - - - - - * - - - - | - * | <-- B07
14   -> - - - - - - - - * - - - | - * | <-- B08
16   -> - - - - - - - - - * - - | - * | <-- B09
17   -> - - - - - - - - - - * - | - * | <-- B10
18   -> - - - - - - - - - - - * | - * | <-- B11
19   -> * * * * * * * * * * * * | - * | <-- cas
43   -> - - - - - - - - - - - - | - - | <-- clock
4    -> * * * * * * * * * * * * | - * | <-- ras


* = The logic cell or pin is an input to the logic cell (or LAB) through the PIA.
- = The logic cell or pin is not an input to the logic cell (or LAB).


Device-Specific Information:                  d:\hdf\schemtechnik\shem3\rg.rpt
rg

** EQUATIONS **

B00      : INPUT;
B01      : INPUT;
B02      : INPUT;
B03      : INPUT;
B04      : INPUT;
B05      : INPUT;
B06      : INPUT;
B07      : INPUT;
B08      : INPUT;
B09      : INPUT;
B10      : INPUT;
B11      : INPUT;
cas      : INPUT;
clock    : INPUT;
ras      : INPUT;

-- Node name is 'A00' = '|rgi:1|RGi' 
-- Equation name is 'A00', type is output 
 A00     = TFFE( _EQ001, GLOBAL( clock),  VCC,  VCC,  VCC);
  _EQ001 = !A00 &  B00 & !cas &  ras
         #  A00 & !B00 & !cas &  ras;

-- Node name is 'A01' = '|rgi:3|RGi' 
-- Equation name is 'A01', type is output 
 A01     = TFFE( _EQ002, GLOBAL( clock),  VCC,  VCC,  VCC);
  _EQ002 = !A01 &  B01 & !cas &  ras
         #  A01 & !B01 & !cas &  ras;

-- Node name is 'A02' = '|rgi:4|RGi' 
-- Equation name is 'A02', type is output 
 A02     = TFFE( _EQ003, GLOBAL( clock),  VCC,  VCC,  VCC);
  _EQ003 = !A02 &  B02 & !cas &  ras
         #  A02 & !B02 & !cas &  ras;

-- Node name is 'A03' = '|rgi:5|RGi' 
-- Equation name is 'A03', type is output 
 A03     = TFFE( _EQ004, GLOBAL( clock),  VCC,  VCC,  VCC);
  _EQ004 = !A03 &  B03 & !cas &  ras
         #  A03 & !B03 & !cas &  ras;

-- Node name is 'A04' = '|rgi:6|RGi' 
-- Equation name is 'A04', type is output 
 A04     = TFFE( _EQ005, GLOBAL( clock),  VCC,  VCC,  VCC);
  _EQ005 = !A04 &  B04 & !cas &  ras
         #  A04 & !B04 & !cas &  ras;

-- Node name is 'A05' = '|rgi:13|RGi' 
-- Equation name is 'A05', type is output 
 A05     = TFFE( _EQ006, GLOBAL( clock),  VCC,  VCC,  VCC);
  _EQ006 = !A05 &  B05 & !cas &  ras
         #  A05 & !B05 & !cas &  ras;

-- Node name is 'A06' = '|rgi:7|RGi' 
-- Equation name is 'A06', type is output 
 A06     = TFFE( _EQ007, GLOBAL( clock),  VCC,  VCC,  VCC);
  _EQ007 = !A06 &  B06 & !cas &  ras
         #  A06 & !B06 & !cas &  ras;

-- Node name is 'A07' = '|rgi:8|RGi' 
-- Equation name is 'A07', type is output 
 A07     = TFFE( _EQ008, GLOBAL( clock),  VCC,  VCC,  VCC);
  _EQ008 = !A07 &  B07 & !cas &  ras
         #  A07 & !B07 & !cas &  ras;

-- Node name is 'A08' = '|rgi:9|RGi' 
-- Equation name is 'A08', type is output 
 A08     = TFFE( _EQ009, GLOBAL( clock),  VCC,  VCC,  VCC);
  _EQ009 = !A08 &  B08 & !cas &  ras
         #  A08 & !B08 & !cas &  ras;

-- Node name is 'A09' = '|rgi:10|RGi' 
-- Equation name is 'A09', type is output 
 A09     = TFFE( _EQ010, GLOBAL( clock),  VCC,  VCC,  VCC);
  _EQ010 = !A09 &  B09 & !cas &  ras
         #  A09 & !B09 & !cas &  ras;

-- Node name is 'A10' = '|rgi:11|RGi' 
-- Equation name is 'A10', type is output 
 A10     = TFFE( _EQ011, GLOBAL( clock),  VCC,  VCC,  VCC);
  _EQ011 = !A10 &  B10 & !cas &  ras
         #  A10 & !B10 & !cas &  ras;

-- Node name is 'A11' = '|rgi:12|RGi' 
-- Equation name is 'A11', type is output 
 A11     = TFFE( _EQ012, GLOBAL( clock),  VCC,  VCC,  VCC);
  _EQ012 = !A11 &  B11 & !cas &  ras
         #  A11 & !B11 & !cas &  ras;



--     Shareable expanders that are duplicated in multiple LABs:
--     (none)




Project Information                           d:\hdf\schemtechnik\shem3\rg.rpt

** COMPILATION SETTINGS & TIMES **

Processing Menu Commands
------------------------

Design Doctor                             = off

Logic Synthesis:

   Synthesis Type Used                    = Standard

   Default Synthesis Style                = NORMAL

      Logic option settings in 'NORMAL' style for 'MAX7000' family

      DECOMPOSE_GATES                     = on
      DUPLICATE_LOGIC_EXTRACTION          = on
      MINIMIZATION                        = full
      MULTI_LEVEL_FACTORING               = on
      NOT_GATE_PUSH_BACK                  = on
      PARALLEL_EXPANDERS                  = off
      REDUCE_LOGIC                        = on
      REFACTORIZATION                     = on
      REGISTER_OPTIMIZATION               = on
      RESYNTHESIZE_NETWORK                = on
      SLOW_SLEW_RATE                      = off
      SOFT_BUFFER_INSERTION               = on
      SUBFACTOR_EXTRACTION                = on
      TURBO_BIT                           = on
      XOR_SYNTHESIS                       = on
      IGNORE_SOFT_BUFFERS                 = off
      USE_LPM_FOR_AHDL_OPERATORS          = off

   Other logic synthesis settings:

      Automatic Global Clock              = on
      Automatic Global Clear              = on
      Automatic Global Preset             = on
      Automatic Global Output Enable      = on
      Automatic Fast I/O                  = off
      Automatic Register Packing          = off
      Automatic Open-Drain Pins           = on
      Automatic Implement in EAB          = off
      One-Hot State Machine Encoding      = off
      Optimize                            = 5

Default Timing Specifications: None

Cut All Bidir Feedback Timing Paths       = on
Cut All Clear & Preset Timing Paths       = on

Ignore Timing Assignments                 = off

Functional SNF Extractor                  = off

Linked SNF Extractor                      = off
Timing SNF Extractor                      = on
Optimize Timing SNF                       = off
Generate AHDL TDO File                    = off
Fitter Settings                           = NORMAL
Smart Recompile                           = off
Total Recompile                           = off

Interfaces Menu Commands
------------------------

EDIF Netlist Writer                       = off
Verilog Netlist Writer                    = off
VHDL Netlist Writer                       = off

Compilation Times
-----------------

   Compiler Netlist Extractor             00:00:00
   Database Builder                       00:00:00
   Logic Synthesizer                      00:00:00
   Partitioner                            00:00:00
   Fitter                                 00:00:00
   Timing SNF Extractor                   00:00:00
   Assembler                              00:00:00
   --------------------------             --------
   Total Time                             00:00:00


Memory Allocated
-----------------

Peak memory allocated during compilation  = 2,904K
