Project Informatione:\documents\science\computer_circuity\labs\mylabs\lab1\ictr\ctr11.rpt

MAX+plus II Compiler Report File
Version 10.1 06/12/2001
Compiled: 10/01/2012 15:11:36

Copyright (C) 1988-2001 Altera Corporation
Any megafunction design, and related net list (encrypted or decrypted),
support information, device programming or simulation file, and any other
associated documentation or information provided by Altera or a partner
under Altera's Megafunction Partnership Program may be used only to
program PLD devices (but not masked PLD devices) from Altera.  Any other
use of such megafunction design, net list, support information, device
programming or simulation file, or any other related documentation or
information is prohibited for any other purpose, including, but not
limited to modification, reverse engineering, de-compiling, or use with
any other silicon devices, unless such use is explicitly licensed under
a separate agreement with Altera or a megafunction partner.  Title to
the intellectual property, including patents, copyrights, trademarks,
trade secrets, or maskworks, embodied in any such megafunction design,
net list, support information, device programming or simulation file, or
any other related documentation or information provided by Altera or a
megafunction partner, remains with Altera, the megafunction partner, or
their respective licensors.  No other licenses, including any licenses
needed under any third party's intellectual property, are provided herein.



***** Project compilation was successful




** DEVICE SUMMARY **

Chip/                     Input   Output   Bidir         Shareable
POF       Device          Pins    Pins     Pins     LCs  Expanders  % Utilized

ctr11     EPM7032LC44-6    17       12       0      12      11          37 %

User Pins:                 17       12       0  



Project Informatione:\documents\science\computer_circuity\labs\mylabs\lab1\ictr\ctr11.rpt

** AUTO GLOBAL SIGNALS **



INFO: Signal 'CLK' chosen for auto global Clock


Project Informatione:\documents\science\computer_circuity\labs\mylabs\lab1\ictr\ctr11.rpt

** FILE HIERARCHY **



|ctr1:4|
|ctr1:4|inverter:13|
|ctr1:4|inverter:35|
|ctr1:4|inverter:34|
|ctr1:8|
|ctr1:8|inverter:13|
|ctr1:8|inverter:35|
|ctr1:8|inverter:34|
|ctr1:11|
|ctr1:11|inverter:13|
|ctr1:11|inverter:35|
|ctr1:11|inverter:34|
|ctr1:3|
|ctr1:3|inverter:13|
|ctr1:3|inverter:35|
|ctr1:3|inverter:34|
|ctr1:7|
|ctr1:7|inverter:13|
|ctr1:7|inverter:35|
|ctr1:7|inverter:34|
|ctr1:10|
|ctr1:10|inverter:13|
|ctr1:10|inverter:35|
|ctr1:10|inverter:34|
|ctr1:2|
|ctr1:2|inverter:13|
|ctr1:2|inverter:35|
|ctr1:2|inverter:34|
|ctr1:6|
|ctr1:6|inverter:13|
|ctr1:6|inverter:35|
|ctr1:6|inverter:34|
|ctr1:9|
|ctr1:9|inverter:13|
|ctr1:9|inverter:35|
|ctr1:9|inverter:34|
|ctr1:1|
|ctr1:1|inverter:13|
|ctr1:1|inverter:35|
|ctr1:1|inverter:34|
|ctr1:5|
|ctr1:5|inverter:13|
|ctr1:5|inverter:35|
|ctr1:5|inverter:34|


Device-Specific Information:e:\documents\science\computer_circuity\labs\mylabs\lab1\ictr\ctr11.rpt
ctr11

***** Logic for device 'ctr11' compiled without errors.




Device: EPM7032LC44-6

Device Options:
    Turbo Bit                                    = ON
    Security Bit                                 = OFF



Device-Specific Information:e:\documents\science\computer_circuity\labs\mylabs\lab1\ictr\ctr11.rpt
ctr11

** ERROR SUMMARY **

Info: Chip 'ctr11' in device 'EPM7032LC44-6' has less than 20% of pins available for future logic changes -- if your project is likely to change, Altera recommends using a larger device
                                               
                                               
                                               
                                               
                                               
                       V  G  G  G  C  G  Q  Q  
              F  F  F  C  N  N  N  L  N  0  0  
              1  2  3  C  D  D  D  K  D  7  2  
            -----------------------------------_ 
          /   6  5  4  3  2  1 44 43 42 41 40   | 
      F0 |  7                                39 | Q09 
     D14 |  8                                38 | Q03 
     D13 |  9                                37 | Q01 
     GND | 10                                36 | Q06 
     D12 | 11                                35 | VCC 
     D11 | 12         EPM7032LC44-6          34 | Q00 
     D10 | 13                                33 | Q08 
     D09 | 14                                32 | Q04 
     VCC | 15                                31 | Q10 
     D08 | 16                                30 | GND 
     D07 | 17                                29 | C10 
         |_  18 19 20 21 22 23 24 25 26 27 28  _| 
           ------------------------------------ 
              D  D  D  C  G  V  R  R  R  Q  R  
              0  0  0  0  N  C  E  E  E  0  E  
              6  5  4     D  C  S  S  S  5  S  
                                E  E  E     E  
                                R  R  R     R  
                                V  V  V     V  
                                E  E  E     E  
                                D  D  D     D  


N.C. = No Connect. This pin has no internal connection to the device.
VCC = Dedicated power pin, which MUST be connected to VCC.
GND = Dedicated ground pin or unused dedicated input, which MUST be connected to GND.
RESERVED = Unused I/O pin, which MUST be left unconnected.



Device-Specific Information:e:\documents\science\computer_circuity\labs\mylabs\lab1\ictr\ctr11.rpt
ctr11

** RESOURCE USAGE **

                                                Shareable     External
Logic Array Block     Logic Cells   I/O Pins    Expanders   Interconnect

A:     LC1 - LC16     0/16(  0%)  16/16(100%)   0/16(  0%)   0/36(  0%) 
B:    LC17 - LC32    12/16( 75%)  12/16( 75%)  12/16( 75%)  27/36( 75%) 


Total dedicated input pins used:                 1/4      ( 25%)
Total I/O pins used:                            28/32     ( 87%)
Total logic cells used:                         12/32     ( 37%)
Total shareable expanders used:                 11/32     ( 34%)
Total Turbo logic cells used:                   12/32     ( 37%)
Total shareable expanders not available (n/a):   1/32     (  3%)
Average fan-in:                                  11.41
Total fan-in:                                   137

Total input pins required:                      17
Total output pins required:                     12
Total bidirectional pins required:               0
Total logic cells required:                     12
Total flipflops required:                       11
Total product terms required:                   57
Total logic cells lending parallel expanders:    0
Total shareable expanders in database:          11

Synthesized logic cells:                         0/  32   (  0%)



Device-Specific Information:e:\documents\science\computer_circuity\labs\mylabs\lab1\ictr\ctr11.rpt
ctr11

** INPUTS **

                                         Shareable
                                         Expanders     Fan-In    Fan-Out
 Pin     LC  LAB  Primitive    Code   Total Shared n/a INP  FBK  OUT  FBK  Name
  43      -   -       INPUT  G            0      0   0    0    0    0    0  CLK
  21   (16)  (A)      INPUT               0      0   0    0    0   12    0  C0
  20   (15)  (A)      INPUT               0      0   0    0    0    1    0  D04
  19   (14)  (A)      INPUT               0      0   0    0    0    1    0  D05
  18   (13)  (A)      INPUT               0      0   0    0    0    1    0  D06
  17   (12)  (A)      INPUT               0      0   0    0    0    1    0  D07
  16   (11)  (A)      INPUT               0      0   0    0    0    1    0  D08
  14   (10)  (A)      INPUT               0      0   0    0    0    1    0  D09
  13    (9)  (A)      INPUT               0      0   0    0    0    1    0  D10
  12    (8)  (A)      INPUT               0      0   0    0    0    1    0  D11
  11    (7)  (A)      INPUT               0      0   0    0    0    1    0  D12
   9    (6)  (A)      INPUT               0      0   0    0    0    1    0  D13
   8    (5)  (A)      INPUT               0      0   0    0    0    1    0  D14
   7    (4)  (A)      INPUT               0      0   0    0    0   11    0  F0
   6    (3)  (A)      INPUT               0      0   0    0    0   11    0  F1
   5    (2)  (A)      INPUT               0      0   0    0    0   11    0  F2
   4    (1)  (A)      INPUT               0      0   0    0    0   11    0  F3


Code:

s = Synthesized pin or logic cell
t = Turbo logic cell
+ = Synchronous flipflop
! = NOT gate push-back
r = Fitter-inserted logic cell
G = Global Source. Fan-out destinations counted here do not include destinations
that are driven using global routing resources. Refer to the Auto Global Signals,
Clock Signals, Clear Signals, Synchronous Load Signals, and Synchronous Clear Signals
Sections of this Report File for information on which signals' fan-outs are used as
Clock, Clear, Preset, Output Enable, and synchronous Load signals.


Device-Specific Information:e:\documents\science\computer_circuity\labs\mylabs\lab1\ictr\ctr11.rpt
ctr11

** OUTPUTS **

                                         Shareable
                                         Expanders     Fan-In    Fan-Out
 Pin     LC  LAB  Primitive    Code   Total Shared n/a INP  FBK  OUT  FBK  Name
  29     27    B     OUTPUT      t        0      0   0    1    2    0    0  C10
  34     23    B         FF   +  t        2      1   1    6    1   12    0  Q00 (|ctr1:1|:8)
  37     21    B         FF   +  t        3      3   0    6    2    9    0  Q01 (|ctr1:2|:8)
  40     18    B         FF   +  t        3      2   0    6    3    8    0  Q02 (|ctr1:3|:8)
  38     20    B         FF   +  t        3      2   0    6    4    7    0  Q03 (|ctr1:4|:8)
  32     25    B         FF   +  t        3      2   0    6    5    6    0  Q04 (|ctr1:5|:8)
  27     29    B         FF   +  t        3      2   0    6    6    5    0  Q05 (|ctr1:6|:8)
  36     22    B         FF   +  t        3      2   0    6    7    4    0  Q06 (|ctr1:7|:8)
  41     17    B         FF   +  t        3      2   0    6    8    3    0  Q07 (|ctr1:8|:8)
  33     24    B         FF   +  t        3      2   0    6    9    2    0  Q08 (|ctr1:9|:8)
  39     19    B         FF   +  t        3      2   0    6   10    1    0  Q09 (|ctr1:10|:8)
  31     26    B         FF   +  t        3      3   0    6    2    2    0  Q10 (|ctr1:11|:8)


Code:

s = Synthesized pin or logic cell
t = Turbo logic cell
+ = Synchronous flipflop
! = NOT gate push-back
r = Fitter-inserted logic cell


Device-Specific Information:e:\documents\science\computer_circuity\labs\mylabs\lab1\ictr\ctr11.rpt
ctr11

** LOGIC CELL INTERCONNECTIONS **

Logic Array Block 'B':

                                 Logic cells placed in LAB 'B'
        +----------------------- LC27 C10
        | +--------------------- LC23 Q00
        | | +------------------- LC21 Q01
        | | | +----------------- LC18 Q02
        | | | | +--------------- LC20 Q03
        | | | | | +------------- LC25 Q04
        | | | | | | +----------- LC29 Q05
        | | | | | | | +--------- LC22 Q06
        | | | | | | | | +------- LC17 Q07
        | | | | | | | | | +----- LC24 Q08
        | | | | | | | | | | +--- LC19 Q09
        | | | | | | | | | | | +- LC26 Q10
        | | | | | | | | | | | | 
        | | | | | | | | | | | |   Other LABs fed by signals
        | | | | | | | | | | | |   that feed LAB 'B'
LC      | | | | | | | | | | | | | A B |     Logic cells that feed LAB 'B':
LC23 -> * * * * * * * * * * * * | - * | <-- Q00
LC21 -> - - * * * * * * * * * - | - * | <-- Q01
LC18 -> - - - * * * * * * * * - | - * | <-- Q02
LC20 -> - - - - * * * * * * * - | - * | <-- Q03
LC25 -> - - - - - * * * * * * - | - * | <-- Q04
LC29 -> - - - - - - * * * * * - | - * | <-- Q05
LC22 -> - - - - - - - * * * * - | - * | <-- Q06
LC17 -> - - - - - - - - * * * - | - * | <-- Q07
LC24 -> - - - - - - - - - * * - | - * | <-- Q08
LC19 -> - - - - - - - - - - * - | - * | <-- Q09
LC26 -> * - - - - - - - - - - * | - * | <-- Q10

Pin
43   -> - - - - - - - - - - - - | - - | <-- CLK
21   -> * * * * * * * * * * * * | - * | <-- C0
20   -> - * - - - - - - - - - - | - * | <-- D04
19   -> - - * - - - - - - - - - | - * | <-- D05
18   -> - - - * - - - - - - - - | - * | <-- D06
17   -> - - - - * - - - - - - - | - * | <-- D07
16   -> - - - - - * - - - - - - | - * | <-- D08
14   -> - - - - - - * - - - - - | - * | <-- D09
13   -> - - - - - - - * - - - - | - * | <-- D10
12   -> - - - - - - - - * - - - | - * | <-- D11
11   -> - - - - - - - - - * - - | - * | <-- D12
9    -> - - - - - - - - - - * - | - * | <-- D13
8    -> - - - - - - - - - - - * | - * | <-- D14
7    -> - * * * * * * * * * * * | - * | <-- F0
6    -> - * * * * * * * * * * * | - * | <-- F1
5    -> - * * * * * * * * * * * | - * | <-- F2
4    -> - * * * * * * * * * * * | - * | <-- F3


* = The logic cell or pin is an input to the logic cell (or LAB) through the PIA.
- = The logic cell or pin is not an input to the logic cell (or LAB).


Device-Specific Information:e:\documents\science\computer_circuity\labs\mylabs\lab1\ictr\ctr11.rpt
ctr11

** EQUATIONS **

CLK      : INPUT;
C0       : INPUT;
D04      : INPUT;
D05      : INPUT;
D06      : INPUT;
D07      : INPUT;
D08      : INPUT;
D09      : INPUT;
D10      : INPUT;
D11      : INPUT;
D12      : INPUT;
D13      : INPUT;
D14      : INPUT;
F0       : INPUT;
F1       : INPUT;
F2       : INPUT;
F3       : INPUT;

-- Node name is 'C10' 
-- Equation name is 'C10', location is LC027, type is output.
 C10     = LCELL( _EQ001 $  GND);
  _EQ001 =  C0 &  Q00 &  Q10;

-- Node name is 'Q00' = '|ctr1:1|Qi' 
-- Equation name is 'Q00', type is output 
 Q00     = DFFE( _EQ002 $  GND, GLOBAL( CLK), !_EQ003,  VCC,  VCC);
  _EQ002 =  D04 &  F1 &  F3
         #  C0 &  F1 & !Q00
         #  C0 & !F3 & !Q00
         # !C0 &  Q00;
  _EQ003 =  _X001;
  _X001  = EXP( F0 & !F2 &  F3);

-- Node name is 'Q01' = '|ctr1:2|Qi' 
-- Equation name is 'Q01', type is output 
 Q01     = DFFE( _EQ004 $  GND, GLOBAL( CLK), !_EQ005,  VCC,  VCC);
  _EQ004 =  C0 &  Q00 & !Q01 &  _X002
         #  D05 &  F1 &  F3
         #  Q01 &  _X003;
  _X002  = EXP(!F1 &  F3);
  _X003  = EXP( C0 &  Q00);
  _EQ005 =  _X001;
  _X001  = EXP( F0 & !F2 &  F3);

-- Node name is 'Q02' = '|ctr1:3|Qi' 
-- Equation name is 'Q02', type is output 
 Q02     = DFFE( _EQ006 $  GND, GLOBAL( CLK), !_EQ007,  VCC,  VCC);
  _EQ006 =  C0 &  Q00 &  Q01 & !Q02 &  _X002
         #  D06 &  F1 &  F3
         #  Q02 &  _X004;
  _X002  = EXP(!F1 &  F3);
  _X004  = EXP( C0 &  Q00 &  Q01);
  _EQ007 =  _X001;
  _X001  = EXP( F0 & !F2 &  F3);

-- Node name is 'Q03' = '|ctr1:4|Qi' 
-- Equation name is 'Q03', type is output 
 Q03     = DFFE( _EQ008 $  GND, GLOBAL( CLK), !_EQ009,  VCC,  VCC);
  _EQ008 =  C0 &  Q00 &  Q01 &  Q02 & !Q03 &  _X002
         #  D07 &  F1 &  F3
         #  Q03 &  _X005;
  _X002  = EXP(!F1 &  F3);
  _X005  = EXP( C0 &  Q00 &  Q01 &  Q02);
  _EQ009 =  _X001;
  _X001  = EXP( F0 & !F2 &  F3);

-- Node name is 'Q04' = '|ctr1:5|Qi' 
-- Equation name is 'Q04', type is output 
 Q04     = DFFE( _EQ010 $  GND, GLOBAL( CLK), !_EQ011,  VCC,  VCC);
  _EQ010 =  C0 &  Q00 &  Q01 &  Q02 &  Q03 & !Q04 &  _X002
         #  D08 &  F1 &  F3
         #  Q04 &  _X006;
  _X002  = EXP(!F1 &  F3);
  _X006  = EXP( C0 &  Q00 &  Q01 &  Q02 &  Q03);
  _EQ011 =  _X001;
  _X001  = EXP( F0 & !F2 &  F3);

-- Node name is 'Q05' = '|ctr1:6|Qi' 
-- Equation name is 'Q05', type is output 
 Q05     = DFFE( _EQ012 $  GND, GLOBAL( CLK), !_EQ013,  VCC,  VCC);
  _EQ012 =  C0 &  Q00 &  Q01 &  Q02 &  Q03 &  Q04 & !Q05 &  _X002
         #  D09 &  F1 &  F3
         #  Q05 &  _X007;
  _X002  = EXP(!F1 &  F3);
  _X007  = EXP( C0 &  Q00 &  Q01 &  Q02 &  Q03 &  Q04);
  _EQ013 =  _X001;
  _X001  = EXP( F0 & !F2 &  F3);

-- Node name is 'Q06' = '|ctr1:7|Qi' 
-- Equation name is 'Q06', type is output 
 Q06     = DFFE( _EQ014 $  GND, GLOBAL( CLK), !_EQ015,  VCC,  VCC);
  _EQ014 =  C0 &  Q00 &  Q01 &  Q02 &  Q03 &  Q04 &  Q05 & !Q06 &  _X002
         #  D10 &  F1 &  F3
         #  Q06 &  _X008;
  _X002  = EXP(!F1 &  F3);
  _X008  = EXP( C0 &  Q00 &  Q01 &  Q02 &  Q03 &  Q04 &  Q05);
  _EQ015 =  _X001;
  _X001  = EXP( F0 & !F2 &  F3);

-- Node name is 'Q07' = '|ctr1:8|Qi' 
-- Equation name is 'Q07', type is output 
 Q07     = DFFE( _EQ016 $  GND, GLOBAL( CLK), !_EQ017,  VCC,  VCC);
  _EQ016 =  C0 &  Q00 &  Q01 &  Q02 &  Q03 &  Q04 &  Q05 &  Q06 & !Q07 & 
              _X002
         #  D11 &  F1 &  F3
         #  Q07 &  _X009;
  _X002  = EXP(!F1 &  F3);
  _X009  = EXP( C0 &  Q00 &  Q01 &  Q02 &  Q03 &  Q04 &  Q05 &  Q06);
  _EQ017 =  _X001;
  _X001  = EXP( F0 & !F2 &  F3);

-- Node name is 'Q08' = '|ctr1:9|Qi' 
-- Equation name is 'Q08', type is output 
 Q08     = DFFE( _EQ018 $  GND, GLOBAL( CLK), !_EQ019,  VCC,  VCC);
  _EQ018 =  C0 &  Q00 &  Q01 &  Q02 &  Q03 &  Q04 &  Q05 &  Q06 &  Q07 & !Q08 & 
              _X002
         #  D12 &  F1 &  F3
         #  Q08 &  _X010;
  _X002  = EXP(!F1 &  F3);
  _X010  = EXP( C0 &  Q00 &  Q01 &  Q02 &  Q03 &  Q04 &  Q05 &  Q06 &  Q07);
  _EQ019 =  _X001;
  _X001  = EXP( F0 & !F2 &  F3);

-- Node name is 'Q09' = '|ctr1:10|Qi' 
-- Equation name is 'Q09', type is output 
 Q09     = DFFE( _EQ020 $  GND, GLOBAL( CLK), !_EQ021,  VCC,  VCC);
  _EQ020 =  C0 &  Q00 &  Q01 &  Q02 &  Q03 &  Q04 &  Q05 &  Q06 &  Q07 &  Q08 & 
             !Q09 &  _X002
         #  D13 &  F1 &  F3
         #  Q09 &  _X011;
  _X002  = EXP(!F1 &  F3);
  _X011  = EXP( C0 &  Q00 &  Q01 &  Q02 &  Q03 &  Q04 &  Q05 &  Q06 &  Q07 &  Q08);
  _EQ021 =  _X001;
  _X001  = EXP( F0 & !F2 &  F3);

-- Node name is 'Q10' = '|ctr1:11|Qi' 
-- Equation name is 'Q10', type is output 
 Q10     = DFFE( _EQ022 $  GND, GLOBAL( CLK), !_EQ023,  VCC,  VCC);
  _EQ022 =  C0 &  Q00 & !Q10 &  _X002
         #  D14 &  F1 &  F3
         #  Q10 &  _X003;
  _X002  = EXP(!F1 &  F3);
  _X003  = EXP( C0 &  Q00);
  _EQ023 =  _X001;
  _X001  = EXP( F0 & !F2 &  F3);



--     Shareable expanders that are duplicated in multiple LABs:
--     (none)




Project Informatione:\documents\science\computer_circuity\labs\mylabs\lab1\ictr\ctr11.rpt

** COMPILATION SETTINGS & TIMES **

Processing Menu Commands
------------------------

Design Doctor                             = off

Logic Synthesis:

   Synthesis Type Used                    = Standard

   Default Synthesis Style                = NORMAL

      Logic option settings in 'NORMAL' style for 'MAX7000' family

      DECOMPOSE_GATES                     = on
      DUPLICATE_LOGIC_EXTRACTION          = on
      MINIMIZATION                        = full
      MULTI_LEVEL_FACTORING               = on
      NOT_GATE_PUSH_BACK                  = on
      PARALLEL_EXPANDERS                  = off
      REDUCE_LOGIC                        = on
      REFACTORIZATION                     = on
      REGISTER_OPTIMIZATION               = on
      RESYNTHESIZE_NETWORK                = on
      SLOW_SLEW_RATE                      = off
      SOFT_BUFFER_INSERTION               = on
      SUBFACTOR_EXTRACTION                = on
      TURBO_BIT                           = on
      XOR_SYNTHESIS                       = on
      IGNORE_SOFT_BUFFERS                 = off
      USE_LPM_FOR_AHDL_OPERATORS          = off

   Other logic synthesis settings:

      Automatic Global Clock              = on
      Automatic Global Clear              = on
      Automatic Global Preset             = on
      Automatic Global Output Enable      = on
      Automatic Fast I/O                  = off
      Automatic Register Packing          = off
      Automatic Open-Drain Pins           = on
      Automatic Implement in EAB          = off
      One-Hot State Machine Encoding      = off
      Optimize                            = 5

Default Timing Specifications: None

Cut All Bidir Feedback Timing Paths       = on
Cut All Clear & Preset Timing Paths       = on

Ignore Timing Assignments                 = off

Functional SNF Extractor                  = off

Linked SNF Extractor                      = off
Timing SNF Extractor                      = on
Optimize Timing SNF                       = off
Generate AHDL TDO File                    = off
Fitter Settings                           = NORMAL
Smart Recompile                           = off
Total Recompile                           = off

Interfaces Menu Commands
------------------------

EDIF Netlist Writer                       = off
Verilog Netlist Writer                    = off
VHDL Netlist Writer                       = off

Compilation Times
-----------------

   Compiler Netlist Extractor             00:00:00
   Database Builder                       00:00:00
   Logic Synthesizer                      00:00:00
   Partitioner                            00:00:00
   Fitter                                 00:00:00
   Timing SNF Extractor                   00:00:00
   Assembler                              00:00:00
   --------------------------             --------
   Total Time                             00:00:00


Memory Allocated
-----------------

Peak memory allocated during compilation  = 2,919K
