Project Informatione:\documents\science\computer_circuity\labs\mylabs\lab1\ictr\ictr.rpt

MAX+plus II Compiler Report File
Version 10.1 06/12/2001
Compiled: 10/02/2012 08:49:33

Copyright (C) 1988-2001 Altera Corporation
Any megafunction design, and related net list (encrypted or decrypted),
support information, device programming or simulation file, and any other
associated documentation or information provided by Altera or a partner
under Altera's Megafunction Partnership Program may be used only to
program PLD devices (but not masked PLD devices) from Altera.  Any other
use of such megafunction design, net list, support information, device
programming or simulation file, or any other related documentation or
information is prohibited for any other purpose, including, but not
limited to modification, reverse engineering, de-compiling, or use with
any other silicon devices, unless such use is explicitly licensed under
a separate agreement with Altera or a megafunction partner.  Title to
the intellectual property, including patents, copyrights, trademarks,
trade secrets, or maskworks, embodied in any such megafunction design,
net list, support information, device programming or simulation file, or
any other related documentation or information provided by Altera or a
megafunction partner, remains with Altera, the megafunction partner, or
their respective licensors.  No other licenses, including any licenses
needed under any third party's intellectual property, are provided herein.



***** Project compilation was unsuccessful




** DEVICE SUMMARY **

Chip/                     Input   Output   Bidir         Shareable
POF       Device          Pins    Pins     Pins     LCs  Expanders  % Utilized

ictr      EPM7096QC100-7   20       16       0      113     10          No Fit

User Pins:                 20       16       0  



Project Informatione:\documents\science\computer_circuity\labs\mylabs\lab1\ictr\ictr.rpt

** PROJECT COMPILATION MESSAGES **

Error: Project does not fit in specified device(s)
Error: No fit found, generating Report File

(See individual chip error summaries for additional information)

Project Informatione:\documents\science\computer_circuity\labs\mylabs\lab1\ictr\ictr.rpt

** AUTO GLOBAL SIGNALS **



INFO: Signal 'CLK' chosen for auto global Clock


Project Informatione:\documents\science\computer_circuity\labs\mylabs\lab1\ictr\ictr.rpt

** FILE HIERARCHY **



|rg4:5|
|rg4:5|rg1:20|
|rg4:5|rg1:20|inverter:8|
|rg4:5|rg1:20|inverter:29|
|rg4:5|rg1:20|inverter:10|
|rg4:5|rg1:22|
|rg4:5|rg1:22|inverter:8|
|rg4:5|rg1:22|inverter:29|
|rg4:5|rg1:22|inverter:10|
|rg4:5|rg1:19|
|rg4:5|rg1:19|inverter:8|
|rg4:5|rg1:19|inverter:29|
|rg4:5|rg1:19|inverter:10|
|rg4:5|rg1:21|
|rg4:5|rg1:21|inverter:8|
|rg4:5|rg1:21|inverter:29|
|rg4:5|rg1:21|inverter:10|
|sm4:6|
|sm4:6|sm1:6|
|sm4:6|sm1:6|inverter:18|
|sm4:6|sm1:6|inverter:17|
|sm4:6|sm1:6|inverter:16|
|sm4:6|sm1:5|
|sm4:6|sm1:5|inverter:18|
|sm4:6|sm1:5|inverter:17|
|sm4:6|sm1:5|inverter:16|
|sm4:6|sm1:4|
|sm4:6|sm1:4|inverter:18|
|sm4:6|sm1:4|inverter:17|
|sm4:6|sm1:4|inverter:16|
|sm4:6|sm1:3|
|sm4:6|sm1:3|inverter:18|
|sm4:6|sm1:3|inverter:17|
|sm4:6|sm1:3|inverter:16|
|ctr11:12|
|ctr11:12|ctr1:4|
|ctr11:12|ctr1:4|inverter:13|
|ctr11:12|ctr1:4|inverter:35|
|ctr11:12|ctr1:4|inverter:34|
|ctr11:12|ctr1:8|
|ctr11:12|ctr1:8|inverter:13|
|ctr11:12|ctr1:8|inverter:35|
|ctr11:12|ctr1:8|inverter:34|
|ctr11:12|ctr1:11|
|ctr11:12|ctr1:11|inverter:13|
|ctr11:12|ctr1:11|inverter:35|
|ctr11:12|ctr1:11|inverter:34|
|ctr11:12|ctr1:3|
|ctr11:12|ctr1:3|inverter:13|
|ctr11:12|ctr1:3|inverter:35|
|ctr11:12|ctr1:3|inverter:34|
|ctr11:12|ctr1:7|
|ctr11:12|ctr1:7|inverter:13|
|ctr11:12|ctr1:7|inverter:35|
|ctr11:12|ctr1:7|inverter:34|
|ctr11:12|ctr1:10|
|ctr11:12|ctr1:10|inverter:13|
|ctr11:12|ctr1:10|inverter:35|
|ctr11:12|ctr1:10|inverter:34|
|ctr11:12|ctr1:2|
|ctr11:12|ctr1:2|inverter:13|
|ctr11:12|ctr1:2|inverter:35|
|ctr11:12|ctr1:2|inverter:34|
|ctr11:12|ctr1:6|
|ctr11:12|ctr1:6|inverter:13|
|ctr11:12|ctr1:6|inverter:35|
|ctr11:12|ctr1:6|inverter:34|
|ctr11:12|ctr1:9|
|ctr11:12|ctr1:9|inverter:13|
|ctr11:12|ctr1:9|inverter:35|
|ctr11:12|ctr1:9|inverter:34|
|ctr11:12|ctr1:1|
|ctr11:12|ctr1:1|inverter:13|
|ctr11:12|ctr1:1|inverter:35|
|ctr11:12|ctr1:1|inverter:34|
|ctr11:12|ctr1:5|
|ctr11:12|ctr1:5|inverter:13|
|ctr11:12|ctr1:5|inverter:35|
|ctr11:12|ctr1:5|inverter:34|


Device-Specific Information:e:\documents\science\computer_circuity\labs\mylabs\lab1\ictr\ictr.rpt
ictr

***** Logic for device 'ictr' contains errors -- see ERROR SUMMARY.




Device: EPM7096QC100-7

Device Options:
    Turbo Bit                                    = ON
    Security Bit                                 = OFF
    MultiVolt I/O                              = OFF



Device-Specific Information:e:\documents\science\computer_circuity\labs\mylabs\lab1\ictr\ictr.rpt
ictr

** ERROR SUMMARY **

Error: Project requires too many (113/96) logic cells
Error: Project requires too many (113/96) shareable expanders


Device-Specific Information:e:\documents\science\computer_circuity\labs\mylabs\lab1\ictr\ictr.rpt
ictr

** RESOURCE USAGE **

                                                Shareable     External
Logic Array Block     Logic Cells   I/O Pins    Expanders   Interconnect

A:     LC1 - LC16     0/16(  0%)   0/12(  0%)   0/16(  0%)   0/36(  0%) 
B:    LC17 - LC32     0/16(  0%)   0/12(  0%)   0/16(  0%)   0/36(  0%) 
C:    LC33 - LC48     0/16(  0%)   0/12(  0%)   0/16(  0%)   0/36(  0%) 
D:    LC49 - LC64     0/16(  0%)   0/12(  0%)   0/16(  0%)   0/36(  0%) 
E:    LC65 - LC80     0/16(  0%)   0/12(  0%)   0/16(  0%)   0/36(  0%) 
F:    LC81 - LC96     0/16(  0%)   0/12(  0%)   0/16(  0%)   0/36(  0%) 


Total dedicated input pins used:                 0/4      (  0%)
Total I/O pins used:                             0/72     (  0%)
Total logic cells used:                          0/96     (  0%)
Total shareable expanders used:                  0/96     (  0%)
Total Turbo logic cells used:                  113/96     (117%)
Total shareable expanders not available (n/a): 103/96     (107%)
Average fan-in:                                  11.00
Total fan-in:                                  1243

Total input pins required:                      20
Total output pins required:                     16
Total bidirectional pins required:               0
Total logic cells required:                    113
Total flipflops required:                       15
Total product terms required:                  548
Total logic cells lending parallel expanders:    0
Total shareable expanders in database:          10

Synthesized logic cells:                        97/  96   (101%)



Device-Specific Information:e:\documents\science\computer_circuity\labs\mylabs\lab1\ictr\ictr.rpt
ictr

** INPUTS **

                                         Shareable
                                         Expanders     Fan-In    Fan-Out
 Pin     LC  LAB  Primitive    Code   Total Shared n/a INP  FBK  OUT  FBK  Name
  ??      -   ??      INPUT  G            0      0   0    0    0    0    0  CLK
  ??      -   ??      INPUT               0      0   0    0    0    1    0  D00
  ??      -   ??      INPUT               0      0   0    0    0    0    1  D01
  ??      -   ??      INPUT               0      0   0    0    0    0    1  D02
  ??      -   ??      INPUT               0      0   0    0    0    0    1  D03
  ??      -   ??      INPUT               0      0   0    0    0    0    5  D04
  ??      -   ??      INPUT               0      0   0    0    0    0    5  D05
  ??      -   ??      INPUT               0      0   0    0    0    1    6  D06
  ??      -   ??      INPUT               0      0   0    0    0    0    6  D07
  ??      -   ??      INPUT               0      0   0    0    0    0    6  D08
  ??      -   ??      INPUT               0      0   0    0    0    0    7  D09
  ??      -   ??      INPUT               0      0   0    0    0    0    7  D10
  ??      -   ??      INPUT               0      0   0    0    0    1    7  D11
  ??      -   ??      INPUT               0      0   0    0    0    0    7  D12
  ??      -   ??      INPUT               0      0   0    0    0    0    7  D13
  ??      -   ??      INPUT               0      0   0    0    0    0    5  D14
  ??      -   ??      INPUT               0      0   0    0    0   16   55  F0
  ??      -   ??      INPUT               0      0   0    0    0   16   71  F1
  ??      -   ??      INPUT               0      0   0    0    0   16   72  F2
  ??      -   ??      INPUT               0      0   0    0    0   16   88  F3


Code:

s = Synthesized pin or logic cell
t = Turbo logic cell
+ = Synchronous flipflop
! = NOT gate push-back
r = Fitter-inserted logic cell
G = Global Source. Fan-out destinations counted here do not include destinations
that are driven using global routing resources. Refer to the Auto Global Signals,
Clock Signals, Clear Signals, Synchronous Load Signals, and Synchronous Clear Signals
Sections of this Report File for information on which signals' fan-outs are used as
Clock, Clear, Preset, Output Enable, and synchronous Load signals.


Device-Specific Information:e:\documents\science\computer_circuity\labs\mylabs\lab1\ictr\ictr.rpt
ictr

** OUTPUTS **

                                         Shareable
                                         Expanders     Fan-In    Fan-Out
 Pin     LC  LAB  Primitive    Code   Total Shared n/a INP  FBK  OUT  FBK  Name
  ??     ??   ??     OUTPUT      t        4      0   1    4    6    0    0  overflow
  ??     ??   ??         FF   +  t        2      1   0    5    1   14   65  Q00 (|rg4:5|rg1:19|:18)
  ??     ??   ??         FF   +  t        2      1   1    4    3   13   72  Q01 (|rg4:5|rg1:20|:18)
  ??     ??   ??         FF   +  t        1      1   0    4    2   12   74  Q02 (|rg4:5|rg1:21|:18)
  ??     ??   ??         FF   +  t        1      1   0    4    5   12   70  Q03 (|rg4:5|rg1:22|:18)
  ??     ??   ??         FF   +  t        4      1   1    4   11   12   53  Q04 (|ctr11:12|ctr1:1|:8)
  ??     ??   ??         FF   +  t        2      1   1    4   13    9   46  Q05 (|ctr11:12|ctr1:2|:8)
  ??     ??   ??         FF   +  t        3      1   1    5   14    8   42  Q06 (|ctr11:12|ctr1:3|:8)
  ??     ??   ??         FF   +  t        2      1   1    4   16    7   38  Q07 (|ctr11:12|ctr1:4|:8)
  ??     ??   ??         FF   +  t        2      1   1    4   17    6   33  Q08 (|ctr11:12|ctr1:5|:8)
  ??     ??   ??         FF   +  t        2      1   1    4   19    5   29  Q09 (|ctr11:12|ctr1:6|:8)
  ??     ??   ??         FF   +  t        2      1   1    4   20    4   24  Q10 (|ctr11:12|ctr1:7|:8)
  ??     ??   ??         FF   +  t        3      1   1    5   21    3   19  Q11 (|ctr11:12|ctr1:8|:8)
  ??     ??   ??         FF   +  t        2      1   1    4   23    2   15  Q12 (|ctr11:12|ctr1:9|:8)
  ??     ??   ??         FF   +  t        2      1   1    4   24    1   10  Q13 (|ctr11:12|ctr1:10|:8)
  ??     ??   ??         FF   +  t        2      1   1    4   13    2    6  Q14 (|ctr11:12|ctr1:11|:8)


Code:

s = Synthesized pin or logic cell
t = Turbo logic cell
+ = Synchronous flipflop
! = NOT gate push-back
r = Fitter-inserted logic cell


Device-Specific Information:e:\documents\science\computer_circuity\labs\mylabs\lab1\ictr\ictr.rpt
ictr

** BURIED LOGIC **

                                         Shareable
                                         Expanders     Fan-In    Fan-Out
 Pin     LC  LAB  Primitive    Code   Total Shared n/a INP  FBK  OUT  FBK  Name
   -     ??   ??       SOFT    s t        1      0   1    5    5    1    0  |ctr11:12|ctr1:1|~30~1
   -     ??   ??       SOFT    s t        1      0   1    4    5    1    0  |ctr11:12|ctr1:1|~30~2
   -     ??   ??       SOFT    s t        1      0   1    4    5    1    0  |ctr11:12|ctr1:1|~30~3
   -     ??   ??       SOFT    s t        1      0   1    4    5    1    0  |ctr11:12|ctr1:1|~30~4
   -     ??   ??       SOFT    s t        1      0   1    5    5    1    0  |ctr11:12|ctr1:1|~30~5
   -     ??   ??       SOFT    s t        1      0   1    4    5    1    0  |ctr11:12|ctr1:1|~30~6
   -     ??   ??       SOFT    s t        1      0   1    5    6    1    0  |ctr11:12|ctr1:2|~30~1
   -     ??   ??       SOFT    s t        1      0   1    4    6    1    0  |ctr11:12|ctr1:2|~30~2
   -     ??   ??       SOFT    s t        1      0   1    4    6    1    0  |ctr11:12|ctr1:2|~30~3
   -     ??   ??       SOFT    s t        1      0   1    5    5    1    0  |ctr11:12|ctr1:2|~30~4
   -     ??   ??       SOFT    s t        1      0   1    3    4    1    0  |ctr11:12|ctr1:2|~30~5
   -     ??   ??       SOFT    s t        1      0   1    4    4    1    0  |ctr11:12|ctr1:2|~30~6
   -     ??   ??       SOFT    s t        1      0   1    5    7    1    0  |ctr11:12|ctr1:3|~30~1
   -     ??   ??       SOFT    s t        1      0   1    4    6    1    0  |ctr11:12|ctr1:3|~30~2
   -     ??   ??       SOFT    s t        1      0   1    5    7    1    0  |ctr11:12|ctr1:3|~30~3
   -     ??   ??       SOFT    s t        1      0   1    5    7    1    0  |ctr11:12|ctr1:3|~30~4
   -     ??   ??       SOFT    s t        1      0   1    5    5    1    0  |ctr11:12|ctr1:3|~30~5
   -     ??   ??       SOFT    s t        1      0   1    4    4    1    0  |ctr11:12|ctr1:3|~30~6
   -     ??   ??       SOFT    s t        1      0   1    3    4    1    0  |ctr11:12|ctr1:3|~30~7
   -     ??   ??       SOFT    s t        1      0   1    5    8    1    0  |ctr11:12|ctr1:4|~30~1
   -     ??   ??       SOFT    s t        1      0   1    4    7    1    0  |ctr11:12|ctr1:4|~30~2
   -     ??   ??       SOFT    s t        1      0   1    4    8    1    0  |ctr11:12|ctr1:4|~30~3
   -     ??   ??       SOFT    s t        1      0   1    4    5    1    0  |ctr11:12|ctr1:4|~30~4
   -     ??   ??       SOFT    s t        1      0   1    5    5    1    0  |ctr11:12|ctr1:4|~30~5
   -     ??   ??       SOFT    s t        1      0   1    4    4    1    0  |ctr11:12|ctr1:4|~30~6
   -     ??   ??       SOFT    s t        1      0   1    2    5    1    0  |ctr11:12|ctr1:4|~30~7
   -     ??   ??       SOFT    s t        0      0   0    1    4    1    0  |ctr11:12|ctr1:4|~30~8
   -     ??   ??       SOFT    s t        1      0   1    5    9    1    0  |ctr11:12|ctr1:5|~30~1
   -     ??   ??       SOFT    s t        1      0   1    4    8    1    0  |ctr11:12|ctr1:5|~30~2
   -     ??   ??       SOFT    s t        1      0   1    4    9    1    0  |ctr11:12|ctr1:5|~30~3
   -     ??   ??       SOFT    s t        1      0   1    4    5    1    0  |ctr11:12|ctr1:5|~30~4
   -     ??   ??       SOFT    s t        1      0   1    5    5    1    0  |ctr11:12|ctr1:5|~30~5
   -     ??   ??       SOFT    s t        1      0   1    4    4    1    0  |ctr11:12|ctr1:5|~30~6
   -     ??   ??       SOFT    s t        1      0   1    2    5    1    0  |ctr11:12|ctr1:5|~30~7
   -     ??   ??       SOFT    s t        1      0   1    2    5    1    0  |ctr11:12|ctr1:5|~30~8
   -     ??   ??       SOFT    s t        1      0   1    5   10    1    0  |ctr11:12|ctr1:6|~30~1
   -     ??   ??       SOFT    s t        1      0   1    4    9    1    0  |ctr11:12|ctr1:6|~30~2
   -     ??   ??       SOFT    s t        1      0   1    4   10    1    0  |ctr11:12|ctr1:6|~30~3
   -     ??   ??       SOFT    s t        1      0   1    4    5    1    0  |ctr11:12|ctr1:6|~30~4
   -     ??   ??       SOFT    s t        1      0   1    5    5    1    0  |ctr11:12|ctr1:6|~30~5
   -     ??   ??       SOFT    s t        1      0   1    4    4    1    0  |ctr11:12|ctr1:6|~30~6
   -     ??   ??       SOFT    s t        1      0   1    2    5    1    0  |ctr11:12|ctr1:6|~30~7
   -     ??   ??       SOFT    s t        1      0   1    2    6    1    0  |ctr11:12|ctr1:6|~30~8
   -     ??   ??       SOFT    s t        0      0   0    1    3    1    0  |ctr11:12|ctr1:6|~30~9
   -     ??   ??       SOFT    s t        1      0   1    5   11    1    0  |ctr11:12|ctr1:7|~30~1
   -     ??   ??       SOFT    s t        1      0   1    4   10    1    0  |ctr11:12|ctr1:7|~30~2
   -     ??   ??       SOFT    s t        1      0   1    4   11    1    0  |ctr11:12|ctr1:7|~30~3
   -     ??   ??       SOFT    s t        1      0   1    4    5    1    0  |ctr11:12|ctr1:7|~30~4
   -     ??   ??       SOFT    s t        1      0   1    5    5    1    0  |ctr11:12|ctr1:7|~30~5
   -     ??   ??       SOFT    s t        1      0   1    4    4    1    0  |ctr11:12|ctr1:7|~30~6
   -     ??   ??       SOFT    s t        1      0   1    2    5    1    0  |ctr11:12|ctr1:7|~30~7
   -     ??   ??       SOFT    s t        1      0   1    2    6    1    0  |ctr11:12|ctr1:7|~30~8
   -     ??   ??       SOFT    s t        0      0   0    1    5    1    0  |ctr11:12|ctr1:7|~30~9
   -     ??   ??       SOFT    s t        1      0   1    5   12    1    0  |ctr11:12|ctr1:8|~30~1
   -     ??   ??       SOFT    s t        1      0   1    4   11    1    0  |ctr11:12|ctr1:8|~30~2
   -     ??   ??       SOFT    s t        1      0   1    4   12    1    0  |ctr11:12|ctr1:8|~30~3
   -     ??   ??       SOFT    s t        1      0   1    4    5    1    0  |ctr11:12|ctr1:8|~30~4
   -     ??   ??       SOFT    s t        1      0   1    5    5    1    0  |ctr11:12|ctr1:8|~30~5
   -     ??   ??       SOFT    s t        1      0   1    4    4    1    0  |ctr11:12|ctr1:8|~30~6
   -     ??   ??       SOFT    s t        1      0   1    2    5    1    0  |ctr11:12|ctr1:8|~30~7
   -     ??   ??       SOFT    s t        1      0   1    2    6    1    0  |ctr11:12|ctr1:8|~30~8
   -     ??   ??       SOFT    s t        1      0   1    1    6    1    0  |ctr11:12|ctr1:8|~30~9
   -     ??   ??       SOFT    s t        1      0   1    5   13    1    0  |ctr11:12|ctr1:9|~30~1
   -     ??   ??       SOFT    s t        1      0   1    4   12    1    0  |ctr11:12|ctr1:9|~30~2
   -     ??   ??       SOFT    s t        1      0   1    4   13    1    0  |ctr11:12|ctr1:9|~30~3
   -     ??   ??       SOFT    s t        1      0   1    4    5    1    0  |ctr11:12|ctr1:9|~30~4
   -     ??   ??       SOFT    s t        1      0   1    5    5    1    0  |ctr11:12|ctr1:9|~30~5
   -     ??   ??       SOFT    s t        1      0   1    4    4    1    0  |ctr11:12|ctr1:9|~30~6
   -     ??   ??       SOFT    s t        1      0   1    2    5    1    0  |ctr11:12|ctr1:9|~30~7
   -     ??   ??       SOFT    s t        1      0   1    1    6    1    0  |ctr11:12|ctr1:9|~30~8
   -     ??   ??       SOFT    s t        1      0   1    1    6    1    0  |ctr11:12|ctr1:9|~30~9
   -     ??   ??       SOFT    s t        0      0   0    1    4    1    0  |ctr11:12|ctr1:9|~30~10
   -     ??   ??       SOFT    s t        1      0   1    5   14    1    0  |ctr11:12|ctr1:10|~30~1
   -     ??   ??       SOFT    s t        1      0   1    4   13    1    0  |ctr11:12|ctr1:10|~30~2
   -     ??   ??       SOFT    s t        1      0   1    4   14    1    0  |ctr11:12|ctr1:10|~30~3
   -     ??   ??       SOFT    s t        1      0   1    4    5    1    0  |ctr11:12|ctr1:10|~30~4
   -     ??   ??       SOFT    s t        1      0   1    5    5    1    0  |ctr11:12|ctr1:10|~30~5
   -     ??   ??       SOFT    s t        1      0   1    4    4    1    0  |ctr11:12|ctr1:10|~30~6
   -     ??   ??       SOFT    s t        1      0   1    2    5    1    0  |ctr11:12|ctr1:10|~30~7
   -     ??   ??       SOFT    s t        1      0   1    1    6    1    0  |ctr11:12|ctr1:10|~30~8
   -     ??   ??       SOFT    s t        1      0   1    2    6    1    0  |ctr11:12|ctr1:10|~30~9
   -     ??   ??       SOFT    s t        1      0   1    1    6    1    0  |ctr11:12|ctr1:10|~30~10
   -     ??   ??       SOFT    s t        1      0   1    5    6    1    0  |ctr11:12|ctr1:11|~30~1
   -     ??   ??       SOFT    s t        1      0   1    4    6    1    0  |ctr11:12|ctr1:11|~30~2
   -     ??   ??       SOFT    s t        1      0   1    4    6    1    0  |ctr11:12|ctr1:11|~30~3
   -     ??   ??       SOFT    s t        1      0   1    5    5    1    0  |ctr11:12|ctr1:11|~30~4
   -     ??   ??       SOFT    s t        1      0   1    3    4    1    0  |ctr11:12|ctr1:11|~30~5
   -     ??   ??       SOFT    s t        1      0   1    4    4    1    0  |ctr11:12|ctr1:11|~30~6
   -     ??   ??       SOFT    s t        0      0   0    4    5    2    0  |ctr11:12|ctr1:11|~30~7
   -     ??   ??       SOFT    s t        0      0   0    4    2    1    0  |rg4:5|rg1:20|~16~1
   -     ??   ??       SOFT    s t        1      0   1    5    3    1    0  |rg4:5|rg1:21|~16~1
   -     ??   ??       SOFT    s t        1      0   1    3    3    1    0  |rg4:5|rg1:21|~16~2
   -     ??   ??       SOFT    s t        1      0   1    4    4    1    0  |rg4:5|rg1:22|~16~1
   -     ??   ??       SOFT    s t        1      0   1    4    4    1    0  |rg4:5|rg1:22|~16~2
   -     ??   ??       SOFT    s t        1      0   1    3    4    1    0  |rg4:5|rg1:22|~16~3
   -     ??   ??       SOFT    s t        1      0   1    4    4    1    0  |rg4:5|rg1:22|~16~4
   -     ??   ??       SOFT    s t        0      0   0    4    3    1    0  |rg4:5|rg1:22|~16~5


Code:

s = Synthesized pin or logic cell
t = Turbo logic cell
+ = Synchronous flipflop
! = NOT gate push-back
r = Fitter-inserted logic cell


Device-Specific Information:e:\documents\science\computer_circuity\labs\mylabs\lab1\ictr\ictr.rpt
ictr

** EQUATIONS **

CLK      : INPUT;
D00      : INPUT;
D01      : INPUT;
D02      : INPUT;
D03      : INPUT;
D04      : INPUT;
D05      : INPUT;
D06      : INPUT;
D07      : INPUT;
D08      : INPUT;
D09      : INPUT;
D10      : INPUT;
D11      : INPUT;
D12      : INPUT;
D13      : INPUT;
D14      : INPUT;
F0       : INPUT;
F1       : INPUT;
F2       : INPUT;
F3       : INPUT;

-- Node name is 'overflow' 
-- Equation name is 'overflow', type is output 
 overflow = LCELL( _EQ001 $  GND);
  _EQ001 =  F0 &  Q00 &  Q03 &  Q04 &  Q14 &  _X001 &  _X002
         #  F0 &  F3 &  Q00 &  Q04 &  Q14 &  _X001 &  _X002
         #  F1 &  Q01 &  Q04 &  Q14 &  _X001 &  _X003
         #  F2 &  Q02 &  Q04 &  Q14 &  _X003
         #  F3 &  Q03 &  Q04 &  Q14;
  _X001  = EXP(!F2 & !Q02);
  _X002  = EXP(!F1 & !Q01);
  _X003  = EXP(!F3 & !Q03);

-- Node name is 'Q00' = '|rg4:5|rg1:19|Qi' 
-- Equation name is 'Q00', type is output 
 Q00     = DFFE( _EQ002 $  GND, GLOBAL( CLK), !_EQ003,  VCC,  VCC);
  _EQ002 =  D00 &  F1 &  F3
         # !F0 &  Q00 &  _X004
         #  F0 & !Q00 &  _X004;
  _X004  = EXP( F1 &  F3);
  _EQ003 =  _X005;
  _X005  = EXP( F0 & !F1 & !F2 &  F3);

-- Node name is 'Q01' = '|rg4:5|rg1:20|Qi' 
-- Equation name is 'Q01', type is output 
 Q01     = DFFE( _EQ004 $ !_N109, GLOBAL( CLK), !_EQ005,  VCC,  VCC);
  _EQ004 =  F0 &  F1 & !F3 & !_N109 &  Q00 & !Q01
         #  F0 & !F1 & !_N109 &  Q00 &  Q01
         # !F0 &  F1 & !F3 & !_N109 &  Q01;
  _EQ005 =  _X005;
  _X005  = EXP( F0 & !F1 & !F2 &  F3);

-- Node name is 'Q02' = '|rg4:5|rg1:21|Qi' 
-- Equation name is 'Q02', type is output 
 Q02     = DFFE( _EQ006 $ !F2, GLOBAL( CLK), !_EQ007,  VCC,  VCC);
  _EQ006 = !_N093 & !_N106;
  _EQ007 =  _X005;
  _X005  = EXP( F0 & !F1 & !F2 &  F3);

-- Node name is 'Q03' = '|rg4:5|rg1:22|Qi' 
-- Equation name is 'Q03', type is output 
 Q03     = DFFE( _EQ008 $ !F3, GLOBAL( CLK), !_EQ009,  VCC,  VCC);
  _EQ008 = !_N017 & !_N018 & !_N084 & !_N097 & !_N112;
  _EQ009 =  _X005;
  _X005  = EXP( F0 & !F1 & !F2 &  F3);

-- Node name is 'Q04' = '|ctr11:12|ctr1:1|Qi' 
-- Equation name is 'Q04', type is output 
 Q04     = DFFE( _EQ010 $  _EQ011, GLOBAL( CLK), !_EQ012,  VCC,  VCC);
  _EQ010 =  F0 & !F1 & !_N019 & !_N020 & !_N021 & !_N022 & !_N086 & !_N099 & 
              Q00 &  Q01 &  Q02 &  Q03 &  Q04 &  _X006 &  _X007
         #  F0 & !F1 &  F2 & !_N019 & !_N020 & !_N021 & !_N022 & !_N086 & 
             !_N099 &  Q00 &  Q01 &  Q03 &  Q04 &  _X006 &  _X007
         #  F0 &  F1 & !F3 & !_N019 & !_N020 & !_N021 & !_N022 & !_N086 & 
             !_N099 &  Q00 &  Q02 &  Q03 &  Q04 &  _X006 &  _X007;
  _X006  = EXP(!F3 & !Q03 & !Q04);
  _X007  = EXP(!F1 &  F3 & !Q04);
  _EQ011 = !_N019 & !_N020 & !_N021 & !_N022 & !_N086 & !_N099 &  _X006 & 
              _X007;
  _X006  = EXP(!F3 & !Q03 & !Q04);
  _X007  = EXP(!F1 &  F3 & !Q04);
  _EQ012 =  _X008;
  _X008  = EXP( F0 & !F2 &  F3);

-- Node name is 'Q05' = '|ctr11:12|ctr1:2|Qi' 
-- Equation name is 'Q05', type is output 
 Q05     = DFFE( _EQ013 $  _EQ014, GLOBAL( CLK), !_EQ015,  VCC,  VCC);
  _EQ013 =  F0 & !F1 & !_N023 & !_N024 & !_N025 & !_N026 & !_N092 & !_N105 & 
             !_N107 &  Q00 &  Q01 &  Q02 &  Q03 &  Q04 &  Q05
         #  F0 & !F1 &  F2 & !_N023 & !_N024 & !_N025 & !_N026 & !_N092 & 
             !_N105 & !_N107 &  Q00 &  Q01 &  Q03 &  Q04 &  Q05
         #  F0 &  F1 & !F3 & !_N023 & !_N024 & !_N025 & !_N026 & !_N092 & 
             !_N105 & !_N107 &  Q00 &  Q02 &  Q03 &  Q04 &  Q05;
  _EQ014 = !_N023 & !_N024 & !_N025 & !_N026 & !_N092 & !_N105 & !_N107;
  _EQ015 =  _X008;
  _X008  = EXP( F0 & !F2 &  F3);

-- Node name is 'Q06' = '|ctr11:12|ctr1:3|Qi' 
-- Equation name is 'Q06', type is output 
 Q06     = DFFE( _EQ016 $  _EQ017, GLOBAL( CLK), !_EQ018,  VCC,  VCC);
  _EQ016 =  F0 & !F1 & !_N027 & !_N028 & !_N029 & !_N030 & !_N031 & !_N088 & 
             !_N101 &  Q00 &  Q01 &  Q02 &  Q03 &  Q04 &  Q05 &  Q06 &  _X009
         #  F0 & !F1 &  F2 & !_N027 & !_N028 & !_N029 & !_N030 & !_N031 & 
             !_N088 & !_N101 &  Q00 &  Q01 &  Q03 &  Q04 &  Q05 &  Q06 & 
              _X009
         #  F0 &  F1 & !F3 & !_N027 & !_N028 & !_N029 & !_N030 & !_N031 & 
             !_N088 & !_N101 &  Q00 &  Q02 &  Q03 &  Q04 &  Q05 &  Q06 & 
              _X009;
  _X009  = EXP(!D06 & !Q04 & !Q06);
  _EQ017 = !_N027 & !_N028 & !_N029 & !_N030 & !_N031 & !_N088 & !_N101 & 
              _X009;
  _X009  = EXP(!D06 & !Q04 & !Q06);
  _EQ018 =  _X008;
  _X008  = EXP( F0 & !F2 &  F3);

-- Node name is 'Q07' = '|ctr11:12|ctr1:4|Qi' 
-- Equation name is 'Q07', type is output 
 Q07     = DFFE( _EQ019 $  _EQ020, GLOBAL( CLK), !_EQ021,  VCC,  VCC);
  _EQ019 =  F0 & !F1 & !_N032 & !_N033 & !_N034 & !_N035 & !_N036 & !_N083 & 
             !_N096 & !_N111 &  Q00 &  Q01 &  Q02 &  Q03 &  Q04 &  Q05 &  Q06 & 
              Q07
         #  F0 & !F1 &  F2 & !_N032 & !_N033 & !_N034 & !_N035 & !_N036 & 
             !_N083 & !_N096 & !_N111 &  Q00 &  Q01 &  Q03 &  Q04 &  Q05 & 
              Q06 &  Q07
         #  F0 &  F1 & !F3 & !_N032 & !_N033 & !_N034 & !_N035 & !_N036 & 
             !_N083 & !_N096 & !_N111 &  Q00 &  Q02 &  Q03 &  Q04 &  Q05 & 
              Q06 &  Q07;
  _EQ020 = !_N032 & !_N033 & !_N034 & !_N035 & !_N036 & !_N083 & !_N096 & 
             !_N111;
  _EQ021 =  _X008;
  _X008  = EXP( F0 & !F2 &  F3);

-- Node name is 'Q08' = '|ctr11:12|ctr1:5|Qi' 
-- Equation name is 'Q08', type is output 
 Q08     = DFFE( _EQ022 $  _EQ023, GLOBAL( CLK), !_EQ024,  VCC,  VCC);
  _EQ022 =  F0 & !F1 & !_N037 & !_N038 & !_N039 & !_N040 & !_N041 & !_N042 & 
             !_N090 & !_N103 &  Q00 &  Q01 &  Q02 &  Q03 &  Q04 &  Q05 &  Q06 & 
              Q07 &  Q08
         #  F0 & !F1 &  F2 & !_N037 & !_N038 & !_N039 & !_N040 & !_N041 & 
             !_N042 & !_N090 & !_N103 &  Q00 &  Q01 &  Q03 &  Q04 &  Q05 & 
              Q06 &  Q07 &  Q08
         #  F0 &  F1 & !F3 & !_N037 & !_N038 & !_N039 & !_N040 & !_N041 & 
             !_N042 & !_N090 & !_N103 &  Q00 &  Q02 &  Q03 &  Q04 &  Q05 & 
              Q06 &  Q07 &  Q08;
  _EQ023 = !_N037 & !_N038 & !_N039 & !_N040 & !_N041 & !_N042 & !_N090 & 
             !_N103;
  _EQ024 =  _X008;
  _X008  = EXP( F0 & !F2 &  F3);

-- Node name is 'Q09' = '|ctr11:12|ctr1:6|Qi' 
-- Equation name is 'Q09', type is output 
 Q09     = DFFE( _EQ025 $  _EQ026, GLOBAL( CLK), !_EQ027,  VCC,  VCC);
  _EQ025 =  F0 & !F1 & !_N043 & !_N044 & !_N045 & !_N046 & !_N047 & !_N048 & 
             !_N085 & !_N098 & !_N113 &  Q00 &  Q01 &  Q02 &  Q03 &  Q04 & 
              Q05 &  Q06 &  Q07 &  Q08 &  Q09
         #  F0 & !F1 &  F2 & !_N043 & !_N044 & !_N045 & !_N046 & !_N047 & 
             !_N048 & !_N085 & !_N098 & !_N113 &  Q00 &  Q01 &  Q03 &  Q04 & 
              Q05 &  Q06 &  Q07 &  Q08 &  Q09
         #  F0 &  F1 & !F3 & !_N043 & !_N044 & !_N045 & !_N046 & !_N047 & 
             !_N048 & !_N085 & !_N098 & !_N113 &  Q00 &  Q02 &  Q03 &  Q04 & 
              Q05 &  Q06 &  Q07 &  Q08 &  Q09;
  _EQ026 = !_N043 & !_N044 & !_N045 & !_N046 & !_N047 & !_N048 & !_N085 & 
             !_N098 & !_N113;
  _EQ027 =  _X008;
  _X008  = EXP( F0 & !F2 &  F3);

-- Node name is 'Q10' = '|ctr11:12|ctr1:7|Qi' 
-- Equation name is 'Q10', type is output 
 Q10     = DFFE( _EQ028 $  _EQ029, GLOBAL( CLK), !_EQ030,  VCC,  VCC);
  _EQ028 =  F0 & !F1 & !_N049 & !_N050 & !_N051 & !_N052 & !_N053 & !_N054 & 
             !_N081 & !_N094 & !_N108 &  Q00 &  Q01 &  Q02 &  Q03 &  Q04 & 
              Q05 &  Q06 &  Q07 &  Q08 &  Q09 &  Q10
         #  F0 & !F1 &  F2 & !_N049 & !_N050 & !_N051 & !_N052 & !_N053 & 
             !_N054 & !_N081 & !_N094 & !_N108 &  Q00 &  Q01 &  Q03 &  Q04 & 
              Q05 &  Q06 &  Q07 &  Q08 &  Q09 &  Q10
         #  F0 &  F1 & !F3 & !_N049 & !_N050 & !_N051 & !_N052 & !_N053 & 
             !_N054 & !_N081 & !_N094 & !_N108 &  Q00 &  Q02 &  Q03 &  Q04 & 
              Q05 &  Q06 &  Q07 &  Q08 &  Q09 &  Q10;
  _EQ029 = !_N049 & !_N050 & !_N051 & !_N052 & !_N053 & !_N054 & !_N081 & 
             !_N094 & !_N108;
  _EQ030 =  _X008;
  _X008  = EXP( F0 & !F2 &  F3);

-- Node name is 'Q11' = '|ctr11:12|ctr1:8|Qi' 
-- Equation name is 'Q11', type is output 
 Q11     = DFFE( _EQ031 $  _EQ032, GLOBAL( CLK), !_EQ033,  VCC,  VCC);
  _EQ031 =  F0 & !F1 & !_N055 & !_N056 & !_N057 & !_N058 & !_N059 & !_N060 & 
             !_N061 & !_N087 & !_N100 &  Q00 &  Q01 &  Q02 &  Q03 &  Q04 & 
              Q05 &  Q06 &  Q07 &  Q08 &  Q09 &  Q10 &  Q11 &  _X010
         #  F0 & !F1 &  F2 & !_N055 & !_N056 & !_N057 & !_N058 & !_N059 & 
             !_N060 & !_N061 & !_N087 & !_N100 &  Q00 &  Q01 &  Q03 &  Q04 & 
              Q05 &  Q06 &  Q07 &  Q08 &  Q09 &  Q10 &  Q11 &  _X010
         #  F0 &  F1 & !F3 & !_N055 & !_N056 & !_N057 & !_N058 & !_N059 & 
             !_N060 & !_N061 & !_N087 & !_N100 &  Q00 &  Q02 &  Q03 &  Q04 & 
              Q05 &  Q06 &  Q07 &  Q08 &  Q09 &  Q10 &  Q11 &  _X010;
  _X010  = EXP(!D11 & !Q04 & !Q11);
  _EQ032 = !_N055 & !_N056 & !_N057 & !_N058 & !_N059 & !_N060 & !_N061 & 
             !_N087 & !_N100 &  _X010;
  _X010  = EXP(!D11 & !Q04 & !Q11);
  _EQ033 =  _X008;
  _X008  = EXP( F0 & !F2 &  F3);

-- Node name is 'Q12' = '|ctr11:12|ctr1:9|Qi' 
-- Equation name is 'Q12', type is output 
 Q12     = DFFE( _EQ034 $  _EQ035, GLOBAL( CLK), !_EQ036,  VCC,  VCC);
  _EQ034 =  F0 & !F1 & !_N062 & !_N063 & !_N064 & !_N065 & !_N066 & !_N067 & 
             !_N068 & !_N082 & !_N095 & !_N110 &  Q00 &  Q01 &  Q02 &  Q03 & 
              Q04 &  Q05 &  Q06 &  Q07 &  Q08 &  Q09 &  Q10 &  Q11 &  Q12
         #  F0 & !F1 &  F2 & !_N062 & !_N063 & !_N064 & !_N065 & !_N066 & 
             !_N067 & !_N068 & !_N082 & !_N095 & !_N110 &  Q00 &  Q01 &  Q03 & 
              Q04 &  Q05 &  Q06 &  Q07 &  Q08 &  Q09 &  Q10 &  Q11 &  Q12
         #  F0 &  F1 & !F3 & !_N062 & !_N063 & !_N064 & !_N065 & !_N066 & 
             !_N067 & !_N068 & !_N082 & !_N095 & !_N110 &  Q00 &  Q02 &  Q03 & 
              Q04 &  Q05 &  Q06 &  Q07 &  Q08 &  Q09 &  Q10 &  Q11 &  Q12;
  _EQ035 = !_N062 & !_N063 & !_N064 & !_N065 & !_N066 & !_N067 & !_N068 & 
             !_N082 & !_N095 & !_N110;
  _EQ036 =  _X008;
  _X008  = EXP( F0 & !F2 &  F3);

-- Node name is 'Q13' = '|ctr11:12|ctr1:10|Qi' 
-- Equation name is 'Q13', type is output 
 Q13     = DFFE( _EQ037 $  _EQ038, GLOBAL( CLK), !_EQ039,  VCC,  VCC);
  _EQ037 =  F0 & !F1 & !_N069 & !_N070 & !_N071 & !_N072 & !_N073 & !_N074 & 
             !_N075 & !_N076 & !_N089 & !_N102 &  Q00 &  Q01 &  Q02 &  Q03 & 
              Q04 &  Q05 &  Q06 &  Q07 &  Q08 &  Q09 &  Q10 &  Q11 &  Q12 & 
              Q13
         #  F0 & !F1 &  F2 & !_N069 & !_N070 & !_N071 & !_N072 & !_N073 & 
             !_N074 & !_N075 & !_N076 & !_N089 & !_N102 &  Q00 &  Q01 &  Q03 & 
              Q04 &  Q05 &  Q06 &  Q07 &  Q08 &  Q09 &  Q10 &  Q11 &  Q12 & 
              Q13
         #  F0 &  F1 & !F3 & !_N069 & !_N070 & !_N071 & !_N072 & !_N073 & 
             !_N074 & !_N075 & !_N076 & !_N089 & !_N102 &  Q00 &  Q02 &  Q03 & 
              Q04 &  Q05 &  Q06 &  Q07 &  Q08 &  Q09 &  Q10 &  Q11 &  Q12 & 
              Q13;
  _EQ038 = !_N069 & !_N070 & !_N071 & !_N072 & !_N073 & !_N074 & !_N075 & 
             !_N076 & !_N089 & !_N102;
  _EQ039 =  _X008;
  _X008  = EXP( F0 & !F2 &  F3);

-- Node name is 'Q14' = '|ctr11:12|ctr1:11|Qi' 
-- Equation name is 'Q14', type is output 
 Q14     = DFFE( _EQ040 $  _EQ041, GLOBAL( CLK), !_EQ042,  VCC,  VCC);
  _EQ040 =  F0 & !F1 & !_N077 & !_N078 & !_N079 & !_N080 & !_N091 & !_N104 & 
             !_N107 &  Q00 &  Q01 &  Q02 &  Q03 &  Q04 &  Q14
         #  F0 & !F1 &  F2 & !_N077 & !_N078 & !_N079 & !_N080 & !_N091 & 
             !_N104 & !_N107 &  Q00 &  Q01 &  Q03 &  Q04 &  Q14
         #  F0 &  F1 & !F3 & !_N077 & !_N078 & !_N079 & !_N080 & !_N091 & 
             !_N104 & !_N107 &  Q00 &  Q02 &  Q03 &  Q04 &  Q14;
  _EQ041 = !_N077 & !_N078 & !_N079 & !_N080 & !_N091 & !_N104 & !_N107;
  _EQ042 =  _X008;
  _X008  = EXP( F0 & !F2 &  F3);

-- Node name is '|ctr11:12|ctr1:1|~30~1' 
-- Equation name is '_N019', type is buried 
-- synthesized logic cell 
_N019    = LCELL( _EQ043 $  GND);
  _EQ043 =  F0 &  F1 &  F2 & !F3 &  Q00 &  Q03 &  Q04
         # !D04 &  F0 &  F1 &  F3 &  Q00 &  Q02 &  Q04
         # !D04 &  F0 &  F1 &  F2 &  F3 &  Q00 &  Q04
         #  F0 & !F1 &  F3 &  Q00 &  Q01 &  Q02
         #  F0 & !F1 &  F2 &  F3 &  Q00 &  Q01;

-- Node name is '|ctr11:12|ctr1:1|~30~2' 
-- Equation name is '_N020', type is buried 
-- synthesized logic cell 
_N020    = LCELL( _EQ044 $  GND);
  _EQ044 =  F1 & !F3 &  Q01 &  Q02 &  Q03 &  Q04
         #  F1 &  F2 & !F3 &  Q01 &  Q03 &  Q04
         # !D04 &  F1 &  F3 &  Q01 &  Q02 &  Q04
         # !D04 &  F1 &  F2 &  F3 &  Q01 &  Q04
         # !D04 & !Q00 & !Q01 & !Q02 & !Q03 & !Q04;

-- Node name is '|ctr11:12|ctr1:1|~30~3' 
-- Equation name is '_N021', type is buried 
-- synthesized logic cell 
_N021    = LCELL( _EQ045 $  GND);
  _EQ045 = !D04 & !F0 & !Q01 & !Q02 & !Q03 & !Q04
         # !D04 & !F2 & !Q00 & !Q01 & !Q03 & !Q04
         # !D04 & !F0 & !F2 & !Q01 & !Q03 & !Q04
         #  F2 & !F3 &  Q02 &  Q03 &  Q04
         # !D04 &  F2 &  F3 &  Q02 &  Q04;

-- Node name is '|ctr11:12|ctr1:1|~30~4' 
-- Equation name is '_N022', type is buried 
-- synthesized logic cell 
_N022    = LCELL( _EQ046 $  GND);
  _EQ046 = !F3 & !Q00 & !Q01 & !Q02 & !Q04
         # !F0 & !F3 & !Q01 & !Q02 & !Q04
         # !F2 & !F3 & !Q00 & !Q01 & !Q04
         # !F0 & !F2 & !F3 & !Q01 & !Q04
         # !D04 & !F2 & !Q02 & !Q03 & !Q04;

-- Node name is '|ctr11:12|ctr1:1|~30~5' 
-- Equation name is '_N086', type is buried 
-- synthesized logic cell 
_N086    = LCELL( _EQ047 $  GND);
  _EQ047 = !F1 &  F2 &  F3 &  Q02
         # !D04 &  F3 &  Q03 &  Q04
         # !F1 & !Q01 & !Q02 & !Q04
         # !F1 & !Q00 & !Q02 & !Q04
         # !F0 & !F1 & !Q02 & !Q04;

-- Node name is '|ctr11:12|ctr1:1|~30~6' 
-- Equation name is '_N099', type is buried 
-- synthesized logic cell 
_N099    = LCELL( _EQ048 $  GND);
  _EQ048 = !F1 & !F2 & !Q01 & !Q04
         # !F1 & !F2 & !Q00 & !Q04
         # !F0 & !F1 & !F2 & !Q04
         # !F2 & !F3 & !Q02 & !Q04
         # !F1 &  F3 &  Q03;

-- Node name is '|ctr11:12|ctr1:2|~30~1' 
-- Equation name is '_N023', type is buried 
-- synthesized logic cell 
_N023    = LCELL( _EQ049 $  GND);
  _EQ049 =  F0 &  F1 &  F2 & !F3 &  Q00 &  Q03 &  Q04 &  Q05
         # !D05 &  F0 &  F1 &  F3 &  Q00 &  Q02 &  Q04 &  Q05
         # !D05 &  F0 &  F1 &  F2 &  F3 &  Q00 &  Q04 &  Q05
         #  F1 & !F3 &  Q01 &  Q02 &  Q03 &  Q04 &  Q05
         #  F1 &  F2 & !F3 &  Q01 &  Q03 &  Q04 &  Q05;

-- Node name is '|ctr11:12|ctr1:2|~30~2' 
-- Equation name is '_N024', type is buried 
-- synthesized logic cell 
_N024    = LCELL( _EQ050 $  GND);
  _EQ050 = !D05 &  F1 &  F3 &  Q01 &  Q02 &  Q04 &  Q05
         # !D05 &  F1 &  F2 &  F3 &  Q01 &  Q04 &  Q05
         #  F2 & !F3 &  Q02 &  Q03 &  Q04 &  Q05
         # !D05 &  F2 &  F3 &  Q02 &  Q04 &  Q05
         # !D05 & !Q00 & !Q01 & !Q02 & !Q03 & !Q05;

-- Node name is '|ctr11:12|ctr1:2|~30~3' 
-- Equation name is '_N025', type is buried 
-- synthesized logic cell 
_N025    = LCELL( _EQ051 $  GND);
  _EQ051 = !D05 & !F0 & !Q01 & !Q02 & !Q03 & !Q05
         # !D05 & !F2 & !Q00 & !Q01 & !Q03 & !Q05
         # !D05 & !F0 & !F2 & !Q01 & !Q03 & !Q05
         # !D05 &  F3 &  Q03 &  Q04 &  Q05
         # !F3 & !Q00 & !Q01 & !Q02 & !Q05;

-- Node name is '|ctr11:12|ctr1:2|~30~4' 
-- Equation name is '_N026', type is buried 
-- synthesized logic cell 
_N026    = LCELL( _EQ052 $  GND);
  _EQ052 = !F0 & !F3 & !Q01 & !Q02 & !Q05
         # !F2 & !F3 & !Q00 & !Q01 & !Q05
         # !F0 & !F2 & !F3 & !Q01 & !Q05
         # !D05 & !F2 & !Q02 & !Q03 & !Q05
         # !F1 & !Q01 & !Q02 & !Q05;

-- Node name is '|ctr11:12|ctr1:2|~30~5' 
-- Equation name is '_N092', type is buried 
-- synthesized logic cell 
_N092    = LCELL( _EQ053 $  GND);
  _EQ053 = !F1 & !Q00 & !Q02 & !Q05
         # !F0 & !F1 & !Q02 & !Q05
         # !F1 & !F2 & !Q01 & !Q05
         # !F1 & !F2 & !Q00 & !Q05
         # !F0 & !F1 & !F2 & !Q05;

-- Node name is '|ctr11:12|ctr1:2|~30~6' 
-- Equation name is '_N105', type is buried 
-- synthesized logic cell 
_N105    = LCELL( _EQ054 $  GND);
  _EQ054 = !F2 & !F3 & !Q02 & !Q05
         # !F1 &  F3 & !Q05
         # !F3 & !Q03 & !Q05
         # !F3 & !Q04 & !Q05
         # !D05 & !Q04 & !Q05;

-- Node name is '|ctr11:12|ctr1:3|~30~1' 
-- Equation name is '_N027', type is buried 
-- synthesized logic cell 
_N027    = LCELL( _EQ055 $  GND);
  _EQ055 =  F0 &  F1 &  F2 & !F3 &  Q00 &  Q03 &  Q04 &  Q05 &  Q06
         # !D06 &  F0 &  F1 &  F3 &  Q00 &  Q02 &  Q04 &  Q05 &  Q06
         # !D06 &  F0 &  F1 &  F2 &  F3 &  Q00 &  Q04 &  Q05 &  Q06
         #  F0 & !F1 &  F3 &  Q00 &  Q01 &  Q02 &  Q04 &  Q05
         #  F0 & !F1 &  F2 &  F3 &  Q00 &  Q01 &  Q04 &  Q05;

-- Node name is '|ctr11:12|ctr1:3|~30~2' 
-- Equation name is '_N028', type is buried 
-- synthesized logic cell 
_N028    = LCELL( _EQ056 $  GND);
  _EQ056 =  F1 & !F3 &  Q01 &  Q02 &  Q03 &  Q04 &  Q05 &  Q06
         #  F1 &  F2 & !F3 &  Q01 &  Q03 &  Q04 &  Q05 &  Q06
         # !D06 &  F1 &  F3 &  Q01 &  Q02 &  Q04 &  Q05 &  Q06
         # !D06 &  F1 &  F2 &  F3 &  Q01 &  Q04 &  Q05 &  Q06
         #  F2 & !F3 &  Q02 &  Q03 &  Q04 &  Q05 &  Q06;

-- Node name is '|ctr11:12|ctr1:3|~30~3' 
-- Equation name is '_N029', type is buried 
-- synthesized logic cell 
_N029    = LCELL( _EQ057 $  GND);
  _EQ057 = !D06 &  F2 &  F3 &  Q02 &  Q04 &  Q05 &  Q06
         # !F1 &  F2 &  F3 &  Q02 &  Q04 &  Q05
         # !D06 &  F3 &  Q03 &  Q04 &  Q05 &  Q06
         # !D06 & !Q00 & !Q01 & !Q02 & !Q03 & !Q06
         # !D06 & !F0 & !Q01 & !Q02 & !Q03 & !Q06;

-- Node name is '|ctr11:12|ctr1:3|~30~4' 
-- Equation name is '_N030', type is buried 
-- synthesized logic cell 
_N030    = LCELL( _EQ058 $  GND);
  _EQ058 = !D06 & !F2 & !Q00 & !Q01 & !Q03 & !Q06
         # !D06 & !F0 & !F2 & !Q01 & !Q03 & !Q06
         # !F1 &  F3 &  Q03 &  Q04 &  Q05
         # !F3 & !Q00 & !Q01 & !Q02 & !Q06
         # !F0 & !F3 & !Q01 & !Q02 & !Q06;

-- Node name is '|ctr11:12|ctr1:3|~30~5' 
-- Equation name is '_N031', type is buried 
-- synthesized logic cell 
_N031    = LCELL( _EQ059 $  GND);
  _EQ059 = !F2 & !F3 & !Q00 & !Q01 & !Q06
         # !F0 & !F2 & !F3 & !Q01 & !Q06
         # !D06 & !F2 & !Q02 & !Q03 & !Q06
         # !F1 & !Q01 & !Q02 & !Q06
         # !F1 & !Q00 & !Q02 & !Q06;

-- Node name is '|ctr11:12|ctr1:3|~30~6' 
-- Equation name is '_N088', type is buried 
-- synthesized logic cell 
_N088    = LCELL( _EQ060 $  GND);
  _EQ060 = !F0 & !F1 & !Q02 & !Q06
         # !F1 & !F2 & !Q01 & !Q06
         # !F1 & !F2 & !Q00 & !Q06
         # !F0 & !F1 & !F2 & !Q06
         # !F2 & !F3 & !Q02 & !Q06;

-- Node name is '|ctr11:12|ctr1:3|~30~7' 
-- Equation name is '_N101', type is buried 
-- synthesized logic cell 
_N101    = LCELL( _EQ061 $  GND);
  _EQ061 = !F1 &  F3 & !Q06
         # !F3 & !Q03 & !Q06
         # !F3 & !Q05 & !Q06
         # !F3 & !Q04 & !Q06
         # !D06 & !Q05 & !Q06;

-- Node name is '|ctr11:12|ctr1:4|~30~1' 
-- Equation name is '_N032', type is buried 
-- synthesized logic cell 
_N032    = LCELL( _EQ062 $  GND);
  _EQ062 =  F0 &  F1 &  F2 & !F3 &  Q00 &  Q03 &  Q04 &  Q05 &  Q06 &  Q07
         # !D07 &  F0 &  F1 &  F3 &  Q00 &  Q02 &  Q04 &  Q05 &  Q06 &  Q07
         # !D07 &  F0 &  F1 &  F2 &  F3 &  Q00 &  Q04 &  Q05 &  Q06 &  Q07
         #  F0 & !F1 &  F3 &  Q00 &  Q01 &  Q02 &  Q04 &  Q05 &  Q06
         #  F0 & !F1 &  F2 &  F3 &  Q00 &  Q01 &  Q04 &  Q05 &  Q06;

-- Node name is '|ctr11:12|ctr1:4|~30~2' 
-- Equation name is '_N033', type is buried 
-- synthesized logic cell 
_N033    = LCELL( _EQ063 $  GND);
  _EQ063 =  F1 & !F3 &  Q01 &  Q02 &  Q03 &  Q04 &  Q05 &  Q06 &  Q07
         #  F1 &  F2 & !F3 &  Q01 &  Q03 &  Q04 &  Q05 &  Q06 &  Q07
         # !D07 &  F1 &  F3 &  Q01 &  Q02 &  Q04 &  Q05 &  Q06 &  Q07
         # !D07 &  F1 &  F2 &  F3 &  Q01 &  Q04 &  Q05 &  Q06 &  Q07
         #  F2 & !F3 &  Q02 &  Q03 &  Q04 &  Q05 &  Q06 &  Q07;

-- Node name is '|ctr11:12|ctr1:4|~30~3' 
-- Equation name is '_N034', type is buried 
-- synthesized logic cell 
_N034    = LCELL( _EQ064 $  GND);
  _EQ064 = !D07 &  F2 &  F3 &  Q02 &  Q04 &  Q05 &  Q06 &  Q07
         # !F1 &  F2 &  F3 &  Q02 &  Q04 &  Q05 &  Q06
         # !D07 &  F3 &  Q03 &  Q04 &  Q05 &  Q06 &  Q07
         # !F1 &  F3 &  Q03 &  Q04 &  Q05 &  Q06
         # !D07 & !Q00 & !Q01 & !Q02 & !Q03 & !Q07;

-- Node name is '|ctr11:12|ctr1:4|~30~4' 
-- Equation name is '_N035', type is buried 
-- synthesized logic cell 
_N035    = LCELL( _EQ065 $  GND);
  _EQ065 = !D07 & !F0 & !Q01 & !Q02 & !Q03 & !Q07
         # !D07 & !F2 & !Q00 & !Q01 & !Q03 & !Q07
         # !D07 & !F0 & !F2 & !Q01 & !Q03 & !Q07
         # !F3 & !Q00 & !Q01 & !Q02 & !Q07
         # !F0 & !F3 & !Q01 & !Q02 & !Q07;

-- Node name is '|ctr11:12|ctr1:4|~30~5' 
-- Equation name is '_N036', type is buried 
-- synthesized logic cell 
_N036    = LCELL( _EQ066 $  GND);
  _EQ066 = !F2 & !F3 & !Q00 & !Q01 & !Q07
         # !F0 & !F2 & !F3 & !Q01 & !Q07
         # !D07 & !F2 & !Q02 & !Q03 & !Q07
         # !F1 & !Q01 & !Q02 & !Q07
         # !F1 & !Q00 & !Q02 & !Q07;

-- Node name is '|ctr11:12|ctr1:4|~30~6' 
-- Equation name is '_N083', type is buried 
-- synthesized logic cell 
_N083    = LCELL( _EQ067 $  GND);
  _EQ067 = !F0 & !F1 & !Q02 & !Q07
         # !F1 & !F2 & !Q01 & !Q07
         # !F1 & !F2 & !Q00 & !Q07
         # !F0 & !F1 & !F2 & !Q07
         # !F2 & !F3 & !Q02 & !Q07;

-- Node name is '|ctr11:12|ctr1:4|~30~7' 
-- Equation name is '_N096', type is buried 
-- synthesized logic cell 
_N096    = LCELL( _EQ068 $  GND);
  _EQ068 = !F1 &  F3 & !Q07
         # !F3 & !Q03 & !Q07
         # !F3 & !Q06 & !Q07
         # !F3 & !Q05 & !Q07
         # !F3 & !Q04 & !Q07;

-- Node name is '|ctr11:12|ctr1:4|~30~8' 
-- Equation name is '_N111', type is buried 
-- synthesized logic cell 
_N111    = LCELL( _EQ069 $  GND);
  _EQ069 = !D07 & !Q06 & !Q07
         # !D07 & !Q05 & !Q07
         # !D07 & !Q04 & !Q07;

-- Node name is '|ctr11:12|ctr1:5|~30~1' 
-- Equation name is '_N037', type is buried 
-- synthesized logic cell 
_N037    = LCELL( _EQ070 $  GND);
  _EQ070 =  F0 &  F1 &  F2 & !F3 &  Q00 &  Q03 &  Q04 &  Q05 &  Q06 &  Q07 & 
              Q08
         # !D08 &  F0 &  F1 &  F3 &  Q00 &  Q02 &  Q04 &  Q05 &  Q06 &  Q07 & 
              Q08
         # !D08 &  F0 &  F1 &  F2 &  F3 &  Q00 &  Q04 &  Q05 &  Q06 &  Q07 & 
              Q08
         #  F0 & !F1 &  F3 &  Q00 &  Q01 &  Q02 &  Q04 &  Q05 &  Q06 &  Q07
         #  F0 & !F1 &  F2 &  F3 &  Q00 &  Q01 &  Q04 &  Q05 &  Q06 &  Q07;

-- Node name is '|ctr11:12|ctr1:5|~30~2' 
-- Equation name is '_N038', type is buried 
-- synthesized logic cell 
_N038    = LCELL( _EQ071 $  GND);
  _EQ071 =  F1 & !F3 &  Q01 &  Q02 &  Q03 &  Q04 &  Q05 &  Q06 &  Q07 &  Q08
         #  F1 &  F2 & !F3 &  Q01 &  Q03 &  Q04 &  Q05 &  Q06 &  Q07 &  Q08
         # !D08 &  F1 &  F3 &  Q01 &  Q02 &  Q04 &  Q05 &  Q06 &  Q07 &  Q08
         # !D08 &  F1 &  F2 &  F3 &  Q01 &  Q04 &  Q05 &  Q06 &  Q07 &  Q08
         #  F2 & !F3 &  Q02 &  Q03 &  Q04 &  Q05 &  Q06 &  Q07 &  Q08;

-- Node name is '|ctr11:12|ctr1:5|~30~3' 
-- Equation name is '_N039', type is buried 
-- synthesized logic cell 
_N039    = LCELL( _EQ072 $  GND);
  _EQ072 = !D08 &  F2 &  F3 &  Q02 &  Q04 &  Q05 &  Q06 &  Q07 &  Q08
         # !F1 &  F2 &  F3 &  Q02 &  Q04 &  Q05 &  Q06 &  Q07
         # !D08 &  F3 &  Q03 &  Q04 &  Q05 &  Q06 &  Q07 &  Q08
         # !F1 &  F3 &  Q03 &  Q04 &  Q05 &  Q06 &  Q07
         # !D08 & !Q00 & !Q01 & !Q02 & !Q03 & !Q08;

-- Node name is '|ctr11:12|ctr1:5|~30~4' 
-- Equation name is '_N040', type is buried 
-- synthesized logic cell 
_N040    = LCELL( _EQ073 $  GND);
  _EQ073 = !D08 & !F0 & !Q01 & !Q02 & !Q03 & !Q08
         # !D08 & !F2 & !Q00 & !Q01 & !Q03 & !Q08
         # !D08 & !F0 & !F2 & !Q01 & !Q03 & !Q08
         # !F3 & !Q00 & !Q01 & !Q02 & !Q08
         # !F0 & !F3 & !Q01 & !Q02 & !Q08;

-- Node name is '|ctr11:12|ctr1:5|~30~5' 
-- Equation name is '_N041', type is buried 
-- synthesized logic cell 
_N041    = LCELL( _EQ074 $  GND);
  _EQ074 = !F2 & !F3 & !Q00 & !Q01 & !Q08
         # !F0 & !F2 & !F3 & !Q01 & !Q08
         # !D08 & !F2 & !Q02 & !Q03 & !Q08
         # !F1 & !Q01 & !Q02 & !Q08
         # !F1 & !Q00 & !Q02 & !Q08;

-- Node name is '|ctr11:12|ctr1:5|~30~6' 
-- Equation name is '_N042', type is buried 
-- synthesized logic cell 
_N042    = LCELL( _EQ075 $  GND);
  _EQ075 = !F0 & !F1 & !Q02 & !Q08
         # !F1 & !F2 & !Q01 & !Q08
         # !F1 & !F2 & !Q00 & !Q08
         # !F0 & !F1 & !F2 & !Q08
         # !F2 & !F3 & !Q02 & !Q08;

-- Node name is '|ctr11:12|ctr1:5|~30~7' 
-- Equation name is '_N090', type is buried 
-- synthesized logic cell 
_N090    = LCELL( _EQ076 $  GND);
  _EQ076 = !F1 &  F3 & !Q08
         # !F3 & !Q03 & !Q08
         # !F3 & !Q07 & !Q08
         # !F3 & !Q06 & !Q08
         # !F3 & !Q05 & !Q08;

-- Node name is '|ctr11:12|ctr1:5|~30~8' 
-- Equation name is '_N103', type is buried 
-- synthesized logic cell 
_N103    = LCELL( _EQ077 $  GND);
  _EQ077 = !F3 & !Q04 & !Q08
         # !D08 & !Q07 & !Q08
         # !D08 & !Q06 & !Q08
         # !D08 & !Q05 & !Q08
         # !D08 & !Q04 & !Q08;

-- Node name is '|ctr11:12|ctr1:6|~30~1' 
-- Equation name is '_N043', type is buried 
-- synthesized logic cell 
_N043    = LCELL( _EQ078 $  GND);
  _EQ078 =  F0 &  F1 &  F2 & !F3 &  Q00 &  Q03 &  Q04 &  Q05 &  Q06 &  Q07 & 
              Q08 &  Q09
         # !D09 &  F0 &  F1 &  F3 &  Q00 &  Q02 &  Q04 &  Q05 &  Q06 &  Q07 & 
              Q08 &  Q09
         # !D09 &  F0 &  F1 &  F2 &  F3 &  Q00 &  Q04 &  Q05 &  Q06 &  Q07 & 
              Q08 &  Q09
         #  F0 & !F1 &  F3 &  Q00 &  Q01 &  Q02 &  Q04 &  Q05 &  Q06 &  Q07 & 
              Q08
         #  F0 & !F1 &  F2 &  F3 &  Q00 &  Q01 &  Q04 &  Q05 &  Q06 &  Q07 & 
              Q08;

-- Node name is '|ctr11:12|ctr1:6|~30~2' 
-- Equation name is '_N044', type is buried 
-- synthesized logic cell 
_N044    = LCELL( _EQ079 $  GND);
  _EQ079 =  F1 & !F3 &  Q01 &  Q02 &  Q03 &  Q04 &  Q05 &  Q06 &  Q07 &  Q08 & 
              Q09
         #  F1 &  F2 & !F3 &  Q01 &  Q03 &  Q04 &  Q05 &  Q06 &  Q07 &  Q08 & 
              Q09
         # !D09 &  F1 &  F3 &  Q01 &  Q02 &  Q04 &  Q05 &  Q06 &  Q07 &  Q08 & 
              Q09
         # !D09 &  F1 &  F2 &  F3 &  Q01 &  Q04 &  Q05 &  Q06 &  Q07 &  Q08 & 
              Q09
         #  F2 & !F3 &  Q02 &  Q03 &  Q04 &  Q05 &  Q06 &  Q07 &  Q08 &  Q09;

-- Node name is '|ctr11:12|ctr1:6|~30~3' 
-- Equation name is '_N045', type is buried 
-- synthesized logic cell 
_N045    = LCELL( _EQ080 $  GND);
  _EQ080 = !D09 &  F2 &  F3 &  Q02 &  Q04 &  Q05 &  Q06 &  Q07 &  Q08 &  Q09
         # !F1 &  F2 &  F3 &  Q02 &  Q04 &  Q05 &  Q06 &  Q07 &  Q08
         # !D09 &  F3 &  Q03 &  Q04 &  Q05 &  Q06 &  Q07 &  Q08 &  Q09
         # !F1 &  F3 &  Q03 &  Q04 &  Q05 &  Q06 &  Q07 &  Q08
         # !D09 & !Q00 & !Q01 & !Q02 & !Q03 & !Q09;

-- Node name is '|ctr11:12|ctr1:6|~30~4' 
-- Equation name is '_N046', type is buried 
-- synthesized logic cell 
_N046    = LCELL( _EQ081 $  GND);
  _EQ081 = !D09 & !F0 & !Q01 & !Q02 & !Q03 & !Q09
         # !D09 & !F2 & !Q00 & !Q01 & !Q03 & !Q09
         # !D09 & !F0 & !F2 & !Q01 & !Q03 & !Q09
         # !F3 & !Q00 & !Q01 & !Q02 & !Q09
         # !F0 & !F3 & !Q01 & !Q02 & !Q09;

-- Node name is '|ctr11:12|ctr1:6|~30~5' 
-- Equation name is '_N047', type is buried 
-- synthesized logic cell 
_N047    = LCELL( _EQ082 $  GND);
  _EQ082 = !F2 & !F3 & !Q00 & !Q01 & !Q09
         # !F0 & !F2 & !F3 & !Q01 & !Q09
         # !D09 & !F2 & !Q02 & !Q03 & !Q09
         # !F1 & !Q01 & !Q02 & !Q09
         # !F1 & !Q00 & !Q02 & !Q09;

-- Node name is '|ctr11:12|ctr1:6|~30~6' 
-- Equation name is '_N048', type is buried 
-- synthesized logic cell 
_N048    = LCELL( _EQ083 $  GND);
  _EQ083 = !F0 & !F1 & !Q02 & !Q09
         # !F1 & !F2 & !Q01 & !Q09
         # !F1 & !F2 & !Q00 & !Q09
         # !F0 & !F1 & !F2 & !Q09
         # !F2 & !F3 & !Q02 & !Q09;

-- Node name is '|ctr11:12|ctr1:6|~30~7' 
-- Equation name is '_N085', type is buried 
-- synthesized logic cell 
_N085    = LCELL( _EQ084 $  GND);
  _EQ084 = !F1 &  F3 & !Q09
         # !F3 & !Q03 & !Q09
         # !F3 & !Q08 & !Q09
         # !F3 & !Q07 & !Q09
         # !F3 & !Q06 & !Q09;

-- Node name is '|ctr11:12|ctr1:6|~30~8' 
-- Equation name is '_N098', type is buried 
-- synthesized logic cell 
_N098    = LCELL( _EQ085 $  GND);
  _EQ085 = !F3 & !Q05 & !Q09
         # !F3 & !Q04 & !Q09
         # !D09 & !Q08 & !Q09
         # !D09 & !Q07 & !Q09
         # !D09 & !Q06 & !Q09;

-- Node name is '|ctr11:12|ctr1:6|~30~9' 
-- Equation name is '_N113', type is buried 
-- synthesized logic cell 
_N113    = LCELL( _EQ086 $  GND);
  _EQ086 = !D09 & !Q05 & !Q09
         # !D09 & !Q04 & !Q09;

-- Node name is '|ctr11:12|ctr1:7|~30~1' 
-- Equation name is '_N049', type is buried 
-- synthesized logic cell 
_N049    = LCELL( _EQ087 $  GND);
  _EQ087 =  F0 &  F1 &  F2 & !F3 &  Q00 &  Q03 &  Q04 &  Q05 &  Q06 &  Q07 & 
              Q08 &  Q09 &  Q10
         # !D10 &  F0 &  F1 &  F3 &  Q00 &  Q02 &  Q04 &  Q05 &  Q06 &  Q07 & 
              Q08 &  Q09 &  Q10
         # !D10 &  F0 &  F1 &  F2 &  F3 &  Q00 &  Q04 &  Q05 &  Q06 &  Q07 & 
              Q08 &  Q09 &  Q10
         #  F0 & !F1 &  F3 &  Q00 &  Q01 &  Q02 &  Q04 &  Q05 &  Q06 &  Q07 & 
              Q08 &  Q09
         #  F0 & !F1 &  F2 &  F3 &  Q00 &  Q01 &  Q04 &  Q05 &  Q06 &  Q07 & 
              Q08 &  Q09;

-- Node name is '|ctr11:12|ctr1:7|~30~2' 
-- Equation name is '_N050', type is buried 
-- synthesized logic cell 
_N050    = LCELL( _EQ088 $  GND);
  _EQ088 =  F1 & !F3 &  Q01 &  Q02 &  Q03 &  Q04 &  Q05 &  Q06 &  Q07 &  Q08 & 
              Q09 &  Q10
         #  F1 &  F2 & !F3 &  Q01 &  Q03 &  Q04 &  Q05 &  Q06 &  Q07 &  Q08 & 
              Q09 &  Q10
         # !D10 &  F1 &  F3 &  Q01 &  Q02 &  Q04 &  Q05 &  Q06 &  Q07 &  Q08 & 
              Q09 &  Q10
         # !D10 &  F1 &  F2 &  F3 &  Q01 &  Q04 &  Q05 &  Q06 &  Q07 &  Q08 & 
              Q09 &  Q10
         #  F2 & !F3 &  Q02 &  Q03 &  Q04 &  Q05 &  Q06 &  Q07 &  Q08 &  Q09 & 
              Q10;

-- Node name is '|ctr11:12|ctr1:7|~30~3' 
-- Equation name is '_N051', type is buried 
-- synthesized logic cell 
_N051    = LCELL( _EQ089 $  GND);
  _EQ089 = !D10 &  F2 &  F3 &  Q02 &  Q04 &  Q05 &  Q06 &  Q07 &  Q08 &  Q09 & 
              Q10
         # !F1 &  F2 &  F3 &  Q02 &  Q04 &  Q05 &  Q06 &  Q07 &  Q08 &  Q09
         # !D10 &  F3 &  Q03 &  Q04 &  Q05 &  Q06 &  Q07 &  Q08 &  Q09 &  Q10
         # !F1 &  F3 &  Q03 &  Q04 &  Q05 &  Q06 &  Q07 &  Q08 &  Q09
         # !D10 & !Q00 & !Q01 & !Q02 & !Q03 & !Q10;

-- Node name is '|ctr11:12|ctr1:7|~30~4' 
-- Equation name is '_N052', type is buried 
-- synthesized logic cell 
_N052    = LCELL( _EQ090 $  GND);
  _EQ090 = !D10 & !F0 & !Q01 & !Q02 & !Q03 & !Q10
         # !D10 & !F2 & !Q00 & !Q01 & !Q03 & !Q10
         # !D10 & !F0 & !F2 & !Q01 & !Q03 & !Q10
         # !F3 & !Q00 & !Q01 & !Q02 & !Q10
         # !F0 & !F3 & !Q01 & !Q02 & !Q10;

-- Node name is '|ctr11:12|ctr1:7|~30~5' 
-- Equation name is '_N053', type is buried 
-- synthesized logic cell 
_N053    = LCELL( _EQ091 $  GND);
  _EQ091 = !F2 & !F3 & !Q00 & !Q01 & !Q10
         # !F0 & !F2 & !F3 & !Q01 & !Q10
         # !D10 & !F2 & !Q02 & !Q03 & !Q10
         # !F1 & !Q01 & !Q02 & !Q10
         # !F1 & !Q00 & !Q02 & !Q10;

-- Node name is '|ctr11:12|ctr1:7|~30~6' 
-- Equation name is '_N054', type is buried 
-- synthesized logic cell 
_N054    = LCELL( _EQ092 $  GND);
  _EQ092 = !F0 & !F1 & !Q02 & !Q10
         # !F1 & !F2 & !Q01 & !Q10
         # !F1 & !F2 & !Q00 & !Q10
         # !F0 & !F1 & !F2 & !Q10
         # !F2 & !F3 & !Q02 & !Q10;

-- Node name is '|ctr11:12|ctr1:7|~30~7' 
-- Equation name is '_N081', type is buried 
-- synthesized logic cell 
_N081    = LCELL( _EQ093 $  GND);
  _EQ093 = !F1 &  F3 & !Q10
         # !F3 & !Q03 & !Q10
         # !F3 & !Q09 & !Q10
         # !F3 & !Q08 & !Q10
         # !F3 & !Q07 & !Q10;

-- Node name is '|ctr11:12|ctr1:7|~30~8' 
-- Equation name is '_N094', type is buried 
-- synthesized logic cell 
_N094    = LCELL( _EQ094 $  GND);
  _EQ094 = !F3 & !Q06 & !Q10
         # !F3 & !Q05 & !Q10
         # !F3 & !Q04 & !Q10
         # !D10 & !Q09 & !Q10
         # !D10 & !Q08 & !Q10;

-- Node name is '|ctr11:12|ctr1:7|~30~9' 
-- Equation name is '_N108', type is buried 
-- synthesized logic cell 
_N108    = LCELL( _EQ095 $  GND);
  _EQ095 = !D10 & !Q07 & !Q10
         # !D10 & !Q06 & !Q10
         # !D10 & !Q05 & !Q10
         # !D10 & !Q04 & !Q10;

-- Node name is '|ctr11:12|ctr1:8|~30~1' 
-- Equation name is '_N055', type is buried 
-- synthesized logic cell 
_N055    = LCELL( _EQ096 $  GND);
  _EQ096 =  F0 &  F1 &  F2 & !F3 &  Q00 &  Q03 &  Q04 &  Q05 &  Q06 &  Q07 & 
              Q08 &  Q09 &  Q10 &  Q11
         # !D11 &  F0 &  F1 &  F3 &  Q00 &  Q02 &  Q04 &  Q05 &  Q06 &  Q07 & 
              Q08 &  Q09 &  Q10 &  Q11
         # !D11 &  F0 &  F1 &  F2 &  F3 &  Q00 &  Q04 &  Q05 &  Q06 &  Q07 & 
              Q08 &  Q09 &  Q10 &  Q11
         #  F0 & !F1 &  F3 &  Q00 &  Q01 &  Q02 &  Q04 &  Q05 &  Q06 &  Q07 & 
              Q08 &  Q09 &  Q10
         #  F0 & !F1 &  F2 &  F3 &  Q00 &  Q01 &  Q04 &  Q05 &  Q06 &  Q07 & 
              Q08 &  Q09 &  Q10;

-- Node name is '|ctr11:12|ctr1:8|~30~2' 
-- Equation name is '_N056', type is buried 
-- synthesized logic cell 
_N056    = LCELL( _EQ097 $  GND);
  _EQ097 =  F1 & !F3 &  Q01 &  Q02 &  Q03 &  Q04 &  Q05 &  Q06 &  Q07 &  Q08 & 
              Q09 &  Q10 &  Q11
         #  F1 &  F2 & !F3 &  Q01 &  Q03 &  Q04 &  Q05 &  Q06 &  Q07 &  Q08 & 
              Q09 &  Q10 &  Q11
         # !D11 &  F1 &  F3 &  Q01 &  Q02 &  Q04 &  Q05 &  Q06 &  Q07 &  Q08 & 
              Q09 &  Q10 &  Q11
         # !D11 &  F1 &  F2 &  F3 &  Q01 &  Q04 &  Q05 &  Q06 &  Q07 &  Q08 & 
              Q09 &  Q10 &  Q11
         #  F2 & !F3 &  Q02 &  Q03 &  Q04 &  Q05 &  Q06 &  Q07 &  Q08 &  Q09 & 
              Q10 &  Q11;

-- Node name is '|ctr11:12|ctr1:8|~30~3' 
-- Equation name is '_N057', type is buried 
-- synthesized logic cell 
_N057    = LCELL( _EQ098 $  GND);
  _EQ098 = !D11 &  F2 &  F3 &  Q02 &  Q04 &  Q05 &  Q06 &  Q07 &  Q08 &  Q09 & 
              Q10 &  Q11
         # !F1 &  F2 &  F3 &  Q02 &  Q04 &  Q05 &  Q06 &  Q07 &  Q08 &  Q09 & 
              Q10
         # !D11 &  F3 &  Q03 &  Q04 &  Q05 &  Q06 &  Q07 &  Q08 &  Q09 &  Q10 & 
              Q11
         # !F1 &  F3 &  Q03 &  Q04 &  Q05 &  Q06 &  Q07 &  Q08 &  Q09 &  Q10
         # !D11 & !Q00 & !Q01 & !Q02 & !Q03 & !Q11;

-- Node name is '|ctr11:12|ctr1:8|~30~4' 
-- Equation name is '_N058', type is buried 
-- synthesized logic cell 
_N058    = LCELL( _EQ099 $  GND);
  _EQ099 = !D11 & !F0 & !Q01 & !Q02 & !Q03 & !Q11
         # !D11 & !F2 & !Q00 & !Q01 & !Q03 & !Q11
         # !D11 & !F0 & !F2 & !Q01 & !Q03 & !Q11
         # !F3 & !Q00 & !Q01 & !Q02 & !Q11
         # !F0 & !F3 & !Q01 & !Q02 & !Q11;

-- Node name is '|ctr11:12|ctr1:8|~30~5' 
-- Equation name is '_N059', type is buried 
-- synthesized logic cell 
_N059    = LCELL( _EQ100 $  GND);
  _EQ100 = !F2 & !F3 & !Q00 & !Q01 & !Q11
         # !F0 & !F2 & !F3 & !Q01 & !Q11
         # !D11 & !F2 & !Q02 & !Q03 & !Q11
         # !F1 & !Q01 & !Q02 & !Q11
         # !F1 & !Q00 & !Q02 & !Q11;

-- Node name is '|ctr11:12|ctr1:8|~30~6' 
-- Equation name is '_N060', type is buried 
-- synthesized logic cell 
_N060    = LCELL( _EQ101 $  GND);
  _EQ101 = !F0 & !F1 & !Q02 & !Q11
         # !F1 & !F2 & !Q01 & !Q11
         # !F1 & !F2 & !Q00 & !Q11
         # !F0 & !F1 & !F2 & !Q11
         # !F2 & !F3 & !Q02 & !Q11;

-- Node name is '|ctr11:12|ctr1:8|~30~7' 
-- Equation name is '_N061', type is buried 
-- synthesized logic cell 
_N061    = LCELL( _EQ102 $  GND);
  _EQ102 = !F1 &  F3 & !Q11
         # !F3 & !Q03 & !Q11
         # !F3 & !Q10 & !Q11
         # !F3 & !Q09 & !Q11
         # !F3 & !Q08 & !Q11;

-- Node name is '|ctr11:12|ctr1:8|~30~8' 
-- Equation name is '_N087', type is buried 
-- synthesized logic cell 
_N087    = LCELL( _EQ103 $  GND);
  _EQ103 = !F3 & !Q07 & !Q11
         # !F3 & !Q06 & !Q11
         # !F3 & !Q05 & !Q11
         # !F3 & !Q04 & !Q11
         # !D11 & !Q10 & !Q11;

-- Node name is '|ctr11:12|ctr1:8|~30~9' 
-- Equation name is '_N100', type is buried 
-- synthesized logic cell 
_N100    = LCELL( _EQ104 $  GND);
  _EQ104 = !D11 & !Q09 & !Q11
         # !D11 & !Q08 & !Q11
         # !D11 & !Q07 & !Q11
         # !D11 & !Q06 & !Q11
         # !D11 & !Q05 & !Q11;

-- Node name is '|ctr11:12|ctr1:9|~30~1' 
-- Equation name is '_N062', type is buried 
-- synthesized logic cell 
_N062    = LCELL( _EQ105 $  GND);
  _EQ105 =  F0 &  F1 &  F2 & !F3 &  Q00 &  Q03 &  Q04 &  Q05 &  Q06 &  Q07 & 
              Q08 &  Q09 &  Q10 &  Q11 &  Q12
         # !D12 &  F0 &  F1 &  F3 &  Q00 &  Q02 &  Q04 &  Q05 &  Q06 &  Q07 & 
              Q08 &  Q09 &  Q10 &  Q11 &  Q12
         # !D12 &  F0 &  F1 &  F2 &  F3 &  Q00 &  Q04 &  Q05 &  Q06 &  Q07 & 
              Q08 &  Q09 &  Q10 &  Q11 &  Q12
         #  F0 & !F1 &  F3 &  Q00 &  Q01 &  Q02 &  Q04 &  Q05 &  Q06 &  Q07 & 
              Q08 &  Q09 &  Q10 &  Q11
         #  F0 & !F1 &  F2 &  F3 &  Q00 &  Q01 &  Q04 &  Q05 &  Q06 &  Q07 & 
              Q08 &  Q09 &  Q10 &  Q11;

-- Node name is '|ctr11:12|ctr1:9|~30~2' 
-- Equation name is '_N063', type is buried 
-- synthesized logic cell 
_N063    = LCELL( _EQ106 $  GND);
  _EQ106 =  F1 & !F3 &  Q01 &  Q02 &  Q03 &  Q04 &  Q05 &  Q06 &  Q07 &  Q08 & 
              Q09 &  Q10 &  Q11 &  Q12
         #  F1 &  F2 & !F3 &  Q01 &  Q03 &  Q04 &  Q05 &  Q06 &  Q07 &  Q08 & 
              Q09 &  Q10 &  Q11 &  Q12
         # !D12 &  F1 &  F3 &  Q01 &  Q02 &  Q04 &  Q05 &  Q06 &  Q07 &  Q08 & 
              Q09 &  Q10 &  Q11 &  Q12
         # !D12 &  F1 &  F2 &  F3 &  Q01 &  Q04 &  Q05 &  Q06 &  Q07 &  Q08 & 
              Q09 &  Q10 &  Q11 &  Q12
         #  F2 & !F3 &  Q02 &  Q03 &  Q04 &  Q05 &  Q06 &  Q07 &  Q08 &  Q09 & 
              Q10 &  Q11 &  Q12;

-- Node name is '|ctr11:12|ctr1:9|~30~3' 
-- Equation name is '_N064', type is buried 
-- synthesized logic cell 
_N064    = LCELL( _EQ107 $  GND);
  _EQ107 = !D12 &  F2 &  F3 &  Q02 &  Q04 &  Q05 &  Q06 &  Q07 &  Q08 &  Q09 & 
              Q10 &  Q11 &  Q12
         # !F1 &  F2 &  F3 &  Q02 &  Q04 &  Q05 &  Q06 &  Q07 &  Q08 &  Q09 & 
              Q10 &  Q11
         # !D12 &  F3 &  Q03 &  Q04 &  Q05 &  Q06 &  Q07 &  Q08 &  Q09 &  Q10 & 
              Q11 &  Q12
         # !F1 &  F3 &  Q03 &  Q04 &  Q05 &  Q06 &  Q07 &  Q08 &  Q09 &  Q10 & 
              Q11
         # !D12 & !Q00 & !Q01 & !Q02 & !Q03 & !Q12;

-- Node name is '|ctr11:12|ctr1:9|~30~4' 
-- Equation name is '_N065', type is buried 
-- synthesized logic cell 
_N065    = LCELL( _EQ108 $  GND);
  _EQ108 = !D12 & !F0 & !Q01 & !Q02 & !Q03 & !Q12
         # !D12 & !F2 & !Q00 & !Q01 & !Q03 & !Q12
         # !D12 & !F0 & !F2 & !Q01 & !Q03 & !Q12
         # !F3 & !Q00 & !Q01 & !Q02 & !Q12
         # !F0 & !F3 & !Q01 & !Q02 & !Q12;

-- Node name is '|ctr11:12|ctr1:9|~30~5' 
-- Equation name is '_N066', type is buried 
-- synthesized logic cell 
_N066    = LCELL( _EQ109 $  GND);
  _EQ109 = !F2 & !F3 & !Q00 & !Q01 & !Q12
         # !F0 & !F2 & !F3 & !Q01 & !Q12
         # !D12 & !F2 & !Q02 & !Q03 & !Q12
         # !F1 & !Q01 & !Q02 & !Q12
         # !F1 & !Q00 & !Q02 & !Q12;

-- Node name is '|ctr11:12|ctr1:9|~30~6' 
-- Equation name is '_N067', type is buried 
-- synthesized logic cell 
_N067    = LCELL( _EQ110 $  GND);
  _EQ110 = !F0 & !F1 & !Q02 & !Q12
         # !F1 & !F2 & !Q01 & !Q12
         # !F1 & !F2 & !Q00 & !Q12
         # !F0 & !F1 & !F2 & !Q12
         # !F2 & !F3 & !Q02 & !Q12;

-- Node name is '|ctr11:12|ctr1:9|~30~7' 
-- Equation name is '_N068', type is buried 
-- synthesized logic cell 
_N068    = LCELL( _EQ111 $  GND);
  _EQ111 = !F1 &  F3 & !Q12
         # !F3 & !Q03 & !Q12
         # !F3 & !Q11 & !Q12
         # !F3 & !Q10 & !Q12
         # !F3 & !Q09 & !Q12;

-- Node name is '|ctr11:12|ctr1:9|~30~8' 
-- Equation name is '_N082', type is buried 
-- synthesized logic cell 
_N082    = LCELL( _EQ112 $  GND);
  _EQ112 = !F3 & !Q08 & !Q12
         # !F3 & !Q07 & !Q12
         # !F3 & !Q06 & !Q12
         # !F3 & !Q05 & !Q12
         # !F3 & !Q04 & !Q12;

-- Node name is '|ctr11:12|ctr1:9|~30~9' 
-- Equation name is '_N095', type is buried 
-- synthesized logic cell 
_N095    = LCELL( _EQ113 $  GND);
  _EQ113 = !D12 & !Q11 & !Q12
         # !D12 & !Q10 & !Q12
         # !D12 & !Q09 & !Q12
         # !D12 & !Q08 & !Q12
         # !D12 & !Q07 & !Q12;

-- Node name is '|ctr11:12|ctr1:9|~30~10' 
-- Equation name is '_N110', type is buried 
-- synthesized logic cell 
_N110    = LCELL( _EQ114 $  GND);
  _EQ114 = !D12 & !Q06 & !Q12
         # !D12 & !Q05 & !Q12
         # !D12 & !Q04 & !Q12;

-- Node name is '|ctr11:12|ctr1:10|~30~1' 
-- Equation name is '_N069', type is buried 
-- synthesized logic cell 
_N069    = LCELL( _EQ115 $  GND);
  _EQ115 =  F0 &  F1 &  F2 & !F3 &  Q00 &  Q03 &  Q04 &  Q05 &  Q06 &  Q07 & 
              Q08 &  Q09 &  Q10 &  Q11 &  Q12 &  Q13
         # !D13 &  F0 &  F1 &  F3 &  Q00 &  Q02 &  Q04 &  Q05 &  Q06 &  Q07 & 
              Q08 &  Q09 &  Q10 &  Q11 &  Q12 &  Q13
         # !D13 &  F0 &  F1 &  F2 &  F3 &  Q00 &  Q04 &  Q05 &  Q06 &  Q07 & 
              Q08 &  Q09 &  Q10 &  Q11 &  Q12 &  Q13
         #  F0 & !F1 &  F3 &  Q00 &  Q01 &  Q02 &  Q04 &  Q05 &  Q06 &  Q07 & 
              Q08 &  Q09 &  Q10 &  Q11 &  Q12
         #  F0 & !F1 &  F2 &  F3 &  Q00 &  Q01 &  Q04 &  Q05 &  Q06 &  Q07 & 
              Q08 &  Q09 &  Q10 &  Q11 &  Q12;

-- Node name is '|ctr11:12|ctr1:10|~30~2' 
-- Equation name is '_N070', type is buried 
-- synthesized logic cell 
_N070    = LCELL( _EQ116 $  GND);
  _EQ116 =  F1 & !F3 &  Q01 &  Q02 &  Q03 &  Q04 &  Q05 &  Q06 &  Q07 &  Q08 & 
              Q09 &  Q10 &  Q11 &  Q12 &  Q13
         #  F1 &  F2 & !F3 &  Q01 &  Q03 &  Q04 &  Q05 &  Q06 &  Q07 &  Q08 & 
              Q09 &  Q10 &  Q11 &  Q12 &  Q13
         # !D13 &  F1 &  F3 &  Q01 &  Q02 &  Q04 &  Q05 &  Q06 &  Q07 &  Q08 & 
              Q09 &  Q10 &  Q11 &  Q12 &  Q13
         # !D13 &  F1 &  F2 &  F3 &  Q01 &  Q04 &  Q05 &  Q06 &  Q07 &  Q08 & 
              Q09 &  Q10 &  Q11 &  Q12 &  Q13
         #  F2 & !F3 &  Q02 &  Q03 &  Q04 &  Q05 &  Q06 &  Q07 &  Q08 &  Q09 & 
              Q10 &  Q11 &  Q12 &  Q13;

-- Node name is '|ctr11:12|ctr1:10|~30~3' 
-- Equation name is '_N071', type is buried 
-- synthesized logic cell 
_N071    = LCELL( _EQ117 $  GND);
  _EQ117 = !D13 &  F2 &  F3 &  Q02 &  Q04 &  Q05 &  Q06 &  Q07 &  Q08 &  Q09 & 
              Q10 &  Q11 &  Q12 &  Q13
         # !F1 &  F2 &  F3 &  Q02 &  Q04 &  Q05 &  Q06 &  Q07 &  Q08 &  Q09 & 
              Q10 &  Q11 &  Q12
         # !D13 &  F3 &  Q03 &  Q04 &  Q05 &  Q06 &  Q07 &  Q08 &  Q09 &  Q10 & 
              Q11 &  Q12 &  Q13
         # !F1 &  F3 &  Q03 &  Q04 &  Q05 &  Q06 &  Q07 &  Q08 &  Q09 &  Q10 & 
              Q11 &  Q12
         # !D13 & !Q00 & !Q01 & !Q02 & !Q03 & !Q13;

-- Node name is '|ctr11:12|ctr1:10|~30~4' 
-- Equation name is '_N072', type is buried 
-- synthesized logic cell 
_N072    = LCELL( _EQ118 $  GND);
  _EQ118 = !D13 & !F0 & !Q01 & !Q02 & !Q03 & !Q13
         # !D13 & !F2 & !Q00 & !Q01 & !Q03 & !Q13
         # !D13 & !F0 & !F2 & !Q01 & !Q03 & !Q13
         # !F3 & !Q00 & !Q01 & !Q02 & !Q13
         # !F0 & !F3 & !Q01 & !Q02 & !Q13;

-- Node name is '|ctr11:12|ctr1:10|~30~5' 
-- Equation name is '_N073', type is buried 
-- synthesized logic cell 
_N073    = LCELL( _EQ119 $  GND);
  _EQ119 = !F2 & !F3 & !Q00 & !Q01 & !Q13
         # !F0 & !F2 & !F3 & !Q01 & !Q13
         # !D13 & !F2 & !Q02 & !Q03 & !Q13
         # !F1 & !Q01 & !Q02 & !Q13
         # !F1 & !Q00 & !Q02 & !Q13;

-- Node name is '|ctr11:12|ctr1:10|~30~6' 
-- Equation name is '_N074', type is buried 
-- synthesized logic cell 
_N074    = LCELL( _EQ120 $  GND);
  _EQ120 = !F0 & !F1 & !Q02 & !Q13
         # !F1 & !F2 & !Q01 & !Q13
         # !F1 & !F2 & !Q00 & !Q13
         # !F0 & !F1 & !F2 & !Q13
         # !F2 & !F3 & !Q02 & !Q13;

-- Node name is '|ctr11:12|ctr1:10|~30~7' 
-- Equation name is '_N075', type is buried 
-- synthesized logic cell 
_N075    = LCELL( _EQ121 $  GND);
  _EQ121 = !F1 &  F3 & !Q13
         # !F3 & !Q03 & !Q13
         # !F3 & !Q12 & !Q13
         # !F3 & !Q11 & !Q13
         # !F3 & !Q10 & !Q13;

-- Node name is '|ctr11:12|ctr1:10|~30~8' 
-- Equation name is '_N076', type is buried 
-- synthesized logic cell 
_N076    = LCELL( _EQ122 $  GND);
  _EQ122 = !F3 & !Q09 & !Q13
         # !F3 & !Q08 & !Q13
         # !F3 & !Q07 & !Q13
         # !F3 & !Q06 & !Q13
         # !F3 & !Q05 & !Q13;

-- Node name is '|ctr11:12|ctr1:10|~30~9' 
-- Equation name is '_N089', type is buried 
-- synthesized logic cell 
_N089    = LCELL( _EQ123 $  GND);
  _EQ123 = !F3 & !Q04 & !Q13
         # !D13 & !Q12 & !Q13
         # !D13 & !Q11 & !Q13
         # !D13 & !Q10 & !Q13
         # !D13 & !Q09 & !Q13;

-- Node name is '|ctr11:12|ctr1:10|~30~10' 
-- Equation name is '_N102', type is buried 
-- synthesized logic cell 
_N102    = LCELL( _EQ124 $  GND);
  _EQ124 = !D13 & !Q08 & !Q13
         # !D13 & !Q07 & !Q13
         # !D13 & !Q06 & !Q13
         # !D13 & !Q05 & !Q13
         # !D13 & !Q04 & !Q13;

-- Node name is '|ctr11:12|ctr1:11|~30~1' 
-- Equation name is '_N077', type is buried 
-- synthesized logic cell 
_N077    = LCELL( _EQ125 $  GND);
  _EQ125 =  F0 &  F1 &  F2 & !F3 &  Q00 &  Q03 &  Q04 &  Q14
         # !D14 &  F0 &  F1 &  F3 &  Q00 &  Q02 &  Q04 &  Q14
         # !D14 &  F0 &  F1 &  F2 &  F3 &  Q00 &  Q04 &  Q14
         #  F1 & !F3 &  Q01 &  Q02 &  Q03 &  Q04 &  Q14
         #  F1 &  F2 & !F3 &  Q01 &  Q03 &  Q04 &  Q14;

-- Node name is '|ctr11:12|ctr1:11|~30~2' 
-- Equation name is '_N078', type is buried 
-- synthesized logic cell 
_N078    = LCELL( _EQ126 $  GND);
  _EQ126 = !D14 &  F1 &  F3 &  Q01 &  Q02 &  Q04 &  Q14
         # !D14 &  F1 &  F2 &  F3 &  Q01 &  Q04 &  Q14
         #  F2 & !F3 &  Q02 &  Q03 &  Q04 &  Q14
         # !D14 &  F2 &  F3 &  Q02 &  Q04 &  Q14
         # !D14 & !Q00 & !Q01 & !Q02 & !Q03 & !Q14;

-- Node name is '|ctr11:12|ctr1:11|~30~3' 
-- Equation name is '_N079', type is buried 
-- synthesized logic cell 
_N079    = LCELL( _EQ127 $  GND);
  _EQ127 = !D14 & !F0 & !Q01 & !Q02 & !Q03 & !Q14
         # !D14 & !F2 & !Q00 & !Q01 & !Q03 & !Q14
         # !D14 & !F0 & !F2 & !Q01 & !Q03 & !Q14
         # !D14 &  F3 &  Q03 &  Q04 &  Q14
         # !F3 & !Q00 & !Q01 & !Q02 & !Q14;

-- Node name is '|ctr11:12|ctr1:11|~30~4' 
-- Equation name is '_N080', type is buried 
-- synthesized logic cell 
_N080    = LCELL( _EQ128 $  GND);
  _EQ128 = !F0 & !F3 & !Q01 & !Q02 & !Q14
         # !F2 & !F3 & !Q00 & !Q01 & !Q14
         # !F0 & !F2 & !F3 & !Q01 & !Q14
         # !D14 & !F2 & !Q02 & !Q03 & !Q14
         # !F1 & !Q01 & !Q02 & !Q14;

-- Node name is '|ctr11:12|ctr1:11|~30~5' 
-- Equation name is '_N091', type is buried 
-- synthesized logic cell 
_N091    = LCELL( _EQ129 $  GND);
  _EQ129 = !F1 & !Q00 & !Q02 & !Q14
         # !F0 & !F1 & !Q02 & !Q14
         # !F1 & !F2 & !Q01 & !Q14
         # !F1 & !F2 & !Q00 & !Q14
         # !F0 & !F1 & !F2 & !Q14;

-- Node name is '|ctr11:12|ctr1:11|~30~6' 
-- Equation name is '_N104', type is buried 
-- synthesized logic cell 
_N104    = LCELL( _EQ130 $  GND);
  _EQ130 = !F2 & !F3 & !Q02 & !Q14
         # !F1 &  F3 & !Q14
         # !F3 & !Q03 & !Q14
         # !F3 & !Q04 & !Q14
         # !D14 & !Q04 & !Q14;

-- Node name is '|ctr11:12|ctr1:11|~30~7' 
-- Equation name is '_N107', type is buried 
-- synthesized logic cell 
_N107    = LCELL( _EQ131 $  GND);
  _EQ131 =  F0 & !F1 &  F3 &  Q00 &  Q01 &  Q02 &  Q04
         #  F0 & !F1 &  F2 &  F3 &  Q00 &  Q01 &  Q04
         # !F1 &  F2 &  F3 &  Q02 &  Q04
         # !F1 &  F3 &  Q03 &  Q04;

-- Node name is '|rg4:5|rg1:20|~16~1' 
-- Equation name is '_N109', type is buried 
-- synthesized logic cell 
_N109    = LCELL( _EQ132 $  GND);
  _EQ132 =  F1 & !F3 & !Q00 &  Q01
         # !D01 &  F1 &  F3
         # !F0 & !F1 & !Q01
         # !F1 & !Q00 & !Q01;

-- Node name is '|rg4:5|rg1:21|~16~1' 
-- Equation name is '_N093', type is buried 
-- synthesized logic cell 
_N093    = LCELL( _EQ133 $  GND);
  _EQ133 =  F0 &  F1 & !F3 &  Q00 & !Q02
         #  F0 & !F1 &  Q00 &  Q01 & !Q02
         #  D02 &  F1 & !F2 &  F3
         # !D02 &  F1 &  F2 &  F3
         #  F1 & !F3 &  Q01 & !Q02;

-- Node name is '|rg4:5|rg1:21|~16~2' 
-- Equation name is '_N106', type is buried 
-- synthesized logic cell 
_N106    = LCELL( _EQ134 $  GND);
  _EQ134 = !F0 & !F3 & !Q01 &  Q02
         # !F3 & !Q00 & !Q01 &  Q02
         # !F1 & !Q01 &  Q02
         # !F0 & !F1 &  Q02
         # !F1 & !Q00 &  Q02;

-- Node name is '|rg4:5|rg1:22|~16~1' 
-- Equation name is '_N017', type is buried 
-- synthesized logic cell 
_N017    = LCELL( _EQ135 $  GND);
  _EQ135 =  F0 & !F1 &  F2 &  F3 &  Q00 &  Q01 & !Q03
         #  F0 & !F1 &  F3 &  Q00 &  Q01 &  Q02 & !Q03
         #  F0 & !F3 &  Q00 &  Q01 &  Q02 & !Q03
         #  F0 &  F1 & !F3 &  Q00 &  Q02 & !Q03
         #  F0 &  F2 & !F3 &  Q00 &  Q01 & !Q03;

-- Node name is '|rg4:5|rg1:22|~16~2' 
-- Equation name is '_N018', type is buried 
-- synthesized logic cell 
_N018    = LCELL( _EQ136 $  GND);
  _EQ136 =  F0 &  F1 &  F2 & !F3 &  Q00 & !Q03
         #  F1 & !F3 &  Q01 &  Q02 & !Q03
         #  F1 &  F2 & !F3 &  Q01 & !Q03
         # !F1 &  F2 &  F3 &  Q02 & !Q03
         # !F1 & !F2 &  F3 & !Q02 &  Q03;

-- Node name is '|rg4:5|rg1:22|~16~3' 
-- Equation name is '_N084', type is buried 
-- synthesized logic cell 
_N084    = LCELL( _EQ137 $  GND);
  _EQ137 = !F3 & !Q00 & !Q01 & !Q02 &  Q03
         # !F0 & !F3 & !Q01 & !Q02 &  Q03
         # !F2 & !F3 & !Q00 & !Q01 &  Q03
         # !F0 & !F2 & !F3 & !Q01 &  Q03
         #  F2 & !F3 &  Q02 & !Q03;

-- Node name is '|rg4:5|rg1:22|~16~4' 
-- Equation name is '_N097', type is buried 
-- synthesized logic cell 
_N097    = LCELL( _EQ138 $  GND);
  _EQ138 = !F2 & !F3 & !Q02 &  Q03
         # !F1 & !F2 & !Q01 &  Q03
         # !F1 & !Q01 & !Q02 &  Q03
         # !F0 & !F1 & !F2 &  Q03
         # !F1 & !F2 & !Q00 &  Q03;

-- Node name is '|rg4:5|rg1:22|~16~5' 
-- Equation name is '_N112', type is buried 
-- synthesized logic cell 
_N112    = LCELL( _EQ139 $  GND);
  _EQ139 = !F0 & !F1 & !Q02 &  Q03
         # !F1 & !Q00 & !Q02 &  Q03
         # !D03 &  F1 &  F3;



--     Shareable expanders that are duplicated in multiple LABs:
--     (none)




Project Informatione:\documents\science\computer_circuity\labs\mylabs\lab1\ictr\ictr.rpt

** COMPILATION SETTINGS & TIMES **

Processing Menu Commands
------------------------

Design Doctor                             = off

Logic Synthesis:

   Synthesis Type Used                    = Standard

   Default Synthesis Style                = NORMAL

      Logic option settings in 'NORMAL' style for 'MAX7000' family

      DECOMPOSE_GATES                     = on
      DUPLICATE_LOGIC_EXTRACTION          = on
      MINIMIZATION                        = full
      MULTI_LEVEL_FACTORING               = on
      NOT_GATE_PUSH_BACK                  = on
      PARALLEL_EXPANDERS                  = off
      REDUCE_LOGIC                        = on
      REFACTORIZATION                     = on
      REGISTER_OPTIMIZATION               = on
      RESYNTHESIZE_NETWORK                = on
      SLOW_SLEW_RATE                      = off
      SOFT_BUFFER_INSERTION               = on
      SUBFACTOR_EXTRACTION                = on
      TURBO_BIT                           = on
      XOR_SYNTHESIS                       = on
      IGNORE_SOFT_BUFFERS                 = off
      USE_LPM_FOR_AHDL_OPERATORS          = off

   Other logic synthesis settings:

      Automatic Global Clock              = on
      Automatic Global Clear              = on
      Automatic Global Preset             = on
      Automatic Global Output Enable      = on
      Automatic Fast I/O                  = off
      Automatic Register Packing          = off
      Automatic Open-Drain Pins           = on
      Automatic Implement in EAB          = off
      One-Hot State Machine Encoding      = off
      Optimize                            = 5

Default Timing Specifications: None

Cut All Bidir Feedback Timing Paths       = on
Cut All Clear & Preset Timing Paths       = on

Ignore Timing Assignments                 = off

Functional SNF Extractor                  = off

Linked SNF Extractor                      = off
Timing SNF Extractor                      = on
Optimize Timing SNF                       = off
Generate AHDL TDO File                    = off
Fitter Settings                           = NORMAL
Smart Recompile                           = off
Total Recompile                           = off

Interfaces Menu Commands
------------------------

EDIF Netlist Writer                       = off
Verilog Netlist Writer                    = off
VHDL Netlist Writer                       = off

Compilation Times
-----------------

   Compiler Netlist Extractor             00:00:00
   Database Builder                       00:00:00
   Logic Synthesizer                      00:00:00
   Partitioner                            00:00:01
   Fitter                                 00:00:01
   --------------------------             --------
   Total Time                             00:00:02


Memory Allocated
-----------------

Peak memory allocated during compilation  = 3,348K
