Построение начато 01.10.2014 17:01:52.
     1>Проект "C:\Users\Vova\Study data\СП\spLb1\spLb1\spLb1.vcxproj" в узле 2 (целевые объекты build).
     1>InitializeBuildStatus:
         Создание ".\Release\spLb1.unsuccessfulbuild", так как было задано "AlwaysCreate".
       ClCompile:
         C:\Program Files (x86)\Microsoft Visual Studio 10.0\VC\bin\CL.exe /c /Zi /nologo /W3 /WX- /O2 /Ob1 /Oy- /D WIN32 /D NDEBUG /D _CONSOLE /D _VC80_UPGRADE=0x0600 /D _MBCS /GF /Gm- /EHsc /MT /GS /Gy /fp:precise /Zc:wchar_t /Zc:forScope /Yc"stdafx.h" /Fp".\Release\spLb1.pch" /Fo".\Release\\" /Fd".\Release\vc100.pdb" /Gd /TP /analyze- /errorReport:prompt StdAfx.cpp
         StdAfx.cpp
         C:\Program Files (x86)\Microsoft Visual Studio 10.0\VC\bin\CL.exe /c /Zi /nologo /W3 /WX- /O2 /Ob1 /Oy- /D WIN32 /D NDEBUG /D _CONSOLE /D _VC80_UPGRADE=0x0600 /D _MBCS /GF /Gm- /EHsc /MT /GS /Gy /fp:precise /Zc:wchar_t /Zc:forScope /Yu"stdafx.h" /Fp".\Release\spLb1.pch" /Fo".\Release\\" /Fd".\Release\vc100.pdb" /Gd /TP /analyze- /errorReport:prompt spLb1.cpp tables.cpp vistab.cpp
         spLb1.cpp
     1>spLb1.cpp(12): warning C4244: инициализация: преобразование "double" в "char", возможна потеря данных
     1>spLb1.cpp(17): warning C4244: инициализация: преобразование "double" в "char", возможна потеря данных
     1>spLb1.cpp(47): warning C4244: =: преобразование "double" в "long", возможна потеря данных
         tables.cpp
         vistab.cpp
         Создание кода...
       Link:
         C:\Program Files (x86)\Microsoft Visual Studio 10.0\VC\bin\link.exe /ERRORREPORT:PROMPT /OUT:".\Release\spLb1.exe" /INCREMENTAL:NO /NOLOGO odbc32.lib odbccp32.lib kernel32.lib user32.lib gdi32.lib winspool.lib comdlg32.lib advapi32.lib shell32.lib ole32.lib oleaut32.lib uuid.lib odbc32.lib odbccp32.lib /MANIFEST /ManifestFile:".\Release\spLb1.exe.intermediate.manifest" /MANIFESTUAC:"level='asInvoker' uiAccess='false'" /PDB:"C:\Users\Vova\Study data\СП\spLb1\spLb1\Release\spLb1.pdb" /SUBSYSTEM:CONSOLE /TLBID:1 /DYNAMICBASE /NXCOMPAT /IMPLIB:".\Release\spLb1.lib" /MACHINE:X86 .\Release\spLb1.obj
         .\Release\StdAfx.obj
         .\Release\tables.obj
         .\Release\vistab.obj
         spLb1.vcxproj -> C:\Users\Vova\Study data\СП\spLb1\spLb1\.\Release\spLb1.exe
       Manifest:
         C:\Program Files (x86)\Microsoft SDKs\Windows\v7.0A\bin\mt.exe /nologo /verbose /outputresource:".\Release\spLb1.exe;#1" /manifest .\Release\spLb1.exe.intermediate.manifest
       FinalizeBuildStatus:
         Файл ".\Release\spLb1.unsuccessfulbuild" удаляется.
         Обращение к ".\Release\spLb1.lastbuildstate".
     1>Построение проекта "C:\Users\Vova\Study data\СП\spLb1\spLb1\spLb1.vcxproj" завершено (целевые объекты build).

Построение успешно завершено.

Затраченное время: 00:00:01.11
