.\Debug\spLb2.pdb
D:\EDUCATION\5\SP\SPLB1\SPLB1\SPLB2\DEBUG\DYNTAB.OBJ
D:\EDUCATION\5\SP\SPLB1\SPLB1\SPLB2\DEBUG\INDEX.OBJ
D:\EDUCATION\5\SP\SPLB1\SPLB1\SPLB2\DEBUG\SPLB2.EXE
D:\EDUCATION\5\SP\SPLB1\SPLB1\SPLB2\DEBUG\SPLB2.EXE.EMBED.MANIFEST.RES
D:\EDUCATION\5\SP\SPLB1\SPLB1\SPLB2\DEBUG\SPLB2.EXE.INTERMEDIATE.MANIFEST
D:\EDUCATION\5\SP\SPLB1\SPLB1\SPLB2\DEBUG\SPLB2.OBJ
D:\EDUCATION\5\SP\SPLB1\SPLB1\SPLB2\DEBUG\SPLB2.PCH
D:\EDUCATION\5\SP\SPLB1\SPLB1\SPLB2\DEBUG\SPLB2.PDB
D:\EDUCATION\5\SP\SPLB1\SPLB1\SPLB2\DEBUG\STDAFX.OBJ
D:\EDUCATION\5\SP\SPLB1\SPLB1\SPLB2\DEBUG\TABLES.OBJ
D:\EDUCATION\5\SP\SPLB1\SPLB1\SPLB2\DEBUG\VC100.PDB
D:\EDUCATION\5\SP\SPLB1\SPLB1\SPLB2\DEBUG\VISTAB.OBJ
D:\EDUCATION\5\SP\SPLB1\SPLB1\SPLB2\DEBUG\VISTBX.OBJ
D:\PAPST\PROGR536\SP2007\IO66\SPLB1\SPLB1\SPLB2\DEBUG\DYNTAB.OBJ
D:\PAPST\PROGR536\SP2007\IO66\SPLB1\SPLB1\SPLB2\DEBUG\INDEX.OBJ
D:\PAPST\PROGR536\SP2007\IO66\SPLB1\SPLB1\SPLB2\DEBUG\SPLB2.EXE
D:\PAPST\PROGR536\SP2007\IO66\SPLB1\SPLB1\SPLB2\DEBUG\SPLB2.EXE.EMBED.MANIFEST
D:\PAPST\PROGR536\SP2007\IO66\SPLB1\SPLB1\SPLB2\DEBUG\SPLB2.EXE.EMBED.MANIFEST.RES
D:\PAPST\PROGR536\SP2007\IO66\SPLB1\SPLB1\SPLB2\DEBUG\SPLB2.EXE.INTERMEDIATE.MANIFEST
D:\PAPST\PROGR536\SP2007\IO66\SPLB1\SPLB1\SPLB2\DEBUG\SPLB2.ILK
D:\PAPST\PROGR536\SP2007\IO66\SPLB1\SPLB1\SPLB2\DEBUG\SPLB2.OBJ
D:\PAPST\PROGR536\SP2007\IO66\SPLB1\SPLB1\SPLB2\DEBUG\SPLB2.PCH
D:\PAPST\PROGR536\SP2007\IO66\SPLB1\SPLB1\SPLB2\DEBUG\SPLB2.PDB
D:\PAPST\PROGR536\SP2007\IO66\SPLB1\SPLB1\SPLB2\DEBUG\STDAFX.OBJ
D:\PAPST\PROGR536\SP2007\IO66\SPLB1\SPLB1\SPLB2\DEBUG\TABLES.OBJ
D:\PAPST\PROGR536\SP2007\IO66\SPLB1\SPLB1\SPLB2\DEBUG\VC100.PDB
D:\PAPST\PROGR536\SP2007\IO66\SPLB1\SPLB1\SPLB2\DEBUG\VISTAB.OBJ
D:\PAPST\PROGR536\SP2007\IO66\SPLB1\SPLB1\SPLB2\DEBUG\VISTBX.OBJ
E:\Education\5\SP\spLb1\spLb1\spLb2\.\Debug\spLb2.exe.intermediate.manifest
E:\Education\5\SP\spLb1\spLb1\spLb2\Debug\cl.command.1.tlog
E:\Education\5\SP\spLb1\spLb1\spLb2\Debug\CL.read.1.tlog
E:\Education\5\SP\spLb1\spLb1\spLb2\Debug\CL.write.1.tlog
E:\Education\5\SP\spLb1\spLb1\spLb2\Debug\dyntab.obj
E:\Education\5\SP\spLb1\spLb1\spLb2\Debug\index.obj
E:\Education\5\SP\spLb1\spLb1\spLb2\Debug\link.command.1.tlog
E:\Education\5\SP\spLb1\spLb1\spLb2\Debug\link.read.1.tlog
E:\Education\5\SP\spLb1\spLb1\spLb2\Debug\link.write.1.tlog
E:\Education\5\SP\spLb1\spLb1\spLb2\Debug\link-cvtres.read.1.tlog
E:\Education\5\SP\spLb1\spLb1\spLb2\Debug\link-cvtres.write.1.tlog
E:\Education\5\SP\spLb1\spLb1\spLb2\Debug\mt.command.1.tlog
E:\Education\5\SP\spLb1\spLb1\spLb2\Debug\mt.read.1.tlog
E:\Education\5\SP\spLb1\spLb1\spLb2\Debug\mt.write.1.tlog
E:\Education\5\SP\spLb1\spLb1\spLb2\Debug\rc.command.1.tlog
E:\Education\5\SP\spLb1\spLb1\spLb2\Debug\rc.read.1.tlog
E:\Education\5\SP\spLb1\spLb1\spLb2\Debug\rc.write.1.tlog
E:\Education\5\SP\spLb1\spLb1\spLb2\Debug\spLb2.exe.embed.manifest
E:\Education\5\SP\spLb1\spLb1\spLb2\Debug\spLb2.exe.embed.manifest.res
E:\Education\5\SP\spLb1\spLb1\spLb2\Debug\spLb2.exe.intermediate.manifest
E:\Education\5\SP\spLb1\spLb1\spLb2\Debug\spLb2.obj
E:\Education\5\SP\spLb1\spLb1\spLb2\Debug\spLb2.pch
E:\Education\5\SP\spLb1\spLb1\spLb2\Debug\spLb2.pdb
E:\Education\5\SP\spLb1\spLb1\spLb2\Debug\spLb2.write.1.tlog
E:\Education\5\SP\spLb1\spLb1\spLb2\Debug\spLb2_manifest.rc
E:\Education\5\SP\spLb1\spLb1\spLb2\Debug\StdAfx.obj
E:\Education\5\SP\spLb1\spLb1\spLb2\Debug\tables.obj
E:\Education\5\SP\spLb1\spLb1\spLb2\Debug\vc100.idb
E:\Education\5\SP\spLb1\spLb1\spLb2\Debug\vc100.pdb
E:\Education\5\SP\spLb1\spLb1\spLb2\Debug\vistab.obj
E:\Education\5\SP\spLb1\spLb1\spLb2\Debug\vistbx.obj
