Построение начато 10/29/2014 6:14:48 PM.
     1>Проект "E:\Education\5\SP\spLb1\spLb1\spLb2\spLb2.vcxproj" в узле 2 (целевые объекты rebuild).
     1>_PrepareForClean:
         Файл ".\Debug\spLb2.lastbuildstate" удаляется.
       InitializeBuildStatus:
         Создание ".\Debug\spLb2.unsuccessfulbuild", так как было задано "AlwaysCreate".
       ClCompile:
         C:\Program Files (x86)\Microsoft Visual Studio 10.0\VC\bin\CL.exe /c /ZI /nologo /W3 /WX- /Od /Oy- /D WIN32 /D _DEBUG /D _CONSOLE /D _VC80_UPGRADE=0x0600 /D _MBCS /Gm /EHsc /RTC1 /MTd /GS /Gy- /fp:precise /Zc:wchar_t /Zc:forScope /Yc"stdafx.h" /Fp".\Debug\spLb2.pch" /Fo".\Debug\\" /Fd".\Debug\vc100.pdb" /Gd /TP /analyze- /errorReport:prompt StdAfx.cpp
         StdAfx.cpp
         C:\Program Files (x86)\Microsoft Visual Studio 10.0\VC\bin\CL.exe /c /ZI /nologo /W3 /WX- /Od /Oy- /D WIN32 /D _DEBUG /D _CONSOLE /D _VC80_UPGRADE=0x0600 /D _MBCS /Gm /EHsc /RTC1 /MTd /GS /Gy- /fp:precise /Zc:wchar_t /Zc:forScope /Yu"stdafx.h" /Fp".\Debug\spLb2.pch" /Fo".\Debug\\" /Fd".\Debug\vc100.pdb" /Gd /TP /analyze- /errorReport:prompt dyntab.cpp index.cpp spLb2.cpp ..\tables.cpp ..\vistab.cpp vistbx.cpp
         vistbx.cpp
         vistab.cpp
         tables.cpp
         spLb2.cpp
     1>e:\education\5\sp\splb1\splb1\splb2\splb2.cpp(10): warning C4244: инициализация: преобразование "double" в "char", возможна потеря данных
     1>e:\education\5\sp\splb1\splb1\splb2\splb2.cpp(11): warning C4244: инициализация: преобразование "double" в "char", возможна потеря данных
     1>e:\education\5\sp\splb1\splb1\splb2\splb2.cpp(12): warning C4244: инициализация: преобразование "double" в "char", возможна потеря данных
     1>e:\education\5\sp\splb1\splb1\splb2\splb2.cpp(13): warning C4244: инициализация: преобразование "double" в "char", возможна потеря данных
     1>e:\education\5\sp\splb1\splb1\splb2\splb2.cpp(14): warning C4244: инициализация: преобразование "double" в "char", возможна потеря данных
     1>e:\education\5\sp\splb1\splb1\splb2\splb2.cpp(15): warning C4244: инициализация: преобразование "double" в "char", возможна потеря данных
     1>e:\education\5\sp\splb1\splb1\splb2\splb2.cpp(16): warning C4244: инициализация: преобразование "double" в "char", возможна потеря данных
         index.cpp
         dyntab.cpp
         Создание кода...
       Link:
         C:\Program Files (x86)\Microsoft Visual Studio 10.0\VC\bin\link.exe /ERRORREPORT:PROMPT /OUT:".\Debug\spLb2.exe" /INCREMENTAL:NO /NOLOGO odbc32.lib odbccp32.lib kernel32.lib user32.lib gdi32.lib winspool.lib comdlg32.lib advapi32.lib shell32.lib ole32.lib oleaut32.lib uuid.lib odbc32.lib odbccp32.lib /MANIFEST /ManifestFile:".\Debug\spLb2.exe.intermediate.manifest" /MANIFESTUAC:"level='asInvoker' uiAccess='false'" /DEBUG /PDB:"E:\Education\5\SP\spLb1\spLb1\spLb2\Debug\spLb2.pdb" /SUBSYSTEM:CONSOLE /TLBID:1 /DYNAMICBASE /NXCOMPAT /IMPLIB:".\Debug\spLb2.lib" /MACHINE:X86 .\Debug\dyntab.obj
         .\Debug\index.obj
         .\Debug\spLb2.obj
         .\Debug\StdAfx.obj
         .\Debug\tables.obj
         .\Debug\vistab.obj
         .\Debug\vistbx.obj
     1>dyntab.obj : warning LNK4075: не учитывается "/EDITANDCONTINUE" из-за спецификации "/INCREMENTAL:NO"
         spLb2.vcxproj -> E:\Education\5\SP\spLb1\spLb1\spLb2\.\Debug\spLb2.exe
       Manifest:
         C:\Program Files (x86)\Microsoft SDKs\Windows\v7.0A\bin\mt.exe /nologo /verbose /outputresource:".\Debug\spLb2.exe;#1" /manifest .\Debug\spLb2.exe.intermediate.manifest
       FinalizeBuildStatus:
         Файл ".\Debug\spLb2.unsuccessfulbuild" удаляется.
         Обращение к ".\Debug\spLb2.lastbuildstate".
     1>Построение проекта "E:\Education\5\SP\spLb1\spLb1\spLb2\spLb2.vcxproj" завершено (целевые объекты rebuild).

Построение успешно завершено.

Затраченное время: 00:00:04.72
