Project Informatione:\documents\science\computer_circuity\labs\mylabs\lab2\lsm\lsmi.rpt

MAX+plus II Compiler Report File
Version 10.1 06/12/2001
Compiled: 10/14/2012 14:05:31

Copyright (C) 1988-2001 Altera Corporation
Any megafunction design, and related net list (encrypted or decrypted),
support information, device programming or simulation file, and any other
associated documentation or information provided by Altera or a partner
under Altera's Megafunction Partnership Program may be used only to
program PLD devices (but not masked PLD devices) from Altera.  Any other
use of such megafunction design, net list, support information, device
programming or simulation file, or any other related documentation or
information is prohibited for any other purpose, including, but not
limited to modification, reverse engineering, de-compiling, or use with
any other silicon devices, unless such use is explicitly licensed under
a separate agreement with Altera or a megafunction partner.  Title to
the intellectual property, including patents, copyrights, trademarks,
trade secrets, or maskworks, embodied in any such megafunction design,
net list, support information, device programming or simulation file, or
any other related documentation or information provided by Altera or a
megafunction partner, remains with Altera, the megafunction partner, or
their respective licensors.  No other licenses, including any licenses
needed under any third party's intellectual property, are provided herein.



***** Project compilation was successful


Title: LSM1
Company: KPI
Designer: RED
Rev: A
Date:  2:00p 10-14-2012


** DEVICE SUMMARY **

Chip/                     Input   Output   Bidir         Shareable
POF       Device          Pins    Pins     Pins     LCs  Expanders  % Utilized

lsmi      EPM7032LC44-6    7        2        0      3       11          9  %

User Pins:                 7        2        0  



Project Informatione:\documents\science\computer_circuity\labs\mylabs\lab2\lsm\lsmi.rpt

** FILE HIERARCHY **



|sum_xor2:26|
|sum_xor2:26|inverter:15|
|sum_xor2:26|inverter:14|
|sum_xor2:26|inverter:13|
|c_i_plus_1:27|
|xi:38|
|xi:38|inverter:17|
|xi:38|inverter:18|
|xi:38|inverter:15|
|xi:38|inverter:16|
|xi:38|inverter:14|
|xi:38|inverter:13|
|xi:38|and5:31|
|xi:38|and5:29|
|yi:39|
|yi:39|inverter:7|
|yi:39|inverter:9|
|yi:39|inverter:8|


Device-Specific Information:e:\documents\science\computer_circuity\labs\mylabs\lab2\lsm\lsmi.rpt
lsmi

***** Logic for device 'lsmi' compiled without errors.




Device: EPM7032LC44-6

Device Options:
    Turbo Bit                                    = ON
    Security Bit                                 = OFF

                                              C  
                                              _  
                                              i  
                                              _  
                                              p  
                                              l  
                                              u  
                         V  G  G  G  G  G     s  
                P  Q  C  C  N  N  N  N  N  D  _  
                i  i  i  C  D  D  D  D  D  i  1  
              -----------------------------------_ 
            /   6  5  4  3  2  1 44 43 42 41 40   | 
        F3 |  7                                39 | RESERVED 
        F2 |  8                                38 | RESERVED 
        F1 |  9                                37 | RESERVED 
       GND | 10                                36 | RESERVED 
        F0 | 11                                35 | VCC 
  RESERVED | 12         EPM7032LC44-6          34 | RESERVED 
  RESERVED | 13                                33 | RESERVED 
  RESERVED | 14                                32 | RESERVED 
       VCC | 15                                31 | RESERVED 
  RESERVED | 16                                30 | GND 
  RESERVED | 17                                29 | RESERVED 
           |_  18 19 20 21 22 23 24 25 26 27 28  _| 
             ------------------------------------ 
                R  R  R  R  G  V  R  R  R  R  R  
                E  E  E  E  N  C  E  E  E  E  E  
                S  S  S  S  D  C  S  S  S  S  S  
                E  E  E  E        E  E  E  E  E  
                R  R  R  R        R  R  R  R  R  
                V  V  V  V        V  V  V  V  V  
                E  E  E  E        E  E  E  E  E  
                D  D  D  D        D  D  D  D  D  
                                                 
                                                 


N.C. = No Connect. This pin has no internal connection to the device.
VCC = Dedicated power pin, which MUST be connected to VCC.
GND = Dedicated ground pin or unused dedicated input, which MUST be connected to GND.
RESERVED = Unused I/O pin, which MUST be left unconnected.



Device-Specific Information:e:\documents\science\computer_circuity\labs\mylabs\lab2\lsm\lsmi.rpt
lsmi

** RESOURCE USAGE **

                                                Shareable     External
Logic Array Block     Logic Cells   I/O Pins    Expanders   Interconnect

A:     LC1 - LC16     0/16(  0%)   7/16( 43%)   0/16(  0%)   0/36(  0%) 
B:    LC17 - LC32     3/16( 18%)   2/16( 12%)  13/16( 81%)   8/36( 22%) 


Total dedicated input pins used:                 0/4      (  0%)
Total I/O pins used:                             9/32     ( 28%)
Total logic cells used:                          3/32     (  9%)
Total shareable expanders used:                 11/32     ( 34%)
Total Turbo logic cells used:                    3/32     (  9%)
Total shareable expanders not available (n/a):   2/32     (  6%)
Average fan-in:                                  7.33
Total fan-in:                                    22

Total input pins required:                       7
Total output pins required:                      2
Total bidirectional pins required:               0
Total logic cells required:                      3
Total flipflops required:                        0
Total product terms required:                   23
Total logic cells lending parallel expanders:    0
Total shareable expanders in database:          11

Synthesized logic cells:                         1/  32   (  3%)



Device-Specific Information:e:\documents\science\computer_circuity\labs\mylabs\lab2\lsm\lsmi.rpt
lsmi

** INPUTS **

                                         Shareable
                                         Expanders     Fan-In    Fan-Out
 Pin     LC  LAB  Primitive    Code   Total Shared n/a INP  FBK  OUT  FBK  Name
   4    (1)  (A)      INPUT               0      0   0    0    0    2    1  Ci
  11    (7)  (A)      INPUT               0      0   0    0    0    2    1  F0
   9    (6)  (A)      INPUT               0      0   0    0    0    2    1  F1
   8    (5)  (A)      INPUT               0      0   0    0    0    2    1  F2
   7    (4)  (A)      INPUT               0      0   0    0    0    2    1  F3
   6    (3)  (A)      INPUT               0      0   0    0    0    2    1  Pi
   5    (2)  (A)      INPUT               0      0   0    0    0    2    1  Qi


Code:

s = Synthesized pin or logic cell
t = Turbo logic cell
+ = Synchronous flipflop
! = NOT gate push-back
r = Fitter-inserted logic cell


Device-Specific Information:e:\documents\science\computer_circuity\labs\mylabs\lab2\lsm\lsmi.rpt
lsmi

** OUTPUTS **

                                         Shareable
                                         Expanders     Fan-In    Fan-Out
 Pin     LC  LAB  Primitive    Code   Total Shared n/a INP  FBK  OUT  FBK  Name
  40     18    B     OUTPUT      t        2      0   1    7    0    0    0  C_i_plus_1
  41     17    B     OUTPUT      t       10      0   0    7    1    0    0  Di


Code:

s = Synthesized pin or logic cell
t = Turbo logic cell
+ = Synchronous flipflop
! = NOT gate push-back
r = Fitter-inserted logic cell


Device-Specific Information:e:\documents\science\computer_circuity\labs\mylabs\lab2\lsm\lsmi.rpt
lsmi

** BURIED LOGIC **

                                         Shareable
                                         Expanders     Fan-In    Fan-Out
 Pin     LC  LAB  Primitive    Code   Total Shared n/a INP  FBK  OUT  FBK  Name
 (39)    19    B       SOFT    s t        1      0   1    7    0    1    0  |sum_xor2:26|Di~1 (|sum_xor2:26|~12~1)


Code:

s = Synthesized pin or logic cell
t = Turbo logic cell
+ = Synchronous flipflop
! = NOT gate push-back
r = Fitter-inserted logic cell


Device-Specific Information:e:\documents\science\computer_circuity\labs\mylabs\lab2\lsm\lsmi.rpt
lsmi

** LOGIC CELL INTERCONNECTIONS **

Logic Array Block 'B':

               Logic cells placed in LAB 'B'
        +----- LC18 C_i_plus_1
        | +--- LC17 Di
        | | +- LC19 |sum_xor2:26|Di~1
        | | | 
        | | |   Other LABs fed by signals
        | | |   that feed LAB 'B'
LC      | | | | A B |     Logic cells that feed LAB 'B':
LC19 -> - * - | - * | <-- |sum_xor2:26|Di~1

Pin
4    -> * * * | - * | <-- Ci
11   -> * * * | - * | <-- F0
9    -> * * * | - * | <-- F1
8    -> * * * | - * | <-- F2
7    -> * * * | - * | <-- F3
6    -> * * * | - * | <-- Pi
5    -> * * * | - * | <-- Qi


* = The logic cell or pin is an input to the logic cell (or LAB) through the PIA.
- = The logic cell or pin is not an input to the logic cell (or LAB).


Device-Specific Information:e:\documents\science\computer_circuity\labs\mylabs\lab2\lsm\lsmi.rpt
lsmi

** EQUATIONS **

Ci       : INPUT;
F0       : INPUT;
F1       : INPUT;
F2       : INPUT;
F3       : INPUT;
Pi       : INPUT;
Qi       : INPUT;

-- Node name is 'C_i_plus_1' 
-- Equation name is 'C_i_plus_1', location is LC018, type is output.
 C_i_plus_1 = LCELL( _EQ001 $  GND);
  _EQ001 = !F0 &  F1 &  F2 &  F3 &  Qi
         # !F0 & !F1 &  F2 &  Pi &  Qi
         #  F0 & !F1 &  F2 & !Qi &  _X001
         #  Ci & !F0 &  F2 &  Qi
         #  Ci &  F2 &  Pi;
  _X001  = EXP(!Ci & !Pi);

-- Node name is 'Di' 
-- Equation name is 'Di', location is LC017, type is output.
 Di      = LCELL( _EQ002 $ !Ci);
  _EQ002 = !_LC019 &  _X002 &  _X003 &  _X004 &  _X005 &  _X006 &  _X007 & 
              _X008 &  _X009 &  _X010 &  _X011;
  _X002  = EXP( F0 &  F1 &  Pi);
  _X003  = EXP( F0 &  F2 &  Pi &  Qi);
  _X004  = EXP(!F0 &  F1 & !F3 & !Pi &  Qi);
  _X005  = EXP( F0 & !F2 & !F3 & !Qi);
  _X006  = EXP(!F0 &  F2 &  Pi & !Qi);
  _X007  = EXP( F0 &  F1 & !F2 & !Qi);
  _X008  = EXP(!F0 &  F3 &  Pi & !Qi);
  _X009  = EXP( F0 & !F1 & !F2 & !F3 & !Pi);
  _X010  = EXP( F0 &  F3 &  Pi &  Qi);
  _X011  = EXP(!F1 & !F2 & !F3 & !Pi & !Qi);

-- Node name is '|sum_xor2:26|~12~1' = '|sum_xor2:26|Di~1' 
-- Equation name is '_LC019', type is buried 
-- synthesized logic cell 
_LC019   = LCELL( _EQ003 $  GND);
  _EQ003 = !Ci & !F0 &  F1 &  F2 & !F3 &  Qi
         #  Ci &  F1 &  F2 & !F3 &  Pi
         # !F0 &  F2 & !F3 & !Pi &  Qi
         # !F0 & !F1 &  F3 & !Pi &  Qi
         #  F0 & !F1 &  F2 & !Pi & !Qi;



--     Shareable expanders that are duplicated in multiple LABs:
--     (none)




Project Informatione:\documents\science\computer_circuity\labs\mylabs\lab2\lsm\lsmi.rpt

** COMPILATION SETTINGS & TIMES **

Processing Menu Commands
------------------------

Design Doctor                             = off

Logic Synthesis:

   Synthesis Type Used                    = Standard

   Default Synthesis Style                = NORMAL

      Logic option settings in 'NORMAL' style for 'MAX7000' family

      DECOMPOSE_GATES                     = on
      DUPLICATE_LOGIC_EXTRACTION          = on
      MINIMIZATION                        = full
      MULTI_LEVEL_FACTORING               = on
      NOT_GATE_PUSH_BACK                  = on
      PARALLEL_EXPANDERS                  = off
      REDUCE_LOGIC                        = on
      REFACTORIZATION                     = on
      REGISTER_OPTIMIZATION               = on
      RESYNTHESIZE_NETWORK                = on
      SLOW_SLEW_RATE                      = off
      SOFT_BUFFER_INSERTION               = on
      SUBFACTOR_EXTRACTION                = on
      TURBO_BIT                           = on
      XOR_SYNTHESIS                       = on
      IGNORE_SOFT_BUFFERS                 = off
      USE_LPM_FOR_AHDL_OPERATORS          = off

   Other logic synthesis settings:

      Automatic Global Clock              = on
      Automatic Global Clear              = on
      Automatic Global Preset             = on
      Automatic Global Output Enable      = on
      Automatic Fast I/O                  = off
      Automatic Register Packing          = off
      Automatic Open-Drain Pins           = on
      Automatic Implement in EAB          = off
      One-Hot State Machine Encoding      = off
      Optimize                            = 5

Default Timing Specifications: None

Cut All Bidir Feedback Timing Paths       = on
Cut All Clear & Preset Timing Paths       = on

Ignore Timing Assignments                 = off

Functional SNF Extractor                  = off

Linked SNF Extractor                      = off
Timing SNF Extractor                      = on
Optimize Timing SNF                       = off
Generate AHDL TDO File                    = off
Fitter Settings                           = NORMAL
Smart Recompile                           = off
Total Recompile                           = off

Interfaces Menu Commands
------------------------

EDIF Netlist Writer                       = off
Verilog Netlist Writer                    = off
VHDL Netlist Writer                       = off

Compilation Times
-----------------

   Compiler Netlist Extractor             00:00:00
   Database Builder                       00:00:00
   Logic Synthesizer                      00:00:00
   Partitioner                            00:00:00
   Fitter                                 00:00:00
   Timing SNF Extractor                   00:00:00
   Assembler                              00:00:00
   --------------------------             --------
   Total Time                             00:00:00


Memory Allocated
-----------------

Peak memory allocated during compilation  = 12,994K
