Project Informatione:\documents\science\computer_circuity\labs\mylabs\lab2\lsm\rz.rpt

MAX+plus II Compiler Report File
Version 10.1 06/12/2001
Compiled: 10/02/2012 03:49:16

Copyright (C) 1988-2001 Altera Corporation
Any megafunction design, and related net list (encrypted or decrypted),
support information, device programming or simulation file, and any other
associated documentation or information provided by Altera or a partner
under Altera's Megafunction Partnership Program may be used only to
program PLD devices (but not masked PLD devices) from Altera.  Any other
use of such megafunction design, net list, support information, device
programming or simulation file, or any other related documentation or
information is prohibited for any other purpose, including, but not
limited to modification, reverse engineering, de-compiling, or use with
any other silicon devices, unless such use is explicitly licensed under
a separate agreement with Altera or a megafunction partner.  Title to
the intellectual property, including patents, copyrights, trademarks,
trade secrets, or maskworks, embodied in any such megafunction design,
net list, support information, device programming or simulation file, or
any other related documentation or information provided by Altera or a
megafunction partner, remains with Altera, the megafunction partner, or
their respective licensors.  No other licenses, including any licenses
needed under any third party's intellectual property, are provided herein.



***** Project compilation was successful




** DEVICE SUMMARY **

Chip/                     Input   Output   Bidir         Shareable
POF       Device          Pins    Pins     Pins     LCs  Expanders  % Utilized

rz        EPM7032LC44-6    33       1        0      1       0           3  %

User Pins:                 33       1        0  



Project Informatione:\documents\science\computer_circuity\labs\mylabs\lab2\lsm\rz.rpt

** FILE HIERARCHY **



|rz32:2|
|rz32:2|rz16:8|
|rz32:2|rz16:8|and5:24|
|rz32:2|rz16:9|
|rz32:2|rz16:9|and5:24|


Device-Specific Information:e:\documents\science\computer_circuity\labs\mylabs\lab2\lsm\rz.rpt
rz

***** Logic for device 'rz' compiled without errors.




Device: EPM7032LC44-6

Device Options:
    Turbo Bit                                    = ON
    Security Bit                                 = OFF



Device-Specific Information:e:\documents\science\computer_circuity\labs\mylabs\lab2\lsm\rz.rpt
rz

** ERROR SUMMARY **

Info: Chip 'rz' in device 'EPM7032LC44-6' has less than 20% of pins available for future logic changes -- if your project is likely to change, Altera recommends using a larger device
                                           
          R  R  R  V  G  G  R  R  G     R  
          4  4  6  C  N  N  4  4  N  R  4  
          9  8  3  C  D  D  7  4  D  Z  6  
        -----------------------------------_ 
      /   6  5  4  3  2  1 44 43 42 41 40   | 
 R50 |  7                                39 | R36 
 R51 |  8                                38 | R37 
 R52 |  9                                37 | R45 
 GND | 10                                36 | RZ32 
 R53 | 11                                35 | VCC 
 R54 | 12         EPM7032LC44-6          34 | R38 
 R55 | 13                                33 | R39 
 R56 | 14                                32 | R32 
 VCC | 15                                31 | R40 
 R57 | 16                                30 | GND 
 R58 | 17                                29 | R33 
     |_  18 19 20 21 22 23 24 25 26 27 28  _| 
       ------------------------------------ 
          R  R  R  R  G  V  R  R  R  R  R  
          5  6  6  6  N  C  4  3  4  3  4  
          9  0  1  2  D  C  3  5  2  4  1  
                                           


N.C. = No Connect. This pin has no internal connection to the device.
VCC = Dedicated power pin, which MUST be connected to VCC.
GND = Dedicated ground pin or unused dedicated input, which MUST be connected to GND.
RESERVED = Unused I/O pin, which MUST be left unconnected.



Device-Specific Information:e:\documents\science\computer_circuity\labs\mylabs\lab2\lsm\rz.rpt
rz

** RESOURCE USAGE **

                                                Shareable     External
Logic Array Block     Logic Cells   I/O Pins    Expanders   Interconnect

A:     LC1 - LC16     0/16(  0%)  16/16(100%)   0/16(  0%)   0/36(  0%) 
B:    LC17 - LC32     1/16(  6%)  16/16(100%)   0/16(  0%)  33/36( 91%) 


Total dedicated input pins used:                 2/4      ( 50%)
Total I/O pins used:                            32/32     (100%)
Total logic cells used:                          1/32     (  3%)
Total shareable expanders used:                  0/32     (  0%)
Total Turbo logic cells used:                    1/32     (  3%)
Total shareable expanders not available (n/a):   0/32     (  0%)
Average fan-in:                                  33.00
Total fan-in:                                    33

Total input pins required:                      33
Total output pins required:                      1
Total bidirectional pins required:               0
Total logic cells required:                      1
Total flipflops required:                        0
Total product terms required:                    1
Total logic cells lending parallel expanders:    0
Total shareable expanders in database:           0

Synthesized logic cells:                         0/  32   (  0%)



Device-Specific Information:e:\documents\science\computer_circuity\labs\mylabs\lab2\lsm\rz.rpt
rz

** INPUTS **

                                         Shareable
                                         Expanders     Fan-In    Fan-Out
 Pin     LC  LAB  Primitive    Code   Total Shared n/a INP  FBK  OUT  FBK  Name
  36   (22)  (B)      INPUT               0      0   0    0    0    1    0  RZ32
  32   (25)  (B)      INPUT               0      0   0    0    0    1    0  R32
  29   (27)  (B)      INPUT               0      0   0    0    0    1    0  R33
  27   (29)  (B)      INPUT               0      0   0    0    0    1    0  R34
  25   (31)  (B)      INPUT               0      0   0    0    0    1    0  R35
  39   (19)  (B)      INPUT               0      0   0    0    0    1    0  R36
  38   (20)  (B)      INPUT               0      0   0    0    0    1    0  R37
  34   (23)  (B)      INPUT               0      0   0    0    0    1    0  R38
  33   (24)  (B)      INPUT               0      0   0    0    0    1    0  R39
  31   (26)  (B)      INPUT               0      0   0    0    0    1    0  R40
  28   (28)  (B)      INPUT               0      0   0    0    0    1    0  R41
  26   (30)  (B)      INPUT               0      0   0    0    0    1    0  R42
  24   (32)  (B)      INPUT               0      0   0    0    0    1    0  R43
  43      -   -       INPUT               0      0   0    0    0    1    0  R44
  37   (21)  (B)      INPUT               0      0   0    0    0    1    0  R45
  40   (18)  (B)      INPUT               0      0   0    0    0    1    0  R46
  44      -   -       INPUT               0      0   0    0    0    1    0  R47
   5    (2)  (A)      INPUT               0      0   0    0    0    1    0  R48
   6    (3)  (A)      INPUT               0      0   0    0    0    1    0  R49
   7    (4)  (A)      INPUT               0      0   0    0    0    1    0  R50
   8    (5)  (A)      INPUT               0      0   0    0    0    1    0  R51
   9    (6)  (A)      INPUT               0      0   0    0    0    1    0  R52
  11    (7)  (A)      INPUT               0      0   0    0    0    1    0  R53
  12    (8)  (A)      INPUT               0      0   0    0    0    1    0  R54
  13    (9)  (A)      INPUT               0      0   0    0    0    1    0  R55
  14   (10)  (A)      INPUT               0      0   0    0    0    1    0  R56
  16   (11)  (A)      INPUT               0      0   0    0    0    1    0  R57
  17   (12)  (A)      INPUT               0      0   0    0    0    1    0  R58
  18   (13)  (A)      INPUT               0      0   0    0    0    1    0  R59
  19   (14)  (A)      INPUT               0      0   0    0    0    1    0  R60
  20   (15)  (A)      INPUT               0      0   0    0    0    1    0  R61
  21   (16)  (A)      INPUT               0      0   0    0    0    1    0  R62
   4    (1)  (A)      INPUT               0      0   0    0    0    1    0  R63


Code:

s = Synthesized pin or logic cell
t = Turbo logic cell
+ = Synchronous flipflop
! = NOT gate push-back
r = Fitter-inserted logic cell


Device-Specific Information:e:\documents\science\computer_circuity\labs\mylabs\lab2\lsm\rz.rpt
rz

** OUTPUTS **

                                         Shareable
                                         Expanders     Fan-In    Fan-Out
 Pin     LC  LAB  Primitive    Code   Total Shared n/a INP  FBK  OUT  FBK  Name
  41     17    B     OUTPUT      t        0      0   0   33    0    0    0  RZ


Code:

s = Synthesized pin or logic cell
t = Turbo logic cell
+ = Synchronous flipflop
! = NOT gate push-back
r = Fitter-inserted logic cell


Device-Specific Information:e:\documents\science\computer_circuity\labs\mylabs\lab2\lsm\rz.rpt
rz

** LOGIC CELL INTERCONNECTIONS **

Logic Array Block 'B':

           Logic cells placed in LAB 'B'
        +- LC17 RZ
        | 
        |   Other LABs fed by signals
        |   that feed LAB 'B'
LC      | | A B |     Logic cells that feed LAB 'B':

Pin
36   -> * | - * | <-- RZ32
32   -> * | - * | <-- R32
29   -> * | - * | <-- R33
27   -> * | - * | <-- R34
25   -> * | - * | <-- R35
39   -> * | - * | <-- R36
38   -> * | - * | <-- R37
34   -> * | - * | <-- R38
33   -> * | - * | <-- R39
31   -> * | - * | <-- R40
28   -> * | - * | <-- R41
26   -> * | - * | <-- R42
24   -> * | - * | <-- R43
43   -> * | - * | <-- R44
37   -> * | - * | <-- R45
40   -> * | - * | <-- R46
44   -> * | - * | <-- R47
5    -> * | - * | <-- R48
6    -> * | - * | <-- R49
7    -> * | - * | <-- R50
8    -> * | - * | <-- R51
9    -> * | - * | <-- R52
11   -> * | - * | <-- R53
12   -> * | - * | <-- R54
13   -> * | - * | <-- R55
14   -> * | - * | <-- R56
16   -> * | - * | <-- R57
17   -> * | - * | <-- R58
18   -> * | - * | <-- R59
19   -> * | - * | <-- R60
20   -> * | - * | <-- R61
21   -> * | - * | <-- R62
4    -> * | - * | <-- R63


* = The logic cell or pin is an input to the logic cell (or LAB) through the PIA.
- = The logic cell or pin is not an input to the logic cell (or LAB).


Device-Specific Information:e:\documents\science\computer_circuity\labs\mylabs\lab2\lsm\rz.rpt
rz

** EQUATIONS **

RZ32     : INPUT;
R32      : INPUT;
R33      : INPUT;
R34      : INPUT;
R35      : INPUT;
R36      : INPUT;
R37      : INPUT;
R38      : INPUT;
R39      : INPUT;
R40      : INPUT;
R41      : INPUT;
R42      : INPUT;
R43      : INPUT;
R44      : INPUT;
R45      : INPUT;
R46      : INPUT;
R47      : INPUT;
R48      : INPUT;
R49      : INPUT;
R50      : INPUT;
R51      : INPUT;
R52      : INPUT;
R53      : INPUT;
R54      : INPUT;
R55      : INPUT;
R56      : INPUT;
R57      : INPUT;
R58      : INPUT;
R59      : INPUT;
R60      : INPUT;
R61      : INPUT;
R62      : INPUT;
R63      : INPUT;

-- Node name is 'RZ' 
-- Equation name is 'RZ', location is LC017, type is output.
 RZ      = LCELL( _EQ001 $  GND);
  _EQ001 =  RZ32 & !R32 & !R33 & !R34 & !R35 & !R36 & !R37 & !R38 & !R39 & 
             !R40 & !R41 & !R42 & !R43 & !R44 & !R45 & !R46 & !R47 & !R48 & 
             !R49 & !R50 & !R51 & !R52 & !R53 & !R54 & !R55 & !R56 & !R57 & 
             !R58 & !R59 & !R60 & !R61 & !R62 & !R63;



--     Shareable expanders that are duplicated in multiple LABs:
--     (none)




Project Informatione:\documents\science\computer_circuity\labs\mylabs\lab2\lsm\rz.rpt

** COMPILATION SETTINGS & TIMES **

Processing Menu Commands
------------------------

Design Doctor                             = off

Logic Synthesis:

   Synthesis Type Used                    = Standard

   Default Synthesis Style                = NORMAL

      Logic option settings in 'NORMAL' style for 'MAX7000' family

      DECOMPOSE_GATES                     = on
      DUPLICATE_LOGIC_EXTRACTION          = on
      MINIMIZATION                        = full
      MULTI_LEVEL_FACTORING               = on
      NOT_GATE_PUSH_BACK                  = on
      PARALLEL_EXPANDERS                  = off
      REDUCE_LOGIC                        = on
      REFACTORIZATION                     = on
      REGISTER_OPTIMIZATION               = on
      RESYNTHESIZE_NETWORK                = on
      SLOW_SLEW_RATE                      = off
      SOFT_BUFFER_INSERTION               = on
      SUBFACTOR_EXTRACTION                = on
      TURBO_BIT                           = on
      XOR_SYNTHESIS                       = on
      IGNORE_SOFT_BUFFERS                 = off
      USE_LPM_FOR_AHDL_OPERATORS          = off

   Other logic synthesis settings:

      Automatic Global Clock              = on
      Automatic Global Clear              = on
      Automatic Global Preset             = on
      Automatic Global Output Enable      = on
      Automatic Fast I/O                  = off
      Automatic Register Packing          = off
      Automatic Open-Drain Pins           = on
      Automatic Implement in EAB          = off
      One-Hot State Machine Encoding      = off
      Optimize                            = 5

Default Timing Specifications: None

Cut All Bidir Feedback Timing Paths       = on
Cut All Clear & Preset Timing Paths       = on

Ignore Timing Assignments                 = off

Functional SNF Extractor                  = off

Linked SNF Extractor                      = off
Timing SNF Extractor                      = on
Optimize Timing SNF                       = off
Generate AHDL TDO File                    = off
Fitter Settings                           = NORMAL
Smart Recompile                           = off
Total Recompile                           = off

Interfaces Menu Commands
------------------------

EDIF Netlist Writer                       = off
Verilog Netlist Writer                    = off
VHDL Netlist Writer                       = off

Compilation Times
-----------------

   Compiler Netlist Extractor             00:00:00
   Database Builder                       00:00:00
   Logic Synthesizer                      00:00:00
   Partitioner                            00:00:01
   Fitter                                 00:00:00
   Timing SNF Extractor                   00:00:00
   Assembler                              00:00:00
   --------------------------             --------
   Total Time                             00:00:01


Memory Allocated
-----------------

Peak memory allocated during compilation  = 3,676K
