Project Informatione:\documents\science\computer_circuity\labs\mylabs\lab2\lsm\rz32.rpt

MAX+plus II Compiler Report File
Version 10.1 06/12/2001
Compiled: 10/02/2012 03:40:32

Copyright (C) 1988-2001 Altera Corporation
Any megafunction design, and related net list (encrypted or decrypted),
support information, device programming or simulation file, and any other
associated documentation or information provided by Altera or a partner
under Altera's Megafunction Partnership Program may be used only to
program PLD devices (but not masked PLD devices) from Altera.  Any other
use of such megafunction design, net list, support information, device
programming or simulation file, or any other related documentation or
information is prohibited for any other purpose, including, but not
limited to modification, reverse engineering, de-compiling, or use with
any other silicon devices, unless such use is explicitly licensed under
a separate agreement with Altera or a megafunction partner.  Title to
the intellectual property, including patents, copyrights, trademarks,
trade secrets, or maskworks, embodied in any such megafunction design,
net list, support information, device programming or simulation file, or
any other related documentation or information provided by Altera or a
megafunction partner, remains with Altera, the megafunction partner, or
their respective licensors.  No other licenses, including any licenses
needed under any third party's intellectual property, are provided herein.



***** Project compilation was successful




** DEVICE SUMMARY **

Chip/                     Input   Output   Bidir         Shareable
POF       Device          Pins    Pins     Pins     LCs  Expanders  % Utilized

rz32      EPM7032LC44-6    32       1        0      1       0           3  %

User Pins:                 32       1        0  



Project Informatione:\documents\science\computer_circuity\labs\mylabs\lab2\lsm\rz32.rpt

** FILE HIERARCHY **



|rz16:8|
|rz16:8|and5:24|
|rz16:9|
|rz16:9|and5:24|


Device-Specific Information:e:\documents\science\computer_circuity\labs\mylabs\lab2\lsm\rz32.rpt
rz32

***** Logic for device 'rz32' compiled without errors.




Device: EPM7032LC44-6

Device Options:
    Turbo Bit                                    = ON
    Security Bit                                 = OFF



Device-Specific Information:e:\documents\science\computer_circuity\labs\mylabs\lab2\lsm\rz32.rpt
rz32

** ERROR SUMMARY **

Info: Chip 'rz32' in device 'EPM7032LC44-6' has less than 20% of pins available for future logic changes -- if your project is likely to change, Altera recommends using a larger device
                                     R     
          R  R  R  V  G  G  G  R  G  Z  R  
          1  1  3  C  N  N  N  1  N  3  1  
          7  6  1  C  D  D  D  5  D  2  4  
        -----------------------------------_ 
      /   6  5  4  3  2  1 44 43 42 41 40   | 
 R18 |  7                                39 | R06 
 R19 |  8                                38 | R07 
 R20 |  9                                37 | R00 
 GND | 10                                36 | R01 
 R21 | 11                                35 | VCC 
 R22 | 12         EPM7032LC44-6          34 | R08 
 R23 | 13                                33 | R09 
 R24 | 14                                32 | R02 
 VCC | 15                                31 | R10 
 R25 | 16                                30 | GND 
 R26 | 17                                29 | R03 
     |_  18 19 20 21 22 23 24 25 26 27 28  _| 
       ------------------------------------ 
          R  R  R  R  G  V  R  R  R  R  R  
          2  2  2  3  N  C  1  0  1  0  1  
          7  8  9  0  D  C  3  5  2  4  1  
                                           


N.C. = No Connect. This pin has no internal connection to the device.
VCC = Dedicated power pin, which MUST be connected to VCC.
GND = Dedicated ground pin or unused dedicated input, which MUST be connected to GND.
RESERVED = Unused I/O pin, which MUST be left unconnected.



Device-Specific Information:e:\documents\science\computer_circuity\labs\mylabs\lab2\lsm\rz32.rpt
rz32

** RESOURCE USAGE **

                                                Shareable     External
Logic Array Block     Logic Cells   I/O Pins    Expanders   Interconnect

A:     LC1 - LC16     0/16(  0%)  16/16(100%)   0/16(  0%)   0/36(  0%) 
B:    LC17 - LC32     1/16(  6%)  16/16(100%)   0/16(  0%)  32/36( 88%) 


Total dedicated input pins used:                 1/4      ( 25%)
Total I/O pins used:                            32/32     (100%)
Total logic cells used:                          1/32     (  3%)
Total shareable expanders used:                  0/32     (  0%)
Total Turbo logic cells used:                    1/32     (  3%)
Total shareable expanders not available (n/a):   0/32     (  0%)
Average fan-in:                                  32.00
Total fan-in:                                    32

Total input pins required:                      32
Total output pins required:                      1
Total bidirectional pins required:               0
Total logic cells required:                      1
Total flipflops required:                        0
Total product terms required:                    1
Total logic cells lending parallel expanders:    0
Total shareable expanders in database:           0

Synthesized logic cells:                         0/  32   (  0%)



Device-Specific Information:e:\documents\science\computer_circuity\labs\mylabs\lab2\lsm\rz32.rpt
rz32

** INPUTS **

                                         Shareable
                                         Expanders     Fan-In    Fan-Out
 Pin     LC  LAB  Primitive    Code   Total Shared n/a INP  FBK  OUT  FBK  Name
  37   (21)  (B)      INPUT               0      0   0    0    0    1    0  R00
  36   (22)  (B)      INPUT               0      0   0    0    0    1    0  R01
  32   (25)  (B)      INPUT               0      0   0    0    0    1    0  R02
  29   (27)  (B)      INPUT               0      0   0    0    0    1    0  R03
  27   (29)  (B)      INPUT               0      0   0    0    0    1    0  R04
  25   (31)  (B)      INPUT               0      0   0    0    0    1    0  R05
  39   (19)  (B)      INPUT               0      0   0    0    0    1    0  R06
  38   (20)  (B)      INPUT               0      0   0    0    0    1    0  R07
  34   (23)  (B)      INPUT               0      0   0    0    0    1    0  R08
  33   (24)  (B)      INPUT               0      0   0    0    0    1    0  R09
  31   (26)  (B)      INPUT               0      0   0    0    0    1    0  R10
  28   (28)  (B)      INPUT               0      0   0    0    0    1    0  R11
  26   (30)  (B)      INPUT               0      0   0    0    0    1    0  R12
  24   (32)  (B)      INPUT               0      0   0    0    0    1    0  R13
  40   (18)  (B)      INPUT               0      0   0    0    0    1    0  R14
  43      -   -       INPUT               0      0   0    0    0    1    0  R15
   5    (2)  (A)      INPUT               0      0   0    0    0    1    0  R16
   6    (3)  (A)      INPUT               0      0   0    0    0    1    0  R17
   7    (4)  (A)      INPUT               0      0   0    0    0    1    0  R18
   8    (5)  (A)      INPUT               0      0   0    0    0    1    0  R19
   9    (6)  (A)      INPUT               0      0   0    0    0    1    0  R20
  11    (7)  (A)      INPUT               0      0   0    0    0    1    0  R21
  12    (8)  (A)      INPUT               0      0   0    0    0    1    0  R22
  13    (9)  (A)      INPUT               0      0   0    0    0    1    0  R23
  14   (10)  (A)      INPUT               0      0   0    0    0    1    0  R24
  16   (11)  (A)      INPUT               0      0   0    0    0    1    0  R25
  17   (12)  (A)      INPUT               0      0   0    0    0    1    0  R26
  18   (13)  (A)      INPUT               0      0   0    0    0    1    0  R27
  19   (14)  (A)      INPUT               0      0   0    0    0    1    0  R28
  20   (15)  (A)      INPUT               0      0   0    0    0    1    0  R29
  21   (16)  (A)      INPUT               0      0   0    0    0    1    0  R30
   4    (1)  (A)      INPUT               0      0   0    0    0    1    0  R31


Code:

s = Synthesized pin or logic cell
t = Turbo logic cell
+ = Synchronous flipflop
! = NOT gate push-back
r = Fitter-inserted logic cell


Device-Specific Information:e:\documents\science\computer_circuity\labs\mylabs\lab2\lsm\rz32.rpt
rz32

** OUTPUTS **

                                         Shareable
                                         Expanders     Fan-In    Fan-Out
 Pin     LC  LAB  Primitive    Code   Total Shared n/a INP  FBK  OUT  FBK  Name
  41     17    B     OUTPUT      t        0      0   0   32    0    0    0  RZ32


Code:

s = Synthesized pin or logic cell
t = Turbo logic cell
+ = Synchronous flipflop
! = NOT gate push-back
r = Fitter-inserted logic cell


Device-Specific Information:e:\documents\science\computer_circuity\labs\mylabs\lab2\lsm\rz32.rpt
rz32

** LOGIC CELL INTERCONNECTIONS **

Logic Array Block 'B':

           Logic cells placed in LAB 'B'
        +- LC17 RZ32
        | 
        |   Other LABs fed by signals
        |   that feed LAB 'B'
LC      | | A B |     Logic cells that feed LAB 'B':

Pin
37   -> * | - * | <-- R00
36   -> * | - * | <-- R01
32   -> * | - * | <-- R02
29   -> * | - * | <-- R03
27   -> * | - * | <-- R04
25   -> * | - * | <-- R05
39   -> * | - * | <-- R06
38   -> * | - * | <-- R07
34   -> * | - * | <-- R08
33   -> * | - * | <-- R09
31   -> * | - * | <-- R10
28   -> * | - * | <-- R11
26   -> * | - * | <-- R12
24   -> * | - * | <-- R13
40   -> * | - * | <-- R14
43   -> * | - * | <-- R15
5    -> * | - * | <-- R16
6    -> * | - * | <-- R17
7    -> * | - * | <-- R18
8    -> * | - * | <-- R19
9    -> * | - * | <-- R20
11   -> * | - * | <-- R21
12   -> * | - * | <-- R22
13   -> * | - * | <-- R23
14   -> * | - * | <-- R24
16   -> * | - * | <-- R25
17   -> * | - * | <-- R26
18   -> * | - * | <-- R27
19   -> * | - * | <-- R28
20   -> * | - * | <-- R29
21   -> * | - * | <-- R30
4    -> * | - * | <-- R31


* = The logic cell or pin is an input to the logic cell (or LAB) through the PIA.
- = The logic cell or pin is not an input to the logic cell (or LAB).


Device-Specific Information:e:\documents\science\computer_circuity\labs\mylabs\lab2\lsm\rz32.rpt
rz32

** EQUATIONS **

R00      : INPUT;
R01      : INPUT;
R02      : INPUT;
R03      : INPUT;
R04      : INPUT;
R05      : INPUT;
R06      : INPUT;
R07      : INPUT;
R08      : INPUT;
R09      : INPUT;
R10      : INPUT;
R11      : INPUT;
R12      : INPUT;
R13      : INPUT;
R14      : INPUT;
R15      : INPUT;
R16      : INPUT;
R17      : INPUT;
R18      : INPUT;
R19      : INPUT;
R20      : INPUT;
R21      : INPUT;
R22      : INPUT;
R23      : INPUT;
R24      : INPUT;
R25      : INPUT;
R26      : INPUT;
R27      : INPUT;
R28      : INPUT;
R29      : INPUT;
R30      : INPUT;
R31      : INPUT;

-- Node name is 'RZ32' 
-- Equation name is 'RZ32', location is LC017, type is output.
 RZ32    = LCELL( _EQ001 $  GND);
  _EQ001 = !R00 & !R01 & !R02 & !R03 & !R04 & !R05 & !R06 & !R07 & !R08 & 
             !R09 & !R10 & !R11 & !R12 & !R13 & !R14 & !R15 & !R16 & !R17 & 
             !R18 & !R19 & !R20 & !R21 & !R22 & !R23 & !R24 & !R25 & !R26 & 
             !R27 & !R28 & !R29 & !R30 & !R31;



--     Shareable expanders that are duplicated in multiple LABs:
--     (none)




Project Informatione:\documents\science\computer_circuity\labs\mylabs\lab2\lsm\rz32.rpt

** COMPILATION SETTINGS & TIMES **

Processing Menu Commands
------------------------

Design Doctor                             = off

Logic Synthesis:

   Synthesis Type Used                    = Standard

   Default Synthesis Style                = NORMAL

      Logic option settings in 'NORMAL' style for 'MAX7000' family

      DECOMPOSE_GATES                     = on
      DUPLICATE_LOGIC_EXTRACTION          = on
      MINIMIZATION                        = full
      MULTI_LEVEL_FACTORING               = on
      NOT_GATE_PUSH_BACK                  = on
      PARALLEL_EXPANDERS                  = off
      REDUCE_LOGIC                        = on
      REFACTORIZATION                     = on
      REGISTER_OPTIMIZATION               = on
      RESYNTHESIZE_NETWORK                = on
      SLOW_SLEW_RATE                      = off
      SOFT_BUFFER_INSERTION               = on
      SUBFACTOR_EXTRACTION                = on
      TURBO_BIT                           = on
      XOR_SYNTHESIS                       = on
      IGNORE_SOFT_BUFFERS                 = off
      USE_LPM_FOR_AHDL_OPERATORS          = off

   Other logic synthesis settings:

      Automatic Global Clock              = on
      Automatic Global Clear              = on
      Automatic Global Preset             = on
      Automatic Global Output Enable      = on
      Automatic Fast I/O                  = off
      Automatic Register Packing          = off
      Automatic Open-Drain Pins           = on
      Automatic Implement in EAB          = off
      One-Hot State Machine Encoding      = off
      Optimize                            = 5

Default Timing Specifications: None

Cut All Bidir Feedback Timing Paths       = on
Cut All Clear & Preset Timing Paths       = on

Ignore Timing Assignments                 = off

Functional SNF Extractor                  = off

Linked SNF Extractor                      = off
Timing SNF Extractor                      = on
Optimize Timing SNF                       = off
Generate AHDL TDO File                    = off
Fitter Settings                           = NORMAL
Smart Recompile                           = off
Total Recompile                           = off

Interfaces Menu Commands
------------------------

EDIF Netlist Writer                       = off
Verilog Netlist Writer                    = off
VHDL Netlist Writer                       = off

Compilation Times
-----------------

   Compiler Netlist Extractor             00:00:00
   Database Builder                       00:00:00
   Logic Synthesizer                      00:00:00
   Partitioner                            00:00:00
   Fitter                                 00:00:01
   Timing SNF Extractor                   00:00:00
   Assembler                              00:00:00
   --------------------------             --------
   Total Time                             00:00:01


Memory Allocated
-----------------

Peak memory allocated during compilation  = 3,052K
