Project Information                                 d:\schemotech\plmt_ctr.rpt

MAX+plus II Compiler Report File
Version 10.1 06/12/2001
Compiled: 09/06/2009 18:03:41

Copyright (C) 1988-2001 Altera Corporation
Any megafunction design, and related net list (encrypted or decrypted),
support information, device programming or simulation file, and any other
associated documentation or information provided by Altera or a partner
under Altera's Megafunction Partnership Program may be used only to
program PLD devices (but not masked PLD devices) from Altera.  Any other
use of such megafunction design, net list, support information, device
programming or simulation file, or any other related documentation or
information is prohibited for any other purpose, including, but not
limited to modification, reverse engineering, de-compiling, or use with
any other silicon devices, unless such use is explicitly licensed under
a separate agreement with Altera or a megafunction partner.  Title to
the intellectual property, including patents, copyrights, trademarks,
trade secrets, or maskworks, embodied in any such megafunction design,
net list, support information, device programming or simulation file, or
any other related documentation or information provided by Altera or a
megafunction partner, remains with Altera, the megafunction partner, or
their respective licensors.  No other licenses, including any licenses
needed under any third party's intellectual property, are provided herein.



***** Project compilation was successful




** DEVICE SUMMARY **

Chip/                     Input   Output   Bidir         Shareable
POF       Device          Pins    Pins     Pins     LCs  Expanders  % Utilized

plmt_ctr  EPM7032LC44-6    15       10       0      13      7           40 %

User Pins:                 15       10       0  



Project Information                                 d:\schemotech\plmt_ctr.rpt

** FILE HIERARCHY **



|x1:11|
|x2:10|
|ctr:14|
|ctr:35|
|ctr:27|
|ctr:26|
|ctr:25|
|ctr:24|
|ctr:15|
|ctr:17|
|ctr:16|


Device-Specific Information:                        d:\schemotech\plmt_ctr.rpt
plmt_ctr

***** Logic for device 'plmt_ctr' compiled without errors.




Device: EPM7032LC44-6

Device Options:
    Turbo Bit                                    = ON
    Security Bit                                 = OFF

                                               
                                               
                                               
                                               
                                               
                       V  G  G  G  G  G        
              F  F     C  N  N  N  N  N  Q  Q  
              2  3  C  C  D  D  D  D  D  8  2  
            -----------------------------------_ 
          /   6  5  4  3  2  1 44 43 42 41 40   | 
      F1 |  7                                39 | Q1 
      F0 |  8                                38 | Q3 
      D8 |  9                                37 | Q0 
     GND | 10                                36 | RESERVED 
      D7 | 11                                35 | VCC 
      D6 | 12         EPM7032LC44-6          34 | Q4 
      D5 | 13                                33 | Q5 
      D4 | 14                                32 | Q6 
     VCC | 15                                31 | C_8 
      D3 | 16                                30 | GND 
      D2 | 17                                29 | RESERVED 
         |_  18 19 20 21 22 23 24 25 26 27 28  _| 
           ------------------------------------ 
              D  D  C  R  G  V  R  R  R  Q  R  
              1  0  L  E  N  C  E  E  E  7  E  
                    K  S  D  C  S  S  S     S  
                       E        E  E  E     E  
                       R        R  R  R     R  
                       V        V  V  V     V  
                       E        E  E  E     E  
                       D        D  D  D     D  


N.C. = No Connect. This pin has no internal connection to the device.
VCC = Dedicated power pin, which MUST be connected to VCC.
GND = Dedicated ground pin or unused dedicated input, which MUST be connected to GND.
RESERVED = Unused I/O pin, which MUST be left unconnected.



Device-Specific Information:                        d:\schemotech\plmt_ctr.rpt
plmt_ctr

** RESOURCE USAGE **

                                                Shareable     External
Logic Array Block     Logic Cells   I/O Pins    Expanders   Interconnect

A:     LC1 - LC16     0/16(  0%)  15/16( 93%)   0/16(  0%)   0/36(  0%) 
B:    LC17 - LC32    13/16( 81%)  10/16( 62%)  16/16(100%)  27/36( 75%) 


Total dedicated input pins used:                 0/4      (  0%)
Total I/O pins used:                            25/32     ( 78%)
Total logic cells used:                         13/32     ( 40%)
Total shareable expanders used:                  7/32     ( 21%)
Total Turbo logic cells used:                   13/32     ( 40%)
Total shareable expanders not available (n/a):   9/32     ( 28%)
Average fan-in:                                  9.84
Total fan-in:                                   128

Total input pins required:                      15
Total output pins required:                     10
Total bidirectional pins required:               0
Total logic cells required:                     13
Total flipflops required:                        9
Total product terms required:                   56
Total logic cells lending parallel expanders:    0
Total shareable expanders in database:           7

Synthesized logic cells:                         3/  32   (  9%)



Device-Specific Information:                        d:\schemotech\plmt_ctr.rpt
plmt_ctr

** INPUTS **

                                         Shareable
                                         Expanders     Fan-In    Fan-Out
 Pin     LC  LAB  Primitive    Code   Total Shared n/a INP  FBK  OUT  FBK  Name
   4    (1)  (A)      INPUT               0      0   0    0    0   10    1  C
  20   (15)  (A)      INPUT               0      0   0    0    0    9    0  CLK
  19   (14)  (A)      INPUT               0      0   0    0    0    1    0  D0
  18   (13)  (A)      INPUT               0      0   0    0    0    1    0  D1
  17   (12)  (A)      INPUT               0      0   0    0    0    1    0  D2
  16   (11)  (A)      INPUT               0      0   0    0    0    1    0  D3
  14   (10)  (A)      INPUT               0      0   0    0    0    1    0  D4
  13    (9)  (A)      INPUT               0      0   0    0    0    1    0  D5
  12    (8)  (A)      INPUT               0      0   0    0    0    1    0  D6
  11    (7)  (A)      INPUT               0      0   0    0    0    1    0  D7
   9    (6)  (A)      INPUT               0      0   0    0    0    1    0  D8
   8    (5)  (A)      INPUT               0      0   0    0    0    1    1  F0
   7    (4)  (A)      INPUT               0      0   0    0    0    1    1  F1
   6    (3)  (A)      INPUT               0      0   0    0    0    9    1  F2
   5    (2)  (A)      INPUT               0      0   0    0    0    9    2  F3


Code:

s = Synthesized pin or logic cell
t = Turbo logic cell
+ = Synchronous flipflop
! = NOT gate push-back
r = Fitter-inserted logic cell


Device-Specific Information:                        d:\schemotech\plmt_ctr.rpt
plmt_ctr

** OUTPUTS **

                                         Shareable
                                         Expanders     Fan-In    Fan-Out
 Pin     LC  LAB  Primitive    Code   Total Shared n/a INP  FBK  OUT  FBK  Name
  31     26    B     OUTPUT      t        0      0   0    1    9    0    0  C_8
  37     21    B         FF      t        1      0   1    5    3   10    1  Q0 (|ctr:14|:5)
  39     19    B         FF      t        2      0   1    5    4    9    1  Q1 (|ctr:15|:5)
  40     18    B         FF      t        1      0   1    5    6    8    0  Q2 (|ctr:16|:5)
  38     20    B         FF      t        2      0   1    5    6    7    0  Q3 (|ctr:17|:5)
  34     23    B         FF      t        2      0   1    5    7    6    0  Q4 (|ctr:35|:5)
  33     24    B         FF      t        2      0   1    5    8    5    0  Q5 (|ctr:24|:5)
  32     25    B         FF      t        2      0   1    5    9    4    0  Q6 (|ctr:25|:5)
  27     29    B         FF      t        2      0   1    7    9    3    0  Q7 (|ctr:26|:5)
  41     17    B         FF      t        2      0   1    5   11    2    0  Q8 (|ctr:27|:5)


Code:

s = Synthesized pin or logic cell
t = Turbo logic cell
+ = Synchronous flipflop
! = NOT gate push-back
r = Fitter-inserted logic cell


Device-Specific Information:                        d:\schemotech\plmt_ctr.rpt
plmt_ctr

** BURIED LOGIC **

                                         Shareable
                                         Expanders     Fan-In    Fan-Out
 Pin     LC  LAB  Primitive    Code   Total Shared n/a INP  FBK  OUT  FBK  Name
 (28)    28    B       SOFT    s t        0      0   0    1    2    1    0  |ctr:16|~11~1
 (29)    27    B       SOFT    s t        0      0   0    2    0    8    0  |ctr:27|~11~1
 (36)    22    B       SOFT    s t        0      0   0    3    0    9    0  |x2:10|X2~1 (|x2:10|~5~1)


Code:

s = Synthesized pin or logic cell
t = Turbo logic cell
+ = Synchronous flipflop
! = NOT gate push-back
r = Fitter-inserted logic cell


Device-Specific Information:                        d:\schemotech\plmt_ctr.rpt
plmt_ctr

** LOGIC CELL INTERCONNECTIONS **

Logic Array Block 'B':

                                   Logic cells placed in LAB 'B'
        +------------------------- LC28 |ctr:16|~11~1
        | +----------------------- LC27 |ctr:27|~11~1
        | | +--------------------- LC26 C_8
        | | | +------------------- LC21 Q0
        | | | | +----------------- LC19 Q1
        | | | | | +--------------- LC18 Q2
        | | | | | | +------------- LC20 Q3
        | | | | | | | +----------- LC23 Q4
        | | | | | | | | +--------- LC24 Q5
        | | | | | | | | | +------- LC25 Q6
        | | | | | | | | | | +----- LC29 Q7
        | | | | | | | | | | | +--- LC17 Q8
        | | | | | | | | | | | | +- LC22 |x2:10|X2~1
        | | | | | | | | | | | | | 
        | | | | | | | | | | | | |   Other LABs fed by signals
        | | | | | | | | | | | | |   that feed LAB 'B'
LC      | | | | | | | | | | | | | | A B |     Logic cells that feed LAB 'B':
LC28 -> - - - - - * - - - - - - - | - * | <-- |ctr:16|~11~1
LC27 -> - - - * * * * * * * - * - | - * | <-- |ctr:27|~11~1
LC21 -> * - * * * * * * * * * * - | - * | <-- Q0
LC19 -> * - * - * * * * * * * * - | - * | <-- Q1
LC18 -> - - * - - * * * * * * * - | - * | <-- Q2
LC20 -> - - * - - - * * * * * * - | - * | <-- Q3
LC23 -> - - * - - - - * * * * * - | - * | <-- Q4
LC24 -> - - * - - - - - * * * * - | - * | <-- Q5
LC25 -> - - * - - - - - - * * * - | - * | <-- Q6
LC29 -> - - * - - - - - - - * * - | - * | <-- Q7
LC17 -> - - * - - - - - - - - * - | - * | <-- Q8
LC22 -> - - - * * * * * * * * * - | - * | <-- |x2:10|X2~1

Pin
4    -> * - * * * * * * * * * * - | - * | <-- C
20   -> - - - * * * * * * * * * - | - * | <-- CLK
19   -> - - - * - - - - - - - - - | - * | <-- D0
18   -> - - - - * - - - - - - - - | - * | <-- D1
17   -> - - - - - * - - - - - - - | - * | <-- D2
16   -> - - - - - - * - - - - - - | - * | <-- D3
14   -> - - - - - - - * - - - - - | - * | <-- D4
13   -> - - - - - - - - * - - - - | - * | <-- D5
12   -> - - - - - - - - - * - - - | - * | <-- D6
11   -> - - - - - - - - - - * - - | - * | <-- D7
9    -> - - - - - - - - - - - * - | - * | <-- D8
8    -> - - - - - - - - - - * - * | - * | <-- F0
7    -> - - - - - - - - - - * - * | - * | <-- F1
6    -> - * - * * * * * * * * * - | - * | <-- F2
5    -> - * - * * * * * * * * * * | - * | <-- F3


* = The logic cell or pin is an input to the logic cell (or LAB) through the PIA.
- = The logic cell or pin is not an input to the logic cell (or LAB).


Device-Specific Information:                        d:\schemotech\plmt_ctr.rpt
plmt_ctr

** EQUATIONS **

C        : INPUT;
CLK      : INPUT;
D0       : INPUT;
D1       : INPUT;
D2       : INPUT;
D3       : INPUT;
D4       : INPUT;
D5       : INPUT;
D6       : INPUT;
D7       : INPUT;
D8       : INPUT;
F0       : INPUT;
F1       : INPUT;
F2       : INPUT;
F3       : INPUT;

-- Node name is 'C_8' 
-- Equation name is 'C_8', location is LC026, type is output.
 C_8     = LCELL( _EQ001 $  GND);
  _EQ001 =  C &  Q0 &  Q1 &  Q2 &  Q3 &  Q4 &  Q5 &  Q6 &  Q7 &  Q8;

-- Node name is 'Q0' = '|ctr:14|Q' 
-- Equation name is 'Q0', type is output 
 Q0      = DFFE( _EQ002 $  GND,  CLK,  _LC022,  VCC,  VCC);
  _EQ002 =  C &  F2 &  F3 &  Q0
         #  D0 &  F2 &  F3
         # !C & !_LC027 & !Q0;

-- Node name is 'Q1' = '|ctr:15|Q' 
-- Equation name is 'Q1', type is output 
 Q1      = DFFE( _EQ003 $  GND,  CLK,  _LC022,  VCC,  VCC);
  _EQ003 =  C &  F2 &  F3 &  Q0 &  Q1
         #  D1 &  F2 &  F3
         # !_LC027 & !Q1 &  _X001;
  _X001  = EXP( C &  Q0);

-- Node name is 'Q2' = '|ctr:16|Q' 
-- Equation name is 'Q2', type is output 
 Q2      = DFFE( _EQ004 $  GND,  CLK,  _LC022,  VCC,  VCC);
  _EQ004 =  C &  F2 &  F3 &  Q0 &  Q1 &  Q2
         #  D2 &  F2 &  F3
         # !_LC027 & !_LC028 & !Q2;

-- Node name is 'Q3' = '|ctr:17|Q' 
-- Equation name is 'Q3', type is output 
 Q3      = DFFE( _EQ005 $  GND,  CLK,  _LC022,  VCC,  VCC);
  _EQ005 =  C &  F2 &  F3 &  Q0 &  Q1 &  Q2 &  Q3
         #  D3 &  F2 &  F3
         # !_LC027 & !Q3 &  _X002;
  _X002  = EXP( C &  Q0 &  Q1 &  Q2);

-- Node name is 'Q4' = '|ctr:35|Q' 
-- Equation name is 'Q4', type is output 
 Q4      = DFFE( _EQ006 $  GND,  CLK,  _LC022,  VCC,  VCC);
  _EQ006 =  C &  F2 &  F3 &  Q0 &  Q1 &  Q2 &  Q3 &  Q4
         #  D4 &  F2 &  F3
         # !_LC027 & !Q4 &  _X003;
  _X003  = EXP( C &  Q0 &  Q1 &  Q2 &  Q3);

-- Node name is 'Q5' = '|ctr:24|Q' 
-- Equation name is 'Q5', type is output 
 Q5      = DFFE( _EQ007 $  GND,  CLK,  _LC022,  VCC,  VCC);
  _EQ007 =  C &  F2 &  F3 &  Q0 &  Q1 &  Q2 &  Q3 &  Q4 &  Q5
         #  D5 &  F2 &  F3
         # !_LC027 & !Q5 &  _X004;
  _X004  = EXP( C &  Q0 &  Q1 &  Q2 &  Q3 &  Q4);

-- Node name is 'Q6' = '|ctr:25|Q' 
-- Equation name is 'Q6', type is output 
 Q6      = DFFE( _EQ008 $  GND,  CLK,  _LC022,  VCC,  VCC);
  _EQ008 =  C &  F2 &  F3 &  Q0 &  Q1 &  Q2 &  Q3 &  Q4 &  Q5 &  Q6
         #  D6 &  F2 &  F3
         # !_LC027 & !Q6 &  _X005;
  _X005  = EXP( C &  Q0 &  Q1 &  Q2 &  Q3 &  Q4 &  Q5);

-- Node name is 'Q7' = '|ctr:26|Q' 
-- Equation name is 'Q7', type is output 
 Q7      = DFFE( _EQ009 $  GND,  _EQ010,  CLK,  VCC,  VCC);
  _EQ009 =  C &  F0 &  F1 &  F3 &  Q0 &  Q1 &  Q2 &  Q3 &  Q4 &  Q5 &  Q6 & 
              Q7
         #  D7 &  F0 &  F1 &  F3
         # !_LC022 & !Q7 &  _X006;
  _X006  = EXP( C &  Q0 &  Q1 &  Q2 &  Q3 &  Q4 &  Q5 &  Q6);
  _EQ010 =  F2 &  F3;

-- Node name is 'Q8' = '|ctr:27|Q' 
-- Equation name is 'Q8', type is output 
 Q8      = DFFE( _EQ011 $  GND,  CLK,  _LC022,  VCC,  VCC);
  _EQ011 =  C &  F2 &  F3 &  Q0 &  Q1 &  Q2 &  Q3 &  Q4 &  Q5 &  Q6 &  Q7 & 
              Q8
         #  D8 &  F2 &  F3
         # !_LC027 & !Q8 &  _X007;
  _X007  = EXP( C &  Q0 &  Q1 &  Q2 &  Q3 &  Q4 &  Q5 &  Q6 &  Q7);

-- Node name is '|ctr:16|~11~1' 
-- Equation name is '_LC028', type is buried 
-- synthesized logic cell 
_LC028   = LCELL( _EQ012 $  GND);
  _EQ012 =  C &  Q0 &  Q1;

-- Node name is '|ctr:27|~11~1' 
-- Equation name is '_LC027', type is buried 
-- synthesized logic cell 
_LC027   = LCELL( _EQ013 $  GND);
  _EQ013 =  F2 &  F3;

-- Node name is '|x2:10|~5~1' = '|x2:10|X2~1' 
-- Equation name is '_LC022', type is buried 
-- synthesized logic cell 
_LC022   = LCELL( _EQ014 $  GND);
  _EQ014 =  F0 &  F1 &  F3;



--     Shareable expanders that are duplicated in multiple LABs:
--     (none)




Project Information                                 d:\schemotech\plmt_ctr.rpt

** COMPILATION SETTINGS & TIMES **

Processing Menu Commands
------------------------

Design Doctor                             = off

Logic Synthesis:

   Synthesis Type Used                    = Standard

   Default Synthesis Style                = NORMAL

      Logic option settings in 'NORMAL' style for 'MAX7000' family

      DECOMPOSE_GATES                     = on
      DUPLICATE_LOGIC_EXTRACTION          = on
      MINIMIZATION                        = full
      MULTI_LEVEL_FACTORING               = on
      NOT_GATE_PUSH_BACK                  = on
      PARALLEL_EXPANDERS                  = off
      REDUCE_LOGIC                        = on
      REFACTORIZATION                     = on
      REGISTER_OPTIMIZATION               = on
      RESYNTHESIZE_NETWORK                = on
      SLOW_SLEW_RATE                      = off
      SOFT_BUFFER_INSERTION               = on
      SUBFACTOR_EXTRACTION                = on
      TURBO_BIT                           = on
      XOR_SYNTHESIS                       = on
      IGNORE_SOFT_BUFFERS                 = off
      USE_LPM_FOR_AHDL_OPERATORS          = off

   Other logic synthesis settings:

      Automatic Global Clock              = on
      Automatic Global Clear              = on
      Automatic Global Preset             = on
      Automatic Global Output Enable      = on
      Automatic Fast I/O                  = off
      Automatic Register Packing          = off
      Automatic Open-Drain Pins           = on
      Automatic Implement in EAB          = off
      One-Hot State Machine Encoding      = off
      Optimize                            = 5

Default Timing Specifications: None

Cut All Bidir Feedback Timing Paths       = on
Cut All Clear & Preset Timing Paths       = on

Ignore Timing Assignments                 = off

Functional SNF Extractor                  = off

Linked SNF Extractor                      = off
Timing SNF Extractor                      = on
Optimize Timing SNF                       = off
Generate AHDL TDO File                    = off
Fitter Settings                           = NORMAL
Smart Recompile                           = off
Total Recompile                           = off

Interfaces Menu Commands
------------------------

EDIF Netlist Writer                       = off
Verilog Netlist Writer                    = off
VHDL Netlist Writer                       = off

Compilation Times
-----------------

   Compiler Netlist Extractor             00:00:00
   Database Builder                       00:00:00
   Logic Synthesizer                      00:00:00
   Partitioner                            00:00:00
   Fitter                                 00:00:00
   Timing SNF Extractor                   00:00:00
   Assembler                              00:00:00
   --------------------------             --------
   Total Time                             00:00:00


Memory Allocated
-----------------

Peak memory allocated during compilation  = 3,179K
