Build started 23.04.2015 1:16:53.
     1>Project "D:\4Sem\Pro\Lab5\Lab5\Lab5.vcxproj" on node 2 (build target(s)).
     1>InitializeBuildStatus:
         Touching "Debug\Lab5.unsuccessfulbuild".
       _MASM:
         Assembling [Inputs]...
         cmd.exe /C "C:\Users\Cephalgia\AppData\Local\Temp\tmpb9ce2dfa03564b2f8159dced7d13cc7e.cmd"
         ml.exe /c /nologo /Zi /Fo"Debug\longop.obj" /W3 /errorReport:prompt  /Talongop.asm
       _MASM:
         Assembling [Inputs]...
         cmd.exe /C "C:\Users\Cephalgia\AppData\Local\Temp\tmp559ee427a6ce40f0ad67b7e616c0eef7.cmd"
         ml.exe /c /nologo /Zi /Fo"Debug\module.obj" /W3 /errorReport:prompt  /Tamodule.asm
       ManifestResourceCompile:
         All outputs are up-to-date.
       Link:
         d:\Program files\Visual Studio\VC\bin\link.exe /ERRORREPORT:PROMPT /OUT:"D:\4Sem\Pro\Lab5\Debug\Lab5.exe" /INCREMENTAL /NOLOGO kernel32.lib user32.lib gdi32.lib winspool.lib comdlg32.lib advapi32.lib shell32.lib ole32.lib oleaut32.lib uuid.lib odbc32.lib odbccp32.lib /MANIFEST /ManifestFile:"Debug\Lab5.exe.intermediate.manifest" /MANIFESTUAC:"level='asInvoker' uiAccess='false'" /DEBUG /PDB:"D:\4Sem\Pro\Lab5\Debug\Lab5.pdb" /SUBSYSTEM:WINDOWS /TLBID:1 /ENTRY:"start" /DYNAMICBASE /NXCOMPAT /IMPLIB:"D:\4Sem\Pro\Lab5\Debug\Lab5.lib" /MACHINE:X86 Debug\Lab5.exe.embed.manifest.res
         Debug\longop.obj
         Debug\module.obj
     1>LINK : error LNK2001: unresolved external symbol _start
     1>D:\4Sem\Pro\Lab5\Debug\Lab5.exe : fatal error LNK1120: 1 unresolved externals
     1>Done Building Project "D:\4Sem\Pro\Lab5\Lab5\Lab5.vcxproj" (build target(s)) -- FAILED.

Build FAILED.

Time Elapsed 00:00:00.81
