Построение начато 17.05.2014 9:40:24.
     1>Проект "c:\Users\User\documents\visual studio 2010\Projects\lab7again\lab7again\lab7again.vcxproj" в узле 2 (целевые объекты build).
     1>InitializeBuildStatus:
         Создание "Debug\lab7again.unsuccessfulbuild", так как было задано "AlwaysCreate".
       _MASM:
       Целевой объект "_MASM" пропускается, так как все выходные файлы актуальны по отношению к входным.
       _MASM:
       Целевой объект "_MASM" пропускается, так как все выходные файлы актуальны по отношению к входным.
       _MASM:
         Assembling [Inputs]...
         cmd.exe /C "C:\Users\User\AppData\Local\Temp\tmpb7f94888bd6f4b02b3df003b581f01a7.cmd"
         ml.exe /c /nologo /Zi /Fo"Debug\main7.obj" /W3 /errorReport:prompt  /Tamain7.asm
       Link:
         C:\Program Files (x86)\Microsoft Visual Studio 10.0\VC\bin\link.exe /ERRORREPORT:PROMPT /OUT:"c:\users\user\documents\visual studio 2010\Projects\lab7again\Debug\lab7again.exe" /INCREMENTAL:NO kernel32.lib user32.lib gdi32.lib winspool.lib comdlg32.lib advapi32.lib shell32.lib ole32.lib oleaut32.lib uuid.lib odbc32.lib odbccp32.lib /MANIFEST:NO /DEBUG /PDB:"c:\users\user\documents\visual studio 2010\Projects\lab7again\Debug\lab7again.pdb" /SUBSYSTEM:CONSOLE /TLBID:1 /ENTRY:"main" /DYNAMICBASE /NXCOMPAT /IMPLIB:"c:\users\user\documents\visual studio 2010\Projects\lab7again\Debug\lab7again.lib" /MACHINE:X86 Debug\longop.obj
         Debug\module.obj
         Debug\main7.obj
         Microsoft (R) Incremental Linker Version 10.00.30319.01
         Copyright (C) Microsoft Corporation.  All rights reserved.
         
         "/OUT:c:\users\user\documents\visual studio 2010\Projects\lab7again\Debug\lab7again.exe" /INCREMENTAL:NO kernel32.lib user32.lib gdi32.lib winspool.lib comdlg32.lib advapi32.lib shell32.lib ole32.lib oleaut32.lib uuid.lib odbc32.lib odbccp32.lib /MANIFEST:NO /DEBUG "/PDB:c:\users\user\documents\visual studio 2010\Projects\lab7again\Debug\lab7again.pdb" /SUBSYSTEM:CONSOLE /TLBID:1 "/ENTRY:main" /DYNAMICBASE /NXCOMPAT "/IMPLIB:c:\users\user\documents\visual studio 2010\Projects\lab7again\Debug\lab7again.lib" /MACHINE:X86 Debug\longop.obj 
         Debug\module.obj 
         Debug\main7.obj 
     1>main7.obj : error LNK2001: неразрешенный внешний символ "_StrDec_MY"
     1>c:\users\user\documents\visual studio 2010\Projects\lab7again\Debug\lab7again.exe : fatal error LNK1120: 1 неразрешенных внешних элементов
     1>Построение проекта "c:\Users\User\documents\visual studio 2010\Projects\lab7again\lab7again\lab7again.vcxproj" завершено (целевые объекты build) с ошибкой.

СБОЙ построения.

Затраченное время: 00:00:00.80
