Build started 25.10.2012 15:09:51.
     1>Project "E:\documents\Science\System_programming\5sem\labs\mylabs\lab4\Sysprog_lab4\Sysprog_lab4\Sysprog_lab4.vcxproj" on node 2 (Build target(s)).
     1>ClCompile:
         E:\Program Files (x86)\Microsoft Visual Studio 11.0\VC\bin\CL.exe /c /ZI /nologo /W3 /WX- /sdl /Od /Oy- /D WIN32 /D _DEBUG /D _CONSOLE /D _UNICODE /D UNICODE /Gm /EHsc /RTC1 /MDd /GS /fp:precise /Zc:wchar_t /Zc:forScope /Yu"stdafx.h" /Fp"Debug\Sysprog_lab4.pch" /Fo"Debug\\" /Fd"Debug\vc110.pdb" /Gd /TP /showIncludes /analyze- /errorReport:prompt lexan.cpp
         lexan.cpp
         Note: including file: e:\documents\science\system_programming\5sem\labs\mylabs\lab4\sysprog_lab4\sysprog_lab4\automat.h
         Note: including file: e:\documents\science\system_programming\5sem\labs\mylabs\lab4\sysprog_lab4\sysprog_lab4\langio.h
         Note: including file: E:\documents\Science\System_programming\5sem\labs\mylabs\lab3\Sysprog_Lab3\Sysprog_Lab3\token.h
         Note: including file: e:\documents\science\system_programming\5sem\labs\mylabs\lab4\sysprog_lab4\sysprog_lab4\tables.h
         Note: including file: e:\documents\science\system_programming\5sem\labs\mylabs\lab4\sysprog_lab4\sysprog_lab4\index.h
         Note: including file: E:\Program Files (x86)\Microsoft Visual Studio 11.0\VC\include\stdlib.h
         Note: including file:  E:\Program Files (x86)\Microsoft Visual Studio 11.0\VC\include\crtdefs.h
         Note: including file:   E:\Program Files (x86)\Microsoft Visual Studio 11.0\VC\include\sal.h
         Note: including file:    E:\Program Files (x86)\Microsoft Visual Studio 11.0\VC\include\ConcurrencySal.h
         Note: including file:   E:\Program Files (x86)\Microsoft Visual Studio 11.0\VC\include\vadefs.h
         Note: including file:  E:\Program Files (x86)\Microsoft Visual Studio 11.0\VC\include\limits.h
         Note: including file:   E:\Program Files (x86)\Microsoft Visual Studio 11.0\VC\include\crtdefs.h
       Link:
         E:\Program Files (x86)\Microsoft Visual Studio 11.0\VC\bin\link.exe /ERRORREPORT:PROMPT /OUT:"E:\documents\Science\System_programming\5sem\labs\mylabs\lab4\Sysprog_lab4\Debug\Sysprog_lab4.exe" /INCREMENTAL /NOLOGO kernel32.lib user32.lib gdi32.lib winspool.lib comdlg32.lib advapi32.lib shell32.lib ole32.lib oleaut32.lib uuid.lib odbc32.lib odbccp32.lib /MANIFEST /MANIFESTUAC:"level='asInvoker' uiAccess='false'" /manifest:embed /DEBUG /PDB:"E:\documents\Science\System_programming\5sem\labs\mylabs\lab4\Sysprog_lab4\Debug\Sysprog_lab4.pdb" /SUBSYSTEM:CONSOLE /TLBID:1 /DYNAMICBASE /NXCOMPAT /IMPLIB:"E:\documents\Science\System_programming\5sem\labs\mylabs\lab4\Sysprog_lab4\Debug\Sysprog_lab4.lib" /MACHINE:X86 Debug\Sysprog_lab4.res
         Debug\automat.obj
         Debug\index.obj
         Debug\langio.obj
         Debug\lexan.obj
         Debug\stdafx.obj
         Debug\Sysprog_lab4.obj
         Debug\tables.obj
     1>lexan.obj : error LNK2001: unresolved external symbol "enum autStat (* nxtStsC)[19]" (?nxtStsC@@3PAY0BD@W4autStat@@A)
     1>lexan.obj : error LNK2001: unresolved external symbol "enum autStat (* nxtStsP)[19]" (?nxtStsP@@3PAY0BD@W4autStat@@A)
     1>lexan.obj : error LNK2001: unresolved external symbol "char * * oprtrC" (?oprtrC@@3PAPADA)
     1>lexan.obj : error LNK2001: unresolved external symbol "char * * oprtrP" (?oprtrP@@3PAPADA)
     1>lexan.obj : error LNK2001: unresolved external symbol "char * * cprC" (?cprC@@3PAPADA)
     1>lexan.obj : error LNK2001: unresolved external symbol "char * * cprP" (?cprP@@3PAPADA)
     1>lexan.obj : error LNK2001: unresolved external symbol "struct recrdKWD * tablKWDC" (?tablKWDC@@3PAUrecrdKWD@@A)
     1>lexan.obj : error LNK2001: unresolved external symbol "struct recrdKWD * tablKWDP" (?tablKWDP@@3PAUrecrdKWD@@A)
     1>Sysprog_lab4.obj : error LNK2001: unresolved external symbol "enum ltrType * ltClsC" (?ltClsC@@3PAW4ltrType@@A)
     1>Sysprog_lab4.obj : error LNK2001: unresolved external symbol "enum tokType * dlCdsC" (?dlCdsC@@3PAW4tokType@@A)
     1>Sysprog_lab4.obj : error LNK2019: unresolved external symbol "void __cdecl prLaTxt(struct lxNode *,unsigned int)" (?prLaTxt@@YAXPAUlxNode@@I@Z) referenced in function _main
     1>E:\documents\Science\System_programming\5sem\labs\mylabs\lab4\Sysprog_lab4\Debug\Sysprog_lab4.exe : fatal error LNK1120: 11 unresolved externals
     1>Done Building Project "E:\documents\Science\System_programming\5sem\labs\mylabs\lab4\Sysprog_lab4\Sysprog_lab4\Sysprog_lab4.vcxproj" (Build target(s)) -- FAILED.

Build FAILED.

Time Elapsed 00:00:00.38
