Build started 20.04.2013 23:23:56.
     1>Project "E:\SkyDrive\Documents\Science\PRO\6sem\course_work\work\pro2_course_work_MPI\pro2_course_work_MPI\pro2_course_work_MPI.vcxproj" on node 2 (build target(s)).
     1>InitializeBuildStatus:
         Creating "Release\pro2_course_work_MPI.unsuccessfulbuild" because "AlwaysCreate" was specified.
       ClCompile:
         E:\Program Files (x86)\Microsoft Visual Studio 10.0\VC\bin\CL.exe /c /I"E:\Program Files\Microsoft HPC Pack 2008 SDK\Include\\" /Zi /nologo /W3 /WX- /O2 /Oi /Oy- /GL /D WIN32 /D NDEBUG /D _CONSOLE /D _UNICODE /D UNICODE /Gm- /EHsc /MD /GS /Gy /fp:precise /Zc:wchar_t /Zc:forScope /Fo"Release\\" /Fd"Release\vc100.pdb" /Gd /TP /analyze- /errorReport:prompt prg2.cpp
         prg2.cpp
       Link:
         E:\Program Files (x86)\Microsoft Visual Studio 10.0\VC\bin\link.exe /ERRORREPORT:PROMPT /OUT:"E:\SkyDrive\Documents\Science\PRO\6sem\course_work\work\pro2_course_work_MPI\Release\pro2_course_work_MPI.exe" /INCREMENTAL:NO /NOLOGO /LIBPATH:"E:\Program Files\Microsoft HPC Pack 2008 SDK\Lib\i386\\" kernel32.lib user32.lib gdi32.lib winspool.lib comdlg32.lib advapi32.lib shell32.lib ole32.lib oleaut32.lib uuid.lib odbc32.lib odbccp32.lib kernel32.lib user32.lib gdi32.lib winspool.lib comdlg32.lib advapi32.lib shell32.lib ole32.lib oleaut32.lib uuid.lib odbc32.lib odbccp32.lib msmpi.lib /MANIFEST /ManifestFile:"Release\pro2_course_work_MPI.exe.intermediate.manifest" /MANIFESTUAC:"level='asInvoker' uiAccess='false'" /DEBUG /PDB:"E:\SkyDrive\Documents\Science\PRO\6sem\course_work\work\pro2_course_work_MPI\Release\pro2_course_work_MPI.pdb" /SUBSYSTEM:CONSOLE /OPT:REF /OPT:ICF /LTCG /TLBID:1 /DYNAMICBASE /NXCOMPAT /IMPLIB:"E:\SkyDrive\Documents\Science\PRO\6sem\course_work\work\pro2_course_work_MPI\Release\pro2_course_work_MPI.lib" /MACHINE:X86 Release\matrix.obj
         Release\operations.obj
         Release\prg2.obj
         Generating code
         Finished generating code
         pro2_course_work_MPI.vcxproj -> E:\SkyDrive\Documents\Science\PRO\6sem\course_work\work\pro2_course_work_MPI\Release\pro2_course_work_MPI.exe
       Manifest:
         C:\Program Files (x86)\Microsoft SDKs\Windows\v7.0A\bin\mt.exe /nologo /verbose /outputresource:"E:\SkyDrive\Documents\Science\PRO\6sem\course_work\work\pro2_course_work_MPI\Release\pro2_course_work_MPI.exe;#1" /manifest Release\pro2_course_work_MPI.exe.intermediate.manifest
       FinalizeBuildStatus:
         Deleting file "Release\pro2_course_work_MPI.unsuccessfulbuild".
         Touching "Release\pro2_course_work_MPI.lastbuildstate".
     1>Done Building Project "E:\SkyDrive\Documents\Science\PRO\6sem\course_work\work\pro2_course_work_MPI\pro2_course_work_MPI\pro2_course_work_MPI.vcxproj" (build target(s)).

Build succeeded.

Time Elapsed 00:00:05.33
