Build started 22.05.2015 22:35:22.
     1>Project "D:\KPI\II\СП\lab2\lab2\lab2.vcxproj" on node 2 (Build target(s)).
     1>_MASM:
         Assembling ..\..\..\..\..\masm32\modules\longpop.asm...
         cmd.exe /C "C:\Users\Настя\AppData\Local\Temp\tmpf854492b7e5e4afbb21cfad41ed9ac6a.cmd"
         ml.exe /c /nologo /Zi /Fo"Debug\longpop.obj" /W3 /errorReport:prompt  /Ta..\..\..\..\..\masm32\modules\longpop.asm
     1>..\..\..\..\..\masm32\modules\longpop.asm(124): error A2044: invalid c..\..\..\..\..\masm32\modules\longpop.asm(125)r specified size
     1>..\..\..\..\..\masm32\modules\longpop.asm(125): error A2044: invalid c..\..\..\..\..\masm32\modules\longpop.asm(126)r specified size
     1>..\..\..\..\..\masm32\modules\longpop.asm(126): error A2044: invalid c..\..\..\..\..\masm32\modules\longpop.asm(127)r specified size
     1>..\..\..\..\..\masm32\modules\longpop.asm(127): error A2044: invalid c..\..\..\..\..\masm32\modules\longpop.asm(128)r specified size
     1>..\..\..\..\..\masm32\modules\longpop.asm(128): error A2044: invalid c..\..\..\..\..\masm32\modules\longpop.asm(129)r specified size
     1>..\..\..\..\..\masm32\modules\longpop.asm(129): error A2044: invalid c..\..\..\..\..\masm32\modules\longpop.asm(130)r specified size
     1>..\..\..\..\..\masm32\modules\longpop.asm(130): error A2044: invalid c..\..\..\..\..\masm32\modules\longpop.asm(131)r specified size
     1>..\..\..\..\..\masm32\modules\longpop.asm(131): error A2044: invalid c..\..\..\..\..\masm32\modules\longpop.asm(132)r specified size
     1>..\..\..\..\..\masm32\modules\longpop.asm(132): error A2044: invalid c..\..\..\..\..\masm32\modules\longpop.asm(133)r specified size
     1>..\..\..\..\..\masm32\modules\longpop.asm(133): error A2044: invalid c..\..\..\..\..\masm32\modules\longpop.asm(134)r specified size
     1>..\..\..\..\..\masm32\modules\longpop.asm(134): error A2044: invalid c..\..\..\..\..\masm32\modules\longpop.asm(135)r specified size
     1>..\..\..\..\..\masm32\modules\longpop.asm(135): error A2044: invalid c..\..\..\..\..\masm32\modules\longpop.asm(136)r specified size
     1>..\..\..\..\..\masm32\modules\longpop.asm(136): error A2044: invalid c..\..\..\..\..\masm32\modules\longpop.asm(137)r specified size
     1>..\..\..\..\..\masm32\modules\longpop.asm(137): error A2044: invalid c..\..\..\..\..\masm32\modules\longpop.asm(138)r specified size
     1>..\..\..\..\..\masm32\modules\longpop.asm(138): error A2044: invalid c..\..\..\..\..\masm32\modules\longpop.asm(139)r specified size
     1>..\..\..\..\..\masm32\modules\longpop.asm(139): error A2044: invalid c..\..\..\..\..\masm32\modules\longpop.asm(140)r specified size
     1>..\..\..\..\..\masm32\modules\longpop.asm(140): error A2044: invalid c..\..\..\..\..\masm32\modules\longpop.asm(141)r specified size
     1>..\..\..\..\..\masm32\modules\longpop.asm(141): error A2044: invalid c..\..\..\..\..\masm32\modules\longpop.asm(142)r specified size
     1>..\..\..\..\..\masm32\modules\longpop.asm(142): error A2044: invalid c..\..\..\..\..\masm32\modules\longpop.asm(143)r specified size
     1>..\..\..\..\..\masm32\modules\longpop.asm(143): error A2044: invalid c..\..\..\..\..\masm32\modules\longpop.asm(144)r specified size
     1>..\..\..\..\..\masm32\modules\longpop.asm(144): error A2044: invalid c..\..\..\..\..\masm32\modules\longpop.asm(145)r specified size
     1>..\..\..\..\..\masm32\modules\longpop.asm(145): error A2044: invalid c..\..\..\..\..\masm32\modules\longpop.asm(146)r specified size
     1>..\..\..\..\..\masm32\modules\longpop.asm(146): error A2044: invalid c..\..\..\..\..\masm32\modules\longpop.asm(147)r specified size
     1>..\..\..\..\..\masm32\modules\longpop.asm(147): error A2044: invalid c..\..\..\..\..\masm32\modules\longpop.asm(148)r specified size
     1>..\..\..\..\..\masm32\modules\longpop.asm(148): error A2044: invalid c..\..\..\..\..\masm32\modules\longpop.asm(149)r specified size
     1>..\..\..\..\..\masm32\modules\longpop.asm(149): error A2044: invalid c..\..\..\..\..\masm32\modules\longpop.asm(150)r specified size
     1>..\..\..\..\..\masm32\modules\longpop.asm(150): error A2044: invalid c..\..\..\..\..\masm32\modules\longpop.asm(151)r specified size
     1>..\..\..\..\..\masm32\modules\longpop.asm(151): error A2044: invalid c..\..\..\..\..\masm32\modules\longpop.asm(152)r specified size
     1>..\..\..\..\..\masm32\modules\longpop.asm(152): error A2044: invalid c..\..\..\..\..\masm32\modules\longpop.asm(153)r specified size
     1>..\..\..\..\..\masm32\modules\longpop.asm(153): error A2044: invalid c..\..\..\..\..\masm32\modules\longpop.asm(154)r specified size
     1>..\..\..\..\..\masm32\modules\longpop.asm(154): error A2044: invalid c..\..\..\..\..\masm32\modules\longpop.asm(155)r specified size
     1>..\..\..\..\..\masm32\modules\longpop.asm(155): error A2044: invalid c..\..\..\..\..\masm32\modules\longpop.asm(156)r specified size
     1>..\..\..\..\..\masm32\modules\longpop.asm(156): error A2044: invalid c..\..\..\..\..\masm32\modules\longpop.asm(157)r specified size
     1>..\..\..\..\..\masm32\modules\longpop.asm(157): error A2044: invalid c..\..\..\..\..\masm32\modules\longpop.asm(158)r specified size
     1>..\..\..\..\..\masm32\modules\longpop.asm(158): error A2044: invalid c..\..\..\..\..\masm32\modules\longpop.asm(159)r specified size
     1>..\..\..\..\..\masm32\modules\longpop.asm(159): error A2044: invalid c..\..\..\..\..\masm32\modules\longpop.asm(160)r specified size
     1>..\..\..\..\..\masm32\modules\longpop.asm(160): error A2044: invalid c..\..\..\..\..\masm32\modules\longpop.asm(161)r specified size
     1>..\..\..\..\..\masm32\modules\longpop.asm(161): error A2044: invalid c..\..\..\..\..\masm32\modules\longpop.asm(162)r specified size
     1>..\..\..\..\..\masm32\modules\longpop.asm(162): error A2044: invalid c..\..\..\..\..\masm32\modules\longpop.asm(163)r specified size
     1>..\..\..\..\..\masm32\modules\longpop.asm(163): error A2044: invalid c..\..\..\..\..\masm32\modules\longpop.asm(164)r specified size
     1>..\..\..\..\..\masm32\modules\longpop.asm(164): error A2044: invalid c..\..\..\..\..\masm32\modules\longpop.asm(165)r specified size
     1>..\..\..\..\..\masm32\modules\longpop.asm(165): error A2044: invalid c..\..\..\..\..\masm32\modules\longpop.asm(166)r specified size
     1>..\..\..\..\..\masm32\modules\longpop.asm(166): error A2044: invalid c..\..\..\..\..\masm32\modules\longpop.asm(167)r specified size
     1>..\..\..\..\..\masm32\modules\longpop.asm(167): error A2044: invalid c..\..\..\..\..\masm32\modules\longpop.asm(168)r specified size
     1>..\..\..\..\..\masm32\modules\longpop.asm(168): error A2044: invalid c..\..\..\..\..\masm32\modules\longpop.asm(169)r specified size
     1>..\..\..\..\..\masm32\modules\longpop.asm(169): error A2044: invalid c..\..\..\..\..\masm32\modules\longpop.asm(170)r specified size
     1>..\..\..\..\..\masm32\modules\longpop.asm(170): error A2044: invalid c..\..\..\..\..\masm32\modules\longpop.asm(171)r specified size
     1>..\..\..\..\..\masm32\modules\longpop.asm(171): error A2044: invalid c..\..\..\..\..\masm32\modules\longpop.asm(172)r specified size
     1>..\..\..\..\..\masm32\modules\longpop.asm(172): error A2044: invalid c..\..\..\..\..\masm32\modules\longpop.asm(173)100; stopping assembly
     1>C:\Program Files (x86)\MSBuild\Microsoft.Cpp\v4.0\V120\BuildCustomizations\masm.targets(50,5): error MSB3721: The command "ml.exe /c /nologo /Zi /Fo"Debug\longpop.obj" /W3 /errorReport:prompt  /Ta..\..\..\..\..\masm32\modules\longpop.asm" exited with code 1.
     1>Done Building Project "D:\KPI\II\СП\lab2\lab2\lab2.vcxproj" (Build target(s)) -- FAILED.

Build FAILED.

Time Elapsed 00:00:01.26
