.\Debug\spLb7.bsc
.\Debug\spLb7.pdb
D:\papst\Progr536\sp2007\IO66\spLb1\spLb1\spLb7\.\Debug\spLb7.exe
D:\papst\Progr536\sp2007\IO66\spLb1\spLb1\spLb7\.\Debug\spLb7.exe.intermediate.manifest
D:\papst\Progr536\sp2007\IO66\spLb1\spLb1\spLb7\Debug\BscMake.command.1.tlog
D:\papst\Progr536\sp2007\IO66\spLb1\spLb1\spLb7\Debug\bscmake.read.1.tlog
D:\papst\Progr536\sp2007\IO66\spLb1\spLb1\spLb7\Debug\bscmake.write.1.tlog
D:\papst\Progr536\sp2007\IO66\spLb1\spLb1\spLb7\Debug\cl.command.1.tlog
D:\papst\Progr536\sp2007\IO66\spLb1\spLb1\spLb7\Debug\CL.read.1.tlog
D:\papst\Progr536\sp2007\IO66\spLb1\spLb1\spLb7\Debug\CL.write.1.tlog
D:\PAPST\PROGR536\SP2007\IO66\SPLB1\SPLB1\SPLB7\DEBUG\INDEX.OBJ
D:\PAPST\PROGR536\SP2007\IO66\SPLB1\SPLB1\SPLB7\DEBUG\INDEX.SBR
D:\PAPST\PROGR536\SP2007\IO66\SPLB1\SPLB1\SPLB7\DEBUG\LANGIO.OBJ
D:\PAPST\PROGR536\SP2007\IO66\SPLB1\SPLB1\SPLB7\DEBUG\LANGIO.SBR
D:\PAPST\PROGR536\SP2007\IO66\SPLB1\SPLB1\SPLB7\DEBUG\LEXAN.OBJ
D:\PAPST\PROGR536\SP2007\IO66\SPLB1\SPLB1\SPLB7\DEBUG\LEXAN.SBR
D:\PAPST\PROGR536\SP2007\IO66\SPLB1\SPLB1\SPLB7\DEBUG\LEXCALC.OBJ
D:\PAPST\PROGR536\SP2007\IO66\SPLB1\SPLB1\SPLB7\DEBUG\LEXCALC.SBR
D:\papst\Progr536\sp2007\IO66\spLb1\spLb1\spLb7\Debug\link.command.1.tlog
D:\papst\Progr536\sp2007\IO66\spLb1\spLb1\spLb7\Debug\link.read.1.tlog
D:\papst\Progr536\sp2007\IO66\spLb1\spLb1\spLb7\Debug\link.write.1.tlog
D:\papst\Progr536\sp2007\IO66\spLb1\spLb1\spLb7\Debug\link-cvtres.read.1.tlog
D:\papst\Progr536\sp2007\IO66\spLb1\spLb1\spLb7\Debug\link-cvtres.write.1.tlog
D:\papst\Progr536\sp2007\IO66\spLb1\spLb1\spLb7\Debug\mt.command.1.tlog
D:\papst\Progr536\sp2007\IO66\spLb1\spLb1\spLb7\Debug\mt.read.1.tlog
D:\papst\Progr536\sp2007\IO66\spLb1\spLb1\spLb7\Debug\mt.write.1.tlog
D:\PAPST\PROGR536\SP2007\IO66\SPLB1\SPLB1\SPLB7\DEBUG\OPERSPC.OBJ
D:\PAPST\PROGR536\SP2007\IO66\SPLB1\SPLB1\SPLB7\DEBUG\OPERSPC.SBR
D:\PAPST\PROGR536\SP2007\IO66\SPLB1\SPLB1\SPLB7\DEBUG\PARPC.OBJ
D:\PAPST\PROGR536\SP2007\IO66\SPLB1\SPLB1\SPLB7\DEBUG\PARPC.SBR
D:\PAPST\PROGR536\SP2007\IO66\SPLB1\SPLB1\SPLB7\DEBUG\PARPP.OBJ
D:\PAPST\PROGR536\SP2007\IO66\SPLB1\SPLB1\SPLB7\DEBUG\PARPP.SBR
D:\PAPST\PROGR536\SP2007\IO66\SPLB1\SPLB1\SPLB7\DEBUG\PARSC.OBJ
D:\PAPST\PROGR536\SP2007\IO66\SPLB1\SPLB1\SPLB7\DEBUG\PARSC.SBR
D:\PAPST\PROGR536\SP2007\IO66\SPLB1\SPLB1\SPLB7\DEBUG\PARSP.OBJ
D:\PAPST\PROGR536\SP2007\IO66\SPLB1\SPLB1\SPLB7\DEBUG\PARSP.SBR
D:\PAPST\PROGR536\SP2007\IO66\SPLB1\SPLB1\SPLB7\DEBUG\PARSV.OBJ
D:\PAPST\PROGR536\SP2007\IO66\SPLB1\SPLB1\SPLB7\DEBUG\PARSV.SBR
D:\papst\Progr536\sp2007\IO66\spLb1\spLb1\spLb7\Debug\rc.command.1.tlog
D:\papst\Progr536\sp2007\IO66\spLb1\spLb1\spLb7\Debug\rc.read.1.tlog
D:\papst\Progr536\sp2007\IO66\spLb1\spLb1\spLb7\Debug\rc.write.1.tlog
D:\PAPST\PROGR536\SP2007\IO66\SPLB1\SPLB1\SPLB7\DEBUG\SEMAN.OBJ
D:\PAPST\PROGR536\SP2007\IO66\SPLB1\SPLB1\SPLB7\DEBUG\SEMAN.SBR
D:\PAPST\PROGR536\SP2007\IO66\SPLB1\SPLB1\SPLB7\DEBUG\SEMANT.OBJ
D:\PAPST\PROGR536\SP2007\IO66\SPLB1\SPLB1\SPLB7\DEBUG\SEMANT.SBR
D:\PAPST\PROGR536\SP2007\IO66\SPLB1\SPLB1\SPLB7\DEBUG\SPLB7.BSC
D:\PAPST\PROGR536\SP2007\IO66\SPLB1\SPLB1\SPLB7\DEBUG\SPLB7.EXE
D:\PAPST\PROGR536\SP2007\IO66\SPLB1\SPLB1\SPLB7\DEBUG\SPLB7.EXE.EMBED.MANIFEST
D:\PAPST\PROGR536\SP2007\IO66\SPLB1\SPLB1\SPLB7\DEBUG\SPLB7.EXE.EMBED.MANIFEST.RES
D:\PAPST\PROGR536\SP2007\IO66\SPLB1\SPLB1\SPLB7\DEBUG\SPLB7.EXE.INTERMEDIATE.MANIFEST
D:\PAPST\PROGR536\SP2007\IO66\SPLB1\SPLB1\SPLB7\DEBUG\SPLB7.OBJ
D:\PAPST\PROGR536\SP2007\IO66\SPLB1\SPLB1\SPLB7\DEBUG\SPLB7.PCH
D:\PAPST\PROGR536\SP2007\IO66\SPLB1\SPLB1\SPLB7\DEBUG\SPLB7.PDB
D:\PAPST\PROGR536\SP2007\IO66\SPLB1\SPLB1\SPLB7\DEBUG\SPLB7.SBR
D:\papst\Progr536\sp2007\IO66\spLb1\spLb1\spLb7\Debug\spLb7_manifest.rc
D:\PAPST\PROGR536\SP2007\IO66\SPLB1\SPLB1\SPLB7\DEBUG\STDAFX.OBJ
D:\PAPST\PROGR536\SP2007\IO66\SPLB1\SPLB1\SPLB7\DEBUG\STDAFX.SBR
D:\PAPST\PROGR536\SP2007\IO66\SPLB1\SPLB1\SPLB7\DEBUG\SYNTAXP.OBJ
D:\PAPST\PROGR536\SP2007\IO66\SPLB1\SPLB1\SPLB7\DEBUG\SYNTAXP.SBR
D:\PAPST\PROGR536\SP2007\IO66\SPLB1\SPLB1\SPLB7\DEBUG\TABLES.OBJ
D:\PAPST\PROGR536\SP2007\IO66\SPLB1\SPLB1\SPLB7\DEBUG\TABLES.SBR
D:\papst\Progr536\sp2007\IO66\spLb1\spLb1\spLb7\Debug\vc100.idb
D:\PAPST\PROGR536\SP2007\IO66\SPLB1\SPLB1\SPLB7\DEBUG\VC100.PDB
D:\papst\Progr536\sp2007\IO66\spLb1\spLb1\spLb7\Debug\vc60.idb
D:\papst\Progr536\sp2007\IO66\spLb1\spLb1\spLb7\Debug\vc60.pdb
D:\PAPST\PROGR536\SP2007\IO66\SPLB1\SPLB1\SPLB7\DEBUG\VISGRP.OBJ
D:\PAPST\PROGR536\SP2007\IO66\SPLB1\SPLB1\SPLB7\DEBUG\VISGRP.SBR
