Build started 08.05.2010 13:22:22.
     1>Project "D:\Documents\Учёба\3 курс\6 семестр\Параллельные и распределенные вычисления\Курсовая работа\CP_LM\CP_LM\CP_LM.vcxproj" on node 2 (build target(s)).
     1>InitializeBuildStatus:
         Creating "Debug\CP_LM.unsuccessfulbuild" because "AlwaysCreate" was specified.
       ClCompile:
         All outputs are up-to-date.
         C:\Program Files\Microsoft Visual Studio 10.0\VC\bin\CL.exe /c /ZI /nologo /W3 /WX- /Od /Oy- /D WIN32 /D _DEBUG /D _CONSOLE /D _UNICODE /D UNICODE /Gm /EHsc /RTC1 /MDd /GS /fp:precise /Zc:wchar_t /Zc:forScope /Yu"StdAfx.h" /Fp"Debug\CP_LM.pch" /Fo"Debug\\" /Fd"Debug\vc100.pdb" /Gd /TP /analyze- /errorReport:prompt CP_LM.cpp
         CP_LM.cpp
       ManifestResourceCompile:
         All outputs are up-to-date.
       Link:
         C:\Program Files\Microsoft Visual Studio 10.0\VC\bin\link.exe /ERRORREPORT:PROMPT /OUT:"D:\Documents\Учёба\3 курс\6 семестр\Параллельные и распределенные вычисления\Курсовая работа\CP_LM\Debug\CP_LM.exe" /INCREMENTAL /NOLOGO kernel32.lib user32.lib gdi32.lib winspool.lib comdlg32.lib advapi32.lib shell32.lib ole32.lib oleaut32.lib uuid.lib odbc32.lib odbccp32.lib /MANIFEST /ManifestFile:"Debug\CP_LM.exe.intermediate.manifest" /MANIFESTUAC:"level='asInvoker' uiAccess='false'" /DEBUG /PDB:"D:\Documents\Учёба\3 курс\6 семестр\Параллельные и распределенные вычисления\Курсовая работа\CP_LM\Debug\CP_LM.pdb" /SUBSYSTEM:CONSOLE /TLBID:1 /DYNAMICBASE /NXCOMPAT /IMPLIB:"D:\Documents\Учёба\3 курс\6 семестр\Параллельные и распределенные вычисления\Курсовая работа\CP_LM\Debug\CP_LM.lib" /MACHINE:X86 Debug\CP_LM.exe.embed.manifest.res
         Debug\CP_LM.obj
         Debug\Matrix.obj
         Debug\stdafx.obj
         Debug\Vector.obj
         mpich.lib
       Manifest:
         C:\Program Files\Microsoft SDKs\Windows\v7.0A\bin\mt.exe /nologo /verbose /out:"Debug\CP_LM.exe.embed.manifest" /manifest Debug\CP_LM.exe.intermediate.manifest
         All outputs are up-to-date.
       LinkEmbedManifest:
         All outputs are up-to-date.
         CP_LM.vcxproj -> D:\Documents\Учёба\3 курс\6 семестр\Параллельные и распределенные вычисления\Курсовая работа\CP_LM\Debug\CP_LM.exe
       FinalizeBuildStatus:
         Deleting file "Debug\CP_LM.unsuccessfulbuild".
         Touching "Debug\CP_LM.lastbuildstate".
     1>Done Building Project "D:\Documents\Учёба\3 курс\6 семестр\Параллельные и распределенные вычисления\Курсовая работа\CP_LM\CP_LM\CP_LM.vcxproj" (build target(s)).

Build succeeded.

Time Elapsed 00:00:04.43
