Построение начато 17.05.2014 10:01:03.
     1>Проект "C:\Users\User\Documents\Visual Studio 2010\Projects\lab7\lab7\lab7.vcxproj" в узле 2 (целевые объекты build).
     1>InitializeBuildStatus:
         Обращение к "Debug\lab7.unsuccessfulbuild".
       _MASM:
       Целевой объект "_MASM" пропускается, так как все выходные файлы актуальны по отношению к входным.
       _MASM:
       Целевой объект "_MASM" пропускается, так как все выходные файлы актуальны по отношению к входным.
       _MASM:
         Assembling [Inputs]...
         cmd.exe /C "C:\Users\User\AppData\Local\Temp\tmp7f962d66476b40f692b685038a647ab8.cmd"
         ml.exe /c /nologo /Zi /Fo"Debug\main7.obj" /W3 /errorReport:prompt  /Tamain7.asm
       Link:
         C:\Program Files (x86)\Microsoft Visual Studio 10.0\VC\bin\link.exe /ERRORREPORT:PROMPT /OUT:"C:\Users\User\Documents\Visual Studio 2010\Projects\lab7\Debug\lab7.exe" /INCREMENTAL:NO /NOLOGO kernel32.lib user32.lib gdi32.lib winspool.lib comdlg32.lib advapi32.lib shell32.lib ole32.lib oleaut32.lib uuid.lib odbc32.lib odbccp32.lib /MANIFEST:NO /DEBUG /PDB:"C:\Users\User\Documents\Visual Studio 2010\Projects\lab7\Debug\lab7.pdb" /SUBSYSTEM:WINDOWS /TLBID:1 /ENTRY:"main" /DYNAMICBASE /NXCOMPAT /IMPLIB:"C:\Users\User\Documents\Visual Studio 2010\Projects\lab7\Debug\lab7.lib" /MACHINE:X86 Debug\longop.obj
         Debug\module.obj
         Debug\main7.obj
     1>main7.obj : error LNK2001: неразрешенный внешний символ "_StrDec_MY"
     1>C:\Users\User\Documents\Visual Studio 2010\Projects\lab7\Debug\lab7.exe : fatal error LNK1120: 1 неразрешенных внешних элементов
     1>Построение проекта "C:\Users\User\Documents\Visual Studio 2010\Projects\lab7\lab7\lab7.vcxproj" завершено (целевые объекты build) с ошибкой.

СБОЙ построения.

Затраченное время: 00:00:00.56
