Построение начато 19.05.2014 14:52:38.
     1>Проект "C:\Users\User\documents\visual studio 2010\Projects\lab7\lab7\lab7.vcxproj" в узле 2 (целевые объекты build).
     1>InitializeBuildStatus:
         Создание "Release\lab7.unsuccessfulbuild", так как было задано "AlwaysCreate".
       _MASM:
       Целевой объект "_MASM" пропускается, так как все выходные файлы актуальны по отношению к входным.
       _MASM:
       Целевой объект "_MASM" пропускается, так как все выходные файлы актуальны по отношению к входным.
       _MASM:
         Assembling [Inputs]...
         cmd.exe /C "C:\Users\User\AppData\Local\Temp\83304c592c7c4c9bb2a7c9d98e59ec77.cmd"
         ml.exe /c /nologo /Zi /Fo"Release\main7.obj" /W3 /errorReport:prompt  /Tamain7.asm
       Link:
         C:\Program Files (x86)\Microsoft Visual Studio 10.0\VC\bin\link.exe /ERRORREPORT:PROMPT /OUT:"C:\Users\User\documents\visual studio 2010\Projects\lab7\Release\lab7.exe" /INCREMENTAL:NO /NOLOGO kernel32.lib user32.lib gdi32.lib winspool.lib comdlg32.lib advapi32.lib shell32.lib ole32.lib oleaut32.lib uuid.lib odbc32.lib odbccp32.lib /MANIFEST /ManifestFile:"Release\lab7.exe.intermediate.manifest" /MANIFESTUAC:"level='asInvoker' uiAccess='false'" /DEBUG /PDB:"C:\Users\User\documents\visual studio 2010\Projects\lab7\Release\lab7.pdb" /SUBSYSTEM:WINDOWS /OPT:REF /OPT:ICF /LTCG /TLBID:1 /DYNAMICBASE /NXCOMPAT /IMPLIB:"C:\Users\User\documents\visual studio 2010\Projects\lab7\Release\lab7.lib" /MACHINE:X86 Release\longop.obj
         Release\module.obj
         Release\main7.obj
         LINK : указан параметр /LTCG, но не требуется создание кода; удалите /LTCG из командной строки компоновки для повышения производительности компоновщика
         lab7.vcxproj -> C:\Users\User\documents\visual studio 2010\Projects\lab7\Release\lab7.exe
       Manifest:
         C:\Program Files (x86)\Microsoft SDKs\Windows\v7.0A\bin\mt.exe /nologo /verbose /outputresource:"C:\Users\User\documents\visual studio 2010\Projects\lab7\Release\lab7.exe;#1" /manifest Release\lab7.exe.intermediate.manifest
       FinalizeBuildStatus:
         Файл "Release\lab7.unsuccessfulbuild" удаляется.
         Обращение к "Release\lab7.lastbuildstate".
     1>Построение проекта "C:\Users\User\documents\visual studio 2010\Projects\lab7\lab7\lab7.vcxproj" завершено (целевые объекты build).

Построение успешно завершено.

Затраченное время: 00:00:00.41
