E:\EDUCATION\5\SP\SPLB1\SPLB1\SPLB3\DEBUG\AUTOMAT.OBJ
E:\EDUCATION\5\SP\SPLB1\SPLB1\SPLB3\DEBUG\AUTOMAT.SBR
E:\Education\5\SP\spLb1\spLb1\spLb3\Debug\cl.command.1.tlog
E:\Education\5\SP\spLb1\spLb1\spLb3\Debug\CL.read.1.tlog
E:\Education\5\SP\spLb1\spLb1\spLb3\Debug\CL.write.1.tlog
E:\EDUCATION\5\SP\SPLB1\SPLB1\SPLB3\DEBUG\PARSC.OBJ
E:\EDUCATION\5\SP\SPLB1\SPLB1\SPLB3\DEBUG\PARSC.SBR
E:\EDUCATION\5\SP\SPLB1\SPLB1\SPLB3\DEBUG\PARSP.OBJ
E:\EDUCATION\5\SP\SPLB1\SPLB1\SPLB3\DEBUG\PARSP.SBR
E:\EDUCATION\5\SP\SPLB1\SPLB1\SPLB3\DEBUG\PARSV.OBJ
E:\EDUCATION\5\SP\SPLB1\SPLB1\SPLB3\DEBUG\PARSV.SBR
E:\EDUCATION\5\SP\SPLB1\SPLB1\SPLB3\DEBUG\SPLB3.PCH
E:\EDUCATION\5\SP\SPLB1\SPLB1\SPLB3\DEBUG\SPLB3.SBR
E:\EDUCATION\5\SP\SPLB1\SPLB1\SPLB3\DEBUG\STDAFX.OBJ
E:\EDUCATION\5\SP\SPLB1\SPLB1\SPLB3\DEBUG\STDAFX.SBR
E:\EDUCATION\5\SP\SPLB1\SPLB1\SPLB3\DEBUG\TOKEN.OBJ
E:\EDUCATION\5\SP\SPLB1\SPLB1\SPLB3\DEBUG\TOKEN.SBR
E:\Education\5\SP\spLb1\spLb1\spLb3\Debug\vc100.idb
E:\EDUCATION\5\SP\SPLB1\SPLB1\SPLB3\DEBUG\VC100.PDB
E:\EDUCATION\5\SP\SPLB1\SPLB1\SPLB3\DEBUG\VISGRP.OBJ
E:\EDUCATION\5\SP\SPLB1\SPLB1\SPLB3\DEBUG\VISGRP.SBR
