GNAT GPL 2017 (20170515-63)
Copyright 1992-2017, Free Software Foundation, Inc.

Compiling: data.ads
Source file time stamp: 2017-06-08 21:49:34
Compiled at: 2017-06-09 00:52:24

     1.
     2. -------------------------------------------------------------------------------
     3. --                                                                           --
     4. --                   Parallel and Distributed Computing                      --
     5. --                   Laboratory work #7. Ada. Rendezvous                     --
     6. --                                                                           --
     7. --  File: main.adb                                                           --
     8. --  Task: MA = max(Z)*MO + d * (MX * MS)                                     --
     9. --                                                                           --
    10. --  Author: Krut Vladyslav, group IO-43                                      --
    11. --  Date: 08.06.2017                                                         --
    12. --                                                                           --
    13. -------------------------------------------------------------------------------
    14.
    15.
    16. with Ada.Text_IO;
    17. use Ada.Text_IO;
    18.
    19. generic
    20.
    21.    N, H : in Natural;
    22.
    23. package Data is
    24.
    25.    type Vector is array(Integer range <>) of Integer;
    26.    Subtype VectorN is Vector(1..N);
    27.    Subtype Vector7H is Vector(1..7 * H);
    28.    Subtype Vector6H is Vector(1..6 * H);
    29.    Subtype Vector5H is Vector(1..5 * H);
    30.    Subtype Vector4H is Vector(1..4 * H);
    31.    Subtype Vector3H is Vector(1..3 * H);
    32.    Subtype Vector2H is Vector(1..2 * H);
    33.    Subtype Vector1H is Vector(1..1 * H);
    34.
    35.    type Matrix is array(Integer range <>) of VectorN;
    36.    Subtype MatrixN is Matrix(1..N);
    37.    Subtype Matrix7H is Matrix(1..7 * H);
    38.    Subtype Matrix6H is Matrix(1..6 * H);
    39.    Subtype Matrix5H is Matrix(1..5 * H);
    40.    Subtype Matrix4H is Matrix(1..4 * H);
    41.    Subtype Matrix3H is Matrix(1..3 * H);
    42.    Subtype Matrix2H is Matrix(1..2 * H);
    43.    Subtype Matrix1H is Matrix(1..1 * H);
    44.
    45.
    46.    procedure Input ( V : out Vector; Value : in Integer);
    47.
    48.    procedure Input ( MA : out Matrix; Value : in Integer);
    49.
    50.    procedure Output (V : in Vector);
    51.
    52.    procedure Output (MA : in Matrix);
    53.
    54.    procedure FindMaxZ (V : in Vector; maxZi : out Integer);
    55.
    56.    function Max (A, B: Integer) return Integer;
    57.
    58.    procedure Calculation(d : in Integer;
    59.                          maxZ : in Integer;
    60.                          MO : in MatrixN;
    61.                          MX : in MatrixN;
    62.                          MS : in MatrixN;
    63.                          MA : out MatrixN);
    64.
    65.
    66. end Data;

 66 lines: No errors
