Build started 19.03.2015 13:41:53.
     1>Project "D:\4Sem\Pro\Lab3\Lab3\Lab3.vcxproj" on node 2 (build target(s)).
     1>InitializeBuildStatus:
         Creating "Debug\Lab3.unsuccessfulbuild" because "AlwaysCreate" was specified.
       _MASM:
         Assembling [Inputs]...
         cmd.exe /C "C:\Users\Cephalgia\AppData\Local\Temp\tmp2fdd28aab97a4d8f8c3f1983736d525f.cmd"
         ml.exe /c /nologo /Zi /Fo"Debug\main3.obj" /W3 /errorReport:prompt  /Tamain3.asm
       _MASM:
       Skipping target "_MASM" because all output files are up-to-date with respect to the input files.
       ManifestResourceCompile:
         All outputs are up-to-date.
       Link:
         d:\Program files\Visual Studio\VC\bin\link.exe /ERRORREPORT:PROMPT /OUT:"D:\4Sem\Pro\Lab3\Debug\Lab3.exe" /INCREMENTAL /NOLOGO kernel32.lib user32.lib gdi32.lib winspool.lib comdlg32.lib advapi32.lib shell32.lib ole32.lib oleaut32.lib uuid.lib odbc32.lib odbccp32.lib /MANIFEST /ManifestFile:"Debug\Lab3.exe.intermediate.manifest" /MANIFESTUAC:"level='asInvoker' uiAccess='false'" /DEBUG /PDB:"D:\4Sem\Pro\Lab3\Debug\Lab3.pdb" /SUBSYSTEM:WINDOWS /TLBID:1 /ENTRY:"main" /DYNAMICBASE /NXCOMPAT /IMPLIB:"D:\4Sem\Pro\Lab3\Debug\Lab3.lib" /MACHINE:X86 Debug\Lab3.exe.embed.manifest.res
         Debug\main3.obj
         Debug\module3.obj
       Manifest:
         C:\Program Files (x86)\Microsoft SDKs\Windows\v7.0A\bin\mt.exe /nologo /verbose /out:"Debug\Lab3.exe.embed.manifest" /manifest Debug\Lab3.exe.intermediate.manifest
         All outputs are up-to-date.
       LinkEmbedManifest:
         All outputs are up-to-date.
         Lab3.vcxproj -> D:\4Sem\Pro\Lab3\Debug\Lab3.exe
       FinalizeBuildStatus:
         Deleting file "Debug\Lab3.unsuccessfulbuild".
         Touching "Debug\Lab3.lastbuildstate".
     1>Done Building Project "D:\4Sem\Pro\Lab3\Lab3\Lab3.vcxproj" (build target(s)).

Build succeeded.

Time Elapsed 00:00:02.29
