Построение начато 14.11.2011 18:54:28.
     1>Проект "C:\Users\RASAMAX\Documents\Visual Studio 2010\Projects C++\pro_laba_07\pro_laba_07.vcxproj" в узле 2 (целевые объекты build).
     1>InitializeBuildStatus:
         Создание "Debug\pro_laba_07.unsuccessfulbuild", так как было задано "AlwaysCreate".
       ClCompile:
         Для всех выходных данных обновления не требуется.
         C:\Program Files\Microsoft Visual Studio 10.0\VC\bin\CL.exe /c /ZI /nologo /W3 /WX- /Od /Oy- /D WIN32 /D _DEBUG /D _CONSOLE /D _UNICODE /D UNICODE /Gm /EHsc /RTC1 /MDd /GS /fp:precise /Zc:wchar_t /Zc:forScope /Yu"StdAfx.h" /Fp"Debug\pro_laba_07.pch" /Fo"Debug\\" /Fd"Debug\vc100.pdb" /Gd /TP /analyze- /errorReport:prompt pro_laba_07.cpp
         pro_laba_07.cpp
       ManifestResourceCompile:
         Для всех выходных данных обновления не требуется.
       Link:
         C:\Program Files\Microsoft Visual Studio 10.0\VC\bin\link.exe /ERRORREPORT:PROMPT /OUT:"C:\Users\RASAMAX\Documents\Visual Studio 2010\Projects C++\Debug\pro_laba_07.exe" /INCREMENTAL /NOLOGO msmpi.lib kernel32.lib user32.lib gdi32.lib winspool.lib comdlg32.lib advapi32.lib shell32.lib ole32.lib oleaut32.lib uuid.lib odbc32.lib odbccp32.lib /MANIFEST /ManifestFile:"Debug\pro_laba_07.exe.intermediate.manifest" /MANIFESTUAC:"level='asInvoker' uiAccess='false'" /DEBUG /PDB:"C:\Users\RASAMAX\Documents\Visual Studio 2010\Projects C++\Debug\pro_laba_07.pdb" /SUBSYSTEM:CONSOLE /TLBID:1 /DYNAMICBASE /NXCOMPAT /IMPLIB:"C:\Users\RASAMAX\Documents\Visual Studio 2010\Projects C++\Debug\pro_laba_07.lib" /MACHINE:X86 Debug\pro_laba_07.exe.embed.manifest.res
         Debug\pro_laba_07.obj
         Debug\stdafx.obj
       Manifest:
         C:\Program Files\Microsoft SDKs\Windows\v7.0A\bin\mt.exe /nologo /verbose /out:"Debug\pro_laba_07.exe.embed.manifest" /manifest Debug\pro_laba_07.exe.intermediate.manifest
         Для всех выходных данных обновления не требуется.
       LinkEmbedManifest:
         Для всех выходных данных обновления не требуется.
         pro_laba_07.vcxproj -> C:\Users\RASAMAX\Documents\Visual Studio 2010\Projects C++\Debug\pro_laba_07.exe
       FinalizeBuildStatus:
         Файл "Debug\pro_laba_07.unsuccessfulbuild" удаляется.
         Обращение к "Debug\pro_laba_07.lastbuildstate".
     1>Построение проекта "C:\Users\RASAMAX\Documents\Visual Studio 2010\Projects C++\pro_laba_07\pro_laba_07.vcxproj" завершено (целевые объекты build).

Построение успешно завершено.

Затраченное время: 00:00:01.35
