Project Information                  c:\univer\circuits\myschem1\full_ictr.rpt

MAX+plus II Compiler Report File
Version 10.1 06/12/2001
Compiled: 09/22/2009 22:44:06

Copyright (C) 1988-2001 Altera Corporation
Any megafunction design, and related net list (encrypted or decrypted),
support information, device programming or simulation file, and any other
associated documentation or information provided by Altera or a partner
under Altera's Megafunction Partnership Program may be used only to
program PLD devices (but not masked PLD devices) from Altera.  Any other
use of such megafunction design, net list, support information, device
programming or simulation file, or any other related documentation or
information is prohibited for any other purpose, including, but not
limited to modification, reverse engineering, de-compiling, or use with
any other silicon devices, unless such use is explicitly licensed under
a separate agreement with Altera or a megafunction partner.  Title to
the intellectual property, including patents, copyrights, trademarks,
trade secrets, or maskworks, embodied in any such megafunction design,
net list, support information, device programming or simulation file, or
any other related documentation or information provided by Altera or a
megafunction partner, remains with Altera, the megafunction partner, or
their respective licensors.  No other licenses, including any licenses
needed under any third party's intellectual property, are provided herein.



***** Project compilation was successful




** DEVICE SUMMARY **

Chip/                     Input   Output   Bidir         Shareable
POF       Device          Pins    Pins     Pins     LCs  Expanders  % Utilized

full_ictr
      EPM9320LC84-15       29       25       0      28      11          8  %

User Pins:                 29       25       0  



Project Information                  c:\univer\circuits\myschem1\full_ictr.rpt

** AUTO GLOBAL SIGNALS **



INFO: Signal 'CLK' chosen for auto global Clock


Project Information                  c:\univer\circuits\myschem1\full_ictr.rpt

** FILE HIERARCHY **



|rg_4:21|
|rg_4:21|rg-i:10|
|rg_4:21|rg-i:13|
|rg_4:21|rg-i:12|
|rg_4:21|rg-i:11|
|sm_4:22|
|sm_4:22|sm-i:9|
|sm_4:22|sm-i:9|out_not_out:25|
|sm_4:22|sm-i:9|out_not_out:27|
|sm_4:22|sm-i:9|out_not_out:26|
|sm_4:22|sm-i:22|
|sm_4:22|sm-i:22|out_not_out:25|
|sm_4:22|sm-i:22|out_not_out:27|
|sm_4:22|sm-i:22|out_not_out:26|
|sm_4:22|sm-i:20|
|sm_4:22|sm-i:20|out_not_out:25|
|sm_4:22|sm-i:20|out_not_out:27|
|sm_4:22|sm-i:20|out_not_out:26|
|sm_4:22|sm-i:19|
|sm_4:22|sm-i:19|out_not_out:25|
|sm_4:22|sm-i:19|out_not_out:27|
|sm_4:22|sm-i:19|out_not_out:26|
|ctr_20:23|
|ctr_20:23|ctr-i:106|
|ctr_20:23|ctr-i:102|
|ctr_20:23|ctr-i:103|
|ctr_20:23|ctr-i:104|
|ctr_20:23|ctr-i:105|
|ctr_20:23|ctr-i:91|
|ctr_20:23|ctr-i:90|
|ctr_20:23|ctr-i:89|
|ctr_20:23|ctr-i:88|
|ctr_20:23|ctr-i:87|
|ctr_20:23|ctr-i:77|
|ctr_20:23|ctr-i:78|
|ctr_20:23|ctr-i:79|
|ctr_20:23|ctr-i:80|
|ctr_20:23|ctr-i:81|
|ctr_20:23|ctr-i:76|
|ctr_20:23|ctr-i:73|
|ctr_20:23|ctr-i:74|
|ctr_20:23|ctr-i:72|
|ctr_20:23|ctr-i:71|


Device-Specific Information:         c:\univer\circuits\myschem1\full_ictr.rpt
full_ictr

***** Logic for device 'full_ictr' compiled without errors.




Device: EPM9320LC84-15

Device Options:
    Turbo Bit                                    = ON
    Security Bit                                 = OFF
    User Code                                  = ffff
    MultiVolt I/O                              = OFF



Device-Specific Information:         c:\univer\circuits\myschem1\full_ictr.rpt
full_ictr

** ERROR SUMMARY **

Info: Chip 'full_ictr' in device 'EPM9320LC84-15' has less than 20% of pins available for future logic changes -- if your project is likely to change, Altera recommends using a larger device
                          o                                               R  
                          v                                               E  
                          e                                               S  
                          r                                   V           E  
                          f                                   C           R  
              Q  Q  D  Q  l  G  Q  Q  D  Q  C     Q  Q  D  D  C  D  D  D  V  
              1  0  1  1  o  N  2  1  1  0  L  F  0  0  1  1  I  0  0  2  E  
              0  9  8  8  w  D  1  6  2  5  K  2  4  1  7  5  O  6  5  3  D  
            -----------------------------------------------------------------_ 
          /  11 10  9  8  7  6  5  4  3  2  1 84 83 82 81 80 79 78 77 76 75   | 
     Q12 | 12                                                              74 | RESERVED 
      F3 | 13                                                              73 | RESERVED 
  VCCINT | 14                                                              72 | F1 
   VCCIO | 15                                                              71 | VCCINT 
     D03 | 16                                                              70 | GND 
     D00 | 17                                                              69 | D04 
     GND | 18                                                              68 | D01 
     D21 | 19                                                              67 | GND 
     Q17 | 20                                                              66 | D20 
  VCCINT | 21                                                              65 | D22 
     D08 | 22                        EPM9320LC84-15                        64 | VCCINT 
     D10 | 23                                                              63 | D07 
     GND | 24                                                              62 | D09 
     GND | 25                                                              61 | GND 
     Q15 | 26                                                              60 | VCCIO 
     D02 | 27                                                              59 | Q08 
  VCCINT | 28                                                              58 | Q14 
    N.C. | 29                                                              57 | VCCINT 
    #TDO | 30                                                              56 | ^VPP 
     Q13 | 31                                                              55 | #TMS 
     Q11 | 32                                                              54 | RESERVED 
         |_  33 34 35 36 37 38 39 40 41 42 43 44 45 46 47 48 49 50 51 52 53  _| 
           ------------------------------------------------------------------ 
              Q  D  Q  Q  V  Q  Q  Q  D  #  #  Q  Q  Q  D  G  D  F  D  R  R  
              0  1  1  2  C  2  2  0  1  T  T  0  0  0  1  N  1  0  1  E  E  
              7  9  9  3  C  2  0  6  3  D  C  3  0  2  6  D  4     1  S  S  
                          I              I  K                          E  E  
                          O                                            R  R  
                                                                       V  V  
                                                                       E  E  
                                                                       D  D  


N.C. = No Connect. This pin has no internal connection to the device.
VCCINT = Dedicated power pin, which MUST be connected to VCC (5.0 volts).
VCCIO = Dedicated power pin, which MUST be connected to VCC (5.0 volts).
GND = Dedicated ground pin or unused dedicated input, which MUST be connected to GND.
RESERVED = Unused I/O pin, which MUST be left unconnected.

# = JTAG Boundary-Scan Testing/In-System Programming or Configuration Pin. The JTAG inputs TMS and TDI should be tied to VCC and TCK should be tied to GND when not in use.
& = JTAG pin used for I/O. When used as user I/O, JTAG pins must be kept stable before and during configuration.  JTAG pin stability prevents accidental loading of JTAG instructions.


Device-Specific Information:         c:\univer\circuits\myschem1\full_ictr.rpt
full_ictr

** RESOURCE USAGE **

Logic                Column       Row                                   
Array                Interconnect Interconnect         Clears/     External    Shareable
Block   Logic Cells  Driven       Driven       Clocks  Presets   Interconnect  Expanders
A4       1/16(  6%)   1/16(  6%)   0/16(  0%)    0/2    0/2       5/33( 15%)    0/16(  0%)  
B1       9/16( 56%)   9/16( 56%)   0/16(  0%)    0/2    0/2      17/33( 51%)    1/16(  6%)  
C2       9/16( 56%)   8/16( 50%)   1/16(  6%)    0/2    0/2      25/33( 75%)    1/16(  6%)  
D3       9/16( 56%)   7/16( 43%)   0/16(  0%)    0/2    0/2      11/33( 33%)    9/16( 56%)  


Total dedicated input pins used:                 4/4      (100%)
Total I/O pins used:                            50/56     ( 89%)
Total logic cells used:                         28/320    (  8%)
Total shareable expanders used:                  8/320    (  2%)
Total Turbo logic cells used:                   28/320    (  8%)
Total shareable expanders not available (n/a):   3/320    (  0%)
Average fan-in:                                  14.07
Total fan-in:                                   394

Total input pins required:                      29
Total input I/O cell registers required:         0
Total output pins required:                     25
Total output I/O cell registers required:        0
Total buried I/O cell registers required:        0
Total bidirectional pins required:               0
Total logic cells required:                     28
Total flipflops required:                       24
Total product terms required:                  120
Total logic cells lending parallel expanders:    0
Total shareable expanders in database:           6
Total packed registers required:                 0

Synthesized logic cells:                         2/ 320   (  0%)

Logic Cell Counts

Column:  01  02  03  04  05  Total
 A:      0   0   0   1   0      1
 B:      9   0   0   0   0      9
 C:      0   9   0   0   0      9
 D:      0   0   9   0   0      9

Total:   9   9   9   1   0     28



Device-Specific Information:         c:\univer\circuits\myschem1\full_ictr.rpt
full_ictr

** INPUTS **

                                               Shareable
                                               Expanders     Fan-In    Fan-Out
 Pin     LC   Row  Col  Primitive    Code   Total Shared n/a INP  FBK  OUT  FBK  Name
   1      -    -    --      INPUT  G            0      0   0    0    0    0    0  CLK
  17      -    D    --      INPUT               0      0   0    0    0    0    1  D00
  68      -    D    --      INPUT               0      0   0    0    0    0    1  D01
  27      -    A    --      INPUT               0      0   0    0    0    0    1  D02
  16      -    D    --      INPUT               0      0   0    0    0    0    1  D03
  69      -    D    --      INPUT               0      0   0    0    0    0    1  D04
  77      -    -    04      INPUT               0      0   0    0    0    0    1  D05
  78      -    -    04      INPUT               0      0   0    0    0    0    1  D06
  63      -    B    --      INPUT               0      0   0    0    0    0    1  D07
  22      -    B    --      INPUT               0      0   0    0    0    0    1  D08
  62      -    B    --      INPUT               0      0   0    0    0    0    1  D09
  23      -    B    --      INPUT               0      0   0    0    0    0    1  D10
  51      -    -    05      INPUT               0      0   0    0    0    0    1  D11
   3      -    -    03      INPUT               0      0   0    0    0    0    1  D12
  41      -    -    03      INPUT               0      0   0    0    0    0    1  D13
  49      -    -    04      INPUT               0      0   0    0    0    0    1  D14
  80      -    -    04      INPUT               0      0   0    0    0    0    1  D15
  47      -    -    04      INPUT               0      0   0    0    0    0    1  D16
  81      -    -    04      INPUT               0      0   0    0    0    0    1  D17
   9      -    -    01      INPUT               0      0   0    0    0    0    1  D18
  34      -    -    01      INPUT               0      0   0    0    0    0    1  D19
  66      -    C    --      INPUT               0      0   0    0    0    0    1  D20
  19      -    C    --      INPUT               0      0   0    0    0    0    1  D21
  65      -    C    --      INPUT               0      0   0    0    0    0    1  D22
  76      -    -    05      INPUT               0      0   0    0    0    0    1  D23
  50      -    -    04      INPUT               0      0   0    0    0    0   26  F0
  72      -    -    --      INPUT               0      0   0    0    0    0   26  F1
  84      -    -    --      INPUT               0      0   0    0    0    0   25  F2
  13      -    -    --      INPUT               0      0   0    0    0    0   25  F3


Code:

s = Synthesized pin or logic cell
t = Turbo logic cell
+ = Synchronous flipflop
/ = Slow slew-rate output
! = NOT gate push-back
r = Fitter-inserted logic cell
G = Global Source. Fan-out destinations counted here do not include destinations
that are driven using global routing resources. Refer to the Auto Global Signals,
Clock Signals, Clear Signals, Synchronous Load Signals, and Synchronous Clear Signals
Sections of this Report File for information on which signals' fan-outs are used as
Clock, Clear, Preset, Output Enable, and synchronous Load signals.


Device-Specific Information:         c:\univer\circuits\myschem1\full_ictr.rpt
full_ictr

** OUTPUTS **

                                               Shareable
                                               Expanders     Fan-In    Fan-Out
 Pin     LC   Row  Col  Primitive    Code   Total Shared n/a INP  FBK  OUT  FBK  Name
   7      -    -    02     OUTPUT               0      0   0    0    1    0    0  overflow
  45      -    -    03     OUTPUT               0      0   0    0    1    0    0  Q00
  82      -    -    03     OUTPUT               0      0   0    0    1    0    0  Q01
  46      -    -    04     OUTPUT               0      0   0    0    1    0    0  Q02
  44      -    -    03     OUTPUT               0      0   0    0    1    0    0  Q03
  83      -    -    03     OUTPUT               0      0   0    0    1    0    0  Q04
   2      -    -    03     OUTPUT               0      0   0    0    1    0    0  Q05
  40      -    -    03     OUTPUT               0      0   0    0    1    0    0  Q06
  33      -    -    01     OUTPUT               0      0   0    0    1    0    0  Q07
  59      -    A    --     OUTPUT               0      0   0    0    1    0    0  Q08
  10      -    -    01     OUTPUT               0      0   0    0    1    0    0  Q09
  11      -    -    01     OUTPUT               0      0   0    0    1    0    0  Q10
  32      -    -    01     OUTPUT               0      0   0    0    1    0    0  Q11
  12      -    -    01     OUTPUT               0      0   0    0    1    0    0  Q12
  31      -    -    01     OUTPUT               0      0   0    0    1    0    0  Q13
  58      -    A    --     OUTPUT               0      0   0    0    1    0    0  Q14
  26      -    A    --     OUTPUT               0      0   0    0    1    0    0  Q15
   4      -    -    02     OUTPUT               0      0   0    0    1    0    0  Q16
  20      -    C    --     OUTPUT               0      0   0    0    1    0    0  Q17
   8      -    -    02     OUTPUT               0      0   0    0    1    0    0  Q18
  35      -    -    02     OUTPUT               0      0   0    0    1    0    0  Q19
  39      -    -    02     OUTPUT               0      0   0    0    1    0    0  Q20
   5      -    -    02     OUTPUT               0      0   0    0    1    0    0  Q21
  38      -    -    02     OUTPUT               0      0   0    0    1    0    0  Q22
  36      -    -    02     OUTPUT               0      0   0    0    1    0    0  Q23


Code:

s = Synthesized pin or logic cell
t = Turbo logic cell
+ = Synchronous flipflop
/ = Slow slew-rate output
! = NOT gate push-back
r = Fitter-inserted logic cell


Device-Specific Information:         c:\univer\circuits\myschem1\full_ictr.rpt
full_ictr

** BURIED LOGIC **

                                               Shareable
                                               Expanders     Fan-In    Fan-Out
 IOC     LC   Row  Col  Primitive    Code   Total Shared n/a INP  FBK  OUT  FBK Name
   -     10    D    03       DFFE   +  t        6      1   0    5    2    1   20  |ctr_20:23|ctr-i:71|Qi (|ctr_20:23|ctr-i:71|:31)
   -      2    D    03       DFFE   +  t        1      1   0    5    2    1   19  |ctr_20:23|ctr-i:72|Qi (|ctr_20:23|ctr-i:72|:31)
   -      6    B    01       DFFE   +  t        1      1   0    5    4    1   17  |ctr_20:23|ctr-i:73|Qi (|ctr_20:23|ctr-i:73|:31)
   -      1    D    03       DFFE   +  t        1      1   0    5    3    1   18  |ctr_20:23|ctr-i:74|Qi (|ctr_20:23|ctr-i:74|:31)
   -     15    B    01       DFFE   +  t        1      1   0    5    5    1   16  |ctr_20:23|ctr-i:76|Qi (|ctr_20:23|ctr-i:76|:31)
   -      1    B    01       DFFE   +  t        1      1   0    5   10    1   11  |ctr_20:23|ctr-i:77|Qi (|ctr_20:23|ctr-i:77|:31)
   -      2    B    01       DFFE   +  t        1      1   0    5    9    1   12  |ctr_20:23|ctr-i:78|Qi (|ctr_20:23|ctr-i:78|:31)
   -      3    B    01       DFFE   +  t        1      1   0    5    8    1   13  |ctr_20:23|ctr-i:79|Qi (|ctr_20:23|ctr-i:79|:31)
   -      4    B    01       DFFE   +  t        1      1   0    5    7    1   14  |ctr_20:23|ctr-i:80|Qi (|ctr_20:23|ctr-i:80|:31)
   -      5    B    01       DFFE   +  t        1      1   0    5    6    1   15  |ctr_20:23|ctr-i:81|Qi (|ctr_20:23|ctr-i:81|:31)
   -      2    C    02       DFFE   +  t        1      1   0    5   15    1    6  |ctr_20:23|ctr-i:87|Qi (|ctr_20:23|ctr-i:87|:31)
   -      9    C    02       DFFE   +  t        1      1   0    5   14    1    7  |ctr_20:23|ctr-i:88|Qi (|ctr_20:23|ctr-i:88|:31)
   -      8    C    02       DFFE   +  t        1      1   0    5   13    1    8  |ctr_20:23|ctr-i:89|Qi (|ctr_20:23|ctr-i:89|:31)
   -     11    B    01       DFFE   +  t        1      1   0    5   12    1    9  |ctr_20:23|ctr-i:90|Qi (|ctr_20:23|ctr-i:90|:31)
   -      9    B    01       DFFE   +  t        1      1   0    5   11    1   10  |ctr_20:23|ctr-i:91|Qi (|ctr_20:23|ctr-i:91|:31)
   -      4    C    02        OR2      t        0      0   0    0   21    1    0  |ctr_20:23|ctr-i:102|ciplus1 (|ctr_20:23|ctr-i:102|:6)
   -      3    C    02       DFFE   +  t        1      1   0    5   20    1    1  |ctr_20:23|ctr-i:102|Qi (|ctr_20:23|ctr-i:102|:31)
   -      5    C    02       DFFE   +  t        1      1   0    5   19    1    2  |ctr_20:23|ctr-i:103|Qi (|ctr_20:23|ctr-i:103|:31)
   -      6    C    02       DFFE   +  t        1      1   0    5   18    1    3  |ctr_20:23|ctr-i:104|Qi (|ctr_20:23|ctr-i:104|:31)
   -      7    C    02       DFFE   +  t        1      1   0    5   17    1    4  |ctr_20:23|ctr-i:105|Qi (|ctr_20:23|ctr-i:105|:31)
   -      1    C    02       DFFE   +  t        1      1   0    5   16    1    5  |ctr_20:23|ctr-i:106|Qi (|ctr_20:23|ctr-i:106|:31)
   -      6    D    03       DFFE   +  t        0      0   0    5    0    1    2  |rg_4:21|rg-i:10|RGi (|rg_4:21|rg-i:10|:10)
   -      5    D    03       DFFE   +  t        0      0   0    5    0    1    2  |rg_4:21|rg-i:11|RGi (|rg_4:21|rg-i:11|:10)
   -      2    A    04       DFFE   +  t        0      0   0    5    0    1    1  |rg_4:21|rg-i:12|RGi (|rg_4:21|rg-i:12|:10)
   -      4    D    03       DFFE   +  t        0      0   0    5    0    1    2  |rg_4:21|rg-i:13|RGi (|rg_4:21|rg-i:13|:10)
   -      7    D    03        OR2    s t        1      0   1    2    2    0    1  |sm_4:22|sm-i:20|q_i_1~1 (|sm_4:22|sm-i:20|~22~1)
   -      8    D    03        XOR    s t        1      0   1    2    4    0    2  |sm_4:22|sm-i:20|q_i_1~2 (|sm_4:22|sm-i:20|~22~2)
   -      3    D    03        XOR      t !      1      0   1    2    2    0   20  |sm_4:22|sm-i:22|q_i_1 (|sm_4:22|sm-i:22|:22)


Code:

s = Synthesized pin or logic cell
t = Turbo logic cell
+ = Synchronous flipflop
/ = Slow slew-rate output
! = NOT gate push-back
r = Fitter-inserted logic cell
p = Packed register


Device-Specific Information:         c:\univer\circuits\myschem1\full_ictr.rpt
full_ictr

** FASTTRACK INTERCONNECT UTILIZATION **

Row FastTrack Interconnect:

         FastTrack                                 
Row     Interconnect    Input Pins     Output Pins     Bidir Pins
A:       8/ 96(  8%)    1/16(  6%)      3/16( 18%)     0/16(  0%)
B:      17/ 96( 17%)    4/16( 25%)      0/16(  0%)     0/16(  0%)
C:      26/ 96( 27%)    3/16( 18%)      1/16(  6%)     0/16(  0%)
D:      11/ 96( 11%)    4/16( 25%)      0/16(  0%)     0/16(  0%)


Column FastTrack Interconnect:

         FastTrack                                 
Column  Interconnect    Input Pins     Output Pins     Bidir Pins
01:     13/48( 27%)     2/20( 10%)      6/20( 30%)       0/20(  0%)
02:      8/48( 16%)     0/20(  0%)      8/20( 40%)       0/20(  0%)
03:      9/48( 18%)     2/20( 10%)      6/20( 30%)       0/20(  0%)
04:      9/48( 18%)     7/20( 35%)      1/20(  5%)       0/20(  0%)
05:      2/48(  4%)     2/20( 10%)      0/20(  0%)       0/20(  0%)


Device-Specific Information:         c:\univer\circuits\myschem1\full_ictr.rpt
full_ictr

** EQUATIONS **

CLK      : INPUT;
D00      : INPUT;
D01      : INPUT;
D02      : INPUT;
D03      : INPUT;
D04      : INPUT;
D05      : INPUT;
D06      : INPUT;
D07      : INPUT;
D08      : INPUT;
D09      : INPUT;
D10      : INPUT;
D11      : INPUT;
D12      : INPUT;
D13      : INPUT;
D14      : INPUT;
D15      : INPUT;
D16      : INPUT;
D17      : INPUT;
D18      : INPUT;
D19      : INPUT;
D20      : INPUT;
D21      : INPUT;
D22      : INPUT;
D23      : INPUT;
F0       : INPUT;
F1       : INPUT;
F2       : INPUT;
F3       : INPUT;

-- Node name is 'overflow' 
-- Equation name is 'overflow', type is output 
overflow =  _LC4_C2;

-- Node name is 'Q00' 
-- Equation name is 'Q00', type is output 
Q00      =  _LC6_D3;

-- Node name is 'Q01' 
-- Equation name is 'Q01', type is output 
Q01      =  _LC5_D3;

-- Node name is 'Q02' 
-- Equation name is 'Q02', type is output 
Q02      =  _LC2_A4;

-- Node name is 'Q03' 
-- Equation name is 'Q03', type is output 
Q03      =  _LC4_D3;

-- Node name is 'Q04' 
-- Equation name is 'Q04', type is output 
Q04      =  _LC10_D3;

-- Node name is 'Q05' 
-- Equation name is 'Q05', type is output 
Q05      =  _LC2_D3;

-- Node name is 'Q06' 
-- Equation name is 'Q06', type is output 
Q06      =  _LC1_D3;

-- Node name is 'Q07' 
-- Equation name is 'Q07', type is output 
Q07      =  _LC6_B1;

-- Node name is 'Q08' 
-- Equation name is 'Q08', type is output 
Q08      =  _LC15_B1;

-- Node name is 'Q09' 
-- Equation name is 'Q09', type is output 
Q09      =  _LC5_B1;

-- Node name is 'Q10' 
-- Equation name is 'Q10', type is output 
Q10      =  _LC4_B1;

-- Node name is 'Q11' 
-- Equation name is 'Q11', type is output 
Q11      =  _LC3_B1;

-- Node name is 'Q12' 
-- Equation name is 'Q12', type is output 
Q12      =  _LC2_B1;

-- Node name is 'Q13' 
-- Equation name is 'Q13', type is output 
Q13      =  _LC1_B1;

-- Node name is 'Q14' 
-- Equation name is 'Q14', type is output 
Q14      =  _LC9_B1;

-- Node name is 'Q15' 
-- Equation name is 'Q15', type is output 
Q15      =  _LC11_B1;

-- Node name is 'Q16' 
-- Equation name is 'Q16', type is output 
Q16      =  _LC8_C2;

-- Node name is 'Q17' 
-- Equation name is 'Q17', type is output 
Q17      =  _LC9_C2;

-- Node name is 'Q18' 
-- Equation name is 'Q18', type is output 
Q18      =  _LC2_C2;

-- Node name is 'Q19' 
-- Equation name is 'Q19', type is output 
Q19      =  _LC1_C2;

-- Node name is 'Q20' 
-- Equation name is 'Q20', type is output 
Q20      =  _LC7_C2;

-- Node name is 'Q21' 
-- Equation name is 'Q21', type is output 
Q21      =  _LC6_C2;

-- Node name is 'Q22' 
-- Equation name is 'Q22', type is output 
Q22      =  _LC5_C2;

-- Node name is 'Q23' 
-- Equation name is 'Q23', type is output 
Q23      =  _LC3_C2;

-- Node name is '|ctr_20:23|ctr-i:71|:31' = '|ctr_20:23|ctr-i:71|Qi' 
-- Equation name is '_LC10_D3', type is buried 
_LC10_D3 = DFFE( _EQ001 $  _EQ002, GLOBAL( CLK), !_EQ003,  VCC,  VCC);
  _EQ001 = !F2 &  F3 &  _LC4_D3 & !_LC8_D3 &  _X001 &  _X002 &  _X003 & 
              _X004 &  _X005
         # !F2 &  F3 & !_LC4_D3 &  _LC8_D3 &  _X001 &  _X002 &  _X003 & 
              _X004 &  _X005;
  _X001  = EXP( F2 & !F3 &  _LC4_D3 & !_LC8_D3);
  _X002  = EXP( F2 & !F3 & !_LC4_D3 &  _LC8_D3);
  _X003  = EXP(!F2 & !F3 &  _LC4_D3 &  _LC8_D3);
  _X004  = EXP(!F2 & !F3 & !_LC4_D3 & !_LC8_D3);
  _X005  = EXP(!D04 &  F2 &  F3);
  _EQ002 =  _X001 &  _X002 &  _X003 &  _X004 &  _X005;
  _X001  = EXP( F2 & !F3 &  _LC4_D3 & !_LC8_D3);
  _X002  = EXP( F2 & !F3 & !_LC4_D3 &  _LC8_D3);
  _X003  = EXP(!F2 & !F3 &  _LC4_D3 &  _LC8_D3);
  _X004  = EXP(!F2 & !F3 & !_LC4_D3 & !_LC8_D3);
  _X005  = EXP(!D04 &  F2 &  F3);
  _EQ003 =  _X006;
  _X006  = EXP( F0 &  F1 &  F2);

-- Node name is '|ctr_20:23|ctr-i:72|:31' = '|ctr_20:23|ctr-i:72|Qi' 
-- Equation name is '_LC2_D3', type is buried 
_LC2_D3  = DFFE( _EQ004 $  VCC, GLOBAL( CLK), !_EQ005,  VCC,  VCC);
  _EQ004 = !F2 &  _LC3_D3 &  _LC10_D3
         # !F3 &  _LC3_D3 &  _LC10_D3
         # !D05 &  F2 &  F3;
  _EQ005 =  _X006;
  _X006  = EXP( F0 &  F1 &  F2);

-- Node name is '|ctr_20:23|ctr-i:73|:31' = '|ctr_20:23|ctr-i:73|Qi' 
-- Equation name is '_LC6_B1', type is buried 
_LC6_B1  = DFFE( _EQ006 $  VCC, GLOBAL( CLK), !_EQ007,  VCC,  VCC);
  _EQ006 = !F2 &  _LC1_D3 &  _LC2_D3 &  _LC3_D3 &  _LC10_D3
         # !F3 &  _LC1_D3 &  _LC2_D3 &  _LC3_D3 &  _LC10_D3
         # !D07 &  F2 &  F3;
  _EQ007 =  _X006;
  _X006  = EXP( F0 &  F1 &  F2);

-- Node name is '|ctr_20:23|ctr-i:74|:31' = '|ctr_20:23|ctr-i:74|Qi' 
-- Equation name is '_LC1_D3', type is buried 
_LC1_D3  = DFFE( _EQ008 $  VCC, GLOBAL( CLK), !_EQ009,  VCC,  VCC);
  _EQ008 = !F2 &  _LC2_D3 &  _LC3_D3 &  _LC10_D3
         # !F3 &  _LC2_D3 &  _LC3_D3 &  _LC10_D3
         # !D06 &  F2 &  F3;
  _EQ009 =  _X006;
  _X006  = EXP( F0 &  F1 &  F2);

-- Node name is '|ctr_20:23|ctr-i:76|:31' = '|ctr_20:23|ctr-i:76|Qi' 
-- Equation name is '_LC15_B1', type is buried 
_LC15_B1 = DFFE( _EQ010 $  VCC, GLOBAL( CLK), !_EQ011,  VCC,  VCC);
  _EQ010 = !F2 &  _LC1_D3 &  _LC2_D3 &  _LC3_D3 &  _LC6_B1 &  _LC10_D3
         # !F3 &  _LC1_D3 &  _LC2_D3 &  _LC3_D3 &  _LC6_B1 &  _LC10_D3
         # !D08 &  F2 &  F3;
  _EQ011 =  _X006;
  _X006  = EXP( F0 &  F1 &  F2);

-- Node name is '|ctr_20:23|ctr-i:77|:31' = '|ctr_20:23|ctr-i:77|Qi' 
-- Equation name is '_LC1_B1', type is buried 
_LC1_B1  = DFFE( _EQ012 $  VCC, GLOBAL( CLK), !_EQ013,  VCC,  VCC);
  _EQ012 = !F2 &  _LC1_D3 &  _LC2_B1 &  _LC2_D3 &  _LC3_B1 &  _LC3_D3 & 
              _LC4_B1 &  _LC5_B1 &  _LC6_B1 &  _LC10_D3 &  _LC15_B1
         # !F3 &  _LC1_D3 &  _LC2_B1 &  _LC2_D3 &  _LC3_B1 &  _LC3_D3 & 
              _LC4_B1 &  _LC5_B1 &  _LC6_B1 &  _LC10_D3 &  _LC15_B1
         # !D13 &  F2 &  F3;
  _EQ013 =  _X006;
  _X006  = EXP( F0 &  F1 &  F2);

-- Node name is '|ctr_20:23|ctr-i:78|:31' = '|ctr_20:23|ctr-i:78|Qi' 
-- Equation name is '_LC2_B1', type is buried 
_LC2_B1  = DFFE( _EQ014 $  VCC, GLOBAL( CLK), !_EQ015,  VCC,  VCC);
  _EQ014 = !F2 &  _LC1_D3 &  _LC2_D3 &  _LC3_B1 &  _LC3_D3 &  _LC4_B1 & 
              _LC5_B1 &  _LC6_B1 &  _LC10_D3 &  _LC15_B1
         # !F3 &  _LC1_D3 &  _LC2_D3 &  _LC3_B1 &  _LC3_D3 &  _LC4_B1 & 
              _LC5_B1 &  _LC6_B1 &  _LC10_D3 &  _LC15_B1
         # !D12 &  F2 &  F3;
  _EQ015 =  _X006;
  _X006  = EXP( F0 &  F1 &  F2);

-- Node name is '|ctr_20:23|ctr-i:79|:31' = '|ctr_20:23|ctr-i:79|Qi' 
-- Equation name is '_LC3_B1', type is buried 
_LC3_B1  = DFFE( _EQ016 $  VCC, GLOBAL( CLK), !_EQ017,  VCC,  VCC);
  _EQ016 = !F2 &  _LC1_D3 &  _LC2_D3 &  _LC3_D3 &  _LC4_B1 &  _LC5_B1 & 
              _LC6_B1 &  _LC10_D3 &  _LC15_B1
         # !F3 &  _LC1_D3 &  _LC2_D3 &  _LC3_D3 &  _LC4_B1 &  _LC5_B1 & 
              _LC6_B1 &  _LC10_D3 &  _LC15_B1
         # !D11 &  F2 &  F3;
  _EQ017 =  _X006;
  _X006  = EXP( F0 &  F1 &  F2);

-- Node name is '|ctr_20:23|ctr-i:80|:31' = '|ctr_20:23|ctr-i:80|Qi' 
-- Equation name is '_LC4_B1', type is buried 
_LC4_B1  = DFFE( _EQ018 $  VCC, GLOBAL( CLK), !_EQ019,  VCC,  VCC);
  _EQ018 = !F2 &  _LC1_D3 &  _LC2_D3 &  _LC3_D3 &  _LC5_B1 &  _LC6_B1 & 
              _LC10_D3 &  _LC15_B1
         # !F3 &  _LC1_D3 &  _LC2_D3 &  _LC3_D3 &  _LC5_B1 &  _LC6_B1 & 
              _LC10_D3 &  _LC15_B1
         # !D10 &  F2 &  F3;
  _EQ019 =  _X006;
  _X006  = EXP( F0 &  F1 &  F2);

-- Node name is '|ctr_20:23|ctr-i:81|:31' = '|ctr_20:23|ctr-i:81|Qi' 
-- Equation name is '_LC5_B1', type is buried 
_LC5_B1  = DFFE( _EQ020 $  VCC, GLOBAL( CLK), !_EQ021,  VCC,  VCC);
  _EQ020 = !F2 &  _LC1_D3 &  _LC2_D3 &  _LC3_D3 &  _LC6_B1 &  _LC10_D3 & 
              _LC15_B1
         # !F3 &  _LC1_D3 &  _LC2_D3 &  _LC3_D3 &  _LC6_B1 &  _LC10_D3 & 
              _LC15_B1
         # !D09 &  F2 &  F3;
  _EQ021 =  _X006;
  _X006  = EXP( F0 &  F1 &  F2);

-- Node name is '|ctr_20:23|ctr-i:87|:31' = '|ctr_20:23|ctr-i:87|Qi' 
-- Equation name is '_LC2_C2', type is buried 
_LC2_C2  = DFFE( _EQ022 $  VCC, GLOBAL( CLK), !_EQ023,  VCC,  VCC);
  _EQ022 = !F2 &  _LC1_B1 &  _LC1_D3 &  _LC2_B1 &  _LC2_D3 &  _LC3_B1 & 
              _LC3_D3 &  _LC4_B1 &  _LC5_B1 &  _LC6_B1 &  _LC8_C2 &  _LC9_B1 & 
              _LC9_C2 &  _LC10_D3 &  _LC11_B1 &  _LC15_B1
         # !F3 &  _LC1_B1 &  _LC1_D3 &  _LC2_B1 &  _LC2_D3 &  _LC3_B1 & 
              _LC3_D3 &  _LC4_B1 &  _LC5_B1 &  _LC6_B1 &  _LC8_C2 &  _LC9_B1 & 
              _LC9_C2 &  _LC10_D3 &  _LC11_B1 &  _LC15_B1
         # !D18 &  F2 &  F3;
  _EQ023 =  _X006;
  _X006  = EXP( F0 &  F1 &  F2);

-- Node name is '|ctr_20:23|ctr-i:88|:31' = '|ctr_20:23|ctr-i:88|Qi' 
-- Equation name is '_LC9_C2', type is buried 
_LC9_C2  = DFFE( _EQ024 $  VCC, GLOBAL( CLK), !_EQ025,  VCC,  VCC);
  _EQ024 = !F2 &  _LC1_B1 &  _LC1_D3 &  _LC2_B1 &  _LC2_D3 &  _LC3_B1 & 
              _LC3_D3 &  _LC4_B1 &  _LC5_B1 &  _LC6_B1 &  _LC8_C2 &  _LC9_B1 & 
              _LC10_D3 &  _LC11_B1 &  _LC15_B1
         # !F3 &  _LC1_B1 &  _LC1_D3 &  _LC2_B1 &  _LC2_D3 &  _LC3_B1 & 
              _LC3_D3 &  _LC4_B1 &  _LC5_B1 &  _LC6_B1 &  _LC8_C2 &  _LC9_B1 & 
              _LC10_D3 &  _LC11_B1 &  _LC15_B1
         # !D17 &  F2 &  F3;
  _EQ025 =  _X006;
  _X006  = EXP( F0 &  F1 &  F2);

-- Node name is '|ctr_20:23|ctr-i:89|:31' = '|ctr_20:23|ctr-i:89|Qi' 
-- Equation name is '_LC8_C2', type is buried 
_LC8_C2  = DFFE( _EQ026 $  VCC, GLOBAL( CLK), !_EQ027,  VCC,  VCC);
  _EQ026 = !F2 &  _LC1_B1 &  _LC1_D3 &  _LC2_B1 &  _LC2_D3 &  _LC3_B1 & 
              _LC3_D3 &  _LC4_B1 &  _LC5_B1 &  _LC6_B1 &  _LC9_B1 &  _LC10_D3 & 
              _LC11_B1 &  _LC15_B1
         # !F3 &  _LC1_B1 &  _LC1_D3 &  _LC2_B1 &  _LC2_D3 &  _LC3_B1 & 
              _LC3_D3 &  _LC4_B1 &  _LC5_B1 &  _LC6_B1 &  _LC9_B1 &  _LC10_D3 & 
              _LC11_B1 &  _LC15_B1
         # !D16 &  F2 &  F3;
  _EQ027 =  _X006;
  _X006  = EXP( F0 &  F1 &  F2);

-- Node name is '|ctr_20:23|ctr-i:90|:31' = '|ctr_20:23|ctr-i:90|Qi' 
-- Equation name is '_LC11_B1', type is buried 
_LC11_B1 = DFFE( _EQ028 $  VCC, GLOBAL( CLK), !_EQ029,  VCC,  VCC);
  _EQ028 = !F2 &  _LC1_B1 &  _LC1_D3 &  _LC2_B1 &  _LC2_D3 &  _LC3_B1 & 
              _LC3_D3 &  _LC4_B1 &  _LC5_B1 &  _LC6_B1 &  _LC9_B1 &  _LC10_D3 & 
              _LC15_B1
         # !F3 &  _LC1_B1 &  _LC1_D3 &  _LC2_B1 &  _LC2_D3 &  _LC3_B1 & 
              _LC3_D3 &  _LC4_B1 &  _LC5_B1 &  _LC6_B1 &  _LC9_B1 &  _LC10_D3 & 
              _LC15_B1
         # !D15 &  F2 &  F3;
  _EQ029 =  _X006;
  _X006  = EXP( F0 &  F1 &  F2);

-- Node name is '|ctr_20:23|ctr-i:91|:31' = '|ctr_20:23|ctr-i:91|Qi' 
-- Equation name is '_LC9_B1', type is buried 
_LC9_B1  = DFFE( _EQ030 $  VCC, GLOBAL( CLK), !_EQ031,  VCC,  VCC);
  _EQ030 = !F2 &  _LC1_B1 &  _LC1_D3 &  _LC2_B1 &  _LC2_D3 &  _LC3_B1 & 
              _LC3_D3 &  _LC4_B1 &  _LC5_B1 &  _LC6_B1 &  _LC10_D3 & 
              _LC15_B1
         # !F3 &  _LC1_B1 &  _LC1_D3 &  _LC2_B1 &  _LC2_D3 &  _LC3_B1 & 
              _LC3_D3 &  _LC4_B1 &  _LC5_B1 &  _LC6_B1 &  _LC10_D3 & 
              _LC15_B1
         # !D14 &  F2 &  F3;
  _EQ031 =  _X006;
  _X006  = EXP( F0 &  F1 &  F2);

-- Node name is '|ctr_20:23|ctr-i:102|:6' = '|ctr_20:23|ctr-i:102|ciplus1' 
-- Equation name is '_LC4_C2', type is buried 
_LC4_C2  = LCELL( _EQ032 $  GND);
  _EQ032 =  _LC1_B1 &  _LC1_C2 &  _LC1_D3 &  _LC2_B1 &  _LC2_C2 &  _LC2_D3 & 
              _LC3_B1 &  _LC3_C2 &  _LC3_D3 &  _LC4_B1 &  _LC5_B1 &  _LC5_C2 & 
              _LC6_B1 &  _LC6_C2 &  _LC7_C2 &  _LC8_C2 &  _LC9_B1 &  _LC9_C2 & 
              _LC10_D3 &  _LC11_B1 &  _LC15_B1;

-- Node name is '|ctr_20:23|ctr-i:102|:31' = '|ctr_20:23|ctr-i:102|Qi' 
-- Equation name is '_LC3_C2', type is buried 
_LC3_C2  = DFFE( _EQ033 $  VCC, GLOBAL( CLK), !_EQ034,  VCC,  VCC);
  _EQ033 = !F2 &  _LC1_B1 &  _LC1_C2 &  _LC1_D3 &  _LC2_B1 &  _LC2_C2 & 
              _LC2_D3 &  _LC3_B1 &  _LC3_D3 &  _LC4_B1 &  _LC5_B1 &  _LC5_C2 & 
              _LC6_B1 &  _LC6_C2 &  _LC7_C2 &  _LC8_C2 &  _LC9_B1 &  _LC9_C2 & 
              _LC10_D3 &  _LC11_B1 &  _LC15_B1
         # !F3 &  _LC1_B1 &  _LC1_C2 &  _LC1_D3 &  _LC2_B1 &  _LC2_C2 & 
              _LC2_D3 &  _LC3_B1 &  _LC3_D3 &  _LC4_B1 &  _LC5_B1 &  _LC5_C2 & 
              _LC6_B1 &  _LC6_C2 &  _LC7_C2 &  _LC8_C2 &  _LC9_B1 &  _LC9_C2 & 
              _LC10_D3 &  _LC11_B1 &  _LC15_B1
         # !D23 &  F2 &  F3;
  _EQ034 =  _X006;
  _X006  = EXP( F0 &  F1 &  F2);

-- Node name is '|ctr_20:23|ctr-i:103|:31' = '|ctr_20:23|ctr-i:103|Qi' 
-- Equation name is '_LC5_C2', type is buried 
_LC5_C2  = DFFE( _EQ035 $  VCC, GLOBAL( CLK), !_EQ036,  VCC,  VCC);
  _EQ035 = !F2 &  _LC1_B1 &  _LC1_C2 &  _LC1_D3 &  _LC2_B1 &  _LC2_C2 & 
              _LC2_D3 &  _LC3_B1 &  _LC3_D3 &  _LC4_B1 &  _LC5_B1 &  _LC6_B1 & 
              _LC6_C2 &  _LC7_C2 &  _LC8_C2 &  _LC9_B1 &  _LC9_C2 &  _LC10_D3 & 
              _LC11_B1 &  _LC15_B1
         # !F3 &  _LC1_B1 &  _LC1_C2 &  _LC1_D3 &  _LC2_B1 &  _LC2_C2 & 
              _LC2_D3 &  _LC3_B1 &  _LC3_D3 &  _LC4_B1 &  _LC5_B1 &  _LC6_B1 & 
              _LC6_C2 &  _LC7_C2 &  _LC8_C2 &  _LC9_B1 &  _LC9_C2 &  _LC10_D3 & 
              _LC11_B1 &  _LC15_B1
         # !D22 &  F2 &  F3;
  _EQ036 =  _X006;
  _X006  = EXP( F0 &  F1 &  F2);

-- Node name is '|ctr_20:23|ctr-i:104|:31' = '|ctr_20:23|ctr-i:104|Qi' 
-- Equation name is '_LC6_C2', type is buried 
_LC6_C2  = DFFE( _EQ037 $  VCC, GLOBAL( CLK), !_EQ038,  VCC,  VCC);
  _EQ037 = !F2 &  _LC1_B1 &  _LC1_C2 &  _LC1_D3 &  _LC2_B1 &  _LC2_C2 & 
              _LC2_D3 &  _LC3_B1 &  _LC3_D3 &  _LC4_B1 &  _LC5_B1 &  _LC6_B1 & 
              _LC7_C2 &  _LC8_C2 &  _LC9_B1 &  _LC9_C2 &  _LC10_D3 & 
              _LC11_B1 &  _LC15_B1
         # !F3 &  _LC1_B1 &  _LC1_C2 &  _LC1_D3 &  _LC2_B1 &  _LC2_C2 & 
              _LC2_D3 &  _LC3_B1 &  _LC3_D3 &  _LC4_B1 &  _LC5_B1 &  _LC6_B1 & 
              _LC7_C2 &  _LC8_C2 &  _LC9_B1 &  _LC9_C2 &  _LC10_D3 & 
              _LC11_B1 &  _LC15_B1
         # !D21 &  F2 &  F3;
  _EQ038 =  _X006;
  _X006  = EXP( F0 &  F1 &  F2);

-- Node name is '|ctr_20:23|ctr-i:105|:31' = '|ctr_20:23|ctr-i:105|Qi' 
-- Equation name is '_LC7_C2', type is buried 
_LC7_C2  = DFFE( _EQ039 $  VCC, GLOBAL( CLK), !_EQ040,  VCC,  VCC);
  _EQ039 = !F2 &  _LC1_B1 &  _LC1_C2 &  _LC1_D3 &  _LC2_B1 &  _LC2_C2 & 
              _LC2_D3 &  _LC3_B1 &  _LC3_D3 &  _LC4_B1 &  _LC5_B1 &  _LC6_B1 & 
              _LC8_C2 &  _LC9_B1 &  _LC9_C2 &  _LC10_D3 &  _LC11_B1 & 
              _LC15_B1
         # !F3 &  _LC1_B1 &  _LC1_C2 &  _LC1_D3 &  _LC2_B1 &  _LC2_C2 & 
              _LC2_D3 &  _LC3_B1 &  _LC3_D3 &  _LC4_B1 &  _LC5_B1 &  _LC6_B1 & 
              _LC8_C2 &  _LC9_B1 &  _LC9_C2 &  _LC10_D3 &  _LC11_B1 & 
              _LC15_B1
         # !D20 &  F2 &  F3;
  _EQ040 =  _X006;
  _X006  = EXP( F0 &  F1 &  F2);

-- Node name is '|ctr_20:23|ctr-i:106|:31' = '|ctr_20:23|ctr-i:106|Qi' 
-- Equation name is '_LC1_C2', type is buried 
_LC1_C2  = DFFE( _EQ041 $  VCC, GLOBAL( CLK), !_EQ042,  VCC,  VCC);
  _EQ041 = !F2 &  _LC1_B1 &  _LC1_D3 &  _LC2_B1 &  _LC2_C2 &  _LC2_D3 & 
              _LC3_B1 &  _LC3_D3 &  _LC4_B1 &  _LC5_B1 &  _LC6_B1 &  _LC8_C2 & 
              _LC9_B1 &  _LC9_C2 &  _LC10_D3 &  _LC11_B1 &  _LC15_B1
         # !F3 &  _LC1_B1 &  _LC1_D3 &  _LC2_B1 &  _LC2_C2 &  _LC2_D3 & 
              _LC3_B1 &  _LC3_D3 &  _LC4_B1 &  _LC5_B1 &  _LC6_B1 &  _LC8_C2 & 
              _LC9_B1 &  _LC9_C2 &  _LC10_D3 &  _LC11_B1 &  _LC15_B1
         # !D19 &  F2 &  F3;
  _EQ042 =  _X006;
  _X006  = EXP( F0 &  F1 &  F2);

-- Node name is '|rg_4:21|rg-i:10|:10' = '|rg_4:21|rg-i:10|RGi' 
-- Equation name is '_LC6_D3', type is buried 
_LC6_D3  = DFFE( _EQ043 $  GND, GLOBAL( CLK), !_EQ044,  VCC,  VCC);
  _EQ043 =  D00 &  F2 &  F3
         # !F2 &  _LC6_D3
         # !F3 &  _LC6_D3;
  _EQ044 =  F0 &  F1 &  F3;

-- Node name is '|rg_4:21|rg-i:11|:10' = '|rg_4:21|rg-i:11|RGi' 
-- Equation name is '_LC5_D3', type is buried 
_LC5_D3  = DFFE( _EQ045 $  GND, GLOBAL( CLK), !_EQ046,  VCC,  VCC);
  _EQ045 =  D01 &  F2 &  F3
         # !F2 &  _LC5_D3
         # !F3 &  _LC5_D3;
  _EQ046 =  F0 &  F1 &  F3;

-- Node name is '|rg_4:21|rg-i:12|:10' = '|rg_4:21|rg-i:12|RGi' 
-- Equation name is '_LC2_A4', type is buried 
_LC2_A4  = DFFE( _EQ047 $  GND, GLOBAL( CLK), !_EQ048,  VCC,  VCC);
  _EQ047 =  D02 &  F2 &  F3
         # !F2 &  _LC2_A4
         # !F3 &  _LC2_A4;
  _EQ048 =  F0 &  F1 &  F3;

-- Node name is '|rg_4:21|rg-i:13|:10' = '|rg_4:21|rg-i:13|RGi' 
-- Equation name is '_LC4_D3', type is buried 
_LC4_D3  = DFFE( _EQ049 $  GND, GLOBAL( CLK), !_EQ050,  VCC,  VCC);
  _EQ049 =  D03 &  F2 &  F3
         # !F2 &  _LC4_D3
         # !F3 &  _LC4_D3;
  _EQ050 =  F0 &  F1 &  F3;

-- Node name is '|sm_4:22|sm-i:20|~22~1' = '|sm_4:22|sm-i:20|q_i_1~1' 
-- Equation name is '_LC7_D3', type is buried 
-- synthesized logic cell 
_LC7_D3  = LCELL( _EQ051 $  GND);
  _EQ051 = !F0 & !F1 & !_LC5_D3 &  _LC6_D3
         # !F0 &  F1 &  _LC5_D3 &  _LC6_D3
         #  F0 &  F1 &  _LC5_D3 & !_LC6_D3
         #  F0 &  F1 & !_LC5_D3 &  _LC6_D3
         # !F0 &  F1 & !_LC5_D3 & !_LC6_D3;

-- Node name is '|sm_4:22|sm-i:20|~22~2' = '|sm_4:22|sm-i:20|q_i_1~2' 
-- Equation name is '_LC8_D3', type is buried 
-- synthesized logic cell 
_LC8_D3  = LCELL( _EQ052 $  _LC2_A4);
  _EQ052 =  F0 & !F1 & !_LC5_D3 & !_LC6_D3
         #  F0 & !F1 &  _LC5_D3 &  _LC6_D3
         # !F0 & !F1 &  _LC5_D3 & !_LC6_D3
         #  _LC7_D3;

-- Node name is '|sm_4:22|sm-i:22|:22' = '|sm_4:22|sm-i:22|q_i_1' 
-- Equation name is '_LC3_D3', type is buried 
!_LC3_D3 = _LC3_D3~NOT;
_LC3_D3~NOT = LCELL( _EQ053 $ !F3);
  _EQ053 = !F2 & !_LC4_D3 & !_LC8_D3
         #  F2 & !_LC4_D3 &  _LC8_D3
         #  F2 &  _LC4_D3 & !_LC8_D3
         # !F2 &  _LC4_D3 &  _LC8_D3;



Project Information                  c:\univer\circuits\myschem1\full_ictr.rpt

** COMPILATION SETTINGS & TIMES **

Processing Menu Commands
------------------------

Design Doctor                             = off

Logic Synthesis:

   Synthesis Type Used                    = Multi-Level

   Default Synthesis Style                = NORMAL

      Logic option settings in 'NORMAL' style for 'MAX9000' family

      DECOMPOSE_GATES                     = on
      DUPLICATE_LOGIC_EXTRACTION          = on
      MINIMIZATION                        = full
      MULTI_LEVEL_FACTORING               = on
      NOT_GATE_PUSH_BACK                  = on
      PARALLEL_EXPANDERS                  = off
      REDUCE_LOGIC                        = on
      REFACTORIZATION                     = on
      REGISTER_OPTIMIZATION               = on
      RESYNTHESIZE_NETWORK                = on
      SLOW_SLEW_RATE                      = off
      SOFT_BUFFER_INSERTION               = on
      SUBFACTOR_EXTRACTION                = on
      TURBO_BIT                           = on
      XOR_SYNTHESIS                       = on
      IGNORE_SOFT_BUFFERS                 = off
      USE_LPM_FOR_AHDL_OPERATORS          = off

   Other logic synthesis settings:

      Automatic Global Clock              = on
      Automatic Global Clear              = on
      Automatic Global Preset             = on
      Automatic Global Output Enable      = on
      Automatic Fast I/O                  = off
      Automatic Register Packing          = off
      Automatic Open-Drain Pins           = on
      Automatic Implement in EAB          = off
      One-Hot State Machine Encoding      = off
      Optimize                            = 5

Default Timing Specifications: None

Cut All Bidir Feedback Timing Paths       = on
Cut All Clear & Preset Timing Paths       = on

Ignore Timing Assignments                 = off

Functional SNF Extractor                  = off

Linked SNF Extractor                      = off
Timing SNF Extractor                      = on
Optimize Timing SNF                       = off
Generate AHDL TDO File                    = off
Fitter Settings                           = NORMAL
Smart Recompile                           = off
Total Recompile                           = off

Interfaces Menu Commands
------------------------

EDIF Netlist Writer                       = off
Verilog Netlist Writer                    = off
VHDL Netlist Writer                       = off

Compilation Times
-----------------

   Compiler Netlist Extractor             00:00:00
   Database Builder                       00:00:00
   Logic Synthesizer                      00:00:15
   Partitioner                            00:00:00
   Fitter                                 00:00:00
   Timing SNF Extractor                   00:00:00
   Assembler                              00:00:02
   --------------------------             --------
   Total Time                             00:00:17


Memory Allocated
-----------------

Peak memory allocated during compilation  = 6,325K
