Source file: ..\pro-lab1.ada   Thu Sep 17 05:30:49 2009

    1 -----------------------------
    2 -- Лаб1 1.11: c=MAX(A)*(A*B)
    3 --              2.19: v=MAX(MA+MB*MC)
    4 --              3.23: e=MAX(MA*(B-C))
    5 -----------------------------
    6 --              група ІО-73
    7 --              Сидора Сергій
    8 -----------------------------
    9 
   10 with Ada.Text_IO, Ada.Integer_Text_IO, Lab1Realization;
   11 use Ada.Text_IO, Ada.Integer_Text_IO;
   12       
   13   
   14 procedure Lab1 is
   15         N: integer :=3;
   16         package Lab1Run is new Lab1Realization (N);
   17         use Lab1Run;
   18   
   19         A: Vector;-- := (7,1,3);
   20         B: Vector;-- := (4,2,2);
   21         C: Vector;-- := (1,3,1);         
   22   
   23         d: integer;
   24         v: integer; 
   25         e: integer;
   26                     
   27         MA: Matrix;-- := ((1,1,1),(1,1,1),(1,1,1));
   28         MB: Matrix;-- := ((1,1,2),(0,1,0),(1,0,2));
   29         MC: Matrix;-- := ((2,1,1),(1,2,1),(1,1,2));     
   30         begin
   31                 InputVector (A);
   32             InputVector (B);
   33             InputVector (C);
   34             
   35             InputMatrix (MA);
   36             InputMatrix (MB);
   37             InputMatrix (MC);
   38             
   39             F1 (A, B, d);
   40             F2 (MA, MB, MC, v);
   41             F3 (MA, B, C, e);       
   42 
   43                         put("c= ");
   44                         put(d);
   45                         put("v= ");
   46                         put(v);
   47                         put("e= ");
   48                         put(e);
   49 end Lab1;
