# ELBREAD: Elaboration process.
# ELBREAD: Warning: Unit automat(functions) created by a newer version of the compiler found.
# ELBREAD: Error: Library 'automat' has incompatible format. Recompile all library units.
# ELBREAD: Error: Elaboration process completed with errors.
# Design: Error: Elaboration failed
# Design Explorer: Shortcut to "D:\облако\учеба\7 семестр\ТПКС-1\ТПКС\Захожий\№8\ADCS_LAB8\ADCS_LAB8.aws" design added.
acom -O3 -work automat -2002  $dsn/src/test2.vhd
# Compile...
# Warning: DAGGEN_0523: The source is compiled without the -dbg switch. Line breakpoints and assertion debug will not be available.
# File: D:\облако\учеба\7 семестр\ТПКС-1\ТПКС\Захожий\№8\ADCS_LAB8\automat\src\test2.vhd
# Compile Entity "automat"
# Compile Architecture "functions" of Entity "automat"
# Compile success 0 Errors 0 Warnings  Analysis time :  0.1 [s]
acom -O3 -work automat -2002  $dsn/src/test2.vhd
# Compile...
# Warning: DAGGEN_0523: The source is compiled without the -dbg switch. Line breakpoints and assertion debug will not be available.
# File: D:\облако\учеба\7 семестр\ТПКС-1\ТПКС\Захожий\№8\ADCS_LAB8\automat\src\test2.vhd
# Compile Entity "automat"
# Compile Architecture "functions" of Entity "automat"
# Compile success 0 Errors 0 Warnings  Analysis time :  94.0 [ms]
acom -reorder -O3 -work automat -2002  $dsn/src/test2.vhd
# Compile with File Reorder...
# Warning: DAGGEN_0523: The source is compiled without the -dbg switch. Line breakpoints and assertion debug will not be available.
# File: D:\облако\учеба\7 семестр\ТПКС-1\ТПКС\Захожий\№8\ADCS_LAB8\automat\src\test2.vhd
# Compile Entity "automat"
# Compile Architecture "functions" of Entity "automat"
# Top-level unit(s) detected:
# Entity => automat
# Compile success 0 Errors 0 Warnings  Analysis time :  0.1 [s]
# ELBREAD: Elaboration process.
# ELBREAD: Elaboration time 0.0 [s].
asim -O5 +access +r +m+automat automat functions
# ELBREAD: Elaboration process.
# ELBREAD: Elaboration time 0.0 [s].
# asim: Stack memory: 32MB
# asim: Retval memory: 32MB
# 
# KERNEL: Main thread initiated.
# KERNEL: Kernel process initialization phase.
# KERNEL: Time resolution set to 1ps.
# ELAB2: Elaboration final pass...
# ELAB2: Create instances ...
# ELAB2: Create instances complete.
# SLP: Started
# SLP: Elaboration phase ...
# SLP: Elaboration phase ... skipped, nothing to simulate in SLP mode : 0.0 [s]
# SLP: Finished : 0.0 [s]
# ELAB2: Elaboration final pass complete - time: 0.1 [s].
# KERNEL: Warning: You are using the Active-HDL Student Edition. The performance of simulation is running at a reduced rate.
# KERNEL: Warning: For upgrade options please visit our University Program page at www.aldec.com.
# KERNEL: Kernel process initialization done.
# Allocation: Simulator allocated 6804 kB (elbread=1023 elab2=5635 kernel=144 sdf=0)
# KERNEL: ASDB file was created in location D:\облако\учеба\7 семестр\ТПКС-1\ТПКС\Захожий\№8\ADCS_LAB8\automat\src\wave.asdb
#  11:34, 11 ноября 2014 г.
#  Simulation has been initialized
#  Selected Top-Level: automat (functions)
run
# KERNEL: Simulation has finished. There are no more test vectors to simulate.
# add wave -noreg {/automat/Q3}
# add wave -noreg {/automat/Q2}
# add wave -noreg {/automat/Q1}
# add wave -noreg {/automat/X2}
# add wave -noreg {/automat/X1}
# add wave -noreg {/automat/Y1}
# add wave -noreg {/automat/Y2}
# add wave -noreg {/automat/Y3}
# add wave -noreg {/automat/Y4}
# add wave -noreg {/automat/D3}
# add wave -noreg {/automat/D2}
# add wave -noreg {/automat/D1}
# 12 signal(s) traced.
#  Simulation has been stopped
