Построение начато 19.05.2014 15:27:28.
     1>Проект "C:\Users\User\Documents\Visual Studio 2010\Projects\lab8\lab8\lab8.vcxproj" в узле 2 (целевые объекты build).
     1>InitializeBuildStatus:
         Обращение к "Release\lab8.unsuccessfulbuild".
       _MASM:
       Целевой объект "_MASM" пропускается, так как все выходные файлы актуальны по отношению к входным.
       _MASM:
       Целевой объект "_MASM" пропускается, так как все выходные файлы актуальны по отношению к входным.
       _MASM:
         Assembling [Inputs]...
         cmd.exe /C "C:\Users\User\AppData\Local\Temp\3026ea6f04e04cf9b602c581986d2ea6.cmd"
         ml.exe /c /nologo /Zi /Fo"Release\main8.obj" /W3 /errorReport:prompt  /Tamain8.asm
       Link:
         C:\Program Files (x86)\Microsoft Visual Studio 10.0\VC\bin\link.exe /ERRORREPORT:PROMPT /OUT:"C:\Users\User\Documents\Visual Studio 2010\Projects\lab8\Release\lab8.exe" /INCREMENTAL:NO /NOLOGO kernel32.lib user32.lib gdi32.lib winspool.lib comdlg32.lib advapi32.lib shell32.lib ole32.lib oleaut32.lib uuid.lib odbc32.lib odbccp32.lib /MANIFEST /ManifestFile:"Release\lab8.exe.intermediate.manifest" /MANIFESTUAC:"level='asInvoker' uiAccess='false'" /DEBUG /PDB:"C:\Users\User\Documents\Visual Studio 2010\Projects\lab8\Release\lab8.pdb" /SUBSYSTEM:WINDOWS /OPT:REF /OPT:ICF /LTCG /TLBID:1 /DYNAMICBASE /NXCOMPAT /IMPLIB:"C:\Users\User\Documents\Visual Studio 2010\Projects\lab8\Release\lab8.lib" /MACHINE:X86 Release\longop.obj
         Release\module.obj
         Release\main8.obj
         LINK : указан параметр /LTCG, но не требуется создание кода; удалите /LTCG из командной строки компоновки для повышения производительности компоновщика
         lab8.vcxproj -> C:\Users\User\Documents\Visual Studio 2010\Projects\lab8\Release\lab8.exe
       Manifest:
         C:\Program Files (x86)\Microsoft SDKs\Windows\v7.0A\bin\mt.exe /nologo /verbose /outputresource:"C:\Users\User\Documents\Visual Studio 2010\Projects\lab8\Release\lab8.exe;#1" /manifest Release\lab8.exe.intermediate.manifest
       FinalizeBuildStatus:
         Файл "Release\lab8.unsuccessfulbuild" удаляется.
         Обращение к "Release\lab8.lastbuildstate".
     1>Построение проекта "C:\Users\User\Documents\Visual Studio 2010\Projects\lab8\lab8\lab8.vcxproj" завершено (целевые объекты build).

Построение успешно завершено.

Затраченное время: 00:00:00.73
