Build started 01.10.2014 16:49:36.
     1>Project "C:\Users\Vova\Study data\СП\spLb1\spLb1\spLb5\spLb5.vcxproj" on node 2 (Build target(s)).
     1>ClCompile:
         C:\Program Files (x86)\Microsoft Visual Studio 10.0\VC\bin\CL.exe /c /Zi /nologo /W3 /WX- /O2 /Ob1 /Oy- /D WIN32 /D NDEBUG /D _CONSOLE /D _VC80_UPGRADE=0x0600 /D _MBCS /GF /Gm- /EHsc /MT /GS /Gy /fp:precise /Zc:wchar_t /Zc:forScope /Yc"stdafx.h" /Fp".\Release\spLb5.pch" /Fo".\Release\\" /Fd".\Release\vc100.pdb" /Gd /TP /analyze- /errorReport:prompt StdAfx.cpp
         StdAfx.cpp
         C:\Program Files (x86)\Microsoft Visual Studio 10.0\VC\bin\CL.exe /c /Zi /nologo /W3 /WX- /O2 /Ob1 /Oy- /D WIN32 /D NDEBUG /D _CONSOLE /D _VC80_UPGRADE=0x0600 /D _MBCS /GF /Gm- /EHsc /MT /GS /Gy /fp:precise /Zc:wchar_t /Zc:forScope /Yu"stdafx.h" /Fp".\Release\spLb5.pch" /Fo".\Release\\" /Fd".\Release\vc100.pdb" /Gd /TP /analyze- /errorReport:prompt ..\spLb4\index.cpp ..\spLb4\langio.cpp ..\spLb4\lexan.cpp operSpc.cpp parpC.cpp parpP.cpp ..\spLb4\parsC.cpp ..\spLb4\parsP.cpp spLb5.cpp syntaxP.cpp ..\spLb4\tables.cpp ..\spLb3\visgrp.cpp
         index.cpp
         langio.cpp
     1>..\spLb4\langio.cpp(21): warning C4996: 'fopen': This function or variable may be unsafe. Consider using fopen_s instead. To disable deprecation, use _CRT_SECURE_NO_WARNINGS. See online help for details.
                 C:\Program Files (x86)\Microsoft Visual Studio 10.0\VC\include\stdio.h(234): см. объявление "fopen"
     1>..\spLb4\langio.cpp(34): warning C4996: 'fopen': This function or variable may be unsafe. Consider using fopen_s instead. To disable deprecation, use _CRT_SECURE_NO_WARNINGS. See online help for details.
                 C:\Program Files (x86)\Microsoft Visual Studio 10.0\VC\include\stdio.h(234): см. объявление "fopen"
         lexan.cpp
         operSpc.cpp
         parpC.cpp
         parpP.cpp
         parsC.cpp
         parsP.cpp
         spLb5.cpp
     1>spLb5.cpp(29): warning C4996: 'strcpy': This function or variable may be unsafe. Consider using strcpy_s instead. To disable deprecation, use _CRT_SECURE_NO_WARNINGS. See online help for details.
                 C:\Program Files (x86)\Microsoft Visual Studio 10.0\VC\include\string.h(105): см. объявление "strcpy"
     1>spLb5.cpp(33): warning C4996: 'scanf': This function or variable may be unsafe. Consider using scanf_s instead. To disable deprecation, use _CRT_SECURE_NO_WARNINGS. See online help for details.
                 C:\Program Files (x86)\Microsoft Visual Studio 10.0\VC\include\stdio.h(304): см. объявление "scanf"
     1>spLb5.cpp(34): warning C4996: 'strcat': This function or variable may be unsafe. Consider using strcat_s instead. To disable deprecation, use _CRT_SECURE_NO_WARNINGS. See online help for details.
                 C:\Program Files (x86)\Microsoft Visual Studio 10.0\VC\include\string.h(110): см. объявление "strcat"
         syntaxP.cpp
         tables.cpp
         visgrp.cpp
         Создание кода...
       Link:
         C:\Program Files (x86)\Microsoft Visual Studio 10.0\VC\bin\link.exe /ERRORREPORT:PROMPT /OUT:".\Release\spLb5.exe" /INCREMENTAL:NO /NOLOGO odbc32.lib odbccp32.lib kernel32.lib user32.lib gdi32.lib winspool.lib comdlg32.lib advapi32.lib shell32.lib ole32.lib oleaut32.lib uuid.lib odbc32.lib odbccp32.lib /MANIFEST /ManifestFile:".\Release\spLb5.exe.intermediate.manifest" /MANIFESTUAC:"level='asInvoker' uiAccess='false'" /PDB:"C:\Users\Vova\Study data\СП\spLb1\spLb1\spLb5\Release\spLb5.pdb" /SUBSYSTEM:CONSOLE /TLBID:1 /DYNAMICBASE /NXCOMPAT /IMPLIB:".\Release\spLb5.lib" /MACHINE:X86 .\Release\index.obj
         .\Release\langio.obj
         .\Release\lexan.obj
         .\Release\operSpc.obj
         .\Release\parpC.obj
         .\Release\parpP.obj
         .\Release\parsC.obj
         .\Release\parsP.obj
         .\Release\spLb5.obj
         .\Release\StdAfx.obj
         .\Release\syntaxP.obj
         .\Release\tables.obj
         .\Release\visgrp.obj
         spLb5.vcxproj -> C:\Users\Vova\Study data\СП\spLb1\spLb1\spLb5\.\Release\spLb5.exe
       Manifest:
         C:\Program Files (x86)\Microsoft SDKs\Windows\v7.0A\bin\mt.exe /nologo /verbose /outputresource:".\Release\spLb5.exe;#1" /manifest .\Release\spLb5.exe.intermediate.manifest
     1>Done Building Project "C:\Users\Vova\Study data\СП\spLb1\spLb1\spLb5\spLb5.vcxproj" (Build target(s)).

Build succeeded.

Time Elapsed 00:00:04.41
