Project Information                                c:\kslabs\myshema3\ram4.rpt

MAX+plus II Compiler Report File
Version 10.0 RC2 9/14/2000
Compiled: 10/16/2009 01:01:13

Copyright (C) 1988-2000 Altera Corporation
Any megafunction design, and related net list (encrypted or decrypted),
support information, device programming or simulation file, and any other
associated documentation or information provided by Altera or a partner
under Altera's Megafunction Partnership Program may be used only to
program PLD devices (but not masked PLD devices) from Altera.  Any other
use of such megafunction design, net list, support information, device
programming or simulation file, or any other related documentation or
information is prohibited for any other purpose, including, but not
limited to modification, reverse engineering, de-compiling, or use with
any other silicon devices, unless such use is explicitly licensed under
a separate agreement with Altera or a megafunction partner.  Title to
the intellectual property, including patents, copyrights, trademarks,
trade secrets, or maskworks, embodied in any such megafunction design,
net list, support information, device programming or simulation file, or
any other related documentation or information provided by Altera or a
megafunction partner, remains with Altera, the megafunction partner, or
their respective licensors.  No other licenses, including any licenses
needed under any third party's intellectual property, are provided herein.



***** Project compilation was successful




** DEVICE SUMMARY **

Chip/                     Input   Output   Bidir         Shareable
POF       Device          Pins    Pins     Pins     LCs  Expanders  % Utilized

ram4      EPM9320LC84-15   18       1        0      132     2           41 %

User Pins:                 18       1        0  



Project Information                                c:\kslabs\myshema3\ram4.rpt

** PROJECT COMPILATION MESSAGES **

Warning: No superset bus at connection -- "DC5[0..3]"
Warning: No superset bus at connection -- "DC5[0..3]"
Warning: No superset bus at connection -- "DC5[0..3]"
Warning: No superset bus at connection -- "DC5[0..3]"
Warning: No superset bus at connection -- "DC5[0..3]"
Warning: No superset bus at connection -- "DC5[0..3]"
Warning: No superset bus at connection -- "DC5[0..3]"
Warning: No superset bus at connection -- "DC5[0..3]"
Warning: No superset bus at connection -- "DC5[0..3]"
Warning: No superset bus at connection -- "DC5[0..3]"
Warning: No superset bus at connection -- "DC5[0..3]"
Warning: No superset bus at connection -- "DC5[0..3]"
Warning: No superset bus at connection -- "DC5[0..3]"
Warning: No superset bus at connection -- "DC5[0..3]"
Warning: No superset bus at connection -- "DC5[0..3]"
Warning: No superset bus at connection -- "DC5[0..3]"
Warning: No superset bus at connection -- "DC5[0..3]"
Warning: No superset bus at connection -- "DC5[0..3]"
Warning: No superset bus at connection -- "DC5[0..3]"
Warning: No superset bus at connection -- "DC5[0..3]"
Warning: No superset bus at connection -- "DC5[0..3]"
Warning: No superset bus at connection -- "DC5[0..3]"
Warning: No superset bus at connection -- "DC5[0..3]"
Warning: No superset bus at connection -- "DC5[0..3]"
Warning: No superset bus at connection -- "DC5[0..3]"
Warning: No superset bus at connection -- "DC5[0..3]"
Warning: No superset bus at connection -- "DC5[0..3]"
Warning: No superset bus at connection -- "DC5[0..3]"
Warning: No superset bus at connection -- "DC5[0..3]"
Warning: No superset bus at connection -- "DC5[0..3]"
Warning: No superset bus at connection -- "DC5[0..3]"
Warning: No superset bus at connection -- "DC5[0..3]"
Warning: No superset bus at connection -- "DC5[0..3]"
Warning: No superset bus at connection -- "DC5[0..3]"
Warning: No superset bus at connection -- "DC5[0..3]"
Warning: No superset bus at connection -- "DC5[0..3]"


Project Information                                c:\kslabs\myshema3\ram4.rpt

** AUTO GLOBAL SIGNALS **



INFO: Signal 'Clock' chosen for auto global Clock


Project Information                                c:\kslabs\myshema3\ram4.rpt

** FILE HIERARCHY **



|ram3:29|
|ram3:29|ram2:57|
|ram3:29|ram2:57|et:17|
|ram3:29|ram2:57|et:17|carry_not:36|
|ram3:29|ram2:57|et:17|carry_not:41|
|ram3:29|ram2:57|et:17|carry_not:40|
|ram3:29|ram2:57|et:17|carry_not:39|
|ram3:29|ram2:57|et:17|carry_not:38|
|ram3:29|ram2:57|et:17|carry_not:37|
|ram3:29|ram2:57|et:17|and7:43|
|ram3:29|ram2:57|et:17|and7:45|
|ram3:29|ram2:57|et:20|
|ram3:29|ram2:57|et:20|carry_not:36|
|ram3:29|ram2:57|et:20|carry_not:41|
|ram3:29|ram2:57|et:20|carry_not:40|
|ram3:29|ram2:57|et:20|carry_not:39|
|ram3:29|ram2:57|et:20|carry_not:38|
|ram3:29|ram2:57|et:20|carry_not:37|
|ram3:29|ram2:57|et:20|and7:43|
|ram3:29|ram2:57|et:20|and7:45|
|ram3:29|ram2:57|et:19|
|ram3:29|ram2:57|et:19|carry_not:36|
|ram3:29|ram2:57|et:19|carry_not:41|
|ram3:29|ram2:57|et:19|carry_not:40|
|ram3:29|ram2:57|et:19|carry_not:39|
|ram3:29|ram2:57|et:19|carry_not:38|
|ram3:29|ram2:57|et:19|carry_not:37|
|ram3:29|ram2:57|et:19|and7:43|
|ram3:29|ram2:57|et:19|and7:45|
|ram3:29|ram2:57|et:18|
|ram3:29|ram2:57|et:18|carry_not:36|
|ram3:29|ram2:57|et:18|carry_not:41|
|ram3:29|ram2:57|et:18|carry_not:40|
|ram3:29|ram2:57|et:18|carry_not:39|
|ram3:29|ram2:57|et:18|carry_not:38|
|ram3:29|ram2:57|et:18|carry_not:37|
|ram3:29|ram2:57|et:18|and7:43|
|ram3:29|ram2:57|et:18|and7:45|
|ram3:29|ram2:102|
|ram3:29|ram2:102|et:17|
|ram3:29|ram2:102|et:17|carry_not:36|
|ram3:29|ram2:102|et:17|carry_not:41|
|ram3:29|ram2:102|et:17|carry_not:40|
|ram3:29|ram2:102|et:17|carry_not:39|
|ram3:29|ram2:102|et:17|carry_not:38|
|ram3:29|ram2:102|et:17|carry_not:37|
|ram3:29|ram2:102|et:17|and7:43|
|ram3:29|ram2:102|et:17|and7:45|
|ram3:29|ram2:102|et:20|
|ram3:29|ram2:102|et:20|carry_not:36|
|ram3:29|ram2:102|et:20|carry_not:41|
|ram3:29|ram2:102|et:20|carry_not:40|
|ram3:29|ram2:102|et:20|carry_not:39|
|ram3:29|ram2:102|et:20|carry_not:38|
|ram3:29|ram2:102|et:20|carry_not:37|
|ram3:29|ram2:102|et:20|and7:43|
|ram3:29|ram2:102|et:20|and7:45|
|ram3:29|ram2:102|et:19|
|ram3:29|ram2:102|et:19|carry_not:36|
|ram3:29|ram2:102|et:19|carry_not:41|
|ram3:29|ram2:102|et:19|carry_not:40|
|ram3:29|ram2:102|et:19|carry_not:39|
|ram3:29|ram2:102|et:19|carry_not:38|
|ram3:29|ram2:102|et:19|carry_not:37|
|ram3:29|ram2:102|et:19|and7:43|
|ram3:29|ram2:102|et:19|and7:45|
|ram3:29|ram2:102|et:18|
|ram3:29|ram2:102|et:18|carry_not:36|
|ram3:29|ram2:102|et:18|carry_not:41|
|ram3:29|ram2:102|et:18|carry_not:40|
|ram3:29|ram2:102|et:18|carry_not:39|
|ram3:29|ram2:102|et:18|carry_not:38|
|ram3:29|ram2:102|et:18|carry_not:37|
|ram3:29|ram2:102|et:18|and7:43|
|ram3:29|ram2:102|et:18|and7:45|
|ram3:29|ram2:87|
|ram3:29|ram2:87|et:17|
|ram3:29|ram2:87|et:17|carry_not:36|
|ram3:29|ram2:87|et:17|carry_not:41|
|ram3:29|ram2:87|et:17|carry_not:40|
|ram3:29|ram2:87|et:17|carry_not:39|
|ram3:29|ram2:87|et:17|carry_not:38|
|ram3:29|ram2:87|et:17|carry_not:37|
|ram3:29|ram2:87|et:17|and7:43|
|ram3:29|ram2:87|et:17|and7:45|
|ram3:29|ram2:87|et:20|
|ram3:29|ram2:87|et:20|carry_not:36|
|ram3:29|ram2:87|et:20|carry_not:41|
|ram3:29|ram2:87|et:20|carry_not:40|
|ram3:29|ram2:87|et:20|carry_not:39|
|ram3:29|ram2:87|et:20|carry_not:38|
|ram3:29|ram2:87|et:20|carry_not:37|
|ram3:29|ram2:87|et:20|and7:43|
|ram3:29|ram2:87|et:20|and7:45|
|ram3:29|ram2:87|et:19|
|ram3:29|ram2:87|et:19|carry_not:36|
|ram3:29|ram2:87|et:19|carry_not:41|
|ram3:29|ram2:87|et:19|carry_not:40|
|ram3:29|ram2:87|et:19|carry_not:39|
|ram3:29|ram2:87|et:19|carry_not:38|
|ram3:29|ram2:87|et:19|carry_not:37|
|ram3:29|ram2:87|et:19|and7:43|
|ram3:29|ram2:87|et:19|and7:45|
|ram3:29|ram2:87|et:18|
|ram3:29|ram2:87|et:18|carry_not:36|
|ram3:29|ram2:87|et:18|carry_not:41|
|ram3:29|ram2:87|et:18|carry_not:40|
|ram3:29|ram2:87|et:18|carry_not:39|
|ram3:29|ram2:87|et:18|carry_not:38|
|ram3:29|ram2:87|et:18|carry_not:37|
|ram3:29|ram2:87|et:18|and7:43|
|ram3:29|ram2:87|et:18|and7:45|
|ram3:29|ram2:72|
|ram3:29|ram2:72|et:17|
|ram3:29|ram2:72|et:17|carry_not:36|
|ram3:29|ram2:72|et:17|carry_not:41|
|ram3:29|ram2:72|et:17|carry_not:40|
|ram3:29|ram2:72|et:17|carry_not:39|
|ram3:29|ram2:72|et:17|carry_not:38|
|ram3:29|ram2:72|et:17|carry_not:37|
|ram3:29|ram2:72|et:17|and7:43|
|ram3:29|ram2:72|et:17|and7:45|
|ram3:29|ram2:72|et:20|
|ram3:29|ram2:72|et:20|carry_not:36|
|ram3:29|ram2:72|et:20|carry_not:41|
|ram3:29|ram2:72|et:20|carry_not:40|
|ram3:29|ram2:72|et:20|carry_not:39|
|ram3:29|ram2:72|et:20|carry_not:38|
|ram3:29|ram2:72|et:20|carry_not:37|
|ram3:29|ram2:72|et:20|and7:43|
|ram3:29|ram2:72|et:20|and7:45|
|ram3:29|ram2:72|et:19|
|ram3:29|ram2:72|et:19|carry_not:36|
|ram3:29|ram2:72|et:19|carry_not:41|
|ram3:29|ram2:72|et:19|carry_not:40|
|ram3:29|ram2:72|et:19|carry_not:39|
|ram3:29|ram2:72|et:19|carry_not:38|
|ram3:29|ram2:72|et:19|carry_not:37|
|ram3:29|ram2:72|et:19|and7:43|
|ram3:29|ram2:72|et:19|and7:45|
|ram3:29|ram2:72|et:18|
|ram3:29|ram2:72|et:18|carry_not:36|
|ram3:29|ram2:72|et:18|carry_not:41|
|ram3:29|ram2:72|et:18|carry_not:40|
|ram3:29|ram2:72|et:18|carry_not:39|
|ram3:29|ram2:72|et:18|carry_not:38|
|ram3:29|ram2:72|et:18|carry_not:37|
|ram3:29|ram2:72|et:18|and7:43|
|ram3:29|ram2:72|et:18|and7:45|
|ram3:32|
|ram3:32|ram2:57|
|ram3:32|ram2:57|et:17|
|ram3:32|ram2:57|et:17|carry_not:36|
|ram3:32|ram2:57|et:17|carry_not:41|
|ram3:32|ram2:57|et:17|carry_not:40|
|ram3:32|ram2:57|et:17|carry_not:39|
|ram3:32|ram2:57|et:17|carry_not:38|
|ram3:32|ram2:57|et:17|carry_not:37|
|ram3:32|ram2:57|et:17|and7:43|
|ram3:32|ram2:57|et:17|and7:45|
|ram3:32|ram2:57|et:20|
|ram3:32|ram2:57|et:20|carry_not:36|
|ram3:32|ram2:57|et:20|carry_not:41|
|ram3:32|ram2:57|et:20|carry_not:40|
|ram3:32|ram2:57|et:20|carry_not:39|
|ram3:32|ram2:57|et:20|carry_not:38|
|ram3:32|ram2:57|et:20|carry_not:37|
|ram3:32|ram2:57|et:20|and7:43|
|ram3:32|ram2:57|et:20|and7:45|
|ram3:32|ram2:57|et:19|
|ram3:32|ram2:57|et:19|carry_not:36|
|ram3:32|ram2:57|et:19|carry_not:41|
|ram3:32|ram2:57|et:19|carry_not:40|
|ram3:32|ram2:57|et:19|carry_not:39|
|ram3:32|ram2:57|et:19|carry_not:38|
|ram3:32|ram2:57|et:19|carry_not:37|
|ram3:32|ram2:57|et:19|and7:43|
|ram3:32|ram2:57|et:19|and7:45|
|ram3:32|ram2:57|et:18|
|ram3:32|ram2:57|et:18|carry_not:36|
|ram3:32|ram2:57|et:18|carry_not:41|
|ram3:32|ram2:57|et:18|carry_not:40|
|ram3:32|ram2:57|et:18|carry_not:39|
|ram3:32|ram2:57|et:18|carry_not:38|
|ram3:32|ram2:57|et:18|carry_not:37|
|ram3:32|ram2:57|et:18|and7:43|
|ram3:32|ram2:57|et:18|and7:45|
|ram3:32|ram2:102|
|ram3:32|ram2:102|et:17|
|ram3:32|ram2:102|et:17|carry_not:36|
|ram3:32|ram2:102|et:17|carry_not:41|
|ram3:32|ram2:102|et:17|carry_not:40|
|ram3:32|ram2:102|et:17|carry_not:39|
|ram3:32|ram2:102|et:17|carry_not:38|
|ram3:32|ram2:102|et:17|carry_not:37|
|ram3:32|ram2:102|et:17|and7:43|
|ram3:32|ram2:102|et:17|and7:45|
|ram3:32|ram2:102|et:20|
|ram3:32|ram2:102|et:20|carry_not:36|
|ram3:32|ram2:102|et:20|carry_not:41|
|ram3:32|ram2:102|et:20|carry_not:40|
|ram3:32|ram2:102|et:20|carry_not:39|
|ram3:32|ram2:102|et:20|carry_not:38|
|ram3:32|ram2:102|et:20|carry_not:37|
|ram3:32|ram2:102|et:20|and7:43|
|ram3:32|ram2:102|et:20|and7:45|
|ram3:32|ram2:102|et:19|
|ram3:32|ram2:102|et:19|carry_not:36|
|ram3:32|ram2:102|et:19|carry_not:41|
|ram3:32|ram2:102|et:19|carry_not:40|
|ram3:32|ram2:102|et:19|carry_not:39|
|ram3:32|ram2:102|et:19|carry_not:38|
|ram3:32|ram2:102|et:19|carry_not:37|
|ram3:32|ram2:102|et:19|and7:43|
|ram3:32|ram2:102|et:19|and7:45|
|ram3:32|ram2:102|et:18|
|ram3:32|ram2:102|et:18|carry_not:36|
|ram3:32|ram2:102|et:18|carry_not:41|
|ram3:32|ram2:102|et:18|carry_not:40|
|ram3:32|ram2:102|et:18|carry_not:39|
|ram3:32|ram2:102|et:18|carry_not:38|
|ram3:32|ram2:102|et:18|carry_not:37|
|ram3:32|ram2:102|et:18|and7:43|
|ram3:32|ram2:102|et:18|and7:45|
|ram3:32|ram2:87|
|ram3:32|ram2:87|et:17|
|ram3:32|ram2:87|et:17|carry_not:36|
|ram3:32|ram2:87|et:17|carry_not:41|
|ram3:32|ram2:87|et:17|carry_not:40|
|ram3:32|ram2:87|et:17|carry_not:39|
|ram3:32|ram2:87|et:17|carry_not:38|
|ram3:32|ram2:87|et:17|carry_not:37|
|ram3:32|ram2:87|et:17|and7:43|
|ram3:32|ram2:87|et:17|and7:45|
|ram3:32|ram2:87|et:20|
|ram3:32|ram2:87|et:20|carry_not:36|
|ram3:32|ram2:87|et:20|carry_not:41|
|ram3:32|ram2:87|et:20|carry_not:40|
|ram3:32|ram2:87|et:20|carry_not:39|
|ram3:32|ram2:87|et:20|carry_not:38|
|ram3:32|ram2:87|et:20|carry_not:37|
|ram3:32|ram2:87|et:20|and7:43|
|ram3:32|ram2:87|et:20|and7:45|
|ram3:32|ram2:87|et:19|
|ram3:32|ram2:87|et:19|carry_not:36|
|ram3:32|ram2:87|et:19|carry_not:41|
|ram3:32|ram2:87|et:19|carry_not:40|
|ram3:32|ram2:87|et:19|carry_not:39|
|ram3:32|ram2:87|et:19|carry_not:38|
|ram3:32|ram2:87|et:19|carry_not:37|
|ram3:32|ram2:87|et:19|and7:43|
|ram3:32|ram2:87|et:19|and7:45|
|ram3:32|ram2:87|et:18|
|ram3:32|ram2:87|et:18|carry_not:36|
|ram3:32|ram2:87|et:18|carry_not:41|
|ram3:32|ram2:87|et:18|carry_not:40|
|ram3:32|ram2:87|et:18|carry_not:39|
|ram3:32|ram2:87|et:18|carry_not:38|
|ram3:32|ram2:87|et:18|carry_not:37|
|ram3:32|ram2:87|et:18|and7:43|
|ram3:32|ram2:87|et:18|and7:45|
|ram3:32|ram2:72|
|ram3:32|ram2:72|et:17|
|ram3:32|ram2:72|et:17|carry_not:36|
|ram3:32|ram2:72|et:17|carry_not:41|
|ram3:32|ram2:72|et:17|carry_not:40|
|ram3:32|ram2:72|et:17|carry_not:39|
|ram3:32|ram2:72|et:17|carry_not:38|
|ram3:32|ram2:72|et:17|carry_not:37|
|ram3:32|ram2:72|et:17|and7:43|
|ram3:32|ram2:72|et:17|and7:45|
|ram3:32|ram2:72|et:20|
|ram3:32|ram2:72|et:20|carry_not:36|
|ram3:32|ram2:72|et:20|carry_not:41|
|ram3:32|ram2:72|et:20|carry_not:40|
|ram3:32|ram2:72|et:20|carry_not:39|
|ram3:32|ram2:72|et:20|carry_not:38|
|ram3:32|ram2:72|et:20|carry_not:37|
|ram3:32|ram2:72|et:20|and7:43|
|ram3:32|ram2:72|et:20|and7:45|
|ram3:32|ram2:72|et:19|
|ram3:32|ram2:72|et:19|carry_not:36|
|ram3:32|ram2:72|et:19|carry_not:41|
|ram3:32|ram2:72|et:19|carry_not:40|
|ram3:32|ram2:72|et:19|carry_not:39|
|ram3:32|ram2:72|et:19|carry_not:38|
|ram3:32|ram2:72|et:19|carry_not:37|
|ram3:32|ram2:72|et:19|and7:43|
|ram3:32|ram2:72|et:19|and7:45|
|ram3:32|ram2:72|et:18|
|ram3:32|ram2:72|et:18|carry_not:36|
|ram3:32|ram2:72|et:18|carry_not:41|
|ram3:32|ram2:72|et:18|carry_not:40|
|ram3:32|ram2:72|et:18|carry_not:39|
|ram3:32|ram2:72|et:18|carry_not:38|
|ram3:32|ram2:72|et:18|carry_not:37|
|ram3:32|ram2:72|et:18|and7:43|
|ram3:32|ram2:72|et:18|and7:45|
|ram3:31|
|ram3:31|ram2:57|
|ram3:31|ram2:57|et:17|
|ram3:31|ram2:57|et:17|carry_not:36|
|ram3:31|ram2:57|et:17|carry_not:41|
|ram3:31|ram2:57|et:17|carry_not:40|
|ram3:31|ram2:57|et:17|carry_not:39|
|ram3:31|ram2:57|et:17|carry_not:38|
|ram3:31|ram2:57|et:17|carry_not:37|
|ram3:31|ram2:57|et:17|and7:43|
|ram3:31|ram2:57|et:17|and7:45|
|ram3:31|ram2:57|et:20|
|ram3:31|ram2:57|et:20|carry_not:36|
|ram3:31|ram2:57|et:20|carry_not:41|
|ram3:31|ram2:57|et:20|carry_not:40|
|ram3:31|ram2:57|et:20|carry_not:39|
|ram3:31|ram2:57|et:20|carry_not:38|
|ram3:31|ram2:57|et:20|carry_not:37|
|ram3:31|ram2:57|et:20|and7:43|
|ram3:31|ram2:57|et:20|and7:45|
|ram3:31|ram2:57|et:19|
|ram3:31|ram2:57|et:19|carry_not:36|
|ram3:31|ram2:57|et:19|carry_not:41|
|ram3:31|ram2:57|et:19|carry_not:40|
|ram3:31|ram2:57|et:19|carry_not:39|
|ram3:31|ram2:57|et:19|carry_not:38|
|ram3:31|ram2:57|et:19|carry_not:37|
|ram3:31|ram2:57|et:19|and7:43|
|ram3:31|ram2:57|et:19|and7:45|
|ram3:31|ram2:57|et:18|
|ram3:31|ram2:57|et:18|carry_not:36|
|ram3:31|ram2:57|et:18|carry_not:41|
|ram3:31|ram2:57|et:18|carry_not:40|
|ram3:31|ram2:57|et:18|carry_not:39|
|ram3:31|ram2:57|et:18|carry_not:38|
|ram3:31|ram2:57|et:18|carry_not:37|
|ram3:31|ram2:57|et:18|and7:43|
|ram3:31|ram2:57|et:18|and7:45|
|ram3:31|ram2:102|
|ram3:31|ram2:102|et:17|
|ram3:31|ram2:102|et:17|carry_not:36|
|ram3:31|ram2:102|et:17|carry_not:41|
|ram3:31|ram2:102|et:17|carry_not:40|
|ram3:31|ram2:102|et:17|carry_not:39|
|ram3:31|ram2:102|et:17|carry_not:38|
|ram3:31|ram2:102|et:17|carry_not:37|
|ram3:31|ram2:102|et:17|and7:43|
|ram3:31|ram2:102|et:17|and7:45|
|ram3:31|ram2:102|et:20|
|ram3:31|ram2:102|et:20|carry_not:36|
|ram3:31|ram2:102|et:20|carry_not:41|
|ram3:31|ram2:102|et:20|carry_not:40|
|ram3:31|ram2:102|et:20|carry_not:39|
|ram3:31|ram2:102|et:20|carry_not:38|
|ram3:31|ram2:102|et:20|carry_not:37|
|ram3:31|ram2:102|et:20|and7:43|
|ram3:31|ram2:102|et:20|and7:45|
|ram3:31|ram2:102|et:19|
|ram3:31|ram2:102|et:19|carry_not:36|
|ram3:31|ram2:102|et:19|carry_not:41|
|ram3:31|ram2:102|et:19|carry_not:40|
|ram3:31|ram2:102|et:19|carry_not:39|
|ram3:31|ram2:102|et:19|carry_not:38|
|ram3:31|ram2:102|et:19|carry_not:37|
|ram3:31|ram2:102|et:19|and7:43|
|ram3:31|ram2:102|et:19|and7:45|
|ram3:31|ram2:102|et:18|
|ram3:31|ram2:102|et:18|carry_not:36|
|ram3:31|ram2:102|et:18|carry_not:41|
|ram3:31|ram2:102|et:18|carry_not:40|
|ram3:31|ram2:102|et:18|carry_not:39|
|ram3:31|ram2:102|et:18|carry_not:38|
|ram3:31|ram2:102|et:18|carry_not:37|
|ram3:31|ram2:102|et:18|and7:43|
|ram3:31|ram2:102|et:18|and7:45|
|ram3:31|ram2:87|
|ram3:31|ram2:87|et:17|
|ram3:31|ram2:87|et:17|carry_not:36|
|ram3:31|ram2:87|et:17|carry_not:41|
|ram3:31|ram2:87|et:17|carry_not:40|
|ram3:31|ram2:87|et:17|carry_not:39|
|ram3:31|ram2:87|et:17|carry_not:38|
|ram3:31|ram2:87|et:17|carry_not:37|
|ram3:31|ram2:87|et:17|and7:43|
|ram3:31|ram2:87|et:17|and7:45|
|ram3:31|ram2:87|et:20|
|ram3:31|ram2:87|et:20|carry_not:36|
|ram3:31|ram2:87|et:20|carry_not:41|
|ram3:31|ram2:87|et:20|carry_not:40|
|ram3:31|ram2:87|et:20|carry_not:39|
|ram3:31|ram2:87|et:20|carry_not:38|
|ram3:31|ram2:87|et:20|carry_not:37|
|ram3:31|ram2:87|et:20|and7:43|
|ram3:31|ram2:87|et:20|and7:45|
|ram3:31|ram2:87|et:19|
|ram3:31|ram2:87|et:19|carry_not:36|
|ram3:31|ram2:87|et:19|carry_not:41|
|ram3:31|ram2:87|et:19|carry_not:40|
|ram3:31|ram2:87|et:19|carry_not:39|
|ram3:31|ram2:87|et:19|carry_not:38|
|ram3:31|ram2:87|et:19|carry_not:37|
|ram3:31|ram2:87|et:19|and7:43|
|ram3:31|ram2:87|et:19|and7:45|
|ram3:31|ram2:87|et:18|
|ram3:31|ram2:87|et:18|carry_not:36|
|ram3:31|ram2:87|et:18|carry_not:41|
|ram3:31|ram2:87|et:18|carry_not:40|
|ram3:31|ram2:87|et:18|carry_not:39|
|ram3:31|ram2:87|et:18|carry_not:38|
|ram3:31|ram2:87|et:18|carry_not:37|
|ram3:31|ram2:87|et:18|and7:43|
|ram3:31|ram2:87|et:18|and7:45|
|ram3:31|ram2:72|
|ram3:31|ram2:72|et:17|
|ram3:31|ram2:72|et:17|carry_not:36|
|ram3:31|ram2:72|et:17|carry_not:41|
|ram3:31|ram2:72|et:17|carry_not:40|
|ram3:31|ram2:72|et:17|carry_not:39|
|ram3:31|ram2:72|et:17|carry_not:38|
|ram3:31|ram2:72|et:17|carry_not:37|
|ram3:31|ram2:72|et:17|and7:43|
|ram3:31|ram2:72|et:17|and7:45|
|ram3:31|ram2:72|et:20|
|ram3:31|ram2:72|et:20|carry_not:36|
|ram3:31|ram2:72|et:20|carry_not:41|
|ram3:31|ram2:72|et:20|carry_not:40|
|ram3:31|ram2:72|et:20|carry_not:39|
|ram3:31|ram2:72|et:20|carry_not:38|
|ram3:31|ram2:72|et:20|carry_not:37|
|ram3:31|ram2:72|et:20|and7:43|
|ram3:31|ram2:72|et:20|and7:45|
|ram3:31|ram2:72|et:19|
|ram3:31|ram2:72|et:19|carry_not:36|
|ram3:31|ram2:72|et:19|carry_not:41|
|ram3:31|ram2:72|et:19|carry_not:40|
|ram3:31|ram2:72|et:19|carry_not:39|
|ram3:31|ram2:72|et:19|carry_not:38|
|ram3:31|ram2:72|et:19|carry_not:37|
|ram3:31|ram2:72|et:19|and7:43|
|ram3:31|ram2:72|et:19|and7:45|
|ram3:31|ram2:72|et:18|
|ram3:31|ram2:72|et:18|carry_not:36|
|ram3:31|ram2:72|et:18|carry_not:41|
|ram3:31|ram2:72|et:18|carry_not:40|
|ram3:31|ram2:72|et:18|carry_not:39|
|ram3:31|ram2:72|et:18|carry_not:38|
|ram3:31|ram2:72|et:18|carry_not:37|
|ram3:31|ram2:72|et:18|and7:43|
|ram3:31|ram2:72|et:18|and7:45|
|ram3:30|
|ram3:30|ram2:57|
|ram3:30|ram2:57|et:17|
|ram3:30|ram2:57|et:17|carry_not:36|
|ram3:30|ram2:57|et:17|carry_not:41|
|ram3:30|ram2:57|et:17|carry_not:40|
|ram3:30|ram2:57|et:17|carry_not:39|
|ram3:30|ram2:57|et:17|carry_not:38|
|ram3:30|ram2:57|et:17|carry_not:37|
|ram3:30|ram2:57|et:17|and7:43|
|ram3:30|ram2:57|et:17|and7:45|
|ram3:30|ram2:57|et:20|
|ram3:30|ram2:57|et:20|carry_not:36|
|ram3:30|ram2:57|et:20|carry_not:41|
|ram3:30|ram2:57|et:20|carry_not:40|
|ram3:30|ram2:57|et:20|carry_not:39|
|ram3:30|ram2:57|et:20|carry_not:38|
|ram3:30|ram2:57|et:20|carry_not:37|
|ram3:30|ram2:57|et:20|and7:43|
|ram3:30|ram2:57|et:20|and7:45|
|ram3:30|ram2:57|et:19|
|ram3:30|ram2:57|et:19|carry_not:36|
|ram3:30|ram2:57|et:19|carry_not:41|
|ram3:30|ram2:57|et:19|carry_not:40|
|ram3:30|ram2:57|et:19|carry_not:39|
|ram3:30|ram2:57|et:19|carry_not:38|
|ram3:30|ram2:57|et:19|carry_not:37|
|ram3:30|ram2:57|et:19|and7:43|
|ram3:30|ram2:57|et:19|and7:45|
|ram3:30|ram2:57|et:18|
|ram3:30|ram2:57|et:18|carry_not:36|
|ram3:30|ram2:57|et:18|carry_not:41|
|ram3:30|ram2:57|et:18|carry_not:40|
|ram3:30|ram2:57|et:18|carry_not:39|
|ram3:30|ram2:57|et:18|carry_not:38|
|ram3:30|ram2:57|et:18|carry_not:37|
|ram3:30|ram2:57|et:18|and7:43|
|ram3:30|ram2:57|et:18|and7:45|
|ram3:30|ram2:102|
|ram3:30|ram2:102|et:17|
|ram3:30|ram2:102|et:17|carry_not:36|
|ram3:30|ram2:102|et:17|carry_not:41|
|ram3:30|ram2:102|et:17|carry_not:40|
|ram3:30|ram2:102|et:17|carry_not:39|
|ram3:30|ram2:102|et:17|carry_not:38|
|ram3:30|ram2:102|et:17|carry_not:37|
|ram3:30|ram2:102|et:17|and7:43|
|ram3:30|ram2:102|et:17|and7:45|
|ram3:30|ram2:102|et:20|
|ram3:30|ram2:102|et:20|carry_not:36|
|ram3:30|ram2:102|et:20|carry_not:41|
|ram3:30|ram2:102|et:20|carry_not:40|
|ram3:30|ram2:102|et:20|carry_not:39|
|ram3:30|ram2:102|et:20|carry_not:38|
|ram3:30|ram2:102|et:20|carry_not:37|
|ram3:30|ram2:102|et:20|and7:43|
|ram3:30|ram2:102|et:20|and7:45|
|ram3:30|ram2:102|et:19|
|ram3:30|ram2:102|et:19|carry_not:36|
|ram3:30|ram2:102|et:19|carry_not:41|
|ram3:30|ram2:102|et:19|carry_not:40|
|ram3:30|ram2:102|et:19|carry_not:39|
|ram3:30|ram2:102|et:19|carry_not:38|
|ram3:30|ram2:102|et:19|carry_not:37|
|ram3:30|ram2:102|et:19|and7:43|
|ram3:30|ram2:102|et:19|and7:45|
|ram3:30|ram2:102|et:18|
|ram3:30|ram2:102|et:18|carry_not:36|
|ram3:30|ram2:102|et:18|carry_not:41|
|ram3:30|ram2:102|et:18|carry_not:40|
|ram3:30|ram2:102|et:18|carry_not:39|
|ram3:30|ram2:102|et:18|carry_not:38|
|ram3:30|ram2:102|et:18|carry_not:37|
|ram3:30|ram2:102|et:18|and7:43|
|ram3:30|ram2:102|et:18|and7:45|
|ram3:30|ram2:87|
|ram3:30|ram2:87|et:17|
|ram3:30|ram2:87|et:17|carry_not:36|
|ram3:30|ram2:87|et:17|carry_not:41|
|ram3:30|ram2:87|et:17|carry_not:40|
|ram3:30|ram2:87|et:17|carry_not:39|
|ram3:30|ram2:87|et:17|carry_not:38|
|ram3:30|ram2:87|et:17|carry_not:37|
|ram3:30|ram2:87|et:17|and7:43|
|ram3:30|ram2:87|et:17|and7:45|
|ram3:30|ram2:87|et:20|
|ram3:30|ram2:87|et:20|carry_not:36|
|ram3:30|ram2:87|et:20|carry_not:41|
|ram3:30|ram2:87|et:20|carry_not:40|
|ram3:30|ram2:87|et:20|carry_not:39|
|ram3:30|ram2:87|et:20|carry_not:38|
|ram3:30|ram2:87|et:20|carry_not:37|
|ram3:30|ram2:87|et:20|and7:43|
|ram3:30|ram2:87|et:20|and7:45|
|ram3:30|ram2:87|et:19|
|ram3:30|ram2:87|et:19|carry_not:36|
|ram3:30|ram2:87|et:19|carry_not:41|
|ram3:30|ram2:87|et:19|carry_not:40|
|ram3:30|ram2:87|et:19|carry_not:39|
|ram3:30|ram2:87|et:19|carry_not:38|
|ram3:30|ram2:87|et:19|carry_not:37|
|ram3:30|ram2:87|et:19|and7:43|
|ram3:30|ram2:87|et:19|and7:45|
|ram3:30|ram2:87|et:18|
|ram3:30|ram2:87|et:18|carry_not:36|
|ram3:30|ram2:87|et:18|carry_not:41|
|ram3:30|ram2:87|et:18|carry_not:40|
|ram3:30|ram2:87|et:18|carry_not:39|
|ram3:30|ram2:87|et:18|carry_not:38|
|ram3:30|ram2:87|et:18|carry_not:37|
|ram3:30|ram2:87|et:18|and7:43|
|ram3:30|ram2:87|et:18|and7:45|
|ram3:30|ram2:72|
|ram3:30|ram2:72|et:17|
|ram3:30|ram2:72|et:17|carry_not:36|
|ram3:30|ram2:72|et:17|carry_not:41|
|ram3:30|ram2:72|et:17|carry_not:40|
|ram3:30|ram2:72|et:17|carry_not:39|
|ram3:30|ram2:72|et:17|carry_not:38|
|ram3:30|ram2:72|et:17|carry_not:37|
|ram3:30|ram2:72|et:17|and7:43|
|ram3:30|ram2:72|et:17|and7:45|
|ram3:30|ram2:72|et:20|
|ram3:30|ram2:72|et:20|carry_not:36|
|ram3:30|ram2:72|et:20|carry_not:41|
|ram3:30|ram2:72|et:20|carry_not:40|
|ram3:30|ram2:72|et:20|carry_not:39|
|ram3:30|ram2:72|et:20|carry_not:38|
|ram3:30|ram2:72|et:20|carry_not:37|
|ram3:30|ram2:72|et:20|and7:43|
|ram3:30|ram2:72|et:20|and7:45|
|ram3:30|ram2:72|et:19|
|ram3:30|ram2:72|et:19|carry_not:36|
|ram3:30|ram2:72|et:19|carry_not:41|
|ram3:30|ram2:72|et:19|carry_not:40|
|ram3:30|ram2:72|et:19|carry_not:39|
|ram3:30|ram2:72|et:19|carry_not:38|
|ram3:30|ram2:72|et:19|carry_not:37|
|ram3:30|ram2:72|et:19|and7:43|
|ram3:30|ram2:72|et:19|and7:45|
|ram3:30|ram2:72|et:18|
|ram3:30|ram2:72|et:18|carry_not:36|
|ram3:30|ram2:72|et:18|carry_not:41|
|ram3:30|ram2:72|et:18|carry_not:40|
|ram3:30|ram2:72|et:18|carry_not:39|
|ram3:30|ram2:72|et:18|carry_not:38|
|ram3:30|ram2:72|et:18|carry_not:37|
|ram3:30|ram2:72|et:18|and7:43|
|ram3:30|ram2:72|et:18|and7:45|


Device-Specific Information:                       c:\kslabs\myshema3\ram4.rpt
ram4

***** Logic for device 'ram4' compiled without errors.




Device: EPM9320LC84-15

Device Options:
    Turbo Bit                                    = ON
    Security Bit                                 = OFF
    User Code                                  = ffff
    MultiVolt I/O                              = OFF

              R                       R              R  R  R     R  R  R  R  
              E                       E              E  E  E     E  E  E  E  
              S                       S              S  S  S     S  S  S  S  
              E                       E     C        E  E  E  V  E  E  E  E  
              R  D  D  D  D     D  D  R  D  l     D  R  R  R  C  R  R  R  R  
              V  C  C  C  C  G  C  C  V  C  o  D  C  V  V  V  C  V  V  V  V  
              E  5  5  4  3  N  3  4  E  4  c  C  4  E  E  E  I  E  E  E  E  
              D  3  2  2  3  D  0  0  D  3  k  2  1  D  D  D  O  D  D  D  D  
            -----------------------------------------------------------------_ 
          /  11 10  9  8  7  6  5  4  3  2  1 84 83 82 81 80 79 78 77 76 75   | 
      DI | 12                                                              74 | RESERVED 
     GND | 13                                                              73 | RESERVED 
  VCCINT | 14                                                              72 | GND 
   VCCIO | 15                                                              71 | VCCINT 
RESERVED | 16                                                              70 | GND 
RESERVED | 17                                                              69 | RESERVED 
     GND | 18                                                              68 | RESERVED 
RESERVED | 19                                                              67 | GND 
RESERVED | 20                                                              66 | RESERVED 
  VCCINT | 21                                                              65 | RESERVED 
RESERVED | 22                        EPM9320LC84-15                        64 | VCCINT 
      BI | 23                                                              63 | RESERVED 
     GND | 24                                                              62 | RESERVED 
     GND | 25                                                              61 | GND 
RESERVED | 26                                                              60 | VCCIO 
RESERVED | 27                                                              59 | RESERVED 
  VCCINT | 28                                                              58 | RESERVED 
    N.C. | 29                                                              57 | VCCINT 
    #TDO | 30                                                              56 | ^VPP 
RESERVED | 31                                                              55 | #TMS 
RESERVED | 32                                                              54 | RESERVED 
         |_  33 34 35 36 37 38 39 40 41 42 43 44 45 46 47 48 49 50 51 52 53  _| 
           ------------------------------------------------------------------ 
              R  D  R  D  V  D  R  R  W  #  #  D  R  D  R  G  R  R  R  R  R  
              E  C  E  C  C  C  E  E  R  T  T  C  D  C  E  N  E  E  E  E  E  
              S  5  S  3  C  3  S  S     D  C  1     5  S  D  S  S  S  S  S  
              E  0  E  1  I  2  E  E     I  K        1  E     E  E  E  E  E  
              R     R     O     R  R                    R     R  R  R  R  R  
              V     V           V  V                    V     V  V  V  V  V  
              E     E           E  E                    E     E  E  E  E  E  
              D     D           D  D                    D     D  D  D  D  D  


N.C. = No Connect. This pin has no internal connection to the device.
VCCINT = Dedicated power pin, which MUST be connected to VCC (5.0 volts).
VCCIO = Dedicated power pin, which MUST be connected to VCC (5.0 volts).
GND = Dedicated ground pin or unused dedicated input, which MUST be connected to GND.
RESERVED = Unused I/O pin, which MUST be left unconnected.

# = JTAG Boundary-Scan Testing/In-System Programming or Configuration Pin. The JTAG inputs TMS and TDI should be tied to VCC and TCK should be tied to GND when not in use.
& = JTAG pin used for I/O. When used as user I/O, JTAG pins must be kept stable before and during configuration.  JTAG pin stability prevents accidental loading of JTAG instructions.


Device-Specific Information:                       c:\kslabs\myshema3\ram4.rpt
ram4

** RESOURCE USAGE **

Logic                Column       Row                                   
Array                Interconnect Interconnect         Clears/     External    Shareable
Block   Logic Cells  Driven       Driven       Clocks  Presets   Interconnect  Expanders
A1      10/16( 62%)  10/16( 62%)   0/16(  0%)    0/2    0/2      11/33( 33%)    0/16(  0%)  
A2       1/16(  6%)   1/16(  6%)   0/16(  0%)    0/2    0/2       7/33( 21%)    0/16(  0%)  
A3       2/16( 12%)   2/16( 12%)   0/16(  0%)    0/2    0/2      10/33( 30%)    0/16(  0%)  
A4       2/16( 12%)   2/16( 12%)   0/16(  0%)    0/2    0/2       8/33( 24%)    0/16(  0%)  
A5      14/16( 87%)  14/16( 87%)   0/16(  0%)    0/2    0/2      12/33( 36%)    0/16(  0%)  
B1       6/16( 37%)   0/16(  0%)   6/16( 37%)    0/2    0/2      16/33( 48%)    0/16(  0%)  
B2      16/16(100%)   1/16(  6%)  13/16( 81%)    0/2    0/2      33/33(100%)    0/16(  0%)  
B3       7/16( 43%)   0/16(  0%)   7/16( 43%)    0/2    0/2      18/33( 54%)    0/16(  0%)  
B4       1/16(  6%)   0/16(  0%)   1/16(  6%)    0/2    0/2      32/33( 96%)    0/16(  0%)  
B5       5/16( 31%)   0/16(  0%)   5/16( 31%)    0/2    0/2      16/33( 48%)    0/16(  0%)  
C1      16/16(100%)   3/16( 18%)  11/16( 68%)    0/2    0/2      33/33(100%)    1/16(  6%)  
C2       4/16( 25%)   3/16( 18%)   1/16(  6%)    0/2    0/2      14/33( 42%)    0/16(  0%)  
C3       3/16( 18%)   3/16( 18%)   0/16(  0%)    0/2    0/2      12/33( 36%)    0/16(  0%)  
C4       7/16( 43%)   6/16( 37%)   1/16(  6%)    0/2    0/2      17/33( 51%)    0/16(  0%)  
C5       3/16( 18%)   2/16( 12%)   1/16(  6%)    0/2    0/2      14/33( 42%)    0/16(  0%)  
D1       2/16( 12%)   1/16(  6%)   1/16(  6%)    0/2    0/2       8/33( 24%)    0/16(  0%)  
D2      16/16(100%)   8/16( 50%)   8/16( 50%)    0/2    0/2      12/33( 36%)    0/16(  0%)  
D3      16/16(100%)   9/16( 56%)   7/16( 43%)    0/2    0/2      12/33( 36%)    0/16(  0%)  
D4       1/16(  6%)   1/16(  6%)   0/16(  0%)    0/2    0/2      33/33(100%)    1/16(  6%)  


Total dedicated input pins used:                 2/4      ( 50%)
Total I/O pins used:                            17/56     ( 30%)
Total logic cells used:                        132/320    ( 41%)
Total shareable expanders used:                  2/320    (  1%)
Total Turbo logic cells used:                  132/320    ( 41%)
Total shareable expanders not available (n/a):   0/320    (  0%)
Average fan-in:                                  8.74
Total fan-in:                                  1154

Total input pins required:                      18
Total input I/O cell registers required:         0
Total output pins required:                      1
Total output I/O cell registers required:        0
Total buried I/O cell registers required:        0
Total bidirectional pins required:               0
Total logic cells required:                    132
Total flipflops required:                       64
Total product terms required:                  262
Total logic cells lending parallel expanders:    0
Total shareable expanders in database:           2
Total packed registers required:                 0

Synthesized logic cells:                         3/ 320   (  0%)

Logic Cell Counts

Column:  01  02  03  04  05  Total
 A:     10   1   2   2  14     29
 B:      6  16   7   1   5     35
 C:     16   4   3   7   3     33
 D:      2  16  16   1   0     35

Total:  34  37  28  11  22    132



Device-Specific Information:                       c:\kslabs\myshema3\ram4.rpt
ram4

** INPUTS **

                                               Shareable
                                               Expanders     Fan-In    Fan-Out
 Pin     LC   Row  Col  Primitive    Code   Total Shared n/a INP  FBK  OUT  FBK  Name
   1      -    -    --      INPUT  G            0      0   0    0    0    0    0  Clock
  44      -    -    03      INPUT               0      0   0    0    0    0  128  DC1
  84      -    -    --      INPUT               0      0   0    0    0    0  128  DC2
   5      -    -    02      INPUT               0      0   0    0    0    0   32  DC30
  36      -    -    02      INPUT               0      0   0    0    0    0   32  DC31
  38      -    -    02      INPUT               0      0   0    0    0    0   32  DC32
   7      -    -    02      INPUT               0      0   0    0    0    0   32  DC33
   4      -    -    02      INPUT               0      0   0    0    0    0   32  DC40
  83      -    -    03      INPUT               0      0   0    0    0    0   32  DC41
   8      -    -    02      INPUT               0      0   0    0    0    0   32  DC42
   2      -    -    03      INPUT               0      0   0    0    0    0   32  DC43
  34      -    -    01      INPUT               0      0   0    0    0    0   32  DC50
  46      -    -    04      INPUT               0      0   0    0    0    0   32  DC51
   9      -    -    01      INPUT               0      0   0    0    0    0   32  DC52
  10      -    -    01      INPUT               0      0   0    0    0    0   32  DC53
  12      -    -    01      INPUT               0      0   0    0    0    0   64  DI
  45      -    -    03      INPUT               0      0   0    0    0    0   64  RD
  41      -    -    03      INPUT               0      0   0    0    0    0   64  WR


Code:

s = Synthesized pin or logic cell
t = Turbo logic cell
+ = Synchronous flipflop
/ = Slow slew-rate output
! = NOT gate push-back
r = Fitter-inserted logic cell
G = Global Source. Fan-out destinations counted here do not include destinations
that are driven using global routing resources. Refer to the Auto Global Signals,
Clock Signals, Clear Signals, Synchronous Load Signals, and Synchronous Clear Signals
Sections of this Report File for information on which signals' fan-outs are used as
Clock, Clear, Preset, Output Enable, and synchronous Load signals.


Device-Specific Information:                       c:\kslabs\myshema3\ram4.rpt
ram4

** OUTPUTS **

                                               Shareable
                                               Expanders     Fan-In    Fan-Out
 Pin     LC   Row  Col  Primitive    Code   Total Shared n/a INP  FBK  OUT  FBK  Name
  23      -    B    --        TRI               0      0   0    0    1    0    0  BI


Code:

s = Synthesized pin or logic cell
t = Turbo logic cell
+ = Synchronous flipflop
/ = Slow slew-rate output
! = NOT gate push-back
r = Fitter-inserted logic cell


Device-Specific Information:                       c:\kslabs\myshema3\ram4.rpt
ram4

** BURIED LOGIC **

                                               Shareable
                                               Expanders     Fan-In    Fan-Out
 IOC     LC   Row  Col  Primitive    Code   Total Shared n/a INP  FBK  OUT  FBK Name
   -     16    B    02       SOFT    s t        0      0   0    0   32    0    0  BI~1
   -      8    D    03       TFFE   +  t        0      0   0    7    0    0    2  |ram3:29|ram2:57|et:17|q (|ram3:29|ram2:57|et:17|:34)
   -     16    C    01        OR2    s t        1      0   0    0   33    0    1  |ram3:29|ram2:57|et:17|~55~1~2~2~2~2
   -      4    D    04        OR2    s t        1      0   0    0   33    0    1  |ram3:29|ram2:57|et:17|~55~1~2~2~3~3
   -      9    B    04        OR2      t        0      0   0    0   32    1    0  |ram3:29|ram2:57|et:17|~55~1~2~2~3
   -     12    D    03        OR2      t        0      0   0    6    1    0    1  |ram3:29|ram2:57|et:17|~55~2
   -      3    C    01       TFFE   +  t        0      0   0    7    0    0    2  |ram3:29|ram2:57|et:18|q (|ram3:29|ram2:57|et:18|:34)
   -      4    C    05        OR2      t        0      0   0    6    1    0    1  |ram3:29|ram2:57|et:18|~55~1
   -     11    D    03       TFFE   +  t        0      0   0    7    0    0    2  |ram3:29|ram2:57|et:19|q (|ram3:29|ram2:57|et:19|:34)
   -     13    D    03        OR2      t        0      0   0    6    1    0    1  |ram3:29|ram2:57|et:19|~55~1
   -      5    C    04       TFFE   +  t        0      0   0    7    0    0    2  |ram3:29|ram2:57|et:20|q (|ram3:29|ram2:57|et:20|:34)
   -      8    C    04        OR2      t        0      0   0    6    1    0    1  |ram3:29|ram2:57|et:20|~55~1
   -      2    D    03       TFFE   +  t        0      0   0    7    0    0    2  |ram3:29|ram2:72|et:17|q (|ram3:29|ram2:72|et:17|:34)
   -     10    D    03        OR2      t        0      0   0    6    1    0    1  |ram3:29|ram2:72|et:17|~55~2
   -      4    C    01       TFFE   +  t        0      0   0    7    0    0    2  |ram3:29|ram2:72|et:18|q (|ram3:29|ram2:72|et:18|:34)
   -     14    C    04        OR2      t        0      0   0    6    1    0    1  |ram3:29|ram2:72|et:18|~55~1
   -      5    D    03       TFFE   +  t        0      0   0    7    0    0    2  |ram3:29|ram2:72|et:19|q (|ram3:29|ram2:72|et:19|:34)
   -      9    D    03        OR2      t        0      0   0    6    1    0    1  |ram3:29|ram2:72|et:19|~55~1
   -      9    C    01       TFFE   +  t        0      0   0    7    0    0    2  |ram3:29|ram2:72|et:20|q (|ram3:29|ram2:72|et:20|:34)
   -      2    C    01        OR2      t        0      0   0    6    1    0    1  |ram3:29|ram2:72|et:20|~55~1
   -      6    D    02       TFFE   +  t        0      0   0    7    0    0    2  |ram3:29|ram2:87|et:17|q (|ram3:29|ram2:87|et:17|:34)
   -     13    D    02        OR2      t        0      0   0    6    1    0    1  |ram3:29|ram2:87|et:17|~55~2
   -      7    C    01       TFFE   +  t        0      0   0    7    0    0    2  |ram3:29|ram2:87|et:18|q (|ram3:29|ram2:87|et:18|:34)
   -      1    C    04        OR2      t        0      0   0    6    1    0    1  |ram3:29|ram2:87|et:18|~55~1
   -     12    D    02       TFFE   +  t        0      0   0    7    0    0    2  |ram3:29|ram2:87|et:19|q (|ram3:29|ram2:87|et:19|:34)
   -     14    D    02        OR2      t        0      0   0    6    1    0    1  |ram3:29|ram2:87|et:19|~55~1
   -     12    C    01       TFFE   +  t        0      0   0    7    0    0    2  |ram3:29|ram2:87|et:20|q (|ram3:29|ram2:87|et:20|:34)
   -      6    C    04        OR2      t        0      0   0    6    1    0    1  |ram3:29|ram2:87|et:20|~55~1
   -      1    D    02       TFFE   +  t        0      0   0    7    0    0    2  |ram3:29|ram2:102|et:17|q (|ram3:29|ram2:102|et:17|:34)
   -      3    D    02        OR2      t        0      0   0    6    1    0    1  |ram3:29|ram2:102|et:17|~55~2
   -     14    C    01       TFFE   +  t        0      0   0    7    0    0    2  |ram3:29|ram2:102|et:18|q (|ram3:29|ram2:102|et:18|:34)
   -      3    C    04        OR2      t        0      0   0    6    1    0    1  |ram3:29|ram2:102|et:18|~55~1
   -      3    D    01       TFFE   +  t        0      0   0    7    0    0    2  |ram3:29|ram2:102|et:19|q (|ram3:29|ram2:102|et:19|:34)
   -      5    D    01        OR2      t        0      0   0    6    1    0    1  |ram3:29|ram2:102|et:19|~55~1
   -     15    C    01       TFFE   +  t        0      0   0    7    0    0    2  |ram3:29|ram2:102|et:20|q (|ram3:29|ram2:102|et:20|:34)
   -      4    C    04        OR2      t        0      0   0    6    1    0    1  |ram3:29|ram2:102|et:20|~55~1
   -     14    D    03       TFFE   +  t        0      0   0    7    0    0    2  |ram3:30|ram2:57|et:17|q (|ram3:30|ram2:57|et:17|:34)
   -     16    D    03        OR2      t        0      0   0    6    1    0    1  |ram3:30|ram2:57|et:17|~55~2
   -     14    B    02       TFFE   +  t        0      0   0    7    0    0    2  |ram3:30|ram2:57|et:18|q (|ram3:30|ram2:57|et:18|:34)
   -      9    B    05        OR2      t        0      0   0    6    1    0    1  |ram3:30|ram2:57|et:18|~55~1
   -     15    B    02       TFFE   +  t        0      0   0    7    0    0    2  |ram3:30|ram2:57|et:19|q (|ram3:30|ram2:57|et:19|:34)
   -      6    B    03        OR2      t        0      0   0    6    1    0    1  |ram3:30|ram2:57|et:19|~55~1
   -      8    B    02       TFFE   +  t        0      0   0    7    0    0    2  |ram3:30|ram2:57|et:20|q (|ram3:30|ram2:57|et:20|:34)
   -      7    B    03        OR2      t        0      0   0    6    1    0    1  |ram3:30|ram2:57|et:20|~55~1
   -      1    B    02       TFFE   +  t        0      0   0    7    0    0    2  |ram3:30|ram2:72|et:17|q (|ram3:30|ram2:72|et:17|:34)
   -      8    B    03        OR2      t        0      0   0    6    1    0    1  |ram3:30|ram2:72|et:17|~55~2
   -      2    B    02       TFFE   +  t        0      0   0    7    0    0    2  |ram3:30|ram2:72|et:18|q (|ram3:30|ram2:72|et:18|:34)
   -     12    B    03        OR2      t        0      0   0    6    1    0    1  |ram3:30|ram2:72|et:18|~55~1
   -      7    B    02       TFFE   +  t        0      0   0    7    0    0    2  |ram3:30|ram2:72|et:19|q (|ram3:30|ram2:72|et:19|:34)
   -      2    B    03        OR2      t        0      0   0    6    1    0    1  |ram3:30|ram2:72|et:19|~55~1
   -      3    B    02       TFFE   +  t        0      0   0    7    0    0    2  |ram3:30|ram2:72|et:20|q (|ram3:30|ram2:72|et:20|:34)
   -      5    B    03        OR2      t        0      0   0    6    1    0    1  |ram3:30|ram2:72|et:20|~55~1
   -     12    A    01       TFFE   +  t        0      0   0    7    0    0    2  |ram3:30|ram2:87|et:17|q (|ram3:30|ram2:87|et:17|:34)
   -      1    A    01        OR2      t        0      0   0    6    1    0    1  |ram3:30|ram2:87|et:17|~55~2
   -      9    A    05       TFFE   +  t        0      0   0    7    0    0    2  |ram3:30|ram2:87|et:18|q (|ram3:30|ram2:87|et:18|:34)
   -     14    A    05        OR2      t        0      0   0    6    1    0    1  |ram3:30|ram2:87|et:18|~55~1
   -      7    A    05       TFFE   +  t        0      0   0    7    0    0    2  |ram3:30|ram2:87|et:19|q (|ram3:30|ram2:87|et:19|:34)
   -     13    A    05        OR2      t        0      0   0    6    1    0    1  |ram3:30|ram2:87|et:19|~55~1
   -      7    A    01       TFFE   +  t        0      0   0    7    0    0    2  |ram3:30|ram2:87|et:20|q (|ram3:30|ram2:87|et:20|:34)
   -     15    A    01        OR2      t        0      0   0    6    1    0    1  |ram3:30|ram2:87|et:20|~55~1
   -      2    A    03       TFFE   +  t        0      0   0    7    0    0    2  |ram3:30|ram2:102|et:17|q (|ram3:30|ram2:102|et:17|:34)
   -      1    B    03        OR2      t        0      0   0    6    1    0    1  |ram3:30|ram2:102|et:17|~55~2
   -      6    A    05       TFFE   +  t        0      0   0    7    0    0    2  |ram3:30|ram2:102|et:18|q (|ram3:30|ram2:102|et:18|:34)
   -      8    A    05        OR2      t        0      0   0    6    1    0    1  |ram3:30|ram2:102|et:18|~55~1
   -     12    A    05       TFFE   +  t        0      0   0    7    0    0    2  |ram3:30|ram2:102|et:19|q (|ram3:30|ram2:102|et:19|:34)
   -     15    A    05        OR2      t        0      0   0    6    1    0    1  |ram3:30|ram2:102|et:19|~55~1
   -     10    B    02       TFFE   +  t        0      0   0    7    0    0    2  |ram3:30|ram2:102|et:20|q (|ram3:30|ram2:102|et:20|:34)
   -      3    B    01        OR2      t        0      0   0    6    1    0    1  |ram3:30|ram2:102|et:20|~55~1
   -      6    A    04       TFFE   +  t        0      0   0    7    0    0    2  |ram3:31|ram2:57|et:17|q (|ram3:31|ram2:57|et:17|:34)
   -     10    B    05        OR2      t        0      0   0    6    1    0    1  |ram3:31|ram2:57|et:17|~55~2
   -      5    A    02       TFFE   +  t        0      0   0    7    0    0    2  |ram3:31|ram2:57|et:18|q (|ram3:31|ram2:57|et:18|:34)
   -      4    B    01        OR2      t        0      0   0    6    1    0    1  |ram3:31|ram2:57|et:18|~55~1
   -      1    A    03       TFFE   +  t        0      0   0    7    0    0    2  |ram3:31|ram2:57|et:19|q (|ram3:31|ram2:57|et:19|:34)
   -      5    B    05        OR2      t        0      0   0    6    1    0    1  |ram3:31|ram2:57|et:19|~55~1
   -      3    A    04       TFFE   +  t        0      0   0    7    0    0    2  |ram3:31|ram2:57|et:20|q (|ram3:31|ram2:57|et:20|:34)
   -     13    B    01        OR2      t        0      0   0    6    1    0    1  |ram3:31|ram2:57|et:20|~55~1
   -      9    B    02       TFFE   +  t        0      0   0    7    0    0    2  |ram3:31|ram2:72|et:17|q (|ram3:31|ram2:72|et:17|:34)
   -      5    B    02        OR2      t        0      0   0    6    1    0    1  |ram3:31|ram2:72|et:17|~55~2
   -     11    B    02       TFFE   +  t        0      0   0    7    0    0    2  |ram3:31|ram2:72|et:18|q (|ram3:31|ram2:72|et:18|:34)
   -      6    B    02        OR2      t        0      0   0    6    1    0    1  |ram3:31|ram2:72|et:18|~55~1
   -     12    B    02       TFFE   +  t        0      0   0    7    0    0    2  |ram3:31|ram2:72|et:19|q (|ram3:31|ram2:72|et:19|:34)
   -      6    B    05        OR2      t        0      0   0    6    1    0    1  |ram3:31|ram2:72|et:19|~55~1
   -      4    B    02       TFFE   +  t        0      0   0    7    0    0    2  |ram3:31|ram2:72|et:20|q (|ram3:31|ram2:72|et:20|:34)
   -     12    B    01        OR2      t        0      0   0    6    1    0    1  |ram3:31|ram2:72|et:20|~55~1
   -      6    A    01       TFFE   +  t        0      0   0    7    0    0    2  |ram3:31|ram2:87|et:17|q (|ram3:31|ram2:87|et:17|:34)
   -      3    A    01        OR2      t        0      0   0    6    1    0    1  |ram3:31|ram2:87|et:17|~55~2
   -      8    A    01       TFFE   +  t        0      0   0    7    0    0    2  |ram3:31|ram2:87|et:18|q (|ram3:31|ram2:87|et:18|:34)
   -     11    A    01        OR2      t        0      0   0    6    1    0    1  |ram3:31|ram2:87|et:18|~55~1
   -      2    A    05       TFFE   +  t        0      0   0    7    0    0    2  |ram3:31|ram2:87|et:19|q (|ram3:31|ram2:87|et:19|:34)
   -      1    A    05        OR2      t        0      0   0    6    1    0    1  |ram3:31|ram2:87|et:19|~55~1
   -      4    A    01       TFFE   +  t        0      0   0    7    0    0    2  |ram3:31|ram2:87|et:20|q (|ram3:31|ram2:87|et:20|:34)
   -      5    A    01        OR2      t        0      0   0    6    1    0    1  |ram3:31|ram2:87|et:20|~55~1
   -      3    A    05       TFFE   +  t        0      0   0    7    0    0    2  |ram3:31|ram2:102|et:17|q (|ram3:31|ram2:102|et:17|:34)
   -      4    A    05        OR2      t        0      0   0    6    1    0    1  |ram3:31|ram2:102|et:17|~55~2
   -     13    B    02       TFFE   +  t        0      0   0    7    0    0    2  |ram3:31|ram2:102|et:18|q (|ram3:31|ram2:102|et:18|:34)
   -     11    B    05        OR2      t        0      0   0    6    1    0    1  |ram3:31|ram2:102|et:18|~55~1
   -     10    A    05       TFFE   +  t        0      0   0    7    0    0    2  |ram3:31|ram2:102|et:19|q (|ram3:31|ram2:102|et:19|:34)
   -      5    A    05        OR2      t        0      0   0    6    1    0    1  |ram3:31|ram2:102|et:19|~55~1
   -     14    B    01       TFFE   +  t        0      0   0    7    0    0    2  |ram3:31|ram2:102|et:20|q (|ram3:31|ram2:102|et:20|:34)
   -     15    B    01        OR2      t        0      0   0    6    1    0    1  |ram3:31|ram2:102|et:20|~55~1
   -     15    D    03       TFFE   +  t        0      0   0    7    0    0    2  |ram3:32|ram2:57|et:17|q (|ram3:32|ram2:57|et:17|:34)
   -      4    D    03        OR2      t        0      0   0    6    1    0    1  |ram3:32|ram2:57|et:17|~55~2
   -      6    C    01       TFFE   +  t        0      0   0    7    0    0    2  |ram3:32|ram2:57|et:18|q (|ram3:32|ram2:57|et:18|:34)
   -      6    C    02        OR2      t        0      0   0    6    1    0    1  |ram3:32|ram2:57|et:18|~55~1
   -      4    D    02       TFFE   +  t        0      0   0    7    0    0    2  |ram3:32|ram2:57|et:19|q (|ram3:32|ram2:57|et:19|:34)
   -     11    D    02        OR2      t        0      0   0    6    1    0    1  |ram3:32|ram2:57|et:19|~55~1
   -     13    C    01       TFFE   +  t        0      0   0    7    0    0    2  |ram3:32|ram2:57|et:20|q (|ram3:32|ram2:57|et:20|:34)
   -      2    C    03        OR2      t        0      0   0    6    1    0    1  |ram3:32|ram2:57|et:20|~55~1
   -      7    D    03       TFFE   +  t        0      0   0    7    0    0    2  |ram3:32|ram2:72|et:17|q (|ram3:32|ram2:72|et:17|:34)
   -      6    D    03        OR2      t        0      0   0    6    1    0    1  |ram3:32|ram2:72|et:17|~55~2
   -      8    C    01       TFFE   +  t        0      0   0    7    0    0    2  |ram3:32|ram2:72|et:18|q (|ram3:32|ram2:72|et:18|:34)
   -      2    C    05        OR2      t        0      0   0    6    1    0    1  |ram3:32|ram2:72|et:18|~55~1
   -      1    D    03       TFFE   +  t        0      0   0    7    0    0    2  |ram3:32|ram2:72|et:19|q (|ram3:32|ram2:72|et:19|:34)
   -      3    D    03        OR2      t        0      0   0    6    1    0    1  |ram3:32|ram2:72|et:19|~55~1
   -     10    C    01       TFFE   +  t        0      0   0    7    0    0    2  |ram3:32|ram2:72|et:20|q (|ram3:32|ram2:72|et:20|:34)
   -      1    C    01        OR2      t        0      0   0    6    1    0    1  |ram3:32|ram2:72|et:20|~55~1
   -      2    D    02       TFFE   +  t        0      0   0    7    0    0    2  |ram3:32|ram2:87|et:17|q (|ram3:32|ram2:87|et:17|:34)
   -      5    D    02        OR2      t        0      0   0    6    1    0    1  |ram3:32|ram2:87|et:17|~55~2
   -      3    C    02       TFFE   +  t        0      0   0    7    0    0    2  |ram3:32|ram2:87|et:18|q (|ram3:32|ram2:87|et:18|:34)
   -      1    C    03        OR2      t        0      0   0    6    1    0    1  |ram3:32|ram2:87|et:18|~55~1
   -      7    D    02       TFFE   +  t        0      0   0    7    0    0    2  |ram3:32|ram2:87|et:19|q (|ram3:32|ram2:87|et:19|:34)
   -      9    D    02        OR2      t        0      0   0    6    1    0    1  |ram3:32|ram2:87|et:19|~55~1
   -      1    C    05       TFFE   +  t        0      0   0    7    0    0    2  |ram3:32|ram2:87|et:20|q (|ram3:32|ram2:87|et:20|:34)
   -      4    C    02        OR2      t        0      0   0    6    1    0    1  |ram3:32|ram2:87|et:20|~55~1
   -     10    D    02       TFFE   +  t        0      0   0    7    0    0    2  |ram3:32|ram2:102|et:17|q (|ram3:32|ram2:102|et:17|:34)
   -     16    D    02        OR2      t        0      0   0    6    1    0    1  |ram3:32|ram2:102|et:17|~55~2
   -     11    C    01       TFFE   +  t        0      0   0    7    0    0    2  |ram3:32|ram2:102|et:18|q (|ram3:32|ram2:102|et:18|:34)
   -      7    C    03        OR2      t        0      0   0    6    1    0    1  |ram3:32|ram2:102|et:18|~55~1
   -      8    D    02       TFFE   +  t        0      0   0    7    0    0    2  |ram3:32|ram2:102|et:19|q (|ram3:32|ram2:102|et:19|:34)
   -     15    D    02        OR2      t        0      0   0    6    1    0    1  |ram3:32|ram2:102|et:19|~55~1
   -      5    C    01       TFFE   +  t        0      0   0    7    0    0    2  |ram3:32|ram2:102|et:20|q (|ram3:32|ram2:102|et:20|:34)
   -      7    C    02        OR2      t        0      0   0    6    1    0    1  |ram3:32|ram2:102|et:20|~55~1


Code:

s = Synthesized pin or logic cell
t = Turbo logic cell
+ = Synchronous flipflop
/ = Slow slew-rate output
! = NOT gate push-back
r = Fitter-inserted logic cell
p = Packed register


Device-Specific Information:                       c:\kslabs\myshema3\ram4.rpt
ram4

** FASTTRACK INTERCONNECT UTILIZATION **

Row FastTrack Interconnect:

         FastTrack                                 
Row     Interconnect    Input Pins     Output Pins     Bidir Pins
A:      14/ 96( 14%)    0/16(  0%)      0/16(  0%)     0/16(  0%)
B:      78/ 96( 81%)    0/16(  0%)      1/16(  6%)     0/16(  0%)
C:      45/ 96( 46%)    0/16(  0%)      0/16(  0%)     0/16(  0%)
D:      47/ 96( 48%)    0/16(  0%)      0/16(  0%)     0/16(  0%)


Column FastTrack Interconnect:

         FastTrack                                 
Column  Interconnect    Input Pins     Output Pins     Bidir Pins
01:     18/48( 37%)     4/20( 20%)      0/20(  0%)       0/20(  0%)
02:     19/48( 39%)     6/20( 30%)      0/20(  0%)       0/20(  0%)
03:     22/48( 45%)     5/20( 25%)      0/20(  0%)       0/20(  0%)
04:     11/48( 22%)     1/20(  5%)      0/20(  0%)       0/20(  0%)
05:     16/48( 33%)     0/20(  0%)      0/20(  0%)       0/20(  0%)


Device-Specific Information:                       c:\kslabs\myshema3\ram4.rpt
ram4

** EQUATIONS **

Clock    : INPUT;
DC1      : INPUT;
DC2      : INPUT;
DC30     : INPUT;
DC31     : INPUT;
DC32     : INPUT;
DC33     : INPUT;
DC40     : INPUT;
DC41     : INPUT;
DC42     : INPUT;
DC43     : INPUT;
DC50     : INPUT;
DC51     : INPUT;
DC52     : INPUT;
DC53     : INPUT;
DI       : INPUT;
RD       : INPUT;
WR       : INPUT;

-- Node name is 'BI' 
-- Equation name is 'BI', type is output 
BI       = TRI(_LC9_B4, !_LC16_B2);

-- Node name is 'BI~1' 
-- Equation name is 'BI~1', location is LC16_B2, type is buried.
-- synthesized logic cell 
_LC16_B2 = LCELL( _EQ001 $  GND);
  _EQ001 = !_LC1_A3 & !_LC1_B2 & !_LC2_A3 & !_LC2_A5 & !_LC2_B2 & !_LC3_A4 & 
             !_LC3_A5 & !_LC3_B2 & !_LC4_A1 & !_LC4_B2 & !_LC5_A2 & !_LC6_A1 & 
             !_LC6_A4 & !_LC6_A5 & !_LC7_A1 & !_LC7_A5 & !_LC7_B2 & !_LC8_A1 & 
             !_LC8_B2 & !_LC9_A5 & !_LC9_B2 & !_LC10_A5 & !_LC10_B2 & 
             !_LC11_B2 & !_LC12_A1 & !_LC12_A5 & !_LC12_B2 & !_LC13_B2 & 
             !_LC14_B1 & !_LC14_B2 & !_LC15_B2 & !_LC16_C1;

-- Node name is '|ram3:29|ram2:57|et:17|:34' = '|ram3:29|ram2:57|et:17|q' 
-- Equation name is '_LC8_D3', type is buried 
_LC8_D3  = TFFE( _EQ002, GLOBAL( Clock),  VCC,  VCC,  VCC);
  _EQ002 =  DC1 &  DC2 &  DC30 &  DC40 &  DC50 &  DI & !_LC8_D3 &  WR
         #  DC1 &  DC2 &  DC30 &  DC40 & !DC50 &  _LC8_D3 &  WR;

-- Node name is '|ram3:29|ram2:57|et:17|~55~1~2~2~2~2' 
-- Equation name is '_LC16_C1', type is buried 
-- synthesized logic cell 
_LC16_C1 = LCELL( _EQ003 $  GND);
  _EQ003 =  _X001;
  _X001  = EXP(!_LC1_C5 & !_LC1_D2 & !_LC1_D3 & !_LC2_D2 & !_LC2_D3 & !_LC3_C1 & 
             !_LC3_C2 & !_LC3_D1 & !_LC4_C1 & !_LC4_D2 & !_LC5_C1 & !_LC5_C4 & 
             !_LC5_D3 & !_LC6_C1 & !_LC6_D2 & !_LC7_C1 & !_LC7_D2 & !_LC7_D3 & 
             !_LC8_C1 & !_LC8_D2 & !_LC8_D3 & !_LC9_C1 & !_LC10_C1 & 
             !_LC10_D2 & !_LC11_C1 & !_LC11_D3 & !_LC12_C1 & !_LC12_D2 & 
             !_LC13_C1 & !_LC14_C1 & !_LC14_D3 & !_LC15_C1 & !_LC15_D3);

-- Node name is '|ram3:29|ram2:57|et:17|~55~1~2~2~3~3' 
-- Equation name is '_LC4_D4', type is buried 
-- synthesized logic cell 
_LC4_D4  = LCELL( _EQ004 $  GND);
  _EQ004 =  _X002;
  _X002  = EXP( _LC1_C1 &  _LC1_C3 &  _LC1_C4 &  _LC2_C1 &  _LC2_C3 &  _LC2_C5 & 
              _LC3_C4 &  _LC3_D2 &  _LC3_D3 &  _LC4_C2 &  _LC4_C4 &  _LC4_C5 & 
              _LC4_D3 &  _LC5_D1 &  _LC5_D2 &  _LC6_C2 &  _LC6_C4 &  _LC6_D3 & 
              _LC7_C2 &  _LC7_C3 &  _LC8_C4 &  _LC9_D2 &  _LC9_D3 &  _LC10_D3 & 
              _LC11_D2 &  _LC12_D3 &  _LC13_D2 &  _LC13_D3 &  _LC14_C4 & 
              _LC14_D2 &  _LC15_D2 &  _LC16_D2 &  _LC16_D3);

-- Node name is '|ram3:29|ram2:57|et:17|~55~1~2~2~3' 
-- Equation name is '_LC9_B4', type is buried 
_LC9_B4  = LCELL( _EQ005 $  GND);
  _EQ005 =  _LC1_A1 &  _LC1_A5 &  _LC1_B3 &  _LC2_B3 &  _LC3_A1 &  _LC3_B1 & 
              _LC4_A5 &  _LC4_B1 & !_LC4_D4 &  _LC5_A1 &  _LC5_A5 &  _LC5_B2 & 
              _LC5_B3 &  _LC5_B5 &  _LC6_B2 &  _LC6_B3 &  _LC6_B5 &  _LC7_B3 & 
              _LC8_A5 &  _LC8_B3 &  _LC9_B5 &  _LC10_B5 &  _LC11_A1 & 
              _LC11_B5 &  _LC12_B1 &  _LC12_B3 &  _LC13_A5 &  _LC13_B1 & 
              _LC14_A5 &  _LC15_A1 &  _LC15_A5 &  _LC15_B1;

-- Node name is '|ram3:29|ram2:57|et:17|~55~2' 
-- Equation name is '_LC12_D3', type is buried 
_LC12_D3 = LCELL( _EQ006 $  GND);
  _EQ006 =  DC1 &  DC2 &  DC30 &  DC40 &  DC50 &  RD
         # !_LC8_D3;

-- Node name is '|ram3:29|ram2:57|et:18|:34' = '|ram3:29|ram2:57|et:18|q' 
-- Equation name is '_LC3_C1', type is buried 
_LC3_C1  = TFFE( _EQ007, GLOBAL( Clock),  VCC,  VCC,  VCC);
  _EQ007 =  DC1 &  DC2 &  DC30 &  DC40 &  DC51 &  DI & !_LC3_C1 &  WR
         #  DC1 &  DC2 &  DC30 &  DC40 & !DC51 &  _LC3_C1 &  WR;

-- Node name is '|ram3:29|ram2:57|et:18|~55~1' 
-- Equation name is '_LC4_C5', type is buried 
_LC4_C5  = LCELL( _EQ008 $  GND);
  _EQ008 =  DC1 &  DC2 &  DC30 &  DC40 &  DC51 &  RD
         # !_LC3_C1;

-- Node name is '|ram3:29|ram2:57|et:19|:34' = '|ram3:29|ram2:57|et:19|q' 
-- Equation name is '_LC11_D3', type is buried 
_LC11_D3 = TFFE( _EQ009, GLOBAL( Clock),  VCC,  VCC,  VCC);
  _EQ009 =  DC1 &  DC2 &  DC30 &  DC40 &  DC52 &  DI & !_LC11_D3 &  WR
         #  DC1 &  DC2 &  DC30 &  DC40 & !DC52 &  _LC11_D3 &  WR;

-- Node name is '|ram3:29|ram2:57|et:19|~55~1' 
-- Equation name is '_LC13_D3', type is buried 
_LC13_D3 = LCELL( _EQ010 $  GND);
  _EQ010 =  DC1 &  DC2 &  DC30 &  DC40 &  DC52 &  RD
         # !_LC11_D3;

-- Node name is '|ram3:29|ram2:57|et:20|:34' = '|ram3:29|ram2:57|et:20|q' 
-- Equation name is '_LC5_C4', type is buried 
_LC5_C4  = TFFE( _EQ011, GLOBAL( Clock),  VCC,  VCC,  VCC);
  _EQ011 =  DC1 &  DC2 &  DC30 &  DC40 &  DC53 &  DI & !_LC5_C4 &  WR
         #  DC1 &  DC2 &  DC30 &  DC40 & !DC53 &  _LC5_C4 &  WR;

-- Node name is '|ram3:29|ram2:57|et:20|~55~1' 
-- Equation name is '_LC8_C4', type is buried 
_LC8_C4  = LCELL( _EQ012 $  GND);
  _EQ012 =  DC1 &  DC2 &  DC30 &  DC40 &  DC53 &  RD
         # !_LC5_C4;

-- Node name is '|ram3:29|ram2:72|et:17|:34' = '|ram3:29|ram2:72|et:17|q' 
-- Equation name is '_LC2_D3', type is buried 
_LC2_D3  = TFFE( _EQ013, GLOBAL( Clock),  VCC,  VCC,  VCC);
  _EQ013 =  DC1 &  DC2 &  DC30 &  DC41 &  DC50 &  DI & !_LC2_D3 &  WR
         #  DC1 &  DC2 &  DC30 &  DC41 & !DC50 &  _LC2_D3 &  WR;

-- Node name is '|ram3:29|ram2:72|et:17|~55~2' 
-- Equation name is '_LC10_D3', type is buried 
_LC10_D3 = LCELL( _EQ014 $  GND);
  _EQ014 =  DC1 &  DC2 &  DC30 &  DC41 &  DC50 &  RD
         # !_LC2_D3;

-- Node name is '|ram3:29|ram2:72|et:18|:34' = '|ram3:29|ram2:72|et:18|q' 
-- Equation name is '_LC4_C1', type is buried 
_LC4_C1  = TFFE( _EQ015, GLOBAL( Clock),  VCC,  VCC,  VCC);
  _EQ015 =  DC1 &  DC2 &  DC30 &  DC41 &  DC51 &  DI & !_LC4_C1 &  WR
         #  DC1 &  DC2 &  DC30 &  DC41 & !DC51 &  _LC4_C1 &  WR;

-- Node name is '|ram3:29|ram2:72|et:18|~55~1' 
-- Equation name is '_LC14_C4', type is buried 
_LC14_C4 = LCELL( _EQ016 $  GND);
  _EQ016 =  DC1 &  DC2 &  DC30 &  DC41 &  DC51 &  RD
         # !_LC4_C1;

-- Node name is '|ram3:29|ram2:72|et:19|:34' = '|ram3:29|ram2:72|et:19|q' 
-- Equation name is '_LC5_D3', type is buried 
_LC5_D3  = TFFE( _EQ017, GLOBAL( Clock),  VCC,  VCC,  VCC);
  _EQ017 =  DC1 &  DC2 &  DC30 &  DC41 &  DC52 &  DI & !_LC5_D3 &  WR
         #  DC1 &  DC2 &  DC30 &  DC41 & !DC52 &  _LC5_D3 &  WR;

-- Node name is '|ram3:29|ram2:72|et:19|~55~1' 
-- Equation name is '_LC9_D3', type is buried 
_LC9_D3  = LCELL( _EQ018 $  GND);
  _EQ018 =  DC1 &  DC2 &  DC30 &  DC41 &  DC52 &  RD
         # !_LC5_D3;

-- Node name is '|ram3:29|ram2:72|et:20|:34' = '|ram3:29|ram2:72|et:20|q' 
-- Equation name is '_LC9_C1', type is buried 
_LC9_C1  = TFFE( _EQ019, GLOBAL( Clock),  VCC,  VCC,  VCC);
  _EQ019 =  DC1 &  DC2 &  DC30 &  DC41 &  DC53 &  DI & !_LC9_C1 &  WR
         #  DC1 &  DC2 &  DC30 &  DC41 & !DC53 &  _LC9_C1 &  WR;

-- Node name is '|ram3:29|ram2:72|et:20|~55~1' 
-- Equation name is '_LC2_C1', type is buried 
_LC2_C1  = LCELL( _EQ020 $  GND);
  _EQ020 =  DC1 &  DC2 &  DC30 &  DC41 &  DC53 &  RD
         # !_LC9_C1;

-- Node name is '|ram3:29|ram2:87|et:17|:34' = '|ram3:29|ram2:87|et:17|q' 
-- Equation name is '_LC6_D2', type is buried 
_LC6_D2  = TFFE( _EQ021, GLOBAL( Clock),  VCC,  VCC,  VCC);
  _EQ021 =  DC1 &  DC2 &  DC30 &  DC42 &  DC50 &  DI & !_LC6_D2 &  WR
         #  DC1 &  DC2 &  DC30 &  DC42 & !DC50 &  _LC6_D2 &  WR;

-- Node name is '|ram3:29|ram2:87|et:17|~55~2' 
-- Equation name is '_LC13_D2', type is buried 
_LC13_D2 = LCELL( _EQ022 $  GND);
  _EQ022 =  DC1 &  DC2 &  DC30 &  DC42 &  DC50 &  RD
         # !_LC6_D2;

-- Node name is '|ram3:29|ram2:87|et:18|:34' = '|ram3:29|ram2:87|et:18|q' 
-- Equation name is '_LC7_C1', type is buried 
_LC7_C1  = TFFE( _EQ023, GLOBAL( Clock),  VCC,  VCC,  VCC);
  _EQ023 =  DC1 &  DC2 &  DC30 &  DC42 &  DC51 &  DI & !_LC7_C1 &  WR
         #  DC1 &  DC2 &  DC30 &  DC42 & !DC51 &  _LC7_C1 &  WR;

-- Node name is '|ram3:29|ram2:87|et:18|~55~1' 
-- Equation name is '_LC1_C4', type is buried 
_LC1_C4  = LCELL( _EQ024 $  GND);
  _EQ024 =  DC1 &  DC2 &  DC30 &  DC42 &  DC51 &  RD
         # !_LC7_C1;

-- Node name is '|ram3:29|ram2:87|et:19|:34' = '|ram3:29|ram2:87|et:19|q' 
-- Equation name is '_LC12_D2', type is buried 
_LC12_D2 = TFFE( _EQ025, GLOBAL( Clock),  VCC,  VCC,  VCC);
  _EQ025 =  DC1 &  DC2 &  DC30 &  DC42 &  DC52 &  DI & !_LC12_D2 &  WR
         #  DC1 &  DC2 &  DC30 &  DC42 & !DC52 &  _LC12_D2 &  WR;

-- Node name is '|ram3:29|ram2:87|et:19|~55~1' 
-- Equation name is '_LC14_D2', type is buried 
_LC14_D2 = LCELL( _EQ026 $  GND);
  _EQ026 =  DC1 &  DC2 &  DC30 &  DC42 &  DC52 &  RD
         # !_LC12_D2;

-- Node name is '|ram3:29|ram2:87|et:20|:34' = '|ram3:29|ram2:87|et:20|q' 
-- Equation name is '_LC12_C1', type is buried 
_LC12_C1 = TFFE( _EQ027, GLOBAL( Clock),  VCC,  VCC,  VCC);
  _EQ027 =  DC1 &  DC2 &  DC30 &  DC42 &  DC53 &  DI & !_LC12_C1 &  WR
         #  DC1 &  DC2 &  DC30 &  DC42 & !DC53 &  _LC12_C1 &  WR;

-- Node name is '|ram3:29|ram2:87|et:20|~55~1' 
-- Equation name is '_LC6_C4', type is buried 
_LC6_C4  = LCELL( _EQ028 $  GND);
  _EQ028 =  DC1 &  DC2 &  DC30 &  DC42 &  DC53 &  RD
         # !_LC12_C1;

-- Node name is '|ram3:29|ram2:102|et:17|:34' = '|ram3:29|ram2:102|et:17|q' 
-- Equation name is '_LC1_D2', type is buried 
_LC1_D2  = TFFE( _EQ029, GLOBAL( Clock),  VCC,  VCC,  VCC);
  _EQ029 =  DC1 &  DC2 &  DC30 &  DC43 &  DC50 &  DI & !_LC1_D2 &  WR
         #  DC1 &  DC2 &  DC30 &  DC43 & !DC50 &  _LC1_D2 &  WR;

-- Node name is '|ram3:29|ram2:102|et:17|~55~2' 
-- Equation name is '_LC3_D2', type is buried 
_LC3_D2  = LCELL( _EQ030 $  GND);
  _EQ030 =  DC1 &  DC2 &  DC30 &  DC43 &  DC50 &  RD
         # !_LC1_D2;

-- Node name is '|ram3:29|ram2:102|et:18|:34' = '|ram3:29|ram2:102|et:18|q' 
-- Equation name is '_LC14_C1', type is buried 
_LC14_C1 = TFFE( _EQ031, GLOBAL( Clock),  VCC,  VCC,  VCC);
  _EQ031 =  DC1 &  DC2 &  DC30 &  DC43 &  DC51 &  DI & !_LC14_C1 &  WR
         #  DC1 &  DC2 &  DC30 &  DC43 & !DC51 &  _LC14_C1 &  WR;

-- Node name is '|ram3:29|ram2:102|et:18|~55~1' 
-- Equation name is '_LC3_C4', type is buried 
_LC3_C4  = LCELL( _EQ032 $  GND);
  _EQ032 =  DC1 &  DC2 &  DC30 &  DC43 &  DC51 &  RD
         # !_LC14_C1;

-- Node name is '|ram3:29|ram2:102|et:19|:34' = '|ram3:29|ram2:102|et:19|q' 
-- Equation name is '_LC3_D1', type is buried 
_LC3_D1  = TFFE( _EQ033, GLOBAL( Clock),  VCC,  VCC,  VCC);
  _EQ033 =  DC1 &  DC2 &  DC30 &  DC43 &  DC52 &  DI & !_LC3_D1 &  WR
         #  DC1 &  DC2 &  DC30 &  DC43 & !DC52 &  _LC3_D1 &  WR;

-- Node name is '|ram3:29|ram2:102|et:19|~55~1' 
-- Equation name is '_LC5_D1', type is buried 
_LC5_D1  = LCELL( _EQ034 $  GND);
  _EQ034 =  DC1 &  DC2 &  DC30 &  DC43 &  DC52 &  RD
         # !_LC3_D1;

-- Node name is '|ram3:29|ram2:102|et:20|:34' = '|ram3:29|ram2:102|et:20|q' 
-- Equation name is '_LC15_C1', type is buried 
_LC15_C1 = TFFE( _EQ035, GLOBAL( Clock),  VCC,  VCC,  VCC);
  _EQ035 =  DC1 &  DC2 &  DC30 &  DC43 &  DC53 &  DI & !_LC15_C1 &  WR
         #  DC1 &  DC2 &  DC30 &  DC43 & !DC53 &  _LC15_C1 &  WR;

-- Node name is '|ram3:29|ram2:102|et:20|~55~1' 
-- Equation name is '_LC4_C4', type is buried 
_LC4_C4  = LCELL( _EQ036 $  GND);
  _EQ036 =  DC1 &  DC2 &  DC30 &  DC43 &  DC53 &  RD
         # !_LC15_C1;

-- Node name is '|ram3:30|ram2:57|et:17|:34' = '|ram3:30|ram2:57|et:17|q' 
-- Equation name is '_LC14_D3', type is buried 
_LC14_D3 = TFFE( _EQ037, GLOBAL( Clock),  VCC,  VCC,  VCC);
  _EQ037 =  DC1 &  DC2 &  DC31 &  DC40 &  DC50 &  DI & !_LC14_D3 &  WR
         #  DC1 &  DC2 &  DC31 &  DC40 & !DC50 &  _LC14_D3 &  WR;

-- Node name is '|ram3:30|ram2:57|et:17|~55~2' 
-- Equation name is '_LC16_D3', type is buried 
_LC16_D3 = LCELL( _EQ038 $  GND);
  _EQ038 =  DC1 &  DC2 &  DC31 &  DC40 &  DC50 &  RD
         # !_LC14_D3;

-- Node name is '|ram3:30|ram2:57|et:18|:34' = '|ram3:30|ram2:57|et:18|q' 
-- Equation name is '_LC14_B2', type is buried 
_LC14_B2 = TFFE( _EQ039, GLOBAL( Clock),  VCC,  VCC,  VCC);
  _EQ039 =  DC1 &  DC2 &  DC31 &  DC40 &  DC51 &  DI & !_LC14_B2 &  WR
         #  DC1 &  DC2 &  DC31 &  DC40 & !DC51 &  _LC14_B2 &  WR;

-- Node name is '|ram3:30|ram2:57|et:18|~55~1' 
-- Equation name is '_LC9_B5', type is buried 
_LC9_B5  = LCELL( _EQ040 $  GND);
  _EQ040 =  DC1 &  DC2 &  DC31 &  DC40 &  DC51 &  RD
         # !_LC14_B2;

-- Node name is '|ram3:30|ram2:57|et:19|:34' = '|ram3:30|ram2:57|et:19|q' 
-- Equation name is '_LC15_B2', type is buried 
_LC15_B2 = TFFE( _EQ041, GLOBAL( Clock),  VCC,  VCC,  VCC);
  _EQ041 =  DC1 &  DC2 &  DC31 &  DC40 &  DC52 &  DI & !_LC15_B2 &  WR
         #  DC1 &  DC2 &  DC31 &  DC40 & !DC52 &  _LC15_B2 &  WR;

-- Node name is '|ram3:30|ram2:57|et:19|~55~1' 
-- Equation name is '_LC6_B3', type is buried 
_LC6_B3  = LCELL( _EQ042 $  GND);
  _EQ042 =  DC1 &  DC2 &  DC31 &  DC40 &  DC52 &  RD
         # !_LC15_B2;

-- Node name is '|ram3:30|ram2:57|et:20|:34' = '|ram3:30|ram2:57|et:20|q' 
-- Equation name is '_LC8_B2', type is buried 
_LC8_B2  = TFFE( _EQ043, GLOBAL( Clock),  VCC,  VCC,  VCC);
  _EQ043 =  DC1 &  DC2 &  DC31 &  DC40 &  DC53 &  DI & !_LC8_B2 &  WR
         #  DC1 &  DC2 &  DC31 &  DC40 & !DC53 &  _LC8_B2 &  WR;

-- Node name is '|ram3:30|ram2:57|et:20|~55~1' 
-- Equation name is '_LC7_B3', type is buried 
_LC7_B3  = LCELL( _EQ044 $  GND);
  _EQ044 =  DC1 &  DC2 &  DC31 &  DC40 &  DC53 &  RD
         # !_LC8_B2;

-- Node name is '|ram3:30|ram2:72|et:17|:34' = '|ram3:30|ram2:72|et:17|q' 
-- Equation name is '_LC1_B2', type is buried 
_LC1_B2  = TFFE( _EQ045, GLOBAL( Clock),  VCC,  VCC,  VCC);
  _EQ045 =  DC1 &  DC2 &  DC31 &  DC41 &  DC50 &  DI & !_LC1_B2 &  WR
         #  DC1 &  DC2 &  DC31 &  DC41 & !DC50 &  _LC1_B2 &  WR;

-- Node name is '|ram3:30|ram2:72|et:17|~55~2' 
-- Equation name is '_LC8_B3', type is buried 
_LC8_B3  = LCELL( _EQ046 $  GND);
  _EQ046 =  DC1 &  DC2 &  DC31 &  DC41 &  DC50 &  RD
         # !_LC1_B2;

-- Node name is '|ram3:30|ram2:72|et:18|:34' = '|ram3:30|ram2:72|et:18|q' 
-- Equation name is '_LC2_B2', type is buried 
_LC2_B2  = TFFE( _EQ047, GLOBAL( Clock),  VCC,  VCC,  VCC);
  _EQ047 =  DC1 &  DC2 &  DC31 &  DC41 &  DC51 &  DI & !_LC2_B2 &  WR
         #  DC1 &  DC2 &  DC31 &  DC41 & !DC51 &  _LC2_B2 &  WR;

-- Node name is '|ram3:30|ram2:72|et:18|~55~1' 
-- Equation name is '_LC12_B3', type is buried 
_LC12_B3 = LCELL( _EQ048 $  GND);
  _EQ048 =  DC1 &  DC2 &  DC31 &  DC41 &  DC51 &  RD
         # !_LC2_B2;

-- Node name is '|ram3:30|ram2:72|et:19|:34' = '|ram3:30|ram2:72|et:19|q' 
-- Equation name is '_LC7_B2', type is buried 
_LC7_B2  = TFFE( _EQ049, GLOBAL( Clock),  VCC,  VCC,  VCC);
  _EQ049 =  DC1 &  DC2 &  DC31 &  DC41 &  DC52 &  DI & !_LC7_B2 &  WR
         #  DC1 &  DC2 &  DC31 &  DC41 & !DC52 &  _LC7_B2 &  WR;

-- Node name is '|ram3:30|ram2:72|et:19|~55~1' 
-- Equation name is '_LC2_B3', type is buried 
_LC2_B3  = LCELL( _EQ050 $  GND);
  _EQ050 =  DC1 &  DC2 &  DC31 &  DC41 &  DC52 &  RD
         # !_LC7_B2;

-- Node name is '|ram3:30|ram2:72|et:20|:34' = '|ram3:30|ram2:72|et:20|q' 
-- Equation name is '_LC3_B2', type is buried 
_LC3_B2  = TFFE( _EQ051, GLOBAL( Clock),  VCC,  VCC,  VCC);
  _EQ051 =  DC1 &  DC2 &  DC31 &  DC41 &  DC53 &  DI & !_LC3_B2 &  WR
         #  DC1 &  DC2 &  DC31 &  DC41 & !DC53 &  _LC3_B2 &  WR;

-- Node name is '|ram3:30|ram2:72|et:20|~55~1' 
-- Equation name is '_LC5_B3', type is buried 
_LC5_B3  = LCELL( _EQ052 $  GND);
  _EQ052 =  DC1 &  DC2 &  DC31 &  DC41 &  DC53 &  RD
         # !_LC3_B2;

-- Node name is '|ram3:30|ram2:87|et:17|:34' = '|ram3:30|ram2:87|et:17|q' 
-- Equation name is '_LC12_A1', type is buried 
_LC12_A1 = TFFE( _EQ053, GLOBAL( Clock),  VCC,  VCC,  VCC);
  _EQ053 =  DC1 &  DC2 &  DC31 &  DC42 &  DC50 &  DI & !_LC12_A1 &  WR
         #  DC1 &  DC2 &  DC31 &  DC42 & !DC50 &  _LC12_A1 &  WR;

-- Node name is '|ram3:30|ram2:87|et:17|~55~2' 
-- Equation name is '_LC1_A1', type is buried 
_LC1_A1  = LCELL( _EQ054 $  GND);
  _EQ054 =  DC1 &  DC2 &  DC31 &  DC42 &  DC50 &  RD
         # !_LC12_A1;

-- Node name is '|ram3:30|ram2:87|et:18|:34' = '|ram3:30|ram2:87|et:18|q' 
-- Equation name is '_LC9_A5', type is buried 
_LC9_A5  = TFFE( _EQ055, GLOBAL( Clock),  VCC,  VCC,  VCC);
  _EQ055 =  DC1 &  DC2 &  DC31 &  DC42 &  DC51 &  DI & !_LC9_A5 &  WR
         #  DC1 &  DC2 &  DC31 &  DC42 & !DC51 &  _LC9_A5 &  WR;

-- Node name is '|ram3:30|ram2:87|et:18|~55~1' 
-- Equation name is '_LC14_A5', type is buried 
_LC14_A5 = LCELL( _EQ056 $  GND);
  _EQ056 =  DC1 &  DC2 &  DC31 &  DC42 &  DC51 &  RD
         # !_LC9_A5;

-- Node name is '|ram3:30|ram2:87|et:19|:34' = '|ram3:30|ram2:87|et:19|q' 
-- Equation name is '_LC7_A5', type is buried 
_LC7_A5  = TFFE( _EQ057, GLOBAL( Clock),  VCC,  VCC,  VCC);
  _EQ057 =  DC1 &  DC2 &  DC31 &  DC42 &  DC52 &  DI & !_LC7_A5 &  WR
         #  DC1 &  DC2 &  DC31 &  DC42 & !DC52 &  _LC7_A5 &  WR;

-- Node name is '|ram3:30|ram2:87|et:19|~55~1' 
-- Equation name is '_LC13_A5', type is buried 
_LC13_A5 = LCELL( _EQ058 $  GND);
  _EQ058 =  DC1 &  DC2 &  DC31 &  DC42 &  DC52 &  RD
         # !_LC7_A5;

-- Node name is '|ram3:30|ram2:87|et:20|:34' = '|ram3:30|ram2:87|et:20|q' 
-- Equation name is '_LC7_A1', type is buried 
_LC7_A1  = TFFE( _EQ059, GLOBAL( Clock),  VCC,  VCC,  VCC);
  _EQ059 =  DC1 &  DC2 &  DC31 &  DC42 &  DC53 &  DI & !_LC7_A1 &  WR
         #  DC1 &  DC2 &  DC31 &  DC42 & !DC53 &  _LC7_A1 &  WR;

-- Node name is '|ram3:30|ram2:87|et:20|~55~1' 
-- Equation name is '_LC15_A1', type is buried 
_LC15_A1 = LCELL( _EQ060 $  GND);
  _EQ060 =  DC1 &  DC2 &  DC31 &  DC42 &  DC53 &  RD
         # !_LC7_A1;

-- Node name is '|ram3:30|ram2:102|et:17|:34' = '|ram3:30|ram2:102|et:17|q' 
-- Equation name is '_LC2_A3', type is buried 
_LC2_A3  = TFFE( _EQ061, GLOBAL( Clock),  VCC,  VCC,  VCC);
  _EQ061 =  DC1 &  DC2 &  DC31 &  DC43 &  DC50 &  DI & !_LC2_A3 &  WR
         #  DC1 &  DC2 &  DC31 &  DC43 & !DC50 &  _LC2_A3 &  WR;

-- Node name is '|ram3:30|ram2:102|et:17|~55~2' 
-- Equation name is '_LC1_B3', type is buried 
_LC1_B3  = LCELL( _EQ062 $  GND);
  _EQ062 =  DC1 &  DC2 &  DC31 &  DC43 &  DC50 &  RD
         # !_LC2_A3;

-- Node name is '|ram3:30|ram2:102|et:18|:34' = '|ram3:30|ram2:102|et:18|q' 
-- Equation name is '_LC6_A5', type is buried 
_LC6_A5  = TFFE( _EQ063, GLOBAL( Clock),  VCC,  VCC,  VCC);
  _EQ063 =  DC1 &  DC2 &  DC31 &  DC43 &  DC51 &  DI & !_LC6_A5 &  WR
         #  DC1 &  DC2 &  DC31 &  DC43 & !DC51 &  _LC6_A5 &  WR;

-- Node name is '|ram3:30|ram2:102|et:18|~55~1' 
-- Equation name is '_LC8_A5', type is buried 
_LC8_A5  = LCELL( _EQ064 $  GND);
  _EQ064 =  DC1 &  DC2 &  DC31 &  DC43 &  DC51 &  RD
         # !_LC6_A5;

-- Node name is '|ram3:30|ram2:102|et:19|:34' = '|ram3:30|ram2:102|et:19|q' 
-- Equation name is '_LC12_A5', type is buried 
_LC12_A5 = TFFE( _EQ065, GLOBAL( Clock),  VCC,  VCC,  VCC);
  _EQ065 =  DC1 &  DC2 &  DC31 &  DC43 &  DC52 &  DI & !_LC12_A5 &  WR
         #  DC1 &  DC2 &  DC31 &  DC43 & !DC52 &  _LC12_A5 &  WR;

-- Node name is '|ram3:30|ram2:102|et:19|~55~1' 
-- Equation name is '_LC15_A5', type is buried 
_LC15_A5 = LCELL( _EQ066 $  GND);
  _EQ066 =  DC1 &  DC2 &  DC31 &  DC43 &  DC52 &  RD
         # !_LC12_A5;

-- Node name is '|ram3:30|ram2:102|et:20|:34' = '|ram3:30|ram2:102|et:20|q' 
-- Equation name is '_LC10_B2', type is buried 
_LC10_B2 = TFFE( _EQ067, GLOBAL( Clock),  VCC,  VCC,  VCC);
  _EQ067 =  DC1 &  DC2 &  DC31 &  DC43 &  DC53 &  DI & !_LC10_B2 &  WR
         #  DC1 &  DC2 &  DC31 &  DC43 & !DC53 &  _LC10_B2 &  WR;

-- Node name is '|ram3:30|ram2:102|et:20|~55~1' 
-- Equation name is '_LC3_B1', type is buried 
_LC3_B1  = LCELL( _EQ068 $  GND);
  _EQ068 =  DC1 &  DC2 &  DC31 &  DC43 &  DC53 &  RD
         # !_LC10_B2;

-- Node name is '|ram3:31|ram2:57|et:17|:34' = '|ram3:31|ram2:57|et:17|q' 
-- Equation name is '_LC6_A4', type is buried 
_LC6_A4  = TFFE( _EQ069, GLOBAL( Clock),  VCC,  VCC,  VCC);
  _EQ069 =  DC1 &  DC2 &  DC32 &  DC40 &  DC50 &  DI & !_LC6_A4 &  WR
         #  DC1 &  DC2 &  DC32 &  DC40 & !DC50 &  _LC6_A4 &  WR;

-- Node name is '|ram3:31|ram2:57|et:17|~55~2' 
-- Equation name is '_LC10_B5', type is buried 
_LC10_B5 = LCELL( _EQ070 $  GND);
  _EQ070 =  DC1 &  DC2 &  DC32 &  DC40 &  DC50 &  RD
         # !_LC6_A4;

-- Node name is '|ram3:31|ram2:57|et:18|:34' = '|ram3:31|ram2:57|et:18|q' 
-- Equation name is '_LC5_A2', type is buried 
_LC5_A2  = TFFE( _EQ071, GLOBAL( Clock),  VCC,  VCC,  VCC);
  _EQ071 =  DC1 &  DC2 &  DC32 &  DC40 &  DC51 &  DI & !_LC5_A2 &  WR
         #  DC1 &  DC2 &  DC32 &  DC40 & !DC51 &  _LC5_A2 &  WR;

-- Node name is '|ram3:31|ram2:57|et:18|~55~1' 
-- Equation name is '_LC4_B1', type is buried 
_LC4_B1  = LCELL( _EQ072 $  GND);
  _EQ072 =  DC1 &  DC2 &  DC32 &  DC40 &  DC51 &  RD
         # !_LC5_A2;

-- Node name is '|ram3:31|ram2:57|et:19|:34' = '|ram3:31|ram2:57|et:19|q' 
-- Equation name is '_LC1_A3', type is buried 
_LC1_A3  = TFFE( _EQ073, GLOBAL( Clock),  VCC,  VCC,  VCC);
  _EQ073 =  DC1 &  DC2 &  DC32 &  DC40 &  DC52 &  DI & !_LC1_A3 &  WR
         #  DC1 &  DC2 &  DC32 &  DC40 & !DC52 &  _LC1_A3 &  WR;

-- Node name is '|ram3:31|ram2:57|et:19|~55~1' 
-- Equation name is '_LC5_B5', type is buried 
_LC5_B5  = LCELL( _EQ074 $  GND);
  _EQ074 =  DC1 &  DC2 &  DC32 &  DC40 &  DC52 &  RD
         # !_LC1_A3;

-- Node name is '|ram3:31|ram2:57|et:20|:34' = '|ram3:31|ram2:57|et:20|q' 
-- Equation name is '_LC3_A4', type is buried 
_LC3_A4  = TFFE( _EQ075, GLOBAL( Clock),  VCC,  VCC,  VCC);
  _EQ075 =  DC1 &  DC2 &  DC32 &  DC40 &  DC53 &  DI & !_LC3_A4 &  WR
         #  DC1 &  DC2 &  DC32 &  DC40 & !DC53 &  _LC3_A4 &  WR;

-- Node name is '|ram3:31|ram2:57|et:20|~55~1' 
-- Equation name is '_LC13_B1', type is buried 
_LC13_B1 = LCELL( _EQ076 $  GND);
  _EQ076 =  DC1 &  DC2 &  DC32 &  DC40 &  DC53 &  RD
         # !_LC3_A4;

-- Node name is '|ram3:31|ram2:72|et:17|:34' = '|ram3:31|ram2:72|et:17|q' 
-- Equation name is '_LC9_B2', type is buried 
_LC9_B2  = TFFE( _EQ077, GLOBAL( Clock),  VCC,  VCC,  VCC);
  _EQ077 =  DC1 &  DC2 &  DC32 &  DC41 &  DC50 &  DI & !_LC9_B2 &  WR
         #  DC1 &  DC2 &  DC32 &  DC41 & !DC50 &  _LC9_B2 &  WR;

-- Node name is '|ram3:31|ram2:72|et:17|~55~2' 
-- Equation name is '_LC5_B2', type is buried 
_LC5_B2  = LCELL( _EQ078 $  GND);
  _EQ078 =  DC1 &  DC2 &  DC32 &  DC41 &  DC50 &  RD
         # !_LC9_B2;

-- Node name is '|ram3:31|ram2:72|et:18|:34' = '|ram3:31|ram2:72|et:18|q' 
-- Equation name is '_LC11_B2', type is buried 
_LC11_B2 = TFFE( _EQ079, GLOBAL( Clock),  VCC,  VCC,  VCC);
  _EQ079 =  DC1 &  DC2 &  DC32 &  DC41 &  DC51 &  DI & !_LC11_B2 &  WR
         #  DC1 &  DC2 &  DC32 &  DC41 & !DC51 &  _LC11_B2 &  WR;

-- Node name is '|ram3:31|ram2:72|et:18|~55~1' 
-- Equation name is '_LC6_B2', type is buried 
_LC6_B2  = LCELL( _EQ080 $  GND);
  _EQ080 =  DC1 &  DC2 &  DC32 &  DC41 &  DC51 &  RD
         # !_LC11_B2;

-- Node name is '|ram3:31|ram2:72|et:19|:34' = '|ram3:31|ram2:72|et:19|q' 
-- Equation name is '_LC12_B2', type is buried 
_LC12_B2 = TFFE( _EQ081, GLOBAL( Clock),  VCC,  VCC,  VCC);
  _EQ081 =  DC1 &  DC2 &  DC32 &  DC41 &  DC52 &  DI & !_LC12_B2 &  WR
         #  DC1 &  DC2 &  DC32 &  DC41 & !DC52 &  _LC12_B2 &  WR;

-- Node name is '|ram3:31|ram2:72|et:19|~55~1' 
-- Equation name is '_LC6_B5', type is buried 
_LC6_B5  = LCELL( _EQ082 $  GND);
  _EQ082 =  DC1 &  DC2 &  DC32 &  DC41 &  DC52 &  RD
         # !_LC12_B2;

-- Node name is '|ram3:31|ram2:72|et:20|:34' = '|ram3:31|ram2:72|et:20|q' 
-- Equation name is '_LC4_B2', type is buried 
_LC4_B2  = TFFE( _EQ083, GLOBAL( Clock),  VCC,  VCC,  VCC);
  _EQ083 =  DC1 &  DC2 &  DC32 &  DC41 &  DC53 &  DI & !_LC4_B2 &  WR
         #  DC1 &  DC2 &  DC32 &  DC41 & !DC53 &  _LC4_B2 &  WR;

-- Node name is '|ram3:31|ram2:72|et:20|~55~1' 
-- Equation name is '_LC12_B1', type is buried 
_LC12_B1 = LCELL( _EQ084 $  GND);
  _EQ084 =  DC1 &  DC2 &  DC32 &  DC41 &  DC53 &  RD
         # !_LC4_B2;

-- Node name is '|ram3:31|ram2:87|et:17|:34' = '|ram3:31|ram2:87|et:17|q' 
-- Equation name is '_LC6_A1', type is buried 
_LC6_A1  = TFFE( _EQ085, GLOBAL( Clock),  VCC,  VCC,  VCC);
  _EQ085 =  DC1 &  DC2 &  DC32 &  DC42 &  DC50 &  DI & !_LC6_A1 &  WR
         #  DC1 &  DC2 &  DC32 &  DC42 & !DC50 &  _LC6_A1 &  WR;

-- Node name is '|ram3:31|ram2:87|et:17|~55~2' 
-- Equation name is '_LC3_A1', type is buried 
_LC3_A1  = LCELL( _EQ086 $  GND);
  _EQ086 =  DC1 &  DC2 &  DC32 &  DC42 &  DC50 &  RD
         # !_LC6_A1;

-- Node name is '|ram3:31|ram2:87|et:18|:34' = '|ram3:31|ram2:87|et:18|q' 
-- Equation name is '_LC8_A1', type is buried 
_LC8_A1  = TFFE( _EQ087, GLOBAL( Clock),  VCC,  VCC,  VCC);
  _EQ087 =  DC1 &  DC2 &  DC32 &  DC42 &  DC51 &  DI & !_LC8_A1 &  WR
         #  DC1 &  DC2 &  DC32 &  DC42 & !DC51 &  _LC8_A1 &  WR;

-- Node name is '|ram3:31|ram2:87|et:18|~55~1' 
-- Equation name is '_LC11_A1', type is buried 
_LC11_A1 = LCELL( _EQ088 $  GND);
  _EQ088 =  DC1 &  DC2 &  DC32 &  DC42 &  DC51 &  RD
         # !_LC8_A1;

-- Node name is '|ram3:31|ram2:87|et:19|:34' = '|ram3:31|ram2:87|et:19|q' 
-- Equation name is '_LC2_A5', type is buried 
_LC2_A5  = TFFE( _EQ089, GLOBAL( Clock),  VCC,  VCC,  VCC);
  _EQ089 =  DC1 &  DC2 &  DC32 &  DC42 &  DC52 &  DI & !_LC2_A5 &  WR
         #  DC1 &  DC2 &  DC32 &  DC42 & !DC52 &  _LC2_A5 &  WR;

-- Node name is '|ram3:31|ram2:87|et:19|~55~1' 
-- Equation name is '_LC1_A5', type is buried 
_LC1_A5  = LCELL( _EQ090 $  GND);
  _EQ090 =  DC1 &  DC2 &  DC32 &  DC42 &  DC52 &  RD
         # !_LC2_A5;

-- Node name is '|ram3:31|ram2:87|et:20|:34' = '|ram3:31|ram2:87|et:20|q' 
-- Equation name is '_LC4_A1', type is buried 
_LC4_A1  = TFFE( _EQ091, GLOBAL( Clock),  VCC,  VCC,  VCC);
  _EQ091 =  DC1 &  DC2 &  DC32 &  DC42 &  DC53 &  DI & !_LC4_A1 &  WR
         #  DC1 &  DC2 &  DC32 &  DC42 & !DC53 &  _LC4_A1 &  WR;

-- Node name is '|ram3:31|ram2:87|et:20|~55~1' 
-- Equation name is '_LC5_A1', type is buried 
_LC5_A1  = LCELL( _EQ092 $  GND);
  _EQ092 =  DC1 &  DC2 &  DC32 &  DC42 &  DC53 &  RD
         # !_LC4_A1;

-- Node name is '|ram3:31|ram2:102|et:17|:34' = '|ram3:31|ram2:102|et:17|q' 
-- Equation name is '_LC3_A5', type is buried 
_LC3_A5  = TFFE( _EQ093, GLOBAL( Clock),  VCC,  VCC,  VCC);
  _EQ093 =  DC1 &  DC2 &  DC32 &  DC43 &  DC50 &  DI & !_LC3_A5 &  WR
         #  DC1 &  DC2 &  DC32 &  DC43 & !DC50 &  _LC3_A5 &  WR;

-- Node name is '|ram3:31|ram2:102|et:17|~55~2' 
-- Equation name is '_LC4_A5', type is buried 
_LC4_A5  = LCELL( _EQ094 $  GND);
  _EQ094 =  DC1 &  DC2 &  DC32 &  DC43 &  DC50 &  RD
         # !_LC3_A5;

-- Node name is '|ram3:31|ram2:102|et:18|:34' = '|ram3:31|ram2:102|et:18|q' 
-- Equation name is '_LC13_B2', type is buried 
_LC13_B2 = TFFE( _EQ095, GLOBAL( Clock),  VCC,  VCC,  VCC);
  _EQ095 =  DC1 &  DC2 &  DC32 &  DC43 &  DC51 &  DI & !_LC13_B2 &  WR
         #  DC1 &  DC2 &  DC32 &  DC43 & !DC51 &  _LC13_B2 &  WR;

-- Node name is '|ram3:31|ram2:102|et:18|~55~1' 
-- Equation name is '_LC11_B5', type is buried 
_LC11_B5 = LCELL( _EQ096 $  GND);
  _EQ096 =  DC1 &  DC2 &  DC32 &  DC43 &  DC51 &  RD
         # !_LC13_B2;

-- Node name is '|ram3:31|ram2:102|et:19|:34' = '|ram3:31|ram2:102|et:19|q' 
-- Equation name is '_LC10_A5', type is buried 
_LC10_A5 = TFFE( _EQ097, GLOBAL( Clock),  VCC,  VCC,  VCC);
  _EQ097 =  DC1 &  DC2 &  DC32 &  DC43 &  DC52 &  DI & !_LC10_A5 &  WR
         #  DC1 &  DC2 &  DC32 &  DC43 & !DC52 &  _LC10_A5 &  WR;

-- Node name is '|ram3:31|ram2:102|et:19|~55~1' 
-- Equation name is '_LC5_A5', type is buried 
_LC5_A5  = LCELL( _EQ098 $  GND);
  _EQ098 =  DC1 &  DC2 &  DC32 &  DC43 &  DC52 &  RD
         # !_LC10_A5;

-- Node name is '|ram3:31|ram2:102|et:20|:34' = '|ram3:31|ram2:102|et:20|q' 
-- Equation name is '_LC14_B1', type is buried 
_LC14_B1 = TFFE( _EQ099, GLOBAL( Clock),  VCC,  VCC,  VCC);
  _EQ099 =  DC1 &  DC2 &  DC32 &  DC43 &  DC53 &  DI & !_LC14_B1 &  WR
         #  DC1 &  DC2 &  DC32 &  DC43 & !DC53 &  _LC14_B1 &  WR;

-- Node name is '|ram3:31|ram2:102|et:20|~55~1' 
-- Equation name is '_LC15_B1', type is buried 
_LC15_B1 = LCELL( _EQ100 $  GND);
  _EQ100 =  DC1 &  DC2 &  DC32 &  DC43 &  DC53 &  RD
         # !_LC14_B1;

-- Node name is '|ram3:32|ram2:57|et:17|:34' = '|ram3:32|ram2:57|et:17|q' 
-- Equation name is '_LC15_D3', type is buried 
_LC15_D3 = TFFE( _EQ101, GLOBAL( Clock),  VCC,  VCC,  VCC);
  _EQ101 =  DC1 &  DC2 &  DC33 &  DC40 &  DC50 &  DI & !_LC15_D3 &  WR
         #  DC1 &  DC2 &  DC33 &  DC40 & !DC50 &  _LC15_D3 &  WR;

-- Node name is '|ram3:32|ram2:57|et:17|~55~2' 
-- Equation name is '_LC4_D3', type is buried 
_LC4_D3  = LCELL( _EQ102 $  GND);
  _EQ102 =  DC1 &  DC2 &  DC33 &  DC40 &  DC50 &  RD
         # !_LC15_D3;

-- Node name is '|ram3:32|ram2:57|et:18|:34' = '|ram3:32|ram2:57|et:18|q' 
-- Equation name is '_LC6_C1', type is buried 
_LC6_C1  = TFFE( _EQ103, GLOBAL( Clock),  VCC,  VCC,  VCC);
  _EQ103 =  DC1 &  DC2 &  DC33 &  DC40 &  DC51 &  DI & !_LC6_C1 &  WR
         #  DC1 &  DC2 &  DC33 &  DC40 & !DC51 &  _LC6_C1 &  WR;

-- Node name is '|ram3:32|ram2:57|et:18|~55~1' 
-- Equation name is '_LC6_C2', type is buried 
_LC6_C2  = LCELL( _EQ104 $  GND);
  _EQ104 =  DC1 &  DC2 &  DC33 &  DC40 &  DC51 &  RD
         # !_LC6_C1;

-- Node name is '|ram3:32|ram2:57|et:19|:34' = '|ram3:32|ram2:57|et:19|q' 
-- Equation name is '_LC4_D2', type is buried 
_LC4_D2  = TFFE( _EQ105, GLOBAL( Clock),  VCC,  VCC,  VCC);
  _EQ105 =  DC1 &  DC2 &  DC33 &  DC40 &  DC52 &  DI & !_LC4_D2 &  WR
         #  DC1 &  DC2 &  DC33 &  DC40 & !DC52 &  _LC4_D2 &  WR;

-- Node name is '|ram3:32|ram2:57|et:19|~55~1' 
-- Equation name is '_LC11_D2', type is buried 
_LC11_D2 = LCELL( _EQ106 $  GND);
  _EQ106 =  DC1 &  DC2 &  DC33 &  DC40 &  DC52 &  RD
         # !_LC4_D2;

-- Node name is '|ram3:32|ram2:57|et:20|:34' = '|ram3:32|ram2:57|et:20|q' 
-- Equation name is '_LC13_C1', type is buried 
_LC13_C1 = TFFE( _EQ107, GLOBAL( Clock),  VCC,  VCC,  VCC);
  _EQ107 =  DC1 &  DC2 &  DC33 &  DC40 &  DC53 &  DI & !_LC13_C1 &  WR
         #  DC1 &  DC2 &  DC33 &  DC40 & !DC53 &  _LC13_C1 &  WR;

-- Node name is '|ram3:32|ram2:57|et:20|~55~1' 
-- Equation name is '_LC2_C3', type is buried 
_LC2_C3  = LCELL( _EQ108 $  GND);
  _EQ108 =  DC1 &  DC2 &  DC33 &  DC40 &  DC53 &  RD
         # !_LC13_C1;

-- Node name is '|ram3:32|ram2:72|et:17|:34' = '|ram3:32|ram2:72|et:17|q' 
-- Equation name is '_LC7_D3', type is buried 
_LC7_D3  = TFFE( _EQ109, GLOBAL( Clock),  VCC,  VCC,  VCC);
  _EQ109 =  DC1 &  DC2 &  DC33 &  DC41 &  DC50 &  DI & !_LC7_D3 &  WR
         #  DC1 &  DC2 &  DC33 &  DC41 & !DC50 &  _LC7_D3 &  WR;

-- Node name is '|ram3:32|ram2:72|et:17|~55~2' 
-- Equation name is '_LC6_D3', type is buried 
_LC6_D3  = LCELL( _EQ110 $  GND);
  _EQ110 =  DC1 &  DC2 &  DC33 &  DC41 &  DC50 &  RD
         # !_LC7_D3;

-- Node name is '|ram3:32|ram2:72|et:18|:34' = '|ram3:32|ram2:72|et:18|q' 
-- Equation name is '_LC8_C1', type is buried 
_LC8_C1  = TFFE( _EQ111, GLOBAL( Clock),  VCC,  VCC,  VCC);
  _EQ111 =  DC1 &  DC2 &  DC33 &  DC41 &  DC51 &  DI & !_LC8_C1 &  WR
         #  DC1 &  DC2 &  DC33 &  DC41 & !DC51 &  _LC8_C1 &  WR;

-- Node name is '|ram3:32|ram2:72|et:18|~55~1' 
-- Equation name is '_LC2_C5', type is buried 
_LC2_C5  = LCELL( _EQ112 $  GND);
  _EQ112 =  DC1 &  DC2 &  DC33 &  DC41 &  DC51 &  RD
         # !_LC8_C1;

-- Node name is '|ram3:32|ram2:72|et:19|:34' = '|ram3:32|ram2:72|et:19|q' 
-- Equation name is '_LC1_D3', type is buried 
_LC1_D3  = TFFE( _EQ113, GLOBAL( Clock),  VCC,  VCC,  VCC);
  _EQ113 =  DC1 &  DC2 &  DC33 &  DC41 &  DC52 &  DI & !_LC1_D3 &  WR
         #  DC1 &  DC2 &  DC33 &  DC41 & !DC52 &  _LC1_D3 &  WR;

-- Node name is '|ram3:32|ram2:72|et:19|~55~1' 
-- Equation name is '_LC3_D3', type is buried 
_LC3_D3  = LCELL( _EQ114 $  GND);
  _EQ114 =  DC1 &  DC2 &  DC33 &  DC41 &  DC52 &  RD
         # !_LC1_D3;

-- Node name is '|ram3:32|ram2:72|et:20|:34' = '|ram3:32|ram2:72|et:20|q' 
-- Equation name is '_LC10_C1', type is buried 
_LC10_C1 = TFFE( _EQ115, GLOBAL( Clock),  VCC,  VCC,  VCC);
  _EQ115 =  DC1 &  DC2 &  DC33 &  DC41 &  DC53 &  DI & !_LC10_C1 &  WR
         #  DC1 &  DC2 &  DC33 &  DC41 & !DC53 &  _LC10_C1 &  WR;

-- Node name is '|ram3:32|ram2:72|et:20|~55~1' 
-- Equation name is '_LC1_C1', type is buried 
_LC1_C1  = LCELL( _EQ116 $  GND);
  _EQ116 =  DC1 &  DC2 &  DC33 &  DC41 &  DC53 &  RD
         # !_LC10_C1;

-- Node name is '|ram3:32|ram2:87|et:17|:34' = '|ram3:32|ram2:87|et:17|q' 
-- Equation name is '_LC2_D2', type is buried 
_LC2_D2  = TFFE( _EQ117, GLOBAL( Clock),  VCC,  VCC,  VCC);
  _EQ117 =  DC1 &  DC2 &  DC33 &  DC42 &  DC50 &  DI & !_LC2_D2 &  WR
         #  DC1 &  DC2 &  DC33 &  DC42 & !DC50 &  _LC2_D2 &  WR;

-- Node name is '|ram3:32|ram2:87|et:17|~55~2' 
-- Equation name is '_LC5_D2', type is buried 
_LC5_D2  = LCELL( _EQ118 $  GND);
  _EQ118 =  DC1 &  DC2 &  DC33 &  DC42 &  DC50 &  RD
         # !_LC2_D2;

-- Node name is '|ram3:32|ram2:87|et:18|:34' = '|ram3:32|ram2:87|et:18|q' 
-- Equation name is '_LC3_C2', type is buried 
_LC3_C2  = TFFE( _EQ119, GLOBAL( Clock),  VCC,  VCC,  VCC);
  _EQ119 =  DC1 &  DC2 &  DC33 &  DC42 &  DC51 &  DI & !_LC3_C2 &  WR
         #  DC1 &  DC2 &  DC33 &  DC42 & !DC51 &  _LC3_C2 &  WR;

-- Node name is '|ram3:32|ram2:87|et:18|~55~1' 
-- Equation name is '_LC1_C3', type is buried 
_LC1_C3  = LCELL( _EQ120 $  GND);
  _EQ120 =  DC1 &  DC2 &  DC33 &  DC42 &  DC51 &  RD
         # !_LC3_C2;

-- Node name is '|ram3:32|ram2:87|et:19|:34' = '|ram3:32|ram2:87|et:19|q' 
-- Equation name is '_LC7_D2', type is buried 
_LC7_D2  = TFFE( _EQ121, GLOBAL( Clock),  VCC,  VCC,  VCC);
  _EQ121 =  DC1 &  DC2 &  DC33 &  DC42 &  DC52 &  DI & !_LC7_D2 &  WR
         #  DC1 &  DC2 &  DC33 &  DC42 & !DC52 &  _LC7_D2 &  WR;

-- Node name is '|ram3:32|ram2:87|et:19|~55~1' 
-- Equation name is '_LC9_D2', type is buried 
_LC9_D2  = LCELL( _EQ122 $  GND);
  _EQ122 =  DC1 &  DC2 &  DC33 &  DC42 &  DC52 &  RD
         # !_LC7_D2;

-- Node name is '|ram3:32|ram2:87|et:20|:34' = '|ram3:32|ram2:87|et:20|q' 
-- Equation name is '_LC1_C5', type is buried 
_LC1_C5  = TFFE( _EQ123, GLOBAL( Clock),  VCC,  VCC,  VCC);
  _EQ123 =  DC1 &  DC2 &  DC33 &  DC42 &  DC53 &  DI & !_LC1_C5 &  WR
         #  DC1 &  DC2 &  DC33 &  DC42 & !DC53 &  _LC1_C5 &  WR;

-- Node name is '|ram3:32|ram2:87|et:20|~55~1' 
-- Equation name is '_LC4_C2', type is buried 
_LC4_C2  = LCELL( _EQ124 $  GND);
  _EQ124 =  DC1 &  DC2 &  DC33 &  DC42 &  DC53 &  RD
         # !_LC1_C5;

-- Node name is '|ram3:32|ram2:102|et:17|:34' = '|ram3:32|ram2:102|et:17|q' 
-- Equation name is '_LC10_D2', type is buried 
_LC10_D2 = TFFE( _EQ125, GLOBAL( Clock),  VCC,  VCC,  VCC);
  _EQ125 =  DC1 &  DC2 &  DC33 &  DC43 &  DC50 &  DI & !_LC10_D2 &  WR
         #  DC1 &  DC2 &  DC33 &  DC43 & !DC50 &  _LC10_D2 &  WR;

-- Node name is '|ram3:32|ram2:102|et:17|~55~2' 
-- Equation name is '_LC16_D2', type is buried 
_LC16_D2 = LCELL( _EQ126 $  GND);
  _EQ126 =  DC1 &  DC2 &  DC33 &  DC43 &  DC50 &  RD
         # !_LC10_D2;

-- Node name is '|ram3:32|ram2:102|et:18|:34' = '|ram3:32|ram2:102|et:18|q' 
-- Equation name is '_LC11_C1', type is buried 
_LC11_C1 = TFFE( _EQ127, GLOBAL( Clock),  VCC,  VCC,  VCC);
  _EQ127 =  DC1 &  DC2 &  DC33 &  DC43 &  DC51 &  DI & !_LC11_C1 &  WR
         #  DC1 &  DC2 &  DC33 &  DC43 & !DC51 &  _LC11_C1 &  WR;

-- Node name is '|ram3:32|ram2:102|et:18|~55~1' 
-- Equation name is '_LC7_C3', type is buried 
_LC7_C3  = LCELL( _EQ128 $  GND);
  _EQ128 =  DC1 &  DC2 &  DC33 &  DC43 &  DC51 &  RD
         # !_LC11_C1;

-- Node name is '|ram3:32|ram2:102|et:19|:34' = '|ram3:32|ram2:102|et:19|q' 
-- Equation name is '_LC8_D2', type is buried 
_LC8_D2  = TFFE( _EQ129, GLOBAL( Clock),  VCC,  VCC,  VCC);
  _EQ129 =  DC1 &  DC2 &  DC33 &  DC43 &  DC52 &  DI & !_LC8_D2 &  WR
         #  DC1 &  DC2 &  DC33 &  DC43 & !DC52 &  _LC8_D2 &  WR;

-- Node name is '|ram3:32|ram2:102|et:19|~55~1' 
-- Equation name is '_LC15_D2', type is buried 
_LC15_D2 = LCELL( _EQ130 $  GND);
  _EQ130 =  DC1 &  DC2 &  DC33 &  DC43 &  DC52 &  RD
         # !_LC8_D2;

-- Node name is '|ram3:32|ram2:102|et:20|:34' = '|ram3:32|ram2:102|et:20|q' 
-- Equation name is '_LC5_C1', type is buried 
_LC5_C1  = TFFE( _EQ131, GLOBAL( Clock),  VCC,  VCC,  VCC);
  _EQ131 =  DC1 &  DC2 &  DC33 &  DC43 &  DC53 &  DI & !_LC5_C1 &  WR
         #  DC1 &  DC2 &  DC33 &  DC43 & !DC53 &  _LC5_C1 &  WR;

-- Node name is '|ram3:32|ram2:102|et:20|~55~1' 
-- Equation name is '_LC7_C2', type is buried 
_LC7_C2  = LCELL( _EQ132 $  GND);
  _EQ132 =  DC1 &  DC2 &  DC33 &  DC43 &  DC53 &  RD
         # !_LC5_C1;



Project Information                                c:\kslabs\myshema3\ram4.rpt

** COMPILATION SETTINGS & TIMES **

Processing Menu Commands
------------------------

Design Doctor                             = off

Logic Synthesis:

   Synthesis Type Used                    = Multi-Level

   Default Synthesis Style                = NORMAL

      Logic option settings in 'NORMAL' style for 'MAX9000' family

      DECOMPOSE_GATES                     = on
      DUPLICATE_LOGIC_EXTRACTION          = on
      MINIMIZATION                        = full
      MULTI_LEVEL_FACTORING               = on
      NOT_GATE_PUSH_BACK                  = on
      PARALLEL_EXPANDERS                  = off
      REDUCE_LOGIC                        = on
      REFACTORIZATION                     = on
      REGISTER_OPTIMIZATION               = on
      RESYNTHESIZE_NETWORK                = on
      SLOW_SLEW_RATE                      = off
      SOFT_BUFFER_INSERTION               = on
      SUBFACTOR_EXTRACTION                = on
      TURBO_BIT                           = on
      XOR_SYNTHESIS                       = on
      IGNORE_SOFT_BUFFERS                 = off
      USE_LPM_FOR_AHDL_OPERATORS          = off

   Other logic synthesis settings:

      Automatic Global Clock              = on
      Automatic Global Clear              = on
      Automatic Global Preset             = on
      Automatic Global Output Enable      = on
      Automatic Fast I/O                  = off
      Automatic Register Packing          = off
      Automatic Open-Drain Pins           = on
      Automatic Implement in EAB          = off
      One-Hot State Machine Encoding      = off
      Optimize                            = 5

Default Timing Specifications: None

Cut All Bidir Feedback Timing Paths       = on
Cut All Clear & Preset Timing Paths       = on

Ignore Timing Assignments                 = off

Functional SNF Extractor                  = off

Linked SNF Extractor                      = off
Timing SNF Extractor                      = on
Optimize Timing SNF                       = off
Generate AHDL TDO File                    = off
Fitter Settings                           = NORMAL
Smart Recompile                           = off
Total Recompile                           = off

Interfaces Menu Commands
------------------------

EDIF Netlist Writer                       = off
Verilog Netlist Writer                    = off
VHDL Netlist Writer                       = off

Compilation Times
-----------------

   Compiler Netlist Extractor             00:00:01
   Database Builder                       00:00:02
   Logic Synthesizer                      00:00:21
   Partitioner                            00:00:01
   Fitter                                 00:00:03
   Timing SNF Extractor                   00:00:00
   Assembler                              00:00:29
   --------------------------             --------
   Total Time                             00:00:57


Memory Allocated
-----------------

Peak memory allocated during compilation  = 79,385K
