Simulator report for fm
Tue Nov 29 00:12:08 2011
Quartus II Version 9.1 Build 350 03/24/2010 Service Pack 2 SJ Web Edition


---------------------
; Table of Contents ;
---------------------
  1. Legal Notice
  2. Simulator Summary
  3. Simulator Settings
  4. Simulation Waveforms
  5. Coverage Summary
  6. Complete 1/0-Value Coverage
  7. Missing 1-Value Coverage
  8. Missing 0-Value Coverage
  9. Simulator INI Usage
 10. Simulator Messages



----------------
; Legal Notice ;
----------------
Copyright (C) 1991-2010 Altera Corporation
Your use of Altera Corporation's design tools, logic functions 
and other software and tools, and its AMPP partner logic 
functions, and any output files from any of the foregoing 
(including device programming or simulation files), and any 
associated documentation or information are expressly subject 
to the terms and conditions of the Altera Program License 
Subscription Agreement, Altera MegaCore Function License 
Agreement, or other applicable license agreement, including, 
without limitation, that your use is for the sole purpose of 
programming logic devices manufactured by Altera and sold by 
Altera or its authorized distributors.  Please refer to the 
applicable agreement for further details.



+--------------------------------------------+
; Simulator Summary                          ;
+-----------------------------+--------------+
; Type                        ; Value        ;
+-----------------------------+--------------+
; Simulation Start Time       ; 0 ps         ;
; Simulation End Time         ; 1.0 us       ;
; Simulation Netlist Size     ; 206 nodes    ;
; Simulation Coverage         ;       4.85 % ;
; Total Number of Transitions ; 1006         ;
; Simulation Breakpoints      ; 0            ;
; Family                      ; Cyclone II   ;
; Device                      ; EP2C8Q208C8  ;
+-----------------------------+--------------+


+-------------------------------------------------------------------------------------------------------------------------+
; Simulator Settings                                                                                                      ;
+--------------------------------------------------------------------------------------------+------------+---------------+
; Option                                                                                     ; Setting    ; Default Value ;
+--------------------------------------------------------------------------------------------+------------+---------------+
; Simulation mode                                                                            ; Timing     ; Timing        ;
; Start time                                                                                 ; 0 ns       ; 0 ns          ;
; Simulation results format                                                                  ; CVWF       ;               ;
; Add pins automatically to simulation output waveforms                                      ; On         ; On            ;
; Check outputs                                                                              ; Off        ; Off           ;
; Report simulation coverage                                                                 ; On         ; On            ;
; Display complete 1/0 value coverage report                                                 ; On         ; On            ;
; Display missing 1-value coverage report                                                    ; On         ; On            ;
; Display missing 0-value coverage report                                                    ; On         ; On            ;
; Detect setup and hold time violations                                                      ; Off        ; Off           ;
; Detect glitches                                                                            ; Off        ; Off           ;
; Disable timing delays in Timing Simulation                                                 ; Off        ; Off           ;
; Generate Signal Activity File                                                              ; Off        ; Off           ;
; Generate VCD File for PowerPlay Power Analyzer                                             ; Off        ; Off           ;
; Group bus channels in simulation results                                                   ; Off        ; Off           ;
; Preserve fewer signal transitions to reduce memory requirements                            ; On         ; On            ;
; Trigger vector comparison with the specified mode                                          ; INPUT_EDGE ; INPUT_EDGE    ;
; Disable setup and hold time violations detection in input registers of bi-directional pins ; Off        ; Off           ;
; Overwrite Waveform Inputs With Simulation Outputs                                          ; Off        ;               ;
; Perform Glitch Filtering in Timing Simulation                                              ; Auto       ; Auto          ;
+--------------------------------------------------------------------------------------------+------------+---------------+


+----------------------+
; Simulation Waveforms ;
+----------------------+
Waveform report data cannot be output to ASCII.
Please use Quartus II to view the waveform report data.


+--------------------------------------------------------------------+
; Coverage Summary                                                   ;
+-----------------------------------------------------+--------------+
; Type                                                ; Value        ;
+-----------------------------------------------------+--------------+
; Total coverage as a percentage                      ;       4.85 % ;
; Total nodes checked                                 ; 206          ;
; Total output ports checked                          ; 206          ;
; Total output ports with complete 1/0-value coverage ; 10           ;
; Total output ports with no 1/0-value coverage       ; 180          ;
; Total output ports with no 1-value coverage         ; 180          ;
; Total output ports with no 0-value coverage         ; 196          ;
+-----------------------------------------------------+--------------+


The following table displays output ports that toggle between 1 and 0 during simulation.
+------------------------------------------------------------------------------------------------------------------+
; Complete 1/0-Value Coverage                                                                                      ;
+-----------------------------------------------+-----------------------------------------------+------------------+
; Node Name                                     ; Output Port Name                              ; Output Port Type ;
+-----------------------------------------------+-----------------------------------------------+------------------+
; |fm|FM_FULL:inst3|FM0011:inst20|FMi:inst|74~0 ; |fm|FM_FULL:inst3|FM0011:inst20|FMi:inst|74~0 ; combout          ;
; |fm|FM_FULL:inst3|FM0000:inst|FMi:inst|74     ; |fm|FM_FULL:inst3|FM0000:inst|FMi:inst|74     ; combout          ;
; |fm|FM_FULL:inst4|FM0000:inst|FMi:inst|74     ; |fm|FM_FULL:inst4|FM0000:inst|FMi:inst|74     ; combout          ;
; |fm|FM_FULL:inst5|FM0000:inst|FMi:inst|74     ; |fm|FM_FULL:inst5|FM0000:inst|FMi:inst|74     ; combout          ;
; |fm|FM_FULL:inst6|FM0000:inst|FMi:inst|74     ; |fm|FM_FULL:inst6|FM0000:inst|FMi:inst|74     ; combout          ;
; |fm|FM_FULL:inst7|FM0000:inst|FMi:inst|74     ; |fm|FM_FULL:inst7|FM0000:inst|FMi:inst|74     ; combout          ;
; |fm|FM_FULL:inst8|FM0000:inst|FMi:inst|74     ; |fm|FM_FULL:inst8|FM0000:inst|FMi:inst|74     ; combout          ;
; |fm|FM_FULL:inst9|FM0000:inst|FMi:inst|74     ; |fm|FM_FULL:inst9|FM0000:inst|FMi:inst|74     ; combout          ;
; |fm|FM_FULL:inst10|FM0000:inst|FMi:inst|74    ; |fm|FM_FULL:inst10|FM0000:inst|FMi:inst|74    ; combout          ;
; |fm|C                                         ; |fm|C~corein                                  ; combout          ;
+-----------------------------------------------+-----------------------------------------------+------------------+


The following table displays output ports that do not toggle to 1 during simulation.
+----------------------------------------------------------------------------------------------------------------------+
; Missing 1-Value Coverage                                                                                             ;
+-------------------------------------------------+-------------------------------------------------+------------------+
; Node Name                                       ; Output Port Name                                ; Output Port Type ;
+-------------------------------------------------+-------------------------------------------------+------------------+
; |fm|FM_FULL:inst3|FM0001:inst4|FMi:inst|9       ; |fm|FM_FULL:inst3|FM0001:inst4|FMi:inst|9       ; regout           ;
; |fm|FM_FULL:inst3|FM0000:inst|FMi:inst|9        ; |fm|FM_FULL:inst3|FM0000:inst|FMi:inst|9        ; regout           ;
; |fm|FM_FULL:inst3|FM0001:inst4|FMi:inst|75~0    ; |fm|FM_FULL:inst3|FM0001:inst4|FMi:inst|75~0    ; combout          ;
; |fm|FM_FULL:inst3|FM0000:inst|FMi:inst|31~1     ; |fm|FM_FULL:inst3|FM0000:inst|FMi:inst|31~1     ; combout          ;
; |fm|FM_FULL:inst3|FM0011:inst20|FMi:inst|9      ; |fm|FM_FULL:inst3|FM0011:inst20|FMi:inst|9      ; regout           ;
; |fm|FM_FULL:inst3|FM0010:inst19|FMi:inst|9      ; |fm|FM_FULL:inst3|FM0010:inst19|FMi:inst|9      ; regout           ;
; |fm|FM_FULL:inst3|FM0011:inst20|FMi:inst|75~0   ; |fm|FM_FULL:inst3|FM0011:inst20|FMi:inst|75~0   ; combout          ;
; |fm|FM_FULL:inst3|FM0000:inst|FMi:inst|31~2     ; |fm|FM_FULL:inst3|FM0000:inst|FMi:inst|31~2     ; combout          ;
; |fm|FM_FULL:inst3|FM0110:inst23|FMi:inst|9      ; |fm|FM_FULL:inst3|FM0110:inst23|FMi:inst|9      ; regout           ;
; |fm|FM_FULL:inst3|FM0100:inst21|FMi:inst|9      ; |fm|FM_FULL:inst3|FM0100:inst21|FMi:inst|9      ; regout           ;
; |fm|FM_FULL:inst3|FM0110:inst23|FMi:inst|75~0   ; |fm|FM_FULL:inst3|FM0110:inst23|FMi:inst|75~0   ; combout          ;
; |fm|FM_FULL:inst3|FM0000:inst|FMi:inst|31~3     ; |fm|FM_FULL:inst3|FM0000:inst|FMi:inst|31~3     ; combout          ;
; |fm|FM_FULL:inst3|FM0111:inst24|FMi:inst|9      ; |fm|FM_FULL:inst3|FM0111:inst24|FMi:inst|9      ; regout           ;
; |fm|FM_FULL:inst3|FM0101:inst22|FMi:inst|9      ; |fm|FM_FULL:inst3|FM0101:inst22|FMi:inst|9      ; regout           ;
; |fm|FM_FULL:inst3|FM0111:inst24|FMi:inst|75~0   ; |fm|FM_FULL:inst3|FM0111:inst24|FMi:inst|75~0   ; combout          ;
; |fm|FM_FULL:inst3|FM0000:inst|FMi:inst|31~4     ; |fm|FM_FULL:inst3|FM0000:inst|FMi:inst|31~4     ; combout          ;
; |fm|FM_FULL:inst3|FM0000:inst|FMi:inst|31~5     ; |fm|FM_FULL:inst3|FM0000:inst|FMi:inst|31~5     ; combout          ;
; |fm|FM_FULL:inst3|FM0111:inst24|FMi:inst|75~1   ; |fm|FM_FULL:inst3|FM0111:inst24|FMi:inst|75~1   ; combout          ;
; |fm|FM_FULL:inst4|FM0001:inst4|FMi:inst|9       ; |fm|FM_FULL:inst4|FM0001:inst4|FMi:inst|9       ; regout           ;
; |fm|FM_FULL:inst4|FM0000:inst|FMi:inst|9        ; |fm|FM_FULL:inst4|FM0000:inst|FMi:inst|9        ; regout           ;
; |fm|FM_FULL:inst4|FM0000:inst|FMi:inst|31~1     ; |fm|FM_FULL:inst4|FM0000:inst|FMi:inst|31~1     ; combout          ;
; |fm|FM_FULL:inst4|FM0011:inst20|FMi:inst|9      ; |fm|FM_FULL:inst4|FM0011:inst20|FMi:inst|9      ; regout           ;
; |fm|FM_FULL:inst4|FM0010:inst19|FMi:inst|9      ; |fm|FM_FULL:inst4|FM0010:inst19|FMi:inst|9      ; regout           ;
; |fm|FM_FULL:inst4|FM0000:inst|FMi:inst|31~2     ; |fm|FM_FULL:inst4|FM0000:inst|FMi:inst|31~2     ; combout          ;
; |fm|FM_FULL:inst4|FM0110:inst23|FMi:inst|9      ; |fm|FM_FULL:inst4|FM0110:inst23|FMi:inst|9      ; regout           ;
; |fm|FM_FULL:inst4|FM0100:inst21|FMi:inst|9      ; |fm|FM_FULL:inst4|FM0100:inst21|FMi:inst|9      ; regout           ;
; |fm|FM_FULL:inst4|FM0000:inst|FMi:inst|31~3     ; |fm|FM_FULL:inst4|FM0000:inst|FMi:inst|31~3     ; combout          ;
; |fm|FM_FULL:inst4|FM0111:inst24|FMi:inst|9      ; |fm|FM_FULL:inst4|FM0111:inst24|FMi:inst|9      ; regout           ;
; |fm|FM_FULL:inst4|FM0101:inst22|FMi:inst|9      ; |fm|FM_FULL:inst4|FM0101:inst22|FMi:inst|9      ; regout           ;
; |fm|FM_FULL:inst4|FM0000:inst|FMi:inst|31~4     ; |fm|FM_FULL:inst4|FM0000:inst|FMi:inst|31~4     ; combout          ;
; |fm|FM_FULL:inst4|FM0000:inst|FMi:inst|31~5     ; |fm|FM_FULL:inst4|FM0000:inst|FMi:inst|31~5     ; combout          ;
; |fm|FM_FULL:inst5|FM0001:inst4|FMi:inst|9       ; |fm|FM_FULL:inst5|FM0001:inst4|FMi:inst|9       ; regout           ;
; |fm|FM_FULL:inst5|FM0011:inst20|FMi:inst|9      ; |fm|FM_FULL:inst5|FM0011:inst20|FMi:inst|9      ; regout           ;
; |fm|FM_FULL:inst5|FM0010:inst19|FMi:inst|9      ; |fm|FM_FULL:inst5|FM0010:inst19|FMi:inst|9      ; regout           ;
; |fm|FM_FULL:inst5|FM0000:inst|FMi:inst|31~2     ; |fm|FM_FULL:inst5|FM0000:inst|FMi:inst|31~2     ; combout          ;
; |fm|FM_FULL:inst5|FM0110:inst23|FMi:inst|9      ; |fm|FM_FULL:inst5|FM0110:inst23|FMi:inst|9      ; regout           ;
; |fm|FM_FULL:inst5|FM0100:inst21|FMi:inst|9      ; |fm|FM_FULL:inst5|FM0100:inst21|FMi:inst|9      ; regout           ;
; |fm|FM_FULL:inst5|FM0000:inst|FMi:inst|31~3     ; |fm|FM_FULL:inst5|FM0000:inst|FMi:inst|31~3     ; combout          ;
; |fm|FM_FULL:inst5|FM0111:inst24|FMi:inst|9      ; |fm|FM_FULL:inst5|FM0111:inst24|FMi:inst|9      ; regout           ;
; |fm|FM_FULL:inst5|FM0101:inst22|FMi:inst|9      ; |fm|FM_FULL:inst5|FM0101:inst22|FMi:inst|9      ; regout           ;
; |fm|FM_FULL:inst5|FM0000:inst|FMi:inst|31~4     ; |fm|FM_FULL:inst5|FM0000:inst|FMi:inst|31~4     ; combout          ;
; |fm|FM_FULL:inst6|FM0001:inst4|FMi:inst|9       ; |fm|FM_FULL:inst6|FM0001:inst4|FMi:inst|9       ; regout           ;
; |fm|FM_FULL:inst6|FM0011:inst20|FMi:inst|9      ; |fm|FM_FULL:inst6|FM0011:inst20|FMi:inst|9      ; regout           ;
; |fm|FM_FULL:inst6|FM0010:inst19|FMi:inst|9      ; |fm|FM_FULL:inst6|FM0010:inst19|FMi:inst|9      ; regout           ;
; |fm|FM_FULL:inst6|FM0000:inst|FMi:inst|31~2     ; |fm|FM_FULL:inst6|FM0000:inst|FMi:inst|31~2     ; combout          ;
; |fm|FM_FULL:inst6|FM0110:inst23|FMi:inst|9      ; |fm|FM_FULL:inst6|FM0110:inst23|FMi:inst|9      ; regout           ;
; |fm|FM_FULL:inst6|FM0100:inst21|FMi:inst|9      ; |fm|FM_FULL:inst6|FM0100:inst21|FMi:inst|9      ; regout           ;
; |fm|FM_FULL:inst6|FM0000:inst|FMi:inst|31~3     ; |fm|FM_FULL:inst6|FM0000:inst|FMi:inst|31~3     ; combout          ;
; |fm|FM_FULL:inst6|FM0111:inst24|FMi:inst|9      ; |fm|FM_FULL:inst6|FM0111:inst24|FMi:inst|9      ; regout           ;
; |fm|FM_FULL:inst6|FM0101:inst22|FMi:inst|9      ; |fm|FM_FULL:inst6|FM0101:inst22|FMi:inst|9      ; regout           ;
; |fm|FM_FULL:inst6|FM0000:inst|FMi:inst|31~4     ; |fm|FM_FULL:inst6|FM0000:inst|FMi:inst|31~4     ; combout          ;
; |fm|FM_FULL:inst7|FM0001:inst4|FMi:inst|9       ; |fm|FM_FULL:inst7|FM0001:inst4|FMi:inst|9       ; regout           ;
; |fm|FM_FULL:inst7|FM0011:inst20|FMi:inst|9      ; |fm|FM_FULL:inst7|FM0011:inst20|FMi:inst|9      ; regout           ;
; |fm|FM_FULL:inst7|FM0010:inst19|FMi:inst|9      ; |fm|FM_FULL:inst7|FM0010:inst19|FMi:inst|9      ; regout           ;
; |fm|FM_FULL:inst7|FM0000:inst|FMi:inst|31~2     ; |fm|FM_FULL:inst7|FM0000:inst|FMi:inst|31~2     ; combout          ;
; |fm|FM_FULL:inst7|FM0110:inst23|FMi:inst|9      ; |fm|FM_FULL:inst7|FM0110:inst23|FMi:inst|9      ; regout           ;
; |fm|FM_FULL:inst7|FM0100:inst21|FMi:inst|9      ; |fm|FM_FULL:inst7|FM0100:inst21|FMi:inst|9      ; regout           ;
; |fm|FM_FULL:inst7|FM0000:inst|FMi:inst|31~3     ; |fm|FM_FULL:inst7|FM0000:inst|FMi:inst|31~3     ; combout          ;
; |fm|FM_FULL:inst7|FM0111:inst24|FMi:inst|9      ; |fm|FM_FULL:inst7|FM0111:inst24|FMi:inst|9      ; regout           ;
; |fm|FM_FULL:inst7|FM0101:inst22|FMi:inst|9      ; |fm|FM_FULL:inst7|FM0101:inst22|FMi:inst|9      ; regout           ;
; |fm|FM_FULL:inst7|FM0000:inst|FMi:inst|31~4     ; |fm|FM_FULL:inst7|FM0000:inst|FMi:inst|31~4     ; combout          ;
; |fm|FM_FULL:inst8|FM0001:inst4|FMi:inst|9       ; |fm|FM_FULL:inst8|FM0001:inst4|FMi:inst|9       ; regout           ;
; |fm|FM_FULL:inst8|FM0011:inst20|FMi:inst|9      ; |fm|FM_FULL:inst8|FM0011:inst20|FMi:inst|9      ; regout           ;
; |fm|FM_FULL:inst8|FM0010:inst19|FMi:inst|9      ; |fm|FM_FULL:inst8|FM0010:inst19|FMi:inst|9      ; regout           ;
; |fm|FM_FULL:inst8|FM0000:inst|FMi:inst|31~2     ; |fm|FM_FULL:inst8|FM0000:inst|FMi:inst|31~2     ; combout          ;
; |fm|FM_FULL:inst8|FM0110:inst23|FMi:inst|9      ; |fm|FM_FULL:inst8|FM0110:inst23|FMi:inst|9      ; regout           ;
; |fm|FM_FULL:inst8|FM0100:inst21|FMi:inst|9      ; |fm|FM_FULL:inst8|FM0100:inst21|FMi:inst|9      ; regout           ;
; |fm|FM_FULL:inst8|FM0000:inst|FMi:inst|31~3     ; |fm|FM_FULL:inst8|FM0000:inst|FMi:inst|31~3     ; combout          ;
; |fm|FM_FULL:inst8|FM0111:inst24|FMi:inst|9      ; |fm|FM_FULL:inst8|FM0111:inst24|FMi:inst|9      ; regout           ;
; |fm|FM_FULL:inst8|FM0101:inst22|FMi:inst|9      ; |fm|FM_FULL:inst8|FM0101:inst22|FMi:inst|9      ; regout           ;
; |fm|FM_FULL:inst8|FM0000:inst|FMi:inst|31~4     ; |fm|FM_FULL:inst8|FM0000:inst|FMi:inst|31~4     ; combout          ;
; |fm|FM_FULL:inst9|FM0001:inst4|FMi:inst|9       ; |fm|FM_FULL:inst9|FM0001:inst4|FMi:inst|9       ; regout           ;
; |fm|FM_FULL:inst9|FM0000:inst|FMi:inst|9        ; |fm|FM_FULL:inst9|FM0000:inst|FMi:inst|9        ; regout           ;
; |fm|FM_FULL:inst9|FM0000:inst|FMi:inst|31~1     ; |fm|FM_FULL:inst9|FM0000:inst|FMi:inst|31~1     ; combout          ;
; |fm|FM_FULL:inst9|FM0011:inst20|FMi:inst|9      ; |fm|FM_FULL:inst9|FM0011:inst20|FMi:inst|9      ; regout           ;
; |fm|FM_FULL:inst9|FM0010:inst19|FMi:inst|9      ; |fm|FM_FULL:inst9|FM0010:inst19|FMi:inst|9      ; regout           ;
; |fm|FM_FULL:inst9|FM0000:inst|FMi:inst|31~2     ; |fm|FM_FULL:inst9|FM0000:inst|FMi:inst|31~2     ; combout          ;
; |fm|FM_FULL:inst9|FM0110:inst23|FMi:inst|9      ; |fm|FM_FULL:inst9|FM0110:inst23|FMi:inst|9      ; regout           ;
; |fm|FM_FULL:inst9|FM0100:inst21|FMi:inst|9      ; |fm|FM_FULL:inst9|FM0100:inst21|FMi:inst|9      ; regout           ;
; |fm|FM_FULL:inst9|FM0000:inst|FMi:inst|31~3     ; |fm|FM_FULL:inst9|FM0000:inst|FMi:inst|31~3     ; combout          ;
; |fm|FM_FULL:inst9|FM0111:inst24|FMi:inst|9      ; |fm|FM_FULL:inst9|FM0111:inst24|FMi:inst|9      ; regout           ;
; |fm|FM_FULL:inst9|FM0101:inst22|FMi:inst|9      ; |fm|FM_FULL:inst9|FM0101:inst22|FMi:inst|9      ; regout           ;
; |fm|FM_FULL:inst9|FM0000:inst|FMi:inst|31~4     ; |fm|FM_FULL:inst9|FM0000:inst|FMi:inst|31~4     ; combout          ;
; |fm|FM_FULL:inst9|FM0000:inst|FMi:inst|31~5     ; |fm|FM_FULL:inst9|FM0000:inst|FMi:inst|31~5     ; combout          ;
; |fm|FM_FULL:inst10|FM0001:inst4|FMi:inst|9      ; |fm|FM_FULL:inst10|FM0001:inst4|FMi:inst|9      ; regout           ;
; |fm|FM_FULL:inst10|FM0000:inst|FMi:inst|9       ; |fm|FM_FULL:inst10|FM0000:inst|FMi:inst|9       ; regout           ;
; |fm|FM_FULL:inst10|FM0000:inst|FMi:inst|31~1    ; |fm|FM_FULL:inst10|FM0000:inst|FMi:inst|31~1    ; combout          ;
; |fm|FM_FULL:inst10|FM0011:inst20|FMi:inst|9     ; |fm|FM_FULL:inst10|FM0011:inst20|FMi:inst|9     ; regout           ;
; |fm|FM_FULL:inst10|FM0010:inst19|FMi:inst|9     ; |fm|FM_FULL:inst10|FM0010:inst19|FMi:inst|9     ; regout           ;
; |fm|FM_FULL:inst10|FM0000:inst|FMi:inst|31~2    ; |fm|FM_FULL:inst10|FM0000:inst|FMi:inst|31~2    ; combout          ;
; |fm|FM_FULL:inst10|FM0110:inst23|FMi:inst|9     ; |fm|FM_FULL:inst10|FM0110:inst23|FMi:inst|9     ; regout           ;
; |fm|FM_FULL:inst10|FM0100:inst21|FMi:inst|9     ; |fm|FM_FULL:inst10|FM0100:inst21|FMi:inst|9     ; regout           ;
; |fm|FM_FULL:inst10|FM0000:inst|FMi:inst|31~3    ; |fm|FM_FULL:inst10|FM0000:inst|FMi:inst|31~3    ; combout          ;
; |fm|FM_FULL:inst10|FM0111:inst24|FMi:inst|9     ; |fm|FM_FULL:inst10|FM0111:inst24|FMi:inst|9     ; regout           ;
; |fm|FM_FULL:inst10|FM0101:inst22|FMi:inst|9     ; |fm|FM_FULL:inst10|FM0101:inst22|FMi:inst|9     ; regout           ;
; |fm|FM_FULL:inst10|FM0000:inst|FMi:inst|31~4    ; |fm|FM_FULL:inst10|FM0000:inst|FMi:inst|31~4    ; combout          ;
; |fm|FM_FULL:inst10|FM0000:inst|FMi:inst|31~5    ; |fm|FM_FULL:inst10|FM0000:inst|FMi:inst|31~5    ; combout          ;
; |fm|FM_FULL:inst3|FM0001:inst4|FMi:inst|74      ; |fm|FM_FULL:inst3|FM0001:inst4|FMi:inst|74      ; combout          ;
; |fm|FM_FULL:inst3|FM0011:inst20|FMi:inst|74     ; |fm|FM_FULL:inst3|FM0011:inst20|FMi:inst|74     ; combout          ;
; |fm|FM_FULL:inst3|FM0010:inst19|FMi:inst|74     ; |fm|FM_FULL:inst3|FM0010:inst19|FMi:inst|74     ; combout          ;
; |fm|FM_FULL:inst3|FM0110:inst23|FMi:inst|74~0   ; |fm|FM_FULL:inst3|FM0110:inst23|FMi:inst|74~0   ; combout          ;
; |fm|FM_FULL:inst3|FM0110:inst23|FMi:inst|74     ; |fm|FM_FULL:inst3|FM0110:inst23|FMi:inst|74     ; combout          ;
; |fm|FM_FULL:inst3|FM0100:inst21|FMi:inst|74     ; |fm|FM_FULL:inst3|FM0100:inst21|FMi:inst|74     ; combout          ;
; |fm|FM_FULL:inst3|FM0111:inst24|FMi:inst|74     ; |fm|FM_FULL:inst3|FM0111:inst24|FMi:inst|74     ; combout          ;
; |fm|FM_FULL:inst3|FM0101:inst22|FMi:inst|74     ; |fm|FM_FULL:inst3|FM0101:inst22|FMi:inst|74     ; combout          ;
; |fm|FM_FULL:inst4|FM0001:inst4|FMi:inst|74      ; |fm|FM_FULL:inst4|FM0001:inst4|FMi:inst|74      ; combout          ;
; |fm|FM_FULL:inst5|FM0001:inst4|FMi:inst|74      ; |fm|FM_FULL:inst5|FM0001:inst4|FMi:inst|74      ; combout          ;
; |fm|FM_FULL:inst6|FM0001:inst4|FMi:inst|74      ; |fm|FM_FULL:inst6|FM0001:inst4|FMi:inst|74      ; combout          ;
; |fm|FM_FULL:inst7|FM0001:inst4|FMi:inst|74      ; |fm|FM_FULL:inst7|FM0001:inst4|FMi:inst|74      ; combout          ;
; |fm|FM_FULL:inst8|FM0001:inst4|FMi:inst|74      ; |fm|FM_FULL:inst8|FM0001:inst4|FMi:inst|74      ; combout          ;
; |fm|FM_FULL:inst9|FM0001:inst4|FMi:inst|74      ; |fm|FM_FULL:inst9|FM0001:inst4|FMi:inst|74      ; combout          ;
; |fm|FM_FULL:inst10|FM0001:inst4|FMi:inst|74     ; |fm|FM_FULL:inst10|FM0001:inst4|FMi:inst|74     ; combout          ;
; |fm|FM_FULL:inst4|FM0011:inst20|FMi:inst|74     ; |fm|FM_FULL:inst4|FM0011:inst20|FMi:inst|74     ; combout          ;
; |fm|FM_FULL:inst5|FM0011:inst20|FMi:inst|74     ; |fm|FM_FULL:inst5|FM0011:inst20|FMi:inst|74     ; combout          ;
; |fm|FM_FULL:inst6|FM0011:inst20|FMi:inst|74     ; |fm|FM_FULL:inst6|FM0011:inst20|FMi:inst|74     ; combout          ;
; |fm|FM_FULL:inst7|FM0011:inst20|FMi:inst|74     ; |fm|FM_FULL:inst7|FM0011:inst20|FMi:inst|74     ; combout          ;
; |fm|FM_FULL:inst8|FM0011:inst20|FMi:inst|74     ; |fm|FM_FULL:inst8|FM0011:inst20|FMi:inst|74     ; combout          ;
; |fm|FM_FULL:inst9|FM0011:inst20|FMi:inst|74     ; |fm|FM_FULL:inst9|FM0011:inst20|FMi:inst|74     ; combout          ;
; |fm|FM_FULL:inst10|FM0011:inst20|FMi:inst|74    ; |fm|FM_FULL:inst10|FM0011:inst20|FMi:inst|74    ; combout          ;
; |fm|FM_FULL:inst4|FM0010:inst19|FMi:inst|74     ; |fm|FM_FULL:inst4|FM0010:inst19|FMi:inst|74     ; combout          ;
; |fm|FM_FULL:inst5|FM0010:inst19|FMi:inst|74     ; |fm|FM_FULL:inst5|FM0010:inst19|FMi:inst|74     ; combout          ;
; |fm|FM_FULL:inst6|FM0010:inst19|FMi:inst|74     ; |fm|FM_FULL:inst6|FM0010:inst19|FMi:inst|74     ; combout          ;
; |fm|FM_FULL:inst7|FM0010:inst19|FMi:inst|74     ; |fm|FM_FULL:inst7|FM0010:inst19|FMi:inst|74     ; combout          ;
; |fm|FM_FULL:inst8|FM0010:inst19|FMi:inst|74     ; |fm|FM_FULL:inst8|FM0010:inst19|FMi:inst|74     ; combout          ;
; |fm|FM_FULL:inst9|FM0010:inst19|FMi:inst|74     ; |fm|FM_FULL:inst9|FM0010:inst19|FMi:inst|74     ; combout          ;
; |fm|FM_FULL:inst10|FM0010:inst19|FMi:inst|74    ; |fm|FM_FULL:inst10|FM0010:inst19|FMi:inst|74    ; combout          ;
; |fm|FM_FULL:inst4|FM0110:inst23|FMi:inst|74     ; |fm|FM_FULL:inst4|FM0110:inst23|FMi:inst|74     ; combout          ;
; |fm|FM_FULL:inst5|FM0110:inst23|FMi:inst|74     ; |fm|FM_FULL:inst5|FM0110:inst23|FMi:inst|74     ; combout          ;
; |fm|FM_FULL:inst6|FM0110:inst23|FMi:inst|74     ; |fm|FM_FULL:inst6|FM0110:inst23|FMi:inst|74     ; combout          ;
; |fm|FM_FULL:inst7|FM0110:inst23|FMi:inst|74     ; |fm|FM_FULL:inst7|FM0110:inst23|FMi:inst|74     ; combout          ;
; |fm|FM_FULL:inst8|FM0110:inst23|FMi:inst|74     ; |fm|FM_FULL:inst8|FM0110:inst23|FMi:inst|74     ; combout          ;
; |fm|FM_FULL:inst9|FM0110:inst23|FMi:inst|74     ; |fm|FM_FULL:inst9|FM0110:inst23|FMi:inst|74     ; combout          ;
; |fm|FM_FULL:inst10|FM0110:inst23|FMi:inst|74    ; |fm|FM_FULL:inst10|FM0110:inst23|FMi:inst|74    ; combout          ;
; |fm|FM_FULL:inst4|FM0100:inst21|FMi:inst|74     ; |fm|FM_FULL:inst4|FM0100:inst21|FMi:inst|74     ; combout          ;
; |fm|FM_FULL:inst5|FM0100:inst21|FMi:inst|74     ; |fm|FM_FULL:inst5|FM0100:inst21|FMi:inst|74     ; combout          ;
; |fm|FM_FULL:inst6|FM0100:inst21|FMi:inst|74     ; |fm|FM_FULL:inst6|FM0100:inst21|FMi:inst|74     ; combout          ;
; |fm|FM_FULL:inst7|FM0100:inst21|FMi:inst|74     ; |fm|FM_FULL:inst7|FM0100:inst21|FMi:inst|74     ; combout          ;
; |fm|FM_FULL:inst8|FM0100:inst21|FMi:inst|74     ; |fm|FM_FULL:inst8|FM0100:inst21|FMi:inst|74     ; combout          ;
; |fm|FM_FULL:inst9|FM0100:inst21|FMi:inst|74     ; |fm|FM_FULL:inst9|FM0100:inst21|FMi:inst|74     ; combout          ;
; |fm|FM_FULL:inst10|FM0100:inst21|FMi:inst|74    ; |fm|FM_FULL:inst10|FM0100:inst21|FMi:inst|74    ; combout          ;
; |fm|FM_FULL:inst4|FM0111:inst24|FMi:inst|74     ; |fm|FM_FULL:inst4|FM0111:inst24|FMi:inst|74     ; combout          ;
; |fm|FM_FULL:inst5|FM0111:inst24|FMi:inst|74     ; |fm|FM_FULL:inst5|FM0111:inst24|FMi:inst|74     ; combout          ;
; |fm|FM_FULL:inst6|FM0111:inst24|FMi:inst|74     ; |fm|FM_FULL:inst6|FM0111:inst24|FMi:inst|74     ; combout          ;
; |fm|FM_FULL:inst7|FM0111:inst24|FMi:inst|74     ; |fm|FM_FULL:inst7|FM0111:inst24|FMi:inst|74     ; combout          ;
; |fm|FM_FULL:inst8|FM0111:inst24|FMi:inst|74     ; |fm|FM_FULL:inst8|FM0111:inst24|FMi:inst|74     ; combout          ;
; |fm|FM_FULL:inst9|FM0111:inst24|FMi:inst|74     ; |fm|FM_FULL:inst9|FM0111:inst24|FMi:inst|74     ; combout          ;
; |fm|FM_FULL:inst10|FM0111:inst24|FMi:inst|74    ; |fm|FM_FULL:inst10|FM0111:inst24|FMi:inst|74    ; combout          ;
; |fm|FM_FULL:inst4|FM0101:inst22|FMi:inst|74     ; |fm|FM_FULL:inst4|FM0101:inst22|FMi:inst|74     ; combout          ;
; |fm|FM_FULL:inst5|FM0101:inst22|FMi:inst|74     ; |fm|FM_FULL:inst5|FM0101:inst22|FMi:inst|74     ; combout          ;
; |fm|FM_FULL:inst6|FM0101:inst22|FMi:inst|74     ; |fm|FM_FULL:inst6|FM0101:inst22|FMi:inst|74     ; combout          ;
; |fm|FM_FULL:inst7|FM0101:inst22|FMi:inst|74     ; |fm|FM_FULL:inst7|FM0101:inst22|FMi:inst|74     ; combout          ;
; |fm|FM_FULL:inst8|FM0101:inst22|FMi:inst|74     ; |fm|FM_FULL:inst8|FM0101:inst22|FMi:inst|74     ; combout          ;
; |fm|FM_FULL:inst9|FM0101:inst22|FMi:inst|74     ; |fm|FM_FULL:inst9|FM0101:inst22|FMi:inst|74     ; combout          ;
; |fm|FM_FULL:inst10|FM0101:inst22|FMi:inst|74    ; |fm|FM_FULL:inst10|FM0101:inst22|FMi:inst|74    ; combout          ;
; |fm|Q[7]                                        ; |fm|Q[7]                                        ; padio            ;
; |fm|Q[6]                                        ; |fm|Q[6]                                        ; padio            ;
; |fm|Q[1]                                        ; |fm|Q[1]                                        ; padio            ;
; |fm|Q[0]                                        ; |fm|Q[0]                                        ; padio            ;
; |fm|AQ[0]                                       ; |fm|AQ[0]~corein                                ; combout          ;
; |fm|RD                                          ; |fm|RD~corein                                   ; combout          ;
; |fm|AQ[1]                                       ; |fm|AQ[1]~corein                                ; combout          ;
; |fm|AQ[2]                                       ; |fm|AQ[2]~corein                                ; combout          ;
; |fm|AQ[3]                                       ; |fm|AQ[3]~corein                                ; combout          ;
; |fm|P[7]                                        ; |fm|P[7]~corein                                 ; combout          ;
; |fm|P[6]                                        ; |fm|P[6]~corein                                 ; combout          ;
; |fm|P[5]                                        ; |fm|P[5]~corein                                 ; combout          ;
; |fm|P[4]                                        ; |fm|P[4]~corein                                 ; combout          ;
; |fm|P[3]                                        ; |fm|P[3]~corein                                 ; combout          ;
; |fm|P[2]                                        ; |fm|P[2]~corein                                 ; combout          ;
; |fm|P[1]                                        ; |fm|P[1]~corein                                 ; combout          ;
; |fm|P[0]                                        ; |fm|P[0]~corein                                 ; combout          ;
; |fm|AP[0]                                       ; |fm|AP[0]~corein                                ; combout          ;
; |fm|WR                                          ; |fm|WR~corein                                   ; combout          ;
; |fm|AP[2]                                       ; |fm|AP[2]~corein                                ; combout          ;
; |fm|AP[3]                                       ; |fm|AP[3]~corein                                ; combout          ;
; |fm|AP[1]                                       ; |fm|AP[1]~corein                                ; combout          ;
; |fm|FM_FULL:inst3|FM0000:inst|FMi:inst|9~feeder ; |fm|FM_FULL:inst3|FM0000:inst|FMi:inst|9~feeder ; combout          ;
; |fm|FM_FULL:inst4|FM0000:inst|FMi:inst|9~feeder ; |fm|FM_FULL:inst4|FM0000:inst|FMi:inst|9~feeder ; combout          ;
; |fm|FM_FULL:inst6|FM0000:inst|FMi:inst|9~feeder ; |fm|FM_FULL:inst6|FM0000:inst|FMi:inst|9~feeder ; combout          ;
; |fm|FM_FULL:inst7|FM0000:inst|FMi:inst|9~feeder ; |fm|FM_FULL:inst7|FM0000:inst|FMi:inst|9~feeder ; combout          ;
+-------------------------------------------------+-------------------------------------------------+------------------+


The following table displays output ports that do not toggle to 0 during simulation.
+----------------------------------------------------------------------------------------------------------------------+
; Missing 0-Value Coverage                                                                                             ;
+-------------------------------------------------+-------------------------------------------------+------------------+
; Node Name                                       ; Output Port Name                                ; Output Port Type ;
+-------------------------------------------------+-------------------------------------------------+------------------+
; |fm|FM_FULL:inst3|FM0001:inst4|FMi:inst|9       ; |fm|FM_FULL:inst3|FM0001:inst4|FMi:inst|9       ; regout           ;
; |fm|FM_FULL:inst3|FM0000:inst|FMi:inst|9        ; |fm|FM_FULL:inst3|FM0000:inst|FMi:inst|9        ; regout           ;
; |fm|FM_FULL:inst3|FM0001:inst4|FMi:inst|75~0    ; |fm|FM_FULL:inst3|FM0001:inst4|FMi:inst|75~0    ; combout          ;
; |fm|FM_FULL:inst3|FM0000:inst|FMi:inst|31~1     ; |fm|FM_FULL:inst3|FM0000:inst|FMi:inst|31~1     ; combout          ;
; |fm|FM_FULL:inst3|FM0011:inst20|FMi:inst|9      ; |fm|FM_FULL:inst3|FM0011:inst20|FMi:inst|9      ; regout           ;
; |fm|FM_FULL:inst3|FM0010:inst19|FMi:inst|9      ; |fm|FM_FULL:inst3|FM0010:inst19|FMi:inst|9      ; regout           ;
; |fm|FM_FULL:inst3|FM0011:inst20|FMi:inst|75~0   ; |fm|FM_FULL:inst3|FM0011:inst20|FMi:inst|75~0   ; combout          ;
; |fm|FM_FULL:inst3|FM0000:inst|FMi:inst|31~2     ; |fm|FM_FULL:inst3|FM0000:inst|FMi:inst|31~2     ; combout          ;
; |fm|FM_FULL:inst3|FM0110:inst23|FMi:inst|9      ; |fm|FM_FULL:inst3|FM0110:inst23|FMi:inst|9      ; regout           ;
; |fm|FM_FULL:inst3|FM0100:inst21|FMi:inst|9      ; |fm|FM_FULL:inst3|FM0100:inst21|FMi:inst|9      ; regout           ;
; |fm|FM_FULL:inst3|FM0110:inst23|FMi:inst|75~0   ; |fm|FM_FULL:inst3|FM0110:inst23|FMi:inst|75~0   ; combout          ;
; |fm|FM_FULL:inst3|FM0000:inst|FMi:inst|31~3     ; |fm|FM_FULL:inst3|FM0000:inst|FMi:inst|31~3     ; combout          ;
; |fm|FM_FULL:inst3|FM0111:inst24|FMi:inst|9      ; |fm|FM_FULL:inst3|FM0111:inst24|FMi:inst|9      ; regout           ;
; |fm|FM_FULL:inst3|FM0101:inst22|FMi:inst|9      ; |fm|FM_FULL:inst3|FM0101:inst22|FMi:inst|9      ; regout           ;
; |fm|FM_FULL:inst3|FM0111:inst24|FMi:inst|75~0   ; |fm|FM_FULL:inst3|FM0111:inst24|FMi:inst|75~0   ; combout          ;
; |fm|FM_FULL:inst3|FM0000:inst|FMi:inst|31~4     ; |fm|FM_FULL:inst3|FM0000:inst|FMi:inst|31~4     ; combout          ;
; |fm|FM_FULL:inst3|FM0000:inst|FMi:inst|31~5     ; |fm|FM_FULL:inst3|FM0000:inst|FMi:inst|31~5     ; combout          ;
; |fm|FM_FULL:inst3|FM0111:inst24|FMi:inst|75~1   ; |fm|FM_FULL:inst3|FM0111:inst24|FMi:inst|75~1   ; combout          ;
; |fm|FM_FULL:inst4|FM0001:inst4|FMi:inst|9       ; |fm|FM_FULL:inst4|FM0001:inst4|FMi:inst|9       ; regout           ;
; |fm|FM_FULL:inst4|FM0000:inst|FMi:inst|9        ; |fm|FM_FULL:inst4|FM0000:inst|FMi:inst|9        ; regout           ;
; |fm|FM_FULL:inst4|FM0000:inst|FMi:inst|31~1     ; |fm|FM_FULL:inst4|FM0000:inst|FMi:inst|31~1     ; combout          ;
; |fm|FM_FULL:inst4|FM0011:inst20|FMi:inst|9      ; |fm|FM_FULL:inst4|FM0011:inst20|FMi:inst|9      ; regout           ;
; |fm|FM_FULL:inst4|FM0010:inst19|FMi:inst|9      ; |fm|FM_FULL:inst4|FM0010:inst19|FMi:inst|9      ; regout           ;
; |fm|FM_FULL:inst4|FM0000:inst|FMi:inst|31~2     ; |fm|FM_FULL:inst4|FM0000:inst|FMi:inst|31~2     ; combout          ;
; |fm|FM_FULL:inst4|FM0110:inst23|FMi:inst|9      ; |fm|FM_FULL:inst4|FM0110:inst23|FMi:inst|9      ; regout           ;
; |fm|FM_FULL:inst4|FM0100:inst21|FMi:inst|9      ; |fm|FM_FULL:inst4|FM0100:inst21|FMi:inst|9      ; regout           ;
; |fm|FM_FULL:inst4|FM0000:inst|FMi:inst|31~3     ; |fm|FM_FULL:inst4|FM0000:inst|FMi:inst|31~3     ; combout          ;
; |fm|FM_FULL:inst4|FM0111:inst24|FMi:inst|9      ; |fm|FM_FULL:inst4|FM0111:inst24|FMi:inst|9      ; regout           ;
; |fm|FM_FULL:inst4|FM0101:inst22|FMi:inst|9      ; |fm|FM_FULL:inst4|FM0101:inst22|FMi:inst|9      ; regout           ;
; |fm|FM_FULL:inst4|FM0000:inst|FMi:inst|31~4     ; |fm|FM_FULL:inst4|FM0000:inst|FMi:inst|31~4     ; combout          ;
; |fm|FM_FULL:inst4|FM0000:inst|FMi:inst|31~5     ; |fm|FM_FULL:inst4|FM0000:inst|FMi:inst|31~5     ; combout          ;
; |fm|FM_FULL:inst5|FM0001:inst4|FMi:inst|9       ; |fm|FM_FULL:inst5|FM0001:inst4|FMi:inst|9       ; regout           ;
; |fm|FM_FULL:inst5|FM0000:inst|FMi:inst|9        ; |fm|FM_FULL:inst5|FM0000:inst|FMi:inst|9        ; regout           ;
; |fm|FM_FULL:inst5|FM0000:inst|FMi:inst|31~1     ; |fm|FM_FULL:inst5|FM0000:inst|FMi:inst|31~1     ; combout          ;
; |fm|FM_FULL:inst5|FM0011:inst20|FMi:inst|9      ; |fm|FM_FULL:inst5|FM0011:inst20|FMi:inst|9      ; regout           ;
; |fm|FM_FULL:inst5|FM0010:inst19|FMi:inst|9      ; |fm|FM_FULL:inst5|FM0010:inst19|FMi:inst|9      ; regout           ;
; |fm|FM_FULL:inst5|FM0000:inst|FMi:inst|31~2     ; |fm|FM_FULL:inst5|FM0000:inst|FMi:inst|31~2     ; combout          ;
; |fm|FM_FULL:inst5|FM0110:inst23|FMi:inst|9      ; |fm|FM_FULL:inst5|FM0110:inst23|FMi:inst|9      ; regout           ;
; |fm|FM_FULL:inst5|FM0100:inst21|FMi:inst|9      ; |fm|FM_FULL:inst5|FM0100:inst21|FMi:inst|9      ; regout           ;
; |fm|FM_FULL:inst5|FM0000:inst|FMi:inst|31~3     ; |fm|FM_FULL:inst5|FM0000:inst|FMi:inst|31~3     ; combout          ;
; |fm|FM_FULL:inst5|FM0111:inst24|FMi:inst|9      ; |fm|FM_FULL:inst5|FM0111:inst24|FMi:inst|9      ; regout           ;
; |fm|FM_FULL:inst5|FM0101:inst22|FMi:inst|9      ; |fm|FM_FULL:inst5|FM0101:inst22|FMi:inst|9      ; regout           ;
; |fm|FM_FULL:inst5|FM0000:inst|FMi:inst|31~4     ; |fm|FM_FULL:inst5|FM0000:inst|FMi:inst|31~4     ; combout          ;
; |fm|FM_FULL:inst5|FM0000:inst|FMi:inst|31~5     ; |fm|FM_FULL:inst5|FM0000:inst|FMi:inst|31~5     ; combout          ;
; |fm|FM_FULL:inst6|FM0001:inst4|FMi:inst|9       ; |fm|FM_FULL:inst6|FM0001:inst4|FMi:inst|9       ; regout           ;
; |fm|FM_FULL:inst6|FM0000:inst|FMi:inst|9        ; |fm|FM_FULL:inst6|FM0000:inst|FMi:inst|9        ; regout           ;
; |fm|FM_FULL:inst6|FM0000:inst|FMi:inst|31~1     ; |fm|FM_FULL:inst6|FM0000:inst|FMi:inst|31~1     ; combout          ;
; |fm|FM_FULL:inst6|FM0011:inst20|FMi:inst|9      ; |fm|FM_FULL:inst6|FM0011:inst20|FMi:inst|9      ; regout           ;
; |fm|FM_FULL:inst6|FM0010:inst19|FMi:inst|9      ; |fm|FM_FULL:inst6|FM0010:inst19|FMi:inst|9      ; regout           ;
; |fm|FM_FULL:inst6|FM0000:inst|FMi:inst|31~2     ; |fm|FM_FULL:inst6|FM0000:inst|FMi:inst|31~2     ; combout          ;
; |fm|FM_FULL:inst6|FM0110:inst23|FMi:inst|9      ; |fm|FM_FULL:inst6|FM0110:inst23|FMi:inst|9      ; regout           ;
; |fm|FM_FULL:inst6|FM0100:inst21|FMi:inst|9      ; |fm|FM_FULL:inst6|FM0100:inst21|FMi:inst|9      ; regout           ;
; |fm|FM_FULL:inst6|FM0000:inst|FMi:inst|31~3     ; |fm|FM_FULL:inst6|FM0000:inst|FMi:inst|31~3     ; combout          ;
; |fm|FM_FULL:inst6|FM0111:inst24|FMi:inst|9      ; |fm|FM_FULL:inst6|FM0111:inst24|FMi:inst|9      ; regout           ;
; |fm|FM_FULL:inst6|FM0101:inst22|FMi:inst|9      ; |fm|FM_FULL:inst6|FM0101:inst22|FMi:inst|9      ; regout           ;
; |fm|FM_FULL:inst6|FM0000:inst|FMi:inst|31~4     ; |fm|FM_FULL:inst6|FM0000:inst|FMi:inst|31~4     ; combout          ;
; |fm|FM_FULL:inst6|FM0000:inst|FMi:inst|31~5     ; |fm|FM_FULL:inst6|FM0000:inst|FMi:inst|31~5     ; combout          ;
; |fm|FM_FULL:inst7|FM0001:inst4|FMi:inst|9       ; |fm|FM_FULL:inst7|FM0001:inst4|FMi:inst|9       ; regout           ;
; |fm|FM_FULL:inst7|FM0000:inst|FMi:inst|9        ; |fm|FM_FULL:inst7|FM0000:inst|FMi:inst|9        ; regout           ;
; |fm|FM_FULL:inst7|FM0000:inst|FMi:inst|31~1     ; |fm|FM_FULL:inst7|FM0000:inst|FMi:inst|31~1     ; combout          ;
; |fm|FM_FULL:inst7|FM0011:inst20|FMi:inst|9      ; |fm|FM_FULL:inst7|FM0011:inst20|FMi:inst|9      ; regout           ;
; |fm|FM_FULL:inst7|FM0010:inst19|FMi:inst|9      ; |fm|FM_FULL:inst7|FM0010:inst19|FMi:inst|9      ; regout           ;
; |fm|FM_FULL:inst7|FM0000:inst|FMi:inst|31~2     ; |fm|FM_FULL:inst7|FM0000:inst|FMi:inst|31~2     ; combout          ;
; |fm|FM_FULL:inst7|FM0110:inst23|FMi:inst|9      ; |fm|FM_FULL:inst7|FM0110:inst23|FMi:inst|9      ; regout           ;
; |fm|FM_FULL:inst7|FM0100:inst21|FMi:inst|9      ; |fm|FM_FULL:inst7|FM0100:inst21|FMi:inst|9      ; regout           ;
; |fm|FM_FULL:inst7|FM0000:inst|FMi:inst|31~3     ; |fm|FM_FULL:inst7|FM0000:inst|FMi:inst|31~3     ; combout          ;
; |fm|FM_FULL:inst7|FM0111:inst24|FMi:inst|9      ; |fm|FM_FULL:inst7|FM0111:inst24|FMi:inst|9      ; regout           ;
; |fm|FM_FULL:inst7|FM0101:inst22|FMi:inst|9      ; |fm|FM_FULL:inst7|FM0101:inst22|FMi:inst|9      ; regout           ;
; |fm|FM_FULL:inst7|FM0000:inst|FMi:inst|31~4     ; |fm|FM_FULL:inst7|FM0000:inst|FMi:inst|31~4     ; combout          ;
; |fm|FM_FULL:inst7|FM0000:inst|FMi:inst|31~5     ; |fm|FM_FULL:inst7|FM0000:inst|FMi:inst|31~5     ; combout          ;
; |fm|FM_FULL:inst8|FM0001:inst4|FMi:inst|9       ; |fm|FM_FULL:inst8|FM0001:inst4|FMi:inst|9       ; regout           ;
; |fm|FM_FULL:inst8|FM0000:inst|FMi:inst|9        ; |fm|FM_FULL:inst8|FM0000:inst|FMi:inst|9        ; regout           ;
; |fm|FM_FULL:inst8|FM0000:inst|FMi:inst|31~1     ; |fm|FM_FULL:inst8|FM0000:inst|FMi:inst|31~1     ; combout          ;
; |fm|FM_FULL:inst8|FM0011:inst20|FMi:inst|9      ; |fm|FM_FULL:inst8|FM0011:inst20|FMi:inst|9      ; regout           ;
; |fm|FM_FULL:inst8|FM0010:inst19|FMi:inst|9      ; |fm|FM_FULL:inst8|FM0010:inst19|FMi:inst|9      ; regout           ;
; |fm|FM_FULL:inst8|FM0000:inst|FMi:inst|31~2     ; |fm|FM_FULL:inst8|FM0000:inst|FMi:inst|31~2     ; combout          ;
; |fm|FM_FULL:inst8|FM0110:inst23|FMi:inst|9      ; |fm|FM_FULL:inst8|FM0110:inst23|FMi:inst|9      ; regout           ;
; |fm|FM_FULL:inst8|FM0100:inst21|FMi:inst|9      ; |fm|FM_FULL:inst8|FM0100:inst21|FMi:inst|9      ; regout           ;
; |fm|FM_FULL:inst8|FM0000:inst|FMi:inst|31~3     ; |fm|FM_FULL:inst8|FM0000:inst|FMi:inst|31~3     ; combout          ;
; |fm|FM_FULL:inst8|FM0111:inst24|FMi:inst|9      ; |fm|FM_FULL:inst8|FM0111:inst24|FMi:inst|9      ; regout           ;
; |fm|FM_FULL:inst8|FM0101:inst22|FMi:inst|9      ; |fm|FM_FULL:inst8|FM0101:inst22|FMi:inst|9      ; regout           ;
; |fm|FM_FULL:inst8|FM0000:inst|FMi:inst|31~4     ; |fm|FM_FULL:inst8|FM0000:inst|FMi:inst|31~4     ; combout          ;
; |fm|FM_FULL:inst8|FM0000:inst|FMi:inst|31~5     ; |fm|FM_FULL:inst8|FM0000:inst|FMi:inst|31~5     ; combout          ;
; |fm|FM_FULL:inst9|FM0001:inst4|FMi:inst|9       ; |fm|FM_FULL:inst9|FM0001:inst4|FMi:inst|9       ; regout           ;
; |fm|FM_FULL:inst9|FM0000:inst|FMi:inst|9        ; |fm|FM_FULL:inst9|FM0000:inst|FMi:inst|9        ; regout           ;
; |fm|FM_FULL:inst9|FM0000:inst|FMi:inst|31~1     ; |fm|FM_FULL:inst9|FM0000:inst|FMi:inst|31~1     ; combout          ;
; |fm|FM_FULL:inst9|FM0011:inst20|FMi:inst|9      ; |fm|FM_FULL:inst9|FM0011:inst20|FMi:inst|9      ; regout           ;
; |fm|FM_FULL:inst9|FM0010:inst19|FMi:inst|9      ; |fm|FM_FULL:inst9|FM0010:inst19|FMi:inst|9      ; regout           ;
; |fm|FM_FULL:inst9|FM0000:inst|FMi:inst|31~2     ; |fm|FM_FULL:inst9|FM0000:inst|FMi:inst|31~2     ; combout          ;
; |fm|FM_FULL:inst9|FM0110:inst23|FMi:inst|9      ; |fm|FM_FULL:inst9|FM0110:inst23|FMi:inst|9      ; regout           ;
; |fm|FM_FULL:inst9|FM0100:inst21|FMi:inst|9      ; |fm|FM_FULL:inst9|FM0100:inst21|FMi:inst|9      ; regout           ;
; |fm|FM_FULL:inst9|FM0000:inst|FMi:inst|31~3     ; |fm|FM_FULL:inst9|FM0000:inst|FMi:inst|31~3     ; combout          ;
; |fm|FM_FULL:inst9|FM0111:inst24|FMi:inst|9      ; |fm|FM_FULL:inst9|FM0111:inst24|FMi:inst|9      ; regout           ;
; |fm|FM_FULL:inst9|FM0101:inst22|FMi:inst|9      ; |fm|FM_FULL:inst9|FM0101:inst22|FMi:inst|9      ; regout           ;
; |fm|FM_FULL:inst9|FM0000:inst|FMi:inst|31~4     ; |fm|FM_FULL:inst9|FM0000:inst|FMi:inst|31~4     ; combout          ;
; |fm|FM_FULL:inst9|FM0000:inst|FMi:inst|31~5     ; |fm|FM_FULL:inst9|FM0000:inst|FMi:inst|31~5     ; combout          ;
; |fm|FM_FULL:inst10|FM0001:inst4|FMi:inst|9      ; |fm|FM_FULL:inst10|FM0001:inst4|FMi:inst|9      ; regout           ;
; |fm|FM_FULL:inst10|FM0000:inst|FMi:inst|9       ; |fm|FM_FULL:inst10|FM0000:inst|FMi:inst|9       ; regout           ;
; |fm|FM_FULL:inst10|FM0000:inst|FMi:inst|31~1    ; |fm|FM_FULL:inst10|FM0000:inst|FMi:inst|31~1    ; combout          ;
; |fm|FM_FULL:inst10|FM0011:inst20|FMi:inst|9     ; |fm|FM_FULL:inst10|FM0011:inst20|FMi:inst|9     ; regout           ;
; |fm|FM_FULL:inst10|FM0010:inst19|FMi:inst|9     ; |fm|FM_FULL:inst10|FM0010:inst19|FMi:inst|9     ; regout           ;
; |fm|FM_FULL:inst10|FM0000:inst|FMi:inst|31~2    ; |fm|FM_FULL:inst10|FM0000:inst|FMi:inst|31~2    ; combout          ;
; |fm|FM_FULL:inst10|FM0110:inst23|FMi:inst|9     ; |fm|FM_FULL:inst10|FM0110:inst23|FMi:inst|9     ; regout           ;
; |fm|FM_FULL:inst10|FM0100:inst21|FMi:inst|9     ; |fm|FM_FULL:inst10|FM0100:inst21|FMi:inst|9     ; regout           ;
; |fm|FM_FULL:inst10|FM0000:inst|FMi:inst|31~3    ; |fm|FM_FULL:inst10|FM0000:inst|FMi:inst|31~3    ; combout          ;
; |fm|FM_FULL:inst10|FM0111:inst24|FMi:inst|9     ; |fm|FM_FULL:inst10|FM0111:inst24|FMi:inst|9     ; regout           ;
; |fm|FM_FULL:inst10|FM0101:inst22|FMi:inst|9     ; |fm|FM_FULL:inst10|FM0101:inst22|FMi:inst|9     ; regout           ;
; |fm|FM_FULL:inst10|FM0000:inst|FMi:inst|31~4    ; |fm|FM_FULL:inst10|FM0000:inst|FMi:inst|31~4    ; combout          ;
; |fm|FM_FULL:inst10|FM0000:inst|FMi:inst|31~5    ; |fm|FM_FULL:inst10|FM0000:inst|FMi:inst|31~5    ; combout          ;
; |fm|FM_FULL:inst3|FM0001:inst4|FMi:inst|74      ; |fm|FM_FULL:inst3|FM0001:inst4|FMi:inst|74      ; combout          ;
; |fm|FM_FULL:inst3|FM0011:inst20|FMi:inst|74     ; |fm|FM_FULL:inst3|FM0011:inst20|FMi:inst|74     ; combout          ;
; |fm|FM_FULL:inst3|FM0010:inst19|FMi:inst|74     ; |fm|FM_FULL:inst3|FM0010:inst19|FMi:inst|74     ; combout          ;
; |fm|FM_FULL:inst3|FM0110:inst23|FMi:inst|74~0   ; |fm|FM_FULL:inst3|FM0110:inst23|FMi:inst|74~0   ; combout          ;
; |fm|FM_FULL:inst3|FM0110:inst23|FMi:inst|74     ; |fm|FM_FULL:inst3|FM0110:inst23|FMi:inst|74     ; combout          ;
; |fm|FM_FULL:inst3|FM0100:inst21|FMi:inst|74     ; |fm|FM_FULL:inst3|FM0100:inst21|FMi:inst|74     ; combout          ;
; |fm|FM_FULL:inst3|FM0111:inst24|FMi:inst|74     ; |fm|FM_FULL:inst3|FM0111:inst24|FMi:inst|74     ; combout          ;
; |fm|FM_FULL:inst3|FM0101:inst22|FMi:inst|74     ; |fm|FM_FULL:inst3|FM0101:inst22|FMi:inst|74     ; combout          ;
; |fm|FM_FULL:inst4|FM0001:inst4|FMi:inst|74      ; |fm|FM_FULL:inst4|FM0001:inst4|FMi:inst|74      ; combout          ;
; |fm|FM_FULL:inst5|FM0001:inst4|FMi:inst|74      ; |fm|FM_FULL:inst5|FM0001:inst4|FMi:inst|74      ; combout          ;
; |fm|FM_FULL:inst6|FM0001:inst4|FMi:inst|74      ; |fm|FM_FULL:inst6|FM0001:inst4|FMi:inst|74      ; combout          ;
; |fm|FM_FULL:inst7|FM0001:inst4|FMi:inst|74      ; |fm|FM_FULL:inst7|FM0001:inst4|FMi:inst|74      ; combout          ;
; |fm|FM_FULL:inst8|FM0001:inst4|FMi:inst|74      ; |fm|FM_FULL:inst8|FM0001:inst4|FMi:inst|74      ; combout          ;
; |fm|FM_FULL:inst9|FM0001:inst4|FMi:inst|74      ; |fm|FM_FULL:inst9|FM0001:inst4|FMi:inst|74      ; combout          ;
; |fm|FM_FULL:inst10|FM0001:inst4|FMi:inst|74     ; |fm|FM_FULL:inst10|FM0001:inst4|FMi:inst|74     ; combout          ;
; |fm|FM_FULL:inst4|FM0011:inst20|FMi:inst|74     ; |fm|FM_FULL:inst4|FM0011:inst20|FMi:inst|74     ; combout          ;
; |fm|FM_FULL:inst5|FM0011:inst20|FMi:inst|74     ; |fm|FM_FULL:inst5|FM0011:inst20|FMi:inst|74     ; combout          ;
; |fm|FM_FULL:inst6|FM0011:inst20|FMi:inst|74     ; |fm|FM_FULL:inst6|FM0011:inst20|FMi:inst|74     ; combout          ;
; |fm|FM_FULL:inst7|FM0011:inst20|FMi:inst|74     ; |fm|FM_FULL:inst7|FM0011:inst20|FMi:inst|74     ; combout          ;
; |fm|FM_FULL:inst8|FM0011:inst20|FMi:inst|74     ; |fm|FM_FULL:inst8|FM0011:inst20|FMi:inst|74     ; combout          ;
; |fm|FM_FULL:inst9|FM0011:inst20|FMi:inst|74     ; |fm|FM_FULL:inst9|FM0011:inst20|FMi:inst|74     ; combout          ;
; |fm|FM_FULL:inst10|FM0011:inst20|FMi:inst|74    ; |fm|FM_FULL:inst10|FM0011:inst20|FMi:inst|74    ; combout          ;
; |fm|FM_FULL:inst4|FM0010:inst19|FMi:inst|74     ; |fm|FM_FULL:inst4|FM0010:inst19|FMi:inst|74     ; combout          ;
; |fm|FM_FULL:inst5|FM0010:inst19|FMi:inst|74     ; |fm|FM_FULL:inst5|FM0010:inst19|FMi:inst|74     ; combout          ;
; |fm|FM_FULL:inst6|FM0010:inst19|FMi:inst|74     ; |fm|FM_FULL:inst6|FM0010:inst19|FMi:inst|74     ; combout          ;
; |fm|FM_FULL:inst7|FM0010:inst19|FMi:inst|74     ; |fm|FM_FULL:inst7|FM0010:inst19|FMi:inst|74     ; combout          ;
; |fm|FM_FULL:inst8|FM0010:inst19|FMi:inst|74     ; |fm|FM_FULL:inst8|FM0010:inst19|FMi:inst|74     ; combout          ;
; |fm|FM_FULL:inst9|FM0010:inst19|FMi:inst|74     ; |fm|FM_FULL:inst9|FM0010:inst19|FMi:inst|74     ; combout          ;
; |fm|FM_FULL:inst10|FM0010:inst19|FMi:inst|74    ; |fm|FM_FULL:inst10|FM0010:inst19|FMi:inst|74    ; combout          ;
; |fm|FM_FULL:inst4|FM0110:inst23|FMi:inst|74     ; |fm|FM_FULL:inst4|FM0110:inst23|FMi:inst|74     ; combout          ;
; |fm|FM_FULL:inst5|FM0110:inst23|FMi:inst|74     ; |fm|FM_FULL:inst5|FM0110:inst23|FMi:inst|74     ; combout          ;
; |fm|FM_FULL:inst6|FM0110:inst23|FMi:inst|74     ; |fm|FM_FULL:inst6|FM0110:inst23|FMi:inst|74     ; combout          ;
; |fm|FM_FULL:inst7|FM0110:inst23|FMi:inst|74     ; |fm|FM_FULL:inst7|FM0110:inst23|FMi:inst|74     ; combout          ;
; |fm|FM_FULL:inst8|FM0110:inst23|FMi:inst|74     ; |fm|FM_FULL:inst8|FM0110:inst23|FMi:inst|74     ; combout          ;
; |fm|FM_FULL:inst9|FM0110:inst23|FMi:inst|74     ; |fm|FM_FULL:inst9|FM0110:inst23|FMi:inst|74     ; combout          ;
; |fm|FM_FULL:inst10|FM0110:inst23|FMi:inst|74    ; |fm|FM_FULL:inst10|FM0110:inst23|FMi:inst|74    ; combout          ;
; |fm|FM_FULL:inst4|FM0100:inst21|FMi:inst|74     ; |fm|FM_FULL:inst4|FM0100:inst21|FMi:inst|74     ; combout          ;
; |fm|FM_FULL:inst5|FM0100:inst21|FMi:inst|74     ; |fm|FM_FULL:inst5|FM0100:inst21|FMi:inst|74     ; combout          ;
; |fm|FM_FULL:inst6|FM0100:inst21|FMi:inst|74     ; |fm|FM_FULL:inst6|FM0100:inst21|FMi:inst|74     ; combout          ;
; |fm|FM_FULL:inst7|FM0100:inst21|FMi:inst|74     ; |fm|FM_FULL:inst7|FM0100:inst21|FMi:inst|74     ; combout          ;
; |fm|FM_FULL:inst8|FM0100:inst21|FMi:inst|74     ; |fm|FM_FULL:inst8|FM0100:inst21|FMi:inst|74     ; combout          ;
; |fm|FM_FULL:inst9|FM0100:inst21|FMi:inst|74     ; |fm|FM_FULL:inst9|FM0100:inst21|FMi:inst|74     ; combout          ;
; |fm|FM_FULL:inst10|FM0100:inst21|FMi:inst|74    ; |fm|FM_FULL:inst10|FM0100:inst21|FMi:inst|74    ; combout          ;
; |fm|FM_FULL:inst4|FM0111:inst24|FMi:inst|74     ; |fm|FM_FULL:inst4|FM0111:inst24|FMi:inst|74     ; combout          ;
; |fm|FM_FULL:inst5|FM0111:inst24|FMi:inst|74     ; |fm|FM_FULL:inst5|FM0111:inst24|FMi:inst|74     ; combout          ;
; |fm|FM_FULL:inst6|FM0111:inst24|FMi:inst|74     ; |fm|FM_FULL:inst6|FM0111:inst24|FMi:inst|74     ; combout          ;
; |fm|FM_FULL:inst7|FM0111:inst24|FMi:inst|74     ; |fm|FM_FULL:inst7|FM0111:inst24|FMi:inst|74     ; combout          ;
; |fm|FM_FULL:inst8|FM0111:inst24|FMi:inst|74     ; |fm|FM_FULL:inst8|FM0111:inst24|FMi:inst|74     ; combout          ;
; |fm|FM_FULL:inst9|FM0111:inst24|FMi:inst|74     ; |fm|FM_FULL:inst9|FM0111:inst24|FMi:inst|74     ; combout          ;
; |fm|FM_FULL:inst10|FM0111:inst24|FMi:inst|74    ; |fm|FM_FULL:inst10|FM0111:inst24|FMi:inst|74    ; combout          ;
; |fm|FM_FULL:inst4|FM0101:inst22|FMi:inst|74     ; |fm|FM_FULL:inst4|FM0101:inst22|FMi:inst|74     ; combout          ;
; |fm|FM_FULL:inst5|FM0101:inst22|FMi:inst|74     ; |fm|FM_FULL:inst5|FM0101:inst22|FMi:inst|74     ; combout          ;
; |fm|FM_FULL:inst6|FM0101:inst22|FMi:inst|74     ; |fm|FM_FULL:inst6|FM0101:inst22|FMi:inst|74     ; combout          ;
; |fm|FM_FULL:inst7|FM0101:inst22|FMi:inst|74     ; |fm|FM_FULL:inst7|FM0101:inst22|FMi:inst|74     ; combout          ;
; |fm|FM_FULL:inst8|FM0101:inst22|FMi:inst|74     ; |fm|FM_FULL:inst8|FM0101:inst22|FMi:inst|74     ; combout          ;
; |fm|FM_FULL:inst9|FM0101:inst22|FMi:inst|74     ; |fm|FM_FULL:inst9|FM0101:inst22|FMi:inst|74     ; combout          ;
; |fm|FM_FULL:inst10|FM0101:inst22|FMi:inst|74    ; |fm|FM_FULL:inst10|FM0101:inst22|FMi:inst|74    ; combout          ;
; |fm|Q[7]                                        ; |fm|Q[7]                                        ; padio            ;
; |fm|Q[6]                                        ; |fm|Q[6]                                        ; padio            ;
; |fm|Q[5]                                        ; |fm|Q[5]                                        ; padio            ;
; |fm|Q[4]                                        ; |fm|Q[4]                                        ; padio            ;
; |fm|Q[3]                                        ; |fm|Q[3]                                        ; padio            ;
; |fm|Q[2]                                        ; |fm|Q[2]                                        ; padio            ;
; |fm|Q[1]                                        ; |fm|Q[1]                                        ; padio            ;
; |fm|Q[0]                                        ; |fm|Q[0]                                        ; padio            ;
; |fm|AQ[0]                                       ; |fm|AQ[0]~corein                                ; combout          ;
; |fm|RD                                          ; |fm|RD~corein                                   ; combout          ;
; |fm|AQ[1]                                       ; |fm|AQ[1]~corein                                ; combout          ;
; |fm|AQ[2]                                       ; |fm|AQ[2]~corein                                ; combout          ;
; |fm|AQ[3]                                       ; |fm|AQ[3]~corein                                ; combout          ;
; |fm|P[7]                                        ; |fm|P[7]~corein                                 ; combout          ;
; |fm|P[6]                                        ; |fm|P[6]~corein                                 ; combout          ;
; |fm|P[5]                                        ; |fm|P[5]~corein                                 ; combout          ;
; |fm|P[4]                                        ; |fm|P[4]~corein                                 ; combout          ;
; |fm|P[3]                                        ; |fm|P[3]~corein                                 ; combout          ;
; |fm|P[2]                                        ; |fm|P[2]~corein                                 ; combout          ;
; |fm|P[1]                                        ; |fm|P[1]~corein                                 ; combout          ;
; |fm|P[0]                                        ; |fm|P[0]~corein                                 ; combout          ;
; |fm|AP[0]                                       ; |fm|AP[0]~corein                                ; combout          ;
; |fm|WR                                          ; |fm|WR~corein                                   ; combout          ;
; |fm|AP[2]                                       ; |fm|AP[2]~corein                                ; combout          ;
; |fm|AP[3]                                       ; |fm|AP[3]~corein                                ; combout          ;
; |fm|AP[1]                                       ; |fm|AP[1]~corein                                ; combout          ;
; |fm|FM_FULL:inst3|FM0000:inst|FMi:inst|9~feeder ; |fm|FM_FULL:inst3|FM0000:inst|FMi:inst|9~feeder ; combout          ;
; |fm|FM_FULL:inst4|FM0000:inst|FMi:inst|9~feeder ; |fm|FM_FULL:inst4|FM0000:inst|FMi:inst|9~feeder ; combout          ;
; |fm|FM_FULL:inst6|FM0000:inst|FMi:inst|9~feeder ; |fm|FM_FULL:inst6|FM0000:inst|FMi:inst|9~feeder ; combout          ;
; |fm|FM_FULL:inst7|FM0000:inst|FMi:inst|9~feeder ; |fm|FM_FULL:inst7|FM0000:inst|FMi:inst|9~feeder ; combout          ;
+-------------------------------------------------+-------------------------------------------------+------------------+


+---------------------+
; Simulator INI Usage ;
+--------+------------+
; Option ; Usage      ;
+--------+------------+


+--------------------+
; Simulator Messages ;
+--------------------+
Info: *******************************************************************
Info: Running Quartus II Simulator
    Info: Version 9.1 Build 350 03/24/2010 Service Pack 2 SJ Web Edition
    Info: Processing started: Tue Nov 29 00:12:08 2011
Info: Command: quartus_sim --read_settings_files=on --write_settings_files=off fm -c fm
Info: Using vector source file "C:/altera/91sp2/quartus/9108/fm/fm.vwf"
Info: Option to preserve fewer signal transitions to reduce memory requirements is enabled
    Info: Simulation has been partitioned into sub-simulations according to the maximum transition count determined by the engine. Transitions from memory will be flushed out to disk at the end of each sub-simulation to reduce memory requirements.
Info: Simulation partitioned into 1 sub-simulations
Info: Simulation coverage is       4.85 %
Info: Number of transitions in simulation is 1006
Info: Quartus II Simulator was successful. 0 errors, 0 warnings
    Info: Peak virtual memory: 149 megabytes
    Info: Processing ended: Tue Nov 29 00:12:08 2011
    Info: Elapsed time: 00:00:00
    Info: Total CPU time (on all processors): 00:00:00


