\\dan-pc\документы\учебники\сп-2\лабы\lab7\lab7\debug\vc140.pdb
\\dan-pc\документы\учебники\сп-2\лабы\lab7\lab7\debug\vc140.idb
\\dan-pc\документы\учебники\сп-2\лабы\lab7\lab7\debug\lab7.obj
\\dan-pc\документы\учебники\сп-2\лабы\lab7\lab7\debug\stdafx.obj
\\dan-pc\документы\учебники\сп-2\лабы\lab7\lab7\debug\syntaxp.obj
\\dan-pc\документы\учебники\сп-2\лабы\lab7\lab7\debug\tables.obj
\\dan-pc\документы\учебники\сп-2\лабы\lab7\lab7\debug\token.obj
\\dan-pc\документы\учебники\сп-2\лабы\lab7\lab7\debug\visgrp.obj
\\dan-pc\документы\учебники\сп-2\лабы\lab7\lab7\debug\interp.obj
\\dan-pc\документы\учебники\сп-2\лабы\lab7\lab7\debug\index.obj
\\dan-pc\документы\учебники\сп-2\лабы\lab7\lab7\debug\langio.obj
\\dan-pc\документы\учебники\сп-2\лабы\lab7\lab7\debug\lexan.obj
\\dan-pc\документы\учебники\сп-2\лабы\lab7\lab7\debug\lexcalc.obj
\\dan-pc\документы\учебники\сп-2\лабы\lab7\lab7\debug\operspc.obj
\\dan-pc\документы\учебники\сп-2\лабы\lab7\lab7\debug\parpc.obj
\\dan-pc\документы\учебники\сп-2\лабы\lab7\lab7\debug\parpp.obj
\\dan-pc\документы\учебники\сп-2\лабы\lab7\lab7\debug\parsc.obj
\\dan-pc\документы\учебники\сп-2\лабы\lab7\lab7\debug\parsp.obj
\\dan-pc\документы\учебники\сп-2\лабы\lab7\lab7\debug\parsv.obj
\\dan-pc\документы\учебники\сп-2\лабы\lab7\lab7\debug\seman.obj
\\dan-pc\документы\учебники\сп-2\лабы\lab7\lab7\debug\synan.obj
\\dan-pc\документы\учебники\сп-2\лабы\lab7\lab7\debug\semant.obj
\\dan-pc\документы\учебники\сп-2\лабы\lab7\lab7\debug\interpf.obj
f:\документы\учебники\сп-2\лабы\lab7\lab7\debug\vc140.pdb
f:\документы\учебники\сп-2\лабы\lab7\lab7\debug\vc140.idb
f:\документы\учебники\сп-2\лабы\lab7\lab7\debug\interp.obj
f:\документы\учебники\сп-2\лабы\lab7\lab7\debug\interpf.obj
f:\документы\учебники\сп-2\лабы\lab7\lab7\debug\lab7.obj
f:\документы\учебники\сп-2\лабы\lab7\lab7\debug\langio.obj
f:\документы\учебники\сп-2\лабы\lab7\lab7\debug\lexan.obj
f:\документы\учебники\сп-2\лабы\lab7\lab7\debug\lexcalc.obj
f:\документы\учебники\сп-2\лабы\lab7\lab7\debug\operspc.obj
f:\документы\учебники\сп-2\лабы\lab7\lab7\debug\parpc.obj
f:\документы\учебники\сп-2\лабы\lab7\lab7\debug\parpp.obj
f:\документы\учебники\сп-2\лабы\lab7\lab7\debug\parsc.obj
f:\документы\учебники\сп-2\лабы\lab7\lab7\debug\parsp.obj
f:\документы\учебники\сп-2\лабы\lab7\lab7\debug\parsv.obj
f:\документы\учебники\сп-2\лабы\lab7\lab7\debug\seman.obj
f:\документы\учебники\сп-2\лабы\lab7\lab7\debug\semant.obj
f:\документы\учебники\сп-2\лабы\lab7\lab7\debug\stdafx.obj
f:\документы\учебники\сп-2\лабы\lab7\lab7\debug\synan.obj
f:\документы\учебники\сп-2\лабы\lab7\lab7\debug\syntaxp.obj
f:\документы\учебники\сп-2\лабы\lab7\lab7\debug\tables.obj
f:\документы\учебники\сп-2\лабы\lab7\lab7\debug\token.obj
f:\документы\учебники\сп-2\лабы\lab7\lab7\debug\visgrp.obj
f:\документы\учебники\сп-2\лабы\lab7\lab7\debug\index.obj
\\dan-pc\документы\учебники\сп-2\лабы\lab7\lab7\debug\lab7.ilk
\\dan-pc\документы\учебники\сп-2\лабы\lab7\lab7\debug\lab7.exe
\\dan-pc\документы\учебники\сп-2\лабы\lab7\lab7\debug\lab7.pdb
f:\документы\учебники\сп-2\лабы\lab7\lab7\debug\lab7.ilk
f:\документы\учебники\сп-2\лабы\lab7\lab7\debug\lab7.exe
f:\документы\учебники\сп-2\лабы\lab7\lab7\debug\lab7.pdb
\\dan-pc\документы\учебники\сп-2\лабы\lab7\lab7\debug\interp.obj.enc
\\dan-pc\документы\учебники\сп-2\лабы\lab7\lab7\debug\lab7.tlog\cl.command.1.tlog
\\dan-pc\документы\учебники\сп-2\лабы\lab7\lab7\debug\lab7.tlog\cl.read.1.tlog
\\dan-pc\документы\учебники\сп-2\лабы\lab7\lab7\debug\lab7.tlog\cl.write.1.tlog
\\dan-pc\документы\учебники\сп-2\лабы\lab7\lab7\debug\lab7.tlog\link.command.1.tlog
\\dan-pc\документы\учебники\сп-2\лабы\lab7\lab7\debug\lab7.tlog\link.read.1.tlog
\\dan-pc\документы\учебники\сп-2\лабы\lab7\lab7\debug\lab7.tlog\link.write.1.tlog
