Build started 3/29/2015 11:41:48 AM.
     1>Project "C:\Users\viktor\Documents\Visual Studio 2013\Projects\laba5Example\laba5Example\laba5Example.vcxproj" on node 2 (Rebuild target(s)).
     1>_MASM:
         Assembling longop.asm...
         cmd.exe /C "C:\Users\viktor\AppData\Local\Temp\tmp9208c6fe695b4edbac4764262232443c.cmd"
         ml.exe /c /nologo /Zi /Fo"Release\longop.obj" /W3 /errorReport:prompt  /Talongop.asm
       _MASM:
         Assembling main.asm...
         cmd.exe /C "C:\Users\viktor\AppData\Local\Temp\tmpe23a5a47896c4d37b6596f1ba8f65f17.cmd"
         ml.exe /c /nologo /Zi /Fo"Release\main.obj" /W3 /errorReport:prompt  /Tamain.asm
       _MASM:
         Assembling module.asm...
         cmd.exe /C "C:\Users\viktor\AppData\Local\Temp\tmp2cbc8d05aee74ad8ac60709195e303ba.cmd"
         ml.exe /c /nologo /Zi /Fo"Release\module.obj" /W3 /errorReport:prompt  /Tamodule.asm
       Link:
         C:\Program Files (x86)\Microsoft Visual Studio 12.0\VC\bin\link.exe /ERRORREPORT:PROMPT /OUT:"C:\Users\viktor\Documents\Visual Studio 2013\Projects\laba5Example\Release\laba5Example.exe" /INCREMENTAL:NO /NOLOGO kernel32.lib user32.lib gdi32.lib winspool.lib comdlg32.lib advapi32.lib shell32.lib ole32.lib oleaut32.lib uuid.lib odbc32.lib odbccp32.lib /MANIFEST /MANIFESTUAC:"level='asInvoker' uiAccess='false'" /manifest:embed /DEBUG /PDB:"C:\Users\viktor\Documents\Visual Studio 2013\Projects\laba5Example\Release\laba5Example.pdb" /SUBSYSTEM:WINDOWS /OPT:REF /OPT:ICF /LTCG /TLBID:1 /DYNAMICBASE /NXCOMPAT /IMPLIB:"C:\Users\viktor\Documents\Visual Studio 2013\Projects\laba5Example\Release\laba5Example.lib" /MACHINE:X86 /SAFESEH Release\longop.obj
         Release\main.obj
         Release\module.obj
         LINK : /LTCG specified but no code generation required; remove /LTCG from the link command line to improve linker performance
     1>longop.obj : error LNK2026: module unsafe for SAFESEH image.
     1>main.obj : error LNK2026: module unsafe for SAFESEH image.
     1>module.obj : error LNK2026: module unsafe for SAFESEH image.
     1>C:\Users\viktor\Documents\Visual Studio 2013\Projects\laba5Example\Release\laba5Example.exe : fatal error LNK1281: Unable to generate SAFESEH image.
     1>Done Building Project "C:\Users\viktor\Documents\Visual Studio 2013\Projects\laba5Example\laba5Example\laba5Example.vcxproj" (Rebuild target(s)) -- FAILED.

Build FAILED.

Time Elapsed 00:00:00.34
