Build started 17.09.2013 13:18:06.
     1>Project "E:\SkyDrive\Documents\Science\System_programming\5sem\labs\tasks\spLb1_VS2010\spLb3\spLb3.vcxproj" on node 2 (build target(s)).
     1>InitializeBuildStatus:
         Creating ".\Debug\spLb3.unsuccessfulbuild" because "AlwaysCreate" was specified.
       ClCompile:
         E:\Program Files (x86)\Microsoft Visual Studio 10.0\VC\bin\CL.exe /c /ZI /nologo /W3 /WX- /Od /Oy- /D WIN32 /D _DEBUG /D _CONSOLE /D _VC80_UPGRADE=0x0600 /D _MBCS /Gm /EHsc /RTC1 /MTd /GS /Gy- /fp:precise /Zc:wchar_t /Zc:forScope /Yc"stdafx.h" /Fp".\Debug\spLb3.pch" /Fo".\Debug\\" /Fd".\Debug\vc100.pdb" /FR".\Debug\\" /Gd /TP /analyze- /errorReport:prompt StdAfx.cpp
         StdAfx.cpp
         E:\Program Files (x86)\Microsoft Visual Studio 10.0\VC\bin\CL.exe /c /ZI /nologo /W3 /WX- /Od /Oy- /D WIN32 /D _DEBUG /D _CONSOLE /D _VC80_UPGRADE=0x0600 /D _MBCS /Gm /EHsc /RTC1 /MTd /GS /Gy- /fp:precise /Zc:wchar_t /Zc:forScope /Yu"stdafx.h" /Fp".\Debug\spLb3.pch" /Fo".\Debug\\" /Fd".\Debug\vc100.pdb" /FR".\Debug\\" /Gd /TP /analyze- /errorReport:prompt automat.cpp parsC.cpp parsP.cpp parsV.cpp spLb3.cpp token.cpp visgrp.cpp
         visgrp.cpp
         token.cpp
         spLb3.cpp
         parsV.cpp
         parsP.cpp
         parsC.cpp
         automat.cpp
         Generating Code...
       ManifestResourceCompile:
         C:\Program Files (x86)\Microsoft SDKs\Windows\v7.0A\bin\rc.exe /nologo /fo".\Debug\spLb3.exe.embed.manifest.res" .\Debug\spLb3_manifest.rc 
       Link:
         E:\Program Files (x86)\Microsoft Visual Studio 10.0\VC\bin\link.exe /ERRORREPORT:PROMPT /OUT:".\Debug\spLb3.exe" /INCREMENTAL /NOLOGO odbc32.lib odbccp32.lib kernel32.lib user32.lib gdi32.lib winspool.lib comdlg32.lib advapi32.lib shell32.lib ole32.lib oleaut32.lib uuid.lib odbc32.lib odbccp32.lib /MANIFEST /ManifestFile:".\Debug\spLb3.exe.intermediate.manifest" /MANIFESTUAC:"level='asInvoker' uiAccess='false'" /DEBUG /PDB:"E:\SkyDrive\Documents\Science\System_programming\5sem\labs\tasks\spLb1_VS2010\spLb3\Debug\spLb3.pdb" /SUBSYSTEM:CONSOLE /TLBID:1 /DYNAMICBASE /NXCOMPAT /IMPLIB:".\Debug\spLb3.lib" /MACHINE:X86 .\Debug\spLb3.exe.embed.manifest.res
         .\Debug\automat.obj
         .\Debug\parsC.obj
         .\Debug\parsP.obj
         .\Debug\parsV.obj
         .\Debug\spLb3.obj
         .\Debug\StdAfx.obj
         .\Debug\token.obj
         .\Debug\visgrp.obj
       Manifest:
         C:\Program Files (x86)\Microsoft SDKs\Windows\v7.0A\bin\mt.exe /nologo /verbose /out:".\Debug\spLb3.exe.embed.manifest" /manifest .\Debug\spLb3.exe.intermediate.manifest
         C:\Program Files (x86)\Microsoft SDKs\Windows\v7.0A\bin\rc.exe /nologo /fo".\Debug\spLb3.exe.embed.manifest.res" .\Debug\spLb3_manifest.rc 
       LinkEmbedManifest:
         E:\Program Files (x86)\Microsoft Visual Studio 10.0\VC\bin\link.exe /ERRORREPORT:PROMPT /OUT:".\Debug\spLb3.exe" /INCREMENTAL /NOLOGO odbc32.lib odbccp32.lib kernel32.lib user32.lib gdi32.lib winspool.lib comdlg32.lib advapi32.lib shell32.lib ole32.lib oleaut32.lib uuid.lib odbc32.lib odbccp32.lib /MANIFEST /ManifestFile:".\Debug\spLb3.exe.intermediate.manifest" /MANIFESTUAC:"level='asInvoker' uiAccess='false'" /DEBUG /PDB:"E:\SkyDrive\Documents\Science\System_programming\5sem\labs\tasks\spLb1_VS2010\spLb3\Debug\spLb3.pdb" /SUBSYSTEM:CONSOLE /TLBID:1 /DYNAMICBASE /NXCOMPAT /IMPLIB:".\Debug\spLb3.lib" /MACHINE:X86 .\Debug\spLb3.exe.embed.manifest.res
         .\Debug\automat.obj
         .\Debug\parsC.obj
         .\Debug\parsP.obj
         .\Debug\parsV.obj
         .\Debug\spLb3.obj
         .\Debug\StdAfx.obj
         .\Debug\token.obj
         .\Debug\visgrp.obj
         spLb3.vcxproj -> E:\SkyDrive\Documents\Science\System_programming\5sem\labs\tasks\spLb1_VS2010\spLb3\.\Debug\spLb3.exe
       BscMake:
         E:\Program Files (x86)\Microsoft Visual Studio 10.0\VC\bin\bscmake.exe /nologo /o".\Debug\spLb3.bsc" .\Debug\automat.sbr .\Debug\parsC.sbr .\Debug\parsP.sbr .\Debug\parsV.sbr .\Debug\spLb3.sbr .\Debug\StdAfx.sbr .\Debug\token.sbr .\Debug\visgrp.sbr
       FinalizeBuildStatus:
         Deleting file ".\Debug\spLb3.unsuccessfulbuild".
         Touching ".\Debug\spLb3.lastbuildstate".
     1>Done Building Project "E:\SkyDrive\Documents\Science\System_programming\5sem\labs\tasks\spLb1_VS2010\spLb3\spLb3.vcxproj" (build target(s)).

Build succeeded.

Time Elapsed 00:00:05.26
