Build started 13.11.2014 4:58:23.
     1>Project "D:\Семестри\5 semestr\СП\5sem\labs\palevo\13\15\spLb5\spLb5.vcxproj" on node 2 (build target(s)).
     1>InitializeBuildStatus:
         Creating ".\Debug\spLb5.unsuccessfulbuild" because "AlwaysCreate" was specified.
       ClCompile:
         Deleting file ".\Debug/spLb5.pch".
         C:\Program Files (x86)\Microsoft Visual Studio 10.0\VC\bin\CL.exe /c /ZI /nologo /W3 /WX- /Od /Oy- /D WIN32 /D _DEBUG /D _CONSOLE /D _VC80_UPGRADE=0x0600 /D _MBCS /Gm /EHsc /RTC1 /MTd /GS /fp:precise /Zc:wchar_t /Zc:forScope /Yc"stdafx.h" /Fp".\Debug/spLb5.pch" /Fo".\Debug/" /Fd".\Debug/vc100.pdb" /FR".\Debug\\" /Gd /TP /analyze- /errorReport:prompt StdAfx.cpp
         StdAfx.cpp
         C:\Program Files (x86)\Microsoft Visual Studio 10.0\VC\bin\CL.exe /c /ZI /nologo /W3 /WX- /Od /Oy- /D WIN32 /D _DEBUG /D _CONSOLE /D _VC80_UPGRADE=0x0600 /D _MBCS /Gm /EHsc /RTC1 /MTd /GS /fp:precise /Zc:wchar_t /Zc:forScope /Yu"stdafx.h" /Fp".\Debug/spLb5.pch" /Fo".\Debug/" /Fd".\Debug/vc100.pdb" /FR".\Debug\\" /Gd /TP /analyze- /errorReport:prompt ..\spLb4\index.cpp ..\spLb4\langio.cpp ..\spLb4\lexan.cpp operSpc.cpp parpC.cpp parpP.cpp ..\spLb4\parsC.cpp ..\spLb4\parsP.cpp spLb5.cpp syntaxP.cpp ..\spLb4\tables.cpp ..\spLb3\visgrp.cpp
         visgrp.cpp
         tables.cpp
         syntaxP.cpp
         spLb5.cpp
     1>d:\семестри\5 semestr\сп\5sem\labs\palevo\13\15\splb5\splb5.cpp(29): warning C4996: 'strcpy': This function or variable may be unsafe. Consider using strcpy_s instead. To disable deprecation, use _CRT_SECURE_NO_WARNINGS. See online help for details.
                 c:\program files (x86)\microsoft visual studio 10.0\vc\include\string.h(105) : see declaration of 'strcpy'
     1>d:\семестри\5 semestr\сп\5sem\labs\palevo\13\15\splb5\splb5.cpp(33): warning C4996: 'scanf': This function or variable may be unsafe. Consider using scanf_s instead. To disable deprecation, use _CRT_SECURE_NO_WARNINGS. See online help for details.
                 c:\program files (x86)\microsoft visual studio 10.0\vc\include\stdio.h(304) : see declaration of 'scanf'
     1>d:\семестри\5 semestr\сп\5sem\labs\palevo\13\15\splb5\splb5.cpp(34): warning C4996: 'strcat': This function or variable may be unsafe. Consider using strcat_s instead. To disable deprecation, use _CRT_SECURE_NO_WARNINGS. See online help for details.
                 c:\program files (x86)\microsoft visual studio 10.0\vc\include\string.h(110) : see declaration of 'strcat'
         parsP.cpp
         parsC.cpp
         parpP.cpp
         parpC.cpp
         operSpc.cpp
         lexan.cpp
         langio.cpp
     1>d:\семестри\5 semestr\сп\5sem\labs\palevo\13\15\splb4\langio.cpp(21): warning C4996: 'fopen': This function or variable may be unsafe. Consider using fopen_s instead. To disable deprecation, use _CRT_SECURE_NO_WARNINGS. See online help for details.
                 c:\program files (x86)\microsoft visual studio 10.0\vc\include\stdio.h(234) : see declaration of 'fopen'
     1>d:\семестри\5 semestr\сп\5sem\labs\palevo\13\15\splb4\langio.cpp(34): warning C4996: 'fopen': This function or variable may be unsafe. Consider using fopen_s instead. To disable deprecation, use _CRT_SECURE_NO_WARNINGS. See online help for details.
                 c:\program files (x86)\microsoft visual studio 10.0\vc\include\stdio.h(234) : see declaration of 'fopen'
         index.cpp
         Generating Code...
       ManifestResourceCompile:
         C:\Program Files (x86)\Microsoft SDKs\Windows\v7.0A\bin\rc.exe /nologo /fo".\Debug\spLb5.exe.embed.manifest.res" .\Debug\spLb5_manifest.rc 
       Link:
         C:\Program Files (x86)\Microsoft Visual Studio 10.0\VC\bin\link.exe /ERRORREPORT:PROMPT /OUT:".\Debug/spLb5.exe" /INCREMENTAL /NOLOGO kernel32.lib user32.lib gdi32.lib winspool.lib comdlg32.lib advapi32.lib shell32.lib ole32.lib oleaut32.lib uuid.lib odbc32.lib odbccp32.lib /MANIFEST /ManifestFile:".\Debug\spLb5.exe.intermediate.manifest" /MANIFESTUAC:"level='asInvoker' uiAccess='false'" /DEBUG /PDB:".\Debug/spLb5.pdb" /SUBSYSTEM:CONSOLE /TLBID:1 /DYNAMICBASE:NO /IMPLIB:".\Debug\spLb5.lib" /MACHINE:X86 .\Debug\spLb5.exe.embed.manifest.res
         .\Debug/index.obj
         .\Debug/langio.obj
         .\Debug/lexan.obj
         .\Debug/operSpc.obj
         .\Debug/parpC.obj
         .\Debug/parpP.obj
         .\Debug/parsC.obj
         .\Debug/parsP.obj
         .\Debug/spLb5.obj
         .\Debug/StdAfx.obj
         .\Debug/syntaxP.obj
         .\Debug/tables.obj
         .\Debug/visgrp.obj
     1>LINK : fatal error LNK1123: failure during conversion to COFF: file invalid or corrupt
     1>Done Building Project "D:\Семестри\5 semestr\СП\5sem\labs\palevo\13\15\spLb5\spLb5.vcxproj" (build target(s)) -- FAILED.

Build FAILED.

Time Elapsed 00:00:01.41
