Build started 14.04.2014 14:47:39.
     1>Project "C:\Users\George\Documents\Visual Studio 2010\Projects\Lab5\Lab5\Lab5.vcxproj" on node 2 (build target(s)).
     1>InitializeBuildStatus:
         Creating "Debug\Lab5.unsuccessfulbuild" because "AlwaysCreate" was specified.
       _MASM:
         Assembling [Inputs]...
         cmd.exe /C "C:\Users\George\AppData\Local\Temp\tmpe461db5aeb144243bf282910562e3869.cmd"
         ml.exe /c /nologo /Zi /Fo"Debug\Longop.obj" /W3 /errorReport:prompt  /TaLongop.asm
       _MASM:
         Assembling [Inputs]...
         cmd.exe /C "C:\Users\George\AppData\Local\Temp\tmpcb57cd4d4a5b435aac3305fde9a41784.cmd"
         ml.exe /c /nologo /Zi /Fo"Debug\main.obj" /W3 /errorReport:prompt  /Tamain.asm
       _MASM:
       Skipping target "_MASM" because all output files are up-to-date with respect to the input files.
       ManifestResourceCompile:
         All outputs are up-to-date.
       Link:
         C:\Program Files (x86)\Microsoft Visual Studio 10.0\VC\bin\link.exe /ERRORREPORT:PROMPT /OUT:"C:\Users\George\Documents\Visual Studio 2010\Projects\Lab5\Debug\Lab5.exe" /INCREMENTAL /NOLOGO kernel32.lib user32.lib gdi32.lib winspool.lib comdlg32.lib advapi32.lib shell32.lib ole32.lib oleaut32.lib uuid.lib odbc32.lib odbccp32.lib /MANIFEST /ManifestFile:"Debug\Lab5.exe.intermediate.manifest" /MANIFESTUAC:"level='asInvoker' uiAccess='false'" /DEBUG /PDB:"C:\Users\George\Documents\Visual Studio 2010\Projects\Lab5\Debug\Lab5.pdb" /SUBSYSTEM:WINDOWS /TLBID:1 /DYNAMICBASE /NXCOMPAT /IMPLIB:"C:\Users\George\Documents\Visual Studio 2010\Projects\Lab5\Debug\Lab5.lib" /MACHINE:X86 Debug\Lab5.exe.embed.manifest.res
         Debug\Longop.obj
         Debug\main.obj
         Debug\module.obj
       Manifest:
         C:\Program Files (x86)\Microsoft SDKs\Windows\v7.0A\bin\mt.exe /nologo /verbose /out:"Debug\Lab5.exe.embed.manifest" /manifest Debug\Lab5.exe.intermediate.manifest
         All outputs are up-to-date.
       LinkEmbedManifest:
         All outputs are up-to-date.
         Lab5.vcxproj -> C:\Users\George\Documents\Visual Studio 2010\Projects\Lab5\Debug\Lab5.exe
       FinalizeBuildStatus:
         Deleting file "Debug\Lab5.unsuccessfulbuild".
         Touching "Debug\Lab5.lastbuildstate".
     1>Done Building Project "C:\Users\George\Documents\Visual Studio 2010\Projects\Lab5\Lab5\Lab5.vcxproj" (build target(s)).

Build succeeded.

Time Elapsed 00:00:02.54
