GNAT GPL 2015 (20150428-49)
Copyright 1992-2015, Free Software Foundation, Inc.

Compiling: data.ads
Source file time stamp: 2016-05-09 19:33:20
Compiled at: 2016-05-09 22:55:53

     1.  -------------------------------------------------------------------------------
     2.    --                                                                           --
     3.    --                   Parallel and Distributed Computing                      --
     4.    --                   Laboratory work #7. Ada. Rendezvous                     --
     5.    --                                                                           --
     6.    --  File: data.ads                                                          --
     7.
     8.    --                                                                           --
     9.   --  Author: Kryvonosov Oleksii, group IO-34                                   --
    10.    --  Date: 30.04.2015                                                         --
    11.    --                                                                           --
    12.    -------------------------------------------------------------------------------
    13.
    14.
    15.    with Ada.Text_IO;
    16.    use Ada.Text_IO;
    17.
    18.    generic
    19.
    20.     N, H : in Natural;
    21.
    22.    package Data is
    23.
    24.     type Vector is array(Integer range <>) of Integer;
    25.     Subtype VectorN is Vector(1..N);
    26.    Subtype Vector6h is Vector(1..6 * H);
    27.    Subtype Vector5H is Vector(1..5*H);
    28.     Subtype Vector4H is Vector(1..4*H);
    29.     Subtype Vector3h is Vector(1..3 * H);
    30.     Subtype Vector2H is Vector(1..2 * H);
    31.     Subtype VectorH is Vector(1..H);
    32.
    33.     type Matrix is array(Integer range <>) of VectorN;
    34.     Subtype MatrixN is Matrix(1..N);
    35.    Subtype Matrix6H is Matrix(1..6 * H);
    36.    Subtype Matrix5H is Matrix(1..5*H);
    37.    Subtype Matrix4H is Matrix(1..4*H);
    38.     Subtype Matrix3H is Matrix(1..3 * H);
    39.     Subtype Matrix2H is Matrix(1..2 * H);
    40.     Subtype MatrixH is Matrix(1..H);
    41.
    42.
    43.     procedure Input ( V : out Vector;
    44.     Value : in Integer);
    45.
    46.    procedure Input ( MA : out Matrix;
    47.     Value : in Integer);
    48.
    49.     procedure Output (V : in Vector);
    50.
    51.     procedure Output (MA : in Matrix);
    52.
    53.     procedure FindMaxZ (V : in VectorH; maxZi : out Integer);
    54.
    55.     function Max (A, B: Integer) return Integer;
    56.
    57.     procedure Calculation( alfa : in Integer;
    58.     maxZ : in Integer;
    59.     B : in VectorH;
    60.     T : in VectorN;
    61.     MO : in MatrixH;
    62.     MK : in MatrixN;
    63.     A : out VectorH);
    64.
    65.
    66.    end Data;

 66 lines: No errors
