Сборка начата 5/29/2015 4:09:21 PM.
     1>Проект "D:\obuchenie\2 курс 4 семестр\Системне програмування\10\Lab10\Lab10\Lab10.vcxproj" в узле 2 (целевые объекты Rebuild).
     1>_MASM:
         Assembling longop.asm...
         cmd.exe /C "C:\Users\Rus\AppData\Local\Temp\tmpb1ddb7a7c5194ce2af32e4df31ca16e8.cmd"
         ml.exe /c /nologo /Zi /Fo"Debug\longop.obj" /W3 /errorReport:prompt  /Talongop.asm
       _MASM:
         Assembling module.asm...
         cmd.exe /C "C:\Users\Rus\AppData\Local\Temp\tmp3fc2dc80acdb4a13b7b9d07494b204a7.cmd"
         ml.exe /c /nologo /Zi /Fo"Debug\module.obj" /W3 /errorReport:prompt  /Tamodule.asm
       ClCompile:
         D:\obuchenie\visStudio\Microsoft Visual Studio 11.0\VC\bin\CL.exe /c /ZI /nologo /W3 /WX- /sdl /Od /Oy- /D WIN32 /D _DEBUG /D _WINDOWS /D _MBCS /Gm /EHsc /RTC1 /MDd /GS /fp:precise /Zc:wchar_t /Zc:forScope /Yc"stdafx.h" /Fp"Debug\Lab10.pch" /Fo"Debug\\" /Fd"Debug\vc110.pdb" /Gd /TP /analyze- /errorReport:prompt stdafx.cpp
         stdafx.cpp
         D:\obuchenie\visStudio\Microsoft Visual Studio 11.0\VC\bin\CL.exe /c /ZI /nologo /W3 /WX- /sdl /Od /Oy- /D WIN32 /D _DEBUG /D _WINDOWS /D _MBCS /Gm /EHsc /RTC1 /MDd /GS /fp:precise /Zc:wchar_t /Zc:forScope /Yu"stdafx.h" /Fp"Debug\Lab10.pch" /Fo"Debug\\" /Fd"Debug\vc110.pdb" /Gd /TP /analyze- /errorReport:prompt Lab10.cpp
         Lab10.cpp
       ResourceCompile:
         C:\Program Files (x86)\Windows Kits\8.0\bin\x86\rc.exe /l"0x0409" /nologo /fo"Debug\Lab10.res" Lab10.rc 
       Link:
         D:\obuchenie\visStudio\Microsoft Visual Studio 11.0\VC\bin\link.exe /ERRORREPORT:PROMPT /OUT:"D:\obuchenie\2 курс 4 семестр\Системне програмування\10\Lab10\Debug\Lab10.exe" /INCREMENTAL /NOLOGO kernel32.lib user32.lib gdi32.lib winspool.lib comdlg32.lib advapi32.lib shell32.lib ole32.lib oleaut32.lib uuid.lib odbc32.lib odbccp32.lib /MANIFEST /MANIFESTUAC:"level='asInvoker' uiAccess='false'" /manifest:embed /DEBUG /PDB:"D:\obuchenie\2 курс 4 семестр\Системне програмування\10\Lab10\Debug\Lab10.pdb" /SUBSYSTEM:WINDOWS /TLBID:1 /DYNAMICBASE /NXCOMPAT /IMPLIB:"D:\obuchenie\2 курс 4 семестр\Системне програмування\10\Lab10\Debug\Lab10.lib" /MACHINE:X86 Debug\Lab10.res
         Debug\Lab10.obj
         Debug\stdafx.obj
         Debug\longop.obj
         Debug\module.obj
         Lab10.vcxproj -> D:\obuchenie\2 курс 4 семестр\Системне програмування\10\Lab10\Debug\Lab10.exe
     1>Построение проекта "D:\obuchenie\2 курс 4 семестр\Системне програмування\10\Lab10\Lab10\Lab10.vcxproj" завершено (целевые объекты Rebuild).

Сборка успешно завершена.

Затраченное время: 00:00:01.63
