D:\OBUCHENIE\2 курс 4 семестр\Системне програмування\10\LAB10\LAB10\DEBUG\LAB10.PCH
D:\OBUCHENIE\2 курс 4 семестр\Системне програмування\10\LAB10\LAB10\DEBUG\STDAFX.OBJ
D:\OBUCHENIE\2 КУРС 4 СЕМЕСТР\СИСТЕМНЕ ПРОГРАМУВАННЯ\10\LAB10\LAB10\DEBUG\VC110.PDB
D:\OBUCHENIE\2 курс 4 семестр\Системне програмування\10\LAB10\LAB10\DEBUG\LAB10.OBJ
D:\obuchenie\2 курс 4 семестр\Системне програмування\10\Lab10\Lab10\Debug\longop.obj
D:\obuchenie\2 курс 4 семестр\Системне програмування\10\Lab10\Lab10\Debug\module.obj
D:\OBUCHENIE\2 курс 4 семестр\Системне програмування\10\LAB10\DEBUG\LAB10.ILK
D:\OBUCHENIE\2 курс 4 семестр\Системне програмування\10\LAB10\DEBUG\LAB10.EXE
D:\OBUCHENIE\2 КУРС 4 СЕМЕСТР\СИСТЕМНЕ ПРОГРАМУВАННЯ\10\LAB10\DEBUG\LAB10.PDB
D:\OBUCHENIE\2 курс 4 семестр\Системне програмування\10\LAB10\LAB10\DEBUG\LAB10.RES
D:\obuchenie\2 курс 4 семестр\Системне програмування\10\Lab10\Lab10\Debug\Lab10.obj
D:\obuchenie\2 курс 4 семестр\Системне програмування\10\Lab10\Lab10\Debug\stdafx.obj
D:\obuchenie\2 курс 4 семестр\Системне програмування\10\Lab10\Lab10\Debug\cl.command.1.tlog
D:\obuchenie\2 курс 4 семестр\Системне програмування\10\Lab10\Lab10\Debug\CL.read.1.tlog
D:\obuchenie\2 курс 4 семестр\Системне програмування\10\Lab10\Lab10\Debug\CL.write.1.tlog
D:\obuchenie\2 курс 4 семестр\Системне програмування\10\Lab10\Lab10\Debug\Lab10.write.1.tlog
D:\obuchenie\2 курс 4 семестр\Системне програмування\10\Lab10\Lab10\Debug\link-cvtres.read.1.tlog
D:\obuchenie\2 курс 4 семестр\Системне програмування\10\Lab10\Lab10\Debug\link-cvtres.write.1.tlog
D:\obuchenie\2 курс 4 семестр\Системне програмування\10\Lab10\Lab10\Debug\link-rc.read.1.tlog
D:\obuchenie\2 курс 4 семестр\Системне програмування\10\Lab10\Lab10\Debug\link-rc.write.1.tlog
D:\obuchenie\2 курс 4 семестр\Системне програмування\10\Lab10\Lab10\Debug\link.command.1.tlog
D:\obuchenie\2 курс 4 семестр\Системне програмування\10\Lab10\Lab10\Debug\link.read.1.tlog
D:\obuchenie\2 курс 4 семестр\Системне програмування\10\Lab10\Lab10\Debug\link.write.1.tlog
D:\obuchenie\2 курс 4 семестр\Системне програмування\10\Lab10\Lab10\Debug\rc.command.1.tlog
D:\obuchenie\2 курс 4 семестр\Системне програмування\10\Lab10\Lab10\Debug\rc.read.1.tlog
D:\obuchenie\2 курс 4 семестр\Системне програмування\10\Lab10\Lab10\Debug\rc.write.1.tlog
D:\obuchenie\2 курс 4 семестр\Системне програмування\10\Lab10\Lab10\Debug\Lab10.res
D:\obuchenie\2 курс 4 семестр\Системне програмування\10\Lab10\Lab10\Debug\Lab10.pch
D:\obuchenie\2 курс 4 семестр\Системне програмування\10\Lab10\Lab10\Debug\vc110.idb
D:\obuchenie\2 курс 4 семестр\Системне програмування\10\Lab10\Lab10\Debug\vc110.pdb
D:\obuchenie\2 курс 4 семестр\Системне програмування\10\Lab10\Debug\Lab10.pdb
D:\obuchenie\2 курс 4 семестр\Системне програмування\10\Lab10\Debug\Lab10.exe
D:\obuchenie\2 курс 4 семестр\Системне програмування\10\Lab10\Debug\Lab10.ilk
