Build started 13.11.2014 3:55:46.
     1>Project "C:\Users\Vova\Study data\СП\spLb1\spLb1\spLb5\spLb5.vcxproj" on node 2 (build target(s)).
     1>InitializeBuildStatus:
         Touching ".\Debug\spLb5.unsuccessfulbuild".
       ClCompile:
         All outputs are up-to-date.
         C:\Program Files (x86)\Microsoft Visual Studio 10.0\VC\bin\CL.exe /c /ZI /nologo /W3 /WX- /Od /Oy- /D WIN32 /D _DEBUG /D _CONSOLE /D _VC80_UPGRADE=0x0600 /D _MBCS /Gm /EHsc /RTC1 /MTd /GS /Gy- /fp:precise /Zc:wchar_t /Zc:forScope /Yu"stdafx.h" /Fp".\Debug\spLb5.pch" /Fo".\Debug\\" /Fd".\Debug\vc100.pdb" /FR".\Debug\\" /Gd /TP /analyze- /errorReport:prompt ..\spLb3\visgrp.cpp ..\spLb4\index.cpp ..\spLb4\langio.cpp ..\spLb4\lexan.cpp ..\spLb4\parsC.cpp ..\spLb4\parsP.cpp ..\spLb4\tables.cpp operSpc.cpp parpC.cpp parpP.cpp spLb5.cpp syntaxP.cpp
         Skipping... (no relevant changes detected)
         syntaxP.cpp
         spLb5.cpp
         parpP.cpp
         parpC.cpp
         operSpc.cpp
         tables.cpp
         parsP.cpp
         parsC.cpp
         lexan.cpp
         langio.cpp
         index.cpp
         visgrp.cpp
       Link:
         C:\Program Files (x86)\Microsoft Visual Studio 10.0\VC\bin\link.exe /ERRORREPORT:PROMPT /OUT:".\Debug\spLb5.exe" /INCREMENTAL:NO /NOLOGO odbc32.lib odbccp32.lib kernel32.lib user32.lib gdi32.lib winspool.lib comdlg32.lib advapi32.lib shell32.lib ole32.lib oleaut32.lib uuid.lib odbc32.lib odbccp32.lib /MANIFEST /ManifestFile:".\Debug\spLb5.exe.intermediate.manifest" /MANIFESTUAC:"level='asInvoker' uiAccess='false'" /DEBUG /PDB:"C:\Users\Vova\Study data\СП\spLb1\spLb1\spLb5\Debug\spLb5.pdb" /SUBSYSTEM:CONSOLE /TLBID:1 /DYNAMICBASE /NXCOMPAT /IMPLIB:".\Debug\spLb5.lib" /MACHINE:X86 .\Debug\index.obj
         .\Debug\langio.obj
         .\Debug\lexan.obj
         .\Debug\operSpc.obj
         .\Debug\parpC.obj
         .\Debug\parpP.obj
         .\Debug\parsC.obj
         .\Debug\parsP.obj
         .\Debug\spLb5.obj
         .\Debug\StdAfx.obj
         .\Debug\syntaxP.obj
         .\Debug\tables.obj
         .\Debug\visgrp.obj
     1>index.obj : warning LNK4075: ignoring '/EDITANDCONTINUE' due to '/INCREMENTAL:NO' specification
         spLb5.vcxproj -> C:\Users\Vova\Study data\СП\spLb1\spLb1\spLb5\.\Debug\spLb5.exe
       Manifest:
         C:\Program Files (x86)\Microsoft SDKs\Windows\v7.0A\bin\mt.exe /nologo /verbose /outputresource:".\Debug\spLb5.exe;#1" /manifest .\Debug\spLb5.exe.intermediate.manifest
       BscMake:
         C:\Program Files (x86)\Microsoft Visual Studio 10.0\VC\bin\bscmake.exe /nologo /o".\Debug\spLb5.bsc" .\Debug\index.sbr .\Debug\langio.sbr .\Debug\lexan.sbr .\Debug\operSpc.sbr .\Debug\parpC.sbr .\Debug\parpP.sbr .\Debug\parsC.sbr .\Debug\parsP.sbr .\Debug\spLb5.sbr .\Debug\StdAfx.sbr .\Debug\syntaxP.sbr .\Debug\tables.sbr .\Debug\visgrp.sbr
       FinalizeBuildStatus:
         Deleting file ".\Debug\spLb5.unsuccessfulbuild".
         Touching ".\Debug\spLb5.lastbuildstate".
     1>Done Building Project "C:\Users\Vova\Study data\СП\spLb1\spLb1\spLb5\spLb5.vcxproj" (build target(s)).

Build succeeded.

Time Elapsed 00:00:01.02
