.\Debug\spLb5.bsc
D:\papst\Progr536\sp2007\IO66\spLb1\spLb1\spLb5\.\Debug\spLb5.exe
D:\papst\Progr536\sp2007\IO66\spLb1\spLb1\spLb5\.\Debug\spLb5.exe.intermediate.manifest
D:\papst\Progr536\sp2007\IO66\spLb1\spLb1\spLb5\Debug\BscMake.command.1.tlog
D:\papst\Progr536\sp2007\IO66\spLb1\spLb1\spLb5\Debug\bscmake.read.1.tlog
D:\papst\Progr536\sp2007\IO66\spLb1\spLb1\spLb5\Debug\bscmake.write.1.tlog
D:\papst\Progr536\sp2007\IO66\spLb1\spLb1\spLb5\Debug\cl.command.1.tlog
D:\papst\Progr536\sp2007\IO66\spLb1\spLb1\spLb5\Debug\CL.read.1.tlog
D:\papst\Progr536\sp2007\IO66\spLb1\spLb1\spLb5\Debug\CL.write.1.tlog
D:\PAPST\PROGR536\SP2007\IO66\SPLB1\SPLB1\SPLB5\DEBUG\INDEX.OBJ
D:\PAPST\PROGR536\SP2007\IO66\SPLB1\SPLB1\SPLB5\DEBUG\INDEX.SBR
D:\PAPST\PROGR536\SP2007\IO66\SPLB1\SPLB1\SPLB5\DEBUG\LANGIO.OBJ
D:\PAPST\PROGR536\SP2007\IO66\SPLB1\SPLB1\SPLB5\DEBUG\LANGIO.SBR
D:\PAPST\PROGR536\SP2007\IO66\SPLB1\SPLB1\SPLB5\DEBUG\LEXAN.OBJ
D:\PAPST\PROGR536\SP2007\IO66\SPLB1\SPLB1\SPLB5\DEBUG\LEXAN.SBR
D:\papst\Progr536\sp2007\IO66\spLb1\spLb1\spLb5\Debug\link.command.1.tlog
D:\papst\Progr536\sp2007\IO66\spLb1\spLb1\spLb5\Debug\link.read.1.tlog
D:\papst\Progr536\sp2007\IO66\spLb1\spLb1\spLb5\Debug\link.write.1.tlog
D:\papst\Progr536\sp2007\IO66\spLb1\spLb1\spLb5\Debug\link-cvtres.read.1.tlog
D:\papst\Progr536\sp2007\IO66\spLb1\spLb1\spLb5\Debug\link-cvtres.write.1.tlog
D:\papst\Progr536\sp2007\IO66\spLb1\spLb1\spLb5\Debug\mt.command.1.tlog
D:\papst\Progr536\sp2007\IO66\spLb1\spLb1\spLb5\Debug\mt.read.1.tlog
D:\papst\Progr536\sp2007\IO66\spLb1\spLb1\spLb5\Debug\mt.write.1.tlog
D:\PAPST\PROGR536\SP2007\IO66\SPLB1\SPLB1\SPLB5\DEBUG\OPERSPC.OBJ
D:\PAPST\PROGR536\SP2007\IO66\SPLB1\SPLB1\SPLB5\DEBUG\OPERSPC.SBR
D:\PAPST\PROGR536\SP2007\IO66\SPLB1\SPLB1\SPLB5\DEBUG\PARPC.OBJ
D:\PAPST\PROGR536\SP2007\IO66\SPLB1\SPLB1\SPLB5\DEBUG\PARPC.SBR
D:\PAPST\PROGR536\SP2007\IO66\SPLB1\SPLB1\SPLB5\DEBUG\PARPP.OBJ
D:\PAPST\PROGR536\SP2007\IO66\SPLB1\SPLB1\SPLB5\DEBUG\PARPP.SBR
D:\PAPST\PROGR536\SP2007\IO66\SPLB1\SPLB1\SPLB5\DEBUG\PARSC.OBJ
D:\PAPST\PROGR536\SP2007\IO66\SPLB1\SPLB1\SPLB5\DEBUG\PARSC.SBR
D:\PAPST\PROGR536\SP2007\IO66\SPLB1\SPLB1\SPLB5\DEBUG\PARSP.OBJ
D:\PAPST\PROGR536\SP2007\IO66\SPLB1\SPLB1\SPLB5\DEBUG\PARSP.SBR
D:\papst\Progr536\sp2007\IO66\spLb1\spLb1\spLb5\Debug\rc.command.1.tlog
D:\papst\Progr536\sp2007\IO66\spLb1\spLb1\spLb5\Debug\rc.read.1.tlog
D:\papst\Progr536\sp2007\IO66\spLb1\spLb1\spLb5\Debug\rc.write.1.tlog
D:\PAPST\PROGR536\SP2007\IO66\SPLB1\SPLB1\SPLB5\DEBUG\SPLB5.BSC
D:\PAPST\PROGR536\SP2007\IO66\SPLB1\SPLB1\SPLB5\DEBUG\SPLB5.EXE
D:\PAPST\PROGR536\SP2007\IO66\SPLB1\SPLB1\SPLB5\DEBUG\SPLB5.EXE.EMBED.MANIFEST
D:\PAPST\PROGR536\SP2007\IO66\SPLB1\SPLB1\SPLB5\DEBUG\SPLB5.EXE.EMBED.MANIFEST.RES
D:\PAPST\PROGR536\SP2007\IO66\SPLB1\SPLB1\SPLB5\DEBUG\SPLB5.EXE.INTERMEDIATE.MANIFEST
D:\PAPST\PROGR536\SP2007\IO66\SPLB1\SPLB1\SPLB5\DEBUG\SPLB5.OBJ
D:\PAPST\PROGR536\SP2007\IO66\SPLB1\SPLB1\SPLB5\DEBUG\SPLB5.PCH
D:\PAPST\PROGR536\SP2007\IO66\SPLB1\SPLB1\SPLB5\DEBUG\SPLB5.PDB
D:\PAPST\PROGR536\SP2007\IO66\SPLB1\SPLB1\SPLB5\DEBUG\SPLB5.SBR
D:\papst\Progr536\sp2007\IO66\spLb1\spLb1\spLb5\Debug\spLb5_manifest.rc
D:\PAPST\PROGR536\SP2007\IO66\SPLB1\SPLB1\SPLB5\DEBUG\STDAFX.OBJ
D:\PAPST\PROGR536\SP2007\IO66\SPLB1\SPLB1\SPLB5\DEBUG\STDAFX.SBR
D:\PAPST\PROGR536\SP2007\IO66\SPLB1\SPLB1\SPLB5\DEBUG\SYNTAXP.OBJ
D:\PAPST\PROGR536\SP2007\IO66\SPLB1\SPLB1\SPLB5\DEBUG\SYNTAXP.SBR
D:\PAPST\PROGR536\SP2007\IO66\SPLB1\SPLB1\SPLB5\DEBUG\TABLES.OBJ
D:\PAPST\PROGR536\SP2007\IO66\SPLB1\SPLB1\SPLB5\DEBUG\TABLES.SBR
D:\papst\Progr536\sp2007\IO66\spLb1\spLb1\spLb5\Debug\vc100.idb
D:\PAPST\PROGR536\SP2007\IO66\SPLB1\SPLB1\SPLB5\DEBUG\VC100.PDB
D:\papst\Progr536\sp2007\IO66\spLb1\spLb1\spLb5\Debug\vc60.idb
D:\papst\Progr536\sp2007\IO66\spLb1\spLb1\spLb5\Debug\vc60.pdb
D:\PAPST\PROGR536\SP2007\IO66\SPLB1\SPLB1\SPLB5\DEBUG\VISGRP.OBJ
D:\PAPST\PROGR536\SP2007\IO66\SPLB1\SPLB1\SPLB5\DEBUG\VISGRP.SBR
