C:\USERS\USER\DOCUMENTS\VISUAL STUDIO 2010\PROJECTS\PROLAB5CLON\DEBUG\PROLAB5CLON.EXE
C:\USERS\USER\DOCUMENTS\VISUAL STUDIO 2010\PROJECTS\PROLAB5CLON\DEBUG\PROLAB5CLON.PDB
C:\USERS\USER\DOCUMENTS\VISUAL STUDIO 2010\PROJECTS\PROLAB5CLON\PROLAB5CLON\DEBUG\LAB5.OBJ
C:\USERS\USER\DOCUMENTS\VISUAL STUDIO 2010\PROJECTS\PROLAB5CLON\PROLAB5CLON\DEBUG\PROLAB5CLON.EXE.INTERMEDIATE.MANIFEST
C:\USERS\USER\DOCUMENTS\VISUAL STUDIO 2010\PROJECTS\PROLAB5CLON\PROLAB5CLON\DEBUG\VC100.PDB
E:\Education\5\PRO\PROLab5Clon\Debug\PROLab5Clon.exe
E:\Education\5\PRO\PROLab5Clon\Debug\PROLab5Clon.pdb
E:\Education\5\PRO\PROLab5Clon\PROLab5Clon\Debug\cl.command.1.tlog
E:\Education\5\PRO\PROLab5Clon\PROLab5Clon\Debug\CL.read.1.tlog
E:\Education\5\PRO\PROLab5Clon\PROLab5Clon\Debug\CL.write.1.tlog
E:\Education\5\PRO\PROLab5Clon\PROLab5Clon\Debug\Lab5.obj
E:\Education\5\PRO\PROLab5Clon\PROLab5Clon\Debug\link.command.1.tlog
E:\Education\5\PRO\PROLab5Clon\PROLab5Clon\Debug\link.read.1.tlog
E:\Education\5\PRO\PROLab5Clon\PROLab5Clon\Debug\link.write.1.tlog
E:\Education\5\PRO\PROLab5Clon\PROLab5Clon\Debug\mt.command.1.tlog
E:\Education\5\PRO\PROLab5Clon\PROLab5Clon\Debug\mt.read.1.tlog
E:\Education\5\PRO\PROLab5Clon\PROLab5Clon\Debug\mt.write.1.tlog
E:\Education\5\PRO\PROLab5Clon\PROLab5Clon\Debug\PROLab5Clon.exe.intermediate.manifest
E:\Education\5\PRO\PROLab5Clon\PROLab5Clon\Debug\PROLab5Clon.write.1.tlog
E:\Education\5\PRO\PROLab5Clon\PROLab5Clon\Debug\vc100.idb
E:\Education\5\PRO\PROLab5Clon\PROLab5Clon\Debug\vc100.pdb
H:\PROLAB5CLON\DEBUG\PROLAB5CLON.EXE
H:\PROLAB5CLON\DEBUG\PROLAB5CLON.PDB
H:\PROLAB5CLON\PROLAB5CLON\DEBUG\LAB5.OBJ
H:\PROLAB5CLON\PROLAB5CLON\DEBUG\PROLAB5CLON.EXE.INTERMEDIATE.MANIFEST
H:\PROLAB5CLON\PROLAB5CLON\DEBUG\VC100.PDB
