Построение начато 10/31/2014 8:19:53 AM.
     1>Проект "E:\Education\5\PRO\PROLab5Clon\PROLab5Clon\PROLab5Clon.vcxproj" в узле 2 (целевые объекты rebuild).
     1>_PrepareForClean:
         Файл "Debug\PROLab5Clon.lastbuildstate" удаляется.
       InitializeBuildStatus:
         Создание "Debug\PROLab5Clon.unsuccessfulbuild", так как было задано "AlwaysCreate".
       ClCompile:
         C:\Program Files (x86)\Microsoft Visual Studio 10.0\VC\bin\CL.exe /c /ZI /nologo /W3 /WX- /Od /Oy- /D WIN32 /D _DEBUG /D _CONSOLE /D _UNICODE /D UNICODE /Gm /EHsc /RTC1 /MDd /GS /fp:precise /Zc:wchar_t /Zc:forScope /Fo"Debug\\" /Fd"Debug\vc100.pdb" /Gd /TP /analyze- /errorReport:prompt Lab5.cpp
         Lab5.cpp
       Link:
         C:\Program Files (x86)\Microsoft Visual Studio 10.0\VC\bin\link.exe /ERRORREPORT:PROMPT /OUT:"E:\Education\5\PRO\PROLab5Clon\Debug\PROLab5Clon.exe" /INCREMENTAL:NO /NOLOGO kernel32.lib user32.lib gdi32.lib winspool.lib comdlg32.lib advapi32.lib shell32.lib ole32.lib oleaut32.lib uuid.lib odbc32.lib odbccp32.lib /MANIFEST /ManifestFile:"Debug\PROLab5Clon.exe.intermediate.manifest" /MANIFESTUAC:"level='asInvoker' uiAccess='false'" /DEBUG /PDB:"E:\Education\5\PRO\PROLab5Clon\Debug\PROLab5Clon.pdb" /SUBSYSTEM:CONSOLE /TLBID:1 /DYNAMICBASE /NXCOMPAT /IMPLIB:"E:\Education\5\PRO\PROLab5Clon\Debug\PROLab5Clon.lib" /MACHINE:X86 Debug\Lab5.obj
     1>Lab5.obj : warning LNK4075: не учитывается "/EDITANDCONTINUE" из-за спецификации "/INCREMENTAL:NO"
         PROLab5Clon.vcxproj -> E:\Education\5\PRO\PROLab5Clon\Debug\PROLab5Clon.exe
       Manifest:
         C:\Program Files (x86)\Microsoft SDKs\Windows\v7.0A\bin\mt.exe /nologo /verbose /outputresource:"E:\Education\5\PRO\PROLab5Clon\Debug\PROLab5Clon.exe;#1" /manifest Debug\PROLab5Clon.exe.intermediate.manifest
       FinalizeBuildStatus:
         Файл "Debug\PROLab5Clon.unsuccessfulbuild" удаляется.
         Обращение к "Debug\PROLab5Clon.lastbuildstate".
     1>Построение проекта "E:\Education\5\PRO\PROLab5Clon\PROLab5Clon\PROLab5Clon.vcxproj" завершено (целевые объекты rebuild).

Построение успешно завершено.

Затраченное время: 00:00:04.64
