;
;       List of files Hiew release V
;

      FILES.LST - This file !
    LICENSE.TXT - Licensing Information
   REGISTER.TXT - Register for non-Russia
   REGISTER.RU  - Register for Russia
    FILE_ID.DIZ - General info
    Q_AND_A.TXT - Questions and answers

   HIEWDEMO.EXE - Demo version, only DOS
                                                                Platform, Ver
                                                           -------------------
NB!     CAH.EXE - Program for unlock *.$$$ into *.EXE               ( DualEXE )
NB!   CAH32.EXE - Win32 version of CAH.EXE                            ( Win32 )
NB!    HIEW.$$$ - Locked Hiew                           ( DualEXE: OS/2 + DOS )
NB!  HIEW32.$$$ - Win32 console version of HIEW.EXE                   ( Win32 )
NB!   EDUMP.$$$ - Locked Dump NE/LE/LX/PE/ELF- file         ( DualEXE, v6.60+ )
NB! EDUMP32.$$$ - Win32 version of EDUMP.EXE                  ( Win32, v6.60+ )
      DEXEM.EXE - DualEXE file manipulator                          ( DualEXE )
    DEXEM32.EXE - Win32 version of DEXEM.EXE                           (Win32 )

       HIEW.INI - Ini-file with start-up settings
       HIEW.HLP - Help-file ( activate Alt-H )
       HIEW.ORD - Named ordinals for NE- and LX-executable
       HIEW.VMM - Named VMMcall/VxDcall for LE-modules
       HIEW.XLT - Tables of translation
    HIEW_RU.TXT - Russian readme
    HIEW_EN.TXT - English readme
        SEN.ASC - Public PGP key

             *******
