Analysis & Synthesis report for SQRT
Thu Dec 19 06:02:02 2013
Quartus II Version 9.1 Build 222 10/21/2009 SJ Full Version


---------------------
; Table of Contents ;
---------------------
  1. Legal Notice
  2. Analysis & Synthesis Summary
  3. Analysis & Synthesis Settings
  4. Analysis & Synthesis Source Files Read
  5. Analysis & Synthesis Resource Usage Summary
  6. Analysis & Synthesis Resource Utilization by Entity
  7. Analysis & Synthesis RAM Summary
  8. Registers Removed During Synthesis
  9. General Register Statistics
 10. Source assignments for BMU:inst|Beta3:inst4|lpm_counter:lpm_counter_component
 11. Source assignments for BMU:inst|ROM:inst6|altsyncram:altsyncram_component|altsyncram_9t71:auto_generated
 12. Source assignments for ALP:inst1|CTR:inst|lpm_counter:lpm_counter_component
 13. Parameter Settings for User Entity Instance: BMU:inst|Beta2:inst3|lpm_ff:lpm_ff_component
 14. Parameter Settings for User Entity Instance: BMU:inst|Beta3:inst4|lpm_counter:lpm_counter_component
 15. Parameter Settings for User Entity Instance: BMU:inst|ROM:inst6
 16. Parameter Settings for User Entity Instance: BMU:inst|ROM:inst6|altsyncram:altsyncram_component
 17. Parameter Settings for User Entity Instance: BMU:inst|RAMC:inst15|lpm_ff:lpm_ff_component
 18. Parameter Settings for User Entity Instance: BMU:inst|Mux_Adr:inst14|lpm_mux:lpm_mux_component
 19. Parameter Settings for User Entity Instance: BMU:inst|Beta1:inst|lpm_ff:lpm_ff_component
 20. Parameter Settings for User Entity Instance: BMU:inst|Mux4:inst8|lpm_mux:lpm_mux_component
 21. Parameter Settings for User Entity Instance: BMU:inst|StartAdr:inst13|lpm_constant:lpm_constant_component
 22. Parameter Settings for User Entity Instance: BMU:inst|Error:inst22|lpm_xor:lpm_xor_component
 23. Parameter Settings for User Entity Instance: ALP:inst1|ShiftReg8:inst4|lpm_shiftreg:lpm_shiftreg_component
 24. Parameter Settings for User Entity Instance: ALP:inst1|ShiftReg10:inst3|lpm_shiftreg:lpm_shiftreg_component
 25. Parameter Settings for User Entity Instance: ALP:inst1|ShiftReg8:inst2|lpm_shiftreg:lpm_shiftreg_component
 26. Parameter Settings for User Entity Instance: ALP:inst1|SM_10:inst1|lpm_add_sub:lpm_add_sub_component
 27. Parameter Settings for User Entity Instance: ALP:inst1|CTR:inst|lpm_counter:lpm_counter_component
 28. altsyncram Parameter Settings by Entity Instance
 29. lpm_shiftreg Parameter Settings by Entity Instance
 30. Analysis & Synthesis Messages



----------------
; Legal Notice ;
----------------
Copyright (C) 1991-2009 Altera Corporation
Your use of Altera Corporation's design tools, logic functions 
and other software and tools, and its AMPP partner logic 
functions, and any output files from any of the foregoing 
(including device programming or simulation files), and any 
associated documentation or information are expressly subject 
to the terms and conditions of the Altera Program License 
Subscription Agreement, Altera MegaCore Function License 
Agreement, or other applicable license agreement, including, 
without limitation, that your use is for the sole purpose of 
programming logic devices manufactured by Altera and sold by 
Altera or its authorized distributors.  Please refer to the 
applicable agreement for further details.



+-------------------------------------------------------------------------------+
; Analysis & Synthesis Summary                                                  ;
+------------------------------------+------------------------------------------+
; Analysis & Synthesis Status        ; Successful - Thu Dec 19 06:02:02 2013    ;
; Quartus II Version                 ; 9.1 Build 222 10/21/2009 SJ Full Version ;
; Revision Name                      ; SQRT                                     ;
; Top-level Entity Name              ; SQRT                                     ;
; Family                             ; Cyclone II                               ;
; Total logic elements               ; 79                                       ;
;     Total combinational functions  ; 67                                       ;
;     Dedicated logic registers      ; 50                                       ;
; Total registers                    ; 50                                       ;
; Total pins                         ; 19                                       ;
; Total virtual pins                 ; 0                                        ;
; Total memory bits                  ; 1,152                                    ;
; Embedded Multiplier 9-bit elements ; 0                                        ;
; Total PLLs                         ; 0                                        ;
+------------------------------------+------------------------------------------+


+----------------------------------------------------------------------------------------------------------------------+
; Analysis & Synthesis Settings                                                                                        ;
+----------------------------------------------------------------------------+--------------------+--------------------+
; Option                                                                     ; Setting            ; Default Value      ;
+----------------------------------------------------------------------------+--------------------+--------------------+
; Device                                                                     ; EP2C35F672C6       ;                    ;
; Top-level entity name                                                      ; SQRT               ; SQRT               ;
; Family name                                                                ; Cyclone II         ; Stratix II         ;
; Use Generated Physical Constraints File                                    ; Off                ;                    ;
; Use smart compilation                                                      ; Off                ; Off                ;
; Enable parallel Assembler and TimeQuest Timing Analyzer during compilation ; On                 ; On                 ;
; Enable compact report table                                                ; Off                ; Off                ;
; Restructure Multiplexers                                                   ; Auto               ; Auto               ;
; Create Debugging Nodes for IP Cores                                        ; Off                ; Off                ;
; Preserve fewer node names                                                  ; On                 ; On                 ;
; Disable OpenCore Plus hardware evaluation                                  ; Off                ; Off                ;
; Verilog Version                                                            ; Verilog_2001       ; Verilog_2001       ;
; VHDL Version                                                               ; VHDL_1993          ; VHDL_1993          ;
; State Machine Processing                                                   ; Auto               ; Auto               ;
; Safe State Machine                                                         ; Off                ; Off                ;
; Extract Verilog State Machines                                             ; On                 ; On                 ;
; Extract VHDL State Machines                                                ; On                 ; On                 ;
; Ignore Verilog initial constructs                                          ; Off                ; Off                ;
; Iteration limit for constant Verilog loops                                 ; 5000               ; 5000               ;
; Iteration limit for non-constant Verilog loops                             ; 250                ; 250                ;
; Add Pass-Through Logic to Inferred RAMs                                    ; On                 ; On                 ;
; Parallel Synthesis                                                         ; On                 ; On                 ;
; DSP Block Balancing                                                        ; Auto               ; Auto               ;
; NOT Gate Push-Back                                                         ; On                 ; On                 ;
; Power-Up Don't Care                                                        ; On                 ; On                 ;
; Remove Redundant Logic Cells                                               ; Off                ; Off                ;
; Remove Duplicate Registers                                                 ; On                 ; On                 ;
; Ignore CARRY Buffers                                                       ; Off                ; Off                ;
; Ignore CASCADE Buffers                                                     ; Off                ; Off                ;
; Ignore GLOBAL Buffers                                                      ; Off                ; Off                ;
; Ignore ROW GLOBAL Buffers                                                  ; Off                ; Off                ;
; Ignore LCELL Buffers                                                       ; Off                ; Off                ;
; Ignore SOFT Buffers                                                        ; On                 ; On                 ;
; Limit AHDL Integers to 32 Bits                                             ; Off                ; Off                ;
; Optimization Technique                                                     ; Balanced           ; Balanced           ;
; Carry Chain Length                                                         ; 70                 ; 70                 ;
; Auto Carry Chains                                                          ; On                 ; On                 ;
; Auto Open-Drain Pins                                                       ; On                 ; On                 ;
; Perform WYSIWYG Primitive Resynthesis                                      ; Off                ; Off                ;
; Auto ROM Replacement                                                       ; On                 ; On                 ;
; Auto RAM Replacement                                                       ; On                 ; On                 ;
; Auto Shift Register Replacement                                            ; Auto               ; Auto               ;
; Auto Clock Enable Replacement                                              ; On                 ; On                 ;
; Strict RAM Replacement                                                     ; Off                ; Off                ;
; Allow Synchronous Control Signals                                          ; On                 ; On                 ;
; Force Use of Synchronous Clear Signals                                     ; Off                ; Off                ;
; Auto RAM to Logic Cell Conversion                                          ; Off                ; Off                ;
; Auto Resource Sharing                                                      ; Off                ; Off                ;
; Allow Any RAM Size For Recognition                                         ; Off                ; Off                ;
; Allow Any ROM Size For Recognition                                         ; Off                ; Off                ;
; Allow Any Shift Register Size For Recognition                              ; Off                ; Off                ;
; Use LogicLock Constraints during Resource Balancing                        ; On                 ; On                 ;
; Ignore translate_off and synthesis_off directives                          ; Off                ; Off                ;
; Timing-Driven Synthesis                                                    ; Off                ; Off                ;
; Show Parameter Settings Tables in Synthesis Report                         ; On                 ; On                 ;
; Ignore Maximum Fan-Out Assignments                                         ; Off                ; Off                ;
; Synchronization Register Chain Length                                      ; 2                  ; 2                  ;
; PowerPlay Power Optimization                                               ; Normal compilation ; Normal compilation ;
; HDL message level                                                          ; Level2             ; Level2             ;
; Suppress Register Optimization Related Messages                            ; Off                ; Off                ;
; Number of Removed Registers Reported in Synthesis Report                   ; 100                ; 100                ;
; Number of Inverted Registers Reported in Synthesis Report                  ; 100                ; 100                ;
; Clock MUX Protection                                                       ; On                 ; On                 ;
; Auto Gated Clock Conversion                                                ; Off                ; Off                ;
; Block Design Naming                                                        ; Auto               ; Auto               ;
; SDC constraint protection                                                  ; Off                ; Off                ;
; Synthesis Effort                                                           ; Auto               ; Auto               ;
; Shift Register Replacement - Allow Asynchronous Clear Signal               ; On                 ; On                 ;
; Analysis & Synthesis Message Level                                         ; Medium             ; Medium             ;
; Disable Register Merging Across Hierarchies                                ; Auto               ; Auto               ;
; Resource Aware Inference For Block RAM                                     ; On                 ; On                 ;
+----------------------------------------------------------------------------+--------------------+--------------------+


+----------------------------------------------------------------------------------------------------------------------------------------------------------------------+
; Analysis & Synthesis Source Files Read                                                                                                                               ;
+----------------------------------+-----------------+----------------------------------------+------------------------------------------------------------------------+
; File Name with User-Entered Path ; Used in Netlist ; File Type                              ; File Name with Absolute Path                                           ;
+----------------------------------+-----------------+----------------------------------------+------------------------------------------------------------------------+
; SQRT.bdf                         ; yes             ; User Block Diagram/Schematic File      ; D:/Quartus WorkSpace/Lab 5/SQRT.bdf                                    ;
; BMU.bdf                          ; yes             ; User Block Diagram/Schematic File      ; D:/Quartus WorkSpace/Lab 5/BMU.bdf                                     ;
; ALP.bdf                          ; yes             ; User Block Diagram/Schematic File      ; D:/Quartus WorkSpace/Lab 5/ALP.bdf                                     ;
; beta2.tdf                        ; yes             ; Auto-Found Wizard-Generated File       ; D:/Quartus WorkSpace/Lab 5/beta2.tdf                                   ;
; lpm_ff.inc                       ; yes             ; Auto-Found AHDL File                   ; d:/programs/altera/91/quartus/libraries/megafunctions/lpm_ff.inc       ;
; lpm_ff.tdf                       ; yes             ; Megafunction                           ; d:/programs/altera/91/quartus/libraries/megafunctions/lpm_ff.tdf       ;
; lpm_constant.inc                 ; yes             ; Megafunction                           ; d:/programs/altera/91/quartus/libraries/megafunctions/lpm_constant.inc ;
; beta3.tdf                        ; yes             ; Auto-Found Wizard-Generated File       ; D:/Quartus WorkSpace/Lab 5/beta3.tdf                                   ;
; lpm_counter.inc                  ; yes             ; Megafunction                           ; d:/programs/altera/91/quartus/libraries/megafunctions/lpm_counter.inc  ;
; lpm_counter.tdf                  ; yes             ; Megafunction                           ; d:/programs/altera/91/quartus/libraries/megafunctions/lpm_counter.tdf  ;
; lpm_add_sub.inc                  ; yes             ; Megafunction                           ; d:/programs/altera/91/quartus/libraries/megafunctions/lpm_add_sub.inc  ;
; db/cntr_s8j.tdf                  ; yes             ; Auto-Generated Megafunction            ; D:/Quartus WorkSpace/Lab 5/db/cntr_s8j.tdf                             ;
; rom.tdf                          ; yes             ; Auto-Found Wizard-Generated File       ; D:/Quartus WorkSpace/Lab 5/rom.tdf                                     ;
; altsyncram.inc                   ; yes             ; Auto-Found AHDL File                   ; d:/programs/altera/91/quartus/libraries/megafunctions/altsyncram.inc   ;
; altsyncram.tdf                   ; yes             ; Megafunction                           ; d:/programs/altera/91/quartus/libraries/megafunctions/altsyncram.tdf   ;
; lpm_mux.inc                      ; yes             ; Megafunction                           ; d:/programs/altera/91/quartus/libraries/megafunctions/lpm_mux.inc      ;
; db/altsyncram_9t71.tdf           ; yes             ; Auto-Generated Megafunction            ; D:/Quartus WorkSpace/Lab 5/db/altsyncram_9t71.tdf                      ;
; bmu_mem.mif                      ; yes             ; Auto-Found Memory Initialization File  ; D:/Quartus WorkSpace/Lab 5/bmu_mem.mif                                 ;
; ramc.tdf                         ; yes             ; Auto-Found Wizard-Generated File       ; D:/Quartus WorkSpace/Lab 5/ramc.tdf                                    ;
; mux_adr.tdf                      ; yes             ; Auto-Found Wizard-Generated File       ; D:/Quartus WorkSpace/Lab 5/mux_adr.tdf                                 ;
; lpm_mux.tdf                      ; yes             ; Megafunction                           ; d:/programs/altera/91/quartus/libraries/megafunctions/lpm_mux.tdf      ;
; db/mux_qmc.tdf                   ; yes             ; Auto-Generated Megafunction            ; D:/Quartus WorkSpace/Lab 5/db/mux_qmc.tdf                              ;
; beta1.tdf                        ; yes             ; Auto-Found Wizard-Generated File       ; D:/Quartus WorkSpace/Lab 5/beta1.tdf                                   ;
; mux4.tdf                         ; yes             ; Auto-Found Wizard-Generated File       ; D:/Quartus WorkSpace/Lab 5/mux4.tdf                                    ;
; db/mux_omc.tdf                   ; yes             ; Auto-Generated Megafunction            ; D:/Quartus WorkSpace/Lab 5/db/mux_omc.tdf                              ;
; startadr.tdf                     ; yes             ; Auto-Found Wizard-Generated File       ; D:/Quartus WorkSpace/Lab 5/startadr.tdf                                ;
; lpm_constant.tdf                 ; yes             ; Megafunction                           ; d:/programs/altera/91/quartus/libraries/megafunctions/lpm_constant.tdf ;
; error.tdf                        ; yes             ; Auto-Found Wizard-Generated File       ; D:/Quartus WorkSpace/Lab 5/error.tdf                                   ;
; lpm_xor.inc                      ; yes             ; Auto-Found AHDL File                   ; d:/programs/altera/91/quartus/libraries/megafunctions/lpm_xor.inc      ;
; lpm_xor.tdf                      ; yes             ; Megafunction                           ; d:/programs/altera/91/quartus/libraries/megafunctions/lpm_xor.tdf      ;
; shiftreg8.tdf                    ; yes             ; Auto-Found Wizard-Generated File       ; D:/Quartus WorkSpace/Lab 5/shiftreg8.tdf                               ;
; lpm_shiftreg.inc                 ; yes             ; Auto-Found AHDL File                   ; d:/programs/altera/91/quartus/libraries/megafunctions/lpm_shiftreg.inc ;
; lpm_shiftreg.tdf                 ; yes             ; Megafunction                           ; d:/programs/altera/91/quartus/libraries/megafunctions/lpm_shiftreg.tdf ;
; shiftreg10.tdf                   ; yes             ; Auto-Found Wizard-Generated File       ; D:/Quartus WorkSpace/Lab 5/shiftreg10.tdf                              ;
; sm_10.tdf                        ; yes             ; Auto-Found Wizard-Generated File       ; D:/Quartus WorkSpace/Lab 5/sm_10.tdf                                   ;
; lpm_add_sub.tdf                  ; yes             ; Megafunction                           ; d:/programs/altera/91/quartus/libraries/megafunctions/lpm_add_sub.tdf  ;
; db/add_sub_llh.tdf               ; yes             ; Auto-Generated Megafunction            ; D:/Quartus WorkSpace/Lab 5/db/add_sub_llh.tdf                          ;
; ctr.tdf                          ; yes             ; Auto-Found Wizard-Generated File       ; D:/Quartus WorkSpace/Lab 5/ctr.tdf                                     ;
; db/cntr_ntj.tdf                  ; yes             ; Auto-Generated Megafunction            ; D:/Quartus WorkSpace/Lab 5/db/cntr_ntj.tdf                             ;
+----------------------------------+-----------------+----------------------------------------+------------------------------------------------------------------------+


+-----------------------------------------------------+
; Analysis & Synthesis Resource Usage Summary         ;
+---------------------------------------------+-------+
; Resource                                    ; Usage ;
+---------------------------------------------+-------+
; Estimated Total logic elements              ; 79    ;
;                                             ;       ;
; Total combinational functions               ; 67    ;
; Logic element usage by number of LUT inputs ;       ;
;     -- 4 input functions                    ; 6     ;
;     -- 3 input functions                    ; 28    ;
;     -- <=2 input functions                  ; 33    ;
;                                             ;       ;
; Logic elements by mode                      ;       ;
;     -- normal mode                          ; 55    ;
;     -- arithmetic mode                      ; 12    ;
;                                             ;       ;
; Total registers                             ; 50    ;
;     -- Dedicated logic registers            ; 50    ;
;     -- I/O registers                        ; 0     ;
;                                             ;       ;
; I/O pins                                    ; 19    ;
; Total memory bits                           ; 1152  ;
; Maximum fan-out node                        ; CLK   ;
; Maximum fan-out                             ; 52    ;
; Total fan-out                               ; 462   ;
; Average fan-out                             ; 3.00  ;
+---------------------------------------------+-------+


+----------------------------------------------------------------------------------------------------------------------------------------------------------------------------------------------------------------------------------------------------------------------+
; Analysis & Synthesis Resource Utilization by Entity                                                                                                                                                                                                                  ;
+------------------------------------------------+-------------------+--------------+-------------+--------------+---------+-----------+------+--------------+------------------------------------------------------------------------------------------+--------------+
; Compilation Hierarchy Node                     ; LC Combinationals ; LC Registers ; Memory Bits ; DSP Elements ; DSP 9x9 ; DSP 18x18 ; Pins ; Virtual Pins ; Full Hierarchy Name                                                                      ; Library Name ;
+------------------------------------------------+-------------------+--------------+-------------+--------------+---------+-----------+------+--------------+------------------------------------------------------------------------------------------+--------------+
; |SQRT                                          ; 67 (0)            ; 50 (0)       ; 1152        ; 0            ; 0       ; 0         ; 19   ; 0            ; |SQRT                                                                                    ; work         ;
;    |ALP:inst1|                                 ; 46 (10)           ; 26 (0)       ; 0           ; 0            ; 0       ; 0         ; 0    ; 0            ; |SQRT|ALP:inst1                                                                          ;              ;
;       |SM_10:inst1|                            ; 19 (0)            ; 0 (0)        ; 0           ; 0            ; 0       ; 0         ; 0    ; 0            ; |SQRT|ALP:inst1|SM_10:inst1                                                              ; work         ;
;          |lpm_add_sub:lpm_add_sub_component|   ; 19 (0)            ; 0 (0)        ; 0           ; 0            ; 0       ; 0         ; 0    ; 0            ; |SQRT|ALP:inst1|SM_10:inst1|lpm_add_sub:lpm_add_sub_component                            ; work         ;
;             |add_sub_llh:auto_generated|       ; 19 (19)           ; 0 (0)        ; 0           ; 0            ; 0       ; 0         ; 0    ; 0            ; |SQRT|ALP:inst1|SM_10:inst1|lpm_add_sub:lpm_add_sub_component|add_sub_llh:auto_generated ; work         ;
;       |ShiftReg10:inst3|                       ; 1 (0)             ; 10 (0)       ; 0           ; 0            ; 0       ; 0         ; 0    ; 0            ; |SQRT|ALP:inst1|ShiftReg10:inst3                                                         ;              ;
;          |lpm_shiftreg:lpm_shiftreg_component| ; 1 (1)             ; 10 (10)      ; 0           ; 0            ; 0       ; 0         ; 0    ; 0            ; |SQRT|ALP:inst1|ShiftReg10:inst3|lpm_shiftreg:lpm_shiftreg_component                     ;              ;
;       |ShiftReg8:inst2|                        ; 8 (0)             ; 8 (0)        ; 0           ; 0            ; 0       ; 0         ; 0    ; 0            ; |SQRT|ALP:inst1|ShiftReg8:inst2                                                          ; work         ;
;          |lpm_shiftreg:lpm_shiftreg_component| ; 8 (8)             ; 8 (8)        ; 0           ; 0            ; 0       ; 0         ; 0    ; 0            ; |SQRT|ALP:inst1|ShiftReg8:inst2|lpm_shiftreg:lpm_shiftreg_component                      ; work         ;
;       |ShiftReg8:inst4|                        ; 8 (0)             ; 8 (0)        ; 0           ; 0            ; 0       ; 0         ; 0    ; 0            ; |SQRT|ALP:inst1|ShiftReg8:inst4                                                          ;              ;
;          |lpm_shiftreg:lpm_shiftreg_component| ; 8 (8)             ; 8 (8)        ; 0           ; 0            ; 0       ; 0         ; 0    ; 0            ; |SQRT|ALP:inst1|ShiftReg8:inst4|lpm_shiftreg:lpm_shiftreg_component                      ;              ;
;    |BMU:inst|                                  ; 21 (4)            ; 24 (2)       ; 1152        ; 0            ; 0       ; 0         ; 0    ; 0            ; |SQRT|BMU:inst                                                                           ;              ;
;       |Beta1:inst|                             ; 0 (0)             ; 7 (0)        ; 0           ; 0            ; 0       ; 0         ; 0    ; 0            ; |SQRT|BMU:inst|Beta1:inst                                                                ;              ;
;          |lpm_ff:lpm_ff_component|             ; 0 (0)             ; 7 (7)        ; 0           ; 0            ; 0       ; 0         ; 0    ; 0            ; |SQRT|BMU:inst|Beta1:inst|lpm_ff:lpm_ff_component                                        ;              ;
;       |Beta2:inst3|                            ; 0 (0)             ; 5 (0)        ; 0           ; 0            ; 0       ; 0         ; 0    ; 0            ; |SQRT|BMU:inst|Beta2:inst3                                                               ; work         ;
;          |lpm_ff:lpm_ff_component|             ; 0 (0)             ; 5 (5)        ; 0           ; 0            ; 0       ; 0         ; 0    ; 0            ; |SQRT|BMU:inst|Beta2:inst3|lpm_ff:lpm_ff_component                                       ; work         ;
;       |Beta3:inst4|                            ; 5 (0)             ; 4 (0)        ; 0           ; 0            ; 0       ; 0         ; 0    ; 0            ; |SQRT|BMU:inst|Beta3:inst4                                                               ; work         ;
;          |lpm_counter:lpm_counter_component|   ; 5 (0)             ; 4 (0)        ; 0           ; 0            ; 0       ; 0         ; 0    ; 0            ; |SQRT|BMU:inst|Beta3:inst4|lpm_counter:lpm_counter_component                             ; work         ;
;             |cntr_s8j:auto_generated|          ; 5 (5)             ; 4 (4)        ; 0           ; 0            ; 0       ; 0         ; 0    ; 0            ; |SQRT|BMU:inst|Beta3:inst4|lpm_counter:lpm_counter_component|cntr_s8j:auto_generated     ; work         ;
;       |Error:inst22|                           ; 6 (0)             ; 0 (0)        ; 0           ; 0            ; 0       ; 0         ; 0    ; 0            ; |SQRT|BMU:inst|Error:inst22                                                              ;              ;
;          |lpm_xor:lpm_xor_component|           ; 6 (6)             ; 0 (0)        ; 0           ; 0            ; 0       ; 0         ; 0    ; 0            ; |SQRT|BMU:inst|Error:inst22|lpm_xor:lpm_xor_component                                    ;              ;
;       |Mux_Adr:inst14|                         ; 6 (0)             ; 0 (0)        ; 0           ; 0            ; 0       ; 0         ; 0    ; 0            ; |SQRT|BMU:inst|Mux_Adr:inst14                                                            ;              ;
;          |lpm_mux:lpm_mux_component|           ; 6 (0)             ; 0 (0)        ; 0           ; 0            ; 0       ; 0         ; 0    ; 0            ; |SQRT|BMU:inst|Mux_Adr:inst14|lpm_mux:lpm_mux_component                                  ;              ;
;             |mux_qmc:auto_generated|           ; 6 (6)             ; 0 (0)        ; 0           ; 0            ; 0       ; 0         ; 0    ; 0            ; |SQRT|BMU:inst|Mux_Adr:inst14|lpm_mux:lpm_mux_component|mux_qmc:auto_generated           ;              ;
;       |RAMC:inst15|                            ; 0 (0)             ; 6 (0)        ; 0           ; 0            ; 0       ; 0         ; 0    ; 0            ; |SQRT|BMU:inst|RAMC:inst15                                                               ; work         ;
;          |lpm_ff:lpm_ff_component|             ; 0 (0)             ; 6 (6)        ; 0           ; 0            ; 0       ; 0         ; 0    ; 0            ; |SQRT|BMU:inst|RAMC:inst15|lpm_ff:lpm_ff_component                                       ;              ;
;       |ROM:inst6|                              ; 0 (0)             ; 0 (0)        ; 1152        ; 0            ; 0       ; 0         ; 0    ; 0            ; |SQRT|BMU:inst|ROM:inst6                                                                 ; work         ;
;          |altsyncram:altsyncram_component|     ; 0 (0)             ; 0 (0)        ; 1152        ; 0            ; 0       ; 0         ; 0    ; 0            ; |SQRT|BMU:inst|ROM:inst6|altsyncram:altsyncram_component                                 ; work         ;
;             |altsyncram_9t71:auto_generated|   ; 0 (0)             ; 0 (0)        ; 1152        ; 0            ; 0       ; 0         ; 0    ; 0            ; |SQRT|BMU:inst|ROM:inst6|altsyncram:altsyncram_component|altsyncram_9t71:auto_generated  ; work         ;
+------------------------------------------------+-------------------+--------------+-------------+--------------+---------+-----------+------+--------------+------------------------------------------------------------------------------------------+--------------+
Note: For table entries with two numbers listed, the numbers in parentheses indicate the number of resources of the given type used by the specific entity alone. The numbers listed outside of parentheses indicate the total resources of the given type used by the specific entity and all of its sub-entities in the hierarchy.


+---------------------------------------------------------------------------------------------------------------------------------------------------------------------------------------------+
; Analysis & Synthesis RAM Summary                                                                                                                                                            ;
+----------------------------------------------------------------------------------------------+------+------+--------------+--------------+--------------+--------------+------+-------------+
; Name                                                                                         ; Type ; Mode ; Port A Depth ; Port A Width ; Port B Depth ; Port B Width ; Size ; MIF         ;
+----------------------------------------------------------------------------------------------+------+------+--------------+--------------+--------------+--------------+------+-------------+
; BMU:inst|ROM:inst6|altsyncram:altsyncram_component|altsyncram_9t71:auto_generated|ALTSYNCRAM ; AUTO ; ROM  ; 64           ; 18           ; --           ; --           ; 1152 ; BMU_mem.mif ;
+----------------------------------------------------------------------------------------------+------+------+--------------+--------------+--------------+--------------+------+-------------+


+----------------------------------------------------------------------------------------------------------------+
; Registers Removed During Synthesis                                                                             ;
+-------------------------------------------------------------------------------------------+--------------------+
; Register name                                                                             ; Reason for Removal ;
+-------------------------------------------------------------------------------------------+--------------------+
; ALP:inst1|CTR:inst|lpm_counter:lpm_counter_component|cntr_ntj:auto_generated|safe_q[0..2] ; Lost fanout        ;
; BMU:inst|Beta2:inst3|lpm_ff:lpm_ff_component|dffs[0]                                      ; Lost fanout        ;
; Total Number of Removed Registers = 4                                                     ;                    ;
+-------------------------------------------------------------------------------------------+--------------------+


+------------------------------------------------------+
; General Register Statistics                          ;
+----------------------------------------------+-------+
; Statistic                                    ; Value ;
+----------------------------------------------+-------+
; Total registers                              ; 50    ;
; Number of registers using Synchronous Clear  ; 17    ;
; Number of registers using Synchronous Load   ; 4     ;
; Number of registers using Asynchronous Clear ; 0     ;
; Number of registers using Asynchronous Load  ; 0     ;
; Number of registers using Clock Enable       ; 30    ;
; Number of registers using Preset             ; 0     ;
+----------------------------------------------+-------+


+-------------------------------------------------------------------------------+
; Source assignments for BMU:inst|Beta3:inst4|lpm_counter:lpm_counter_component ;
+---------------------------+-------+------+------------------------------------+
; Assignment                ; Value ; From ; To                                 ;
+---------------------------+-------+------+------------------------------------+
; SUPPRESS_DA_RULE_INTERNAL ; a101  ; -    ; -                                  ;
; SUPPRESS_DA_RULE_INTERNAL ; s102  ; -    ; -                                  ;
; SUPPRESS_DA_RULE_INTERNAL ; s103  ; -    ; -                                  ;
+---------------------------+-------+------+------------------------------------+


+----------------------------------------------------------------------------------------------------------+
; Source assignments for BMU:inst|ROM:inst6|altsyncram:altsyncram_component|altsyncram_9t71:auto_generated ;
+---------------------------------+--------------------+------+--------------------------------------------+
; Assignment                      ; Value              ; From ; To                                         ;
+---------------------------------+--------------------+------+--------------------------------------------+
; OPTIMIZE_POWER_DURING_SYNTHESIS ; NORMAL_COMPILATION ; -    ; -                                          ;
+---------------------------------+--------------------+------+--------------------------------------------+


+-----------------------------------------------------------------------------+
; Source assignments for ALP:inst1|CTR:inst|lpm_counter:lpm_counter_component ;
+---------------------------+-------+------+----------------------------------+
; Assignment                ; Value ; From ; To                               ;
+---------------------------+-------+------+----------------------------------+
; SUPPRESS_DA_RULE_INTERNAL ; a101  ; -    ; -                                ;
; SUPPRESS_DA_RULE_INTERNAL ; s102  ; -    ; -                                ;
; SUPPRESS_DA_RULE_INTERNAL ; s103  ; -    ; -                                ;
+---------------------------+-------+------+----------------------------------+


+-------------------------------------------------------------------------------------------+
; Parameter Settings for User Entity Instance: BMU:inst|Beta2:inst3|lpm_ff:lpm_ff_component ;
+------------------------+------------+-----------------------------------------------------+
; Parameter Name         ; Value      ; Type                                                ;
+------------------------+------------+-----------------------------------------------------+
; LPM_WIDTH              ; 6          ; Untyped                                             ;
; LPM_AVALUE             ; UNUSED     ; Untyped                                             ;
; LPM_SVALUE             ; UNUSED     ; Untyped                                             ;
; LPM_FFTYPE             ; DFF        ; Untyped                                             ;
; DEVICE_FAMILY          ; Cyclone II ; Untyped                                             ;
; CBXI_PARAMETER         ; NOTHING    ; Untyped                                             ;
; AUTO_CARRY_CHAINS      ; ON         ; AUTO_CARRY                                          ;
; IGNORE_CARRY_BUFFERS   ; OFF        ; IGNORE_CARRY                                        ;
; AUTO_CASCADE_CHAINS    ; ON         ; AUTO_CASCADE                                        ;
; IGNORE_CASCADE_BUFFERS ; OFF        ; IGNORE_CASCADE                                      ;
+------------------------+------------+-----------------------------------------------------+
Note: In order to hide this table in the UI and the text report file, please set the "Show Parameter Settings Tables in Synthesis Report" option in "Analysis and Synthesis Settings -> More Settings" to "Off".


+-----------------------------------------------------------------------------------------------------+
; Parameter Settings for User Entity Instance: BMU:inst|Beta3:inst4|lpm_counter:lpm_counter_component ;
+------------------------+-------------+--------------------------------------------------------------+
; Parameter Name         ; Value       ; Type                                                         ;
+------------------------+-------------+--------------------------------------------------------------+
; AUTO_CARRY_CHAINS      ; ON          ; AUTO_CARRY                                                   ;
; IGNORE_CARRY_BUFFERS   ; OFF         ; IGNORE_CARRY                                                 ;
; AUTO_CASCADE_CHAINS    ; ON          ; AUTO_CASCADE                                                 ;
; IGNORE_CASCADE_BUFFERS ; OFF         ; IGNORE_CASCADE                                               ;
; LPM_WIDTH              ; 4           ; Untyped                                                      ;
; LPM_DIRECTION          ; UP          ; Untyped                                                      ;
; LPM_MODULUS            ; 0           ; Untyped                                                      ;
; LPM_AVALUE             ; UNUSED      ; Untyped                                                      ;
; LPM_SVALUE             ; UNUSED      ; Untyped                                                      ;
; LPM_PORT_UPDOWN        ; PORT_UNUSED ; Untyped                                                      ;
; DEVICE_FAMILY          ; Cyclone II  ; Untyped                                                      ;
; CARRY_CHAIN            ; MANUAL      ; Untyped                                                      ;
; CARRY_CHAIN_LENGTH     ; 48          ; CARRY_CHAIN_LENGTH                                           ;
; NOT_GATE_PUSH_BACK     ; ON          ; NOT_GATE_PUSH_BACK                                           ;
; CARRY_CNT_EN           ; SMART       ; Untyped                                                      ;
; LABWIDE_SCLR           ; ON          ; Untyped                                                      ;
; USE_NEW_VERSION        ; TRUE        ; Untyped                                                      ;
; CBXI_PARAMETER         ; cntr_s8j    ; Untyped                                                      ;
+------------------------+-------------+--------------------------------------------------------------+
Note: In order to hide this table in the UI and the text report file, please set the "Show Parameter Settings Tables in Synthesis Report" option in "Analysis and Synthesis Settings -> More Settings" to "Off".


+-----------------------------------------------------------------+
; Parameter Settings for User Entity Instance: BMU:inst|ROM:inst6 ;
+-----------------+-------+---------------------------------------+
; Parameter Name  ; Value ; Type                                  ;
+-----------------+-------+---------------------------------------+
; WIDTH_BYTEENA_A ; 1     ; Untyped                               ;
; WIDTH_BYTEENA_B ; 1     ; Untyped                               ;
+-----------------+-------+---------------------------------------+
Note: In order to hide this table in the UI and the text report file, please set the "Show Parameter Settings Tables in Synthesis Report" option in "Analysis and Synthesis Settings -> More Settings" to "Off".


+-------------------------------------------------------------------------------------------------+
; Parameter Settings for User Entity Instance: BMU:inst|ROM:inst6|altsyncram:altsyncram_component ;
+------------------------------------+----------------------+-------------------------------------+
; Parameter Name                     ; Value                ; Type                                ;
+------------------------------------+----------------------+-------------------------------------+
; BYTE_SIZE_BLOCK                    ; 8                    ; Untyped                             ;
; AUTO_CARRY_CHAINS                  ; ON                   ; AUTO_CARRY                          ;
; IGNORE_CARRY_BUFFERS               ; OFF                  ; IGNORE_CARRY                        ;
; AUTO_CASCADE_CHAINS                ; ON                   ; AUTO_CASCADE                        ;
; IGNORE_CASCADE_BUFFERS             ; OFF                  ; IGNORE_CASCADE                      ;
; WIDTH_BYTEENA                      ; 1                    ; Untyped                             ;
; OPERATION_MODE                     ; ROM                  ; Untyped                             ;
; WIDTH_A                            ; 18                   ; Untyped                             ;
; WIDTHAD_A                          ; 6                    ; Untyped                             ;
; NUMWORDS_A                         ; 64                   ; Untyped                             ;
; OUTDATA_REG_A                      ; UNREGISTERED         ; Untyped                             ;
; ADDRESS_ACLR_A                     ; NONE                 ; Untyped                             ;
; OUTDATA_ACLR_A                     ; NONE                 ; Untyped                             ;
; WRCONTROL_ACLR_A                   ; NONE                 ; Untyped                             ;
; INDATA_ACLR_A                      ; NONE                 ; Untyped                             ;
; BYTEENA_ACLR_A                     ; NONE                 ; Untyped                             ;
; WIDTH_B                            ; 1                    ; Untyped                             ;
; WIDTHAD_B                          ; 1                    ; Untyped                             ;
; NUMWORDS_B                         ; 1                    ; Untyped                             ;
; INDATA_REG_B                       ; CLOCK1               ; Untyped                             ;
; WRCONTROL_WRADDRESS_REG_B          ; CLOCK1               ; Untyped                             ;
; RDCONTROL_REG_B                    ; CLOCK1               ; Untyped                             ;
; ADDRESS_REG_B                      ; CLOCK1               ; Untyped                             ;
; OUTDATA_REG_B                      ; UNREGISTERED         ; Untyped                             ;
; BYTEENA_REG_B                      ; CLOCK1               ; Untyped                             ;
; INDATA_ACLR_B                      ; NONE                 ; Untyped                             ;
; WRCONTROL_ACLR_B                   ; NONE                 ; Untyped                             ;
; ADDRESS_ACLR_B                     ; NONE                 ; Untyped                             ;
; OUTDATA_ACLR_B                     ; NONE                 ; Untyped                             ;
; RDCONTROL_ACLR_B                   ; NONE                 ; Untyped                             ;
; BYTEENA_ACLR_B                     ; NONE                 ; Untyped                             ;
; WIDTH_BYTEENA_A                    ; 1                    ; Untyped                             ;
; WIDTH_BYTEENA_B                    ; 1                    ; Untyped                             ;
; RAM_BLOCK_TYPE                     ; AUTO                 ; Untyped                             ;
; BYTE_SIZE                          ; 8                    ; Untyped                             ;
; READ_DURING_WRITE_MODE_MIXED_PORTS ; DONT_CARE            ; Untyped                             ;
; READ_DURING_WRITE_MODE_PORT_A      ; NEW_DATA_NO_NBE_READ ; Untyped                             ;
; READ_DURING_WRITE_MODE_PORT_B      ; NEW_DATA_NO_NBE_READ ; Untyped                             ;
; INIT_FILE                          ; BMU_mem.mif          ; Untyped                             ;
; INIT_FILE_LAYOUT                   ; PORT_A               ; Untyped                             ;
; MAXIMUM_DEPTH                      ; 0                    ; Untyped                             ;
; CLOCK_ENABLE_INPUT_A               ; BYPASS               ; Untyped                             ;
; CLOCK_ENABLE_INPUT_B               ; NORMAL               ; Untyped                             ;
; CLOCK_ENABLE_OUTPUT_A              ; BYPASS               ; Untyped                             ;
; CLOCK_ENABLE_OUTPUT_B              ; NORMAL               ; Untyped                             ;
; CLOCK_ENABLE_CORE_A                ; USE_INPUT_CLKEN      ; Untyped                             ;
; CLOCK_ENABLE_CORE_B                ; USE_INPUT_CLKEN      ; Untyped                             ;
; ENABLE_ECC                         ; FALSE                ; Untyped                             ;
; DEVICE_FAMILY                      ; Cyclone II           ; Untyped                             ;
; CBXI_PARAMETER                     ; altsyncram_9t71      ; Untyped                             ;
+------------------------------------+----------------------+-------------------------------------+
Note: In order to hide this table in the UI and the text report file, please set the "Show Parameter Settings Tables in Synthesis Report" option in "Analysis and Synthesis Settings -> More Settings" to "Off".


+-------------------------------------------------------------------------------------------+
; Parameter Settings for User Entity Instance: BMU:inst|RAMC:inst15|lpm_ff:lpm_ff_component ;
+------------------------+------------+-----------------------------------------------------+
; Parameter Name         ; Value      ; Type                                                ;
+------------------------+------------+-----------------------------------------------------+
; LPM_WIDTH              ; 6          ; Untyped                                             ;
; LPM_AVALUE             ; UNUSED     ; Untyped                                             ;
; LPM_SVALUE             ; UNUSED     ; Untyped                                             ;
; LPM_FFTYPE             ; DFF        ; Untyped                                             ;
; DEVICE_FAMILY          ; Cyclone II ; Untyped                                             ;
; CBXI_PARAMETER         ; NOTHING    ; Untyped                                             ;
; AUTO_CARRY_CHAINS      ; ON         ; AUTO_CARRY                                          ;
; IGNORE_CARRY_BUFFERS   ; OFF        ; IGNORE_CARRY                                        ;
; AUTO_CASCADE_CHAINS    ; ON         ; AUTO_CASCADE                                        ;
; IGNORE_CASCADE_BUFFERS ; OFF        ; IGNORE_CASCADE                                      ;
+------------------------+------------+-----------------------------------------------------+
Note: In order to hide this table in the UI and the text report file, please set the "Show Parameter Settings Tables in Synthesis Report" option in "Analysis and Synthesis Settings -> More Settings" to "Off".


+------------------------------------------------------------------------------------------------+
; Parameter Settings for User Entity Instance: BMU:inst|Mux_Adr:inst14|lpm_mux:lpm_mux_component ;
+------------------------+------------+----------------------------------------------------------+
; Parameter Name         ; Value      ; Type                                                     ;
+------------------------+------------+----------------------------------------------------------+
; AUTO_CARRY_CHAINS      ; ON         ; AUTO_CARRY                                               ;
; IGNORE_CARRY_BUFFERS   ; OFF        ; IGNORE_CARRY                                             ;
; AUTO_CASCADE_CHAINS    ; ON         ; AUTO_CASCADE                                             ;
; IGNORE_CASCADE_BUFFERS ; OFF        ; IGNORE_CASCADE                                           ;
; LPM_WIDTH              ; 6          ; Untyped                                                  ;
; LPM_SIZE               ; 2          ; Untyped                                                  ;
; LPM_WIDTHS             ; 1          ; Untyped                                                  ;
; LPM_PIPELINE           ; 0          ; Untyped                                                  ;
; CBXI_PARAMETER         ; mux_qmc    ; Untyped                                                  ;
; DEVICE_FAMILY          ; Cyclone II ; Untyped                                                  ;
+------------------------+------------+----------------------------------------------------------+
Note: In order to hide this table in the UI and the text report file, please set the "Show Parameter Settings Tables in Synthesis Report" option in "Analysis and Synthesis Settings -> More Settings" to "Off".


+------------------------------------------------------------------------------------------+
; Parameter Settings for User Entity Instance: BMU:inst|Beta1:inst|lpm_ff:lpm_ff_component ;
+------------------------+------------+----------------------------------------------------+
; Parameter Name         ; Value      ; Type                                               ;
+------------------------+------------+----------------------------------------------------+
; LPM_WIDTH              ; 7          ; Untyped                                            ;
; LPM_AVALUE             ; UNUSED     ; Untyped                                            ;
; LPM_SVALUE             ; UNUSED     ; Untyped                                            ;
; LPM_FFTYPE             ; DFF        ; Untyped                                            ;
; DEVICE_FAMILY          ; Cyclone II ; Untyped                                            ;
; CBXI_PARAMETER         ; NOTHING    ; Untyped                                            ;
; AUTO_CARRY_CHAINS      ; ON         ; AUTO_CARRY                                         ;
; IGNORE_CARRY_BUFFERS   ; OFF        ; IGNORE_CARRY                                       ;
; AUTO_CASCADE_CHAINS    ; ON         ; AUTO_CASCADE                                       ;
; IGNORE_CASCADE_BUFFERS ; OFF        ; IGNORE_CASCADE                                     ;
+------------------------+------------+----------------------------------------------------+
Note: In order to hide this table in the UI and the text report file, please set the "Show Parameter Settings Tables in Synthesis Report" option in "Analysis and Synthesis Settings -> More Settings" to "Off".


+--------------------------------------------------------------------------------------------+
; Parameter Settings for User Entity Instance: BMU:inst|Mux4:inst8|lpm_mux:lpm_mux_component ;
+------------------------+------------+------------------------------------------------------+
; Parameter Name         ; Value      ; Type                                                 ;
+------------------------+------------+------------------------------------------------------+
; AUTO_CARRY_CHAINS      ; ON         ; AUTO_CARRY                                           ;
; IGNORE_CARRY_BUFFERS   ; OFF        ; IGNORE_CARRY                                         ;
; AUTO_CASCADE_CHAINS    ; ON         ; AUTO_CASCADE                                         ;
; IGNORE_CASCADE_BUFFERS ; OFF        ; IGNORE_CASCADE                                       ;
; LPM_WIDTH              ; 1          ; Untyped                                              ;
; LPM_SIZE               ; 4          ; Untyped                                              ;
; LPM_WIDTHS             ; 2          ; Untyped                                              ;
; LPM_PIPELINE           ; 0          ; Untyped                                              ;
; CBXI_PARAMETER         ; mux_omc    ; Untyped                                              ;
; DEVICE_FAMILY          ; Cyclone II ; Untyped                                              ;
+------------------------+------------+------------------------------------------------------+
Note: In order to hide this table in the UI and the text report file, please set the "Show Parameter Settings Tables in Synthesis Report" option in "Analysis and Synthesis Settings -> More Settings" to "Off".


+-----------------------------------------------------------------------------------------------------------+
; Parameter Settings for User Entity Instance: BMU:inst|StartAdr:inst13|lpm_constant:lpm_constant_component ;
+--------------------+------------------+-------------------------------------------------------------------+
; Parameter Name     ; Value            ; Type                                                              ;
+--------------------+------------------+-------------------------------------------------------------------+
; LPM_WIDTH          ; 6                ; Untyped                                                           ;
; LPM_CVALUE         ; 24               ; Untyped                                                           ;
; ENABLE_RUNTIME_MOD ; NO               ; Untyped                                                           ;
; CBXI_PARAMETER     ; lpm_constant_1g6 ; Untyped                                                           ;
+--------------------+------------------+-------------------------------------------------------------------+
Note: In order to hide this table in the UI and the text report file, please set the "Show Parameter Settings Tables in Synthesis Report" option in "Analysis and Synthesis Settings -> More Settings" to "Off".


+----------------------------------------------------------------------------------------------+
; Parameter Settings for User Entity Instance: BMU:inst|Error:inst22|lpm_xor:lpm_xor_component ;
+----------------+-------+---------------------------------------------------------------------+
; Parameter Name ; Value ; Type                                                                ;
+----------------+-------+---------------------------------------------------------------------+
; LPM_WIDTH      ; 1     ; Untyped                                                             ;
; LPM_SIZE       ; 18    ; Untyped                                                             ;
+----------------+-------+---------------------------------------------------------------------+
Note: In order to hide this table in the UI and the text report file, please set the "Show Parameter Settings Tables in Synthesis Report" option in "Analysis and Synthesis Settings -> More Settings" to "Off".


+------------------------------------------------------------------------------------------------------------+
; Parameter Settings for User Entity Instance: ALP:inst1|ShiftReg8:inst4|lpm_shiftreg:lpm_shiftreg_component ;
+------------------------+------------+----------------------------------------------------------------------+
; Parameter Name         ; Value      ; Type                                                                 ;
+------------------------+------------+----------------------------------------------------------------------+
; LPM_WIDTH              ; 8          ; Untyped                                                              ;
; LPM_DIRECTION          ; LEFT       ; Untyped                                                              ;
; LPM_AVALUE             ; UNUSED     ; Untyped                                                              ;
; LPM_SVALUE             ; UNUSED     ; Untyped                                                              ;
; DEVICE_FAMILY          ; Cyclone II ; Untyped                                                              ;
; AUTO_CARRY_CHAINS      ; ON         ; AUTO_CARRY                                                           ;
; IGNORE_CARRY_BUFFERS   ; OFF        ; IGNORE_CARRY                                                         ;
; AUTO_CASCADE_CHAINS    ; ON         ; AUTO_CASCADE                                                         ;
; IGNORE_CASCADE_BUFFERS ; OFF        ; IGNORE_CASCADE                                                       ;
+------------------------+------------+----------------------------------------------------------------------+
Note: In order to hide this table in the UI and the text report file, please set the "Show Parameter Settings Tables in Synthesis Report" option in "Analysis and Synthesis Settings -> More Settings" to "Off".


+-------------------------------------------------------------------------------------------------------------+
; Parameter Settings for User Entity Instance: ALP:inst1|ShiftReg10:inst3|lpm_shiftreg:lpm_shiftreg_component ;
+------------------------+------------+-----------------------------------------------------------------------+
; Parameter Name         ; Value      ; Type                                                                  ;
+------------------------+------------+-----------------------------------------------------------------------+
; LPM_WIDTH              ; 10         ; Untyped                                                               ;
; LPM_DIRECTION          ; LEFT       ; Untyped                                                               ;
; LPM_AVALUE             ; UNUSED     ; Untyped                                                               ;
; LPM_SVALUE             ; UNUSED     ; Untyped                                                               ;
; DEVICE_FAMILY          ; Cyclone II ; Untyped                                                               ;
; AUTO_CARRY_CHAINS      ; ON         ; AUTO_CARRY                                                            ;
; IGNORE_CARRY_BUFFERS   ; OFF        ; IGNORE_CARRY                                                          ;
; AUTO_CASCADE_CHAINS    ; ON         ; AUTO_CASCADE                                                          ;
; IGNORE_CASCADE_BUFFERS ; OFF        ; IGNORE_CASCADE                                                        ;
+------------------------+------------+-----------------------------------------------------------------------+
Note: In order to hide this table in the UI and the text report file, please set the "Show Parameter Settings Tables in Synthesis Report" option in "Analysis and Synthesis Settings -> More Settings" to "Off".


+------------------------------------------------------------------------------------------------------------+
; Parameter Settings for User Entity Instance: ALP:inst1|ShiftReg8:inst2|lpm_shiftreg:lpm_shiftreg_component ;
+------------------------+------------+----------------------------------------------------------------------+
; Parameter Name         ; Value      ; Type                                                                 ;
+------------------------+------------+----------------------------------------------------------------------+
; LPM_WIDTH              ; 8          ; Untyped                                                              ;
; LPM_DIRECTION          ; LEFT       ; Untyped                                                              ;
; LPM_AVALUE             ; UNUSED     ; Untyped                                                              ;
; LPM_SVALUE             ; UNUSED     ; Untyped                                                              ;
; DEVICE_FAMILY          ; Cyclone II ; Untyped                                                              ;
; AUTO_CARRY_CHAINS      ; ON         ; AUTO_CARRY                                                           ;
; IGNORE_CARRY_BUFFERS   ; OFF        ; IGNORE_CARRY                                                         ;
; AUTO_CASCADE_CHAINS    ; ON         ; AUTO_CASCADE                                                         ;
; IGNORE_CASCADE_BUFFERS ; OFF        ; IGNORE_CASCADE                                                       ;
+------------------------+------------+----------------------------------------------------------------------+
Note: In order to hide this table in the UI and the text report file, please set the "Show Parameter Settings Tables in Synthesis Report" option in "Analysis and Synthesis Settings -> More Settings" to "Off".


+------------------------------------------------------------------------------------------------------+
; Parameter Settings for User Entity Instance: ALP:inst1|SM_10:inst1|lpm_add_sub:lpm_add_sub_component ;
+------------------------+-------------+---------------------------------------------------------------+
; Parameter Name         ; Value       ; Type                                                          ;
+------------------------+-------------+---------------------------------------------------------------+
; LPM_WIDTH              ; 10          ; Untyped                                                       ;
; LPM_REPRESENTATION     ; UNSIGNED    ; Untyped                                                       ;
; LPM_DIRECTION          ; ADD         ; Untyped                                                       ;
; ONE_INPUT_IS_CONSTANT  ; NO          ; Untyped                                                       ;
; LPM_PIPELINE           ; 0           ; Untyped                                                       ;
; MAXIMIZE_SPEED         ; 5           ; Untyped                                                       ;
; REGISTERED_AT_END      ; 0           ; Untyped                                                       ;
; OPTIMIZE_FOR_SPEED     ; 5           ; Untyped                                                       ;
; USE_CS_BUFFERS         ; 1           ; Untyped                                                       ;
; CARRY_CHAIN            ; MANUAL      ; Untyped                                                       ;
; CARRY_CHAIN_LENGTH     ; 48          ; CARRY_CHAIN_LENGTH                                            ;
; DEVICE_FAMILY          ; Cyclone II  ; Untyped                                                       ;
; USE_WYS                ; OFF         ; Untyped                                                       ;
; STYLE                  ; FAST        ; Untyped                                                       ;
; CBXI_PARAMETER         ; add_sub_llh ; Untyped                                                       ;
; AUTO_CARRY_CHAINS      ; ON          ; AUTO_CARRY                                                    ;
; IGNORE_CARRY_BUFFERS   ; OFF         ; IGNORE_CARRY                                                  ;
; AUTO_CASCADE_CHAINS    ; ON          ; AUTO_CASCADE                                                  ;
; IGNORE_CASCADE_BUFFERS ; OFF         ; IGNORE_CASCADE                                                ;
+------------------------+-------------+---------------------------------------------------------------+
Note: In order to hide this table in the UI and the text report file, please set the "Show Parameter Settings Tables in Synthesis Report" option in "Analysis and Synthesis Settings -> More Settings" to "Off".


+---------------------------------------------------------------------------------------------------+
; Parameter Settings for User Entity Instance: ALP:inst1|CTR:inst|lpm_counter:lpm_counter_component ;
+------------------------+-------------+------------------------------------------------------------+
; Parameter Name         ; Value       ; Type                                                       ;
+------------------------+-------------+------------------------------------------------------------+
; AUTO_CARRY_CHAINS      ; ON          ; AUTO_CARRY                                                 ;
; IGNORE_CARRY_BUFFERS   ; OFF         ; IGNORE_CARRY                                               ;
; AUTO_CASCADE_CHAINS    ; ON          ; AUTO_CASCADE                                               ;
; IGNORE_CASCADE_BUFFERS ; OFF         ; IGNORE_CASCADE                                             ;
; LPM_WIDTH              ; 3           ; Untyped                                                    ;
; LPM_DIRECTION          ; DOWN        ; Untyped                                                    ;
; LPM_MODULUS            ; 0           ; Untyped                                                    ;
; LPM_AVALUE             ; UNUSED      ; Untyped                                                    ;
; LPM_SVALUE             ; UNUSED      ; Untyped                                                    ;
; LPM_PORT_UPDOWN        ; PORT_UNUSED ; Untyped                                                    ;
; DEVICE_FAMILY          ; Cyclone II  ; Untyped                                                    ;
; CARRY_CHAIN            ; MANUAL      ; Untyped                                                    ;
; CARRY_CHAIN_LENGTH     ; 48          ; CARRY_CHAIN_LENGTH                                         ;
; NOT_GATE_PUSH_BACK     ; ON          ; NOT_GATE_PUSH_BACK                                         ;
; CARRY_CNT_EN           ; SMART       ; Untyped                                                    ;
; LABWIDE_SCLR           ; ON          ; Untyped                                                    ;
; USE_NEW_VERSION        ; TRUE        ; Untyped                                                    ;
; CBXI_PARAMETER         ; cntr_ntj    ; Untyped                                                    ;
+------------------------+-------------+------------------------------------------------------------+
Note: In order to hide this table in the UI and the text report file, please set the "Show Parameter Settings Tables in Synthesis Report" option in "Analysis and Synthesis Settings -> More Settings" to "Off".


+------------------------------------------------------------------------------------------------+
; altsyncram Parameter Settings by Entity Instance                                               ;
+-------------------------------------------+----------------------------------------------------+
; Name                                      ; Value                                              ;
+-------------------------------------------+----------------------------------------------------+
; Number of entity instances                ; 1                                                  ;
; Entity Instance                           ; BMU:inst|ROM:inst6|altsyncram:altsyncram_component ;
;     -- OPERATION_MODE                     ; ROM                                                ;
;     -- WIDTH_A                            ; 18                                                 ;
;     -- NUMWORDS_A                         ; 64                                                 ;
;     -- OUTDATA_REG_A                      ; UNREGISTERED                                       ;
;     -- WIDTH_B                            ; 1                                                  ;
;     -- NUMWORDS_B                         ; 1                                                  ;
;     -- ADDRESS_REG_B                      ; CLOCK1                                             ;
;     -- OUTDATA_REG_B                      ; UNREGISTERED                                       ;
;     -- RAM_BLOCK_TYPE                     ; AUTO                                               ;
;     -- READ_DURING_WRITE_MODE_MIXED_PORTS ; DONT_CARE                                          ;
+-------------------------------------------+----------------------------------------------------+


+---------------------------------------------------------------------------------------------+
; lpm_shiftreg Parameter Settings by Entity Instance                                          ;
+----------------------------+----------------------------------------------------------------+
; Name                       ; Value                                                          ;
+----------------------------+----------------------------------------------------------------+
; Number of entity instances ; 3                                                              ;
; Entity Instance            ; ALP:inst1|ShiftReg8:inst4|lpm_shiftreg:lpm_shiftreg_component  ;
;     -- LPM_WIDTH           ; 8                                                              ;
;     -- LPM_DIRECTION       ; LEFT                                                           ;
; Entity Instance            ; ALP:inst1|ShiftReg10:inst3|lpm_shiftreg:lpm_shiftreg_component ;
;     -- LPM_WIDTH           ; 10                                                             ;
;     -- LPM_DIRECTION       ; LEFT                                                           ;
; Entity Instance            ; ALP:inst1|ShiftReg8:inst2|lpm_shiftreg:lpm_shiftreg_component  ;
;     -- LPM_WIDTH           ; 8                                                              ;
;     -- LPM_DIRECTION       ; LEFT                                                           ;
+----------------------------+----------------------------------------------------------------+


+-------------------------------+
; Analysis & Synthesis Messages ;
+-------------------------------+
Info: *******************************************************************
Info: Running Quartus II Analysis & Synthesis
    Info: Version 9.1 Build 222 10/21/2009 SJ Full Version
    Info: Processing started: Thu Dec 19 06:01:59 2013
Info: Command: quartus_map --read_settings_files=on --write_settings_files=off SQRT -c SQRT
Info: Only one processor detected - disabling parallel compilation
Info: Found 1 design units, including 1 entities, in source file sqrt.bdf
    Info: Found entity 1: SQRT
Info: Found 1 design units, including 1 entities, in source file bmu.bdf
    Info: Found entity 1: BMU
Info: Found 1 design units, including 1 entities, in source file alp.bdf
    Info: Found entity 1: ALP
Info: Found 1 design units, including 1 entities, in source file testreg.bdf
    Info: Found entity 1: TestReg
Info: Elaborating entity "SQRT" for the top level hierarchy
Info: Elaborating entity "BMU" for hierarchy "BMU:inst"
Warning: Primitive "DFF" of instance "inst5" not used
Warning: Using design file beta2.tdf, which is not specified as a design file for the current project, but contains definitions for 1 design units and 1 entities in project
    Info: Found entity 1: Beta2
Info: Elaborating entity "Beta2" for hierarchy "BMU:inst|Beta2:inst3"
Info: Elaborating entity "lpm_ff" for hierarchy "BMU:inst|Beta2:inst3|lpm_ff:lpm_ff_component"
Info: Elaborated megafunction instantiation "BMU:inst|Beta2:inst3|lpm_ff:lpm_ff_component"
Info: Instantiated megafunction "BMU:inst|Beta2:inst3|lpm_ff:lpm_ff_component" with the following parameter:
    Info: Parameter "LPM_TYPE" = "LPM_FF"
    Info: Parameter "LPM_WIDTH" = "6"
    Info: Parameter "LPM_FFTYPE" = "DFF"
Warning: Using design file beta3.tdf, which is not specified as a design file for the current project, but contains definitions for 1 design units and 1 entities in project
    Info: Found entity 1: Beta3
Info: Elaborating entity "Beta3" for hierarchy "BMU:inst|Beta3:inst4"
Info: Elaborating entity "lpm_counter" for hierarchy "BMU:inst|Beta3:inst4|lpm_counter:lpm_counter_component"
Info: Elaborated megafunction instantiation "BMU:inst|Beta3:inst4|lpm_counter:lpm_counter_component"
Info: Instantiated megafunction "BMU:inst|Beta3:inst4|lpm_counter:lpm_counter_component" with the following parameter:
    Info: Parameter "LPM_TYPE" = "LPM_COUNTER"
    Info: Parameter "LPM_WIDTH" = "4"
    Info: Parameter "LPM_DIRECTION" = "UP"
    Info: Parameter "LPM_PORT_UPDOWN" = "PORT_UNUSED"
Info: Found 1 design units, including 1 entities, in source file db/cntr_s8j.tdf
    Info: Found entity 1: cntr_s8j
Info: Elaborating entity "cntr_s8j" for hierarchy "BMU:inst|Beta3:inst4|lpm_counter:lpm_counter_component|cntr_s8j:auto_generated"
Warning: Using design file rom.tdf, which is not specified as a design file for the current project, but contains definitions for 1 design units and 1 entities in project
    Info: Found entity 1: ROM
Info: Elaborating entity "ROM" for hierarchy "BMU:inst|ROM:inst6"
Info: Elaborating entity "altsyncram" for hierarchy "BMU:inst|ROM:inst6|altsyncram:altsyncram_component"
Info: Elaborated megafunction instantiation "BMU:inst|ROM:inst6|altsyncram:altsyncram_component"
Info: Instantiated megafunction "BMU:inst|ROM:inst6|altsyncram:altsyncram_component" with the following parameter:
    Info: Parameter "LPM_TYPE" = "altsyncram"
    Info: Parameter "LPM_HINT" = "ENABLE_RUNTIME_MOD=NO"
    Info: Parameter "INTENDED_DEVICE_FAMILY" = "Cyclone II"
    Info: Parameter "OPERATION_MODE" = "ROM"
    Info: Parameter "WIDTH_A" = "18"
    Info: Parameter "WIDTHAD_A" = "6"
    Info: Parameter "NUMWORDS_A" = "64"
    Info: Parameter "OUTDATA_REG_A" = "UNREGISTERED"
    Info: Parameter "OUTDATA_ACLR_A" = "NONE"
    Info: Parameter "INIT_FILE" = "BMU_mem.mif"
    Info: Parameter "WIDTH_BYTEENA_A" = "1"
    Info: Parameter "CLOCK_ENABLE_INPUT_A" = "BYPASS"
    Info: Parameter "CLOCK_ENABLE_OUTPUT_A" = "BYPASS"
Info: Found 1 design units, including 1 entities, in source file db/altsyncram_9t71.tdf
    Info: Found entity 1: altsyncram_9t71
Info: Elaborating entity "altsyncram_9t71" for hierarchy "BMU:inst|ROM:inst6|altsyncram:altsyncram_component|altsyncram_9t71:auto_generated"
Warning: Using design file ramc.tdf, which is not specified as a design file for the current project, but contains definitions for 1 design units and 1 entities in project
    Info: Found entity 1: RAMC
Info: Elaborating entity "RAMC" for hierarchy "BMU:inst|RAMC:inst15"
Warning: Using design file mux_adr.tdf, which is not specified as a design file for the current project, but contains definitions for 1 design units and 1 entities in project
    Info: Found entity 1: Mux_Adr
Info: Elaborating entity "Mux_Adr" for hierarchy "BMU:inst|Mux_Adr:inst14"
Info: Elaborating entity "lpm_mux" for hierarchy "BMU:inst|Mux_Adr:inst14|lpm_mux:lpm_mux_component"
Info: Elaborated megafunction instantiation "BMU:inst|Mux_Adr:inst14|lpm_mux:lpm_mux_component"
Info: Instantiated megafunction "BMU:inst|Mux_Adr:inst14|lpm_mux:lpm_mux_component" with the following parameter:
    Info: Parameter "LPM_TYPE" = "LPM_MUX"
    Info: Parameter "LPM_WIDTH" = "6"
    Info: Parameter "LPM_SIZE" = "2"
    Info: Parameter "LPM_WIDTHS" = "1"
Info: Found 1 design units, including 1 entities, in source file db/mux_qmc.tdf
    Info: Found entity 1: mux_qmc
Info: Elaborating entity "mux_qmc" for hierarchy "BMU:inst|Mux_Adr:inst14|lpm_mux:lpm_mux_component|mux_qmc:auto_generated"
Warning: Using design file beta1.tdf, which is not specified as a design file for the current project, but contains definitions for 1 design units and 1 entities in project
    Info: Found entity 1: Beta1
Info: Elaborating entity "Beta1" for hierarchy "BMU:inst|Beta1:inst"
Info: Elaborating entity "lpm_ff" for hierarchy "BMU:inst|Beta1:inst|lpm_ff:lpm_ff_component"
Info: Elaborated megafunction instantiation "BMU:inst|Beta1:inst|lpm_ff:lpm_ff_component"
Info: Instantiated megafunction "BMU:inst|Beta1:inst|lpm_ff:lpm_ff_component" with the following parameter:
    Info: Parameter "LPM_TYPE" = "LPM_FF"
    Info: Parameter "LPM_WIDTH" = "7"
    Info: Parameter "LPM_FFTYPE" = "DFF"
Warning: Using design file mux4.tdf, which is not specified as a design file for the current project, but contains definitions for 1 design units and 1 entities in project
    Info: Found entity 1: Mux4
Info: Elaborating entity "Mux4" for hierarchy "BMU:inst|Mux4:inst8"
Info: Elaborating entity "lpm_mux" for hierarchy "BMU:inst|Mux4:inst8|lpm_mux:lpm_mux_component"
Info: Elaborated megafunction instantiation "BMU:inst|Mux4:inst8|lpm_mux:lpm_mux_component"
Info: Instantiated megafunction "BMU:inst|Mux4:inst8|lpm_mux:lpm_mux_component" with the following parameter:
    Info: Parameter "LPM_TYPE" = "LPM_MUX"
    Info: Parameter "LPM_WIDTH" = "1"
    Info: Parameter "LPM_SIZE" = "4"
    Info: Parameter "LPM_WIDTHS" = "2"
Info: Found 1 design units, including 1 entities, in source file db/mux_omc.tdf
    Info: Found entity 1: mux_omc
Info: Elaborating entity "mux_omc" for hierarchy "BMU:inst|Mux4:inst8|lpm_mux:lpm_mux_component|mux_omc:auto_generated"
Warning: Using design file startadr.tdf, which is not specified as a design file for the current project, but contains definitions for 1 design units and 1 entities in project
    Info: Found entity 1: StartAdr
Info: Elaborating entity "StartAdr" for hierarchy "BMU:inst|StartAdr:inst13"
Info: Elaborating entity "lpm_constant" for hierarchy "BMU:inst|StartAdr:inst13|lpm_constant:lpm_constant_component"
Info: Elaborated megafunction instantiation "BMU:inst|StartAdr:inst13|lpm_constant:lpm_constant_component"
Info: Instantiated megafunction "BMU:inst|StartAdr:inst13|lpm_constant:lpm_constant_component" with the following parameter:
    Info: Parameter "LPM_TYPE" = "LPM_CONSTANT"
    Info: Parameter "LPM_HINT" = "ENABLE_RUNTIME_MOD=NO"
    Info: Parameter "LPM_WIDTH" = "6"
    Info: Parameter "LPM_CVALUE" = "24"
Warning: Using design file error.tdf, which is not specified as a design file for the current project, but contains definitions for 1 design units and 1 entities in project
    Info: Found entity 1: Error
Info: Elaborating entity "Error" for hierarchy "BMU:inst|Error:inst22"
Info: Elaborating entity "lpm_xor" for hierarchy "BMU:inst|Error:inst22|lpm_xor:lpm_xor_component"
Info: Elaborated megafunction instantiation "BMU:inst|Error:inst22|lpm_xor:lpm_xor_component"
Info: Instantiated megafunction "BMU:inst|Error:inst22|lpm_xor:lpm_xor_component" with the following parameter:
    Info: Parameter "LPM_TYPE" = "LPM_XOR"
    Info: Parameter "LPM_WIDTH" = "1"
    Info: Parameter "LPM_SIZE" = "18"
Info: Elaborating entity "ALP" for hierarchy "ALP:inst1"
Warning: Pin "XC" is missing source
Warning: Primitive "NOR3" of instance "inst23" not used
Warning: Using design file shiftreg8.tdf, which is not specified as a design file for the current project, but contains definitions for 1 design units and 1 entities in project
    Info: Found entity 1: ShiftReg8
Info: Elaborating entity "ShiftReg8" for hierarchy "ALP:inst1|ShiftReg8:inst4"
Info: Elaborating entity "lpm_shiftreg" for hierarchy "ALP:inst1|ShiftReg8:inst4|lpm_shiftreg:lpm_shiftreg_component"
Info: Elaborated megafunction instantiation "ALP:inst1|ShiftReg8:inst4|lpm_shiftreg:lpm_shiftreg_component"
Info: Instantiated megafunction "ALP:inst1|ShiftReg8:inst4|lpm_shiftreg:lpm_shiftreg_component" with the following parameter:
    Info: Parameter "LPM_TYPE" = "LPM_SHIFTREG"
    Info: Parameter "LPM_WIDTH" = "8"
    Info: Parameter "LPM_DIRECTION" = "LEFT"
Warning: Using design file shiftreg10.tdf, which is not specified as a design file for the current project, but contains definitions for 1 design units and 1 entities in project
    Info: Found entity 1: ShiftReg10
Info: Elaborating entity "ShiftReg10" for hierarchy "ALP:inst1|ShiftReg10:inst3"
Info: Elaborating entity "lpm_shiftreg" for hierarchy "ALP:inst1|ShiftReg10:inst3|lpm_shiftreg:lpm_shiftreg_component"
Info: Elaborated megafunction instantiation "ALP:inst1|ShiftReg10:inst3|lpm_shiftreg:lpm_shiftreg_component"
Info: Instantiated megafunction "ALP:inst1|ShiftReg10:inst3|lpm_shiftreg:lpm_shiftreg_component" with the following parameter:
    Info: Parameter "LPM_TYPE" = "LPM_SHIFTREG"
    Info: Parameter "LPM_WIDTH" = "10"
    Info: Parameter "LPM_DIRECTION" = "LEFT"
Info: Elaborating entity "ShiftReg8" for hierarchy "ALP:inst1|ShiftReg8:inst2"
Warning: Using design file sm_10.tdf, which is not specified as a design file for the current project, but contains definitions for 1 design units and 1 entities in project
    Info: Found entity 1: SM_10
Info: Elaborating entity "SM_10" for hierarchy "ALP:inst1|SM_10:inst1"
Info: Elaborating entity "lpm_add_sub" for hierarchy "ALP:inst1|SM_10:inst1|lpm_add_sub:lpm_add_sub_component"
Info: Elaborated megafunction instantiation "ALP:inst1|SM_10:inst1|lpm_add_sub:lpm_add_sub_component"
Info: Instantiated megafunction "ALP:inst1|SM_10:inst1|lpm_add_sub:lpm_add_sub_component" with the following parameter:
    Info: Parameter "LPM_TYPE" = "LPM_ADD_SUB"
    Info: Parameter "LPM_HINT" = "ONE_INPUT_IS_CONSTANT=NO,CIN_USED=NO"
    Info: Parameter "LPM_WIDTH" = "10"
    Info: Parameter "LPM_REPRESENTATION" = "UNSIGNED"
    Info: Parameter "LPM_DIRECTION" = "ADD"
Info: Found 1 design units, including 1 entities, in source file db/add_sub_llh.tdf
    Info: Found entity 1: add_sub_llh
Info: Elaborating entity "add_sub_llh" for hierarchy "ALP:inst1|SM_10:inst1|lpm_add_sub:lpm_add_sub_component|add_sub_llh:auto_generated"
Warning: Using design file ctr.tdf, which is not specified as a design file for the current project, but contains definitions for 1 design units and 1 entities in project
    Info: Found entity 1: CTR
Info: Elaborating entity "CTR" for hierarchy "ALP:inst1|CTR:inst"
Info: Elaborating entity "lpm_counter" for hierarchy "ALP:inst1|CTR:inst|lpm_counter:lpm_counter_component"
Info: Elaborated megafunction instantiation "ALP:inst1|CTR:inst|lpm_counter:lpm_counter_component"
Info: Instantiated megafunction "ALP:inst1|CTR:inst|lpm_counter:lpm_counter_component" with the following parameter:
    Info: Parameter "LPM_TYPE" = "LPM_COUNTER"
    Info: Parameter "LPM_WIDTH" = "3"
    Info: Parameter "LPM_DIRECTION" = "DOWN"
    Info: Parameter "LPM_PORT_UPDOWN" = "PORT_UNUSED"
Info: Found 1 design units, including 1 entities, in source file db/cntr_ntj.tdf
    Info: Found entity 1: cntr_ntj
Info: Elaborating entity "cntr_ntj" for hierarchy "ALP:inst1|CTR:inst|lpm_counter:lpm_counter_component|cntr_ntj:auto_generated"
Info: 4 registers lost all their fanouts during netlist optimizations. The first 4 are displayed below.
    Info: Register "ALP:inst1|CTR:inst|lpm_counter:lpm_counter_component|cntr_ntj:auto_generated|safe_q[2]" lost all its fanouts during netlist optimizations.
    Info: Register "ALP:inst1|CTR:inst|lpm_counter:lpm_counter_component|cntr_ntj:auto_generated|safe_q[1]" lost all its fanouts during netlist optimizations.
    Info: Register "ALP:inst1|CTR:inst|lpm_counter:lpm_counter_component|cntr_ntj:auto_generated|safe_q[0]" lost all its fanouts during netlist optimizations.
    Info: Register "BMU:inst|Beta2:inst3|lpm_ff:lpm_ff_component|dffs[0]" lost all its fanouts during netlist optimizations.
Info: Implemented 116 device resources after synthesis - the final resource count might be different
    Info: Implemented 10 input pins
    Info: Implemented 9 output pins
    Info: Implemented 79 logic cells
    Info: Implemented 18 RAM segments
Info: Quartus II Analysis & Synthesis was successful. 0 errors, 16 warnings
    Info: Peak virtual memory: 221 megabytes
    Info: Processing ended: Thu Dec 19 06:02:02 2013
    Info: Elapsed time: 00:00:03
    Info: Total CPU time (on all processors): 00:00:03


