C:\SPPROJ\LAB11\LAB11\DEBUG\LAB11.PCH
C:\SPPROJ\LAB11\LAB11\DEBUG\STDAFX.OBJ
C:\SPPROJ\LAB11\LAB11\DEBUG\VC110.PDB
C:\SPPROJ\LAB11\LAB11\DEBUG\LAB11.OBJ
D:\OBUCHENIE\2 курс 4 семестр\Системне програмування\11\LAB11\LAB11\DEBUG\LAB11.PCH
D:\OBUCHENIE\2 курс 4 семестр\Системне програмування\11\LAB11\LAB11\DEBUG\STDAFX.OBJ
D:\OBUCHENIE\2 КУРС 4 СЕМЕСТР\СИСТЕМНЕ ПРОГРАМУВАННЯ\11\LAB11\LAB11\DEBUG\VC110.PDB
D:\OBUCHENIE\2 курс 4 семестр\Системне програмування\11\LAB11\LAB11\DEBUG\LAB11.OBJ
C:\SPProj\Lab11\Lab11\Debug\module.obj
C:\SPProj\Lab11\Lab11\Debug\vector.obj
C:\SPPROJ\LAB11\DEBUG\LAB11.ILK
C:\SPPROJ\LAB11\DEBUG\LAB11.EXE
C:\SPPROJ\LAB11\DEBUG\LAB11.PDB
D:\OBUCHENIE\2 курс 4 семестр\Системне програмування\11\LAB11\DEBUG\LAB11.ILK
D:\OBUCHENIE\2 курс 4 семестр\Системне програмування\11\LAB11\DEBUG\LAB11.EXE
D:\OBUCHENIE\2 КУРС 4 СЕМЕСТР\СИСТЕМНЕ ПРОГРАМУВАННЯ\11\LAB11\DEBUG\LAB11.PDB
C:\SPPROJ\LAB11\LAB11\DEBUG\LAB11.RES
D:\OBUCHENIE\2 курс 4 семестр\Системне програмування\11\LAB11\LAB11\DEBUG\LAB11.RES
D:\obuchenie\2 курс 4 семестр\Системне програмування\11\Lab11\Lab11\Debug\Lab11.obj
D:\obuchenie\2 курс 4 семестр\Системне програмування\11\Lab11\Lab11\Debug\module.obj
D:\obuchenie\2 курс 4 семестр\Системне програмування\11\Lab11\Lab11\Debug\stdafx.obj
D:\obuchenie\2 курс 4 семестр\Системне програмування\11\Lab11\Lab11\Debug\vector.obj
D:\obuchenie\2 курс 4 семестр\Системне програмування\11\Lab11\Lab11\Debug\cl.command.1.tlog
D:\obuchenie\2 курс 4 семестр\Системне програмування\11\Lab11\Lab11\Debug\CL.read.1.tlog
D:\obuchenie\2 курс 4 семестр\Системне програмування\11\Lab11\Lab11\Debug\CL.write.1.tlog
D:\obuchenie\2 курс 4 семестр\Системне програмування\11\Lab11\Lab11\Debug\Lab11.write.1.tlog
D:\obuchenie\2 курс 4 семестр\Системне програмування\11\Lab11\Lab11\Debug\link-cvtres.read.1.tlog
D:\obuchenie\2 курс 4 семестр\Системне програмування\11\Lab11\Lab11\Debug\link-cvtres.write.1.tlog
D:\obuchenie\2 курс 4 семестр\Системне програмування\11\Lab11\Lab11\Debug\link-rc.read.1.tlog
D:\obuchenie\2 курс 4 семестр\Системне програмування\11\Lab11\Lab11\Debug\link-rc.write.1.tlog
D:\obuchenie\2 курс 4 семестр\Системне програмування\11\Lab11\Lab11\Debug\link.command.1.tlog
D:\obuchenie\2 курс 4 семестр\Системне програмування\11\Lab11\Lab11\Debug\link.read.1.tlog
D:\obuchenie\2 курс 4 семестр\Системне програмування\11\Lab11\Lab11\Debug\link.write.1.tlog
D:\obuchenie\2 курс 4 семестр\Системне програмування\11\Lab11\Lab11\Debug\rc.command.1.tlog
D:\obuchenie\2 курс 4 семестр\Системне програмування\11\Lab11\Lab11\Debug\rc.read.1.tlog
D:\obuchenie\2 курс 4 семестр\Системне програмування\11\Lab11\Lab11\Debug\rc.write.1.tlog
D:\obuchenie\2 курс 4 семестр\Системне програмування\11\Lab11\Lab11\Debug\Lab11.res
D:\obuchenie\2 курс 4 семестр\Системне програмування\11\Lab11\Lab11\Debug\Lab11.pch
D:\obuchenie\2 курс 4 семестр\Системне програмування\11\Lab11\Lab11\Debug\vc110.idb
D:\obuchenie\2 курс 4 семестр\Системне програмування\11\Lab11\Lab11\Debug\vc110.pdb
D:\obuchenie\2 курс 4 семестр\Системне програмування\11\Lab11\Debug\Lab11.pdb
D:\obuchenie\2 курс 4 семестр\Системне програмування\11\Lab11\Debug\Lab11.exe
D:\obuchenie\2 курс 4 семестр\Системне програмування\11\Lab11\Debug\Lab11.ilk
