Build started 06.05.2015 23:14:11.
     1>Project "D:\4Sem\Pro\Lab4\Lab4\Lab4.vcxproj" on node 2 (rebuild target(s)).
     1>_PrepareForClean:
         Deleting file "Debug\Lab5.lastbuildstate".
       InitializeBuildStatus:
         Creating "Debug\Lab5.unsuccessfulbuild" because "AlwaysCreate" was specified.
       _MASM:
         Assembling [Inputs]...
         cmd.exe /C "C:\Users\Cephalgia\AppData\Local\Temp\tmp96e7e58103314551b5fe29d7f8c4b4fb.cmd"
         ml.exe /c /nologo /Zi /Fo"Debug\longop.obj" /W3 /errorReport:prompt  /Talongop.asm
       _MASM:
         Assembling [Inputs]...
         cmd.exe /C "C:\Users\Cephalgia\AppData\Local\Temp\tmp1ab4e5c4583549648cc1aaa5532f4164.cmd"
         ml.exe /c /nologo /Zi /Fo"Debug\main.obj" /W3 /errorReport:prompt  /Tamain.asm
       _MASM:
         Assembling [Inputs]...
         cmd.exe /C "C:\Users\Cephalgia\AppData\Local\Temp\tmp8327136c842047e8afb1c8c4054705b4.cmd"
         ml.exe /c /nologo /Zi /Fo"Debug\module.obj" /W3 /errorReport:prompt  /Tamodule.asm
       ManifestResourceCompile:
         C:\Program Files (x86)\Microsoft SDKs\Windows\v7.0A\bin\rc.exe /nologo /fo"Debug\Lab5.exe.embed.manifest.res" Debug\Lab5_manifest.rc 
       Link:
         d:\Program files\Visual Studio\VC\bin\link.exe /ERRORREPORT:PROMPT /OUT:"D:\4Sem\Pro\Lab4\Debug\Lab5.exe" /INCREMENTAL /NOLOGO kernel32.lib user32.lib gdi32.lib winspool.lib comdlg32.lib advapi32.lib shell32.lib ole32.lib oleaut32.lib uuid.lib odbc32.lib odbccp32.lib /MANIFEST /ManifestFile:"Debug\Lab5.exe.intermediate.manifest" /MANIFESTUAC:"level='asInvoker' uiAccess='false'" /DEBUG /PDB:"D:\4Sem\Pro\Lab4\Debug\Lab5.pdb" /SUBSYSTEM:WINDOWS /TLBID:1 /ENTRY:"main" /DYNAMICBASE /NXCOMPAT /IMPLIB:"D:\4Sem\Pro\Lab4\Debug\Lab5.lib" /MACHINE:X86 Debug\Lab5.exe.embed.manifest.res
         Debug\longop.obj
         Debug\main.obj
         Debug\module.obj
       Manifest:
         Deleting file "Debug\Lab5.exe.embed.manifest".
         C:\Program Files (x86)\Microsoft SDKs\Windows\v7.0A\bin\mt.exe /nologo /verbose /out:"Debug\Lab5.exe.embed.manifest" /manifest Debug\Lab5.exe.intermediate.manifest
         C:\Program Files (x86)\Microsoft SDKs\Windows\v7.0A\bin\rc.exe /nologo /fo"Debug\Lab5.exe.embed.manifest.res" Debug\Lab5_manifest.rc 
       LinkEmbedManifest:
         d:\Program files\Visual Studio\VC\bin\link.exe /ERRORREPORT:PROMPT /OUT:"D:\4Sem\Pro\Lab4\Debug\Lab5.exe" /INCREMENTAL /NOLOGO kernel32.lib user32.lib gdi32.lib winspool.lib comdlg32.lib advapi32.lib shell32.lib ole32.lib oleaut32.lib uuid.lib odbc32.lib odbccp32.lib /MANIFEST /ManifestFile:"Debug\Lab5.exe.intermediate.manifest" /MANIFESTUAC:"level='asInvoker' uiAccess='false'" /DEBUG /PDB:"D:\4Sem\Pro\Lab4\Debug\Lab5.pdb" /SUBSYSTEM:WINDOWS /TLBID:1 /ENTRY:"main" /DYNAMICBASE /NXCOMPAT /IMPLIB:"D:\4Sem\Pro\Lab4\Debug\Lab5.lib" /MACHINE:X86 Debug\Lab5.exe.embed.manifest.res
         Debug\longop.obj
         Debug\main.obj
         Debug\module.obj
         Lab4.vcxproj -> D:\4Sem\Pro\Lab4\Debug\Lab5.exe
       FinalizeBuildStatus:
         Deleting file "Debug\Lab5.unsuccessfulbuild".
         Touching "Debug\Lab5.lastbuildstate".
     1>Done Building Project "D:\4Sem\Pro\Lab4\Lab4\Lab4.vcxproj" (rebuild target(s)).

Build succeeded.

Time Elapsed 00:00:01.82
