D:\4SEM\PRO\LAB4\DEBUG\LAB5.EXE
D:\4SEM\PRO\LAB4\DEBUG\LAB5.ILK
D:\4SEM\PRO\LAB4\DEBUG\LAB5.PDB
D:\4SEM\PRO\LAB4\LAB4\DEBUG\LAB5.EXE.EMBED.MANIFEST
D:\4SEM\PRO\LAB4\LAB4\DEBUG\LAB5.EXE.EMBED.MANIFEST.RES
D:\4SEM\PRO\LAB4\LAB4\DEBUG\LAB5.EXE.INTERMEDIATE.MANIFEST
D:\4Sem\Pro\Lab4\Lab4\Debug\Lab5.write.1.tlog
D:\4Sem\Pro\Lab4\Lab4\Debug\Lab5_manifest.rc
D:\4Sem\Pro\Lab4\Lab4\Debug\link.command.1.tlog
D:\4Sem\Pro\Lab4\Lab4\Debug\link.read.1.tlog
D:\4Sem\Pro\Lab4\Lab4\Debug\link.write.1.tlog
D:\4Sem\Pro\Lab4\Lab4\Debug\link-cvtres.read.1.tlog
D:\4Sem\Pro\Lab4\Lab4\Debug\link-cvtres.write.1.tlog
D:\4Sem\Pro\Lab4\Lab4\Debug\longop.obj
D:\4Sem\Pro\Lab4\Lab4\Debug\main.obj
D:\4Sem\Pro\Lab4\Lab4\Debug\module.obj
D:\4Sem\Pro\Lab4\Lab4\Debug\mt.command.1.tlog
D:\4Sem\Pro\Lab4\Lab4\Debug\mt.read.1.tlog
D:\4Sem\Pro\Lab4\Lab4\Debug\mt.write.1.tlog
D:\4Sem\Pro\Lab4\Lab4\Debug\rc.command.1.tlog
D:\4Sem\Pro\Lab4\Lab4\Debug\rc.read.1.tlog
D:\4Sem\Pro\Lab4\Lab4\Debug\rc.write.1.tlog
