Build started 31.03.2014 14:50:41.
     1>Project "C:\Users\George\Documents\Visual Studio 2010\Projects\Lab4\Lab4\Lab4.vcxproj" on node 2 (build target(s)).
     1>InitializeBuildStatus:
         Creating "Debug\Lab4.unsuccessfulbuild" because "AlwaysCreate" was specified.
       _MASM:
       Skipping target "_MASM" because all output files are up-to-date with respect to the input files.
       _MASM:
         Assembling [Inputs]...
         cmd.exe /C "C:\Users\George\AppData\Local\Temp\tmpb2d18c7a81a14e45af7ade08a7a4198d.cmd"
         ml.exe /c /nologo /Zi /Fo"Debug\main4.obj" /W3 /errorReport:prompt  /Tamain4.asm
       _MASM:
       Skipping target "_MASM" because all output files are up-to-date with respect to the input files.
       ManifestResourceCompile:
         All outputs are up-to-date.
       Link:
         C:\Program Files (x86)\Microsoft Visual Studio 10.0\VC\bin\link.exe /ERRORREPORT:PROMPT /OUT:"C:\Users\George\Documents\Visual Studio 2010\Projects\Lab4\Debug\Lab4.exe" /INCREMENTAL /NOLOGO kernel32.lib user32.lib gdi32.lib winspool.lib comdlg32.lib advapi32.lib shell32.lib ole32.lib oleaut32.lib uuid.lib odbc32.lib odbccp32.lib /MANIFEST /ManifestFile:"Debug\Lab4.exe.intermediate.manifest" /MANIFESTUAC:"level='asInvoker' uiAccess='false'" /DEBUG /PDB:"C:\Users\George\Documents\Visual Studio 2010\Projects\Lab4\Debug\Lab4.pdb" /SUBSYSTEM:WINDOWS /TLBID:1 /DYNAMICBASE /NXCOMPAT /IMPLIB:"C:\Users\George\Documents\Visual Studio 2010\Projects\Lab4\Debug\Lab4.lib" /MACHINE:X86 Debug\Lab4.exe.embed.manifest.res
         Debug\longop.obj
         Debug\main4.obj
         Debug\module.obj
       Manifest:
         C:\Program Files (x86)\Microsoft SDKs\Windows\v7.0A\bin\mt.exe /nologo /verbose /out:"Debug\Lab4.exe.embed.manifest" /manifest Debug\Lab4.exe.intermediate.manifest
         All outputs are up-to-date.
       LinkEmbedManifest:
         All outputs are up-to-date.
         Lab4.vcxproj -> C:\Users\George\Documents\Visual Studio 2010\Projects\Lab4\Debug\Lab4.exe
       FinalizeBuildStatus:
         Deleting file "Debug\Lab4.unsuccessfulbuild".
         Touching "Debug\Lab4.lastbuildstate".
     1>Done Building Project "C:\Users\George\Documents\Visual Studio 2010\Projects\Lab4\Lab4\Lab4.vcxproj" (build target(s)).

Build succeeded.

Time Elapsed 00:00:06.05
