Project Information                                    c:\myshem2\main_ash.rpt

MAX+plus II Compiler Report File
Version 10.0 9/14/2000
Compiled: 10/07/2009 01:40:02

Copyright (C) 1988-2000 Altera Corporation
Any megafunction design, and related net list (encrypted or decrypted),
support information, device programming or simulation file, and any other
associated documentation or information provided by Altera or a partner
under Altera's Megafunction Partnership Program may be used only to
program PLD devices (but not masked PLD devices) from Altera.  Any other
use of such megafunction design, net list, support information, device
programming or simulation file, or any other related documentation or
information is prohibited for any other purpose, including, but not
limited to modification, reverse engineering, de-compiling, or use with
any other silicon devices, unless such use is explicitly licensed under
a separate agreement with Altera or a megafunction partner.  Title to
the intellectual property, including patents, copyrights, trademarks,
trade secrets, or maskworks, embodied in any such megafunction design,
net list, support information, device programming or simulation file, or
any other related documentation or information provided by Altera or a
megafunction partner, remains with Altera, the megafunction partner, or
their respective licensors.  No other licenses, including any licenses
needed under any third party's intellectual property, are provided herein.



***** Project compilation was successful




** DEVICE SUMMARY **

Chip/                     Input   Output   Bidir         Shareable
POF       Device          Pins    Pins     Pins     LCs  Expanders  % Utilized

main_ash  EPM9320LC84-15   28       14       0      81      46          25 %

User Pins:                 28       14       0  



Project Information                                    c:\myshem2\main_ash.rpt

** FILE HIERARCHY **



|xishem:4|
|xishem:4|carry_not:11|
|xishem:4|carry_not:10|
|xishem:4|carry_not:12|
|xishem:4|carry_not:9|
|xishem:4|carry_not:8|
|xishem:4|carry_not:7|
|xishem:4|and5:31|
|xishem:67|
|xishem:67|carry_not:11|
|xishem:67|carry_not:10|
|xishem:67|carry_not:12|
|xishem:67|carry_not:9|
|xishem:67|carry_not:8|
|xishem:67|carry_not:7|
|xishem:67|and5:31|
|xishem:68|
|xishem:68|carry_not:11|
|xishem:68|carry_not:10|
|xishem:68|carry_not:12|
|xishem:68|carry_not:9|
|xishem:68|carry_not:8|
|xishem:68|carry_not:7|
|xishem:68|and5:31|
|xishem:60|
|xishem:60|carry_not:11|
|xishem:60|carry_not:10|
|xishem:60|carry_not:12|
|xishem:60|carry_not:9|
|xishem:60|carry_not:8|
|xishem:60|carry_not:7|
|xishem:60|and5:31|
|xishem:59|
|xishem:59|carry_not:11|
|xishem:59|carry_not:10|
|xishem:59|carry_not:12|
|xishem:59|carry_not:9|
|xishem:59|carry_not:8|
|xishem:59|carry_not:7|
|xishem:59|and5:31|
|xishem:58|
|xishem:58|carry_not:11|
|xishem:58|carry_not:10|
|xishem:58|carry_not:12|
|xishem:58|carry_not:9|
|xishem:58|carry_not:8|
|xishem:58|carry_not:7|
|xishem:58|and5:31|
|xishem:57|
|xishem:57|carry_not:11|
|xishem:57|carry_not:10|
|xishem:57|carry_not:12|
|xishem:57|carry_not:9|
|xishem:57|carry_not:8|
|xishem:57|carry_not:7|
|xishem:57|and5:31|
|xishem:44|
|xishem:44|carry_not:11|
|xishem:44|carry_not:10|
|xishem:44|carry_not:12|
|xishem:44|carry_not:9|
|xishem:44|carry_not:8|
|xishem:44|carry_not:7|
|xishem:44|and5:31|
|xishem:40|
|xishem:40|carry_not:11|
|xishem:40|carry_not:10|
|xishem:40|carry_not:12|
|xishem:40|carry_not:9|
|xishem:40|carry_not:8|
|xishem:40|carry_not:7|
|xishem:40|and5:31|
|xishem:32|
|xishem:32|carry_not:11|
|xishem:32|carry_not:10|
|xishem:32|carry_not:12|
|xishem:32|carry_not:9|
|xishem:32|carry_not:8|
|xishem:32|carry_not:7|
|xishem:32|and5:31|
|xishem:28|
|xishem:28|carry_not:11|
|xishem:28|carry_not:10|
|xishem:28|carry_not:12|
|xishem:28|carry_not:9|
|xishem:28|carry_not:8|
|xishem:28|carry_not:7|
|xishem:28|and5:31|
|xishem:24|
|xishem:24|carry_not:11|
|xishem:24|carry_not:10|
|xishem:24|carry_not:12|
|xishem:24|carry_not:9|
|xishem:24|carry_not:8|
|xishem:24|carry_not:7|
|xishem:24|and5:31|
|yishem:5|
|yishem:5|carry_not:7|
|yishem:5|carry_not:32|
|yishem:5|carry_not:12|
|yishem:5|carry_not:8|
|yishem:5|carry_not:9|
|yishem:5|carry_not:10|
|yishem:5|and5:26|
|yishem:5|and5:25|
|yishem:65|
|yishem:65|carry_not:7|
|yishem:65|carry_not:32|
|yishem:65|carry_not:12|
|yishem:65|carry_not:8|
|yishem:65|carry_not:9|
|yishem:65|carry_not:10|
|yishem:65|and5:26|
|yishem:65|and5:25|
|yishem:66|
|yishem:66|carry_not:7|
|yishem:66|carry_not:32|
|yishem:66|carry_not:12|
|yishem:66|carry_not:8|
|yishem:66|carry_not:9|
|yishem:66|carry_not:10|
|yishem:66|and5:26|
|yishem:66|and5:25|
|yishem:56|
|yishem:56|carry_not:7|
|yishem:56|carry_not:32|
|yishem:56|carry_not:12|
|yishem:56|carry_not:8|
|yishem:56|carry_not:9|
|yishem:56|carry_not:10|
|yishem:56|and5:26|
|yishem:56|and5:25|
|yishem:55|
|yishem:55|carry_not:7|
|yishem:55|carry_not:32|
|yishem:55|carry_not:12|
|yishem:55|carry_not:8|
|yishem:55|carry_not:9|
|yishem:55|carry_not:10|
|yishem:55|and5:26|
|yishem:55|and5:25|
|yishem:53|
|yishem:53|carry_not:7|
|yishem:53|carry_not:32|
|yishem:53|carry_not:12|
|yishem:53|carry_not:8|
|yishem:53|carry_not:9|
|yishem:53|carry_not:10|
|yishem:53|and5:26|
|yishem:53|and5:25|
|yishem:54|
|yishem:54|carry_not:7|
|yishem:54|carry_not:32|
|yishem:54|carry_not:12|
|yishem:54|carry_not:8|
|yishem:54|carry_not:9|
|yishem:54|carry_not:10|
|yishem:54|and5:26|
|yishem:54|and5:25|
|yishem:43|
|yishem:43|carry_not:7|
|yishem:43|carry_not:32|
|yishem:43|carry_not:12|
|yishem:43|carry_not:8|
|yishem:43|carry_not:9|
|yishem:43|carry_not:10|
|yishem:43|and5:26|
|yishem:43|and5:25|
|yishem:39|
|yishem:39|carry_not:7|
|yishem:39|carry_not:32|
|yishem:39|carry_not:12|
|yishem:39|carry_not:8|
|yishem:39|carry_not:9|
|yishem:39|carry_not:10|
|yishem:39|and5:26|
|yishem:39|and5:25|
|yishem:31|
|yishem:31|carry_not:7|
|yishem:31|carry_not:32|
|yishem:31|carry_not:12|
|yishem:31|carry_not:8|
|yishem:31|carry_not:9|
|yishem:31|carry_not:10|
|yishem:31|and5:26|
|yishem:31|and5:25|
|yishem:27|
|yishem:27|carry_not:7|
|yishem:27|carry_not:32|
|yishem:27|carry_not:12|
|yishem:27|carry_not:8|
|yishem:27|carry_not:9|
|yishem:27|carry_not:10|
|yishem:27|and5:26|
|yishem:27|and5:25|
|yishem:23|
|yishem:23|carry_not:7|
|yishem:23|carry_not:32|
|yishem:23|carry_not:12|
|yishem:23|carry_not:8|
|yishem:23|carry_not:9|
|yishem:23|carry_not:10|
|yishem:23|and5:26|
|yishem:23|and5:25|
|c0:6|
|c0:6|carry_not:4|
|c0:6|carry_not:3|
|c0:6|carry_not:2|
|c0:6|carry_not:1|
|xor:9|
|xor:9|carry_not:1|
|xor:9|carry_not:2|
|xor:9|carry_not:3|
|xor:63|
|xor:63|carry_not:1|
|xor:63|carry_not:2|
|xor:63|carry_not:3|
|xor:64|
|xor:64|carry_not:1|
|xor:64|carry_not:2|
|xor:64|carry_not:3|
|xor:52|
|xor:52|carry_not:1|
|xor:52|carry_not:2|
|xor:52|carry_not:3|
|xor:51|
|xor:51|carry_not:1|
|xor:51|carry_not:2|
|xor:51|carry_not:3|
|xor:50|
|xor:50|carry_not:1|
|xor:50|carry_not:2|
|xor:50|carry_not:3|
|xor:49|
|xor:49|carry_not:1|
|xor:49|carry_not:2|
|xor:49|carry_not:3|
|xor:42|
|xor:42|carry_not:1|
|xor:42|carry_not:2|
|xor:42|carry_not:3|
|xor:38|
|xor:38|carry_not:1|
|xor:38|carry_not:2|
|xor:38|carry_not:3|
|xor:30|
|xor:30|carry_not:1|
|xor:30|carry_not:2|
|xor:30|carry_not:3|
|xor:26|
|xor:26|carry_not:1|
|xor:26|carry_not:2|
|xor:26|carry_not:3|
|xor:22|
|xor:22|carry_not:1|
|xor:22|carry_not:2|
|xor:22|carry_not:3|
|ci:18|
|ci:18|carry_not:1|
|ci:18|carry_not:24|
|ci:18|carry_not:14|
|ci:18|carry_not:2|
|ci:61|
|ci:61|carry_not:1|
|ci:61|carry_not:24|
|ci:61|carry_not:14|
|ci:61|carry_not:2|
|ci:46|
|ci:46|carry_not:1|
|ci:46|carry_not:24|
|ci:46|carry_not:14|
|ci:46|carry_not:2|
|ci:45|
|ci:45|carry_not:1|
|ci:45|carry_not:24|
|ci:45|carry_not:14|
|ci:45|carry_not:2|
|ci:37|
|ci:37|carry_not:1|
|ci:37|carry_not:24|
|ci:37|carry_not:14|
|ci:37|carry_not:2|
|ci:25|
|ci:25|carry_not:1|
|ci:25|carry_not:24|
|ci:25|carry_not:14|
|ci:25|carry_not:2|
|si:75|
|rz_form:78|
|rz_form:78|carry_not:15|
|rz_form:78|carry_not:36|
|rz_form:78|carry_not:34|
|rz_form:78|carry_not:32|
|rz_form:78|carry_not:23|
|rz_form:78|carry_not:22|
|rz_form:78|carry_not:21|
|rz_form:78|carry_not:20|
|rz_form:78|carry_not:19|
|rz_form:78|carry_not:18|
|rz_form:78|carry_not:17|
|rz_form:78|carry_not:16|
|ci1:79|
|ci1:86|
|ci1:85|
|ci1:84|
|ci1:82|
|ci1:81|


Device-Specific Information:                           c:\myshem2\main_ash.rpt
main_ash

***** Logic for device 'main_ash' compiled without errors.




Device: EPM9320LC84-15

Device Options:
    Turbo Bit                                    = ON
    Security Bit                                 = OFF
    User Code                                  = ffff
    MultiVolt I/O                              = OFF

                                   R  R  R        R  R  R        R  R  R  R  
                                   E  E  E        E  E  E        E  E  E  E  
                                   S  S  S        S  S  S        S  S  S  S  
                                   E  E  E        E  E  E     V  E  E  E  E  
                                   R  R  R        R  R  R     C  R  R  R  R  
              P  Q  P  Q  D  G  D  V  V  V        V  V  V  D  C  V  V  V  V  
              0  0  1  0  0  N  0  E  E  E  F  F  E  E  E  0  I  E  E  E  E  
              7  2  0  1  5  D  4  D  D  D  1  0  D  D  D  0  O  D  D  D  D  
            -----------------------------------------------------------------_ 
          /  11 10  9  8  7  6  5  4  3  2  1 84 83 82 81 80 79 78 77 76 75   | 
     D10 | 12                                                              74 | RESERVED 
      F2 | 13                                                              73 | RESERVED 
  VCCINT | 14                                                              72 | F3 
   VCCIO | 15                                                              71 | VCCINT 
     P01 | 16                                                              70 | GND 
     Q05 | 17                                                              69 | P04 
     GND | 18                                                              68 | Q04 
     Q11 | 19                                                              67 | GND 
     Q03 | 20                                                              66 | Q10 
  VCCINT | 21                                                              65 | P03 
     P06 | 22                        EPM9320LC84-15                        64 | VCCINT 
     D06 | 23                                                              63 | D11 
     GND | 24                                                              62 | Q06 
     GND | 25                                                              61 | GND 
     Q08 | 26                                                              60 | VCCIO 
     P09 | 27                                                              59 | P08 
  VCCINT | 28                                                              58 | Q09 
    N.C. | 29                                                              57 | VCCINT 
    #TDO | 30                                                              56 | ^VPP 
     D08 | 31                                                              55 | #TMS 
     D09 | 32                                                              54 | RESERVED 
         |_  33 34 35 36 37 38 39 40 41 42 43 44 45 46 47 48 49 50 51 52 53  _| 
           ------------------------------------------------------------------ 
              Q  P  P  Q  V  P  P  R  D  #  #  s  R  r  R  G  D  R  D  R  D  
              0  0  1  0  C  0  0  E  0  T  T  i  E  z  E  N  0  E  0  E  0  
              0  5  1  7  C  0  2  S  3  D  C     S     S  D  2  S  7  S  1  
                          I        E     I  K     E     E        E     E     
                          O        R              R     R        R     R     
                                   V              V     V        V     V     
                                   E              E     E        E     E     
                                   D              D     D        D     D     


N.C. = No Connect. This pin has no internal connection to the device.
VCCINT = Dedicated power pin, which MUST be connected to VCC (5.0 volts).
VCCIO = Dedicated power pin, which MUST be connected to VCC (5.0 volts).
GND = Dedicated ground pin or unused dedicated input, which MUST be connected to GND.
RESERVED = Unused I/O pin, which MUST be left unconnected.

# = JTAG Boundary-Scan Testing/In-System Programming or Configuration Pin. The JTAG inputs TMS and TDI should be tied to VCC and TCK should be tied to GND when not in use.
& = JTAG pin used for I/O. When used as user I/O, JTAG pins must be kept stable before and during configuration.  JTAG pin stability prevents accidental loading of JTAG instructions.


Device-Specific Information:                           c:\myshem2\main_ash.rpt
main_ash

** RESOURCE USAGE **

Logic                Column       Row                                   
Array                Interconnect Interconnect         Clears/     External    Shareable
Block   Logic Cells  Driven       Driven       Clocks  Presets   Interconnect  Expanders
A1      15/16( 93%)   3/16( 18%)   0/16(  0%)    0/2    0/2      11/33( 33%)    9/16( 56%)  
B3       1/16(  6%)   1/16(  6%)   0/16(  0%)    0/2    0/2       2/33(  6%)    0/16(  0%)  
B4       7/16( 43%)   3/16( 18%)   0/16(  0%)    0/2    0/2      19/33( 57%)    3/16( 18%)  
B5      14/16( 87%)   2/16( 12%)   2/16( 12%)    0/2    0/2       9/33( 27%)    9/16( 56%)  
C1       9/16( 56%)   2/16( 12%)   0/16(  0%)    0/2    0/2       9/33( 27%)    6/16( 37%)  
C3      12/16( 75%)   3/16( 18%)   0/16(  0%)    0/2    0/2       9/33( 27%)    8/16( 50%)  
C4       1/16(  6%)   1/16(  6%)   0/16(  0%)    0/2    0/2       6/33( 18%)    0/16(  0%)  
D2      14/16( 87%)   3/16( 18%)   0/16(  0%)    0/2    0/2      10/33( 30%)    9/16( 56%)  
D5       8/16( 50%)   2/16( 12%)   0/16(  0%)    0/2    0/2       8/33( 24%)    2/16( 12%)  


Total dedicated input pins used:                 4/4      (100%)
Total I/O pins used:                            38/56     ( 67%)
Total logic cells used:                         81/320    ( 25%)
Total shareable expanders used:                  0/320    (  0%)
Total Turbo logic cells used:                   81/320    ( 25%)
Total shareable expanders not available (n/a):  46/320    ( 14%)
Average fan-in:                                  6.32
Total fan-in:                                   512

Total input pins required:                      28
Total input I/O cell registers required:         0
Total output pins required:                     14
Total output I/O cell registers required:        0
Total buried I/O cell registers required:        0
Total bidirectional pins required:               0
Total logic cells required:                     81
Total flipflops required:                        0
Total product terms required:                  299
Total logic cells lending parallel expanders:    0
Total shareable expanders in database:           0
Total packed registers required:                 0

Synthesized logic cells:                        54/ 320   ( 16%)

Logic Cell Counts

Column:  01  02  03  04  05  Total
 A:     15   0   0   0   0     15
 B:      0   0   1   7  14     22
 C:      9   0  12   1   0     22
 D:      0  14   0   0   8     22

Total:  24  14  13   8  22     81



Device-Specific Information:                           c:\myshem2\main_ash.rpt
main_ash

** INPUTS **

                                               Shareable
                                               Expanders     Fan-In    Fan-Out
 Pin     LC   Row  Col  Primitive    Code   Total Shared n/a INP  FBK  OUT  FBK  Name
  84      -    -    --      INPUT               0      0   0    0    0    0   59  F0
   1      -    -    --      INPUT               0      0   0    0    0    0   58  F1
  13      -    -    --      INPUT               0      0   0    0    0    0   60  F2
  72      -    -    --      INPUT               0      0   0    0    0    0   63  F3
  38      -    -    02      INPUT               0      0   0    0    0    0    7  P00
  16      -    D    --      INPUT               0      0   0    0    0    0    5  P01
  39      -    -    02      INPUT               0      0   0    0    0    0    8  P02
  65      -    C    --      INPUT               0      0   0    0    0    0    7  P03
  69      -    D    --      INPUT               0      0   0    0    0    0    8  P04
  34      -    -    01      INPUT               0      0   0    0    0    0    5  P05
  22      -    B    --      INPUT               0      0   0    0    0    0    8  P06
  11      -    -    01      INPUT               0      0   0    0    0    0    7  P07
  59      -    A    --      INPUT               0      0   0    0    0    0    7  P08
  27      -    A    --      INPUT               0      0   0    0    0    0    6  P09
   9      -    -    01      INPUT               0      0   0    0    0    0    4  P10
  35      -    -    02      INPUT               0      0   0    0    0    0    2  P11
  33      -    -    01      INPUT               0      0   0    0    0    0    6  Q00
   8      -    -    02      INPUT               0      0   0    0    0    0    4  Q01
  10      -    -    01      INPUT               0      0   0    0    0    0    7  Q02
  20      -    C    --      INPUT               0      0   0    0    0    0    6  Q03
  68      -    D    --      INPUT               0      0   0    0    0    0    8  Q04
  17      -    D    --      INPUT               0      0   0    0    0    0    6  Q05
  62      -    B    --      INPUT               0      0   0    0    0    0    7  Q06
  36      -    -    02      INPUT               0      0   0    0    0    0    6  Q07
  26      -    A    --      INPUT               0      0   0    0    0    0    9  Q08
  58      -    A    --      INPUT               0      0   0    0    0    0    6  Q09
  66      -    C    --      INPUT               0      0   0    0    0    0    6  Q10
  19      -    C    --      INPUT               0      0   0    0    0    0    3  Q11


Code:

s = Synthesized pin or logic cell
t = Turbo logic cell
+ = Synchronous flipflop
/ = Slow slew-rate output
! = NOT gate push-back
r = Fitter-inserted logic cell


Device-Specific Information:                           c:\myshem2\main_ash.rpt
main_ash

** OUTPUTS **

                                               Shareable
                                               Expanders     Fan-In    Fan-Out
 Pin     LC   Row  Col  Primitive    Code   Total Shared n/a INP  FBK  OUT  FBK  Name
  80      -    -    04     OUTPUT               0      0   0    0    1    0    0  D00
  53      -    -    05     OUTPUT               0      0   0    0    1    0    0  D01
  49      -    -    04     OUTPUT               0      0   0    0    1    0    0  D02
  41      -    -    03     OUTPUT               0      0   0    0    1    0    0  D03
   5      -    -    02     OUTPUT               0      0   0    0    1    0    0  D04
   7      -    -    02     OUTPUT               0      0   0    0    1    0    0  D05
  23      -    B    --     OUTPUT               0      0   0    0    1    0    0  D06
  51      -    -    05     OUTPUT               0      0   0    0    1    0    0  D07
  31      -    -    01     OUTPUT               0      0   0    0    1    0    0  D08
  32      -    -    01     OUTPUT               0      0   0    0    1    0    0  D09
  12      -    -    01     OUTPUT               0      0   0    0    1    0    0  D10
  63      -    B    --     OUTPUT               0      0   0    0    1    0    0  D11
  46      -    -    04     OUTPUT               0      0   0    0    1    0    0  rz
  44      -    -    03     OUTPUT               0      0   0    0    1    0    0  si


Code:

s = Synthesized pin or logic cell
t = Turbo logic cell
+ = Synchronous flipflop
/ = Slow slew-rate output
! = NOT gate push-back
r = Fitter-inserted logic cell


Device-Specific Information:                           c:\myshem2\main_ash.rpt
main_ash

** BURIED LOGIC **

                                               Shareable
                                               Expanders     Fan-In    Fan-Out
 IOC     LC   Row  Col  Primitive    Code   Total Shared n/a INP  FBK  OUT  FBK Name
   -      7    D    05       SOFT    s t        0      0   0    7    0    0    1  |ci1:79|Cnext~1 (|ci1:79|~30~1)
   -      5    D    05       SOFT    s t        0      0   0    2    0    0    1  |ci1:79|Cnext~2 (|ci1:79|~30~2)
   -      6    D    05       SOFT    s t        0      0   0    2    0    0    1  |ci1:79|Cnext~3 (|ci1:79|~30~3)
   -      1    D    05        XOR      t !      1      0   1    8    3    0    7  |ci1:79|Cnext (|ci1:79|:30)
   -      1    C    04        OR2    s t        0      0   0    6    0    0    6  |ci1:81|~22~1
   -      5    C    03        OR2    s t        1      0   1    8    2    0    1  |ci1:81|Cnext~1 (|ci1:81|~30~1)
   -      7    C    03        OR2    s t        1      0   1    6    2    0    1  |ci1:81|Cnext~2 (|ci1:81|~30~2)
   -      9    C    03        OR2    s t        1      0   1    6    2    0    1  |ci1:81|Cnext~3 (|ci1:81|~30~3)
   -      1    C    03        OR2    s t !      1      0   1    7    2    0    6  |ci1:81|Cnext~4 (|ci1:81|~30~4)
   -     10    C    03       SOFT    s t        0      0   0    4    3    0    1  |ci1:81|Cnext~5 (|ci1:81|~30~5)
   -     11    D    02        OR2    s t        1      0   1    8    0    0    1  |ci1:82|Cnext~1 (|ci1:82|~30~1)
   -     12    D    02        OR2    s t        1      0   1    7    2    0    1  |ci1:82|Cnext~2 (|ci1:82|~30~2)
   -     13    D    02        OR2    s t        1      0   1    8    2    0    1  |ci1:82|Cnext~3 (|ci1:82|~30~3)
   -      9    D    02       SOFT    s t        0      0   0    0    3    0    1  |ci1:82|Cnext~4 (|ci1:82|~30~4)
   -      4    D    02        XOR      t        0      0   0    6    3    0    7  |ci1:82|Cnext (|ci1:82|:30)
   -     14    A    01        OR2    s t        0      0   0    6    0    0    7  |ci1:84|~22~1
   -      7    B    05        OR2    s t        1      0   1    8    2    0    1  |ci1:84|Cnext~1 (|ci1:84|~30~1)
   -      8    B    05        OR2    s t        1      0   1    6    2    0    1  |ci1:84|Cnext~2 (|ci1:84|~30~2)
   -      9    B    05        OR2    s t        1      0   1    6    2    0    1  |ci1:84|Cnext~3 (|ci1:84|~30~3)
   -      1    B    05        OR2    s t !      1      0   1    7    2    0    7  |ci1:84|Cnext~4 (|ci1:84|~30~4)
   -     10    B    05       SOFT    s t        0      0   0    4    3    0    1  |ci1:84|Cnext~5 (|ci1:84|~30~5)
   -     10    A    01        OR2    s t        1      0   1    7    2    0    1  |ci1:85|Cnext~1 (|ci1:85|~30~1)
   -     11    A    01        OR2    s t        1      0   1    7    2    0    1  |ci1:85|Cnext~2 (|ci1:85|~30~2)
   -     12    A    01        OR2    s t        1      0   1    7    2    0    1  |ci1:85|Cnext~3 (|ci1:85|~30~3)
   -     13    A    01       SOFT    s t        0      0   0    1    3    0    1  |ci1:85|Cnext~4 (|ci1:85|~30~4)
   -      3    A    01        OR2      t !      0      0   0    5    3    0    3  |ci1:85|Cnext (|ci1:85|:30)
   -      1    B    04      AND12      t        0      0   0    0   12    1    0  |rz_form:78|rz (|rz_form:78|:3)
   -      1    B    03       AND2      t        0      0   0    1    1    1    0  |si:75|Si (|si:75|:6)
   -     11    C    03        XOR      t        1      0   1    6    0    0    2  |xishem:28|Xi (|xishem:28|:37)
   -     12    C    03        XOR      t !      1      0   1    6    0    0    1  |xishem:32|Xi (|xishem:32|:37)
   -     14    D    02        XOR      t !      1      0   1    6    0    0    1  |xishem:44|Xi (|xishem:44|:37)
   -     11    B    05        XOR      t        1      0   1    6    0    0    2  |xishem:58|Xi (|xishem:58|:37)
   -     15    A    01        XOR      t !      1      0   1    6    0    0    1  |xishem:59|Xi (|xishem:59|:37)
   -     12    B    05        XOR      t !      1      0   1    6    0    0    1  |xishem:60|Xi (|xishem:60|:37)
   -      8    C    01        XOR      t        1      0   1    6    0    0    1  |xishem:67|Xi (|xishem:67|:37)
   -      7    B    04       SOFT    s t        1      0   1    6    0    0    1  |xor:9|Di~1 (|xor:9|~12~1)
   -      6    B    04       SOFT    s t        0      0   0    2    0    0    1  |xor:9|Di~2 (|xor:9|~12~2)
   -      5    B    04       SOFT    s t        0      0   0    2    0    0    1  |xor:9|Di~3 (|xor:9|~12~3)
   -      2    B    04        XOR      t        1      0   1    6    3    1    1  |xor:9|Di (|xor:9|:12)
   -      3    D    05        XOR    s t !      1      0   1    6    2    0    1  |xor:22|Di~1 (|xor:22|~12~1)
   -      2    D    05       SOFT    s t        0      0   0    3    0    0    1  |xor:22|Di~2 (|xor:22|~12~2)
   -     10    D    05        XOR      t        0      0   0    6    1    1    1  |xor:22|Di (|xor:22|:12)
   -      8    C    03        XOR    s t !      0      0   0    0    2    0    1  |xor:26|Di~1 (|xor:26|~12~1)
   -      4    B    04       SOFT    s t        0      0   0    3    0    0    1  |xor:26|Di~2 (|xor:26|~12~2)
   -      3    B    04        XOR      t        1      0   1    6    2    1    1  |xor:26|Di (|xor:26|:12)
   -      2    C    03        XOR    s t        1      0   1    6    1    0    1  |xor:30|Di~1 (|xor:30|~12~1)
   -      3    C    03       SOFT    s t        0      0   0    0    2    0    1  |xor:30|Di~2 (|xor:30|~12~2)
   -      6    C    03        XOR      t        1      0   1    6    4    1    1  |xor:30|Di (|xor:30|:12)
   -      1    D    02        XOR    s t !      1      0   1    6    1    0    1  |xor:38|Di~1 (|xor:38|~12~1)
   -      6    D    02       SOFT    s t        0      0   0    0    2    0    1  |xor:38|Di~2 (|xor:38|~12~2)
   -      7    D    02       SOFT    s t        0      0   0    3    0    0    1  |xor:38|Di~3 (|xor:38|~12~3)
   -     10    D    02        XOR      t        1      0   1    6    2    1    1  |xor:38|Di (|xor:38|:12)
   -      8    D    02        XOR    s t        1      0   1    6    1    0    1  |xor:42|Di~1 (|xor:42|~12~1)
   -      5    D    02        OR2    s t        1      0   1    5    2    0    1  |xor:42|Di~2 (|xor:42|~12~2)
   -      3    D    02       SOFT    s t        0      0   0    1    1    0    1  |xor:42|Di~3 (|xor:42|~12~3)
   -      2    D    02        XOR      t        1      0   1    5    4    1    1  |xor:42|Di (|xor:42|:12)
   -      6    A    01        XOR    s t !      1      0   1    6    1    0    1  |xor:49|Di~1 (|xor:49|~12~1)
   -      5    A    01       SOFT    s t        0      0   0    0    2    0    1  |xor:49|Di~2 (|xor:49|~12~2)
   -      4    A    01       SOFT    s t        0      0   0    3    0    0    1  |xor:49|Di~3 (|xor:49|~12~3)
   -      2    A    01        XOR      t        1      0   1    6    2    1    1  |xor:49|Di (|xor:49|:12)
   -      3    B    05        XOR    s t !      0      0   0    0    2    0    1  |xor:50|Di~1 (|xor:50|~12~1)
   -      4    B    05       SOFT    s t        0      0   0    3    0    0    1  |xor:50|Di~2 (|xor:50|~12~2)
   -     13    B    05        XOR      t        1      0   1    6    2    1    1  |xor:50|Di (|xor:50|:12)
   -      7    A    01        XOR    s t        1      0   1    6    1    0    1  |xor:51|Di~1 (|xor:51|~12~1)
   -      8    A    01        OR2    s t        1      0   1    5    2    0    1  |xor:51|Di~2 (|xor:51|~12~2)
   -      9    A    01       SOFT    s t        0      0   0    1    1    0    1  |xor:51|Di~3 (|xor:51|~12~3)
   -      1    A    01        XOR      t        1      0   1    5    4    1    1  |xor:51|Di (|xor:51|:12)
   -      6    B    05        XOR    s t        1      0   1    6    1    0    1  |xor:52|Di~1 (|xor:52|~12~1)
   -      5    B    05       SOFT    s t        0      0   0    0    2    0    1  |xor:52|Di~2 (|xor:52|~12~2)
   -      2    B    05        XOR      t        1      0   1    6    4    1    1  |xor:52|Di (|xor:52|:12)
   -      1    C    01        XOR    s t        1      0   1    6    1    0    1  |xor:63|Di~1 (|xor:63|~12~1)
   -      2    C    01       SOFT    s t        0      0   0    3    0    0    1  |xor:63|Di~2 (|xor:63|~12~2)
   -      3    C    01        XOR      t        1      0   1    6    2    1    1  |xor:63|Di (|xor:63|:12)
   -      7    C    01        OR2    s t        1      0   1    6    2    0    1  |xor:64|Di~1 (|xor:64|~12~1)
   -      6    C    01        XOR    s t        1      0   1    6    2    0    1  |xor:64|Di~2 (|xor:64|~12~2)
   -      5    C    01       SOFT    s t        0      0   0    5    1    0    1  |xor:64|Di~3 (|xor:64|~12~3)
   -      4    C    01       SOFT    s t        0      0   0    3    0    0    1  |xor:64|Di~4 (|xor:64|~12~4)
   -     11    C    01        XOR      t        1      0   1    6    2    1    2  |xor:64|Di (|xor:64|:12)
   -      4    D    05        OR2      t        0      0   0    6    0    0    1  |yishem:23|Yi (|yishem:23|:33)
   -      4    C    03        OR2      t        0      0   0    6    0    0    4  |yishem:27|Yi (|yishem:27|:33)
   -     14    B    05        OR2      t        0      0   0    6    0    0    4  |yishem:54|Yi (|yishem:54|:33)


Code:

s = Synthesized pin or logic cell
t = Turbo logic cell
+ = Synchronous flipflop
/ = Slow slew-rate output
! = NOT gate push-back
r = Fitter-inserted logic cell
p = Packed register


Device-Specific Information:                           c:\myshem2\main_ash.rpt
main_ash

** FASTTRACK INTERCONNECT UTILIZATION **

Row FastTrack Interconnect:

         FastTrack                                 
Row     Interconnect    Input Pins     Output Pins     Bidir Pins
A:      11/ 96( 11%)    4/16( 25%)      0/16(  0%)     0/16(  0%)
B:      24/ 96( 25%)    2/16( 12%)      2/16( 12%)     0/16(  0%)
C:      14/ 96( 14%)    4/16( 25%)      0/16(  0%)     0/16(  0%)
D:      14/ 96( 14%)    4/16( 25%)      0/16(  0%)     0/16(  0%)


Column FastTrack Interconnect:

         FastTrack                                 
Column  Interconnect    Input Pins     Output Pins     Bidir Pins
01:     11/48( 22%)     5/20( 25%)      3/20( 15%)       0/20(  0%)
02:      8/48( 16%)     5/20( 25%)      2/20( 10%)       0/20(  0%)
03:      4/48(  8%)     0/20(  0%)      2/20( 10%)       0/20(  0%)
04:      4/48(  8%)     0/20(  0%)      3/20( 15%)       0/20(  0%)
05:      4/48(  8%)     0/20(  0%)      2/20( 10%)       0/20(  0%)


Device-Specific Information:                           c:\myshem2\main_ash.rpt
main_ash

** EQUATIONS **

F0       : INPUT;
F1       : INPUT;
F2       : INPUT;
F3       : INPUT;
P00      : INPUT;
P01      : INPUT;
P02      : INPUT;
P03      : INPUT;
P04      : INPUT;
P05      : INPUT;
P06      : INPUT;
P07      : INPUT;
P08      : INPUT;
P09      : INPUT;
P10      : INPUT;
P11      : INPUT;
Q00      : INPUT;
Q01      : INPUT;
Q02      : INPUT;
Q03      : INPUT;
Q04      : INPUT;
Q05      : INPUT;
Q06      : INPUT;
Q07      : INPUT;
Q08      : INPUT;
Q09      : INPUT;
Q10      : INPUT;
Q11      : INPUT;

-- Node name is 'D00' 
-- Equation name is 'D00', type is output 
D00      =  _LC2_B4;

-- Node name is 'D01' 
-- Equation name is 'D01', type is output 
D01      =  _LC10_D5;

-- Node name is 'D02' 
-- Equation name is 'D02', type is output 
D02      =  _LC3_B4;

-- Node name is 'D03' 
-- Equation name is 'D03', type is output 
D03      =  _LC6_C3;

-- Node name is 'D04' 
-- Equation name is 'D04', type is output 
D04      =  _LC10_D2;

-- Node name is 'D05' 
-- Equation name is 'D05', type is output 
D05      =  _LC2_D2;

-- Node name is 'D06' 
-- Equation name is 'D06', type is output 
D06      =  _LC13_B5;

-- Node name is 'D07' 
-- Equation name is 'D07', type is output 
D07      =  _LC2_B5;

-- Node name is 'D08' 
-- Equation name is 'D08', type is output 
D08      =  _LC2_A1;

-- Node name is 'D09' 
-- Equation name is 'D09', type is output 
D09      =  _LC1_A1;

-- Node name is 'D10' 
-- Equation name is 'D10', type is output 
D10      =  _LC3_C1;

-- Node name is 'D11' 
-- Equation name is 'D11', type is output 
D11      =  _LC11_C1;

-- Node name is 'rz' 
-- Equation name is 'rz', type is output 
rz       =  _LC1_B4;

-- Node name is 'si' 
-- Equation name is 'si', type is output 
si       =  _LC1_B3;

-- Node name is '|ci1:79|:30' = '|ci1:79|Cnext' 
-- Equation name is '_LC1_D5', type is buried 
!_LC1_D5 = _LC1_D5~NOT;
_LC1_D5~NOT = LCELL( _EQ001 $ !_LC7_D5);
  _EQ001 = !F0 & !F1 &  F2 & !F3 & !_LC7_D5 &  P00 &  Q00 &  Q01
         #  F0 & !F1 &  F2 & !F3 & !_LC7_D5 & !Q00 & !Q01
         #  F0 &  F2 & !F3 & !_LC6_D5 & !_LC7_D5 & !Q01
         #  F2 & !F3 & !_LC5_D5 & !_LC7_D5 &  P01 &  Q01;

-- Node name is '|ci1:79|~30~1' = '|ci1:79|Cnext~1' 
-- Equation name is '_LC7_D5', type is buried 
-- synthesized logic cell 
_LC7_D5  = LCELL( _EQ002 $  GND);
  _EQ002 =  F2 & !F3 &  P00 &  P01 &  Q00
         #  F0 &  F1 &  F2 &  F3 &  P00
         #  F1 &  F2 &  P01;

-- Node name is '|ci1:79|~30~2' = '|ci1:79|Cnext~2' 
-- Equation name is '_LC5_D5', type is buried 
-- synthesized logic cell 
_LC5_D5  = LCELL( _EQ003 $  GND);
  _EQ003 =  F0 &  Q00;

-- Node name is '|ci1:79|~30~3' = '|ci1:79|Cnext~3' 
-- Equation name is '_LC6_D5', type is buried 
-- synthesized logic cell 
_LC6_D5  = LCELL( _EQ004 $  GND);
  _EQ004 = !P00 & !P01;

-- Node name is '|ci1:81|~30~1' = '|ci1:81|Cnext~1' 
-- Equation name is '_LC5_C3', type is buried 
-- synthesized logic cell 
_LC5_C3  = LCELL( _EQ005 $  GND);
  _EQ005 = !_LC1_D5 & !_LC4_C3
         # !F0 & !P03 & !Q03
         # !F0 &  F3 & !_LC1_D5 & !P02
         # !F0 &  F3 & !_LC4_C3 & !P02
         #  F1 & !F2 &  F3 & !_LC4_C3 &  P02 & !Q02;

-- Node name is '|ci1:81|~30~2' = '|ci1:81|Cnext~2' 
-- Equation name is '_LC7_C3', type is buried 
-- synthesized logic cell 
_LC7_C3  = LCELL( _EQ006 $  GND);
  _EQ006 =  F0 & !F3 & !_LC1_D5 & !P02
         #  F0 & !F3 & !_LC4_C3 & !P02
         # !F3 & !_LC1_D5 & !P02 & !Q02
         # !F3 & !_LC4_C3 & !P02 & !Q02
         #  F1 & !F2 &  F3 & !_LC1_D5 &  P02 & !Q02;

-- Node name is '|ci1:81|~30~3' = '|ci1:81|Cnext~3' 
-- Equation name is '_LC9_C3', type is buried 
-- synthesized logic cell 
_LC9_C3  = LCELL( _EQ007 $  GND);
  _EQ007 = !F0 &  F2 &  F3 & !P03
         # !F0 &  F1 &  F3 & !P03
         #  F2 & !F3 & !_LC1_D5 & !P02
         #  F2 & !F3 & !_LC4_C3 & !P02
         #  F0 & !F1 & !F2 &  F3 & !_LC4_C3 &  P02;

-- Node name is '|ci1:81|~30~4' = '|ci1:81|Cnext~4' 
-- Equation name is '_LC1_C3', type is buried 
-- synthesized logic cell 
!_LC1_C3 = _LC1_C3~NOT;
_LC1_C3~NOT = LCELL( _EQ008 $  GND);
  _EQ008 = !F0 &  F1 &  F2 & !P03
         #  F0 & !F1 & !F2 &  F3 &  P03
         #  F1 & !F2 &  F3 &  P03 & !Q03
         #  F0 & !F1 & !F2 &  F3 & !_LC1_D5 &  P02
         # !_LC10_C3;

-- Node name is '|ci1:81|~30~5' = '|ci1:81|Cnext~5' 
-- Equation name is '_LC10_C3', type is buried 
-- synthesized logic cell 
_LC10_C3 = LCELL( _EQ009 $  GND);
  _EQ009 =  F3 & !_LC5_C3 & !_LC7_C3 & !_LC9_C3
         # !F0 & !_LC5_C3 & !_LC7_C3 & !_LC9_C3
         # !_LC5_C3 & !_LC7_C3 & !_LC9_C3 & !Q03
         # !_LC5_C3 & !_LC7_C3 & !_LC9_C3 &  P03;

-- Node name is '|ci1:81|~22~1' 
-- Equation name is '_LC1_C4', type is buried 
-- synthesized logic cell 
_LC1_C4  = LCELL( _EQ010 $  GND);
  _EQ010 =  F1 &  F2 &  P03
         # !F0 &  F2 & !F3 &  P03 &  Q03
         #  F0 & !F3 &  P03 & !Q03
         # !F0 & !F1 & !F2 &  F3 &  P03 &  Q03;

-- Node name is '|ci1:82|:30' = '|ci1:82|Cnext' 
-- Equation name is '_LC4_D2', type is buried 
_LC4_D2  = LCELL( _EQ011 $  F2);
  _EQ011 = !F0 & !F1 &  F2 & !_LC1_C3 & !_LC1_C4 & !P04 & !Q05
         #  F0 & !F1 &  F2 & !_LC1_C3 & !_LC1_C4 &  Q04 &  Q05
         # !_LC9_D2;

-- Node name is '|ci1:82|~30~1' = '|ci1:82|Cnext~1' 
-- Equation name is '_LC11_D2', type is buried 
-- synthesized logic cell 
_LC11_D2 = LCELL( _EQ012 $  GND);
  _EQ012 =  F0 & !F1 &  F2 & !F3 & !P04 &  Q04 &  Q05
         # !F0 &  F2 & !P04 & !P05 & !Q04
         # !F0 &  F2 &  F3 & !P05
         # !F0 &  F1 &  F2 & !P05
         # !F0 &  F2 & !P05 & !Q05;

-- Node name is '|ci1:82|~30~2' = '|ci1:82|Cnext~2' 
-- Equation name is '_LC12_D2', type is buried 
-- synthesized logic cell 
_LC12_D2 = LCELL( _EQ013 $  GND);
  _EQ013 =  F0 & !F1 &  F2 & !_LC1_C3 & !_LC1_C4 & !P04 &  Q05
         # !F0 & !F1 &  F2 &  F3 & !P04
         #  F0 &  F2 & !F3 & !P05 &  Q05
         # !F1 &  F2 &  F3 & !_LC1_C3 & !_LC1_C4
         #  F2 & !_LC1_C3 & !_LC1_C4 & !P04 & !P05;

-- Node name is '|ci1:82|~30~3' = '|ci1:82|Cnext~3' 
-- Equation name is '_LC13_D2', type is buried 
-- synthesized logic cell 
_LC13_D2 = LCELL( _EQ014 $  GND);
  _EQ014 =  F2 & !F3 & !P04 & !P05 &  Q04 & !Q05
         # !F1 &  F2 & !_LC1_C3 & !_LC1_C4 & !P05 &  Q04 & !Q05
         # !F0 & !F1 &  F2 & !_LC1_C3 & !_LC1_C4 & !Q04 & !Q05
         # !F0 & !F1 &  F2 & !P04 & !Q04 & !Q05
         # !F0 &  F2 & !_LC1_C3 & !_LC1_C4 & !P05 & !Q04;

-- Node name is '|ci1:82|~30~4' = '|ci1:82|Cnext~4' 
-- Equation name is '_LC9_D2', type is buried 
-- synthesized logic cell 
_LC9_D2  = LCELL( _EQ015 $  GND);
  _EQ015 = !_LC11_D2 & !_LC12_D2 & !_LC13_D2;

-- Node name is '|ci1:84|~30~1' = '|ci1:84|Cnext~1' 
-- Equation name is '_LC7_B5', type is buried 
-- synthesized logic cell 
_LC7_B5  = LCELL( _EQ016 $  GND);
  _EQ016 = !_LC4_D2 & !_LC14_B5
         # !F0 & !P07 & !Q07
         # !F0 &  F3 & !_LC4_D2 & !P06
         # !F0 &  F3 & !_LC14_B5 & !P06
         #  F1 & !F2 &  F3 & !_LC14_B5 &  P06 & !Q06;

-- Node name is '|ci1:84|~30~2' = '|ci1:84|Cnext~2' 
-- Equation name is '_LC8_B5', type is buried 
-- synthesized logic cell 
_LC8_B5  = LCELL( _EQ017 $  GND);
  _EQ017 =  F0 & !F3 & !_LC4_D2 & !P06
         #  F0 & !F3 & !_LC14_B5 & !P06
         # !F3 & !_LC4_D2 & !P06 & !Q06
         # !F3 & !_LC14_B5 & !P06 & !Q06
         #  F1 & !F2 &  F3 & !_LC4_D2 &  P06 & !Q06;

-- Node name is '|ci1:84|~30~3' = '|ci1:84|Cnext~3' 
-- Equation name is '_LC9_B5', type is buried 
-- synthesized logic cell 
_LC9_B5  = LCELL( _EQ018 $  GND);
  _EQ018 = !F0 &  F2 &  F3 & !P07
         # !F0 &  F1 &  F3 & !P07
         #  F2 & !F3 & !_LC4_D2 & !P06
         #  F2 & !F3 & !_LC14_B5 & !P06
         #  F0 & !F1 & !F2 &  F3 & !_LC14_B5 &  P06;

-- Node name is '|ci1:84|~30~4' = '|ci1:84|Cnext~4' 
-- Equation name is '_LC1_B5', type is buried 
-- synthesized logic cell 
!_LC1_B5 = _LC1_B5~NOT;
_LC1_B5~NOT = LCELL( _EQ019 $  GND);
  _EQ019 = !F0 &  F1 &  F2 & !P07
         #  F0 & !F1 & !F2 &  F3 &  P07
         #  F1 & !F2 &  F3 &  P07 & !Q07
         #  F0 & !F1 & !F2 &  F3 & !_LC4_D2 &  P06
         # !_LC10_B5;

-- Node name is '|ci1:84|~30~5' = '|ci1:84|Cnext~5' 
-- Equation name is '_LC10_B5', type is buried 
-- synthesized logic cell 
_LC10_B5 = LCELL( _EQ020 $  GND);
  _EQ020 =  F3 & !_LC7_B5 & !_LC8_B5 & !_LC9_B5
         # !F0 & !_LC7_B5 & !_LC8_B5 & !_LC9_B5
         # !_LC7_B5 & !_LC8_B5 & !_LC9_B5 & !Q07
         # !_LC7_B5 & !_LC8_B5 & !_LC9_B5 &  P07;

-- Node name is '|ci1:84|~22~1' 
-- Equation name is '_LC14_A1', type is buried 
-- synthesized logic cell 
_LC14_A1 = LCELL( _EQ021 $  GND);
  _EQ021 =  F1 &  F2 &  P07
         # !F0 &  F2 & !F3 &  P07 &  Q07
         #  F0 & !F3 &  P07 & !Q07
         # !F0 & !F1 & !F2 &  F3 &  P07 &  Q07;

-- Node name is '|ci1:85|:30' = '|ci1:85|Cnext' 
-- Equation name is '_LC3_A1', type is buried 
!_LC3_A1 = _LC3_A1~NOT;
_LC3_A1~NOT = LCELL( _EQ022 $  GND);
  _EQ022 = !F0 & !F1 & !_LC1_B5 & !_LC14_A1 & !Q08 & !Q09
         # !F1 & !_LC1_B5 & !_LC14_A1 & !P09 & !Q08 &  Q09
         # !_LC13_A1;

-- Node name is '|ci1:85|~30~1' = '|ci1:85|Cnext~1' 
-- Equation name is '_LC10_A1', type is buried 
-- synthesized logic cell 
_LC10_A1 = LCELL( _EQ023 $  GND);
  _EQ023 = !F0 &  F3 & !P09
         # !F0 & !P09 & !Q09
         # !F0 & !F1 &  F3 & !P08
         # !F1 & !_LC1_B5 & !_LC14_A1 & !P09 &  Q08 & !Q09
         # !_LC1_B5 & !_LC14_A1 & !P08 & !P09;

-- Node name is '|ci1:85|~30~2' = '|ci1:85|Cnext~2' 
-- Equation name is '_LC11_A1', type is buried 
-- synthesized logic cell 
_LC11_A1 = LCELL( _EQ024 $  GND);
  _EQ024 = !F1 &  F3 & !_LC1_B5 & !_LC14_A1
         #  F1 & !F3 & !P09 &  Q09
         #  F0 & !F3 & !P09 &  Q09
         #  F0 & !F1 & !F3 & !P08 &  Q08 &  Q09
         # !F3 & !P08 & !P09 &  Q08 & !Q09;

-- Node name is '|ci1:85|~30~3' = '|ci1:85|Cnext~3' 
-- Equation name is '_LC12_A1', type is buried 
-- synthesized logic cell 
_LC12_A1 = LCELL( _EQ025 $  GND);
  _EQ025 = !F3 & !P08 & !P09 & !Q08 &  Q09
         # !F0 & !F1 & !P08 & !Q08 & !Q09
         # !F0 & !F1 & !_LC1_B5 & !_LC14_A1 & !P08 & !Q09
         #  F0 & !F1 & !_LC1_B5 & !_LC14_A1 &  Q08 &  Q09
         #  F0 & !F1 & !_LC1_B5 & !_LC14_A1 & !P08 &  Q09;

-- Node name is '|ci1:85|~30~4' = '|ci1:85|Cnext~4' 
-- Equation name is '_LC13_A1', type is buried 
-- synthesized logic cell 
_LC13_A1 = LCELL( _EQ026 $  GND);
  _EQ026 =  F2 & !_LC10_A1 & !_LC11_A1 & !_LC12_A1;

-- Node name is '|rz_form:78|:3' = '|rz_form:78|rz' 
-- Equation name is '_LC1_B4', type is buried 
_LC1_B4  = LCELL( _EQ027 $  GND);
  _EQ027 = !_LC1_A1 & !_LC2_A1 & !_LC2_B4 & !_LC2_B5 & !_LC2_D2 & !_LC3_B4 & 
             !_LC3_C1 & !_LC6_C3 & !_LC10_D2 & !_LC10_D5 & !_LC11_C1 & 
             !_LC13_B5;

-- Node name is '|si:75|:6' = '|si:75|Si' 
-- Equation name is '_LC1_B3', type is buried 
_LC1_B3  = LCELL( _EQ028 $  GND);
  _EQ028 =  F2 &  _LC11_C1;

-- Node name is '|xishem:28|:37' = '|xishem:28|Xi' 
-- Equation name is '_LC11_C3', type is buried 
_LC11_C3 = LCELL( _EQ029 $  P02);
  _EQ029 =  F0 &  F3 & !P02
         #  F0 & !F1 & !F2 &  F3
         # !F0 & !F2 & !F3 & !P02 &  Q02
         #  F1 & !F2 &  F3 &  P02 & !Q02;

-- Node name is '|xishem:32|:37' = '|xishem:32|Xi' 
-- Equation name is '_LC12_C3', type is buried 
!_LC12_C3 = _LC12_C3~NOT;
_LC12_C3~NOT = LCELL( _EQ030 $ !P03);
  _EQ030 =  F0 & !F1 & !F2 &  F3
         #  F1 & !F2 &  F3 &  P03 & !Q03
         #  F0 &  F3 & !P03
         # !F0 & !F2 & !F3 & !P03 &  Q03;

-- Node name is '|xishem:44|:37' = '|xishem:44|Xi' 
-- Equation name is '_LC14_D2', type is buried 
!_LC14_D2 = _LC14_D2~NOT;
_LC14_D2~NOT = LCELL( _EQ031 $ !P05);
  _EQ031 =  F0 & !F1 & !F2 &  F3
         #  F1 & !F2 &  F3 &  P05 & !Q05
         #  F0 &  F3 & !P05
         # !F0 & !F2 & !F3 & !P05 &  Q05;

-- Node name is '|xishem:58|:37' = '|xishem:58|Xi' 
-- Equation name is '_LC11_B5', type is buried 
_LC11_B5 = LCELL( _EQ032 $  P06);
  _EQ032 =  F0 &  F3 & !P06
         #  F0 & !F1 & !F2 &  F3
         # !F0 & !F2 & !F3 & !P06 &  Q06
         #  F1 & !F2 &  F3 &  P06 & !Q06;

-- Node name is '|xishem:59|:37' = '|xishem:59|Xi' 
-- Equation name is '_LC15_A1', type is buried 
!_LC15_A1 = _LC15_A1~NOT;
_LC15_A1~NOT = LCELL( _EQ033 $ !P09);
  _EQ033 =  F0 & !F1 & !F2 &  F3
         #  F1 & !F2 &  F3 &  P09 & !Q09
         #  F0 &  F3 & !P09
         # !F0 & !F2 & !F3 & !P09 &  Q09;

-- Node name is '|xishem:60|:37' = '|xishem:60|Xi' 
-- Equation name is '_LC12_B5', type is buried 
!_LC12_B5 = _LC12_B5~NOT;
_LC12_B5~NOT = LCELL( _EQ034 $ !P07);
  _EQ034 =  F0 & !F1 & !F2 &  F3
         #  F1 & !F2 &  F3 &  P07 & !Q07
         #  F0 &  F3 & !P07
         # !F0 & !F2 & !F3 & !P07 &  Q07;

-- Node name is '|xishem:67|:37' = '|xishem:67|Xi' 
-- Equation name is '_LC8_C1', type is buried 
_LC8_C1  = LCELL( _EQ035 $  P10);
  _EQ035 =  F0 &  F3 & !P10
         #  F0 & !F1 & !F2 &  F3
         # !F0 & !F2 & !F3 & !P10 &  Q10
         #  F1 & !F2 &  F3 &  P10 & !Q10;

-- Node name is '|xor:9|:12' = '|xor:9|Di' 
-- Equation name is '_LC2_B4', type is buried 
_LC2_B4  = LCELL( _EQ036 $ !_LC7_B4);
  _EQ036 =  F1 &  F2 & !_LC7_B4 &  P00
         # !F0 & !_LC7_B4 & !P00 & !Q00
         #  F2 & !F3 & !_LC5_B4 & !_LC7_B4 &  Q00
         # !F0 &  F3 & !_LC6_B4 & !_LC7_B4 & !P00;

-- Node name is '|xor:9|~12~1' = '|xor:9|Di~1' 
-- Equation name is '_LC7_B4', type is buried 
-- synthesized logic cell 
_LC7_B4  = LCELL( _EQ037 $  GND);
  _EQ037 = !F1 &  F2 & !F3 & !P00 & !Q00
         #  F0 & !F2 & !F3 & !P00 &  Q00
         # !F1 & !F2 &  F3 &  P00 &  Q00
         #  F0 & !F2 &  P00 & !Q00
         # !F0 &  F1 &  F3 & !Q00;

-- Node name is '|xor:9|~12~2' = '|xor:9|Di~2' 
-- Equation name is '_LC6_B4', type is buried 
-- synthesized logic cell 
_LC6_B4  = LCELL( _EQ038 $  GND);
  _EQ038 = !F1 & !F2;

-- Node name is '|xor:9|~12~3' = '|xor:9|Di~3' 
-- Equation name is '_LC5_B4', type is buried 
-- synthesized logic cell 
_LC5_B4  = LCELL( _EQ039 $  GND);
  _EQ039 = !F1 & !P00;

-- Node name is '|xor:22|:12' = '|xor:22|Di' 
-- Equation name is '_LC10_D5', type is buried 
_LC10_D5 = LCELL( _EQ040 $ !_LC3_D5);
  _EQ040 =  F0 & !F1 &  F2 & !F3 & !Q00
         #  F1 &  F2 &  P00
         #  F2 & !F3 &  P00 &  Q00;

-- Node name is '|xor:22|~12~1' = '|xor:22|Di~1' 
-- Equation name is '_LC3_D5', type is buried 
-- synthesized logic cell 
!_LC3_D5 = _LC3_D5~NOT;
_LC3_D5~NOT = LCELL( _EQ041 $ !_LC4_D5);
  _EQ041 =  F0 & !F3 & !P01
         #  F0 & !F1 & !F2 &  F3 &  P01
         #  F1 & !F2 &  F3 &  P01 & !Q01
         # !F0 & !_LC2_D5 & !P01;

-- Node name is '|xor:22|~12~2' = '|xor:22|Di~2' 
-- Equation name is '_LC2_D5', type is buried 
-- synthesized logic cell 
_LC2_D5  = LCELL( _EQ042 $  GND);
  _EQ042 = !F2 & !F3 &  Q01;

-- Node name is '|xor:26|:12' = '|xor:26|Di' 
-- Equation name is '_LC3_B4', type is buried 
_LC3_B4  = LCELL( _EQ043 $  _LC8_C3);
  _EQ043 =  F0 & !F3 & !P02
         #  F0 & !F1 & !F2 &  F3 &  P02
         #  F1 & !F2 &  F3 &  P02 & !Q02
         # !F0 & !_LC4_B4 & !P02;

-- Node name is '|xor:26|~12~1' = '|xor:26|Di~1' 
-- Equation name is '_LC8_C3', type is buried 
-- synthesized logic cell 
!_LC8_C3 = _LC8_C3~NOT;
_LC8_C3~NOT = LCELL( _LC1_D5 $  _LC4_C3);

-- Node name is '|xor:26|~12~2' = '|xor:26|Di~2' 
-- Equation name is '_LC4_B4', type is buried 
-- synthesized logic cell 
_LC4_B4  = LCELL( _EQ044 $  GND);
  _EQ044 = !F2 & !F3 &  Q02;

-- Node name is '|xor:30|:12' = '|xor:30|Di' 
-- Equation name is '_LC6_C3', type is buried 
_LC6_C3  = LCELL( _EQ045 $ !_LC2_C3);
  _EQ045 =  F2 &  _LC1_D5 &  _LC11_C3
         #  F0 &  F2 & !F3 & !_LC3_C3 & !Q02
         # !F0 & !F1 &  F2 & !F3 & !_LC3_C3 &  Q02
         #  F1 &  F2 & !_LC3_C3 &  P02;

-- Node name is '|xor:30|~12~1' = '|xor:30|Di~1' 
-- Equation name is '_LC2_C3', type is buried 
-- synthesized logic cell 
_LC2_C3  = LCELL( _EQ046 $ !_LC12_C3);
  _EQ046 =  F1 &  F2 &  P03
         # !F0 & !F1 &  F2 & !F3 &  Q03
         # !F0 & !F1 & !F2 &  F3 &  Q03
         #  F0 & !F3 & !Q03;

-- Node name is '|xor:30|~12~2' = '|xor:30|Di~2' 
-- Equation name is '_LC3_C3', type is buried 
-- synthesized logic cell 
_LC3_C3  = LCELL( _EQ047 $  GND);
  _EQ047 = !_LC1_D5 & !_LC11_C3;

-- Node name is '|xor:38|:12' = '|xor:38|Di' 
-- Equation name is '_LC10_D2', type is buried 
_LC10_D2 = LCELL( _EQ048 $  _LC1_D2);
  _EQ048 =  F0 & !F3 & !P04
         #  F0 & !F1 & !F2 &  F3 &  P04
         #  F1 & !F2 &  F3 &  P04 & !Q04
         # !F0 & !_LC7_D2 & !P04;

-- Node name is '|xor:38|~12~1' = '|xor:38|Di~1' 
-- Equation name is '_LC1_D2', type is buried 
-- synthesized logic cell 
!_LC1_D2 = _LC1_D2~NOT;
_LC1_D2~NOT = LCELL( _EQ049 $  _EQ050);
  _EQ049 =  F0 & !F3 & !Q04
         #  F1 &  F2 &  P04
         # !F0 & !F1 & !F2 &  F3 &  Q04
         # !F0 & !F1 &  F2 & !F3 &  Q04;
  _EQ050 =  F2 & !_LC6_D2;

-- Node name is '|xor:38|~12~2' = '|xor:38|Di~2' 
-- Equation name is '_LC6_D2', type is buried 
-- synthesized logic cell 
_LC6_D2  = LCELL( _EQ051 $  GND);
  _EQ051 = !_LC1_C3 & !_LC1_C4;

-- Node name is '|xor:38|~12~3' = '|xor:38|Di~3' 
-- Equation name is '_LC7_D2', type is buried 
-- synthesized logic cell 
_LC7_D2  = LCELL( _EQ052 $  GND);
  _EQ052 = !F2 & !F3 &  Q04;

-- Node name is '|xor:42|:12' = '|xor:42|Di' 
-- Equation name is '_LC2_D2', type is buried 
_LC2_D2  = LCELL( _EQ053 $  _LC8_D2);
  _EQ053 = !F1 &  F3 & !_LC1_C3 & !_LC1_C4
         #  F0 & !F3 & !P04 &  Q04
         # !F0 & !F1 & !_LC1_C3 & !_LC1_C4 & !Q04
         # !_LC3_D2;

-- Node name is '|xor:42|~12~1' = '|xor:42|Di~1' 
-- Equation name is '_LC8_D2', type is buried 
-- synthesized logic cell 
_LC8_D2  = LCELL( _EQ054 $ !_LC14_D2);
  _EQ054 =  F1 &  F2 &  P05
         # !F0 & !F1 &  F2 & !F3 &  Q05
         # !F0 & !F1 & !F2 &  F3 &  Q05
         #  F0 & !F3 & !Q05;

-- Node name is '|xor:42|~12~2' = '|xor:42|Di~2' 
-- Equation name is '_LC5_D2', type is buried 
-- synthesized logic cell 
_LC5_D2  = LCELL( _EQ055 $  GND);
  _EQ055 = !_LC1_C3 & !_LC1_C4 & !P04
         # !F0 & !P04 & !Q04
         # !F0 &  F1 & !P04
         # !F0 &  F3 & !P04
         #  F0 & !F1 & !_LC1_C3 & !_LC1_C4 &  Q04;

-- Node name is '|xor:42|~12~3' = '|xor:42|Di~3' 
-- Equation name is '_LC3_D2', type is buried 
-- synthesized logic cell 
_LC3_D2  = LCELL( _EQ056 $  GND);
  _EQ056 =  F2 & !_LC5_D2;

-- Node name is '|xor:49|:12' = '|xor:49|Di' 
-- Equation name is '_LC2_A1', type is buried 
_LC2_A1  = LCELL( _EQ057 $  _LC6_A1);
  _EQ057 =  F0 & !F3 & !P08
         #  F0 & !F1 & !F2 &  F3 &  P08
         #  F1 & !F2 &  F3 &  P08 & !Q08
         # !F0 & !_LC4_A1 & !P08;

-- Node name is '|xor:49|~12~1' = '|xor:49|Di~1' 
-- Equation name is '_LC6_A1', type is buried 
-- synthesized logic cell 
!_LC6_A1 = _LC6_A1~NOT;
_LC6_A1~NOT = LCELL( _EQ058 $  _EQ059);
  _EQ058 =  F0 & !F3 & !Q08
         #  F1 &  F2 &  P08
         # !F0 & !F1 & !F2 &  F3 &  Q08
         # !F0 & !F1 &  F2 & !F3 &  Q08;
  _EQ059 =  F2 & !_LC5_A1;

-- Node name is '|xor:49|~12~2' = '|xor:49|Di~2' 
-- Equation name is '_LC5_A1', type is buried 
-- synthesized logic cell 
_LC5_A1  = LCELL( _EQ060 $  GND);
  _EQ060 = !_LC1_B5 & !_LC14_A1;

-- Node name is '|xor:49|~12~3' = '|xor:49|Di~3' 
-- Equation name is '_LC4_A1', type is buried 
-- synthesized logic cell 
_LC4_A1  = LCELL( _EQ061 $  GND);
  _EQ061 = !F2 & !F3 &  Q08;

-- Node name is '|xor:50|:12' = '|xor:50|Di' 
-- Equation name is '_LC13_B5', type is buried 
_LC13_B5 = LCELL( _EQ062 $  _LC3_B5);
  _EQ062 =  F0 & !F3 & !P06
         #  F0 & !F1 & !F2 &  F3 &  P06
         #  F1 & !F2 &  F3 &  P06 & !Q06
         # !F0 & !_LC4_B5 & !P06;

-- Node name is '|xor:50|~12~1' = '|xor:50|Di~1' 
-- Equation name is '_LC3_B5', type is buried 
-- synthesized logic cell 
!_LC3_B5 = _LC3_B5~NOT;
_LC3_B5~NOT = LCELL( _LC4_D2 $  _LC14_B5);

-- Node name is '|xor:50|~12~2' = '|xor:50|Di~2' 
-- Equation name is '_LC4_B5', type is buried 
-- synthesized logic cell 
_LC4_B5  = LCELL( _EQ063 $  GND);
  _EQ063 = !F2 & !F3 &  Q06;

-- Node name is '|xor:51|:12' = '|xor:51|Di' 
-- Equation name is '_LC1_A1', type is buried 
_LC1_A1  = LCELL( _EQ064 $  _LC7_A1);
  _EQ064 = !F1 &  F3 & !_LC1_B5 & !_LC14_A1
         #  F0 & !F3 & !P08 &  Q08
         # !F0 & !F1 & !_LC1_B5 & !_LC14_A1 & !Q08
         # !_LC9_A1;

-- Node name is '|xor:51|~12~1' = '|xor:51|Di~1' 
-- Equation name is '_LC7_A1', type is buried 
-- synthesized logic cell 
_LC7_A1  = LCELL( _EQ065 $ !_LC15_A1);
  _EQ065 =  F1 &  F2 &  P09
         # !F0 & !F1 &  F2 & !F3 &  Q09
         # !F0 & !F1 & !F2 &  F3 &  Q09
         #  F0 & !F3 & !Q09;

-- Node name is '|xor:51|~12~2' = '|xor:51|Di~2' 
-- Equation name is '_LC8_A1', type is buried 
-- synthesized logic cell 
_LC8_A1  = LCELL( _EQ066 $  GND);
  _EQ066 = !_LC1_B5 & !_LC14_A1 & !P08
         # !F0 & !P08 & !Q08
         # !F0 &  F1 & !P08
         # !F0 &  F3 & !P08
         #  F0 & !F1 & !_LC1_B5 & !_LC14_A1 &  Q08;

-- Node name is '|xor:51|~12~3' = '|xor:51|Di~3' 
-- Equation name is '_LC9_A1', type is buried 
-- synthesized logic cell 
_LC9_A1  = LCELL( _EQ067 $  GND);
  _EQ067 =  F2 & !_LC8_A1;

-- Node name is '|xor:52|:12' = '|xor:52|Di' 
-- Equation name is '_LC2_B5', type is buried 
_LC2_B5  = LCELL( _EQ068 $ !_LC6_B5);
  _EQ068 =  F2 &  _LC4_D2 &  _LC11_B5
         #  F0 &  F2 & !F3 & !_LC5_B5 & !Q06
         # !F0 & !F1 &  F2 & !F3 & !_LC5_B5 &  Q06
         #  F1 &  F2 & !_LC5_B5 &  P06;

-- Node name is '|xor:52|~12~1' = '|xor:52|Di~1' 
-- Equation name is '_LC6_B5', type is buried 
-- synthesized logic cell 
_LC6_B5  = LCELL( _EQ069 $ !_LC12_B5);
  _EQ069 =  F1 &  F2 &  P07
         # !F0 & !F1 &  F2 & !F3 &  Q07
         # !F0 & !F1 & !F2 &  F3 &  Q07
         #  F0 & !F3 & !Q07;

-- Node name is '|xor:52|~12~2' = '|xor:52|Di~2' 
-- Equation name is '_LC5_B5', type is buried 
-- synthesized logic cell 
_LC5_B5  = LCELL( _EQ070 $  GND);
  _EQ070 = !_LC4_D2 & !_LC11_B5;

-- Node name is '|xor:63|:12' = '|xor:63|Di' 
-- Equation name is '_LC3_C1', type is buried 
_LC3_C1  = LCELL( _EQ071 $  _LC1_C1);
  _EQ071 =  F0 & !F3 & !P10
         #  F0 & !F1 & !F2 &  F3 &  P10
         #  F1 & !F2 &  F3 &  P10 & !Q10
         # !F0 & !_LC2_C1 & !P10;

-- Node name is '|xor:63|~12~1' = '|xor:63|Di~1' 
-- Equation name is '_LC1_C1', type is buried 
-- synthesized logic cell 
_LC1_C1  = LCELL( _EQ072 $ !_LC3_A1);
  _EQ072 =  F1 &  F2 &  P10
         # !F0 & !F1 &  F2 & !F3 &  Q10
         # !F0 & !F1 & !F2 &  F3 &  Q10
         #  F0 & !F3 & !Q10;

-- Node name is '|xor:63|~12~2' = '|xor:63|Di~2' 
-- Equation name is '_LC2_C1', type is buried 
-- synthesized logic cell 
_LC2_C1  = LCELL( _EQ073 $  GND);
  _EQ073 = !F2 & !F3 &  Q10;

-- Node name is '|xor:64|:12' = '|xor:64|Di' 
-- Equation name is '_LC11_C1', type is buried 
_LC11_C1 = LCELL( _EQ074 $  _LC6_C1);
  _EQ074 =  F0 & !F3 & !P11
         #  F0 & !F1 & !F2 &  F3 &  P11
         #  F1 & !F2 &  F3 &  P11 & !Q11
         # !F0 & !_LC4_C1 & !P11;

-- Node name is '|xor:64|~12~1' = '|xor:64|Di~1' 
-- Equation name is '_LC7_C1', type is buried 
-- synthesized logic cell 
_LC7_C1  = LCELL( _EQ075 $  GND);
  _EQ075 =  F1 &  F2 &  _LC8_C1 &  P10
         #  F1 &  F2 &  _LC3_A1 &  P10
         # !F0 & !F1 &  F2 & !F3 &  _LC8_C1 &  Q10
         #  F0 &  F2 & !F3 &  _LC8_C1 & !Q10
         #  F2 &  _LC3_A1 &  _LC8_C1;

-- Node name is '|xor:64|~12~2' = '|xor:64|Di~2' 
-- Equation name is '_LC6_C1', type is buried 
-- synthesized logic cell 
_LC6_C1  = LCELL( _EQ076 $  _EQ077);
  _EQ076 =  F0 & !F3 & !Q11
         #  F1 &  F2 &  P11
         # !F0 & !F1 & !F2 &  F3 &  Q11
         # !F0 & !F1 &  F2 & !F3 &  Q11;
  _EQ077 = !_LC5_C1 & !_LC7_C1;

-- Node name is '|xor:64|~12~3' = '|xor:64|Di~3' 
-- Equation name is '_LC5_C1', type is buried 
-- synthesized logic cell 
_LC5_C1  = LCELL( _EQ078 $  GND);
  _EQ078 = !F0 & !F1 &  F2 & !F3 &  _LC3_A1 &  Q10
         #  F0 &  F2 & !F3 &  _LC3_A1 & !Q10;

-- Node name is '|xor:64|~12~4' = '|xor:64|Di~4' 
-- Equation name is '_LC4_C1', type is buried 
-- synthesized logic cell 
_LC4_C1  = LCELL( _EQ079 $  GND);
  _EQ079 = !F2 & !F3 &  Q11;

-- Node name is '|yishem:23|:33' = '|yishem:23|Yi' 
-- Equation name is '_LC4_D5', type is buried 
_LC4_D5  = LCELL( _EQ080 $  GND);
  _EQ080 =  F0 & !F3 & !Q01
         #  F1 &  F2 &  P01
         # !F0 & !F1 & !F2 &  F3 &  Q01
         # !F0 & !F1 &  F2 & !F3 &  Q01;

-- Node name is '|yishem:27|:33' = '|yishem:27|Yi' 
-- Equation name is '_LC4_C3', type is buried 
_LC4_C3  = LCELL( _EQ081 $  GND);
  _EQ081 =  F0 & !F3 & !Q02
         #  F1 &  F2 &  P02
         # !F0 & !F1 & !F2 &  F3 &  Q02
         # !F0 & !F1 &  F2 & !F3 &  Q02;

-- Node name is '|yishem:54|:33' = '|yishem:54|Yi' 
-- Equation name is '_LC14_B5', type is buried 
_LC14_B5 = LCELL( _EQ082 $  GND);
  _EQ082 =  F0 & !F3 & !Q06
         #  F1 &  F2 &  P06
         # !F0 & !F1 & !F2 &  F3 &  Q06
         # !F0 & !F1 &  F2 & !F3 &  Q06;



Project Information                                    c:\myshem2\main_ash.rpt

** COMPILATION SETTINGS & TIMES **

Processing Menu Commands
------------------------

Design Doctor                             = off

Logic Synthesis:

   Synthesis Type Used                    = Multi-Level

   Default Synthesis Style                = NORMAL

      Logic option settings in 'NORMAL' style for 'MAX9000' family

      DECOMPOSE_GATES                     = on
      DUPLICATE_LOGIC_EXTRACTION          = on
      MINIMIZATION                        = full
      MULTI_LEVEL_FACTORING               = on
      NOT_GATE_PUSH_BACK                  = on
      PARALLEL_EXPANDERS                  = off
      REDUCE_LOGIC                        = on
      REFACTORIZATION                     = on
      REGISTER_OPTIMIZATION               = on
      RESYNTHESIZE_NETWORK                = on
      SLOW_SLEW_RATE                      = off
      SOFT_BUFFER_INSERTION               = on
      SUBFACTOR_EXTRACTION                = on
      TURBO_BIT                           = on
      XOR_SYNTHESIS                       = on
      IGNORE_SOFT_BUFFERS                 = off
      USE_LPM_FOR_AHDL_OPERATORS          = off

   Other logic synthesis settings:

      Automatic Global Clock              = on
      Automatic Global Clear              = on
      Automatic Global Preset             = on
      Automatic Global Output Enable      = on
      Automatic Fast I/O                  = off
      Automatic Register Packing          = off
      Automatic Open-Drain Pins           = on
      Automatic Implement in EAB          = off
      One-Hot State Machine Encoding      = off
      Optimize                            = 5

Default Timing Specifications: None

Cut All Bidir Feedback Timing Paths       = on
Cut All Clear & Preset Timing Paths       = on

Ignore Timing Assignments                 = off

Functional SNF Extractor                  = off

Linked SNF Extractor                      = off
Timing SNF Extractor                      = on
Optimize Timing SNF                       = off
Generate AHDL TDO File                    = off
Fitter Settings                           = NORMAL
Smart Recompile                           = off
Total Recompile                           = off

Interfaces Menu Commands
------------------------

EDIF Netlist Writer                       = off
Verilog Netlist Writer                    = off
VHDL Netlist Writer                       = off

Compilation Times
-----------------

   Compiler Netlist Extractor             00:00:01
   Database Builder                       00:00:00
   Logic Synthesizer                      00:00:24
   Partitioner                            00:00:00
   Fitter                                 00:00:02
   Timing SNF Extractor                   00:00:01
   Assembler                              00:00:06
   --------------------------             --------
   Total Time                             00:00:34


Memory Allocated
-----------------

Peak memory allocated during compilation  = 7,426K
