Project Information                                  c:\kslabs\myshema3\rg.rpt

MAX+plus II Compiler Report File
Version 10.0 RC2 9/14/2000
Compiled: 10/13/2009 15:49:22

Copyright (C) 1988-2000 Altera Corporation
Any megafunction design, and related net list (encrypted or decrypted),
support information, device programming or simulation file, and any other
associated documentation or information provided by Altera or a partner
under Altera's Megafunction Partnership Program may be used only to
program PLD devices (but not masked PLD devices) from Altera.  Any other
use of such megafunction design, net list, support information, device
programming or simulation file, or any other related documentation or
information is prohibited for any other purpose, including, but not
limited to modification, reverse engineering, de-compiling, or use with
any other silicon devices, unless such use is explicitly licensed under
a separate agreement with Altera or a megafunction partner.  Title to
the intellectual property, including patents, copyrights, trademarks,
trade secrets, or maskworks, embodied in any such megafunction design,
net list, support information, device programming or simulation file, or
any other related documentation or information provided by Altera or a
megafunction partner, remains with Altera, the megafunction partner, or
their respective licensors.  No other licenses, including any licenses
needed under any third party's intellectual property, are provided herein.



***** Project compilation was successful




** DEVICE SUMMARY **

Chip/                     Input   Output   Bidir         Shareable
POF       Device          Pins    Pins     Pins     LCs  Expanders  % Utilized

rg        EPM7032LC44-6    13       10       0      10      0           31 %

User Pins:                 13       10       0  



Project Information                                  c:\kslabs\myshema3\rg.rpt

** PROJECT COMPILATION MESSAGES **

Warning: No superset bus at connection -- "B[0..9]"
Warning: No superset bus at connection -- "B[0..9]"
Warning: No superset bus at connection -- "B[0..9]"
Warning: No superset bus at connection -- "B[0..9]"
Warning: No superset bus at connection -- "B[0..9]"
Warning: No superset bus at connection -- "B[0..9]"
Warning: No superset bus at connection -- "B[0..9]"
Warning: No superset bus at connection -- "B[0..9]"
Warning: No superset bus at connection -- "B[0..9]"
Warning: No superset bus at connection -- "B[0..9]"
Warning: No superset bus at connection -- "B[0..9]"
Warning: No superset bus at connection -- "B[0..9]"
Warning: No superset bus at connection -- "B[0..9]"
Warning: No superset bus at connection -- "B[0..9]"
Warning: No superset bus at connection -- "B[0..9]"
Warning: No superset bus at connection -- "B[0..9]"
Warning: No superset bus at connection -- "B[0..9]"
Warning: No superset bus at connection -- "B[0..9]"
Warning: No superset bus at connection -- "B[0..9]"
Warning: No superset bus at connection -- "B[0..9]"
Warning: No superset bus at connection -- "B[0..9]"
Warning: No superset bus at connection -- "B[0..9]"
Warning: No superset bus at connection -- "B[0..9]"
Warning: No superset bus at connection -- "B[0..9]"
Warning: No superset bus at connection -- "B[0..9]"
Warning: No superset bus at connection -- "B[0..9]"
Warning: No superset bus at connection -- "B[0..9]"
Warning: No superset bus at connection -- "B[0..9]"
Warning: No superset bus at connection -- "B[0..9]"
Warning: No superset bus at connection -- "B[0..9]"
Warning: No superset bus at connection -- "B[0..9]"
Warning: No superset bus at connection -- "B[0..9]"
Warning: No superset bus at connection -- "B[0..9]"
Warning: No superset bus at connection -- "B[0..9]"
Warning: No superset bus at connection -- "B[0..9]"
Warning: No superset bus at connection -- "B[0..9]"
Warning: No superset bus at connection -- "B[0..9]"
Warning: No superset bus at connection -- "B[0..9]"
Warning: No superset bus at connection -- "B[0..9]"


Project Information                                  c:\kslabs\myshema3\rg.rpt

** AUTO GLOBAL SIGNALS **



INFO: Signal 'clock' chosen for auto global Clock


Project Information                                  c:\kslabs\myshema3\rg.rpt

** FILE HIERARCHY **



|rgi:6|
|rgi:6|carry_not:14|
|rgi:6|carry_not:15|
|rgi:13|
|rgi:13|carry_not:14|
|rgi:13|carry_not:15|
|rgi:5|
|rgi:5|carry_not:14|
|rgi:5|carry_not:15|
|rgi:4|
|rgi:4|carry_not:14|
|rgi:4|carry_not:15|
|rgi:3|
|rgi:3|carry_not:14|
|rgi:3|carry_not:15|
|rgi:1|
|rgi:1|carry_not:14|
|rgi:1|carry_not:15|
|rgi:7|
|rgi:7|carry_not:14|
|rgi:7|carry_not:15|
|rgi:8|
|rgi:8|carry_not:14|
|rgi:8|carry_not:15|
|rgi:9|
|rgi:9|carry_not:14|
|rgi:9|carry_not:15|
|rgi:10|
|rgi:10|carry_not:14|
|rgi:10|carry_not:15|


Device-Specific Information:                         c:\kslabs\myshema3\rg.rpt
rg

***** Logic for device 'rg' compiled without errors.




Device: EPM7032LC44-6

Device Options:
    Turbo Bit                                    = ON
    Security Bit                                 = OFF

                                               
                                               
                                               
                                   c           
                                   l           
                    r  V  G  G  G  o  G        
              B  B  a  C  N  N  N  c  N  A  A  
              1  0  s  C  D  D  D  k  D  1  7  
            -----------------------------------_ 
          /   6  5  4  3  2  1 44 43 42 41 40   | 
      B2 |  7                                39 | A3 
      B3 |  8                                38 | A9 
      B4 |  9                                37 | A8 
     GND | 10                                36 | A0 
      B5 | 11                                35 | VCC 
      B6 | 12         EPM7032LC44-6          34 | A4 
      B7 | 13                                33 | A5 
      B8 | 14                                32 | A2 
     VCC | 15                                31 | RESERVED 
      B9 | 16                                30 | GND 
     cas | 17                                29 | RESERVED 
         |_  18 19 20 21 22 23 24 25 26 27 28  _| 
           ------------------------------------ 
              R  R  R  R  G  V  R  R  R  A  R  
              E  E  E  E  N  C  E  E  E  6  E  
              S  S  S  S  D  C  S  S  S     S  
              E  E  E  E        E  E  E     E  
              R  R  R  R        R  R  R     R  
              V  V  V  V        V  V  V     V  
              E  E  E  E        E  E  E     E  
              D  D  D  D        D  D  D     D  


N.C. = No Connect. This pin has no internal connection to the device.
VCC = Dedicated power pin, which MUST be connected to VCC.
GND = Dedicated ground pin or unused dedicated input, which MUST be connected to GND.
RESERVED = Unused I/O pin, which MUST be left unconnected.



Device-Specific Information:                         c:\kslabs\myshema3\rg.rpt
rg

** RESOURCE USAGE **

                                                Shareable     External
Logic Array Block     Logic Cells   I/O Pins    Expanders   Interconnect

A:     LC1 - LC16     0/16(  0%)  12/16( 75%)   0/16(  0%)   0/36(  0%) 
B:    LC17 - LC32    10/16( 62%)  10/16( 62%)   0/16(  0%)  22/36( 61%) 


Total dedicated input pins used:                 1/4      ( 25%)
Total I/O pins used:                            22/32     ( 68%)
Total logic cells used:                         10/32     ( 31%)
Total shareable expanders used:                  0/32     (  0%)
Total Turbo logic cells used:                   10/32     ( 31%)
Total shareable expanders not available (n/a):   0/32     (  0%)
Average fan-in:                                  5.00
Total fan-in:                                    50

Total input pins required:                      13
Total output pins required:                     10
Total bidirectional pins required:               0
Total logic cells required:                     10
Total flipflops required:                       10
Total product terms required:                   20
Total logic cells lending parallel expanders:    0
Total shareable expanders in database:           0

Synthesized logic cells:                         0/  32   (  0%)



Device-Specific Information:                         c:\kslabs\myshema3\rg.rpt
rg

** INPUTS **

                                         Shareable
                                         Expanders     Fan-In    Fan-Out
 Pin     LC  LAB  Primitive    Code   Total Shared n/a INP  FBK  OUT  FBK  Name
   5    (2)  (A)      INPUT               0      0   0    0    0    1    0  B0
   6    (3)  (A)      INPUT               0      0   0    0    0    1    0  B1
   7    (4)  (A)      INPUT               0      0   0    0    0    1    0  B2
   8    (5)  (A)      INPUT               0      0   0    0    0    1    0  B3
   9    (6)  (A)      INPUT               0      0   0    0    0    1    0  B4
  11    (7)  (A)      INPUT               0      0   0    0    0    1    0  B5
  12    (8)  (A)      INPUT               0      0   0    0    0    1    0  B6
  13    (9)  (A)      INPUT               0      0   0    0    0    1    0  B7
  14   (10)  (A)      INPUT               0      0   0    0    0    1    0  B8
  16   (11)  (A)      INPUT               0      0   0    0    0    1    0  B9
  17   (12)  (A)      INPUT               0      0   0    0    0   10    0  cas
  43      -   -       INPUT  G            0      0   0    0    0    0    0  clock
   4    (1)  (A)      INPUT               0      0   0    0    0   10    0  ras


Code:

s = Synthesized pin or logic cell
t = Turbo logic cell
+ = Synchronous flipflop
! = NOT gate push-back
r = Fitter-inserted logic cell
G = Global Source. Fan-out destinations counted here do not include destinations
that are driven using global routing resources. Refer to the Auto Global Signals,
Clock Signals, Clear Signals, Synchronous Load Signals, and Synchronous Clear Signals
Sections of this Report File for information on which signals' fan-outs are used as
Clock, Clear, Preset, Output Enable, and synchronous Load signals.


Device-Specific Information:                         c:\kslabs\myshema3\rg.rpt
rg

** OUTPUTS **

                                         Shareable
                                         Expanders     Fan-In    Fan-Out
 Pin     LC  LAB  Primitive    Code   Total Shared n/a INP  FBK  OUT  FBK  Name
  36     22    B         FF   +  t        0      0   0    3    1    1    0  A0 (|rgi:1|:20)
  41     17    B         FF   +  t        0      0   0    3    1    1    0  A1 (|rgi:3|:20)
  32     25    B         FF   +  t        0      0   0    3    1    1    0  A2 (|rgi:4|:20)
  39     19    B         FF   +  t        0      0   0    3    1    1    0  A3 (|rgi:5|:20)
  34     23    B         FF   +  t        0      0   0    3    1    1    0  A4 (|rgi:6|:20)
  33     24    B         FF   +  t        0      0   0    3    1    1    0  A5 (|rgi:13|:20)
  27     29    B         FF   +  t        0      0   0    3    1    1    0  A6 (|rgi:7|:20)
  40     18    B         FF   +  t        0      0   0    3    1    1    0  A7 (|rgi:8|:20)
  37     21    B         FF   +  t        0      0   0    3    1    1    0  A8 (|rgi:9|:20)
  38     20    B         FF   +  t        0      0   0    3    1    1    0  A9 (|rgi:10|:20)


Code:

s = Synthesized pin or logic cell
t = Turbo logic cell
+ = Synchronous flipflop
! = NOT gate push-back
r = Fitter-inserted logic cell


Device-Specific Information:                         c:\kslabs\myshema3\rg.rpt
rg

** LOGIC CELL INTERCONNECTIONS **

Logic Array Block 'B':

                             Logic cells placed in LAB 'B'
        +------------------- LC22 A0
        | +----------------- LC17 A1
        | | +--------------- LC25 A2
        | | | +------------- LC19 A3
        | | | | +----------- LC23 A4
        | | | | | +--------- LC24 A5
        | | | | | | +------- LC29 A6
        | | | | | | | +----- LC18 A7
        | | | | | | | | +--- LC21 A8
        | | | | | | | | | +- LC20 A9
        | | | | | | | | | | 
        | | | | | | | | | |   Other LABs fed by signals
        | | | | | | | | | |   that feed LAB 'B'
LC      | | | | | | | | | | | A B |     Logic cells that feed LAB 'B':
LC22 -> * - - - - - - - - - | - * | <-- A0
LC17 -> - * - - - - - - - - | - * | <-- A1
LC25 -> - - * - - - - - - - | - * | <-- A2
LC19 -> - - - * - - - - - - | - * | <-- A3
LC23 -> - - - - * - - - - - | - * | <-- A4
LC24 -> - - - - - * - - - - | - * | <-- A5
LC29 -> - - - - - - * - - - | - * | <-- A6
LC18 -> - - - - - - - * - - | - * | <-- A7
LC21 -> - - - - - - - - * - | - * | <-- A8
LC20 -> - - - - - - - - - * | - * | <-- A9

Pin
5    -> * - - - - - - - - - | - * | <-- B0
6    -> - * - - - - - - - - | - * | <-- B1
7    -> - - * - - - - - - - | - * | <-- B2
8    -> - - - * - - - - - - | - * | <-- B3
9    -> - - - - * - - - - - | - * | <-- B4
11   -> - - - - - * - - - - | - * | <-- B5
12   -> - - - - - - * - - - | - * | <-- B6
13   -> - - - - - - - * - - | - * | <-- B7
14   -> - - - - - - - - * - | - * | <-- B8
16   -> - - - - - - - - - * | - * | <-- B9
17   -> * * * * * * * * * * | - * | <-- cas
43   -> - - - - - - - - - - | - - | <-- clock
4    -> * * * * * * * * * * | - * | <-- ras


* = The logic cell or pin is an input to the logic cell (or LAB) through the PIA.
- = The logic cell or pin is not an input to the logic cell (or LAB).


Device-Specific Information:                         c:\kslabs\myshema3\rg.rpt
rg

** EQUATIONS **

B0       : INPUT;
B1       : INPUT;
B2       : INPUT;
B3       : INPUT;
B4       : INPUT;
B5       : INPUT;
B6       : INPUT;
B7       : INPUT;
B8       : INPUT;
B9       : INPUT;
cas      : INPUT;
clock    : INPUT;
ras      : INPUT;

-- Node name is 'A0' = '|rgi:1|RGi' 
-- Equation name is 'A0', type is output 
 A0      = TFFE( _EQ001, GLOBAL( clock),  VCC,  VCC,  VCC);
  _EQ001 = !A0 &  B0 & !cas &  ras
         #  A0 & !B0 & !cas &  ras;

-- Node name is 'A1' = '|rgi:3|RGi' 
-- Equation name is 'A1', type is output 
 A1      = TFFE( _EQ002, GLOBAL( clock),  VCC,  VCC,  VCC);
  _EQ002 = !A1 &  B1 & !cas &  ras
         #  A1 & !B1 & !cas &  ras;

-- Node name is 'A2' = '|rgi:4|RGi' 
-- Equation name is 'A2', type is output 
 A2      = TFFE( _EQ003, GLOBAL( clock),  VCC,  VCC,  VCC);
  _EQ003 = !A2 &  B2 & !cas &  ras
         #  A2 & !B2 & !cas &  ras;

-- Node name is 'A3' = '|rgi:5|RGi' 
-- Equation name is 'A3', type is output 
 A3      = TFFE( _EQ004, GLOBAL( clock),  VCC,  VCC,  VCC);
  _EQ004 = !A3 &  B3 & !cas &  ras
         #  A3 & !B3 & !cas &  ras;

-- Node name is 'A4' = '|rgi:6|RGi' 
-- Equation name is 'A4', type is output 
 A4      = TFFE( _EQ005, GLOBAL( clock),  VCC,  VCC,  VCC);
  _EQ005 = !A4 &  B4 & !cas &  ras
         #  A4 & !B4 & !cas &  ras;

-- Node name is 'A5' = '|rgi:13|RGi' 
-- Equation name is 'A5', type is output 
 A5      = TFFE( _EQ006, GLOBAL( clock),  VCC,  VCC,  VCC);
  _EQ006 = !A5 &  B5 & !cas &  ras
         #  A5 & !B5 & !cas &  ras;

-- Node name is 'A6' = '|rgi:7|RGi' 
-- Equation name is 'A6', type is output 
 A6      = TFFE( _EQ007, GLOBAL( clock),  VCC,  VCC,  VCC);
  _EQ007 = !A6 &  B6 & !cas &  ras
         #  A6 & !B6 & !cas &  ras;

-- Node name is 'A7' = '|rgi:8|RGi' 
-- Equation name is 'A7', type is output 
 A7      = TFFE( _EQ008, GLOBAL( clock),  VCC,  VCC,  VCC);
  _EQ008 = !A7 &  B7 & !cas &  ras
         #  A7 & !B7 & !cas &  ras;

-- Node name is 'A8' = '|rgi:9|RGi' 
-- Equation name is 'A8', type is output 
 A8      = TFFE( _EQ009, GLOBAL( clock),  VCC,  VCC,  VCC);
  _EQ009 = !A8 &  B8 & !cas &  ras
         #  A8 & !B8 & !cas &  ras;

-- Node name is 'A9' = '|rgi:10|RGi' 
-- Equation name is 'A9', type is output 
 A9      = TFFE( _EQ010, GLOBAL( clock),  VCC,  VCC,  VCC);
  _EQ010 = !A9 &  B9 & !cas &  ras
         #  A9 & !B9 & !cas &  ras;



--     Shareable expanders that are duplicated in multiple LABs:
--     (none)




Project Information                                  c:\kslabs\myshema3\rg.rpt

** COMPILATION SETTINGS & TIMES **

Processing Menu Commands
------------------------

Design Doctor                             = off

Logic Synthesis:

   Synthesis Type Used                    = Standard

   Default Synthesis Style                = NORMAL

      Logic option settings in 'NORMAL' style for 'MAX7000' family

      DECOMPOSE_GATES                     = on
      DUPLICATE_LOGIC_EXTRACTION          = on
      MINIMIZATION                        = full
      MULTI_LEVEL_FACTORING               = on
      NOT_GATE_PUSH_BACK                  = on
      PARALLEL_EXPANDERS                  = off
      REDUCE_LOGIC                        = on
      REFACTORIZATION                     = on
      REGISTER_OPTIMIZATION               = on
      RESYNTHESIZE_NETWORK                = on
      SLOW_SLEW_RATE                      = off
      SOFT_BUFFER_INSERTION               = on
      SUBFACTOR_EXTRACTION                = on
      TURBO_BIT                           = on
      XOR_SYNTHESIS                       = on
      IGNORE_SOFT_BUFFERS                 = off
      USE_LPM_FOR_AHDL_OPERATORS          = off

   Other logic synthesis settings:

      Automatic Global Clock              = on
      Automatic Global Clear              = on
      Automatic Global Preset             = on
      Automatic Global Output Enable      = on
      Automatic Fast I/O                  = off
      Automatic Register Packing          = off
      Automatic Open-Drain Pins           = on
      Automatic Implement in EAB          = off
      One-Hot State Machine Encoding      = off
      Optimize                            = 5

Default Timing Specifications: None

Cut All Bidir Feedback Timing Paths       = on
Cut All Clear & Preset Timing Paths       = on

Ignore Timing Assignments                 = off

Functional SNF Extractor                  = off

Linked SNF Extractor                      = off
Timing SNF Extractor                      = on
Optimize Timing SNF                       = off
Generate AHDL TDO File                    = off
Fitter Settings                           = NORMAL
Smart Recompile                           = off
Total Recompile                           = off

Interfaces Menu Commands
------------------------

EDIF Netlist Writer                       = off
Verilog Netlist Writer                    = off
VHDL Netlist Writer                       = off

Compilation Times
-----------------

   Compiler Netlist Extractor             00:00:00
   Database Builder                       00:00:00
   Logic Synthesizer                      00:00:00
   Partitioner                            00:00:01
   Fitter                                 00:00:00
   Timing SNF Extractor                   00:00:00
   Assembler                              00:00:00
   --------------------------             --------
   Total Time                             00:00:01


Memory Allocated
-----------------

Peak memory allocated during compilation  = 2,721K
