Сборка начата 5/19/2015 9:27:26 PM.
     1>Проект "D:\obuchenie\SysProgLabs\Lab8\Lab7\Lab7.vcxproj" в узле 2 (целевые объекты Build).
     1>_MASM:
         Assembling longop.asm...
         cmd.exe /C "C:\Users\Rus\AppData\Local\Temp\tmp59360e0ece084bebb91d251f1d273279.cmd"
         ml.exe /c /nologo /Zi /Fo"Debug\longop.obj" /W3 /errorReport:prompt  /Talongop.asm
       _MASM:
         Assembling main8.asm...
         cmd.exe /C "C:\Users\Rus\AppData\Local\Temp\tmpea5466a141c940b8b67ac518f61b16c5.cmd"
         ml.exe /c /nologo /Zi /Fo"Debug\main8.obj" /W3 /errorReport:prompt  /Tamain8.asm
       _MASM:
         Assembling module.asm...
         cmd.exe /C "C:\Users\Rus\AppData\Local\Temp\tmpe6cdbc0d0a114442b9a0096d6f93e50d.cmd"
         ml.exe /c /nologo /Zi /Fo"Debug\module.obj" /W3 /errorReport:prompt  /Tamodule.asm
       Link:
         D:\obuchenie\visStudio\Microsoft Visual Studio 11.0\VC\bin\link.exe /ERRORREPORT:PROMPT /OUT:"D:\obuchenie\SysProgLabs\Lab8\Debug\Lab8.exe" /INCREMENTAL /NOLOGO kernel32.lib user32.lib gdi32.lib winspool.lib comdlg32.lib advapi32.lib shell32.lib ole32.lib oleaut32.lib uuid.lib odbc32.lib odbccp32.lib /MANIFEST /MANIFESTUAC:"level='asInvoker' uiAccess='false'" /manifest:embed /DEBUG /PDB:"D:\obuchenie\SysProgLabs\Lab8\Debug\Lab8.pdb" /SUBSYSTEM:WINDOWS /TLBID:1 /DYNAMICBASE /NXCOMPAT /IMPLIB:"D:\obuchenie\SysProgLabs\Lab8\Debug\Lab8.lib" /MACHINE:X86 Debug\longop.obj
         Debug\main8.obj
         Debug\module.obj
         Lab7.vcxproj -> D:\obuchenie\SysProgLabs\Lab8\Debug\Lab8.exe
     1>Построение проекта "D:\obuchenie\SysProgLabs\Lab8\Lab7\Lab7.vcxproj" завершено (целевые объекты Build).

Сборка успешно завершена.

Затраченное время: 00:00:00.79
