Построение начато 18.05.2014 15:43:51.
     1>Проект "c:\Users\User\documents\visual studio 2010\Projects\lab9C\lab9C\lab9C.vcxproj" в узле 2 (целевые объекты rebuild).
     1>_PrepareForClean:
         Файл "Debug\lab9C.lastbuildstate" удаляется.
       InitializeBuildStatus:
         Обращение к "Debug\lab9C.unsuccessfulbuild".
       _MASM:
         Assembling [Inputs]...
         cmd.exe /C "C:\Users\User\AppData\Local\Temp\tmpfcbdb32e9837402e8617aadb5d719565.cmd"
         ml.exe /c /nologo /Zi /Fo"Debug\longop.obj" /W3 /errorReport:prompt  /Ta..\..\..\..\..\..\..\masm32\modulesForC\longop.asm
       _MASM:
         Assembling [Inputs]...
         cmd.exe /C "C:\Users\User\AppData\Local\Temp\tmpf4fcd4d6f41d45fe9bbed9502fb8262a.cmd"
         ml.exe /c /nologo /Zi /Fo"Debug\module.obj" /W3 /errorReport:prompt  /Ta..\..\..\..\..\..\..\masm32\modulesForC\module.asm
       ClCompile:
         C:\Program Files (x86)\Microsoft Visual Studio 10.0\VC\bin\CL.exe /c /ZI /nologo /W3 /WX- /Od /Oy- /D WIN32 /D _DEBUG /D _WINDOWS /D _MBCS /Gm /EHsc /RTC1 /MDd /GS /fp:precise /Zc:wchar_t /Zc:forScope /Yc"StdAfx.h" /Fp"Debug\lab9C.pch" /Fo"Debug\\" /Fd"Debug\vc100.pdb" /Gd /TP /analyze- /errorReport:prompt stdafx.cpp
         stdafx.cpp
         C:\Program Files (x86)\Microsoft Visual Studio 10.0\VC\bin\CL.exe /c /ZI /nologo /W3 /WX- /Od /Oy- /D WIN32 /D _DEBUG /D _WINDOWS /D _MBCS /Gm /EHsc /RTC1 /MDd /GS /fp:precise /Zc:wchar_t /Zc:forScope /Yu"StdAfx.h" /Fp"Debug\lab9C.pch" /Fo"Debug\\" /Fd"Debug\vc100.pdb" /Gd /TP /analyze- /errorReport:prompt lab9C.cpp
         lab9C.cpp
       ResourceCompile:
         C:\Program Files (x86)\Microsoft SDKs\Windows\v7.0A\bin\rc.exe /l"0x0409" /nologo /fo"Debug\lab9C.res" lab9C.rc 
       Link:
         C:\Program Files (x86)\Microsoft Visual Studio 10.0\VC\bin\link.exe /ERRORREPORT:PROMPT /OUT:"c:\users\user\documents\visual studio 2010\Projects\lab9C\Debug\lab9C.exe" /INCREMENTAL:NO /NOLOGO kernel32.lib user32.lib gdi32.lib winspool.lib comdlg32.lib advapi32.lib shell32.lib ole32.lib oleaut32.lib uuid.lib odbc32.lib odbccp32.lib /MANIFEST /ManifestFile:"Debug\lab9C.exe.intermediate.manifest" /MANIFESTUAC:"level='asInvoker' uiAccess='false'" /DEBUG /PDB:"c:\users\user\documents\visual studio 2010\Projects\lab9C\Debug\lab9C.pdb" /SUBSYSTEM:WINDOWS /TLBID:1 /DYNAMICBASE /NXCOMPAT /IMPLIB:"c:\users\user\documents\visual studio 2010\Projects\lab9C\Debug\lab9C.lib" /MACHINE:X86 Debug\lab9C.res
         Debug\lab9C.obj
         Debug\stdafx.obj
         Debug\longop.obj
         Debug\module.obj
     1>lab9C.obj : warning LNK4075: не учитывается "/EDITANDCONTINUE" из-за спецификации "/INCREMENTAL:NO"
     1>LINK : fatal error LNK1123: сбой при преобразовании в COFF: файл недопустим или поврежден
     1>Построение проекта "c:\Users\User\documents\visual studio 2010\Projects\lab9C\lab9C\lab9C.vcxproj" завершено (целевые объекты rebuild) с ошибкой.

СБОЙ построения.

Затраченное время: 00:00:02.74
