Построение начато 14.11.2011 18:11:28.
     1>Проект "C:\Users\RASAMAX\Documents\Visual Studio 2010\Projects C++\pro_laba_05\pro_laba_05\pro_laba_05.vcxproj" в узле 2 (целевые объекты build).
     1>InitializeBuildStatus:
         Создание "Release\pro_laba_05.unsuccessfulbuild", так как было задано "AlwaysCreate".
       ClCompile:
         Для всех выходных данных обновления не требуется.
         Для всех выходных данных обновления не требуется.
       Link:
         C:\Program Files\Microsoft Visual Studio 10.0\VC\bin\link.exe /ERRORREPORT:PROMPT /OUT:"C:\Users\RASAMAX\Documents\Visual Studio 2010\Projects C++\Release\pro_laba_05.exe" /INCREMENTAL:NO /NOLOGO kernel32.lib user32.lib gdi32.lib winspool.lib comdlg32.lib advapi32.lib shell32.lib ole32.lib oleaut32.lib uuid.lib odbc32.lib odbccp32.lib /MANIFEST /ManifestFile:"Release\pro_laba_05.exe.intermediate.manifest" /MANIFESTUAC:"level='asInvoker' uiAccess='false'" /DEBUG /PDB:"C:\Users\RASAMAX\Documents\Visual Studio 2010\Projects C++\Release\pro_laba_05.pdb" /SUBSYSTEM:CONSOLE /OPT:REF /OPT:ICF /LTCG /TLBID:1 /DYNAMICBASE /NXCOMPAT /IMPLIB:"C:\Users\RASAMAX\Documents\Visual Studio 2010\Projects C++\Release\pro_laba_05.lib" /MACHINE:X86 Release\pro_laba_05.obj
         Release\stdafx.obj
         Создание кода
         Создание кода завершено
         pro_laba_05.vcxproj -> C:\Users\RASAMAX\Documents\Visual Studio 2010\Projects C++\Release\pro_laba_05.exe
       Manifest:
         C:\Program Files\Microsoft SDKs\Windows\v7.0A\bin\mt.exe /nologo /verbose /outputresource:"C:\Users\RASAMAX\Documents\Visual Studio 2010\Projects C++\Release\pro_laba_05.exe;#1" /manifest Release\pro_laba_05.exe.intermediate.manifest
       FinalizeBuildStatus:
         Файл "Release\pro_laba_05.unsuccessfulbuild" удаляется.
         Обращение к "Release\pro_laba_05.lastbuildstate".
     1>Построение проекта "C:\Users\RASAMAX\Documents\Visual Studio 2010\Projects C++\pro_laba_05\pro_laba_05\pro_laba_05.vcxproj" завершено (целевые объекты build).

Построение успешно завершено.

Затраченное время: 00:00:01.52
