Analysis & Synthesis report for LAB
Wed Dec 07 15:10:10 2011
Quartus II Version 9.1 Build 350 03/24/2010 Service Pack 2 SJ Web Edition


---------------------
; Table of Contents ;
---------------------
  1. Legal Notice
  2. Analysis & Synthesis Summary
  3. Analysis & Synthesis Settings
  4. Parallel Compilation
  5. Analysis & Synthesis Source Files Read
  6. Analysis & Synthesis Resource Usage Summary
  7. Analysis & Synthesis Resource Utilization by Entity
  8. Analysis & Synthesis RAM Summary
  9. Registers Removed During Synthesis
 10. General Register Statistics
 11. Source assignments for ROM:inst12|altsyncram:altsyncram_component|altsyncram_lg71:auto_generated
 12. Source assignments for CTR:inst37|lpm_counter:lpm_counter_component
 13. Parameter Settings for User Entity Instance: RG2:inst2|lpm_shiftreg:lpm_shiftreg_component
 14. Parameter Settings for User Entity Instance: RMK:inst11|lpm_ff:lpm_ff_component
 15. Parameter Settings for User Entity Instance: RGCLK:inst13|lpm_shiftreg:lpm_shiftreg_component
 16. Parameter Settings for User Entity Instance: lpm_constant1:inst51|lpm_constant:lpm_constant_component
 17. Parameter Settings for User Entity Instance: ROM:inst12
 18. Parameter Settings for User Entity Instance: ROM:inst12|altsyncram:altsyncram_component
 19. Parameter Settings for User Entity Instance: CTR:inst37|lpm_counter:lpm_counter_component
 20. Parameter Settings for User Entity Instance: MUX_CTR:inst38|lpm_mux:lpm_mux_component
 21. Parameter Settings for User Entity Instance: RA:inst10|lpm_ff:lpm_ff_component
 22. Parameter Settings for User Entity Instance: MUX_ADRESS:inst9|lpm_mux:lpm_mux_component
 23. Parameter Settings for User Entity Instance: ADD_ADRESS:inst8|lpm_add_sub:lpm_add_sub_component
 24. Parameter Settings for User Entity Instance: MUX_X:inst23|lpm_mux:lpm_mux_component
 25. Parameter Settings for User Entity Instance: RG1:inst|lpm_ff:lpm_ff_component
 26. Parameter Settings for User Entity Instance: SUM:inst3|lpm_add_sub:lpm_add_sub_component
 27. Parameter Settings for User Entity Instance: RG3:inst1|lpm_shiftreg:lpm_shiftreg_component
 28. Parameter Settings for User Entity Instance: CONST7:inst48|lpm_constant:lpm_constant_component
 29. lpm_shiftreg Parameter Settings by Entity Instance
 30. altsyncram Parameter Settings by Entity Instance
 31. Analysis & Synthesis Messages



----------------
; Legal Notice ;
----------------
Copyright (C) 1991-2010 Altera Corporation
Your use of Altera Corporation's design tools, logic functions 
and other software and tools, and its AMPP partner logic 
functions, and any output files from any of the foregoing 
(including device programming or simulation files), and any 
associated documentation or information are expressly subject 
to the terms and conditions of the Altera Program License 
Subscription Agreement, Altera MegaCore Function License 
Agreement, or other applicable license agreement, including, 
without limitation, that your use is for the sole purpose of 
programming logic devices manufactured by Altera and sold by 
Altera or its authorized distributors.  Please refer to the 
applicable agreement for further details.



+-----------------------------------------------------------------------------------+
; Analysis & Synthesis Summary                                                      ;
+------------------------------------+----------------------------------------------+
; Analysis & Synthesis Status        ; Successful - Wed Dec 07 15:10:10 2011        ;
; Quartus II Version                 ; 9.1 Build 350 03/24/2010 SP 2 SJ Web Edition ;
; Revision Name                      ; LAB                                          ;
; Top-level Entity Name              ; LAB                                          ;
; Family                             ; Cyclone II                                   ;
; Total logic elements               ; 83                                           ;
;     Total combinational functions  ; 69                                           ;
;     Dedicated logic registers      ; 66                                           ;
; Total registers                    ; 66                                           ;
; Total pins                         ; 89                                           ;
; Total virtual pins                 ; 0                                            ;
; Total memory bits                  ; 224                                          ;
; Embedded Multiplier 9-bit elements ; 0                                            ;
; Total PLLs                         ; 0                                            ;
+------------------------------------+----------------------------------------------+


+----------------------------------------------------------------------------------------------------------------------+
; Analysis & Synthesis Settings                                                                                        ;
+----------------------------------------------------------------------------+--------------------+--------------------+
; Option                                                                     ; Setting            ; Default Value      ;
+----------------------------------------------------------------------------+--------------------+--------------------+
; Device                                                                     ; EP2C35F672C6       ;                    ;
; Top-level entity name                                                      ; LAB                ; LAB                ;
; Family name                                                                ; Cyclone II         ; Stratix II         ;
; Use Generated Physical Constraints File                                    ; Off                ;                    ;
; Use smart compilation                                                      ; Off                ; Off                ;
; Enable parallel Assembler and TimeQuest Timing Analyzer during compilation ; On                 ; On                 ;
; Enable compact report table                                                ; Off                ; Off                ;
; Restructure Multiplexers                                                   ; Auto               ; Auto               ;
; Create Debugging Nodes for IP Cores                                        ; Off                ; Off                ;
; Preserve fewer node names                                                  ; On                 ; On                 ;
; Disable OpenCore Plus hardware evaluation                                  ; Off                ; Off                ;
; Verilog Version                                                            ; Verilog_2001       ; Verilog_2001       ;
; VHDL Version                                                               ; VHDL_1993          ; VHDL_1993          ;
; State Machine Processing                                                   ; Auto               ; Auto               ;
; Safe State Machine                                                         ; Off                ; Off                ;
; Extract Verilog State Machines                                             ; On                 ; On                 ;
; Extract VHDL State Machines                                                ; On                 ; On                 ;
; Ignore Verilog initial constructs                                          ; Off                ; Off                ;
; Iteration limit for constant Verilog loops                                 ; 5000               ; 5000               ;
; Iteration limit for non-constant Verilog loops                             ; 250                ; 250                ;
; Add Pass-Through Logic to Inferred RAMs                                    ; On                 ; On                 ;
; Parallel Synthesis                                                         ; On                 ; On                 ;
; DSP Block Balancing                                                        ; Auto               ; Auto               ;
; NOT Gate Push-Back                                                         ; On                 ; On                 ;
; Power-Up Don't Care                                                        ; On                 ; On                 ;
; Remove Redundant Logic Cells                                               ; Off                ; Off                ;
; Remove Duplicate Registers                                                 ; On                 ; On                 ;
; Ignore CARRY Buffers                                                       ; Off                ; Off                ;
; Ignore CASCADE Buffers                                                     ; Off                ; Off                ;
; Ignore GLOBAL Buffers                                                      ; Off                ; Off                ;
; Ignore ROW GLOBAL Buffers                                                  ; Off                ; Off                ;
; Ignore LCELL Buffers                                                       ; Off                ; Off                ;
; Ignore SOFT Buffers                                                        ; On                 ; On                 ;
; Limit AHDL Integers to 32 Bits                                             ; Off                ; Off                ;
; Optimization Technique                                                     ; Balanced           ; Balanced           ;
; Carry Chain Length                                                         ; 70                 ; 70                 ;
; Auto Carry Chains                                                          ; On                 ; On                 ;
; Auto Open-Drain Pins                                                       ; On                 ; On                 ;
; Perform WYSIWYG Primitive Resynthesis                                      ; Off                ; Off                ;
; Auto ROM Replacement                                                       ; On                 ; On                 ;
; Auto RAM Replacement                                                       ; On                 ; On                 ;
; Auto Shift Register Replacement                                            ; Auto               ; Auto               ;
; Auto Clock Enable Replacement                                              ; On                 ; On                 ;
; Strict RAM Replacement                                                     ; Off                ; Off                ;
; Allow Synchronous Control Signals                                          ; On                 ; On                 ;
; Force Use of Synchronous Clear Signals                                     ; Off                ; Off                ;
; Auto RAM to Logic Cell Conversion                                          ; Off                ; Off                ;
; Auto Resource Sharing                                                      ; Off                ; Off                ;
; Allow Any RAM Size For Recognition                                         ; Off                ; Off                ;
; Allow Any ROM Size For Recognition                                         ; Off                ; Off                ;
; Allow Any Shift Register Size For Recognition                              ; Off                ; Off                ;
; Use LogicLock Constraints during Resource Balancing                        ; On                 ; On                 ;
; Ignore translate_off and synthesis_off directives                          ; Off                ; Off                ;
; Timing-Driven Synthesis                                                    ; Off                ; Off                ;
; Show Parameter Settings Tables in Synthesis Report                         ; On                 ; On                 ;
; Ignore Maximum Fan-Out Assignments                                         ; Off                ; Off                ;
; Synchronization Register Chain Length                                      ; 2                  ; 2                  ;
; PowerPlay Power Optimization                                               ; Normal compilation ; Normal compilation ;
; HDL message level                                                          ; Level2             ; Level2             ;
; Suppress Register Optimization Related Messages                            ; Off                ; Off                ;
; Number of Removed Registers Reported in Synthesis Report                   ; 5000               ; 5000               ;
; Number of Inverted Registers Reported in Synthesis Report                  ; 100                ; 100                ;
; Clock MUX Protection                                                       ; On                 ; On                 ;
; Auto Gated Clock Conversion                                                ; Off                ; Off                ;
; Block Design Naming                                                        ; Auto               ; Auto               ;
; SDC constraint protection                                                  ; Off                ; Off                ;
; Synthesis Effort                                                           ; Auto               ; Auto               ;
; Shift Register Replacement - Allow Asynchronous Clear Signal               ; On                 ; On                 ;
; Analysis & Synthesis Message Level                                         ; Medium             ; Medium             ;
; Disable Register Merging Across Hierarchies                                ; Auto               ; Auto               ;
; Resource Aware Inference For Block RAM                                     ; On                 ; On                 ;
+----------------------------------------------------------------------------+--------------------+--------------------+


Parallel compilation was disabled, but you have multiple processors available. Enable parallel compilation to reduce compilation time.
+-------------------------------------+
; Parallel Compilation                ;
+----------------------------+--------+
; Processors                 ; Number ;
+----------------------------+--------+
; Number detected on machine ; 2      ;
; Maximum allowed            ; 1      ;
+----------------------------+--------+


+----------------------------------------------------------------------------------------------------------------------------------------------------------------+
; Analysis & Synthesis Source Files Read                                                                                                                         ;
+----------------------------------+-----------------+----------------------------------------+------------------------------------------------------------------+
; File Name with User-Entered Path ; Used in Netlist ; File Type                              ; File Name with Absolute Path                                     ;
+----------------------------------+-----------------+----------------------------------------+------------------------------------------------------------------+
; LAB.bdf                          ; yes             ; User Block Diagram/Schematic File      ; D:/LAB2/LAB.bdf                                                  ;
; rg2.tdf                          ; yes             ; Auto-Found Wizard-Generated File       ; D:/LAB2/rg2.tdf                                                  ;
; lpm_shiftreg.inc                 ; yes             ; Auto-Found AHDL File                   ; c:/altera/91sp2/quartus/libraries/megafunctions/lpm_shiftreg.inc ;
; lpm_shiftreg.tdf                 ; yes             ; Megafunction                           ; c:/altera/91sp2/quartus/libraries/megafunctions/lpm_shiftreg.tdf ;
; lpm_constant.inc                 ; yes             ; Megafunction                           ; c:/altera/91sp2/quartus/libraries/megafunctions/lpm_constant.inc ;
; rmk.tdf                          ; yes             ; Auto-Found Wizard-Generated File       ; D:/LAB2/rmk.tdf                                                  ;
; lpm_ff.inc                       ; yes             ; Auto-Found AHDL File                   ; c:/altera/91sp2/quartus/libraries/megafunctions/lpm_ff.inc       ;
; lpm_ff.tdf                       ; yes             ; Megafunction                           ; c:/altera/91sp2/quartus/libraries/megafunctions/lpm_ff.tdf       ;
; rgclk.tdf                        ; yes             ; Auto-Found Wizard-Generated File       ; D:/LAB2/rgclk.tdf                                                ;
; lpm_constant1.tdf                ; yes             ; Auto-Found Wizard-Generated File       ; D:/LAB2/lpm_constant1.tdf                                        ;
; lpm_constant.tdf                 ; yes             ; Megafunction                           ; c:/altera/91sp2/quartus/libraries/megafunctions/lpm_constant.tdf ;
; rom.tdf                          ; yes             ; Auto-Found Wizard-Generated File       ; D:/LAB2/rom.tdf                                                  ;
; altsyncram.inc                   ; yes             ; Auto-Found AHDL File                   ; c:/altera/91sp2/quartus/libraries/megafunctions/altsyncram.inc   ;
; altsyncram.tdf                   ; yes             ; Megafunction                           ; c:/altera/91sp2/quartus/libraries/megafunctions/altsyncram.tdf   ;
; lpm_mux.inc                      ; yes             ; Megafunction                           ; c:/altera/91sp2/quartus/libraries/megafunctions/lpm_mux.inc      ;
; db/altsyncram_lg71.tdf           ; yes             ; Auto-Generated Megafunction            ; D:/LAB2/db/altsyncram_lg71.tdf                                   ;
; rom.hex                          ; yes             ; Auto-Found Memory Initialization File  ; D:/LAB2/rom.hex                                                  ;
; ctr.tdf                          ; yes             ; Auto-Found Wizard-Generated File       ; D:/LAB2/ctr.tdf                                                  ;
; lpm_counter.inc                  ; yes             ; Megafunction                           ; c:/altera/91sp2/quartus/libraries/megafunctions/lpm_counter.inc  ;
; lpm_counter.tdf                  ; yes             ; Megafunction                           ; c:/altera/91sp2/quartus/libraries/megafunctions/lpm_counter.tdf  ;
; lpm_add_sub.inc                  ; yes             ; Megafunction                           ; c:/altera/91sp2/quartus/libraries/megafunctions/lpm_add_sub.inc  ;
; db/cntr_h8j.tdf                  ; yes             ; Auto-Generated Megafunction            ; D:/LAB2/db/cntr_h8j.tdf                                          ;
; mux_ctr.tdf                      ; yes             ; Auto-Found Wizard-Generated File       ; D:/LAB2/mux_ctr.tdf                                              ;
; lpm_mux.tdf                      ; yes             ; Megafunction                           ; c:/altera/91sp2/quartus/libraries/megafunctions/lpm_mux.tdf      ;
; db/mux_lmc.tdf                   ; yes             ; Auto-Generated Megafunction            ; D:/LAB2/db/mux_lmc.tdf                                           ;
; ra.tdf                           ; yes             ; Auto-Found Wizard-Generated File       ; D:/LAB2/ra.tdf                                                   ;
; mux_adress.tdf                   ; yes             ; Auto-Found Wizard-Generated File       ; D:/LAB2/mux_adress.tdf                                           ;
; db/mux_omc.tdf                   ; yes             ; Auto-Generated Megafunction            ; D:/LAB2/db/mux_omc.tdf                                           ;
; add_adress.tdf                   ; yes             ; Auto-Found Wizard-Generated File       ; D:/LAB2/add_adress.tdf                                           ;
; lpm_add_sub.tdf                  ; yes             ; Megafunction                           ; c:/altera/91sp2/quartus/libraries/megafunctions/lpm_add_sub.tdf  ;
; db/add_sub_2vh.tdf               ; yes             ; Auto-Generated Megafunction            ; D:/LAB2/db/add_sub_2vh.tdf                                       ;
; mux_x.tdf                        ; yes             ; Auto-Found Wizard-Generated File       ; D:/LAB2/mux_x.tdf                                                ;
; db/mux_pmc.tdf                   ; yes             ; Auto-Generated Megafunction            ; D:/LAB2/db/mux_pmc.tdf                                           ;
; rg1.tdf                          ; yes             ; Auto-Found Wizard-Generated File       ; D:/LAB2/rg1.tdf                                                  ;
; sum.tdf                          ; yes             ; Auto-Found Wizard-Generated File       ; D:/LAB2/sum.tdf                                                  ;
; db/add_sub_rlh.tdf               ; yes             ; Auto-Generated Megafunction            ; D:/LAB2/db/add_sub_rlh.tdf                                       ;
; rg3.tdf                          ; yes             ; Auto-Found Wizard-Generated File       ; D:/LAB2/rg3.tdf                                                  ;
; const7.tdf                       ; yes             ; Auto-Found Wizard-Generated File       ; D:/LAB2/const7.tdf                                               ;
+----------------------------------+-----------------+----------------------------------------+------------------------------------------------------------------+


+------------------------------------------------------------------------------------------+
; Analysis & Synthesis Resource Usage Summary                                              ;
+---------------------------------------------+--------------------------------------------+
; Resource                                    ; Usage                                      ;
+---------------------------------------------+--------------------------------------------+
; Estimated Total logic elements              ; 83                                         ;
;                                             ;                                            ;
; Total combinational functions               ; 69                                         ;
; Logic element usage by number of LUT inputs ;                                            ;
;     -- 4 input functions                    ; 8                                          ;
;     -- 3 input functions                    ; 36                                         ;
;     -- <=2 input functions                  ; 25                                         ;
;                                             ;                                            ;
; Logic elements by mode                      ;                                            ;
;     -- normal mode                          ; 47                                         ;
;     -- arithmetic mode                      ; 22                                         ;
;                                             ;                                            ;
; Total registers                             ; 66                                         ;
;     -- Dedicated logic registers            ; 66                                         ;
;     -- I/O registers                        ; 0                                          ;
;                                             ;                                            ;
; I/O pins                                    ; 89                                         ;
; Total memory bits                           ; 224                                        ;
; Maximum fan-out node                        ; RMK:inst11|lpm_ff:lpm_ff_component|dffs[7] ;
; Maximum fan-out                             ; 26                                         ;
; Total fan-out                               ; 479                                        ;
; Average fan-out                             ; 2.01                                       ;
+---------------------------------------------+--------------------------------------------+


+---------------------------------------------------------------------------------------------------------------------------------------------------------------------------------------------------------------------------------------------------------+
; Analysis & Synthesis Resource Utilization by Entity                                                                                                                                                                                                     ;
+---------------------------------------------+-------------------+--------------+-------------+--------------+---------+-----------+------+--------------+--------------------------------------------------------------------------------+--------------+
; Compilation Hierarchy Node                  ; LC Combinationals ; LC Registers ; Memory Bits ; DSP Elements ; DSP 9x9 ; DSP 18x18 ; Pins ; Virtual Pins ; Full Hierarchy Name                                                            ; Library Name ;
+---------------------------------------------+-------------------+--------------+-------------+--------------+---------+-----------+------+--------------+--------------------------------------------------------------------------------+--------------+
; |LAB                                        ; 69 (13)           ; 66 (0)       ; 224         ; 0            ; 0       ; 0         ; 89   ; 0            ; |LAB                                                                           ; work         ;
;    |CTR:inst37|                             ; 4 (0)             ; 4 (0)        ; 0           ; 0            ; 0       ; 0         ; 0    ; 0            ; |LAB|CTR:inst37                                                                ;              ;
;       |lpm_counter:lpm_counter_component|   ; 4 (0)             ; 4 (0)        ; 0           ; 0            ; 0       ; 0         ; 0    ; 0            ; |LAB|CTR:inst37|lpm_counter:lpm_counter_component                              ;              ;
;          |cntr_h8j:auto_generated|          ; 4 (4)             ; 4 (4)        ; 0           ; 0            ; 0       ; 0         ; 0    ; 0            ; |LAB|CTR:inst37|lpm_counter:lpm_counter_component|cntr_h8j:auto_generated      ;              ;
;    |MUX_CTR:inst38|                         ; 1 (0)             ; 0 (0)        ; 0           ; 0            ; 0       ; 0         ; 0    ; 0            ; |LAB|MUX_CTR:inst38                                                            ;              ;
;       |lpm_mux:lpm_mux_component|           ; 1 (0)             ; 0 (0)        ; 0           ; 0            ; 0       ; 0         ; 0    ; 0            ; |LAB|MUX_CTR:inst38|lpm_mux:lpm_mux_component                                  ;              ;
;          |mux_lmc:auto_generated|           ; 1 (1)             ; 0 (0)        ; 0           ; 0            ; 0       ; 0         ; 0    ; 0            ; |LAB|MUX_CTR:inst38|lpm_mux:lpm_mux_component|mux_lmc:auto_generated           ;              ;
;    |MUX_X:inst23|                           ; 2 (0)             ; 0 (0)        ; 0           ; 0            ; 0       ; 0         ; 0    ; 0            ; |LAB|MUX_X:inst23                                                              ;              ;
;       |lpm_mux:lpm_mux_component|           ; 2 (0)             ; 0 (0)        ; 0           ; 0            ; 0       ; 0         ; 0    ; 0            ; |LAB|MUX_X:inst23|lpm_mux:lpm_mux_component                                    ;              ;
;          |mux_pmc:auto_generated|           ; 2 (2)             ; 0 (0)        ; 0           ; 0            ; 0       ; 0         ; 0    ; 0            ; |LAB|MUX_X:inst23|lpm_mux:lpm_mux_component|mux_pmc:auto_generated             ;              ;
;    |RA:inst10|                              ; 5 (0)             ; 4 (0)        ; 0           ; 0            ; 0       ; 0         ; 0    ; 0            ; |LAB|RA:inst10                                                                 ;              ;
;       |lpm_ff:lpm_ff_component|             ; 5 (5)             ; 4 (4)        ; 0           ; 0            ; 0       ; 0         ; 0    ; 0            ; |LAB|RA:inst10|lpm_ff:lpm_ff_component                                         ;              ;
;    |RG1:inst|                               ; 16 (0)            ; 16 (0)       ; 0           ; 0            ; 0       ; 0         ; 0    ; 0            ; |LAB|RG1:inst                                                                  ;              ;
;       |lpm_ff:lpm_ff_component|             ; 16 (16)           ; 16 (16)      ; 0           ; 0            ; 0       ; 0         ; 0    ; 0            ; |LAB|RG1:inst|lpm_ff:lpm_ff_component                                          ;              ;
;    |RG2:inst2|                              ; 8 (0)             ; 8 (0)        ; 0           ; 0            ; 0       ; 0         ; 0    ; 0            ; |LAB|RG2:inst2                                                                 ;              ;
;       |lpm_shiftreg:lpm_shiftreg_component| ; 8 (8)             ; 8 (8)        ; 0           ; 0            ; 0       ; 0         ; 0    ; 0            ; |LAB|RG2:inst2|lpm_shiftreg:lpm_shiftreg_component                             ;              ;
;    |RG3:inst1|                              ; 15 (0)            ; 15 (0)       ; 0           ; 0            ; 0       ; 0         ; 0    ; 0            ; |LAB|RG3:inst1                                                                 ;              ;
;       |lpm_shiftreg:lpm_shiftreg_component| ; 15 (15)           ; 15 (15)      ; 0           ; 0            ; 0       ; 0         ; 0    ; 0            ; |LAB|RG3:inst1|lpm_shiftreg:lpm_shiftreg_component                             ;              ;
;    |RGCLK:inst13|                           ; 5 (0)             ; 5 (0)        ; 0           ; 0            ; 0       ; 0         ; 0    ; 0            ; |LAB|RGCLK:inst13                                                              ;              ;
;       |lpm_shiftreg:lpm_shiftreg_component| ; 5 (5)             ; 5 (5)        ; 0           ; 0            ; 0       ; 0         ; 0    ; 0            ; |LAB|RGCLK:inst13|lpm_shiftreg:lpm_shiftreg_component                          ;              ;
;    |RMK:inst11|                             ; 0 (0)             ; 14 (0)       ; 0           ; 0            ; 0       ; 0         ; 0    ; 0            ; |LAB|RMK:inst11                                                                ;              ;
;       |lpm_ff:lpm_ff_component|             ; 0 (0)             ; 14 (14)      ; 0           ; 0            ; 0       ; 0         ; 0    ; 0            ; |LAB|RMK:inst11|lpm_ff:lpm_ff_component                                        ;              ;
;    |ROM:inst12|                             ; 0 (0)             ; 0 (0)        ; 224         ; 0            ; 0       ; 0         ; 0    ; 0            ; |LAB|ROM:inst12                                                                ;              ;
;       |altsyncram:altsyncram_component|     ; 0 (0)             ; 0 (0)        ; 224         ; 0            ; 0       ; 0         ; 0    ; 0            ; |LAB|ROM:inst12|altsyncram:altsyncram_component                                ;              ;
;          |altsyncram_lg71:auto_generated|   ; 0 (0)             ; 0 (0)        ; 224         ; 0            ; 0       ; 0         ; 0    ; 0            ; |LAB|ROM:inst12|altsyncram:altsyncram_component|altsyncram_lg71:auto_generated ;              ;
+---------------------------------------------+-------------------+--------------+-------------+--------------+---------+-----------+------+--------------+--------------------------------------------------------------------------------+--------------+
Note: For table entries with two numbers listed, the numbers in parentheses indicate the number of resources of the given type used by the specific entity alone. The numbers listed outside of parentheses indicate the total resources of the given type used by the specific entity and all of its sub-entities in the hierarchy.


+---------------------------------------------------------------------------------------------------------------------------------------------------------------------------------+
; Analysis & Synthesis RAM Summary                                                                                                                                                ;
+--------------------------------------------------------------------------------------+------+------+--------------+--------------+--------------+--------------+------+---------+
; Name                                                                                 ; Type ; Mode ; Port A Depth ; Port A Width ; Port B Depth ; Port B Width ; Size ; MIF     ;
+--------------------------------------------------------------------------------------+------+------+--------------+--------------+--------------+--------------+------+---------+
; ROM:inst12|altsyncram:altsyncram_component|altsyncram_lg71:auto_generated|ALTSYNCRAM ; AUTO ; ROM  ; 16           ; 14           ; --           ; --           ; 224  ; ROM.hex ;
+--------------------------------------------------------------------------------------+------+------+--------------+--------------+--------------+--------------+------+---------+


+-------------------------------------------------------------------------------------------------+
; Registers Removed During Synthesis                                                              ;
+--------------------------------------------------------+----------------------------------------+
; Register name                                          ; Reason for Removal                     ;
+--------------------------------------------------------+----------------------------------------+
; RG3:inst1|lpm_shiftreg:lpm_shiftreg_component|dffs[15] ; Stuck at GND due to stuck port data_in ;
; Total Number of Removed Registers = 1                  ;                                        ;
+--------------------------------------------------------+----------------------------------------+


+------------------------------------------------------+
; General Register Statistics                          ;
+----------------------------------------------+-------+
; Statistic                                    ; Value ;
+----------------------------------------------+-------+
; Total registers                              ; 66    ;
; Number of registers using Synchronous Clear  ; 0     ;
; Number of registers using Synchronous Load   ; 8     ;
; Number of registers using Asynchronous Clear ; 0     ;
; Number of registers using Asynchronous Load  ; 0     ;
; Number of registers using Clock Enable       ; 8     ;
; Number of registers using Preset             ; 0     ;
+----------------------------------------------+-------+


+--------------------------------------------------------------------------------------------------+
; Source assignments for ROM:inst12|altsyncram:altsyncram_component|altsyncram_lg71:auto_generated ;
+---------------------------------+--------------------+------+------------------------------------+
; Assignment                      ; Value              ; From ; To                                 ;
+---------------------------------+--------------------+------+------------------------------------+
; OPTIMIZE_POWER_DURING_SYNTHESIS ; NORMAL_COMPILATION ; -    ; -                                  ;
+---------------------------------+--------------------+------+------------------------------------+


+---------------------------------------------------------------------+
; Source assignments for CTR:inst37|lpm_counter:lpm_counter_component ;
+---------------------------+-------+------+--------------------------+
; Assignment                ; Value ; From ; To                       ;
+---------------------------+-------+------+--------------------------+
; SUPPRESS_DA_RULE_INTERNAL ; a101  ; -    ; -                        ;
; SUPPRESS_DA_RULE_INTERNAL ; s102  ; -    ; -                        ;
; SUPPRESS_DA_RULE_INTERNAL ; s103  ; -    ; -                        ;
+---------------------------+-------+------+--------------------------+


+--------------------------------------------------------------------------------------------+
; Parameter Settings for User Entity Instance: RG2:inst2|lpm_shiftreg:lpm_shiftreg_component ;
+------------------------+------------+------------------------------------------------------+
; Parameter Name         ; Value      ; Type                                                 ;
+------------------------+------------+------------------------------------------------------+
; LPM_WIDTH              ; 8          ; Untyped                                              ;
; LPM_DIRECTION          ; LEFT       ; Untyped                                              ;
; LPM_AVALUE             ; UNUSED     ; Untyped                                              ;
; LPM_SVALUE             ; UNUSED     ; Untyped                                              ;
; DEVICE_FAMILY          ; Cyclone II ; Untyped                                              ;
; AUTO_CARRY_CHAINS      ; ON         ; AUTO_CARRY                                           ;
; IGNORE_CARRY_BUFFERS   ; OFF        ; IGNORE_CARRY                                         ;
; AUTO_CASCADE_CHAINS    ; ON         ; AUTO_CASCADE                                         ;
; IGNORE_CASCADE_BUFFERS ; OFF        ; IGNORE_CASCADE                                       ;
+------------------------+------------+------------------------------------------------------+
Note: In order to hide this table in the UI and the text report file, please set the "Show Parameter Settings Tables in Synthesis Report" option in "Analysis and Synthesis Settings -> More Settings" to "Off".


+---------------------------------------------------------------------------------+
; Parameter Settings for User Entity Instance: RMK:inst11|lpm_ff:lpm_ff_component ;
+------------------------+------------+-------------------------------------------+
; Parameter Name         ; Value      ; Type                                      ;
+------------------------+------------+-------------------------------------------+
; LPM_WIDTH              ; 14         ; Untyped                                   ;
; LPM_AVALUE             ; UNUSED     ; Untyped                                   ;
; LPM_SVALUE             ; UNUSED     ; Untyped                                   ;
; LPM_FFTYPE             ; DFF        ; Untyped                                   ;
; DEVICE_FAMILY          ; Cyclone II ; Untyped                                   ;
; CBXI_PARAMETER         ; NOTHING    ; Untyped                                   ;
; AUTO_CARRY_CHAINS      ; ON         ; AUTO_CARRY                                ;
; IGNORE_CARRY_BUFFERS   ; OFF        ; IGNORE_CARRY                              ;
; AUTO_CASCADE_CHAINS    ; ON         ; AUTO_CASCADE                              ;
; IGNORE_CASCADE_BUFFERS ; OFF        ; IGNORE_CASCADE                            ;
+------------------------+------------+-------------------------------------------+
Note: In order to hide this table in the UI and the text report file, please set the "Show Parameter Settings Tables in Synthesis Report" option in "Analysis and Synthesis Settings -> More Settings" to "Off".


+-----------------------------------------------------------------------------------------------+
; Parameter Settings for User Entity Instance: RGCLK:inst13|lpm_shiftreg:lpm_shiftreg_component ;
+------------------------+------------+---------------------------------------------------------+
; Parameter Name         ; Value      ; Type                                                    ;
+------------------------+------------+---------------------------------------------------------+
; LPM_WIDTH              ; 5          ; Untyped                                                 ;
; LPM_DIRECTION          ; RIGHT      ; Untyped                                                 ;
; LPM_AVALUE             ; UNUSED     ; Untyped                                                 ;
; LPM_SVALUE             ; UNUSED     ; Untyped                                                 ;
; DEVICE_FAMILY          ; Cyclone II ; Untyped                                                 ;
; AUTO_CARRY_CHAINS      ; ON         ; AUTO_CARRY                                              ;
; IGNORE_CARRY_BUFFERS   ; OFF        ; IGNORE_CARRY                                            ;
; AUTO_CASCADE_CHAINS    ; ON         ; AUTO_CASCADE                                            ;
; IGNORE_CASCADE_BUFFERS ; OFF        ; IGNORE_CASCADE                                          ;
+------------------------+------------+---------------------------------------------------------+
Note: In order to hide this table in the UI and the text report file, please set the "Show Parameter Settings Tables in Synthesis Report" option in "Analysis and Synthesis Settings -> More Settings" to "Off".


+-------------------------------------------------------------------------------------------------------+
; Parameter Settings for User Entity Instance: lpm_constant1:inst51|lpm_constant:lpm_constant_component ;
+--------------------+------------------+---------------------------------------------------------------+
; Parameter Name     ; Value            ; Type                                                          ;
+--------------------+------------------+---------------------------------------------------------------+
; LPM_WIDTH          ; 5                ; Untyped                                                       ;
; LPM_CVALUE         ; 16               ; Untyped                                                       ;
; ENABLE_RUNTIME_MOD ; NO               ; Untyped                                                       ;
; CBXI_PARAMETER     ; lpm_constant_of6 ; Untyped                                                       ;
+--------------------+------------------+---------------------------------------------------------------+
Note: In order to hide this table in the UI and the text report file, please set the "Show Parameter Settings Tables in Synthesis Report" option in "Analysis and Synthesis Settings -> More Settings" to "Off".


+---------------------------------------------------------+
; Parameter Settings for User Entity Instance: ROM:inst12 ;
+-----------------+-------+-------------------------------+
; Parameter Name  ; Value ; Type                          ;
+-----------------+-------+-------------------------------+
; WIDTH_BYTEENA_A ; 1     ; Untyped                       ;
; WIDTH_BYTEENA_B ; 1     ; Untyped                       ;
+-----------------+-------+-------------------------------+
Note: In order to hide this table in the UI and the text report file, please set the "Show Parameter Settings Tables in Synthesis Report" option in "Analysis and Synthesis Settings -> More Settings" to "Off".


+-----------------------------------------------------------------------------------------+
; Parameter Settings for User Entity Instance: ROM:inst12|altsyncram:altsyncram_component ;
+------------------------------------+----------------------+-----------------------------+
; Parameter Name                     ; Value                ; Type                        ;
+------------------------------------+----------------------+-----------------------------+
; BYTE_SIZE_BLOCK                    ; 8                    ; Untyped                     ;
; AUTO_CARRY_CHAINS                  ; ON                   ; AUTO_CARRY                  ;
; IGNORE_CARRY_BUFFERS               ; OFF                  ; IGNORE_CARRY                ;
; AUTO_CASCADE_CHAINS                ; ON                   ; AUTO_CASCADE                ;
; IGNORE_CASCADE_BUFFERS             ; OFF                  ; IGNORE_CASCADE              ;
; WIDTH_BYTEENA                      ; 1                    ; Untyped                     ;
; OPERATION_MODE                     ; ROM                  ; Untyped                     ;
; WIDTH_A                            ; 14                   ; Untyped                     ;
; WIDTHAD_A                          ; 4                    ; Untyped                     ;
; NUMWORDS_A                         ; 16                   ; Untyped                     ;
; OUTDATA_REG_A                      ; UNREGISTERED         ; Untyped                     ;
; ADDRESS_ACLR_A                     ; NONE                 ; Untyped                     ;
; OUTDATA_ACLR_A                     ; NONE                 ; Untyped                     ;
; WRCONTROL_ACLR_A                   ; NONE                 ; Untyped                     ;
; INDATA_ACLR_A                      ; NONE                 ; Untyped                     ;
; BYTEENA_ACLR_A                     ; NONE                 ; Untyped                     ;
; WIDTH_B                            ; 1                    ; Untyped                     ;
; WIDTHAD_B                          ; 1                    ; Untyped                     ;
; NUMWORDS_B                         ; 1                    ; Untyped                     ;
; INDATA_REG_B                       ; CLOCK1               ; Untyped                     ;
; WRCONTROL_WRADDRESS_REG_B          ; CLOCK1               ; Untyped                     ;
; RDCONTROL_REG_B                    ; CLOCK1               ; Untyped                     ;
; ADDRESS_REG_B                      ; CLOCK1               ; Untyped                     ;
; OUTDATA_REG_B                      ; UNREGISTERED         ; Untyped                     ;
; BYTEENA_REG_B                      ; CLOCK1               ; Untyped                     ;
; INDATA_ACLR_B                      ; NONE                 ; Untyped                     ;
; WRCONTROL_ACLR_B                   ; NONE                 ; Untyped                     ;
; ADDRESS_ACLR_B                     ; NONE                 ; Untyped                     ;
; OUTDATA_ACLR_B                     ; NONE                 ; Untyped                     ;
; RDCONTROL_ACLR_B                   ; NONE                 ; Untyped                     ;
; BYTEENA_ACLR_B                     ; NONE                 ; Untyped                     ;
; WIDTH_BYTEENA_A                    ; 1                    ; Untyped                     ;
; WIDTH_BYTEENA_B                    ; 1                    ; Untyped                     ;
; RAM_BLOCK_TYPE                     ; AUTO                 ; Untyped                     ;
; BYTE_SIZE                          ; 8                    ; Untyped                     ;
; READ_DURING_WRITE_MODE_MIXED_PORTS ; DONT_CARE            ; Untyped                     ;
; READ_DURING_WRITE_MODE_PORT_A      ; NEW_DATA_NO_NBE_READ ; Untyped                     ;
; READ_DURING_WRITE_MODE_PORT_B      ; NEW_DATA_NO_NBE_READ ; Untyped                     ;
; INIT_FILE                          ; ROM.hex              ; Untyped                     ;
; INIT_FILE_LAYOUT                   ; PORT_A               ; Untyped                     ;
; MAXIMUM_DEPTH                      ; 0                    ; Untyped                     ;
; CLOCK_ENABLE_INPUT_A               ; BYPASS               ; Untyped                     ;
; CLOCK_ENABLE_INPUT_B               ; NORMAL               ; Untyped                     ;
; CLOCK_ENABLE_OUTPUT_A              ; BYPASS               ; Untyped                     ;
; CLOCK_ENABLE_OUTPUT_B              ; NORMAL               ; Untyped                     ;
; CLOCK_ENABLE_CORE_A                ; USE_INPUT_CLKEN      ; Untyped                     ;
; CLOCK_ENABLE_CORE_B                ; USE_INPUT_CLKEN      ; Untyped                     ;
; ENABLE_ECC                         ; FALSE                ; Untyped                     ;
; DEVICE_FAMILY                      ; Cyclone II           ; Untyped                     ;
; CBXI_PARAMETER                     ; altsyncram_lg71      ; Untyped                     ;
+------------------------------------+----------------------+-----------------------------+
Note: In order to hide this table in the UI and the text report file, please set the "Show Parameter Settings Tables in Synthesis Report" option in "Analysis and Synthesis Settings -> More Settings" to "Off".


+-------------------------------------------------------------------------------------------+
; Parameter Settings for User Entity Instance: CTR:inst37|lpm_counter:lpm_counter_component ;
+------------------------+-------------+----------------------------------------------------+
; Parameter Name         ; Value       ; Type                                               ;
+------------------------+-------------+----------------------------------------------------+
; AUTO_CARRY_CHAINS      ; ON          ; AUTO_CARRY                                         ;
; IGNORE_CARRY_BUFFERS   ; OFF         ; IGNORE_CARRY                                       ;
; AUTO_CASCADE_CHAINS    ; ON          ; AUTO_CASCADE                                       ;
; IGNORE_CASCADE_BUFFERS ; OFF         ; IGNORE_CASCADE                                     ;
; LPM_WIDTH              ; 4           ; Untyped                                            ;
; LPM_DIRECTION          ; UP          ; Untyped                                            ;
; LPM_MODULUS            ; 0           ; Untyped                                            ;
; LPM_AVALUE             ; UNUSED      ; Untyped                                            ;
; LPM_SVALUE             ; UNUSED      ; Untyped                                            ;
; LPM_PORT_UPDOWN        ; PORT_UNUSED ; Untyped                                            ;
; DEVICE_FAMILY          ; Cyclone II  ; Untyped                                            ;
; CARRY_CHAIN            ; MANUAL      ; Untyped                                            ;
; CARRY_CHAIN_LENGTH     ; 48          ; CARRY_CHAIN_LENGTH                                 ;
; NOT_GATE_PUSH_BACK     ; ON          ; NOT_GATE_PUSH_BACK                                 ;
; CARRY_CNT_EN           ; SMART       ; Untyped                                            ;
; LABWIDE_SCLR           ; ON          ; Untyped                                            ;
; USE_NEW_VERSION        ; TRUE        ; Untyped                                            ;
; CBXI_PARAMETER         ; cntr_h8j    ; Untyped                                            ;
+------------------------+-------------+----------------------------------------------------+
Note: In order to hide this table in the UI and the text report file, please set the "Show Parameter Settings Tables in Synthesis Report" option in "Analysis and Synthesis Settings -> More Settings" to "Off".


+---------------------------------------------------------------------------------------+
; Parameter Settings for User Entity Instance: MUX_CTR:inst38|lpm_mux:lpm_mux_component ;
+------------------------+------------+-------------------------------------------------+
; Parameter Name         ; Value      ; Type                                            ;
+------------------------+------------+-------------------------------------------------+
; AUTO_CARRY_CHAINS      ; ON         ; AUTO_CARRY                                      ;
; IGNORE_CARRY_BUFFERS   ; OFF        ; IGNORE_CARRY                                    ;
; AUTO_CASCADE_CHAINS    ; ON         ; AUTO_CASCADE                                    ;
; IGNORE_CASCADE_BUFFERS ; OFF        ; IGNORE_CASCADE                                  ;
; LPM_WIDTH              ; 1          ; Untyped                                         ;
; LPM_SIZE               ; 2          ; Untyped                                         ;
; LPM_WIDTHS             ; 1          ; Untyped                                         ;
; LPM_PIPELINE           ; 0          ; Untyped                                         ;
; CBXI_PARAMETER         ; mux_lmc    ; Untyped                                         ;
; DEVICE_FAMILY          ; Cyclone II ; Untyped                                         ;
+------------------------+------------+-------------------------------------------------+
Note: In order to hide this table in the UI and the text report file, please set the "Show Parameter Settings Tables in Synthesis Report" option in "Analysis and Synthesis Settings -> More Settings" to "Off".


+--------------------------------------------------------------------------------+
; Parameter Settings for User Entity Instance: RA:inst10|lpm_ff:lpm_ff_component ;
+------------------------+------------+------------------------------------------+
; Parameter Name         ; Value      ; Type                                     ;
+------------------------+------------+------------------------------------------+
; LPM_WIDTH              ; 4          ; Untyped                                  ;
; LPM_AVALUE             ; UNUSED     ; Untyped                                  ;
; LPM_SVALUE             ; UNUSED     ; Untyped                                  ;
; LPM_FFTYPE             ; DFF        ; Untyped                                  ;
; DEVICE_FAMILY          ; Cyclone II ; Untyped                                  ;
; CBXI_PARAMETER         ; NOTHING    ; Untyped                                  ;
; AUTO_CARRY_CHAINS      ; ON         ; AUTO_CARRY                               ;
; IGNORE_CARRY_BUFFERS   ; OFF        ; IGNORE_CARRY                             ;
; AUTO_CASCADE_CHAINS    ; ON         ; AUTO_CASCADE                             ;
; IGNORE_CASCADE_BUFFERS ; OFF        ; IGNORE_CASCADE                           ;
+------------------------+------------+------------------------------------------+
Note: In order to hide this table in the UI and the text report file, please set the "Show Parameter Settings Tables in Synthesis Report" option in "Analysis and Synthesis Settings -> More Settings" to "Off".


+-----------------------------------------------------------------------------------------+
; Parameter Settings for User Entity Instance: MUX_ADRESS:inst9|lpm_mux:lpm_mux_component ;
+------------------------+------------+---------------------------------------------------+
; Parameter Name         ; Value      ; Type                                              ;
+------------------------+------------+---------------------------------------------------+
; AUTO_CARRY_CHAINS      ; ON         ; AUTO_CARRY                                        ;
; IGNORE_CARRY_BUFFERS   ; OFF        ; IGNORE_CARRY                                      ;
; AUTO_CASCADE_CHAINS    ; ON         ; AUTO_CASCADE                                      ;
; IGNORE_CASCADE_BUFFERS ; OFF        ; IGNORE_CASCADE                                    ;
; LPM_WIDTH              ; 4          ; Untyped                                           ;
; LPM_SIZE               ; 2          ; Untyped                                           ;
; LPM_WIDTHS             ; 1          ; Untyped                                           ;
; LPM_PIPELINE           ; 0          ; Untyped                                           ;
; CBXI_PARAMETER         ; mux_omc    ; Untyped                                           ;
; DEVICE_FAMILY          ; Cyclone II ; Untyped                                           ;
+------------------------+------------+---------------------------------------------------+
Note: In order to hide this table in the UI and the text report file, please set the "Show Parameter Settings Tables in Synthesis Report" option in "Analysis and Synthesis Settings -> More Settings" to "Off".


+-------------------------------------------------------------------------------------------------+
; Parameter Settings for User Entity Instance: ADD_ADRESS:inst8|lpm_add_sub:lpm_add_sub_component ;
+------------------------+-------------+----------------------------------------------------------+
; Parameter Name         ; Value       ; Type                                                     ;
+------------------------+-------------+----------------------------------------------------------+
; LPM_WIDTH              ; 4           ; Untyped                                                  ;
; LPM_REPRESENTATION     ; UNSIGNED    ; Untyped                                                  ;
; LPM_DIRECTION          ; ADD         ; Untyped                                                  ;
; ONE_INPUT_IS_CONSTANT  ; NO          ; Untyped                                                  ;
; LPM_PIPELINE           ; 0           ; Untyped                                                  ;
; MAXIMIZE_SPEED         ; 5           ; Untyped                                                  ;
; REGISTERED_AT_END      ; 0           ; Untyped                                                  ;
; OPTIMIZE_FOR_SPEED     ; 5           ; Untyped                                                  ;
; USE_CS_BUFFERS         ; 1           ; Untyped                                                  ;
; CARRY_CHAIN            ; MANUAL      ; Untyped                                                  ;
; CARRY_CHAIN_LENGTH     ; 48          ; CARRY_CHAIN_LENGTH                                       ;
; DEVICE_FAMILY          ; Cyclone II  ; Untyped                                                  ;
; USE_WYS                ; OFF         ; Untyped                                                  ;
; STYLE                  ; FAST        ; Untyped                                                  ;
; CBXI_PARAMETER         ; add_sub_2vh ; Untyped                                                  ;
; AUTO_CARRY_CHAINS      ; ON          ; AUTO_CARRY                                               ;
; IGNORE_CARRY_BUFFERS   ; OFF         ; IGNORE_CARRY                                             ;
; AUTO_CASCADE_CHAINS    ; ON          ; AUTO_CASCADE                                             ;
; IGNORE_CASCADE_BUFFERS ; OFF         ; IGNORE_CASCADE                                           ;
+------------------------+-------------+----------------------------------------------------------+
Note: In order to hide this table in the UI and the text report file, please set the "Show Parameter Settings Tables in Synthesis Report" option in "Analysis and Synthesis Settings -> More Settings" to "Off".


+-------------------------------------------------------------------------------------+
; Parameter Settings for User Entity Instance: MUX_X:inst23|lpm_mux:lpm_mux_component ;
+------------------------+------------+-----------------------------------------------+
; Parameter Name         ; Value      ; Type                                          ;
+------------------------+------------+-----------------------------------------------+
; AUTO_CARRY_CHAINS      ; ON         ; AUTO_CARRY                                    ;
; IGNORE_CARRY_BUFFERS   ; OFF        ; IGNORE_CARRY                                  ;
; AUTO_CASCADE_CHAINS    ; ON         ; AUTO_CASCADE                                  ;
; IGNORE_CASCADE_BUFFERS ; OFF        ; IGNORE_CASCADE                                ;
; LPM_WIDTH              ; 1          ; Untyped                                       ;
; LPM_SIZE               ; 4          ; Untyped                                       ;
; LPM_WIDTHS             ; 2          ; Untyped                                       ;
; LPM_PIPELINE           ; 0          ; Untyped                                       ;
; CBXI_PARAMETER         ; mux_pmc    ; Untyped                                       ;
; DEVICE_FAMILY          ; Cyclone II ; Untyped                                       ;
+------------------------+------------+-----------------------------------------------+
Note: In order to hide this table in the UI and the text report file, please set the "Show Parameter Settings Tables in Synthesis Report" option in "Analysis and Synthesis Settings -> More Settings" to "Off".


+-------------------------------------------------------------------------------+
; Parameter Settings for User Entity Instance: RG1:inst|lpm_ff:lpm_ff_component ;
+------------------------+------------+-----------------------------------------+
; Parameter Name         ; Value      ; Type                                    ;
+------------------------+------------+-----------------------------------------+
; LPM_WIDTH              ; 16         ; Untyped                                 ;
; LPM_AVALUE             ; UNUSED     ; Untyped                                 ;
; LPM_SVALUE             ; UNUSED     ; Untyped                                 ;
; LPM_FFTYPE             ; DFF        ; Untyped                                 ;
; DEVICE_FAMILY          ; Cyclone II ; Untyped                                 ;
; CBXI_PARAMETER         ; NOTHING    ; Untyped                                 ;
; AUTO_CARRY_CHAINS      ; ON         ; AUTO_CARRY                              ;
; IGNORE_CARRY_BUFFERS   ; OFF        ; IGNORE_CARRY                            ;
; AUTO_CASCADE_CHAINS    ; ON         ; AUTO_CASCADE                            ;
; IGNORE_CASCADE_BUFFERS ; OFF        ; IGNORE_CASCADE                          ;
+------------------------+------------+-----------------------------------------+
Note: In order to hide this table in the UI and the text report file, please set the "Show Parameter Settings Tables in Synthesis Report" option in "Analysis and Synthesis Settings -> More Settings" to "Off".


+------------------------------------------------------------------------------------------+
; Parameter Settings for User Entity Instance: SUM:inst3|lpm_add_sub:lpm_add_sub_component ;
+------------------------+-------------+---------------------------------------------------+
; Parameter Name         ; Value       ; Type                                              ;
+------------------------+-------------+---------------------------------------------------+
; LPM_WIDTH              ; 16          ; Untyped                                           ;
; LPM_REPRESENTATION     ; UNSIGNED    ; Untyped                                           ;
; LPM_DIRECTION          ; ADD         ; Untyped                                           ;
; ONE_INPUT_IS_CONSTANT  ; NO          ; Untyped                                           ;
; LPM_PIPELINE           ; 0           ; Untyped                                           ;
; MAXIMIZE_SPEED         ; 5           ; Untyped                                           ;
; REGISTERED_AT_END      ; 0           ; Untyped                                           ;
; OPTIMIZE_FOR_SPEED     ; 5           ; Untyped                                           ;
; USE_CS_BUFFERS         ; 1           ; Untyped                                           ;
; CARRY_CHAIN            ; MANUAL      ; Untyped                                           ;
; CARRY_CHAIN_LENGTH     ; 48          ; CARRY_CHAIN_LENGTH                                ;
; DEVICE_FAMILY          ; Cyclone II  ; Untyped                                           ;
; USE_WYS                ; OFF         ; Untyped                                           ;
; STYLE                  ; FAST        ; Untyped                                           ;
; CBXI_PARAMETER         ; add_sub_rlh ; Untyped                                           ;
; AUTO_CARRY_CHAINS      ; ON          ; AUTO_CARRY                                        ;
; IGNORE_CARRY_BUFFERS   ; OFF         ; IGNORE_CARRY                                      ;
; AUTO_CASCADE_CHAINS    ; ON          ; AUTO_CASCADE                                      ;
; IGNORE_CASCADE_BUFFERS ; OFF         ; IGNORE_CASCADE                                    ;
+------------------------+-------------+---------------------------------------------------+
Note: In order to hide this table in the UI and the text report file, please set the "Show Parameter Settings Tables in Synthesis Report" option in "Analysis and Synthesis Settings -> More Settings" to "Off".


+--------------------------------------------------------------------------------------------+
; Parameter Settings for User Entity Instance: RG3:inst1|lpm_shiftreg:lpm_shiftreg_component ;
+------------------------+------------+------------------------------------------------------+
; Parameter Name         ; Value      ; Type                                                 ;
+------------------------+------------+------------------------------------------------------+
; LPM_WIDTH              ; 16         ; Untyped                                              ;
; LPM_DIRECTION          ; RIGHT      ; Untyped                                              ;
; LPM_AVALUE             ; UNUSED     ; Untyped                                              ;
; LPM_SVALUE             ; UNUSED     ; Untyped                                              ;
; DEVICE_FAMILY          ; Cyclone II ; Untyped                                              ;
; AUTO_CARRY_CHAINS      ; ON         ; AUTO_CARRY                                           ;
; IGNORE_CARRY_BUFFERS   ; OFF        ; IGNORE_CARRY                                         ;
; AUTO_CASCADE_CHAINS    ; ON         ; AUTO_CASCADE                                         ;
; IGNORE_CASCADE_BUFFERS ; OFF        ; IGNORE_CASCADE                                       ;
+------------------------+------------+------------------------------------------------------+
Note: In order to hide this table in the UI and the text report file, please set the "Show Parameter Settings Tables in Synthesis Report" option in "Analysis and Synthesis Settings -> More Settings" to "Off".


+------------------------------------------------------------------------------------------------+
; Parameter Settings for User Entity Instance: CONST7:inst48|lpm_constant:lpm_constant_component ;
+--------------------+------------------+--------------------------------------------------------+
; Parameter Name     ; Value            ; Type                                                   ;
+--------------------+------------------+--------------------------------------------------------+
; LPM_WIDTH          ; 7                ; Untyped                                                ;
; LPM_CVALUE         ; 0                ; Untyped                                                ;
; ENABLE_RUNTIME_MOD ; NO               ; Untyped                                                ;
; CBXI_PARAMETER     ; lpm_constant_pf6 ; Untyped                                                ;
+--------------------+------------------+--------------------------------------------------------+
Note: In order to hide this table in the UI and the text report file, please set the "Show Parameter Settings Tables in Synthesis Report" option in "Analysis and Synthesis Settings -> More Settings" to "Off".


+-------------------------------------------------------------------------------+
; lpm_shiftreg Parameter Settings by Entity Instance                            ;
+----------------------------+--------------------------------------------------+
; Name                       ; Value                                            ;
+----------------------------+--------------------------------------------------+
; Number of entity instances ; 3                                                ;
; Entity Instance            ; RG2:inst2|lpm_shiftreg:lpm_shiftreg_component    ;
;     -- LPM_WIDTH           ; 8                                                ;
;     -- LPM_DIRECTION       ; LEFT                                             ;
; Entity Instance            ; RGCLK:inst13|lpm_shiftreg:lpm_shiftreg_component ;
;     -- LPM_WIDTH           ; 5                                                ;
;     -- LPM_DIRECTION       ; RIGHT                                            ;
; Entity Instance            ; RG3:inst1|lpm_shiftreg:lpm_shiftreg_component    ;
;     -- LPM_WIDTH           ; 16                                               ;
;     -- LPM_DIRECTION       ; RIGHT                                            ;
+----------------------------+--------------------------------------------------+


+----------------------------------------------------------------------------------------+
; altsyncram Parameter Settings by Entity Instance                                       ;
+-------------------------------------------+--------------------------------------------+
; Name                                      ; Value                                      ;
+-------------------------------------------+--------------------------------------------+
; Number of entity instances                ; 1                                          ;
; Entity Instance                           ; ROM:inst12|altsyncram:altsyncram_component ;
;     -- OPERATION_MODE                     ; ROM                                        ;
;     -- WIDTH_A                            ; 14                                         ;
;     -- NUMWORDS_A                         ; 16                                         ;
;     -- OUTDATA_REG_A                      ; UNREGISTERED                               ;
;     -- WIDTH_B                            ; 1                                          ;
;     -- NUMWORDS_B                         ; 1                                          ;
;     -- ADDRESS_REG_B                      ; CLOCK1                                     ;
;     -- OUTDATA_REG_B                      ; UNREGISTERED                               ;
;     -- RAM_BLOCK_TYPE                     ; AUTO                                       ;
;     -- READ_DURING_WRITE_MODE_MIXED_PORTS ; DONT_CARE                                  ;
+-------------------------------------------+--------------------------------------------+


+-------------------------------+
; Analysis & Synthesis Messages ;
+-------------------------------+
Info: *******************************************************************
Info: Running Quartus II Analysis & Synthesis
    Info: Version 9.1 Build 350 03/24/2010 Service Pack 2 SJ Web Edition
    Info: Processing started: Wed Dec 07 15:10:07 2011
Info: Command: quartus_map --read_settings_files=on --write_settings_files=off LAB -c LAB
Info: Found 1 design units, including 1 entities, in source file lab.bdf
    Info: Found entity 1: LAB
Info: Found 1 design units, including 1 entities, in source file lpm_constant0.v
    Info: Found entity 1: lpm_constant0
Info: Elaborating entity "LAB" for the top level hierarchy
Warning: Primitive "GND" of instance "inst46" not used
Warning: Using design file rg2.tdf, which is not specified as a design file for the current project, but contains definitions for 1 design units and 1 entities in project
    Info: Found entity 1: RG2
Info: Elaborating entity "RG2" for hierarchy "RG2:inst2"
Info: Elaborating entity "lpm_shiftreg" for hierarchy "RG2:inst2|lpm_shiftreg:lpm_shiftreg_component"
Info: Elaborated megafunction instantiation "RG2:inst2|lpm_shiftreg:lpm_shiftreg_component"
Info: Instantiated megafunction "RG2:inst2|lpm_shiftreg:lpm_shiftreg_component" with the following parameter:
    Info: Parameter "LPM_TYPE" = "LPM_SHIFTREG"
    Info: Parameter "LPM_WIDTH" = "8"
    Info: Parameter "LPM_DIRECTION" = "LEFT"
Warning: Using design file rmk.tdf, which is not specified as a design file for the current project, but contains definitions for 1 design units and 1 entities in project
    Info: Found entity 1: RMK
Info: Elaborating entity "RMK" for hierarchy "RMK:inst11"
Info: Elaborating entity "lpm_ff" for hierarchy "RMK:inst11|lpm_ff:lpm_ff_component"
Info: Elaborated megafunction instantiation "RMK:inst11|lpm_ff:lpm_ff_component"
Info: Instantiated megafunction "RMK:inst11|lpm_ff:lpm_ff_component" with the following parameter:
    Info: Parameter "LPM_TYPE" = "LPM_FF"
    Info: Parameter "LPM_WIDTH" = "14"
    Info: Parameter "LPM_FFTYPE" = "DFF"
Warning: Using design file rgclk.tdf, which is not specified as a design file for the current project, but contains definitions for 1 design units and 1 entities in project
    Info: Found entity 1: RGCLK
Info: Elaborating entity "RGCLK" for hierarchy "RGCLK:inst13"
Info: Elaborating entity "lpm_shiftreg" for hierarchy "RGCLK:inst13|lpm_shiftreg:lpm_shiftreg_component"
Info: Elaborated megafunction instantiation "RGCLK:inst13|lpm_shiftreg:lpm_shiftreg_component"
Info: Instantiated megafunction "RGCLK:inst13|lpm_shiftreg:lpm_shiftreg_component" with the following parameter:
    Info: Parameter "LPM_TYPE" = "LPM_SHIFTREG"
    Info: Parameter "LPM_WIDTH" = "5"
    Info: Parameter "LPM_DIRECTION" = "RIGHT"
Warning: Using design file lpm_constant1.tdf, which is not specified as a design file for the current project, but contains definitions for 1 design units and 1 entities in project
    Info: Found entity 1: lpm_constant1
Info: Elaborating entity "lpm_constant1" for hierarchy "lpm_constant1:inst51"
Info: Elaborating entity "lpm_constant" for hierarchy "lpm_constant1:inst51|lpm_constant:lpm_constant_component"
Info: Elaborated megafunction instantiation "lpm_constant1:inst51|lpm_constant:lpm_constant_component"
Info: Instantiated megafunction "lpm_constant1:inst51|lpm_constant:lpm_constant_component" with the following parameter:
    Info: Parameter "LPM_TYPE" = "LPM_CONSTANT"
    Info: Parameter "LPM_HINT" = "ENABLE_RUNTIME_MOD=NO"
    Info: Parameter "LPM_WIDTH" = "5"
    Info: Parameter "LPM_CVALUE" = "16"
Warning: Using design file rom.tdf, which is not specified as a design file for the current project, but contains definitions for 1 design units and 1 entities in project
    Info: Found entity 1: ROM
Info: Elaborating entity "ROM" for hierarchy "ROM:inst12"
Info: Elaborating entity "altsyncram" for hierarchy "ROM:inst12|altsyncram:altsyncram_component"
Info: Elaborated megafunction instantiation "ROM:inst12|altsyncram:altsyncram_component"
Info: Instantiated megafunction "ROM:inst12|altsyncram:altsyncram_component" with the following parameter:
    Info: Parameter "LPM_TYPE" = "altsyncram"
    Info: Parameter "LPM_HINT" = "ENABLE_RUNTIME_MOD=NO"
    Info: Parameter "INTENDED_DEVICE_FAMILY" = "Cyclone II"
    Info: Parameter "OPERATION_MODE" = "ROM"
    Info: Parameter "WIDTH_A" = "14"
    Info: Parameter "WIDTHAD_A" = "4"
    Info: Parameter "NUMWORDS_A" = "16"
    Info: Parameter "OUTDATA_REG_A" = "UNREGISTERED"
    Info: Parameter "OUTDATA_ACLR_A" = "NONE"
    Info: Parameter "INIT_FILE" = "ROM.hex"
    Info: Parameter "WIDTH_BYTEENA_A" = "1"
    Info: Parameter "CLOCK_ENABLE_INPUT_A" = "BYPASS"
    Info: Parameter "CLOCK_ENABLE_OUTPUT_A" = "BYPASS"
Info: Found 1 design units, including 1 entities, in source file db/altsyncram_lg71.tdf
    Info: Found entity 1: altsyncram_lg71
Info: Elaborating entity "altsyncram_lg71" for hierarchy "ROM:inst12|altsyncram:altsyncram_component|altsyncram_lg71:auto_generated"
Warning: Using design file ctr.tdf, which is not specified as a design file for the current project, but contains definitions for 1 design units and 1 entities in project
    Info: Found entity 1: CTR
Info: Elaborating entity "CTR" for hierarchy "CTR:inst37"
Info: Elaborating entity "lpm_counter" for hierarchy "CTR:inst37|lpm_counter:lpm_counter_component"
Info: Elaborated megafunction instantiation "CTR:inst37|lpm_counter:lpm_counter_component"
Info: Instantiated megafunction "CTR:inst37|lpm_counter:lpm_counter_component" with the following parameter:
    Info: Parameter "LPM_TYPE" = "LPM_COUNTER"
    Info: Parameter "LPM_WIDTH" = "4"
    Info: Parameter "LPM_DIRECTION" = "UP"
    Info: Parameter "LPM_PORT_UPDOWN" = "PORT_UNUSED"
Info: Found 1 design units, including 1 entities, in source file db/cntr_h8j.tdf
    Info: Found entity 1: cntr_h8j
Info: Elaborating entity "cntr_h8j" for hierarchy "CTR:inst37|lpm_counter:lpm_counter_component|cntr_h8j:auto_generated"
Warning: Using design file mux_ctr.tdf, which is not specified as a design file for the current project, but contains definitions for 1 design units and 1 entities in project
    Info: Found entity 1: MUX_CTR
Info: Elaborating entity "MUX_CTR" for hierarchy "MUX_CTR:inst38"
Info: Elaborating entity "lpm_mux" for hierarchy "MUX_CTR:inst38|lpm_mux:lpm_mux_component"
Info: Elaborated megafunction instantiation "MUX_CTR:inst38|lpm_mux:lpm_mux_component"
Info: Instantiated megafunction "MUX_CTR:inst38|lpm_mux:lpm_mux_component" with the following parameter:
    Info: Parameter "LPM_TYPE" = "LPM_MUX"
    Info: Parameter "LPM_WIDTH" = "1"
    Info: Parameter "LPM_SIZE" = "2"
    Info: Parameter "LPM_WIDTHS" = "1"
Info: Found 1 design units, including 1 entities, in source file db/mux_lmc.tdf
    Info: Found entity 1: mux_lmc
Info: Elaborating entity "mux_lmc" for hierarchy "MUX_CTR:inst38|lpm_mux:lpm_mux_component|mux_lmc:auto_generated"
Warning: Using design file ra.tdf, which is not specified as a design file for the current project, but contains definitions for 1 design units and 1 entities in project
    Info: Found entity 1: RA
Info: Elaborating entity "RA" for hierarchy "RA:inst10"
Info: Elaborating entity "lpm_ff" for hierarchy "RA:inst10|lpm_ff:lpm_ff_component"
Info: Elaborated megafunction instantiation "RA:inst10|lpm_ff:lpm_ff_component"
Info: Instantiated megafunction "RA:inst10|lpm_ff:lpm_ff_component" with the following parameter:
    Info: Parameter "LPM_TYPE" = "LPM_FF"
    Info: Parameter "LPM_WIDTH" = "4"
    Info: Parameter "LPM_FFTYPE" = "DFF"
Warning: Using design file mux_adress.tdf, which is not specified as a design file for the current project, but contains definitions for 1 design units and 1 entities in project
    Info: Found entity 1: MUX_ADRESS
Info: Elaborating entity "MUX_ADRESS" for hierarchy "MUX_ADRESS:inst9"
Info: Elaborating entity "lpm_mux" for hierarchy "MUX_ADRESS:inst9|lpm_mux:lpm_mux_component"
Info: Elaborated megafunction instantiation "MUX_ADRESS:inst9|lpm_mux:lpm_mux_component"
Info: Instantiated megafunction "MUX_ADRESS:inst9|lpm_mux:lpm_mux_component" with the following parameter:
    Info: Parameter "LPM_TYPE" = "LPM_MUX"
    Info: Parameter "LPM_WIDTH" = "4"
    Info: Parameter "LPM_SIZE" = "2"
    Info: Parameter "LPM_WIDTHS" = "1"
Info: Found 1 design units, including 1 entities, in source file db/mux_omc.tdf
    Info: Found entity 1: mux_omc
Info: Elaborating entity "mux_omc" for hierarchy "MUX_ADRESS:inst9|lpm_mux:lpm_mux_component|mux_omc:auto_generated"
Warning: Using design file add_adress.tdf, which is not specified as a design file for the current project, but contains definitions for 1 design units and 1 entities in project
    Info: Found entity 1: ADD_ADRESS
Info: Elaborating entity "ADD_ADRESS" for hierarchy "ADD_ADRESS:inst8"
Info: Elaborating entity "lpm_add_sub" for hierarchy "ADD_ADRESS:inst8|lpm_add_sub:lpm_add_sub_component"
Info: Elaborated megafunction instantiation "ADD_ADRESS:inst8|lpm_add_sub:lpm_add_sub_component"
Info: Instantiated megafunction "ADD_ADRESS:inst8|lpm_add_sub:lpm_add_sub_component" with the following parameter:
    Info: Parameter "LPM_TYPE" = "LPM_ADD_SUB"
    Info: Parameter "LPM_HINT" = "ONE_INPUT_IS_CONSTANT=NO,CIN_USED=YES"
    Info: Parameter "LPM_WIDTH" = "4"
    Info: Parameter "LPM_REPRESENTATION" = "UNSIGNED"
    Info: Parameter "LPM_DIRECTION" = "ADD"
Info: Found 1 design units, including 1 entities, in source file db/add_sub_2vh.tdf
    Info: Found entity 1: add_sub_2vh
Info: Elaborating entity "add_sub_2vh" for hierarchy "ADD_ADRESS:inst8|lpm_add_sub:lpm_add_sub_component|add_sub_2vh:auto_generated"
Warning: Using design file mux_x.tdf, which is not specified as a design file for the current project, but contains definitions for 1 design units and 1 entities in project
    Info: Found entity 1: MUX_X
Info: Elaborating entity "MUX_X" for hierarchy "MUX_X:inst23"
Info: Elaborating entity "lpm_mux" for hierarchy "MUX_X:inst23|lpm_mux:lpm_mux_component"
Info: Elaborated megafunction instantiation "MUX_X:inst23|lpm_mux:lpm_mux_component"
Info: Instantiated megafunction "MUX_X:inst23|lpm_mux:lpm_mux_component" with the following parameter:
    Info: Parameter "LPM_TYPE" = "LPM_MUX"
    Info: Parameter "LPM_WIDTH" = "1"
    Info: Parameter "LPM_SIZE" = "4"
    Info: Parameter "LPM_WIDTHS" = "2"
Info: Found 1 design units, including 1 entities, in source file db/mux_pmc.tdf
    Info: Found entity 1: mux_pmc
Info: Elaborating entity "mux_pmc" for hierarchy "MUX_X:inst23|lpm_mux:lpm_mux_component|mux_pmc:auto_generated"
Warning: Using design file rg1.tdf, which is not specified as a design file for the current project, but contains definitions for 1 design units and 1 entities in project
    Info: Found entity 1: RG1
Info: Elaborating entity "RG1" for hierarchy "RG1:inst"
Info: Elaborating entity "lpm_ff" for hierarchy "RG1:inst|lpm_ff:lpm_ff_component"
Info: Elaborated megafunction instantiation "RG1:inst|lpm_ff:lpm_ff_component"
Info: Instantiated megafunction "RG1:inst|lpm_ff:lpm_ff_component" with the following parameter:
    Info: Parameter "LPM_TYPE" = "LPM_FF"
    Info: Parameter "LPM_WIDTH" = "16"
    Info: Parameter "LPM_FFTYPE" = "DFF"
Warning: Using design file sum.tdf, which is not specified as a design file for the current project, but contains definitions for 1 design units and 1 entities in project
    Info: Found entity 1: SUM
Info: Elaborating entity "SUM" for hierarchy "SUM:inst3"
Info: Elaborating entity "lpm_add_sub" for hierarchy "SUM:inst3|lpm_add_sub:lpm_add_sub_component"
Info: Elaborated megafunction instantiation "SUM:inst3|lpm_add_sub:lpm_add_sub_component"
Info: Instantiated megafunction "SUM:inst3|lpm_add_sub:lpm_add_sub_component" with the following parameter:
    Info: Parameter "LPM_TYPE" = "LPM_ADD_SUB"
    Info: Parameter "LPM_HINT" = "ONE_INPUT_IS_CONSTANT=NO,CIN_USED=NO"
    Info: Parameter "LPM_WIDTH" = "16"
    Info: Parameter "LPM_REPRESENTATION" = "UNSIGNED"
    Info: Parameter "LPM_DIRECTION" = "ADD"
Info: Found 1 design units, including 1 entities, in source file db/add_sub_rlh.tdf
    Info: Found entity 1: add_sub_rlh
Info: Elaborating entity "add_sub_rlh" for hierarchy "SUM:inst3|lpm_add_sub:lpm_add_sub_component|add_sub_rlh:auto_generated"
Warning: Using design file rg3.tdf, which is not specified as a design file for the current project, but contains definitions for 1 design units and 1 entities in project
    Info: Found entity 1: RG3
Info: Elaborating entity "RG3" for hierarchy "RG3:inst1"
Info: Elaborating entity "lpm_shiftreg" for hierarchy "RG3:inst1|lpm_shiftreg:lpm_shiftreg_component"
Info: Elaborated megafunction instantiation "RG3:inst1|lpm_shiftreg:lpm_shiftreg_component"
Info: Instantiated megafunction "RG3:inst1|lpm_shiftreg:lpm_shiftreg_component" with the following parameter:
    Info: Parameter "LPM_TYPE" = "LPM_SHIFTREG"
    Info: Parameter "LPM_WIDTH" = "16"
    Info: Parameter "LPM_DIRECTION" = "RIGHT"
Warning: Using design file const7.tdf, which is not specified as a design file for the current project, but contains definitions for 1 design units and 1 entities in project
    Info: Found entity 1: CONST7
Info: Elaborating entity "CONST7" for hierarchy "CONST7:inst48"
Info: Elaborating entity "lpm_constant" for hierarchy "CONST7:inst48|lpm_constant:lpm_constant_component"
Info: Elaborated megafunction instantiation "CONST7:inst48|lpm_constant:lpm_constant_component"
Info: Instantiated megafunction "CONST7:inst48|lpm_constant:lpm_constant_component" with the following parameter:
    Info: Parameter "LPM_TYPE" = "LPM_CONSTANT"
    Info: Parameter "LPM_HINT" = "ENABLE_RUNTIME_MOD=NO"
    Info: Parameter "LPM_WIDTH" = "7"
    Info: Parameter "LPM_CVALUE" = "0"
Warning: Output pins are stuck at VCC or GND
    Warning (13410): Pin "RG3[15]" is stuck at GND
Info: Implemented 186 device resources after synthesis - the final resource count might be different
    Info: Implemented 19 input pins
    Info: Implemented 70 output pins
    Info: Implemented 83 logic cells
    Info: Implemented 14 RAM segments
Info: Quartus II Analysis & Synthesis was successful. 0 errors, 18 warnings
    Info: Peak virtual memory: 223 megabytes
    Info: Processing ended: Wed Dec 07 15:10:10 2011
    Info: Elapsed time: 00:00:03
    Info: Total CPU time (on all processors): 00:00:03


