Flow report for LAB
Wed Dec 07 15:10:27 2011
Quartus II Version 9.1 Build 350 03/24/2010 Service Pack 2 SJ Web Edition


---------------------
; Table of Contents ;
---------------------
  1. Legal Notice
  2. Flow Summary
  3. Flow Settings
  4. Flow Non-Default Global Settings
  5. Flow Elapsed Time
  6. Flow OS Summary
  7. Flow Log



----------------
; Legal Notice ;
----------------
Copyright (C) 1991-2010 Altera Corporation
Your use of Altera Corporation's design tools, logic functions 
and other software and tools, and its AMPP partner logic 
functions, and any output files from any of the foregoing 
(including device programming or simulation files), and any 
associated documentation or information are expressly subject 
to the terms and conditions of the Altera Program License 
Subscription Agreement, Altera MegaCore Function License 
Agreement, or other applicable license agreement, including, 
without limitation, that your use is for the sole purpose of 
programming logic devices manufactured by Altera and sold by 
Altera or its authorized distributors.  Please refer to the 
applicable agreement for further details.



+-----------------------------------------------------------------------------------+
; Flow Summary                                                                      ;
+------------------------------------+----------------------------------------------+
; Flow Status                        ; Successful - Wed Dec 07 15:10:27 2011        ;
; Quartus II Version                 ; 9.1 Build 350 03/24/2010 SP 2 SJ Web Edition ;
; Revision Name                      ; LAB                                          ;
; Top-level Entity Name              ; LAB                                          ;
; Family                             ; Cyclone II                                   ;
; Device                             ; EP2C35F672C6                                 ;
; Timing Models                      ; Final                                        ;
; Met timing requirements            ; No                                           ;
; Total logic elements               ; 69 / 33,216 ( < 1 % )                        ;
;     Total combinational functions  ; 69 / 33,216 ( < 1 % )                        ;
;     Dedicated logic registers      ; 52 / 33,216 ( < 1 % )                        ;
; Total registers                    ; 52                                           ;
; Total pins                         ; 89 / 475 ( 19 % )                            ;
; Total virtual pins                 ; 0                                            ;
; Total memory bits                  ; 224 / 483,840 ( < 1 % )                      ;
; Embedded Multiplier 9-bit elements ; 0 / 70 ( 0 % )                               ;
; Total PLLs                         ; 0 / 4 ( 0 % )                                ;
+------------------------------------+----------------------------------------------+


+-----------------------------------------+
; Flow Settings                           ;
+-------------------+---------------------+
; Option            ; Setting             ;
+-------------------+---------------------+
; Start date & time ; 12/07/2011 15:10:07 ;
; Main task         ; Compilation         ;
; Revision Name     ; LAB                 ;
+-------------------+---------------------+


+------------------------------------------------------------------------------------------------------------------+
; Flow Non-Default Global Settings                                                                                 ;
+------------------------------------+------------------------------+---------------+-------------+----------------+
; Assignment Name                    ; Value                        ; Default Value ; Entity Name ; Section Id     ;
+------------------------------------+------------------------------+---------------+-------------+----------------+
; COMPILER_SIGNATURE_ID              ; 143299775986.132326340702712 ; --            ; --          ; --             ;
; IP_TOOL_NAME                       ; LPM_FF                       ; --            ; --          ; --             ;
; IP_TOOL_NAME                       ; LPM_SHIFTREG                 ; --            ; --          ; --             ;
; IP_TOOL_NAME                       ; LPM_SHIFTREG                 ; --            ; --          ; --             ;
; IP_TOOL_NAME                       ; LPM_ADD_SUB                  ; --            ; --          ; --             ;
; IP_TOOL_NAME                       ; LPM_ADD_SUB                  ; --            ; --          ; --             ;
; IP_TOOL_NAME                       ; LPM_MUX                      ; --            ; --          ; --             ;
; IP_TOOL_NAME                       ; LPM_FF                       ; --            ; --          ; --             ;
; IP_TOOL_NAME                       ; LPM_FF                       ; --            ; --          ; --             ;
; IP_TOOL_NAME                       ; ROM: 1-PORT                  ; --            ; --          ; --             ;
; IP_TOOL_NAME                       ; LPM_COUNTER                  ; --            ; --          ; --             ;
; IP_TOOL_NAME                       ; LPM_MUX                      ; --            ; --          ; --             ;
; IP_TOOL_NAME                       ; LPM_MUX                      ; --            ; --          ; --             ;
; IP_TOOL_NAME                       ; LPM_SHIFTREG                 ; --            ; --          ; --             ;
; IP_TOOL_NAME                       ; LPM_CONSTANT                 ; --            ; --          ; --             ;
; IP_TOOL_NAME                       ; LPM_CONSTANT                 ; --            ; --          ; --             ;
; IP_TOOL_NAME                       ; LPM_CONSTANT                 ; --            ; --          ; --             ;
; IP_TOOL_NAME                       ; LPM_CONSTANT                 ; --            ; --          ; --             ;
; IP_TOOL_NAME                       ; LPM_CONSTANT                 ; --            ; --          ; --             ;
; IP_TOOL_NAME                       ; LPM_CONSTANT                 ; --            ; --          ; --             ;
; IP_TOOL_VERSION                    ; 9.1                          ; --            ; --          ; --             ;
; IP_TOOL_VERSION                    ; 9.1                          ; --            ; --          ; --             ;
; IP_TOOL_VERSION                    ; 9.1                          ; --            ; --          ; --             ;
; IP_TOOL_VERSION                    ; 9.1                          ; --            ; --          ; --             ;
; IP_TOOL_VERSION                    ; 9.1                          ; --            ; --          ; --             ;
; IP_TOOL_VERSION                    ; 9.1                          ; --            ; --          ; --             ;
; IP_TOOL_VERSION                    ; 9.1                          ; --            ; --          ; --             ;
; IP_TOOL_VERSION                    ; 9.1                          ; --            ; --          ; --             ;
; IP_TOOL_VERSION                    ; 9.1                          ; --            ; --          ; --             ;
; IP_TOOL_VERSION                    ; 9.1                          ; --            ; --          ; --             ;
; IP_TOOL_VERSION                    ; 9.1                          ; --            ; --          ; --             ;
; IP_TOOL_VERSION                    ; 9.1                          ; --            ; --          ; --             ;
; IP_TOOL_VERSION                    ; 9.1                          ; --            ; --          ; --             ;
; IP_TOOL_VERSION                    ; 9.1                          ; --            ; --          ; --             ;
; IP_TOOL_VERSION                    ; 9.1                          ; --            ; --          ; --             ;
; IP_TOOL_VERSION                    ; 9.1                          ; --            ; --          ; --             ;
; IP_TOOL_VERSION                    ; 9.1                          ; --            ; --          ; --             ;
; IP_TOOL_VERSION                    ; 9.1                          ; --            ; --          ; --             ;
; IP_TOOL_VERSION                    ; 9.1                          ; --            ; --          ; --             ;
; MAX_CORE_JUNCTION_TEMP             ; 85                           ; --            ; --          ; --             ;
; MIN_CORE_JUNCTION_TEMP             ; 0                            ; --            ; --          ; --             ;
; MISC_FILE                          ; RG1.tdf                      ; --            ; --          ; --             ;
; MISC_FILE                          ; RG1.bsf                      ; --            ; --          ; --             ;
; MISC_FILE                          ; RG1.inc                      ; --            ; --          ; --             ;
; MISC_FILE                          ; RG3.tdf                      ; --            ; --          ; --             ;
; MISC_FILE                          ; RG3.bsf                      ; --            ; --          ; --             ;
; MISC_FILE                          ; RG3.inc                      ; --            ; --          ; --             ;
; MISC_FILE                          ; RG2.tdf                      ; --            ; --          ; --             ;
; MISC_FILE                          ; RG2.bsf                      ; --            ; --          ; --             ;
; MISC_FILE                          ; RG2.inc                      ; --            ; --          ; --             ;
; MISC_FILE                          ; SUM.tdf                      ; --            ; --          ; --             ;
; MISC_FILE                          ; SUM.bsf                      ; --            ; --          ; --             ;
; MISC_FILE                          ; SUM.inc                      ; --            ; --          ; --             ;
; MISC_FILE                          ; ADD_ADRESS.tdf               ; --            ; --          ; --             ;
; MISC_FILE                          ; ADD_ADRESS.bsf               ; --            ; --          ; --             ;
; MISC_FILE                          ; ADD_ADRESS.inc               ; --            ; --          ; --             ;
; MISC_FILE                          ; MUX_ADRESS.tdf               ; --            ; --          ; --             ;
; MISC_FILE                          ; MUX_ADRESS.bsf               ; --            ; --          ; --             ;
; MISC_FILE                          ; MUX_ADRESS.inc               ; --            ; --          ; --             ;
; MISC_FILE                          ; RA.tdf                       ; --            ; --          ; --             ;
; MISC_FILE                          ; RA.bsf                       ; --            ; --          ; --             ;
; MISC_FILE                          ; RA.inc                       ; --            ; --          ; --             ;
; MISC_FILE                          ; RMK.tdf                      ; --            ; --          ; --             ;
; MISC_FILE                          ; RMK.bsf                      ; --            ; --          ; --             ;
; MISC_FILE                          ; RMK.inc                      ; --            ; --          ; --             ;
; MISC_FILE                          ; ROM.tdf                      ; --            ; --          ; --             ;
; MISC_FILE                          ; ROM.bsf                      ; --            ; --          ; --             ;
; MISC_FILE                          ; ROM.inc                      ; --            ; --          ; --             ;
; MISC_FILE                          ; CTR.tdf                      ; --            ; --          ; --             ;
; MISC_FILE                          ; CTR.bsf                      ; --            ; --          ; --             ;
; MISC_FILE                          ; CTR.inc                      ; --            ; --          ; --             ;
; MISC_FILE                          ; MUX_CTR.tdf                  ; --            ; --          ; --             ;
; MISC_FILE                          ; MUX_CTR.bsf                  ; --            ; --          ; --             ;
; MISC_FILE                          ; MUX_CTR.inc                  ; --            ; --          ; --             ;
; MISC_FILE                          ; MUX_X.tdf                    ; --            ; --          ; --             ;
; MISC_FILE                          ; MUX_X.bsf                    ; --            ; --          ; --             ;
; MISC_FILE                          ; MUX_X.inc                    ; --            ; --          ; --             ;
; MISC_FILE                          ; RGCLK.tdf                    ; --            ; --          ; --             ;
; MISC_FILE                          ; RGCLK.bsf                    ; --            ; --          ; --             ;
; MISC_FILE                          ; RGCLK.inc                    ; --            ; --          ; --             ;
; MISC_FILE                          ; D:/LAB2/LAB.dpf              ; --            ; --          ; --             ;
; MISC_FILE                          ; lpm_constant0.bsf            ; --            ; --          ; --             ;
; MISC_FILE                          ; lpm_constant0_inst.v         ; --            ; --          ; --             ;
; MISC_FILE                          ; lpm_constant0_bb.v           ; --            ; --          ; --             ;
; MISC_FILE                          ; lpm_constant0.inc            ; --            ; --          ; --             ;
; MISC_FILE                          ; lpm_constant0.cmp            ; --            ; --          ; --             ;
; MISC_FILE                          ; DATA_RG3.tdf                 ; --            ; --          ; --             ;
; MISC_FILE                          ; DATA_RG3.bsf                 ; --            ; --          ; --             ;
; MISC_FILE                          ; DATA_RG3.inc                 ; --            ; --          ; --             ;
; MISC_FILE                          ; DATA_RG3.cmp                 ; --            ; --          ; --             ;
; MISC_FILE                          ; DATA_RG2.tdf                 ; --            ; --          ; --             ;
; MISC_FILE                          ; DATA_RG2.bsf                 ; --            ; --          ; --             ;
; MISC_FILE                          ; DATA_RG2.inc                 ; --            ; --          ; --             ;
; MISC_FILE                          ; DATA_RG2.cmp                 ; --            ; --          ; --             ;
; MISC_FILE                          ; 1.tdf                        ; --            ; --          ; --             ;
; MISC_FILE                          ; 1.bsf                        ; --            ; --          ; --             ;
; MISC_FILE                          ; 1.inc                        ; --            ; --          ; --             ;
; MISC_FILE                          ; 1.cmp                        ; --            ; --          ; --             ;
; MISC_FILE                          ; lpm_constant1.tdf            ; --            ; --          ; --             ;
; MISC_FILE                          ; lpm_constant1.bsf            ; --            ; --          ; --             ;
; MISC_FILE                          ; lpm_constant1.inc            ; --            ; --          ; --             ;
; MISC_FILE                          ; lpm_constant1.cmp            ; --            ; --          ; --             ;
; MISC_FILE                          ; CONST7.tdf                   ; --            ; --          ; --             ;
; MISC_FILE                          ; CONST7.bsf                   ; --            ; --          ; --             ;
; MISC_FILE                          ; CONST7.inc                   ; --            ; --          ; --             ;
; MISC_FILE                          ; CONST7.cmp                   ; --            ; --          ; --             ;
; PARTITION_COLOR                    ; 16764057                     ; --            ; --          ; Top            ;
; PARTITION_NETLIST_TYPE             ; SOURCE                       ; --            ; --          ; Top            ;
; USE_GENERATED_PHYSICAL_CONSTRAINTS ; Off                          ; --            ; --          ; eda_blast_fpga ;
+------------------------------------+------------------------------+---------------+-------------+----------------+


+-----------------------------------------------------------------------------------------------------------------------------+
; Flow Elapsed Time                                                                                                           ;
+-------------------------+--------------+-------------------------+---------------------+------------------------------------+
; Module Name             ; Elapsed Time ; Average Processors Used ; Peak Virtual Memory ; Total CPU Time (on all processors) ;
+-------------------------+--------------+-------------------------+---------------------+------------------------------------+
; Analysis & Synthesis    ; 00:00:03     ; 1.0                     ; 223 MB              ; 00:00:03                           ;
; Fitter                  ; 00:00:10     ; 1.0                     ; 265 MB              ; 00:00:10                           ;
; Assembler               ; 00:00:04     ; 1.0                     ; 250 MB              ; 00:00:03                           ;
; Classic Timing Analyzer ; 00:00:00     ; 1.0                     ; 155 MB              ; 00:00:00                           ;
; Total                   ; 00:00:17     ; --                      ; --                  ; 00:00:16                           ;
+-------------------------+--------------+-------------------------+---------------------+------------------------------------+


+------------------------------------------------------------------------------------------+
; Flow OS Summary                                                                          ;
+-------------------------+------------------+---------------+------------+----------------+
; Module Name             ; Machine Hostname ; OS Name       ; OS Version ; Processor type ;
+-------------------------+------------------+---------------+------------+----------------+
; Analysis & Synthesis    ; Acer6935G        ; Windows Vista ; 6.1        ; x86_64         ;
; Fitter                  ; Acer6935G        ; Windows Vista ; 6.1        ; x86_64         ;
; Assembler               ; Acer6935G        ; Windows Vista ; 6.1        ; x86_64         ;
; Classic Timing Analyzer ; Acer6935G        ; Windows Vista ; 6.1        ; x86_64         ;
+-------------------------+------------------+---------------+------------+----------------+


------------
; Flow Log ;
------------
quartus_map --read_settings_files=on --write_settings_files=off LAB -c LAB
quartus_fit --read_settings_files=off --write_settings_files=off LAB -c LAB
quartus_asm --read_settings_files=off --write_settings_files=off LAB -c LAB
quartus_tan --read_settings_files=off --write_settings_files=off LAB -c LAB --timing_analysis_only



