Build started 04.06.2015 9:45:09.
     1>Project "C:\Users\Cephalgia\Documents\Visual Studio 2013\Projects\Lab10\Lab10\Lab10.vcxproj" on node 2 (Rebuild target(s)).
     1>_MASM:
         Assembling longop.asm...
         cmd.exe /C "C:\Users\Cephalgia\AppData\Local\Temp\tmp0898ca4bf9ed47b8805b2000e33b0df2.cmd"
         ml.exe /c /nologo /Zi /Fo"Debug\longop.obj" /W3 /errorReport:prompt  /Talongop.asm
       _MASM:
         Assembling module.asm...
         cmd.exe /C "C:\Users\Cephalgia\AppData\Local\Temp\tmp8cf7cc31ee4846b3ae5f08b0b2a49f2f.cmd"
         ml.exe /c /nologo /Zi /Fo"Debug\module.obj" /W3 /errorReport:prompt  /Tamodule.asm
       ClCompile:
         D:\Program files\Visual Studio\VC\bin\CL.exe /c /ZI /nologo /W3 /WX- /sdl /Od /Oy- /D WIN32 /D _DEBUG /D _WINDOWS /D _MBCS /Gm /EHsc /RTC1 /MDd /GS /fp:precise /Zc:wchar_t /Zc:forScope /Yc"stdafx.h" /Fp"Debug\Lab10.pch" /Fo"Debug\\" /Fd"Debug\vc120.pdb" /Gd /TP /analyze- /errorReport:prompt stdafx.cpp
         stdafx.cpp
         D:\Program files\Visual Studio\VC\bin\CL.exe /c /ZI /nologo /W3 /WX- /sdl /Od /Oy- /D WIN32 /D _DEBUG /D _WINDOWS /D _MBCS /Gm /EHsc /RTC1 /MDd /GS /fp:precise /Zc:wchar_t /Zc:forScope /Yu"stdafx.h" /Fp"Debug\Lab10.pch" /Fo"Debug\\" /Fd"Debug\vc120.pdb" /Gd /TP /analyze- /errorReport:prompt Lab10.cpp
         Lab10.cpp
       ResourceCompile:
         C:\Program Files (x86)\Windows Kits\8.1\bin\x86\rc.exe /l"0x0409" /nologo /fo"Debug\Lab10.res" Lab10.rc 
       Link:
         D:\Program files\Visual Studio\VC\bin\link.exe /ERRORREPORT:PROMPT /OUT:"C:\Users\Cephalgia\Documents\Visual Studio 2013\Projects\Lab10\Debug\Lab10.exe" /INCREMENTAL /NOLOGO kernel32.lib user32.lib gdi32.lib winspool.lib comdlg32.lib advapi32.lib shell32.lib ole32.lib oleaut32.lib uuid.lib odbc32.lib odbccp32.lib /MANIFEST /MANIFESTUAC:"level='asInvoker' uiAccess='false'" /manifest:embed /DEBUG /PDB:"C:\Users\Cephalgia\Documents\Visual Studio 2013\Projects\Lab10\Debug\Lab10.pdb" /SUBSYSTEM:WINDOWS /TLBID:1 /DYNAMICBASE /NXCOMPAT /IMPLIB:"C:\Users\Cephalgia\Documents\Visual Studio 2013\Projects\Lab10\Debug\Lab10.lib" /MACHINE:X86 Debug\Lab10.res
         Debug\Lab10.obj
         Debug\stdafx.obj
         Debug\longop.obj
         Debug\module.obj
         Lab10.vcxproj -> C:\Users\Cephalgia\Documents\Visual Studio 2013\Projects\Lab10\Debug\Lab10.exe
     1>Done Building Project "C:\Users\Cephalgia\Documents\Visual Studio 2013\Projects\Lab10\Lab10\Lab10.vcxproj" (Rebuild target(s)).

Build succeeded.

Time Elapsed 00:00:01.39
