Построение начато 19.12.2011 19:48:58.
     1>Проект "C:\Users\Darky\documents\visual studio 2010\Projects\Dima7\Dima7\Dima7.vcxproj" в узле 2 (целевые объекты build).
     1>InitializeBuildStatus:
         Обращение к "Debug\Dima7.unsuccessfulbuild".
       ClCompile:
         Для всех выходных данных обновления не требуется.
         Для всех выходных данных обновления не требуется.
       ManifestResourceCompile:
         Для всех выходных данных обновления не требуется.
       Link:
         d:\vs\VC\bin\link.exe /ERRORREPORT:PROMPT /OUT:"C:\Users\Darky\documents\visual studio 2010\Projects\Dima7\Debug\Dima7.exe" /INCREMENTAL /NOLOGO msmpi.lib kernel32.lib user32.lib gdi32.lib winspool.lib comdlg32.lib advapi32.lib shell32.lib ole32.lib oleaut32.lib uuid.lib odbc32.lib odbccp32.lib /MANIFEST /ManifestFile:"Debug\Dima7.exe.intermediate.manifest" /MANIFESTUAC:"level='asInvoker' uiAccess='false'" /DEBUG /PDB:"C:\Users\Darky\documents\visual studio 2010\Projects\Dima7\Debug\Dima7.pdb" /SUBSYSTEM:CONSOLE /TLBID:1 /DYNAMICBASE /NXCOMPAT /IMPLIB:"C:\Users\Darky\documents\visual studio 2010\Projects\Dima7\Debug\Dima7.lib" /MACHINE:X86 Debug\Dima7.exe.embed.manifest.res
         Debug\Dima7.obj
         Debug\funcs.obj
         Debug\stdafx.obj
       Manifest:
         C:\Program Files\Microsoft SDKs\Windows\v7.0A\bin\mt.exe /nologo /verbose /out:"Debug\Dima7.exe.embed.manifest" /manifest Debug\Dima7.exe.intermediate.manifest
         C:\Program Files\Microsoft SDKs\Windows\v7.0A\bin\rc.exe /nologo /fo"Debug\Dima7.exe.embed.manifest.res" Debug\Dima7_manifest.rc 
       LinkEmbedManifest:
         d:\vs\VC\bin\link.exe /ERRORREPORT:PROMPT /OUT:"C:\Users\Darky\documents\visual studio 2010\Projects\Dima7\Debug\Dima7.exe" /INCREMENTAL /NOLOGO msmpi.lib kernel32.lib user32.lib gdi32.lib winspool.lib comdlg32.lib advapi32.lib shell32.lib ole32.lib oleaut32.lib uuid.lib odbc32.lib odbccp32.lib /MANIFEST /ManifestFile:"Debug\Dima7.exe.intermediate.manifest" /MANIFESTUAC:"level='asInvoker' uiAccess='false'" /DEBUG /PDB:"C:\Users\Darky\documents\visual studio 2010\Projects\Dima7\Debug\Dima7.pdb" /SUBSYSTEM:CONSOLE /TLBID:1 /DYNAMICBASE /NXCOMPAT /IMPLIB:"C:\Users\Darky\documents\visual studio 2010\Projects\Dima7\Debug\Dima7.lib" /MACHINE:X86 Debug\Dima7.exe.embed.manifest.res
         Debug\Dima7.obj
         Debug\funcs.obj
         Debug\stdafx.obj
         Dima7.vcxproj -> C:\Users\Darky\documents\visual studio 2010\Projects\Dima7\Debug\Dima7.exe
       FinalizeBuildStatus:
         Файл "Debug\Dima7.unsuccessfulbuild" удаляется.
         Обращение к "Debug\Dima7.lastbuildstate".
     1>Построение проекта "C:\Users\Darky\documents\visual studio 2010\Projects\Dima7\Dima7\Dima7.vcxproj" завершено (целевые объекты build).

Построение успешно завершено.

Затраченное время: 00:00:02.99
