Build started 29.10.2014 3:34:01.
     1>Project "C:\Users\Vova\Documents\Visual Studio 2010\Projects\pro_lab6\pro_lab6\pro_lab6.vcxproj" on node 2 (build target(s)).
     1>InitializeBuildStatus:
         Creating "Release\pro_lab6.unsuccessfulbuild" because "AlwaysCreate" was specified.
       ClCompile:
         All outputs are up-to-date.
         C:\Program Files (x86)\Microsoft Visual Studio 10.0\VC\bin\CL.exe /c /Zi /nologo /W3 /WX- /O2 /Oi /Oy- /GL /D WIN32 /D NDEBUG /D _CONSOLE /D _UNICODE /D UNICODE /Gm- /EHsc /MD /GS /Gy /fp:precise /Zc:wchar_t /Zc:forScope /openmp /Yu"StdAfx.h" /Fp"Release\pro_lab6.pch" /Fo"Release\\" /Fd"Release\vc100.pdb" /Gd /TP /analyze- /errorReport:prompt pro_lab6.cpp
         pro_lab6.cpp
       Link:
         C:\Program Files (x86)\Microsoft Visual Studio 10.0\VC\bin\link.exe /ERRORREPORT:PROMPT /OUT:"C:\Users\Vova\Documents\Visual Studio 2010\Projects\pro_lab6\Release\pro_lab6.exe" /INCREMENTAL:NO /NOLOGO kernel32.lib user32.lib gdi32.lib winspool.lib comdlg32.lib advapi32.lib shell32.lib ole32.lib oleaut32.lib uuid.lib odbc32.lib odbccp32.lib /MANIFEST /ManifestFile:"Release\pro_lab6.exe.intermediate.manifest" /MANIFESTUAC:"level='asInvoker' uiAccess='false'" /DEBUG /PDB:"C:\Users\Vova\Documents\Visual Studio 2010\Projects\pro_lab6\Release\pro_lab6.pdb" /SUBSYSTEM:CONSOLE /OPT:REF /OPT:ICF /LTCG /TLBID:1 /DYNAMICBASE /NXCOMPAT /IMPLIB:"C:\Users\Vova\Documents\Visual Studio 2010\Projects\pro_lab6\Release\pro_lab6.lib" /MACHINE:X86 Release\pro_lab6.obj
         Release\stdafx.obj
         Generating code
         Finished generating code
         pro_lab6.vcxproj -> C:\Users\Vova\Documents\Visual Studio 2010\Projects\pro_lab6\Release\pro_lab6.exe
       Manifest:
         C:\Program Files (x86)\Microsoft SDKs\Windows\v7.0A\bin\mt.exe /nologo /verbose /outputresource:"C:\Users\Vova\Documents\Visual Studio 2010\Projects\pro_lab6\Release\pro_lab6.exe;#1" /manifest Release\pro_lab6.exe.intermediate.manifest
       FinalizeBuildStatus:
         Deleting file "Release\pro_lab6.unsuccessfulbuild".
         Touching "Release\pro_lab6.lastbuildstate".
     1>Done Building Project "C:\Users\Vova\Documents\Visual Studio 2010\Projects\pro_lab6\pro_lab6\pro_lab6.vcxproj" (build target(s)).

Build succeeded.

Time Elapsed 00:00:01.59
