Build started 28.02.2014 14:39:19.
Project "D:\papst\Progr536\sp2007\IO66\spLb1\spLb1\spLb4\spLb4.vcxproj" on node 2 (build target(s)).
InitializeBuildStatus:
  Creating ".\Debug\spLb4.unsuccessfulbuild" because "AlwaysCreate" was specified.
ClCompile:
  All outputs are up-to-date.
  C:\Program Files\Microsoft Visual Studio 10.0\VC\bin\CL.exe /c /ZI /nologo /W3 /WX- /Od /Oy- /D WIN32 /D _DEBUG /D _CONSOLE /D _VC80_UPGRADE=0x0600 /D _MBCS /Gm /EHsc /RTC1 /MTd /GS /Gy- /fp:precise /Zc:wchar_t /Zc:forScope /Yu"stdafx.h" /Fp".\Debug\spLb4.pch" /Fo".\Debug\\" /Fd".\Debug\vc100.pdb" /FR".\Debug\\" /Gd /TP /analyze- /errorReport:prompt ..\spLb3\visgrp.cpp automat.cpp index.cpp langio.cpp lexan.cpp parsC.cpp parsP.cpp parsV.cpp spLb4.cpp tables.cpp
  tables.cpp
d:\papst\progr536\sp2007\io66\splb1\splb1\splb4\tables.cpp(1): fatal error C1083: Cannot open precompiled header file: '.\Debug\spLb4.pch': No such file or directory
  spLb4.cpp
d:\papst\progr536\sp2007\io66\splb1\splb1\splb4\splb4.cpp(4): fatal error C1083: Cannot open precompiled header file: '.\Debug\spLb4.pch': No such file or directory
  parsV.cpp
d:\papst\progr536\sp2007\io66\splb1\splb1\splb4\parsv.cpp(1): fatal error C1083: Cannot open precompiled header file: '.\Debug\spLb4.pch': No such file or directory
  parsP.cpp
d:\papst\progr536\sp2007\io66\splb1\splb1\splb4\parsp.cpp(1): fatal error C1083: Cannot open precompiled header file: '.\Debug\spLb4.pch': No such file or directory
  parsC.cpp
d:\papst\progr536\sp2007\io66\splb1\splb1\splb4\parsc.cpp(1): fatal error C1083: Cannot open precompiled header file: '.\Debug\spLb4.pch': No such file or directory
  lexan.cpp
d:\papst\progr536\sp2007\io66\splb1\splb1\splb4\lexan.cpp(1): fatal error C1083: Cannot open precompiled header file: '.\Debug\spLb4.pch': No such file or directory
  langio.cpp
d:\papst\progr536\sp2007\io66\splb1\splb1\splb4\langio.cpp(1): fatal error C1083: Cannot open precompiled header file: '.\Debug\spLb4.pch': No such file or directory
  index.cpp
d:\papst\progr536\sp2007\io66\splb1\splb1\splb4\index.cpp(1): fatal error C1083: Cannot open precompiled header file: '.\Debug\spLb4.pch': No such file or directory
  automat.cpp
d:\papst\progr536\sp2007\io66\splb1\splb1\splb4\automat.cpp(1): fatal error C1083: Cannot open precompiled header file: '.\Debug\spLb4.pch': No such file or directory
  visgrp.cpp
d:\papst\progr536\sp2007\io66\splb1\splb1\splb3\visgrp.cpp(1): fatal error C1083: Cannot open precompiled header file: '.\Debug\spLb4.pch': No such file or directory
  Generating Code...
Done Building Project "D:\papst\Progr536\sp2007\IO66\spLb1\spLb1\spLb4\spLb4.vcxproj" (build target(s)) -- FAILED.

Build FAILED.

Time Elapsed 00:00:01.15
