Build started 28.02.2014 14:39:21.
Project "D:\papst\Progr536\sp2007\IO66\spLb1\spLb1\spLb2\spLb2.vcxproj" on node 2 (build target(s)).
InitializeBuildStatus:
  Creating ".\Debug\spLb2.unsuccessfulbuild" because "AlwaysCreate" was specified.
ClCompile:
  All outputs are up-to-date.
  C:\Program Files\Microsoft Visual Studio 10.0\VC\bin\CL.exe /c /ZI /nologo /W3 /WX- /Od /Oy- /D WIN32 /D _DEBUG /D _CONSOLE /D _VC80_UPGRADE=0x0600 /D _MBCS /Gm /EHsc /RTC1 /MTd /GS /Gy- /fp:precise /Zc:wchar_t /Zc:forScope /Yu"stdafx.h" /Fp".\Debug\spLb2.pch" /Fo".\Debug\\" /Fd".\Debug\vc100.pdb" /Gd /TP /analyze- /errorReport:prompt ..\tables.cpp ..\vistab.cpp dyntab.cpp index.cpp spLb2.cpp vistbx.cpp
  vistbx.cpp
d:\papst\progr536\sp2007\io66\splb1\splb1\splb2\vistbx.cpp(1): fatal error C1083: Cannot open precompiled header file: '.\Debug\spLb2.pch': No such file or directory
  spLb2.cpp
d:\papst\progr536\sp2007\io66\splb1\splb1\splb2\splb2.cpp(4): fatal error C1083: Cannot open precompiled header file: '.\Debug\spLb2.pch': No such file or directory
  index.cpp
d:\papst\progr536\sp2007\io66\splb1\splb1\splb2\index.cpp(1): fatal error C1083: Cannot open precompiled header file: '.\Debug\spLb2.pch': No such file or directory
  dyntab.cpp
d:\papst\progr536\sp2007\io66\splb1\splb1\splb2\dyntab.cpp(1): fatal error C1083: Cannot open precompiled header file: '.\Debug\spLb2.pch': No such file or directory
  vistab.cpp
d:\papst\progr536\sp2007\io66\splb1\splb1\vistab.cpp(1): fatal error C1083: Cannot open precompiled header file: '.\Debug\spLb2.pch': No such file or directory
  tables.cpp
d:\papst\progr536\sp2007\io66\splb1\splb1\tables.cpp(1): fatal error C1083: Cannot open precompiled header file: '.\Debug\spLb2.pch': No such file or directory
  Generating Code...
Done Building Project "D:\papst\Progr536\sp2007\IO66\spLb1\spLb1\spLb2\spLb2.vcxproj" (build target(s)) -- FAILED.

Build FAILED.

Time Elapsed 00:00:00.71
