Project Information                           d:\maxplus2\max2lib\lab1\ctr.rpt

MAX+plus II Compiler Report File
Version 10.1 06/12/2001
Compiled: 09/21/2010 19:09:48

Copyright (C) 1988-2001 Altera Corporation
Any megafunction design, and related net list (encrypted or decrypted),
support information, device programming or simulation file, and any other
associated documentation or information provided by Altera or a partner
under Altera's Megafunction Partnership Program may be used only to
program PLD devices (but not masked PLD devices) from Altera.  Any other
use of such megafunction design, net list, support information, device
programming or simulation file, or any other related documentation or
information is prohibited for any other purpose, including, but not
limited to modification, reverse engineering, de-compiling, or use with
any other silicon devices, unless such use is explicitly licensed under
a separate agreement with Altera or a megafunction partner.  Title to
the intellectual property, including patents, copyrights, trademarks,
trade secrets, or maskworks, embodied in any such megafunction design,
net list, support information, device programming or simulation file, or
any other related documentation or information provided by Altera or a
megafunction partner, remains with Altera, the megafunction partner, or
their respective licensors.  No other licenses, including any licenses
needed under any third party's intellectual property, are provided herein.



***** Project compilation was successful




** DEVICE SUMMARY **

Chip/                     Input   Output   Bidir 			    LCs
POF       Device          Pins    Pins     Pins      LCs    % Utilized

ctr       EP910ILC-12      14       11       0       11          45 %

User Pins:                 14       11       0  



Project Information                           d:\maxplus2\max2lib\lab1\ctr.rpt

** AUTO GLOBAL SIGNALS **



INFO: Signal 'CLK' chosen for auto global Clock


Project Information                           d:\maxplus2\max2lib\lab1\ctr.rpt

** FILE HIERARCHY **



|ci2:10|
|ci2:20|
|ci2:18|
|ci2:16|
|ci2:14|
|ci2:12|
|ci2:8|
|ci2:6|
|ci2:4|
|ci2:1|
|qi2:9|
|qi2:19|
|qi2:17|
|qi2:15|
|qi2:13|
|qi2:11|
|qi2:7|
|qi2:5|
|qi2:3|
|qi2:2|


Device-Specific Information:                  d:\maxplus2\max2lib\lab1\ctr.rpt
ctr

***** Logic for device 'ctr' compiled without errors.




Device: EP910ILC-12

Device Options:
    Turbo Bit                                    = ON
    Security Bit                                 = OFF

                                            R  
                                            E  
                                            S  
                                            E  
                                            R  
                 D  D     C  V  V           V  
              X  1  1  X  L  C  C     D  D  E  
              2  2  3  1  K  C  C  C  4  5  D  
            -----------------------------------_ 
          /   6  5  4  3  2  1 44 43 42 41 40   | 
     Q13 |  7                                39 | N.C. 
     Q12 |  8                                38 | RESERVED 
     Q11 |  9                                37 | RESERVED 
     Q10 | 10                                36 | RESERVED 
      Q9 | 11                                35 | RESERVED 
      Q8 | 12          EP910ILC-12           34 | RESERVED 
      Q7 | 13                                33 | RESERVED 
      Q6 | 14                                32 | RESERVED 
      Q5 | 15                                31 | RESERVED 
      Q4 | 16                                30 | RESERVED 
    N.C. | 17                                29 | RESERVED 
         |_  18 19 20 21 22 23 24 25 26 27 28  _| 
           ------------------------------------ 
              O  D  D  D  G  G  G  D  D  D  R  
                 1  1  9  N  N  N  8  7  6  E  
                 1  0     D  D  D           S  
                                            E  
                                            R  
                                            V  
                                            E  
                                            D  


N.C. = No Connect. This pin has no internal connection to the device.
VCC = Dedicated power pin, which MUST be connected to VCC.
GND = Dedicated ground pin or unused dedicated input, which MUST be connected to GND.
RESERVED = Unused I/O pin, which MUST be left unconnected.



Device-Specific Information:                  d:\maxplus2\max2lib\lab1\ctr.rpt
ctr

** RESOURCE USAGE **

Logic Array Block     Logic Cells   I/O Pins       

A:     LC1 - LC12     0/12(  0%)   0/12(  0%) 
B:    LC13 - LC24    11/12( 91%)  12/12(100%) 


Total dedicated input pins used:                12/12     (100%)
Total I/O pins used:                            12/24     ( 50%)
Total logic cells used:                         11/24     ( 45%)
Average fan-in:                                  10.54
Total fan-in:                                   116

Total input pins required:                      14
Total output pins required:                     11
Total bidirectional pins required:               0
Total logic cells required:                     11
Total flipflops required:                       10

Synthesized logic cells:                         0/  24   (  0%)



Device-Specific Information:                  d:\maxplus2\max2lib\lab1\ctr.rpt
ctr

** INPUTS **

                                        Fan-In    Fan-Out
 Pin     LC  LAB  Primitive    Code   INP  FBK  OUT  FBK  Name
  43      -   -       INPUT              0    0   11    0  C
  42      -   -       INPUT              0    0    1    0  D4
  41      -   -       INPUT              0    0    1    0  D5
  27      -   -       INPUT              0    0    1    0  D6
  26      -   -       INPUT              0    0    1    0  D7
  25      -   -       INPUT              0    0    1    0  D8
  21      -   -       INPUT              0    0    1    0  D9
  20      -   -       INPUT              0    0    1    0  D10
  19      -   -       INPUT              0    0    1    0  D11
   5      -   -       INPUT              0    0    1    0  D12
   4      -   -       INPUT              0    0    1    0  D13
   3      -   -       INPUT              0    0   10    0  X1
   6   (13)  (B)      INPUT              0    0   10    0  X2


Code:

s = Synthesized pin or logic cell
+ = Synchronous flipflop
! = NOT gate push-back
r = Fitter-inserted logic cell


Device-Specific Information:                  d:\maxplus2\max2lib\lab1\ctr.rpt
ctr

** OUTPUTS **

                                        Fan-In    Fan-Out
 Pin     LC  LAB  Primitive    Code   INP  FBK  OUT  FBK  Name
  18     24    B     OUTPUT              1   10    0    0  O
  16     23    B         FF   +          4    0   10    0  Q4 (|qi2:19|:1)
  15     22    B         FF   +          4    1    9    0  Q5 (|qi2:17|:1)
  14     21    B         FF   +          4    2    8    0  Q6 (|qi2:15|:1)
  13     20    B         FF   +          4    3    7    0  Q7 (|qi2:13|:1)
  12     19    B         FF   +          4    4    6    0  Q8 (|qi2:11|:1)
  11     18    B         FF   +          4    5    5    0  Q9 (|qi2:9|:1)
  10     17    B         FF   +          4    6    4    0  Q10 (|qi2:7|:1)
   9     16    B         FF   +          4    7    3    0  Q11 (|qi2:5|:1)
   8     15    B         FF   +          4    8    2    0  Q12 (|qi2:3|:1)
   7     14    B         FF   +          4    9    1    0  Q13 (|qi2:2|:1)


Code:

s = Synthesized pin or logic cell
+ = Synchronous flipflop
! = NOT gate push-back
r = Fitter-inserted logic cell


Device-Specific Information:                  d:\maxplus2\max2lib\lab1\ctr.rpt
ctr

** LOGIC CELL INTERCONNECTIONS **

                               Logic cells placed in LAB 'B'
        +--------------------- LC24 O
        | +------------------- LC23 Q4
        | | +----------------- LC22 Q5
        | | | +--------------- LC21 Q6
        | | | | +------------- LC20 Q7
        | | | | | +----------- LC19 Q8
        | | | | | | +--------- LC18 Q9
        | | | | | | | +------- LC17 Q10
        | | | | | | | | +----- LC16 Q11
        | | | | | | | | | +--- LC15 Q12
        | | | | | | | | | | +- LC14 Q13
        | | | | | | | | | | | 
        | | | | | | | | | | |   Other LABs fed by signals
        | | | | | | | | | | |   that feed LAB 'B'
LC      | | | | | | | | | | | 
LC24 -> - - - - - - - - - - - | <-- O
LC23 -> @ @ @ @ @ @ @ @ @ @ @ | <-- Q4
LC22 -> @ - @ @ @ @ @ @ @ @ @ | <-- Q5
LC21 -> @ - - @ @ @ @ @ @ @ @ | <-- Q6
LC20 -> @ - - - @ @ @ @ @ @ @ | <-- Q7
LC19 -> @ - - - - @ @ @ @ @ @ | <-- Q8
LC18 -> @ - - - - - @ @ @ @ @ | <-- Q9
LC17 -> @ - - - - - - @ @ @ @ | <-- Q10
LC16 -> @ - - - - - - - @ @ @ | <-- Q11
LC15 -> @ - - - - - - - - @ @ | <-- Q12
LC14 -> @ - - - - - - - - - @ | <-- Q13

Pin
43   -> @ @ @ @ @ @ @ @ @ @ @ | <-- C
42   -> - @ - - - - - - - - - | <-- D4
41   -> - - @ - - - - - - - - | <-- D5
27   -> - - - @ - - - - - - - | <-- D6
26   -> - - - - @ - - - - - - | <-- D7
25   -> - - - - - @ - - - - - | <-- D8
21   -> - - - - - - @ - - - - | <-- D9
20   -> - - - - - - - @ - - - | <-- D10
19   -> - - - - - - - - @ - - | <-- D11
5    -> - - - - - - - - - @ - | <-- D12
4    -> - - - - - - - - - - @ | <-- D13
3    -> - @ @ @ @ @ @ @ @ @ @ | <-- X1
6    -> - * * * * * * * * * * | <-- X2


* = The logic cell or pin is an input to the logic cell (or LAB) through the PIA.
@ = The input pin or logic cell feeds the logic cell (or LAB) using direct interconnect.
- = The logic cell or pin is not an input to the logic cell (or LAB).


Device-Specific Information:                  d:\maxplus2\max2lib\lab1\ctr.rpt
ctr

** EQUATIONS **

C        : INPUT;
CLK      : INPUT;
D4       : INPUT;
D5       : INPUT;
D6       : INPUT;
D7       : INPUT;
D8       : INPUT;
D9       : INPUT;
D10      : INPUT;
D11      : INPUT;
D12      : INPUT;
D13      : INPUT;
X1       : INPUT;
X2       : INPUT;

-- Node name is 'O' 
-- Equation name is 'O', location is LC024, type is output.
 O       = LCELL( _EQ001);
  _EQ001 =  C &  Q4 &  Q5 &  Q6 &  Q7 &  Q8 &  Q9 &  Q10 &  Q11 &  Q12 &  Q13;

-- Node name is 'Q4' = '|qi2:19|Qi1' 
-- Equation name is 'Q4', type is output 
 Q4      = DFF( _EQ002, GLOBAL( CLK), !X2,  VCC);
  _EQ002 =  C & !Q4 & !X1
         # !C &  Q4 & !X1
         #  D4 &  X1;

-- Node name is 'Q5' = '|qi2:17|Qi1' 
-- Equation name is 'Q5', type is output 
 Q5      = TFF( _EQ003, GLOBAL( CLK), !X2,  VCC);
  _EQ003 =  D5 & !Q5 &  X1
         #  C &  Q4 & !X1
         # !D5 &  Q5 &  X1;

-- Node name is 'Q6' = '|qi2:15|Qi1' 
-- Equation name is 'Q6', type is output 
 Q6      = TFF( _EQ004, GLOBAL( CLK), !X2,  VCC);
  _EQ004 =  C &  Q4 &  Q5 & !X1
         #  D6 & !Q6 &  X1
         # !D6 &  Q6 &  X1;

-- Node name is 'Q7' = '|qi2:13|Qi1' 
-- Equation name is 'Q7', type is output 
 Q7      = TFF( _EQ005, GLOBAL( CLK), !X2,  VCC);
  _EQ005 =  C &  Q4 &  Q5 &  Q6 & !X1
         #  D7 & !Q7 &  X1
         # !D7 &  Q7 &  X1;

-- Node name is 'Q8' = '|qi2:11|Qi1' 
-- Equation name is 'Q8', type is output 
 Q8      = TFF( _EQ006, GLOBAL( CLK), !X2,  VCC);
  _EQ006 =  C &  Q4 &  Q5 &  Q6 &  Q7 & !X1
         #  D8 & !Q8 &  X1
         # !D8 &  Q8 &  X1;

-- Node name is 'Q9' = '|qi2:9|Qi1' 
-- Equation name is 'Q9', type is output 
 Q9      = TFF( _EQ007, GLOBAL( CLK), !X2,  VCC);
  _EQ007 =  C &  Q4 &  Q5 &  Q6 &  Q7 &  Q8 & !X1
         #  D9 & !Q9 &  X1
         # !D9 &  Q9 &  X1;

-- Node name is 'Q10' = '|qi2:7|Qi1' 
-- Equation name is 'Q10', type is output 
 Q10     = TFF( _EQ008, GLOBAL( CLK), !X2,  VCC);
  _EQ008 =  C &  Q4 &  Q5 &  Q6 &  Q7 &  Q8 &  Q9 & !X1
         #  D10 & !Q10 &  X1
         # !D10 &  Q10 &  X1;

-- Node name is 'Q11' = '|qi2:5|Qi1' 
-- Equation name is 'Q11', type is output 
 Q11     = TFF( _EQ009, GLOBAL( CLK), !X2,  VCC);
  _EQ009 =  C &  Q4 &  Q5 &  Q6 &  Q7 &  Q8 &  Q9 &  Q10 & !X1
         #  D11 & !Q11 &  X1
         # !D11 &  Q11 &  X1;

-- Node name is 'Q12' = '|qi2:3|Qi1' 
-- Equation name is 'Q12', type is output 
 Q12     = TFF( _EQ010, GLOBAL( CLK), !X2,  VCC);
  _EQ010 =  C &  Q4 &  Q5 &  Q6 &  Q7 &  Q8 &  Q9 &  Q10 &  Q11 & !X1
         #  D12 & !Q12 &  X1
         # !D12 &  Q12 &  X1;

-- Node name is 'Q13' = '|qi2:2|Qi1' 
-- Equation name is 'Q13', type is output 
 Q13     = TFF( _EQ011, GLOBAL( CLK), !X2,  VCC);
  _EQ011 =  C &  Q4 &  Q5 &  Q6 &  Q7 &  Q8 &  Q9 &  Q10 &  Q11 &  Q12 & !X1
         #  D13 & !Q13 &  X1
         # !D13 &  Q13 &  X1;



Project Information                           d:\maxplus2\max2lib\lab1\ctr.rpt

** COMPILATION SETTINGS & TIMES **

Processing Menu Commands
------------------------

Design Doctor                             = off

Logic Synthesis:

   Synthesis Type Used                    = Standard

   Default Synthesis Style                = NORMAL

      Logic option settings in 'NORMAL' style for 'CLASSIC' family

      MINIMIZATION                        = full
      SOFT_BUFFER_INSERTION               = on
      TURBO_BIT                           = on
      USE_LPM_FOR_AHDL_OPERATORS          = off

   Other logic synthesis settings:

      Automatic Global Clock              = on
      Automatic Global Clear              = on
      Automatic Global Preset             = on
      Automatic Global Output Enable      = on
      Automatic Fast I/O                  = off
      Automatic Register Packing          = off
      Automatic Open-Drain Pins           = on
      Automatic Implement in EAB          = off
      One-Hot State Machine Encoding      = off
      Optimize                            = 5

Default Timing Specifications: None

Cut All Bidir Feedback Timing Paths       = on
Cut All Clear & Preset Timing Paths       = on

Ignore Timing Assignments                 = off

Functional SNF Extractor                  = off

Linked SNF Extractor                      = off
Timing SNF Extractor                      = on
Optimize Timing SNF                       = off
Generate AHDL TDO File                    = off
Fitter Settings                           = NORMAL
Smart Recompile                           = off
Total Recompile                           = off

Interfaces Menu Commands
------------------------

EDIF Netlist Writer                       = off
Verilog Netlist Writer                    = off
VHDL Netlist Writer                       = off

Compilation Times
-----------------

   Compiler Netlist Extractor             00:00:00
   Database Builder                       00:00:00
   Logic Synthesizer                      00:00:00
   Partitioner                            00:00:00
   Fitter                                 00:00:00
   Timing SNF Extractor                   00:00:00
   Assembler                              00:00:00
   --------------------------             --------
   Total Time                             00:00:00


Memory Allocated
-----------------

Peak memory allocated during compilation  = 2,983K
