Project Information                            d:\kpi\kc\example\lab1\lab1.rpt

MAX+plus II Compiler Report File
Version 10.1 06/12/2001
Compiled: 12/07/2010 18:35:47

Copyright (C) 1988-2001 Altera Corporation
Any megafunction design, and related net list (encrypted or decrypted),
support information, device programming or simulation file, and any other
associated documentation or information provided by Altera or a partner
under Altera's Megafunction Partnership Program may be used only to
program PLD devices (but not masked PLD devices) from Altera.  Any other
use of such megafunction design, net list, support information, device
programming or simulation file, or any other related documentation or
information is prohibited for any other purpose, including, but not
limited to modification, reverse engineering, de-compiling, or use with
any other silicon devices, unless such use is explicitly licensed under
a separate agreement with Altera or a megafunction partner.  Title to
the intellectual property, including patents, copyrights, trademarks,
trade secrets, or maskworks, embodied in any such megafunction design,
net list, support information, device programming or simulation file, or
any other related documentation or information provided by Altera or a
megafunction partner, remains with Altera, the megafunction partner, or
their respective licensors.  No other licenses, including any licenses
needed under any third party's intellectual property, are provided herein.



***** Project compilation was successful




** DEVICE SUMMARY **

Chip/                     Input   Output   Bidir         Shareable
POF       Device          Pins    Pins     Pins     LCs  Expanders  % Utilized

lab1      EPM9320LC84-15   19       15       0      28      16          8  %

User Pins:                 19       15       0  



Project Information                            d:\kpi\kc\example\lab1\lab1.rpt

** AUTO GLOBAL SIGNALS **



INFO: Signal 'C' chosen for auto global Clock


Project Information                            d:\kpi\kc\example\lab1\lab1.rpt

** FILE HIERARCHY **



|rg:1|
|rg:1|qi1:1|
|rg:1|qi1:2|
|rg:1|qi1:3|
|rg:1|qi1:4|
|sm:2|
|sm:2|ci1:1|
|sm:2|ci1:4|
|sm:2|ci1:6|
|sm:2|ci1:8|
|sm:2|si:2|
|sm:2|si:3|
|sm:2|si:5|
|sm:2|si:7|
|x1:6|
|x2:7|
|ctr:27|
|ctr:27|ci2:10|
|ctr:27|ci2:20|
|ctr:27|ci2:18|
|ctr:27|ci2:16|
|ctr:27|ci2:14|
|ctr:27|ci2:12|
|ctr:27|ci2:8|
|ctr:27|ci2:6|
|ctr:27|ci2:4|
|ctr:27|ci2:1|
|ctr:27|qi2:9|
|ctr:27|qi2:19|
|ctr:27|qi2:17|
|ctr:27|qi2:15|
|ctr:27|qi2:13|
|ctr:27|qi2:11|
|ctr:27|qi2:7|
|ctr:27|qi2:5|
|ctr:27|qi2:3|
|ctr:27|qi2:2|


Device-Specific Information:                   d:\kpi\kc\example\lab1\lab1.rpt
lab1

***** Logic for device 'lab1' compiled without errors.




Device: EPM9320LC84-15

Device Options:
    Turbo Bit                                    = ON
    Security Bit                                 = OFF
    User Code                                  = ffff
    MultiVolt I/O                              = OFF

                                      R  R        R  R  R  R     R  R  R  R  
                                      E  E        E  E  E  E     E  E  E  E  
                                      S  S        S  S  S  S     S  S  S  S  
                                      E  E        E  E  E  E  V  E  E  E  E  
                                      R  R        R  R  R  R  C  R  R  R  R  
              D     D  Q  Q  G        V  V        V  V  V  V  C  V  V  V  V  
              1  Q  1  1  1  N     Q  E  E     F  E  E  E  E  I  E  E  E  E  
              0  4  3  3  2  D  O  5  D  D  C  2  D  D  D  D  O  D  D  D  D  
            -----------------------------------------------------------------_ 
          /  11 10  9  8  7  6  5  4  3  2  1 84 83 82 81 80 79 78 77 76 75   | 
      D8 | 12                                                              74 | RESERVED 
      F3 | 13                                                              73 | RESERVED 
  VCCINT | 14                                                              72 | F1 
   VCCIO | 15                                                              71 | VCCINT 
      Q8 | 16                                                              70 | GND 
      Q2 | 17                                                              69 | RESERVED 
     GND | 18                                                              68 | RESERVED 
      D3 | 19                                                              67 | GND 
      D1 | 20                                                              66 | D4 
  VCCINT | 21                                                              65 | D2 
      D0 | 22                        EPM9320LC84-15                        64 | VCCINT 
      D6 | 23                                                              63 | D7 
     GND | 24                                                              62 | D5 
     GND | 25                                                              61 | GND 
      Q1 | 26                                                              60 | VCCIO 
      Q9 | 27                                                              59 | Q7 
  VCCINT | 28                                                              58 | Q3 
    N.C. | 29                                                              57 | VCCINT 
    #TDO | 30                                                              56 | ^VPP 
      F0 | 31                                                              55 | #TMS 
      D9 | 32                                                              54 | RESERVED 
         |_  33 34 35 36 37 38 39 40 41 42 43 44 45 46 47 48 49 50 51 52 53  _| 
           ------------------------------------------------------------------ 
              D  D  Q  Q  V  Q  Q  R  R  #  #  R  R  R  R  G  R  R  R  R  R  
              1  1  6  0  C  1  1  E  E  T  T  E  E  E  E  N  E  E  E  E  E  
              1  2        C  0  1  S  S  D  C  S  S  S  S  D  S  S  S  S  S  
                          I        E  E  I  K  E  E  E  E     E  E  E  E  E  
                          O        R  R        R  R  R  R     R  R  R  R  R  
                                   V  V        V  V  V  V     V  V  V  V  V  
                                   E  E        E  E  E  E     E  E  E  E  E  
                                   D  D        D  D  D  D     D  D  D  D  D  


N.C. = No Connect. This pin has no internal connection to the device.
VCCINT = Dedicated power pin, which MUST be connected to VCC (5.0 volts).
VCCIO = Dedicated power pin, which MUST be connected to VCC (5.0 volts).
GND = Dedicated ground pin or unused dedicated input, which MUST be connected to GND.
RESERVED = Unused I/O pin, which MUST be left unconnected.

# = JTAG Boundary-Scan Testing/In-System Programming or Configuration Pin. The JTAG inputs TMS and TDI should be tied to VCC and TCK should be tied to GND when not in use.
& = JTAG pin used for I/O. When used as user I/O, JTAG pins must be kept stable before and during configuration.  JTAG pin stability prevents accidental loading of JTAG instructions.


Device-Specific Information:                   d:\kpi\kc\example\lab1\lab1.rpt
lab1

** RESOURCE USAGE **

Logic                Column       Row                                   
Array                Interconnect Interconnect         Clears/     External    Shareable
Block   Logic Cells  Driven       Driven       Clocks  Presets   Interconnect  Expanders
B2      13/16( 81%)  13/16( 81%)   0/16(  0%)    0/2    0/2      16/33( 48%)    9/16( 56%)  
C1      13/16( 81%)   5/16( 31%)   0/16(  0%)    0/2    0/2      13/33( 39%)    7/16( 43%)  
D3       2/16( 12%)   2/16( 12%)   0/16(  0%)    0/2    0/2       3/33(  9%)    0/16(  0%)  


Total dedicated input pins used:                 4/4      (100%)
Total I/O pins used:                            30/56     ( 53%)
Total logic cells used:                         28/320    (  8%)
Total shareable expanders used:                 10/320    (  3%)
Total Turbo logic cells used:                   28/320    (  8%)
Total shareable expanders not available (n/a):   6/320    (  1%)
Average fan-in:                                  8.85
Total fan-in:                                   248

Total input pins required:                      19
Total input I/O cell registers required:         0
Total output pins required:                     15
Total output I/O cell registers required:        0
Total buried I/O cell registers required:        0
Total bidirectional pins required:               0
Total logic cells required:                     28
Total flipflops required:                       14
Total product terms required:                  103
Total logic cells lending parallel expanders:    0
Total shareable expanders in database:          10
Total packed registers required:                 0

Synthesized logic cells:                        12/ 320   (  3%)

Logic Cell Counts

Column:  01  02  03  04  05  Total
 A:      0   0   0   0   0      0
 B:      0  13   0   0   0     13
 C:     13   0   0   0   0     13
 D:      0   0   2   0   0      2

Total:  13  13   2   0   0     28



Device-Specific Information:                   d:\kpi\kc\example\lab1\lab1.rpt
lab1

** INPUTS **

                                               Shareable
                                               Expanders     Fan-In    Fan-Out
 Pin     LC   Row  Col  Primitive    Code   Total Shared n/a INP  FBK  OUT  FBK  Name
   1      -    -    --      INPUT  G            0      0   0    0    0    0    0  C
  22      -    B    --      INPUT               0      0   0    0    0    0    1  D0
  20      -    C    --      INPUT               0      0   0    0    0    0    1  D1
  65      -    C    --      INPUT               0      0   0    0    0    0    1  D2
  19      -    C    --      INPUT               0      0   0    0    0    0    1  D3
  66      -    C    --      INPUT               0      0   0    0    0    0    1  D4
  62      -    B    --      INPUT               0      0   0    0    0    0    1  D5
  23      -    B    --      INPUT               0      0   0    0    0    0    1  D6
  63      -    B    --      INPUT               0      0   0    0    0    0    1  D7
  12      -    -    01      INPUT               0      0   0    0    0    0    1  D8
  32      -    -    01      INPUT               0      0   0    0    0    0    1  D9
  11      -    -    01      INPUT               0      0   0    0    0    0    1  D10
  33      -    -    01      INPUT               0      0   0    0    0    0    1  D11
  34      -    -    01      INPUT               0      0   0    0    0    0    1  D12
   9      -    -    01      INPUT               0      0   0    0    0    0    1  D13
  31      -    -    01      INPUT               0      0   0    0    0    0   22  F0
  72      -    -    --      INPUT               0      0   0    0    0    0   22  F1
  84      -    -    --      INPUT               0      0   0    0    0    0   23  F2
  13      -    -    --      INPUT               0      0   0    0    0    0   20  F3


Code:

s = Synthesized pin or logic cell
t = Turbo logic cell
+ = Synchronous flipflop
/ = Slow slew-rate output
! = NOT gate push-back
r = Fitter-inserted logic cell
G = Global Source. Fan-out destinations counted here do not include destinations
that are driven using global routing resources. Refer to the Auto Global Signals,
Clock Signals, Clear Signals, Synchronous Load Signals, and Synchronous Clear Signals
Sections of this Report File for information on which signals' fan-outs are used as
Clock, Clear, Preset, Output Enable, and synchronous Load signals.


Device-Specific Information:                   d:\kpi\kc\example\lab1\lab1.rpt
lab1

** OUTPUTS **

                                               Shareable
                                               Expanders     Fan-In    Fan-Out
 Pin     LC   Row  Col  Primitive    Code   Total Shared n/a INP  FBK  OUT  FBK  Name
   5      -    -    02     OUTPUT               0      0   0    0    1    0    0  O
  36      -    -    02     OUTPUT               0      0   0    0    1    0    0  Q0
  26      -    A    --     OUTPUT               0      0   0    0    1    0    0  Q1
  17      -    D    --     OUTPUT               0      0   0    0    1    0    0  Q2
  58      -    A    --     OUTPUT               0      0   0    0    1    0    0  Q3
  10      -    -    01     OUTPUT               0      0   0    0    1    0    0  Q4
   4      -    -    02     OUTPUT               0      0   0    0    1    0    0  Q5
  35      -    -    02     OUTPUT               0      0   0    0    1    0    0  Q6
  59      -    A    --     OUTPUT               0      0   0    0    1    0    0  Q7
  16      -    D    --     OUTPUT               0      0   0    0    1    0    0  Q8
  27      -    A    --     OUTPUT               0      0   0    0    1    0    0  Q9
  38      -    -    02     OUTPUT               0      0   0    0    1    0    0  Q10
  39      -    -    02     OUTPUT               0      0   0    0    1    0    0  Q11
   7      -    -    02     OUTPUT               0      0   0    0    1    0    0  Q12
   8      -    -    02     OUTPUT               0      0   0    0    1    0    0  Q13


Code:

s = Synthesized pin or logic cell
t = Turbo logic cell
+ = Synchronous flipflop
/ = Slow slew-rate output
! = NOT gate push-back
r = Fitter-inserted logic cell


Device-Specific Information:                   d:\kpi\kc\example\lab1\lab1.rpt
lab1

** BURIED LOGIC **

                                               Shareable
                                               Expanders     Fan-In    Fan-Out
 IOC     LC   Row  Col  Primitive    Code   Total Shared n/a INP  FBK  OUT  FBK Name
   -      3    B    02        OR2      t        0      0   0    0   11    1    0  |ctr:27|ci2:1|Ci2 (|ctr:27|ci2:1|:4)
   -      4    B    02       DFFE   +  t        1      0   0    5   11    1    1  |ctr:27|qi2:2|Qi1 (|ctr:27|qi2:2|:1)
   -      5    B    02       DFFE   +  t        1      0   0    5   10    1    2  |ctr:27|qi2:3|Qi1 (|ctr:27|qi2:3|:1)
   -      6    B    02       DFFE   +  t        1      0   0    5    9    1    3  |ctr:27|qi2:5|Qi1 (|ctr:27|qi2:5|:1)
   -      7    B    02       DFFE   +  t        1      0   0    5    8    1    4  |ctr:27|qi2:7|Qi1 (|ctr:27|qi2:7|:1)
   -     13    B    02       DFFE   +  t        1      0   0    5    7    1    5  |ctr:27|qi2:9|Qi1 (|ctr:27|qi2:9|:1)
   -     15    B    02       DFFE   +  t        1      0   0    5    6    1    6  |ctr:27|qi2:11|Qi1 (|ctr:27|qi2:11|:1)
   -     11    B    02       DFFE   +  t        1      0   0    5    5    1    7  |ctr:27|qi2:13|Qi1 (|ctr:27|qi2:13|:1)
   -     10    B    02       DFFE   +  t        1      0   0    5    4    1    8  |ctr:27|qi2:15|Qi1 (|ctr:27|qi2:15|:1)
   -      9    B    02       DFFE   +  t        1      0   0    5    3    1    9  |ctr:27|qi2:17|Qi1 (|ctr:27|qi2:17|:1)
   -     11    C    01       DFFE   +  t        0      0   0    5    5    1   10  |ctr:27|qi2:19|Qi1 (|ctr:27|qi2:19|:1)
   -      7    C    01       SOFT    s t        1      0   1    4    4    0    2  |ctr:27|qi2:19|~23~1
   -      8    B    02       SOFT    s t        0      0   0    3    0    0   12  |ctr:27|qi2:19|~23~2
   -      1    C    01       SOFT    s t        0      0   0    0    3    0   11  |ctr:27|qi2:19|~23~3
   -      1    B    02       DFFE   +  t        0      0   0    5    1    1    9  |rg:1|qi1:1|Qi (|rg:1|qi1:1|:20)
   -      8    C    01        OR2    s t        1      0   1    5    2    0    1  |rg:1|qi1:2|~9~1
   -      2    D    03       SOFT    s t        0      0   0    2    0    0    1  |rg:1|qi1:2|~9~2
   -     15    C    01       DFFE   +  t        0      0   0    4    4    1    8  |rg:1|qi1:2|Qi (|rg:1|qi1:2|:20)
   -      9    C    01       DFFE   +  t        0      0   0    5    2    1    6  |rg:1|qi1:3|Qi (|rg:1|qi1:3|:20)
   -     13    C    01       DFFE   +  t        1      0   0    5    1    1    4  |rg:1|qi1:4|Qi (|rg:1|qi1:4|:20)
   -      5    C    01        OR2    s t        1      0   1    4    4    0    2  |sm:2|ci1:1|Ci1~1 (|sm:2|ci1:1|~14~1)
   -      4    C    01        OR2    s t        1      0   1    4    4    0    2  |sm:2|ci1:1|Ci1~2 (|sm:2|ci1:1|~14~2)
   -      3    C    01        XOR    s t !      1      0   1    3    6    0    1  |sm:2|si:2|Si~1 (|sm:2|si:2|~17~1)
   -      1    D    03       SOFT    s t        0      0   0    1    1    0    1  |sm:2|si:2|Si~2 (|sm:2|si:2|~17~2)
   -      2    C    01       SOFT    s t        0      0   0    1    1    0    2  |sm:2|si:3|Si~1 (|sm:2|si:3|~17~1)
   -      2    B    02       SOFT    s t        0      0   0    1    1    0    2  |sm:2|si:3|Si~2 (|sm:2|si:3|~17~2)
   -      6    C    01       SOFT    s t        0      0   0    1    2    0    1  |sm:2|si:3|Si~3 (|sm:2|si:3|~17~3)
   -     10    C    01        XOR      t        1      0   1    3    6    0    1  |sm:2|si:3|Si (|sm:2|si:3|:17)


Code:

s = Synthesized pin or logic cell
t = Turbo logic cell
+ = Synchronous flipflop
/ = Slow slew-rate output
! = NOT gate push-back
r = Fitter-inserted logic cell
p = Packed register


Device-Specific Information:                   d:\kpi\kc\example\lab1\lab1.rpt
lab1

** FASTTRACK INTERCONNECT UTILIZATION **

Row FastTrack Interconnect:

         FastTrack                                 
Row     Interconnect    Input Pins     Output Pins     Bidir Pins
A:       4/ 96(  4%)    0/16(  0%)      4/16( 25%)     0/16(  0%)
B:      16/ 96( 16%)    4/16( 25%)      0/16(  0%)     0/16(  0%)
C:      13/ 96( 13%)    4/16( 25%)      0/16(  0%)     0/16(  0%)
D:       4/ 96(  4%)    0/16(  0%)      2/16( 12%)     0/16(  0%)


Column FastTrack Interconnect:

         FastTrack                                 
Column  Interconnect    Input Pins     Output Pins     Bidir Pins
01:     12/48( 25%)     7/20( 35%)      1/20(  5%)       0/20(  0%)
02:     13/48( 27%)     0/20(  0%)      8/20( 40%)       0/20(  0%)
03:      2/48(  4%)     0/20(  0%)      0/20(  0%)       0/20(  0%)
04:      0/48(  0%)     0/20(  0%)      0/20(  0%)       0/20(  0%)
05:      0/48(  0%)     0/20(  0%)      0/20(  0%)       0/20(  0%)


Device-Specific Information:                   d:\kpi\kc\example\lab1\lab1.rpt
lab1

** EQUATIONS **

C        : INPUT;
D0       : INPUT;
D1       : INPUT;
D2       : INPUT;
D3       : INPUT;
D4       : INPUT;
D5       : INPUT;
D6       : INPUT;
D7       : INPUT;
D8       : INPUT;
D9       : INPUT;
D10      : INPUT;
D11      : INPUT;
D12      : INPUT;
D13      : INPUT;
F0       : INPUT;
F1       : INPUT;
F2       : INPUT;
F3       : INPUT;

-- Node name is 'O' 
-- Equation name is 'O', type is output 
O        =  _LC3_B2;

-- Node name is 'Q0' 
-- Equation name is 'Q0', type is output 
Q0       =  _LC1_B2;

-- Node name is 'Q1' 
-- Equation name is 'Q1', type is output 
Q1       =  _LC15_C1;

-- Node name is 'Q2' 
-- Equation name is 'Q2', type is output 
Q2       =  _LC9_C1;

-- Node name is 'Q3' 
-- Equation name is 'Q3', type is output 
Q3       =  _LC13_C1;

-- Node name is 'Q4' 
-- Equation name is 'Q4', type is output 
Q4       =  _LC11_C1;

-- Node name is 'Q5' 
-- Equation name is 'Q5', type is output 
Q5       =  _LC9_B2;

-- Node name is 'Q6' 
-- Equation name is 'Q6', type is output 
Q6       =  _LC10_B2;

-- Node name is 'Q7' 
-- Equation name is 'Q7', type is output 
Q7       =  _LC11_B2;

-- Node name is 'Q8' 
-- Equation name is 'Q8', type is output 
Q8       =  _LC15_B2;

-- Node name is 'Q9' 
-- Equation name is 'Q9', type is output 
Q9       =  _LC13_B2;

-- Node name is 'Q10' 
-- Equation name is 'Q10', type is output 
Q10      =  _LC7_B2;

-- Node name is 'Q11' 
-- Equation name is 'Q11', type is output 
Q11      =  _LC6_B2;

-- Node name is 'Q12' 
-- Equation name is 'Q12', type is output 
Q12      =  _LC5_B2;

-- Node name is 'Q13' 
-- Equation name is 'Q13', type is output 
Q13      =  _LC4_B2;

-- Node name is '|ctr:27|ci2:1|:4' = '|ctr:27|ci2:1|Ci2' 
-- Equation name is '_LC3_B2', type is buried 
_LC3_B2  = LCELL( _EQ001 $  GND);
  _EQ001 = !_LC1_C1 &  _LC4_B2 &  _LC5_B2 &  _LC6_B2 &  _LC7_B2 &  _LC9_B2 & 
              _LC10_B2 &  _LC11_B2 &  _LC11_C1 &  _LC13_B2 &  _LC15_B2;

-- Node name is '|ctr:27|qi2:2|:1' = '|ctr:27|qi2:2|Qi1' 
-- Equation name is '_LC4_B2', type is buried 
_LC4_B2  = DFFE( _EQ002 $  _EQ003, GLOBAL( C), !_EQ004,  VCC,  VCC);
  _EQ002 =  D13 &  F1 &  F2 &  F3
         # !_LC1_C1 & !_LC4_B2 &  _LC5_B2 &  _LC6_B2 &  _LC7_B2 & !_LC8_B2 & 
              _LC9_B2 &  _LC10_B2 &  _LC11_B2 &  _LC11_C1 &  _LC13_B2 & 
              _LC15_B2;
  _EQ003 =  _LC4_B2 & !_LC8_B2 &  _X001;
  _X001  = EXP(!_LC1_C1 &  _LC5_B2 &  _LC6_B2 &  _LC7_B2 &  _LC9_B2 &  _LC10_B2 & 
              _LC11_B2 &  _LC11_C1 &  _LC13_B2 &  _LC15_B2);
  _EQ004 =  F0 &  F2 &  F3;

-- Node name is '|ctr:27|qi2:3|:1' = '|ctr:27|qi2:3|Qi1' 
-- Equation name is '_LC5_B2', type is buried 
_LC5_B2  = DFFE( _EQ005 $  _EQ006, GLOBAL( C), !_EQ007,  VCC,  VCC);
  _EQ005 =  D12 &  F1 &  F2 &  F3
         # !_LC1_C1 & !_LC5_B2 &  _LC6_B2 &  _LC7_B2 & !_LC8_B2 &  _LC9_B2 & 
              _LC10_B2 &  _LC11_B2 &  _LC11_C1 &  _LC13_B2 &  _LC15_B2;
  _EQ006 =  _LC5_B2 & !_LC8_B2 &  _X002;
  _X002  = EXP(!_LC1_C1 &  _LC6_B2 &  _LC7_B2 &  _LC9_B2 &  _LC10_B2 &  _LC11_B2 & 
              _LC11_C1 &  _LC13_B2 &  _LC15_B2);
  _EQ007 =  F0 &  F2 &  F3;

-- Node name is '|ctr:27|qi2:5|:1' = '|ctr:27|qi2:5|Qi1' 
-- Equation name is '_LC6_B2', type is buried 
_LC6_B2  = DFFE( _EQ008 $  _EQ009, GLOBAL( C), !_EQ010,  VCC,  VCC);
  _EQ008 =  D11 &  F1 &  F2 &  F3
         # !_LC1_C1 & !_LC6_B2 &  _LC7_B2 & !_LC8_B2 &  _LC9_B2 &  _LC10_B2 & 
              _LC11_B2 &  _LC11_C1 &  _LC13_B2 &  _LC15_B2;
  _EQ009 =  _LC6_B2 & !_LC8_B2 &  _X003;
  _X003  = EXP(!_LC1_C1 &  _LC7_B2 &  _LC9_B2 &  _LC10_B2 &  _LC11_B2 &  _LC11_C1 & 
              _LC13_B2 &  _LC15_B2);
  _EQ010 =  F0 &  F2 &  F3;

-- Node name is '|ctr:27|qi2:7|:1' = '|ctr:27|qi2:7|Qi1' 
-- Equation name is '_LC7_B2', type is buried 
_LC7_B2  = DFFE( _EQ011 $  _EQ012, GLOBAL( C), !_EQ013,  VCC,  VCC);
  _EQ011 =  D10 &  F1 &  F2 &  F3
         # !_LC1_C1 & !_LC7_B2 & !_LC8_B2 &  _LC9_B2 &  _LC10_B2 &  _LC11_B2 & 
              _LC11_C1 &  _LC13_B2 &  _LC15_B2;
  _EQ012 =  _LC7_B2 & !_LC8_B2 &  _X004;
  _X004  = EXP(!_LC1_C1 &  _LC9_B2 &  _LC10_B2 &  _LC11_B2 &  _LC11_C1 & 
              _LC13_B2 &  _LC15_B2);
  _EQ013 =  F0 &  F2 &  F3;

-- Node name is '|ctr:27|qi2:9|:1' = '|ctr:27|qi2:9|Qi1' 
-- Equation name is '_LC13_B2', type is buried 
_LC13_B2 = DFFE( _EQ014 $  _EQ015, GLOBAL( C), !_EQ016,  VCC,  VCC);
  _EQ014 =  D9 &  F1 &  F2 &  F3
         # !_LC1_C1 & !_LC8_B2 &  _LC9_B2 &  _LC10_B2 &  _LC11_B2 &  _LC11_C1 & 
             !_LC13_B2 &  _LC15_B2;
  _EQ015 = !_LC8_B2 &  _LC13_B2 &  _X005;
  _X005  = EXP(!_LC1_C1 &  _LC9_B2 &  _LC10_B2 &  _LC11_B2 &  _LC11_C1 & 
              _LC15_B2);
  _EQ016 =  F0 &  F2 &  F3;

-- Node name is '|ctr:27|qi2:11|:1' = '|ctr:27|qi2:11|Qi1' 
-- Equation name is '_LC15_B2', type is buried 
_LC15_B2 = DFFE( _EQ017 $  _EQ018, GLOBAL( C), !_EQ019,  VCC,  VCC);
  _EQ017 =  D8 &  F1 &  F2 &  F3
         # !_LC1_C1 & !_LC8_B2 &  _LC9_B2 &  _LC10_B2 &  _LC11_B2 &  _LC11_C1 & 
             !_LC15_B2;
  _EQ018 = !_LC8_B2 &  _LC15_B2 &  _X006;
  _X006  = EXP(!_LC1_C1 &  _LC9_B2 &  _LC10_B2 &  _LC11_B2 &  _LC11_C1);
  _EQ019 =  F0 &  F2 &  F3;

-- Node name is '|ctr:27|qi2:13|:1' = '|ctr:27|qi2:13|Qi1' 
-- Equation name is '_LC11_B2', type is buried 
_LC11_B2 = DFFE( _EQ020 $  _EQ021, GLOBAL( C), !_EQ022,  VCC,  VCC);
  _EQ020 =  D7 &  F1 &  F2 &  F3
         # !_LC1_C1 & !_LC8_B2 &  _LC9_B2 &  _LC10_B2 & !_LC11_B2 &  _LC11_C1;
  _EQ021 = !_LC8_B2 &  _LC11_B2 &  _X007;
  _X007  = EXP(!_LC1_C1 &  _LC9_B2 &  _LC10_B2 &  _LC11_C1);
  _EQ022 =  F0 &  F2 &  F3;

-- Node name is '|ctr:27|qi2:15|:1' = '|ctr:27|qi2:15|Qi1' 
-- Equation name is '_LC10_B2', type is buried 
_LC10_B2 = DFFE( _EQ023 $  _EQ024, GLOBAL( C), !_EQ025,  VCC,  VCC);
  _EQ023 =  D6 &  F1 &  F2 &  F3
         # !_LC1_C1 & !_LC8_B2 &  _LC9_B2 & !_LC10_B2 &  _LC11_C1;
  _EQ024 = !_LC8_B2 &  _LC10_B2 &  _X008;
  _X008  = EXP(!_LC1_C1 &  _LC9_B2 &  _LC11_C1);
  _EQ025 =  F0 &  F2 &  F3;

-- Node name is '|ctr:27|qi2:17|:1' = '|ctr:27|qi2:17|Qi1' 
-- Equation name is '_LC9_B2', type is buried 
_LC9_B2  = DFFE( _EQ026 $  _EQ027, GLOBAL( C), !_EQ028,  VCC,  VCC);
  _EQ026 =  D5 &  F1 &  F2 &  F3
         # !_LC1_C1 & !_LC8_B2 & !_LC9_B2 &  _LC11_C1;
  _EQ027 = !_LC8_B2 &  _LC9_B2 &  _X009;
  _X009  = EXP(!_LC1_C1 &  _LC11_C1);
  _EQ028 =  F0 &  F2 &  F3;

-- Node name is '|ctr:27|qi2:19|:1' = '|ctr:27|qi2:19|Qi1' 
-- Equation name is '_LC11_C1', type is buried 
_LC11_C1 = DFFE( _EQ029 $  GND, GLOBAL( C), !_EQ030,  VCC,  VCC);
  _EQ029 =  D4 &  F1 &  F2 &  F3
         # !_LC4_C1 & !_LC5_C1 & !_LC7_C1 & !_LC8_B2 &  _LC11_C1
         # !_LC1_C1 & !_LC8_B2 & !_LC11_C1;
  _EQ030 =  F0 &  F2 &  F3;

-- Node name is '|ctr:27|qi2:19|~23~1' 
-- Equation name is '_LC7_C1', type is buried 
-- synthesized logic cell 
_LC7_C1  = LCELL( _EQ031 $  GND);
  _EQ031 =  F0 &  F3 &  _LC1_B2 &  _LC9_C1 &  _LC15_C1
         #  F0 &  F1 &  F2 &  _LC1_B2 &  _LC13_C1
         #  F0 &  F2 &  _LC1_B2 &  _LC13_C1 &  _LC15_C1
         #  F0 &  F1 &  _LC1_B2 &  _LC9_C1 &  _LC13_C1
         #  F0 &  _LC1_B2 &  _LC9_C1 &  _LC13_C1 &  _LC15_C1;

-- Node name is '|ctr:27|qi2:19|~23~2' 
-- Equation name is '_LC8_B2', type is buried 
-- synthesized logic cell 
_LC8_B2  = LCELL( _EQ032 $  GND);
  _EQ032 =  F1 &  F2 &  F3;

-- Node name is '|ctr:27|qi2:19|~23~3' 
-- Equation name is '_LC1_C1', type is buried 
-- synthesized logic cell 
_LC1_C1  = LCELL( _EQ033 $  GND);
  _EQ033 = !_LC4_C1 & !_LC5_C1 & !_LC7_C1;

-- Node name is '|rg:1|qi1:1|:20' = '|rg:1|qi1:1|Qi' 
-- Equation name is '_LC1_B2', type is buried 
_LC1_B2  = DFFE( _EQ034 $  GND, GLOBAL( C), !_EQ035,  VCC,  VCC);
  _EQ034 =  D0 &  F1 &  F2 &  F3
         # !F0 &  _LC1_B2 & !_LC8_B2
         #  F0 & !_LC1_B2 & !_LC8_B2;
  _EQ035 =  F0 &  F2 &  F3;

-- Node name is '|rg:1|qi1:2|:20' = '|rg:1|qi1:2|Qi' 
-- Equation name is '_LC15_C1', type is buried 
_LC15_C1 = DFFE( _EQ036 $  _EQ037, GLOBAL( C), !_EQ038,  VCC,  VCC);
  _EQ036 =  F0 &  F1 & !F3 &  _LC1_B2 &  _LC15_C1
         #  _LC8_C1;
  _EQ037 =  F1 & !_LC2_B2 & !_LC2_D3 & !_LC15_C1;
  _EQ038 =  F0 &  F2 &  F3;

-- Node name is '|rg:1|qi1:2|~9~1' 
-- Equation name is '_LC8_C1', type is buried 
-- synthesized logic cell 
_LC8_C1  = LCELL( _EQ039 $  GND);
  _EQ039 = !F1 & !_LC1_B2 &  _LC15_C1
         # !F0 & !F1 &  _LC15_C1
         #  F0 & !F1 &  _LC1_B2 & !_LC15_C1
         #  F0 &  F1 & !F2 &  _LC1_B2 &  _LC15_C1
         #  D1 &  F1 &  F2 &  F3;

-- Node name is '|rg:1|qi1:2|~9~2' 
-- Equation name is '_LC2_D3', type is buried 
-- synthesized logic cell 
_LC2_D3  = LCELL( _EQ040 $  GND);
  _EQ040 =  F2 &  F3;

-- Node name is '|rg:1|qi1:3|:20' = '|rg:1|qi1:3|Qi' 
-- Equation name is '_LC9_C1', type is buried 
_LC9_C1  = DFFE( _EQ041 $  GND, GLOBAL( C), !_EQ042,  VCC,  VCC);
  _EQ041 = !_LC8_B2 &  _LC10_C1
         #  D2 &  F1 &  F2 &  F3;
  _EQ042 =  F0 &  F2 &  F3;

-- Node name is '|rg:1|qi1:4|:20' = '|rg:1|qi1:4|Qi' 
-- Equation name is '_LC13_C1', type is buried 
_LC13_C1 = DFFE( _EQ043 $  GND, GLOBAL( C), !_EQ044,  VCC,  VCC);
  _EQ043 = !F3 & !_LC3_C1
         #  D3 &  F1 &  F2 &  F3
         #  F3 &  _LC3_C1 &  _X010;
  _X010  = EXP( F1 &  F2);
  _EQ044 =  F0 &  F2 &  F3;

-- Node name is '|sm:2|ci1:1|~14~1' = '|sm:2|ci1:1|Ci1~1' 
-- Equation name is '_LC5_C1', type is buried 
-- synthesized logic cell 
_LC5_C1  = LCELL( _EQ045 $  GND);
  _EQ045 =  F0 &  F1 &  F2 &  F3 &  _LC1_B2
         #  F1 &  F2 &  F3 &  _LC15_C1
         #  F2 &  F3 &  _LC9_C1
         #  F3 &  _LC13_C1
         #  F2 &  _LC9_C1 &  _LC13_C1;

-- Node name is '|sm:2|ci1:1|~14~2' = '|sm:2|ci1:1|Ci1~2' 
-- Equation name is '_LC4_C1', type is buried 
-- synthesized logic cell 
_LC4_C1  = LCELL( _EQ046 $  GND);
  _EQ046 =  F0 &  F2 &  F3 &  _LC1_B2 &  _LC15_C1
         #  F0 &  F1 &  F3 &  _LC1_B2 &  _LC9_C1
         #  F1 &  F3 &  _LC9_C1 &  _LC15_C1
         #  F1 &  F2 &  _LC13_C1 &  _LC15_C1
         #  F1 &  _LC9_C1 &  _LC13_C1 &  _LC15_C1;

-- Node name is '|sm:2|si:2|~17~1' = '|sm:2|si:2|Si~1' 
-- Equation name is '_LC3_C1', type is buried 
-- synthesized logic cell 
!_LC3_C1 = _LC3_C1~NOT;
_LC3_C1~NOT = LCELL( _EQ047 $  _LC13_C1);
  _EQ047 =  F2 &  _LC9_C1
         #  F0 &  _LC1_B2 & !_LC2_C1 &  _LC9_C1
         #  F1 & !_LC1_D3 &  _LC15_C1
         #  F0 &  F2 &  _LC1_B2 & !_LC2_C1;

-- Node name is '|sm:2|si:2|~17~2' = '|sm:2|si:2|Si~2' 
-- Equation name is '_LC1_D3', type is buried 
-- synthesized logic cell 
_LC1_D3  = LCELL( _EQ048 $  GND);
  _EQ048 = !F2 & !_LC9_C1;

-- Node name is '|sm:2|si:3|:17' = '|sm:2|si:3|Si' 
-- Equation name is '_LC10_C1', type is buried 
_LC10_C1 = LCELL( _EQ049 $  F2);
  _EQ049 =  F1 & !_LC9_C1 &  _LC15_C1
         # !F1 & !_LC6_C1 &  _LC9_C1
         #  F0 &  _LC1_B2 & !_LC2_C1 & !_LC9_C1
         # !_LC2_B2 &  _LC9_C1 & !_LC15_C1;

-- Node name is '|sm:2|si:3|~17~1' = '|sm:2|si:3|Si~1' 
-- Equation name is '_LC2_C1', type is buried 
-- synthesized logic cell 
_LC2_C1  = LCELL( _EQ050 $  GND);
  _EQ050 = !F1 & !_LC15_C1;

-- Node name is '|sm:2|si:3|~17~2' = '|sm:2|si:3|Si~2' 
-- Equation name is '_LC2_B2', type is buried 
-- synthesized logic cell 
_LC2_B2  = LCELL( _EQ051 $  GND);
  _EQ051 =  F0 &  _LC1_B2;

-- Node name is '|sm:2|si:3|~17~3' = '|sm:2|si:3|Si~3' 
-- Equation name is '_LC6_C1', type is buried 
-- synthesized logic cell 
_LC6_C1  = LCELL( _EQ052 $  GND);
  _EQ052 =  F0 &  _LC1_B2 &  _LC15_C1;



Project Information                            d:\kpi\kc\example\lab1\lab1.rpt

** COMPILATION SETTINGS & TIMES **

Processing Menu Commands
------------------------

Design Doctor                             = off

Logic Synthesis:

   Synthesis Type Used                    = Multi-Level

   Default Synthesis Style                = NORMAL

      Logic option settings in 'NORMAL' style for 'MAX9000' family

      DECOMPOSE_GATES                     = on
      DUPLICATE_LOGIC_EXTRACTION          = on
      MINIMIZATION                        = full
      MULTI_LEVEL_FACTORING               = on
      NOT_GATE_PUSH_BACK                  = on
      PARALLEL_EXPANDERS                  = off
      REDUCE_LOGIC                        = on
      REFACTORIZATION                     = on
      REGISTER_OPTIMIZATION               = on
      RESYNTHESIZE_NETWORK                = on
      SLOW_SLEW_RATE                      = off
      SOFT_BUFFER_INSERTION               = on
      SUBFACTOR_EXTRACTION                = on
      TURBO_BIT                           = on
      XOR_SYNTHESIS                       = on
      IGNORE_SOFT_BUFFERS                 = off
      USE_LPM_FOR_AHDL_OPERATORS          = off

   Other logic synthesis settings:

      Automatic Global Clock              = on
      Automatic Global Clear              = on
      Automatic Global Preset             = on
      Automatic Global Output Enable      = on
      Automatic Fast I/O                  = off
      Automatic Register Packing          = off
      Automatic Open-Drain Pins           = on
      Automatic Implement in EAB          = off
      One-Hot State Machine Encoding      = off
      Optimize                            = 5

Default Timing Specifications: None

Cut All Bidir Feedback Timing Paths       = on
Cut All Clear & Preset Timing Paths       = on

Ignore Timing Assignments                 = off

Functional SNF Extractor                  = off

Linked SNF Extractor                      = off
Timing SNF Extractor                      = on
Optimize Timing SNF                       = off
Generate AHDL TDO File                    = off
Fitter Settings                           = NORMAL
Smart Recompile                           = off
Total Recompile                           = off

Interfaces Menu Commands
------------------------

EDIF Netlist Writer                       = off
Verilog Netlist Writer                    = off
VHDL Netlist Writer                       = off

Compilation Times
-----------------

   Compiler Netlist Extractor             00:00:00
   Database Builder                       00:00:00
   Logic Synthesizer                      00:00:02
   Partitioner                            00:00:00
   Fitter                                 00:00:00
   Timing SNF Extractor                   00:00:00
   Assembler                              00:00:02
   --------------------------             --------
   Total Time                             00:00:04


Memory Allocated
-----------------

Peak memory allocated during compilation  = 5,965K
