D:\PROJECTS\C++\SYSPROGRAMMING\SYSPROGRAMMING\SYSPROGRAMMING\DEBUG\MAIN.OBJ
D:\PROJECTS\C++\SYSPROGRAMMING\SYSPROGRAMMING\SYSPROGRAMMING\DEBUG\VC100.PDB
D:\PROJECTS\C++\SYSPROGRAMMING\SYSPROGRAMMING\SYSPROGRAMMING\DEBUG\MEM_ALLOC.OBJ
C:\USERS\SERHIY\DESKTOP\СП\SYSPROGRAMMING\SYSPROGRAMMING\DEBUG\MAIN.OBJ
C:\USERS\SERHIY\DESKTOP\СП\SYSPROGRAMMING\SYSPROGRAMMING\DEBUG\MEM_ALLOC.OBJ
C:\USERS\SERHIY\DESKTOP\СП\SYSPROGRAMMING\SYSPROGRAMMING\DEBUG\VC110.PDB
D:\PROJECTS\C++\SYSPROGRAMMING\SYSPROGRAMMING\DEBUG\SYSPROGLAB1.ILK
D:\PROJECTS\C++\SYSPROGRAMMING\SYSPROGRAMMING\DEBUG\SYSPROGLAB1.EXE
D:\PROJECTS\C++\SYSPROGRAMMING\SYSPROGRAMMING\SYSPROGRAMMING\DEBUG\SYSPROGLAB1.EXE.INTERMEDIATE.MANIFEST
D:\PROJECTS\C++\SYSPROGRAMMING\SYSPROGRAMMING\DEBUG\SYSPROGLAB1.PDB
D:\PROJECTS\C++\SYSPROGRAMMING\SYSPROGRAMMING\SYSPROGRAMMING\DEBUG\SYSPROGLAB1.EXE.EMBED.MANIFEST
D:\PROJECTS\C++\SYSPROGRAMMING\SYSPROGRAMMING\SYSPROGRAMMING\DEBUG\SYSPROGLAB1.EXE.EMBED.MANIFEST.RES
C:\Users\Serhiy\Desktop\СП\SysProgramming\SysProgramming\Debug\main.obj
C:\Users\Serhiy\Desktop\СП\SysProgramming\SysProgramming\Debug\mem_alloc.obj
C:\Users\Serhiy\Desktop\СП\SysProgramming\SysProgramming\Debug\cl.command.1.tlog
C:\Users\Serhiy\Desktop\СП\SysProgramming\SysProgramming\Debug\CL.read.1.tlog
C:\Users\Serhiy\Desktop\СП\SysProgramming\SysProgramming\Debug\CL.write.1.tlog
C:\Users\Serhiy\Desktop\СП\SysProgramming\SysProgramming\Debug\link-cvtres.read.1.tlog
C:\Users\Serhiy\Desktop\СП\SysProgramming\SysProgramming\Debug\link-cvtres.write.1.tlog
C:\Users\Serhiy\Desktop\СП\SysProgramming\SysProgramming\Debug\link-rc.read.1.tlog
C:\Users\Serhiy\Desktop\СП\SysProgramming\SysProgramming\Debug\link-rc.write.1.tlog
C:\Users\Serhiy\Desktop\СП\SysProgramming\SysProgramming\Debug\link.1852-cvtres.read.1.tlog
C:\Users\Serhiy\Desktop\СП\SysProgramming\SysProgramming\Debug\link.1852-cvtres.write.1.tlog
C:\Users\Serhiy\Desktop\СП\SysProgramming\SysProgramming\Debug\link.1852.read.1.tlog
C:\Users\Serhiy\Desktop\СП\SysProgramming\SysProgramming\Debug\link.1852.write.1.tlog
C:\Users\Serhiy\Desktop\СП\SysProgramming\SysProgramming\Debug\link.4332-cvtres.read.1.tlog
C:\Users\Serhiy\Desktop\СП\SysProgramming\SysProgramming\Debug\link.4332-cvtres.write.1.tlog
C:\Users\Serhiy\Desktop\СП\SysProgramming\SysProgramming\Debug\link.4332.read.1.tlog
C:\Users\Serhiy\Desktop\СП\SysProgramming\SysProgramming\Debug\link.4332.write.1.tlog
C:\Users\Serhiy\Desktop\СП\SysProgramming\SysProgramming\Debug\link.command.1.tlog
C:\Users\Serhiy\Desktop\СП\SysProgramming\SysProgramming\Debug\link.read.1.tlog
C:\Users\Serhiy\Desktop\СП\SysProgramming\SysProgramming\Debug\link.write.1.tlog
C:\Users\Serhiy\Desktop\СП\SysProgramming\SysProgramming\Debug\mt.command.1.tlog
C:\Users\Serhiy\Desktop\СП\SysProgramming\SysProgramming\Debug\mt.read.1.tlog
C:\Users\Serhiy\Desktop\СП\SysProgramming\SysProgramming\Debug\mt.write.1.tlog
C:\Users\Serhiy\Desktop\СП\SysProgramming\SysProgramming\Debug\rc.command.1.tlog
C:\Users\Serhiy\Desktop\СП\SysProgramming\SysProgramming\Debug\rc.read.1.tlog
C:\Users\Serhiy\Desktop\СП\SysProgramming\SysProgramming\Debug\rc.write.1.tlog
C:\Users\Serhiy\Desktop\СП\SysProgramming\SysProgramming\Debug\SysProgLab1.exe.embed.manifest
C:\Users\Serhiy\Desktop\СП\SysProgramming\SysProgramming\Debug\SysProgLab1.exe.intermediate.manifest
C:\Users\Serhiy\Desktop\СП\SysProgramming\SysProgramming\Debug\SysProgLab1.exe.embed.manifest.res
C:\Users\Serhiy\Desktop\СП\SysProgramming\SysProgramming\Debug\vc100.idb
C:\Users\Serhiy\Desktop\СП\SysProgramming\SysProgramming\Debug\vc110.idb
C:\Users\Serhiy\Desktop\СП\SysProgramming\SysProgramming\Debug\vc100.pdb
C:\Users\Serhiy\Desktop\СП\SysProgramming\SysProgramming\Debug\vc110.pdb
C:\Users\Serhiy\Desktop\СП\SysProgramming\SysProgramming\Debug\SysProgLab1_manifest.rc
C:\Users\Serhiy\Desktop\СП\SysProgramming\Debug\SysProgLab1.pdb
