Build started 03.06.2015 19:16:14.
     1>Project "D:\KPI\II\СП\lab5\lab5\lab5.vcxproj" on node 2 (Rebuild target(s)).
     1>_MASM:
         Assembling ..\..\..\..\..\masm32\modules\module.asm...
         cmd.exe /C "C:\Users\Настя\AppData\Local\Temp\tmp5b316d88fa1d4e1692385fe8c00440d9.cmd"
         ml.exe /c /nologo /Zi /Fo"Debug\module.obj" /W3 /errorReport:prompt  /Ta..\..\..\..\..\masm32\modules\module.asm
       _MASM:
         Assembling longpop.asm...
         cmd.exe /C "C:\Users\Настя\AppData\Local\Temp\tmp8f71c8a959d44fe28b33291876569e68.cmd"
         ml.exe /c /nologo /Zi /Fo"Debug\longpop.obj" /W3 /errorReport:prompt  /Talongpop.asm
       _MASM:
         Assembling main5.asm...
         cmd.exe /C "C:\Users\Настя\AppData\Local\Temp\tmp1cb69e871ec14697bc2c2d02cdc6fe15.cmd"
         ml.exe /c /nologo /Zi /Fo"Debug\main5.obj" /W3 /errorReport:prompt  /Tamain5.asm
       Link:
         C:\Program Files (x86)\Microsoft Visual Studio 12.0\VC\bin\link.exe /ERRORREPORT:PROMPT /OUT:"D:\KPI\II\СП\lab5\Debug\lab5.exe" /INCREMENTAL /NOLOGO kernel32.lib user32.lib gdi32.lib winspool.lib comdlg32.lib advapi32.lib shell32.lib ole32.lib oleaut32.lib uuid.lib odbc32.lib odbccp32.lib /MANIFEST /MANIFESTUAC:"level='asInvoker' uiAccess='false'" /manifest:embed /DEBUG /PDB:"D:\KPI\II\СП\lab5\Debug\lab5.pdb" /SUBSYSTEM:WINDOWS /TLBID:1 /ENTRY:"main" /DYNAMICBASE /NXCOMPAT /IMPLIB:"D:\KPI\II\СП\lab5\Debug\lab5.lib" /MACHINE:X86 Debug\module.obj
         Debug\longpop.obj
         Debug\main5.obj
         lab5.vcxproj -> D:\KPI\II\СП\lab5\Debug\lab5.exe
     1>Done Building Project "D:\KPI\II\СП\lab5\lab5\lab5.vcxproj" (Rebuild target(s)).

Build succeeded.

Time Elapsed 00:00:03.26
