Build started 18.10.2011 20:25:15.
     1>Project "G:\KPI-edu\3 kurs\PRO\Lab6\Lab6\Lab6\Lab6.vcxproj" on node 2 (build target(s)).
     1>InitializeBuildStatus:
         Creating "Debug\Lab6.unsuccessfulbuild" because "AlwaysCreate" was specified.
       ClCompile:
         C:\Program Files\Microsoft Visual Studio 10.0\VC\bin\CL.exe /c /ZI /nologo /W3 /WX- /Od /Oy- /D WIN32 /D _DEBUG /D _CONSOLE /D _UNICODE /D UNICODE /Gm /EHsc /RTC1 /MDd /GS /fp:precise /Zc:wchar_t /Zc:forScope /openmp /Fo"Debug\\" /Fd"Debug\vc100.pdb" /Gd /TP /analyze- /errorReport:prompt Lab6.cpp
         Lab6.cpp
       ManifestResourceCompile:
         All outputs are up-to-date.
       Link:
         C:\Program Files\Microsoft Visual Studio 10.0\VC\bin\link.exe /ERRORREPORT:PROMPT /OUT:"G:\KPI-edu\3 kurs\PRO\Lab6\Lab6\Debug\Lab6.exe" /INCREMENTAL /NOLOGO kernel32.lib user32.lib gdi32.lib winspool.lib comdlg32.lib advapi32.lib shell32.lib ole32.lib oleaut32.lib uuid.lib odbc32.lib odbccp32.lib /MANIFEST /ManifestFile:"Debug\Lab6.exe.intermediate.manifest" /MANIFESTUAC:"level='asInvoker' uiAccess='false'" /DEBUG /PDB:"G:\KPI-edu\3 kurs\PRO\Lab6\Lab6\Debug\Lab6.pdb" /SUBSYSTEM:CONSOLE /STACK:"400000000","400000000" /TLBID:1 /DYNAMICBASE /NXCOMPAT /IMPLIB:"G:\KPI-edu\3 kurs\PRO\Lab6\Lab6\Debug\Lab6.lib" /MACHINE:X86 Debug\Lab6.exe.embed.manifest.res
         Debug\Lab6.obj
       Manifest:
         C:\Program Files\Microsoft SDKs\Windows\v7.0A\bin\mt.exe /nologo /verbose /out:"Debug\Lab6.exe.embed.manifest" /manifest Debug\Lab6.exe.intermediate.manifest
         All outputs are up-to-date.
       LinkEmbedManifest:
         All outputs are up-to-date.
         Lab6.vcxproj -> G:\KPI-edu\3 kurs\PRO\Lab6\Lab6\Debug\Lab6.exe
       FinalizeBuildStatus:
         Deleting file "Debug\Lab6.unsuccessfulbuild".
         Touching "Debug\Lab6.lastbuildstate".
     1>Done Building Project "G:\KPI-edu\3 kurs\PRO\Lab6\Lab6\Lab6\Lab6.vcxproj" (build target(s)).

Build succeeded.

Time Elapsed 00:00:08.05
