Project Information                                     c:\kslabs\lab5\mux.rpt

MAX+plus II Compiler Report File
Version 10.0 RC2 9/14/2000
Compiled: 11/20/2009 00:11:10

Copyright (C) 1988-2000 Altera Corporation
Any megafunction design, and related net list (encrypted or decrypted),
support information, device programming or simulation file, and any other
associated documentation or information provided by Altera or a partner
under Altera's Megafunction Partnership Program may be used only to
program PLD devices (but not masked PLD devices) from Altera.  Any other
use of such megafunction design, net list, support information, device
programming or simulation file, or any other related documentation or
information is prohibited for any other purpose, including, but not
limited to modification, reverse engineering, de-compiling, or use with
any other silicon devices, unless such use is explicitly licensed under
a separate agreement with Altera or a megafunction partner.  Title to
the intellectual property, including patents, copyrights, trademarks,
trade secrets, or maskworks, embodied in any such megafunction design,
net list, support information, device programming or simulation file, or
any other related documentation or information provided by Altera or a
megafunction partner, remains with Altera, the megafunction partner, or
their respective licensors.  No other licenses, including any licenses
needed under any third party's intellectual property, are provided herein.



***** Project compilation was successful




** DEVICE SUMMARY **

Chip/                     Input   Output   Bidir 			    LCs
POF       Device          Pins    Pins     Pins      LCs    % Utilized

mux       EPF6010ATC100-1  25       24       0       24          2  %

User Pins:                 25       24       0  



Project Information                                     c:\kslabs\lab5\mux.rpt

** PROJECT COMPILATION MESSAGES **

Warning: No superset bus at connection -- "DD[00..23]"
Warning: No superset bus at connection -- "DD[00..23]"
Warning: No superset bus at connection -- "DD[00..23]"
Warning: No superset bus at connection -- "DD[00..23]"
Warning: No superset bus at connection -- "DD[00..23]"
Warning: No superset bus at connection -- "DD[00..23]"
Warning: No superset bus at connection -- "DD[00..23]"
Warning: No superset bus at connection -- "DD[00..23]"
Warning: No superset bus at connection -- "DD[00..23]"
Warning: No superset bus at connection -- "DD[00..23]"
Warning: No superset bus at connection -- "DD[00..23]"
Warning: No superset bus at connection -- "DD[00..23]"
Warning: No superset bus at connection -- "DD[00..23]"
Warning: No superset bus at connection -- "DD[00..23]"
Warning: No superset bus at connection -- "DD[00..23]"
Warning: No superset bus at connection -- "DD[00..23]"
Warning: No superset bus at connection -- "DD[00..23]"
Warning: No superset bus at connection -- "DD[00..23]"
Warning: No superset bus at connection -- "DD[00..23]"
Warning: No superset bus at connection -- "DD[00..23]"
Warning: No superset bus at connection -- "DD[00..23]"
Warning: No superset bus at connection -- "DD[00..23]"
Warning: No superset bus at connection -- "DD[00..23]"
Warning: No superset bus at connection -- "DD[00..23]"
Warning: No superset bus at connection -- "DD[00..23]"
Warning: No superset bus at connection -- "DD[00..23]"
Warning: No superset bus at connection -- "DD[00..23]"
Warning: No superset bus at connection -- "DD[00..23]"
Warning: No superset bus at connection -- "DD[00..23]"
Warning: No superset bus at connection -- "DD[00..23]"
Warning: No superset bus at connection -- "DD[00..23]"
Warning: No superset bus at connection -- "DD[00..23]"
Warning: No superset bus at connection -- "DD[00..23]"
Warning: No superset bus at connection -- "DD[00..23]"
Warning: No superset bus at connection -- "DD[00..23]"
Warning: No superset bus at connection -- "DD[00..23]"
Warning: No superset bus at connection -- "DD[00..23]"
Warning: No superset bus at connection -- "DD[00..23]"
Warning: No superset bus at connection -- "DD[00..23]"
Warning: No superset bus at connection -- "DD[00..23]"
Warning: No superset bus at connection -- "DD[00..23]"
Warning: No superset bus at connection -- "DD[00..23]"
Warning: No superset bus at connection -- "DD[00..23]"
Warning: No superset bus at connection -- "DD[00..23]"
Warning: No superset bus at connection -- "DD[00..23]"
Warning: No superset bus at connection -- "DD[00..23]"
Warning: No superset bus at connection -- "DD[00..23]"
Warning: No superset bus at connection -- "DD[00..23]"
Warning: No superset bus at connection -- "DD[00..23]"


Project Information                                     c:\kslabs\lab5\mux.rpt

** FILE HIERARCHY **



|muxi:1|
|muxi:31|
|muxi:30|
|muxi:29|
|muxi:28|
|muxi:27|
|muxi:26|
|muxi:25|
|muxi:24|
|muxi:23|
|muxi:22|
|muxi:21|
|muxi:20|
|muxi:19|
|muxi:18|
|muxi:17|
|muxi:16|
|muxi:15|
|muxi:14|
|muxi:13|
|muxi:12|
|muxi:11|
|muxi:10|
|muxi:4|


Device-Specific Information:                            c:\kslabs\lab5\mux.rpt
mux

***** Logic for device 'mux' compiled without errors.




Device: EPF6010ATC100-1

FLEX 6000 Configuration Scheme: Passive Serial

Device Options:
    User-Supplied Start-Up Clock               = OFF
    Auto-Restart Configuration on Frame Error  = OFF
    Release Clears Before Tri-States           = OFF
    Enable Chip_Wide Reset                     = OFF
    Enable Chip-Wide Output Enable             = OFF
    Enable INIT_DONE Output                    = OFF
    Enable JTAG Support                        = OFF

                                                                   
                                                                   
                                                                   
                                                                   
                                            ^                      
                                      ^     D                      
                D D D D D D D D D     D     A                 D D  
                D D D D D D D D D D D C V G T D D D D D D D D D D  
                1 0 1 0 0 0 0 0 1 0 1 L C N A 0 0 0 0 0 0 0 0 1 1  
                4 0 2 1 5 6 7 9 0 9 0 K C D 0 2 3 4 5 1 6 7 8 8 9  
              ----------------------------------------------------_ 
             / 100  98  96  94  92  90  88  86  84  82  80  78  76   |_ 
            /     99  97  95  93  91  89  87  85  83  81  79  77    | 
      DD15 |  1                                                    75 | DD20 
      DD16 |  2                                                    74 | DD21 
      N.C. |  3                                                    73 | DD22 
      ^nCE |  4                                                    72 | ^CONF_DONE 
       GND |  5                                                    71 | VCC 
       VCC |  6                                                    70 | GND 
      N.C. |  7                                                    69 | RESERVED 
  RESERVED |  8                                                    68 | N.C. 
  RESERVED |  9                                                    67 | RESERVED 
  RESERVED | 10                                                    66 | RESERVED 
  RESERVED | 11                                                    65 | RESERVED 
      DD23 | 12                                                    64 | RESERVED 
      DD13 | 13                  EPF6010ATC100-1                   63 | DI 
  RESERVED | 14                                                    62 | DD17 
  RESERVED | 15                                                    61 | RESERVED 
  RESERVED | 16                                                    60 | RESERVED 
  RESERVED | 17                                                    59 | RESERVED 
  RESERVED | 18                                                    58 | RESERVED 
      N.C. | 19                                                    57 | RESERVED 
       GND | 20                                                    56 | N.C. 
       VCC | 21                                                    55 | N.C. 
     ^MSEL | 22                                                    54 | VCC 
  RESERVED | 23                                                    53 | GND 
       D20 | 24                                                    52 | N.C. 
       D11 | 25                                                    51 | &D14 
           |      27  29  31  33  35  37  39  41  43  45  47  49  _| 
            \   26  28  30  32  34  36  38  40  42  44  46  48  50   | 
             \----------------------------------------------------- 
                D D D D D D D D D D ^ G V ^ D R R R D D R D R D D  
                1 2 2 D D D 1 D D 1 n N C n 1 E E E 2 0 E 1 E 1 1  
                2 2 1 0 0 0 7 0 1 8 C D C S 9 S S S 3 0 S 3 S 5 6  
                      2 4 3   8 1   O     T   E E E     E   E      
                                    N     A   R R R     R   R      
                                    F     T   V V V     V   V      
                                    I     U   E E E     E   E      
                                    G     S   D D D     D   D      
                                                                   
                                                                   


N.C. = No Connect. This pin has no internal connection to the device.
VCC = Dedicated power pin, which MUST be connected to VCC.
GND = Dedicated ground pin or unused dedicated input, which MUST be connected to GND.
RESERVED = Unused I/O pin, which MUST be left unconnected.

^ = Dedicated configuration pin.
+ = Reserved configuration pin, which is tri-stated during user mode.
* = Reserved configuration pin, which drives out in user mode.
PDn = Power Down pin. 
@ = Special-purpose pin. 
# = JTAG Boundary-Scan Testing/In-System Programming or Configuration Pin. The JTAG inputs TMS and TDI should be tied to VCC and TCK should be tied to GND when not in use.
& = JTAG pin used for I/O. When used as user I/O, JTAG pins must be kept stable before and during configuration.  JTAG pin stability prevents accidental loading of JTAG instructions.


Device-Specific Information:                            c:\kslabs\lab5\mux.rpt
mux

** RESOURCE USAGE **

Logic                Column       Row                                   
Array                Interconnect Interconnect                  Sync.   Sync.   Left External  Right External  Borrowed LC1
Block   Logic Cells  Driven       Driven       Clocks  Clears   Clear   Load    Interconnect   Interconnect    Inputs
A1       4/10( 40%)   4/10( 40%)   0/10(  0%)    0/2    0/2      0/1     0/1      3/22( 13%)    2/22(  9%)      0/4
A2       1/10( 10%)   1/10( 10%)   0/10(  0%)    0/2    0/2      0/1     0/1      1/22(  4%)    1/22(  4%)      0/4
A3       4/10( 40%)   0/10(  0%)   0/10(  0%)    0/2    0/2      0/1     0/1      4/22( 18%)    1/22(  4%)      0/4
A4       1/10( 10%)   1/10( 10%)   0/10(  0%)    0/2    0/2      0/1     0/1      1/22(  4%)    1/22(  4%)      0/4
A5       4/10( 40%)   1/10( 10%)   0/10(  0%)    0/2    0/2      0/1     0/1      4/22( 18%)    1/22(  4%)      0/4
A6       1/10( 10%)   1/10( 10%)   0/10(  0%)    0/2    0/2      0/1     0/1      1/22(  4%)    1/22(  4%)      0/4
A7       2/10( 20%)   2/10( 20%)   0/10(  0%)    0/2    0/2      0/1     0/1      2/22(  9%)    1/22(  4%)      0/4
A8       2/10( 20%)   1/10( 10%)   0/10(  0%)    0/2    0/2      0/1     0/1      2/22(  9%)    1/22(  4%)      0/4
A9       2/10( 20%)   0/10(  0%)   0/10(  0%)    0/2    0/2      0/1     0/1      2/22(  9%)    1/22(  4%)      0/4
A10      1/10( 10%)   1/10( 10%)   0/10(  0%)    0/2    0/2      0/1     0/1      1/22(  4%)    1/22(  4%)      0/4
A11      2/10( 20%)   2/10( 20%)   0/10(  0%)    0/2    0/2      0/1     0/1      2/22(  9%)    1/22(  4%)      0/4


Total dedicated input pins used:                 4/4      (100%)
Total I/O pins used:                            45/67     ( 67%)
Total logic cells used:                         24/880    (  2%)
Average fan-in:                                 2.00/4    ( 50%)
Total fan-in:                                  48/3520    (  1%)

Total input pins required:                      25
Total output pins required:                     24
Total bidirectional pins required:               0
Total reserved pins required                     0
Total logic cells required:                     24
Total flipflops required:                        0
Total packed registers required:                 0
Total logic cells in carry chains:               0
Total number of carry chains:                    0
Total logic cells in cascade chains:             0
Total number of cascade chains:                  0

Synthesized logic cells:                         0/ 880   (  0%)

Logic Cell Counts

Column:  01  02  03  04  05  06  07  08  09  10  11  12  13  14  15  16  17  18  19  20  21  22  Total
 A:      4   1   4   1   4   1   2   2   2   1   2   0   0   0   0   0   0   0   0   0   0   0     24
 B:      0   0   0   0   0   0   0   0   0   0   0   0   0   0   0   0   0   0   0   0   0   0      0
 C:      0   0   0   0   0   0   0   0   0   0   0   0   0   0   0   0   0   0   0   0   0   0      0
 D:      0   0   0   0   0   0   0   0   0   0   0   0   0   0   0   0   0   0   0   0   0   0      0

Total:   4   1   4   1   4   1   2   2   2   1   2   0   0   0   0   0   0   0   0   0   0   0     24



Device-Specific Information:                            c:\kslabs\lab5\mux.rpt
mux

** INPUTS **

                                               Fan-In    Fan-Out
 Pin     LC   Row  Col  Primitive    Code      INP  FBK  OUT  FBK  Name
  99      -    A    --      INPUT               0    0    0    1  DD00
  97      -    -    02      INPUT               0    0    0    1  DD01
  29      -    -    02      INPUT               0    0    0    1  DD02
  31      -    -    05      INPUT               0    0    0    1  DD03
  30      -    -    03      INPUT               0    0    0    1  DD04
  96      -    -    04      INPUT               0    0    0    1  DD05
  95      -    -    05      INPUT               0    0    0    1  DD06
  94      -    -    07      INPUT               0    0    0    1  DD07
  33      -    -    07      INPUT               0    0    0    1  DD08
  93      -    -    08      INPUT               0    0    0    1  DD09
  92      -    -    09      INPUT               0    0    0    1  DD10
  34      -    -    09      INPUT               0    0    0    1  DD11
  98      -    -    01      INPUT               0    0    0    1  DD12
  13      -    -    --      INPUT               0    0    0    1  DD13
 100      -    A    --      INPUT               0    0    0    1  DD14
   1      -    A    --      INPUT               0    0    0    1  DD15
   2      -    A    --      INPUT               0    0    0    1  DD16
  62      -    -    --      INPUT               0    0    0    1  DD17
  77      -    A    --      INPUT               0    0    0    1  DD18
  76      -    A    --      INPUT               0    0    0    1  DD19
  75      -    A    --      INPUT               0    0    0    1  DD20
  74      -    A    --      INPUT               0    0    0    1  DD21
  73      -    A    --      INPUT               0    0    0    1  DD22
  12      -    -    --      INPUT               0    0    0    1  DD23
  63      -    -    --      INPUT               0    0    0   24  DI


Code:

s = Synthesized pin or logic cell
+ = Synchronous flipflop
/ = Slow slew-rate output
! = NOT gate push-back
r = Fitter-inserted logic cell
^ = Increased input delay
$ = Driven by fast output logic cell


Device-Specific Information:                            c:\kslabs\lab5\mux.rpt
mux

** OUTPUTS **

       Fed By                                  Fan-In    Fan-Out
 Pin     LC   Row  Col  Primitive    Code      INP  FBK  OUT  FBK  Name
  45      -    -    18     OUTPUT               0    1    0    0  D00
  81      -    -    18     OUTPUT               0    1    0    0  D01
  85      -    -    13     OUTPUT               0    1    0    0  D02
  84      -    -    14     OUTPUT               0    1    0    0  D03
  83      -    -    16     OUTPUT               0    1    0    0  D04
  82      -    -    17     OUTPUT               0    1    0    0  D05
  80      -    -    19     OUTPUT               0    1    0    0  D06
  79      -    -    20     OUTPUT               0    1    0    0  D07
  78      -    -    21     OUTPUT               0    1    0    0  D08
  91      -    -    10     OUTPUT               0    1    0    0  D09
  90      -    -    11     OUTPUT               0    1    0    0  D10
  25      -    D    --     OUTPUT               0    1    0    0  D11
  26      -    D    --     OUTPUT               0    1    0    0  D12
  47      -    -    21     OUTPUT               0    1    0    0  D13
  51      -    D    --     OUTPUT               0    1    0    0  D14
  49      -    D    --     OUTPUT               0    1    0    0  D15
  50      -    D    --     OUTPUT               0    1    0    0  D16
  32      -    -    06     OUTPUT               0    1    0    0  D17
  35      -    -    10     OUTPUT               0    1    0    0  D18
  40      -    -    12     OUTPUT               0    1    0    0  D19
  24      -    D    --     OUTPUT               0    1    0    0  D20
  28      -    D    --     OUTPUT               0    1    0    0  D21
  27      -    D    --     OUTPUT               0    1    0    0  D22
  44      -    -    17     OUTPUT               0    1    0    0  D23


Code:

s = Synthesized pin or logic cell
+ = Synchronous flipflop
/ = Slow slew-rate output
! = NOT gate push-back
r = Fitter-inserted logic cell
^ = Increased input delay
$ = Driven by fast output logic cell


Device-Specific Information:                            c:\kslabs\lab5\mux.rpt
mux

** BURIED LOGIC **

                                               Fan-In    Fan-Out
 IOC     LC   Row  Col  Primitive    Code      INP  FBK  OUT  FBK  Name
   -      2    A    07       AND2              2    0    1    0  |muxi:1|D (|muxi:1|:8)
   -      2    A    09       AND2              2    0    1    0  |muxi:4|D (|muxi:4|:8)
   -      4    A    03       AND2              2    0    1    0  |muxi:10|D (|muxi:10|:8)
   -      3    A    03       AND2              2    0    1    0  |muxi:11|D (|muxi:11|:8)
   -      1    A    03       AND2              2    0    1    0  |muxi:12|D (|muxi:12|:8)
   -      2    A    03       AND2              2    0    1    0  |muxi:13|D (|muxi:13|:8)
   -      1    A    08       AND2              2    0    1    0  |muxi:14|D (|muxi:14|:8)
   -      1    A    09       AND2              2    0    1    0  |muxi:15|D (|muxi:15|:8)
   -      3    A    05       AND2              2    0    1    0  |muxi:16|D (|muxi:16|:8)
   -      1    A    05       AND2              2    0    1    0  |muxi:17|D (|muxi:17|:8)
   -      2    A    05       AND2              2    0    1    0  |muxi:18|D (|muxi:18|:8)
   -      2    A    06       AND2              2    0    1    0  |muxi:19|D (|muxi:19|:8)
   -      2    A    02       AND2              2    0    1    0  |muxi:20|D (|muxi:20|:8)
   -      4    A    01       AND2              2    0    1    0  |muxi:21|D (|muxi:21|:8)
   -      3    A    01       AND2              2    0    1    0  |muxi:22|D (|muxi:22|:8)
   -      2    A    01       AND2              2    0    1    0  |muxi:23|D (|muxi:23|:8)
   -      1    A    01       AND2              2    0    1    0  |muxi:24|D (|muxi:24|:8)
   -      1    A    11       AND2              2    0    1    0  |muxi:25|D (|muxi:25|:8)
   -      1    A    07       AND2              2    0    1    0  |muxi:26|D (|muxi:26|:8)
   -      2    A    04       AND2              2    0    1    0  |muxi:27|D (|muxi:27|:8)
   -      2    A    10       AND2              2    0    1    0  |muxi:28|D (|muxi:28|:8)
   -      2    A    11       AND2              2    0    1    0  |muxi:29|D (|muxi:29|:8)
   -      2    A    08       AND2              2    0    1    0  |muxi:30|D (|muxi:30|:8)
   -      4    A    05       AND2              2    0    1    0  |muxi:31|D (|muxi:31|:8)


Code:

s = Synthesized pin or logic cell
+ = Synchronous flipflop
/ = Slow slew-rate output
! = NOT gate push-back
r = Fitter-inserted logic cell
^ = Increased input delay
$ = Driven by fast output logic cell
p = Packed register


Device-Specific Information:                            c:\kslabs\lab5\mux.rpt
mux

** FASTTRACK INTERCONNECT UTILIZATION **

Row FastTrack Interconnect:

          Global         Left Half-      Right Half-
         FastTrack       FastTrack       FastTrack 
Row     Interconnect    Interconnect    Interconnect    Input Pins     Output Pins     Bidir Pins
A:      13/ 96( 13%)    18/ 48( 37%)     0/ 48(  0%)    9/20( 45%)      0/20(  0%)     0/20(  0%)
B:       0/ 96(  0%)     0/ 48(  0%)     0/ 48(  0%)    0/20(  0%)      0/20(  0%)     0/20(  0%)
C:       0/ 96(  0%)     0/ 48(  0%)     0/ 48(  0%)    0/20(  0%)      0/20(  0%)     0/20(  0%)
D:       6/ 96(  6%)     8/ 48( 16%)     0/ 48(  0%)    0/20(  0%)      8/20( 40%)     0/20(  0%)


Column FastTrack Interconnect:

         FastTrack                                 
Column  Interconnect    Input Pins     Output Pins     Bidir Pins
01:      5/20( 25%)     1/4( 25%)      0/4(  0%)       0/4(  0%)
02:      3/20( 15%)     2/4( 50%)      0/4(  0%)       0/4(  0%)
03:      1/20(  5%)     1/4( 25%)      0/4(  0%)       0/4(  0%)
04:      2/20( 10%)     1/4( 25%)      0/4(  0%)       0/4(  0%)
05:      3/20( 15%)     2/4( 50%)      0/4(  0%)       0/4(  0%)
06:      1/20(  5%)     0/4(  0%)      1/4( 25%)       0/4(  0%)
07:      4/20( 20%)     2/4( 50%)      0/4(  0%)       0/4(  0%)
08:      2/20( 10%)     1/4( 25%)      0/4(  0%)       0/4(  0%)
09:      2/20( 10%)     2/4( 50%)      0/4(  0%)       0/4(  0%)
10:      1/20(  5%)     0/4(  0%)      2/4( 50%)       0/4(  0%)
11:      2/20( 10%)     0/4(  0%)      1/4( 25%)       0/4(  0%)
12:      0/20(  0%)     0/4(  0%)      1/4( 25%)       0/4(  0%)
13:      0/20(  0%)     0/4(  0%)      1/4( 25%)       0/4(  0%)
14:      0/20(  0%)     0/4(  0%)      1/4( 25%)       0/4(  0%)
15:      0/20(  0%)     0/4(  0%)      0/4(  0%)       0/4(  0%)
16:      0/20(  0%)     0/4(  0%)      1/4( 25%)       0/4(  0%)
17:      0/20(  0%)     0/4(  0%)      2/4( 50%)       0/4(  0%)
18:      0/20(  0%)     0/4(  0%)      2/4( 50%)       0/4(  0%)
19:      0/20(  0%)     0/4(  0%)      1/4( 25%)       0/4(  0%)
20:      0/20(  0%)     0/4(  0%)      1/4( 25%)       0/4(  0%)
21:      0/20(  0%)     0/4(  0%)      2/4( 50%)       0/4(  0%)
22:      0/20(  0%)     0/4(  0%)      0/4(  0%)       0/4(  0%)


Device-Specific Information:                            c:\kslabs\lab5\mux.rpt
mux

** EQUATIONS **

DD00     : INPUT;
DD01     : INPUT;
DD02     : INPUT;
DD03     : INPUT;
DD04     : INPUT;
DD05     : INPUT;
DD06     : INPUT;
DD07     : INPUT;
DD08     : INPUT;
DD09     : INPUT;
DD10     : INPUT;
DD11     : INPUT;
DD12     : INPUT;
DD13     : INPUT;
DD14     : INPUT;
DD15     : INPUT;
DD16     : INPUT;
DD17     : INPUT;
DD18     : INPUT;
DD19     : INPUT;
DD20     : INPUT;
DD21     : INPUT;
DD22     : INPUT;
DD23     : INPUT;
DI       : INPUT;

-- Node name is 'D00' 
-- Equation name is 'D00', type is output 
D00      =  _LC2_A7;

-- Node name is 'D01' 
-- Equation name is 'D01', type is output 
D01      =  _LC2_A9;

-- Node name is 'D02' 
-- Equation name is 'D02', type is output 
D02      =  _LC4_A3;

-- Node name is 'D03' 
-- Equation name is 'D03', type is output 
D03      =  _LC3_A3;

-- Node name is 'D04' 
-- Equation name is 'D04', type is output 
D04      =  _LC1_A3;

-- Node name is 'D05' 
-- Equation name is 'D05', type is output 
D05      =  _LC2_A3;

-- Node name is 'D06' 
-- Equation name is 'D06', type is output 
D06      =  _LC1_A8;

-- Node name is 'D07' 
-- Equation name is 'D07', type is output 
D07      =  _LC1_A9;

-- Node name is 'D08' 
-- Equation name is 'D08', type is output 
D08      =  _LC3_A5;

-- Node name is 'D09' 
-- Equation name is 'D09', type is output 
D09      =  _LC1_A5;

-- Node name is 'D10' 
-- Equation name is 'D10', type is output 
D10      =  _LC2_A5;

-- Node name is 'D11' 
-- Equation name is 'D11', type is output 
D11      =  _LC2_A6;

-- Node name is 'D12' 
-- Equation name is 'D12', type is output 
D12      =  _LC2_A2;

-- Node name is 'D13' 
-- Equation name is 'D13', type is output 
D13      =  _LC4_A1;

-- Node name is 'D14' 
-- Equation name is 'D14', type is output 
D14      =  _LC3_A1;

-- Node name is 'D15' 
-- Equation name is 'D15', type is output 
D15      =  _LC2_A1;

-- Node name is 'D16' 
-- Equation name is 'D16', type is output 
D16      =  _LC1_A1;

-- Node name is 'D17' 
-- Equation name is 'D17', type is output 
D17      =  _LC1_A11;

-- Node name is 'D18' 
-- Equation name is 'D18', type is output 
D18      =  _LC1_A7;

-- Node name is 'D19' 
-- Equation name is 'D19', type is output 
D19      =  _LC2_A4;

-- Node name is 'D20' 
-- Equation name is 'D20', type is output 
D20      =  _LC2_A10;

-- Node name is 'D21' 
-- Equation name is 'D21', type is output 
D21      =  _LC2_A11;

-- Node name is 'D22' 
-- Equation name is 'D22', type is output 
D22      =  _LC2_A8;

-- Node name is 'D23' 
-- Equation name is 'D23', type is output 
D23      =  _LC4_A5;

-- Node name is '|muxi:1|:8' = '|muxi:1|D' 
-- Equation name is '_LC2_A7', type is buried 
_LC2_A7  = LCELL( _EQ001);
  _EQ001 =  DD00 &  DI;

-- Node name is '|muxi:4|:8' = '|muxi:4|D' 
-- Equation name is '_LC2_A9', type is buried 
_LC2_A9  = LCELL( _EQ002);
  _EQ002 =  DD01 &  DI;

-- Node name is '|muxi:10|:8' = '|muxi:10|D' 
-- Equation name is '_LC4_A3', type is buried 
_LC4_A3  = LCELL( _EQ003);
  _EQ003 =  DD02 &  DI;

-- Node name is '|muxi:11|:8' = '|muxi:11|D' 
-- Equation name is '_LC3_A3', type is buried 
_LC3_A3  = LCELL( _EQ004);
  _EQ004 =  DD03 &  DI;

-- Node name is '|muxi:12|:8' = '|muxi:12|D' 
-- Equation name is '_LC1_A3', type is buried 
_LC1_A3  = LCELL( _EQ005);
  _EQ005 =  DD04 &  DI;

-- Node name is '|muxi:13|:8' = '|muxi:13|D' 
-- Equation name is '_LC2_A3', type is buried 
_LC2_A3  = LCELL( _EQ006);
  _EQ006 =  DD05 &  DI;

-- Node name is '|muxi:14|:8' = '|muxi:14|D' 
-- Equation name is '_LC1_A8', type is buried 
_LC1_A8  = LCELL( _EQ007);
  _EQ007 =  DD06 &  DI;

-- Node name is '|muxi:15|:8' = '|muxi:15|D' 
-- Equation name is '_LC1_A9', type is buried 
_LC1_A9  = LCELL( _EQ008);
  _EQ008 =  DD07 &  DI;

-- Node name is '|muxi:16|:8' = '|muxi:16|D' 
-- Equation name is '_LC3_A5', type is buried 
_LC3_A5  = LCELL( _EQ009);
  _EQ009 =  DD08 &  DI;

-- Node name is '|muxi:17|:8' = '|muxi:17|D' 
-- Equation name is '_LC1_A5', type is buried 
_LC1_A5  = LCELL( _EQ010);
  _EQ010 =  DD09 &  DI;

-- Node name is '|muxi:18|:8' = '|muxi:18|D' 
-- Equation name is '_LC2_A5', type is buried 
_LC2_A5  = LCELL( _EQ011);
  _EQ011 =  DD10 &  DI;

-- Node name is '|muxi:19|:8' = '|muxi:19|D' 
-- Equation name is '_LC2_A6', type is buried 
_LC2_A6  = LCELL( _EQ012);
  _EQ012 =  DD11 &  DI;

-- Node name is '|muxi:20|:8' = '|muxi:20|D' 
-- Equation name is '_LC2_A2', type is buried 
_LC2_A2  = LCELL( _EQ013);
  _EQ013 =  DD12 &  DI;

-- Node name is '|muxi:21|:8' = '|muxi:21|D' 
-- Equation name is '_LC4_A1', type is buried 
_LC4_A1  = LCELL( _EQ014);
  _EQ014 =  DD13 &  DI;

-- Node name is '|muxi:22|:8' = '|muxi:22|D' 
-- Equation name is '_LC3_A1', type is buried 
_LC3_A1  = LCELL( _EQ015);
  _EQ015 =  DD14 &  DI;

-- Node name is '|muxi:23|:8' = '|muxi:23|D' 
-- Equation name is '_LC2_A1', type is buried 
_LC2_A1  = LCELL( _EQ016);
  _EQ016 =  DD15 &  DI;

-- Node name is '|muxi:24|:8' = '|muxi:24|D' 
-- Equation name is '_LC1_A1', type is buried 
_LC1_A1  = LCELL( _EQ017);
  _EQ017 =  DD16 &  DI;

-- Node name is '|muxi:25|:8' = '|muxi:25|D' 
-- Equation name is '_LC1_A11', type is buried 
_LC1_A11 = LCELL( _EQ018);
  _EQ018 =  DD17 &  DI;

-- Node name is '|muxi:26|:8' = '|muxi:26|D' 
-- Equation name is '_LC1_A7', type is buried 
_LC1_A7  = LCELL( _EQ019);
  _EQ019 =  DD18 &  DI;

-- Node name is '|muxi:27|:8' = '|muxi:27|D' 
-- Equation name is '_LC2_A4', type is buried 
_LC2_A4  = LCELL( _EQ020);
  _EQ020 =  DD19 &  DI;

-- Node name is '|muxi:28|:8' = '|muxi:28|D' 
-- Equation name is '_LC2_A10', type is buried 
_LC2_A10 = LCELL( _EQ021);
  _EQ021 =  DD20 &  DI;

-- Node name is '|muxi:29|:8' = '|muxi:29|D' 
-- Equation name is '_LC2_A11', type is buried 
_LC2_A11 = LCELL( _EQ022);
  _EQ022 =  DD21 &  DI;

-- Node name is '|muxi:30|:8' = '|muxi:30|D' 
-- Equation name is '_LC2_A8', type is buried 
_LC2_A8  = LCELL( _EQ023);
  _EQ023 =  DD22 &  DI;

-- Node name is '|muxi:31|:8' = '|muxi:31|D' 
-- Equation name is '_LC4_A5', type is buried 
_LC4_A5  = LCELL( _EQ024);
  _EQ024 =  DD23 &  DI;



Project Information                                     c:\kslabs\lab5\mux.rpt

** COMPILATION SETTINGS & TIMES **

Processing Menu Commands
------------------------

Design Doctor                             = off

Logic Synthesis:

   Synthesis Type Used                    = Multi-Level

   Default Synthesis Style                = NORMAL

      Logic option settings in 'NORMAL' style for 'FLEX6000' family

      CARRY_CHAIN                         = ignore
      CARRY_CHAIN_LENGTH                  = 32
      CASCADE_CHAIN                       = ignore
      CASCADE_CHAIN_LENGTH                = 2
      DECOMPOSE_GATES                     = on
      DUPLICATE_LOGIC_EXTRACTION          = on
      MINIMIZATION                        = full
      MULTI_LEVEL_FACTORING               = on
      NOT_GATE_PUSH_BACK                  = on
      REDUCE_LOGIC                        = on
      REFACTORIZATION                     = on
      REGISTER_OPTIMIZATION               = on
      RESYNTHESIZE_NETWORK                = on
      SLOW_SLEW_RATE                      = off
      SUBFACTOR_EXTRACTION                = on
      IGNORE_SOFT_BUFFERS                 = on
      USE_LPM_FOR_AHDL_OPERATORS          = off

   Other logic synthesis settings:

      Automatic Global Clock              = on
      Automatic Global Clear              = on
      Automatic Global Preset             = on
      Automatic Global Output Enable      = on
      Automatic Fast I/O                  = off
      Automatic Register Packing          = off
      Automatic Open-Drain Pins           = on
      Automatic Implement in EAB          = off
      Optimize                            = 5

Default Timing Specifications: None

Cut All Bidir Feedback Timing Paths       = on
Cut All Clear & Preset Timing Paths       = on

Ignore Timing Assignments                 = off

Functional SNF Extractor                  = off

Linked SNF Extractor                      = off
Timing SNF Extractor                      = on
Optimize Timing SNF                       = off
Generate AHDL TDO File                    = off
Fitter Settings                           = NORMAL
Smart Recompile                           = off
Total Recompile                           = off

Interfaces Menu Commands
------------------------

EDIF Netlist Writer                       = off
Verilog Netlist Writer                    = off
VHDL Netlist Writer                       = off

Compilation Times
-----------------

   Compiler Netlist Extractor             00:00:01
   Database Builder                       00:00:00
   Logic Synthesizer                      00:00:00
   Partitioner                            00:00:00
   Fitter                                 00:00:02
   Timing SNF Extractor                   00:00:00
   Assembler                              00:00:00
   --------------------------             --------
   Total Time                             00:00:03


Memory Allocated
-----------------

Peak memory allocated during compilation  = 11,137K
