Project Information                                      c:\kslabs\lab5\rg.rpt

MAX+plus II Compiler Report File
Version 10.0 RC2 9/14/2000
Compiled: 11/20/2009 12:42:46

Copyright (C) 1988-2000 Altera Corporation
Any megafunction design, and related net list (encrypted or decrypted),
support information, device programming or simulation file, and any other
associated documentation or information provided by Altera or a partner
under Altera's Megafunction Partnership Program may be used only to
program PLD devices (but not masked PLD devices) from Altera.  Any other
use of such megafunction design, net list, support information, device
programming or simulation file, or any other related documentation or
information is prohibited for any other purpose, including, but not
limited to modification, reverse engineering, de-compiling, or use with
any other silicon devices, unless such use is explicitly licensed under
a separate agreement with Altera or a megafunction partner.  Title to
the intellectual property, including patents, copyrights, trademarks,
trade secrets, or maskworks, embodied in any such megafunction design,
net list, support information, device programming or simulation file, or
any other related documentation or information provided by Altera or a
megafunction partner, remains with Altera, the megafunction partner, or
their respective licensors.  No other licenses, including any licenses
needed under any third party's intellectual property, are provided herein.



***** Project compilation was successful




** DEVICE SUMMARY **

Chip/                     Input   Output   Bidir 			    LCs
POF       Device          Pins    Pins     Pins      LCs    % Utilized

rg        EPF6010ATC100-1  25       24       0       24          2  %

User Pins:                 25       24       0  



Project Information                                      c:\kslabs\lab5\rg.rpt

** PROJECT COMPILATION MESSAGES **

Warning: No superset bus at connection -- "D[00..23]"
Warning: No superset bus at connection -- "D[00..23]"
Warning: No superset bus at connection -- "D[00..23]"
Warning: No superset bus at connection -- "D[00..23]"
Warning: No superset bus at connection -- "D[00..23]"
Warning: No superset bus at connection -- "D[00..23]"
Warning: No superset bus at connection -- "D[00..23]"
Warning: No superset bus at connection -- "D[00..23]"
Warning: No superset bus at connection -- "D[00..23]"
Warning: No superset bus at connection -- "D[00..23]"
Warning: No superset bus at connection -- "D[00..23]"
Warning: No superset bus at connection -- "D[00..23]"
Warning: No superset bus at connection -- "D[00..23]"
Warning: No superset bus at connection -- "D[00..23]"
Warning: No superset bus at connection -- "D[00..23]"
Warning: No superset bus at connection -- "D[00..23]"
Warning: No superset bus at connection -- "D[00..23]"
Warning: No superset bus at connection -- "D[00..23]"
Warning: No superset bus at connection -- "D[00..23]"
Warning: No superset bus at connection -- "D[00..23]"
Warning: No superset bus at connection -- "D[00..23]"
Warning: No superset bus at connection -- "D[00..23]"
Warning: No superset bus at connection -- "D[00..23]"
Warning: No superset bus at connection -- "D[00..23]"
Warning: No superset bus at connection -- "D[00..23]"
Warning: No superset bus at connection -- "D[00..23]"
Warning: No superset bus at connection -- "D[00..23]"
Warning: No superset bus at connection -- "D[00..23]"
Warning: No superset bus at connection -- "D[00..23]"
Warning: No superset bus at connection -- "D[00..23]"
Warning: No superset bus at connection -- "D[00..23]"
Warning: No superset bus at connection -- "D[00..23]"
Warning: No superset bus at connection -- "D[00..23]"
Warning: No superset bus at connection -- "D[00..23]"
Warning: No superset bus at connection -- "D[00..23]"
Warning: No superset bus at connection -- "D[00..23]"
Warning: No superset bus at connection -- "D[00..23]"
Warning: No superset bus at connection -- "D[00..23]"
Warning: No superset bus at connection -- "D[00..23]"
Warning: No superset bus at connection -- "D[00..23]"
Warning: No superset bus at connection -- "D[00..23]"
Warning: No superset bus at connection -- "D[00..23]"
Warning: No superset bus at connection -- "D[00..23]"
Warning: No superset bus at connection -- "D[00..23]"
Warning: No superset bus at connection -- "D[00..23]"
Warning: No superset bus at connection -- "D[00..23]"
Warning: No superset bus at connection -- "D[00..23]"
Warning: No superset bus at connection -- "D[00..23]"
Warning: No superset bus at connection -- "D[00..23]"
Warning: No superset bus at connection -- "D[00..23]"


Project Information                                      c:\kslabs\lab5\rg.rpt

** FILE HIERARCHY **



|rgi:2|
|rgi:22|
|rgi:23|
|rgi:24|
|rgi:25|
|rgi:26|
|rgi:27|
|rgi:28|
|rgi:29|
|rgi:14|
|rgi:15|
|rgi:16|
|rgi:17|
|rgi:18|
|rgi:19|
|rgi:20|
|rgi:21|
|rgi:13|
|rgi:12|
|rgi:11|
|rgi:10|
|rgi:8|
|rgi:7|
|rgi:5|


Device-Specific Information:                             c:\kslabs\lab5\rg.rpt
rg

***** Logic for device 'rg' compiled without errors.




Device: EPF6010ATC100-1

FLEX 6000 Configuration Scheme: Passive Serial

Device Options:
    User-Supplied Start-Up Clock               = OFF
    Auto-Restart Configuration on Frame Error  = OFF
    Release Clears Before Tri-States           = OFF
    Enable Chip_Wide Reset                     = OFF
    Enable Chip-Wide Output Enable             = OFF
    Enable INIT_DONE Output                    = OFF
    Enable JTAG Support                        = OFF

                                                                   
                                                                   
                                                                   
                                                                   
                                            ^                      
                                      ^     D                      
                                      D     A                      
                D D D D D D D D D Q Q C V G T Q Q Q Q Q Q Q Q D D  
                1 1 1 0 0 0 0 0 0 1 0 L C N A 0 0 0 0 0 0 0 0 1 2  
                4 3 1 0 4 5 6 8 9 0 9 K C D 0 2 3 4 5 1 6 7 8 9 0  
              ----------------------------------------------------_ 
             / 100  98  96  94  92  90  88  86  84  82  80  78  76   |_ 
            /     99  97  95  93  91  89  87  85  83  81  79  77    | 
       D15 |  1                                                    75 | D21 
       D16 |  2                                                    74 | D22 
      N.C. |  3                                                    73 | D23 
      ^nCE |  4                                                    72 | ^CONF_DONE 
       GND |  5                                                    71 | VCC 
       VCC |  6                                                    70 | GND 
      N.C. |  7                                                    69 | RESERVED 
  RESERVED |  8                                                    68 | N.C. 
  RESERVED |  9                                                    67 | RESERVED 
  RESERVED | 10                                                    66 | RESERVED 
  RESERVED | 11                                                    65 | RESERVED 
     Clock | 12                                                    64 | RESERVED 
       D12 | 13                  EPF6010ATC100-1                   63 | D17 
  RESERVED | 14                                                    62 | D18 
  RESERVED | 15                                                    61 | RESERVED 
  RESERVED | 16                                                    60 | RESERVED 
  RESERVED | 17                                                    59 | RESERVED 
  RESERVED | 18                                                    58 | RESERVED 
      N.C. | 19                                                    57 | RESERVED 
       GND | 20                                                    56 | N.C. 
       VCC | 21                                                    55 | N.C. 
     ^MSEL | 22                                                    54 | VCC 
  RESERVED | 23                                                    53 | GND 
       Q20 | 24                                                    52 | N.C. 
       Q11 | 25                                                    51 | &Q14 
           |      27  29  31  33  35  37  39  41  43  45  47  49  _| 
            \   26  28  30  32  34  36  38  40  42  44  46  48  50   | 
             \----------------------------------------------------- 
                Q Q Q D D D Q D D Q ^ G V ^ Q R R R Q Q R Q R Q Q  
                1 2 2 0 0 0 1 0 1 1 n N C n 1 E E E 2 0 E 1 E 1 1  
                2 2 1 1 3 2 7 7 0 8 C D C S 9 S S S 3 0 S 3 S 5 6  
                                    O     T   E E E     E   E      
                                    N     A   R R R     R   R      
                                    F     T   V V V     V   V      
                                    I     U   E E E     E   E      
                                    G     S   D D D     D   D      
                                                                   
                                                                   


N.C. = No Connect. This pin has no internal connection to the device.
VCC = Dedicated power pin, which MUST be connected to VCC.
GND = Dedicated ground pin or unused dedicated input, which MUST be connected to GND.
RESERVED = Unused I/O pin, which MUST be left unconnected.

^ = Dedicated configuration pin.
+ = Reserved configuration pin, which is tri-stated during user mode.
* = Reserved configuration pin, which drives out in user mode.
PDn = Power Down pin. 
@ = Special-purpose pin. 
# = JTAG Boundary-Scan Testing/In-System Programming or Configuration Pin. The JTAG inputs TMS and TDI should be tied to VCC and TCK should be tied to GND when not in use.
& = JTAG pin used for I/O. When used as user I/O, JTAG pins must be kept stable before and during configuration.  JTAG pin stability prevents accidental loading of JTAG instructions.


Device-Specific Information:                             c:\kslabs\lab5\rg.rpt
rg

** RESOURCE USAGE **

Logic                Column       Row                                   
Array                Interconnect Interconnect                  Sync.   Sync.   Left External  Right External  Borrowed LC1
Block   Logic Cells  Driven       Driven       Clocks  Clears   Clear   Load    Interconnect   Interconnect    Inputs
A1       4/10( 40%)   4/10( 40%)   0/10(  0%)    1/2    0/2      0/1     0/1      2/22(  9%)    2/22(  9%)      0/4
A2       1/10( 10%)   1/10( 10%)   0/10(  0%)    1/2    0/2      0/1     0/1      0/22(  0%)    1/22(  4%)      0/4
A3       4/10( 40%)   0/10(  0%)   0/10(  0%)    1/2    0/2      0/1     0/1      3/22( 13%)    1/22(  4%)      0/4
A4       1/10( 10%)   1/10( 10%)   0/10(  0%)    1/2    0/2      0/1     0/1      0/22(  0%)    1/22(  4%)      0/4
A5       4/10( 40%)   1/10( 10%)   0/10(  0%)    1/2    0/2      0/1     0/1      3/22( 13%)    1/22(  4%)      0/4
A6       1/10( 10%)   1/10( 10%)   0/10(  0%)    1/2    0/2      0/1     0/1      0/22(  0%)    1/22(  4%)      0/4
A7       2/10( 20%)   2/10( 20%)   0/10(  0%)    1/2    0/2      0/1     0/1      1/22(  4%)    1/22(  4%)      0/4
A8       2/10( 20%)   1/10( 10%)   0/10(  0%)    1/2    0/2      0/1     0/1      1/22(  4%)    1/22(  4%)      0/4
A9       2/10( 20%)   0/10(  0%)   0/10(  0%)    1/2    0/2      0/1     0/1      1/22(  4%)    1/22(  4%)      0/4
A10      1/10( 10%)   1/10( 10%)   0/10(  0%)    1/2    0/2      0/1     0/1      0/22(  0%)    1/22(  4%)      0/4
A11      2/10( 20%)   2/10( 20%)   0/10(  0%)    1/2    0/2      0/1     0/1      1/22(  4%)    1/22(  4%)      0/4


Total dedicated input pins used:                 4/4      (100%)
Total I/O pins used:                            45/67     ( 67%)
Total logic cells used:                         24/880    (  2%)
Average fan-in:                                 1.00/4    ( 25%)
Total fan-in:                                  24/3520    (  0%)

Total input pins required:                      25
Total output pins required:                     24
Total bidirectional pins required:               0
Total reserved pins required                     0
Total logic cells required:                     24
Total flipflops required:                       24
Total packed registers required:                 0
Total logic cells in carry chains:               0
Total number of carry chains:                    0
Total logic cells in cascade chains:             0
Total number of cascade chains:                  0

Synthesized logic cells:                         0/ 880   (  0%)

Logic Cell Counts

Column:  01  02  03  04  05  06  07  08  09  10  11  12  13  14  15  16  17  18  19  20  21  22  Total
 A:      4   1   4   1   4   1   2   2   2   1   2   0   0   0   0   0   0   0   0   0   0   0     24
 B:      0   0   0   0   0   0   0   0   0   0   0   0   0   0   0   0   0   0   0   0   0   0      0
 C:      0   0   0   0   0   0   0   0   0   0   0   0   0   0   0   0   0   0   0   0   0   0      0
 D:      0   0   0   0   0   0   0   0   0   0   0   0   0   0   0   0   0   0   0   0   0   0      0

Total:   4   1   4   1   4   1   2   2   2   1   2   0   0   0   0   0   0   0   0   0   0   0     24



Device-Specific Information:                             c:\kslabs\lab5\rg.rpt
rg

** INPUTS **

                                               Fan-In    Fan-Out
 Pin     LC   Row  Col  Primitive    Code      INP  FBK  OUT  FBK  Name
  12      -    -    --      INPUT  G            0    0    0    0  Clock
  97      -    -    02      INPUT               0    0    0    1  D00
  29      -    -    02      INPUT               0    0    0    1  D01
  31      -    -    05      INPUT               0    0    0    1  D02
  30      -    -    03      INPUT               0    0    0    1  D03
  96      -    -    04      INPUT               0    0    0    1  D04
  95      -    -    05      INPUT               0    0    0    1  D05
  94      -    -    07      INPUT               0    0    0    1  D06
  33      -    -    07      INPUT               0    0    0    1  D07
  93      -    -    08      INPUT               0    0    0    1  D08
  92      -    -    09      INPUT               0    0    0    1  D09
  34      -    -    09      INPUT               0    0    0    1  D10
  98      -    -    01      INPUT               0    0    0    1  D11
  13      -    -    --      INPUT               0    0    0    1  D12
  99      -    A    --      INPUT               0    0    0    1  D13
 100      -    A    --      INPUT               0    0    0    1  D14
   1      -    A    --      INPUT               0    0    0    1  D15
   2      -    A    --      INPUT               0    0    0    1  D16
  63      -    -    --      INPUT               0    0    0    1  D17
  62      -    -    --      INPUT               0    0    0    1  D18
  77      -    A    --      INPUT               0    0    0    1  D19
  76      -    A    --      INPUT               0    0    0    1  D20
  75      -    A    --      INPUT               0    0    0    1  D21
  74      -    A    --      INPUT               0    0    0    1  D22
  73      -    A    --      INPUT               0    0    0    1  D23


Code:

s = Synthesized pin or logic cell
+ = Synchronous flipflop
/ = Slow slew-rate output
! = NOT gate push-back
r = Fitter-inserted logic cell
^ = Increased input delay
$ = Driven by fast output logic cell
G = Global Source. Fan-out destinations counted here do not include destinations
that are driven using global routing resources. Refer to the Auto Global Signals,
Clock Signals, Clear Signals, Synchronous Load Signals, and Synchronous Clear Signals
Sections of this Report File for information on which signals' fan-outs are used as
Clock, Clear, Preset, Output Enable, and synchronous Load signals.


Device-Specific Information:                             c:\kslabs\lab5\rg.rpt
rg

** OUTPUTS **

       Fed By                                  Fan-In    Fan-Out
 Pin     LC   Row  Col  Primitive    Code      INP  FBK  OUT  FBK  Name
  45      -    -    18     OUTPUT               0    1    0    0  Q00
  81      -    -    18     OUTPUT               0    1    0    0  Q01
  85      -    -    13     OUTPUT               0    1    0    0  Q02
  84      -    -    14     OUTPUT               0    1    0    0  Q03
  83      -    -    16     OUTPUT               0    1    0    0  Q04
  82      -    -    17     OUTPUT               0    1    0    0  Q05
  80      -    -    19     OUTPUT               0    1    0    0  Q06
  79      -    -    20     OUTPUT               0    1    0    0  Q07
  78      -    -    21     OUTPUT               0    1    0    0  Q08
  90      -    -    11     OUTPUT               0    1    0    0  Q09
  91      -    -    10     OUTPUT               0    1    0    0  Q10
  25      -    D    --     OUTPUT               0    1    0    0  Q11
  26      -    D    --     OUTPUT               0    1    0    0  Q12
  47      -    -    21     OUTPUT               0    1    0    0  Q13
  51      -    D    --     OUTPUT               0    1    0    0  Q14
  49      -    D    --     OUTPUT               0    1    0    0  Q15
  50      -    D    --     OUTPUT               0    1    0    0  Q16
  32      -    -    06     OUTPUT               0    1    0    0  Q17
  35      -    -    10     OUTPUT               0    1    0    0  Q18
  40      -    -    12     OUTPUT               0    1    0    0  Q19
  24      -    D    --     OUTPUT               0    1    0    0  Q20
  28      -    D    --     OUTPUT               0    1    0    0  Q21
  27      -    D    --     OUTPUT               0    1    0    0  Q22
  44      -    -    17     OUTPUT               0    1    0    0  Q23


Code:

s = Synthesized pin or logic cell
+ = Synchronous flipflop
/ = Slow slew-rate output
! = NOT gate push-back
r = Fitter-inserted logic cell
^ = Increased input delay
$ = Driven by fast output logic cell


Device-Specific Information:                             c:\kslabs\lab5\rg.rpt
rg

** BURIED LOGIC **

                                               Fan-In    Fan-Out
 IOC     LC   Row  Col  Primitive    Code      INP  FBK  OUT  FBK  Name
   -      2    A    07        DFF   +          1    0    1    0  |rgi:2|RGi (|rgi:2|:20)
   -      2    A    09        DFF   +          1    0    1    0  |rgi:5|RGi (|rgi:5|:20)
   -      4    A    03        DFF   +          1    0    1    0  |rgi:7|RGi (|rgi:7|:20)
   -      3    A    03        DFF   +          1    0    1    0  |rgi:8|RGi (|rgi:8|:20)
   -      1    A    03        DFF   +          1    0    1    0  |rgi:10|RGi (|rgi:10|:20)
   -      2    A    03        DFF   +          1    0    1    0  |rgi:11|RGi (|rgi:11|:20)
   -      1    A    08        DFF   +          1    0    1    0  |rgi:12|RGi (|rgi:12|:20)
   -      1    A    09        DFF   +          1    0    1    0  |rgi:13|RGi (|rgi:13|:20)
   -      3    A    05        DFF   +          1    0    1    0  |rgi:14|RGi (|rgi:14|:20)
   -      1    A    05        DFF   +          1    0    1    0  |rgi:15|RGi (|rgi:15|:20)
   -      2    A    05        DFF   +          1    0    1    0  |rgi:16|RGi (|rgi:16|:20)
   -      2    A    06        DFF   +          1    0    1    0  |rgi:17|RGi (|rgi:17|:20)
   -      2    A    02        DFF   +          1    0    1    0  |rgi:18|RGi (|rgi:18|:20)
   -      4    A    01        DFF   +          1    0    1    0  |rgi:19|RGi (|rgi:19|:20)
   -      3    A    01        DFF   +          1    0    1    0  |rgi:20|RGi (|rgi:20|:20)
   -      2    A    01        DFF   +          1    0    1    0  |rgi:21|RGi (|rgi:21|:20)
   -      1    A    01        DFF   +          1    0    1    0  |rgi:22|RGi (|rgi:22|:20)
   -      1    A    11        DFF   +          1    0    1    0  |rgi:23|RGi (|rgi:23|:20)
   -      1    A    07        DFF   +          1    0    1    0  |rgi:24|RGi (|rgi:24|:20)
   -      2    A    04        DFF   +          1    0    1    0  |rgi:25|RGi (|rgi:25|:20)
   -      2    A    10        DFF   +          1    0    1    0  |rgi:26|RGi (|rgi:26|:20)
   -      2    A    11        DFF   +          1    0    1    0  |rgi:27|RGi (|rgi:27|:20)
   -      2    A    08        DFF   +          1    0    1    0  |rgi:28|RGi (|rgi:28|:20)
   -      4    A    05        DFF   +          1    0    1    0  |rgi:29|RGi (|rgi:29|:20)


Code:

s = Synthesized pin or logic cell
+ = Synchronous flipflop
/ = Slow slew-rate output
! = NOT gate push-back
r = Fitter-inserted logic cell
^ = Increased input delay
$ = Driven by fast output logic cell
p = Packed register


Device-Specific Information:                             c:\kslabs\lab5\rg.rpt
rg

** FASTTRACK INTERCONNECT UTILIZATION **

Row FastTrack Interconnect:

          Global         Left Half-      Right Half-
         FastTrack       FastTrack       FastTrack 
Row     Interconnect    Interconnect    Interconnect    Input Pins     Output Pins     Bidir Pins
A:      13/ 96( 13%)    18/ 48( 37%)     0/ 48(  0%)    9/20( 45%)      0/20(  0%)     0/20(  0%)
B:       0/ 96(  0%)     0/ 48(  0%)     0/ 48(  0%)    0/20(  0%)      0/20(  0%)     0/20(  0%)
C:       0/ 96(  0%)     0/ 48(  0%)     0/ 48(  0%)    0/20(  0%)      0/20(  0%)     0/20(  0%)
D:       6/ 96(  6%)     8/ 48( 16%)     0/ 48(  0%)    0/20(  0%)      8/20( 40%)     0/20(  0%)


Column FastTrack Interconnect:

         FastTrack                                 
Column  Interconnect    Input Pins     Output Pins     Bidir Pins
01:      5/20( 25%)     1/4( 25%)      0/4(  0%)       0/4(  0%)
02:      3/20( 15%)     2/4( 50%)      0/4(  0%)       0/4(  0%)
03:      1/20(  5%)     1/4( 25%)      0/4(  0%)       0/4(  0%)
04:      2/20( 10%)     1/4( 25%)      0/4(  0%)       0/4(  0%)
05:      3/20( 15%)     2/4( 50%)      0/4(  0%)       0/4(  0%)
06:      1/20(  5%)     0/4(  0%)      1/4( 25%)       0/4(  0%)
07:      4/20( 20%)     2/4( 50%)      0/4(  0%)       0/4(  0%)
08:      2/20( 10%)     1/4( 25%)      0/4(  0%)       0/4(  0%)
09:      2/20( 10%)     2/4( 50%)      0/4(  0%)       0/4(  0%)
10:      1/20(  5%)     0/4(  0%)      2/4( 50%)       0/4(  0%)
11:      2/20( 10%)     0/4(  0%)      1/4( 25%)       0/4(  0%)
12:      0/20(  0%)     0/4(  0%)      1/4( 25%)       0/4(  0%)
13:      0/20(  0%)     0/4(  0%)      1/4( 25%)       0/4(  0%)
14:      0/20(  0%)     0/4(  0%)      1/4( 25%)       0/4(  0%)
15:      0/20(  0%)     0/4(  0%)      0/4(  0%)       0/4(  0%)
16:      0/20(  0%)     0/4(  0%)      1/4( 25%)       0/4(  0%)
17:      0/20(  0%)     0/4(  0%)      2/4( 50%)       0/4(  0%)
18:      0/20(  0%)     0/4(  0%)      2/4( 50%)       0/4(  0%)
19:      0/20(  0%)     0/4(  0%)      1/4( 25%)       0/4(  0%)
20:      0/20(  0%)     0/4(  0%)      1/4( 25%)       0/4(  0%)
21:      0/20(  0%)     0/4(  0%)      2/4( 50%)       0/4(  0%)
22:      0/20(  0%)     0/4(  0%)      0/4(  0%)       0/4(  0%)


Device-Specific Information:                             c:\kslabs\lab5\rg.rpt
rg

** CLOCK SIGNALS **

Type     Fan-out       Name
INPUT       24         Clock


Device-Specific Information:                             c:\kslabs\lab5\rg.rpt
rg

** EQUATIONS **

Clock    : INPUT;
D00      : INPUT;
D01      : INPUT;
D02      : INPUT;
D03      : INPUT;
D04      : INPUT;
D05      : INPUT;
D06      : INPUT;
D07      : INPUT;
D08      : INPUT;
D09      : INPUT;
D10      : INPUT;
D11      : INPUT;
D12      : INPUT;
D13      : INPUT;
D14      : INPUT;
D15      : INPUT;
D16      : INPUT;
D17      : INPUT;
D18      : INPUT;
D19      : INPUT;
D20      : INPUT;
D21      : INPUT;
D22      : INPUT;
D23      : INPUT;

-- Node name is 'Q00' 
-- Equation name is 'Q00', type is output 
Q00      =  _LC2_A7;

-- Node name is 'Q01' 
-- Equation name is 'Q01', type is output 
Q01      =  _LC2_A9;

-- Node name is 'Q02' 
-- Equation name is 'Q02', type is output 
Q02      =  _LC4_A3;

-- Node name is 'Q03' 
-- Equation name is 'Q03', type is output 
Q03      =  _LC3_A3;

-- Node name is 'Q04' 
-- Equation name is 'Q04', type is output 
Q04      =  _LC1_A3;

-- Node name is 'Q05' 
-- Equation name is 'Q05', type is output 
Q05      =  _LC2_A3;

-- Node name is 'Q06' 
-- Equation name is 'Q06', type is output 
Q06      =  _LC1_A8;

-- Node name is 'Q07' 
-- Equation name is 'Q07', type is output 
Q07      =  _LC1_A9;

-- Node name is 'Q08' 
-- Equation name is 'Q08', type is output 
Q08      =  _LC3_A5;

-- Node name is 'Q09' 
-- Equation name is 'Q09', type is output 
Q09      =  _LC1_A5;

-- Node name is 'Q10' 
-- Equation name is 'Q10', type is output 
Q10      =  _LC2_A5;

-- Node name is 'Q11' 
-- Equation name is 'Q11', type is output 
Q11      =  _LC2_A6;

-- Node name is 'Q12' 
-- Equation name is 'Q12', type is output 
Q12      =  _LC2_A2;

-- Node name is 'Q13' 
-- Equation name is 'Q13', type is output 
Q13      =  _LC4_A1;

-- Node name is 'Q14' 
-- Equation name is 'Q14', type is output 
Q14      =  _LC3_A1;

-- Node name is 'Q15' 
-- Equation name is 'Q15', type is output 
Q15      =  _LC2_A1;

-- Node name is 'Q16' 
-- Equation name is 'Q16', type is output 
Q16      =  _LC1_A1;

-- Node name is 'Q17' 
-- Equation name is 'Q17', type is output 
Q17      =  _LC1_A11;

-- Node name is 'Q18' 
-- Equation name is 'Q18', type is output 
Q18      =  _LC1_A7;

-- Node name is 'Q19' 
-- Equation name is 'Q19', type is output 
Q19      =  _LC2_A4;

-- Node name is 'Q20' 
-- Equation name is 'Q20', type is output 
Q20      =  _LC2_A10;

-- Node name is 'Q21' 
-- Equation name is 'Q21', type is output 
Q21      =  _LC2_A11;

-- Node name is 'Q22' 
-- Equation name is 'Q22', type is output 
Q22      =  _LC2_A8;

-- Node name is 'Q23' 
-- Equation name is 'Q23', type is output 
Q23      =  _LC4_A5;

-- Node name is '|rgi:2|:20' = '|rgi:2|RGi' 
-- Equation name is '_LC2_A7', type is buried 
_LC2_A7  = DFF( D00, GLOBAL( Clock),  VCC,  VCC);

-- Node name is '|rgi:5|:20' = '|rgi:5|RGi' 
-- Equation name is '_LC2_A9', type is buried 
_LC2_A9  = DFF( D01, GLOBAL( Clock),  VCC,  VCC);

-- Node name is '|rgi:7|:20' = '|rgi:7|RGi' 
-- Equation name is '_LC4_A3', type is buried 
_LC4_A3  = DFF( D02, GLOBAL( Clock),  VCC,  VCC);

-- Node name is '|rgi:8|:20' = '|rgi:8|RGi' 
-- Equation name is '_LC3_A3', type is buried 
_LC3_A3  = DFF( D03, GLOBAL( Clock),  VCC,  VCC);

-- Node name is '|rgi:10|:20' = '|rgi:10|RGi' 
-- Equation name is '_LC1_A3', type is buried 
_LC1_A3  = DFF( D04, GLOBAL( Clock),  VCC,  VCC);

-- Node name is '|rgi:11|:20' = '|rgi:11|RGi' 
-- Equation name is '_LC2_A3', type is buried 
_LC2_A3  = DFF( D05, GLOBAL( Clock),  VCC,  VCC);

-- Node name is '|rgi:12|:20' = '|rgi:12|RGi' 
-- Equation name is '_LC1_A8', type is buried 
_LC1_A8  = DFF( D06, GLOBAL( Clock),  VCC,  VCC);

-- Node name is '|rgi:13|:20' = '|rgi:13|RGi' 
-- Equation name is '_LC1_A9', type is buried 
_LC1_A9  = DFF( D07, GLOBAL( Clock),  VCC,  VCC);

-- Node name is '|rgi:14|:20' = '|rgi:14|RGi' 
-- Equation name is '_LC3_A5', type is buried 
_LC3_A5  = DFF( D08, GLOBAL( Clock),  VCC,  VCC);

-- Node name is '|rgi:15|:20' = '|rgi:15|RGi' 
-- Equation name is '_LC1_A5', type is buried 
_LC1_A5  = DFF( D09, GLOBAL( Clock),  VCC,  VCC);

-- Node name is '|rgi:16|:20' = '|rgi:16|RGi' 
-- Equation name is '_LC2_A5', type is buried 
_LC2_A5  = DFF( D10, GLOBAL( Clock),  VCC,  VCC);

-- Node name is '|rgi:17|:20' = '|rgi:17|RGi' 
-- Equation name is '_LC2_A6', type is buried 
_LC2_A6  = DFF( D11, GLOBAL( Clock),  VCC,  VCC);

-- Node name is '|rgi:18|:20' = '|rgi:18|RGi' 
-- Equation name is '_LC2_A2', type is buried 
_LC2_A2  = DFF( D12, GLOBAL( Clock),  VCC,  VCC);

-- Node name is '|rgi:19|:20' = '|rgi:19|RGi' 
-- Equation name is '_LC4_A1', type is buried 
_LC4_A1  = DFF( D13, GLOBAL( Clock),  VCC,  VCC);

-- Node name is '|rgi:20|:20' = '|rgi:20|RGi' 
-- Equation name is '_LC3_A1', type is buried 
_LC3_A1  = DFF( D14, GLOBAL( Clock),  VCC,  VCC);

-- Node name is '|rgi:21|:20' = '|rgi:21|RGi' 
-- Equation name is '_LC2_A1', type is buried 
_LC2_A1  = DFF( D15, GLOBAL( Clock),  VCC,  VCC);

-- Node name is '|rgi:22|:20' = '|rgi:22|RGi' 
-- Equation name is '_LC1_A1', type is buried 
_LC1_A1  = DFF( D16, GLOBAL( Clock),  VCC,  VCC);

-- Node name is '|rgi:23|:20' = '|rgi:23|RGi' 
-- Equation name is '_LC1_A11', type is buried 
_LC1_A11 = DFF( D17, GLOBAL( Clock),  VCC,  VCC);

-- Node name is '|rgi:24|:20' = '|rgi:24|RGi' 
-- Equation name is '_LC1_A7', type is buried 
_LC1_A7  = DFF( D18, GLOBAL( Clock),  VCC,  VCC);

-- Node name is '|rgi:25|:20' = '|rgi:25|RGi' 
-- Equation name is '_LC2_A4', type is buried 
_LC2_A4  = DFF( D19, GLOBAL( Clock),  VCC,  VCC);

-- Node name is '|rgi:26|:20' = '|rgi:26|RGi' 
-- Equation name is '_LC2_A10', type is buried 
_LC2_A10 = DFF( D20, GLOBAL( Clock),  VCC,  VCC);

-- Node name is '|rgi:27|:20' = '|rgi:27|RGi' 
-- Equation name is '_LC2_A11', type is buried 
_LC2_A11 = DFF( D21, GLOBAL( Clock),  VCC,  VCC);

-- Node name is '|rgi:28|:20' = '|rgi:28|RGi' 
-- Equation name is '_LC2_A8', type is buried 
_LC2_A8  = DFF( D22, GLOBAL( Clock),  VCC,  VCC);

-- Node name is '|rgi:29|:20' = '|rgi:29|RGi' 
-- Equation name is '_LC4_A5', type is buried 
_LC4_A5  = DFF( D23, GLOBAL( Clock),  VCC,  VCC);



Project Information                                      c:\kslabs\lab5\rg.rpt

** COMPILATION SETTINGS & TIMES **

Processing Menu Commands
------------------------

Design Doctor                             = off

Logic Synthesis:

   Synthesis Type Used                    = Multi-Level

   Default Synthesis Style                = NORMAL

      Logic option settings in 'NORMAL' style for 'FLEX6000' family

      CARRY_CHAIN                         = ignore
      CARRY_CHAIN_LENGTH                  = 32
      CASCADE_CHAIN                       = ignore
      CASCADE_CHAIN_LENGTH                = 2
      DECOMPOSE_GATES                     = on
      DUPLICATE_LOGIC_EXTRACTION          = on
      MINIMIZATION                        = full
      MULTI_LEVEL_FACTORING               = on
      NOT_GATE_PUSH_BACK                  = on
      REDUCE_LOGIC                        = on
      REFACTORIZATION                     = on
      REGISTER_OPTIMIZATION               = on
      RESYNTHESIZE_NETWORK                = on
      SLOW_SLEW_RATE                      = off
      SUBFACTOR_EXTRACTION                = on
      IGNORE_SOFT_BUFFERS                 = on
      USE_LPM_FOR_AHDL_OPERATORS          = off

   Other logic synthesis settings:

      Automatic Global Clock              = on
      Automatic Global Clear              = on
      Automatic Global Preset             = on
      Automatic Global Output Enable      = on
      Automatic Fast I/O                  = off
      Automatic Register Packing          = off
      Automatic Open-Drain Pins           = on
      Automatic Implement in EAB          = off
      Optimize                            = 5

Default Timing Specifications: None

Cut All Bidir Feedback Timing Paths       = on
Cut All Clear & Preset Timing Paths       = on

Ignore Timing Assignments                 = off

Functional SNF Extractor                  = off

Linked SNF Extractor                      = off
Timing SNF Extractor                      = on
Optimize Timing SNF                       = off
Generate AHDL TDO File                    = off
Fitter Settings                           = NORMAL
Smart Recompile                           = off
Total Recompile                           = off

Interfaces Menu Commands
------------------------

EDIF Netlist Writer                       = off
Verilog Netlist Writer                    = off
VHDL Netlist Writer                       = off

Compilation Times
-----------------

   Compiler Netlist Extractor             00:00:00
   Database Builder                       00:00:00
   Logic Synthesizer                      00:00:00
   Partitioner                            00:00:01
   Fitter                                 00:00:02
   Timing SNF Extractor                   00:00:00
   Assembler                              00:00:00
   --------------------------             --------
   Total Time                             00:00:03


Memory Allocated
-----------------

Peak memory allocated during compilation  = 11,146K
