c:\Users\User\documents\visual studio 2010\Projects\lab9C\lab9C\Debug\cl.command.1.tlog
c:\Users\User\documents\visual studio 2010\Projects\lab9C\lab9C\Debug\CL.read.1.tlog
c:\Users\User\documents\visual studio 2010\Projects\lab9C\lab9C\Debug\CL.write.1.tlog
c:\Users\User\documents\visual studio 2010\Projects\lab9C\lab9C\Debug\lab9C.exe.embed.manifest
C:\USERS\USER\DOCUMENTS\VISUAL STUDIO 2010\PROJECTS\LAB9C\LAB9C\DEBUG\LAB9C.EXE.EMBED.MANIFEST.RES
C:\USERS\USER\DOCUMENTS\VISUAL STUDIO 2010\PROJECTS\LAB9C\LAB9C\DEBUG\LAB9C.OBJ
C:\USERS\USER\DOCUMENTS\VISUAL STUDIO 2010\PROJECTS\LAB9C\LAB9C\DEBUG\LAB9C.PCH
C:\USERS\USER\DOCUMENTS\VISUAL STUDIO 2010\PROJECTS\LAB9C\LAB9C\DEBUG\LAB9C.RES
c:\Users\User\documents\visual studio 2010\Projects\lab9C\lab9C\Debug\lab9C.vcxprojResolveAssemblyReference.cache
c:\Users\User\documents\visual studio 2010\Projects\lab9C\lab9C\Debug\lab9C.write.1.tlog
c:\Users\User\documents\visual studio 2010\Projects\lab9C\lab9C\Debug\lab9C_manifest.rc
c:\Users\User\documents\visual studio 2010\Projects\lab9C\lab9C\Debug\link.command.1.tlog
c:\Users\User\documents\visual studio 2010\Projects\lab9C\lab9C\Debug\link.read.1.tlog
c:\Users\User\documents\visual studio 2010\Projects\lab9C\lab9C\Debug\link.write.1.tlog
c:\Users\User\documents\visual studio 2010\Projects\lab9C\lab9C\Debug\longop.obj
c:\Users\User\documents\visual studio 2010\Projects\lab9C\lab9C\Debug\module.obj
c:\Users\User\documents\visual studio 2010\Projects\lab9C\lab9C\Debug\rc.command.1.tlog
c:\Users\User\documents\visual studio 2010\Projects\lab9C\lab9C\Debug\rc.read.1.tlog
c:\Users\User\documents\visual studio 2010\Projects\lab9C\lab9C\Debug\rc.write.1.tlog
C:\USERS\USER\DOCUMENTS\VISUAL STUDIO 2010\PROJECTS\LAB9C\LAB9C\DEBUG\STDAFX.OBJ
c:\Users\User\documents\visual studio 2010\Projects\lab9C\lab9C\Debug\vc100.idb
C:\USERS\USER\DOCUMENTS\VISUAL STUDIO 2010\PROJECTS\LAB9C\LAB9C\DEBUG\VC100.PDB
