Build started 17.09.2013 13:17:10.
     1>Project "E:\SkyDrive\Documents\Science\System_programming\5sem\labs\tasks\spLb1_VS2010\spLb2\spLb2.vcxproj" on node 2 (build target(s)).
     1>InitializeBuildStatus:
         Creating ".\Debug\spLb2.unsuccessfulbuild" because "AlwaysCreate" was specified.
       ClCompile:
         E:\Program Files (x86)\Microsoft Visual Studio 10.0\VC\bin\CL.exe /c /ZI /nologo /W3 /WX- /Od /Oy- /D WIN32 /D _DEBUG /D _CONSOLE /D _VC80_UPGRADE=0x0600 /D _MBCS /Gm /EHsc /RTC1 /MTd /GS /Gy- /fp:precise /Zc:wchar_t /Zc:forScope /Yc"stdafx.h" /Fp".\Debug\spLb2.pch" /Fo".\Debug\\" /Fd".\Debug\vc100.pdb" /Gd /TP /analyze- /errorReport:prompt StdAfx.cpp
         StdAfx.cpp
         E:\Program Files (x86)\Microsoft Visual Studio 10.0\VC\bin\CL.exe /c /ZI /nologo /W3 /WX- /Od /Oy- /D WIN32 /D _DEBUG /D _CONSOLE /D _VC80_UPGRADE=0x0600 /D _MBCS /Gm /EHsc /RTC1 /MTd /GS /Gy- /fp:precise /Zc:wchar_t /Zc:forScope /Yu"stdafx.h" /Fp".\Debug\spLb2.pch" /Fo".\Debug\\" /Fd".\Debug\vc100.pdb" /Gd /TP /analyze- /errorReport:prompt dyntab.cpp index.cpp spLb2.cpp ..\tables.cpp ..\vistab.cpp vistbx.cpp
         vistbx.cpp
         vistab.cpp
         tables.cpp
     1>e:\skydrive\documents\science\system_programming\5sem\labs\tasks\splb1_vs2010\tables.cpp(112): warning C4554: '>>' : check operator precedence for possible error; use parentheses to clarify precedence
         spLb2.cpp
         index.cpp
         dyntab.cpp
         Generating Code...
       ManifestResourceCompile:
         C:\Program Files (x86)\Microsoft SDKs\Windows\v7.0A\bin\rc.exe /nologo /fo".\Debug\spLb2.exe.embed.manifest.res" .\Debug\spLb2_manifest.rc 
       Link:
         E:\Program Files (x86)\Microsoft Visual Studio 10.0\VC\bin\link.exe /ERRORREPORT:PROMPT /OUT:".\Debug\spLb2.exe" /INCREMENTAL /NOLOGO odbc32.lib odbccp32.lib kernel32.lib user32.lib gdi32.lib winspool.lib comdlg32.lib advapi32.lib shell32.lib ole32.lib oleaut32.lib uuid.lib odbc32.lib odbccp32.lib /MANIFEST /ManifestFile:".\Debug\spLb2.exe.intermediate.manifest" /MANIFESTUAC:"level='asInvoker' uiAccess='false'" /DEBUG /PDB:"E:\SkyDrive\Documents\Science\System_programming\5sem\labs\tasks\spLb1_VS2010\spLb2\Debug\spLb2.pdb" /SUBSYSTEM:CONSOLE /TLBID:1 /DYNAMICBASE /NXCOMPAT /IMPLIB:".\Debug\spLb2.lib" /MACHINE:X86 .\Debug\spLb2.exe.embed.manifest.res
         .\Debug\dyntab.obj
         .\Debug\index.obj
         .\Debug\spLb2.obj
         .\Debug\StdAfx.obj
         .\Debug\tables.obj
         .\Debug\vistab.obj
         .\Debug\vistbx.obj
       Manifest:
         C:\Program Files (x86)\Microsoft SDKs\Windows\v7.0A\bin\mt.exe /nologo /verbose /out:".\Debug\spLb2.exe.embed.manifest" /manifest .\Debug\spLb2.exe.intermediate.manifest
         C:\Program Files (x86)\Microsoft SDKs\Windows\v7.0A\bin\rc.exe /nologo /fo".\Debug\spLb2.exe.embed.manifest.res" .\Debug\spLb2_manifest.rc 
       LinkEmbedManifest:
         E:\Program Files (x86)\Microsoft Visual Studio 10.0\VC\bin\link.exe /ERRORREPORT:PROMPT /OUT:".\Debug\spLb2.exe" /INCREMENTAL /NOLOGO odbc32.lib odbccp32.lib kernel32.lib user32.lib gdi32.lib winspool.lib comdlg32.lib advapi32.lib shell32.lib ole32.lib oleaut32.lib uuid.lib odbc32.lib odbccp32.lib /MANIFEST /ManifestFile:".\Debug\spLb2.exe.intermediate.manifest" /MANIFESTUAC:"level='asInvoker' uiAccess='false'" /DEBUG /PDB:"E:\SkyDrive\Documents\Science\System_programming\5sem\labs\tasks\spLb1_VS2010\spLb2\Debug\spLb2.pdb" /SUBSYSTEM:CONSOLE /TLBID:1 /DYNAMICBASE /NXCOMPAT /IMPLIB:".\Debug\spLb2.lib" /MACHINE:X86 .\Debug\spLb2.exe.embed.manifest.res
         .\Debug\dyntab.obj
         .\Debug\index.obj
         .\Debug\spLb2.obj
         .\Debug\StdAfx.obj
         .\Debug\tables.obj
         .\Debug\vistab.obj
         .\Debug\vistbx.obj
         spLb2.vcxproj -> E:\SkyDrive\Documents\Science\System_programming\5sem\labs\tasks\spLb1_VS2010\spLb2\.\Debug\spLb2.exe
       FinalizeBuildStatus:
         Deleting file ".\Debug\spLb2.unsuccessfulbuild".
         Touching ".\Debug\spLb2.lastbuildstate".
     1>Done Building Project "E:\SkyDrive\Documents\Science\System_programming\5sem\labs\tasks\spLb1_VS2010\spLb2\spLb2.vcxproj" (build target(s)).

Build succeeded.

Time Elapsed 00:00:04.67
