.\Debug\spLb1.ilk
.\Debug\spLb1.pdb
C:\Users\Vova\Study data\СП\spLb1\spLb1\.\Debug\spLb1.exe
C:\Users\Vova\Study data\СП\spLb1\spLb1\.\Debug\spLb1.exe.intermediate.manifest
C:\Users\Vova\Study data\СП\spLb1\spLb1\Debug\cl.command.1.tlog
C:\Users\Vova\Study data\СП\spLb1\spLb1\Debug\CL.read.1.tlog
C:\Users\Vova\Study data\СП\spLb1\spLb1\Debug\CL.write.1.tlog
C:\Users\Vova\Study data\СП\spLb1\spLb1\Debug\link.command.1.tlog
C:\Users\Vova\Study data\СП\spLb1\spLb1\Debug\link.read.1.tlog
C:\Users\Vova\Study data\СП\spLb1\spLb1\Debug\link.write.1.tlog
C:\Users\Vova\Study data\СП\spLb1\spLb1\Debug\mt.command.1.tlog
C:\Users\Vova\Study data\СП\spLb1\spLb1\Debug\mt.read.1.tlog
C:\Users\Vova\Study data\СП\spLb1\spLb1\Debug\mt.write.1.tlog
C:\USERS\VOVA\STUDY DATA\СП\SPLB1\SPLB1\DEBUG\SPLB1.EXE
C:\USERS\VOVA\STUDY DATA\СП\SPLB1\SPLB1\DEBUG\SPLB1.EXE.INTERMEDIATE.MANIFEST
C:\USERS\VOVA\STUDY DATA\СП\SPLB1\SPLB1\DEBUG\SPLB1.ILK
C:\USERS\VOVA\STUDY DATA\СП\SPLB1\SPLB1\DEBUG\SPLB1.OBJ
C:\USERS\VOVA\STUDY DATA\СП\SPLB1\SPLB1\DEBUG\SPLB1.PCH
C:\USERS\VOVA\STUDY DATA\СП\SPLB1\SPLB1\DEBUG\SPLB1.PDB
C:\Users\Vova\Study data\СП\spLb1\spLb1\Debug\spLb1.vcxprojResolveAssemblyReference.cache
C:\Users\Vova\Study data\СП\spLb1\spLb1\Debug\spLb1.write.1.tlog
C:\USERS\VOVA\STUDY DATA\СП\SPLB1\SPLB1\DEBUG\STDAFX.OBJ
C:\USERS\VOVA\STUDY DATA\СП\SPLB1\SPLB1\DEBUG\TABLES.OBJ
C:\Users\Vova\Study data\СП\spLb1\spLb1\Debug\vc100.idb
C:\USERS\VOVA\STUDY DATA\СП\SPLB1\SPLB1\DEBUG\VC100.PDB
