Project Information                          d:\maxplus2\max2lib\lab4\d8_4.rpt

MAX+plus II Compiler Report File
Version 10.1 06/12/2001
Compiled: 10/26/2010 23:04:10

Copyright (C) 1988-2001 Altera Corporation
Any megafunction design, and related net list (encrypted or decrypted),
support information, device programming or simulation file, and any other
associated documentation or information provided by Altera or a partner
under Altera's Megafunction Partnership Program may be used only to
program PLD devices (but not masked PLD devices) from Altera.  Any other
use of such megafunction design, net list, support information, device
programming or simulation file, or any other related documentation or
information is prohibited for any other purpose, including, but not
limited to modification, reverse engineering, de-compiling, or use with
any other silicon devices, unless such use is explicitly licensed under
a separate agreement with Altera or a megafunction partner.  Title to
the intellectual property, including patents, copyrights, trademarks,
trade secrets, or maskworks, embodied in any such megafunction design,
net list, support information, device programming or simulation file, or
any other related documentation or information provided by Altera or a
megafunction partner, remains with Altera, the megafunction partner, or
their respective licensors.  No other licenses, including any licenses
needed under any third party's intellectual property, are provided herein.



***** Project compilation was successful




** DEVICE SUMMARY **

Chip/                     Input   Output   Bidir 			    LCs
POF       Device          Pins    Pins     Pins      LCs    % Utilized

d8_4      EP1810LC-20      24       32       0       41          85 %

User Pins:                 24       32       0  



Project Information                          d:\maxplus2\max2lib\lab4\d8_4.rpt

** PROJECT COMPILATION MESSAGES **

Warning: No superset bus at connection -- "AQ[1..0]"
Warning: No superset bus at connection -- "AQ[1..0]"
Warning: No superset bus at connection -- "AQ[1..0]"
Warning: No superset bus at connection -- "AQ[1..0]"
Warning: No superset bus at connection -- "AQ[1..0]"
Warning: No superset bus at connection -- "AQ[1..0]"
Warning: No superset bus at connection -- "AQ[1..0]"
Warning: No superset bus at connection -- "AQ[1..0]"
Warning: No superset bus at connection -- "AQ[1..0]"
Warning: No superset bus at connection -- "AQ[1..0]"
Warning: No superset bus at connection -- "AQ[1..0]"
Warning: No superset bus at connection -- "AQ[1..0]"
Warning: No superset bus at connection -- "AQ[1..0]"
Warning: No superset bus at connection -- "AQ[1..0]"
Warning: No superset bus at connection -- "AQ[1..0]"
Warning: No superset bus at connection -- "AQ[1..0]"
Warning: No superset bus at connection -- "AQ[1..0]"
Warning: No superset bus at connection -- "AQ[1..0]"
Warning: No superset bus at connection -- "AQ[1..0]"
Warning: No superset bus at connection -- "AQ[1..0]"
Warning: No superset bus at connection -- "AQ[1..0]"
Warning: No superset bus at connection -- "AQ[1..0]"
Warning: No superset bus at connection -- "P[7..0]"
Warning: No superset bus at connection -- "P[7..0]"
Warning: No superset bus at connection -- "P[7..0]"
Warning: No superset bus at connection -- "P[7..0]"
Warning: No superset bus at connection -- "P[7..0]"
Warning: No superset bus at connection -- "P[7..0]"
Warning: No superset bus at connection -- "P[7..0]"
Warning: No superset bus at connection -- "P[7..0]"
Warning: No superset bus at connection -- "P[7..0]"
Warning: No superset bus at connection -- "P[7..0]"
Warning: No superset bus at connection -- "P[7..0]"
Warning: No superset bus at connection -- "P[7..0]"
Warning: No superset bus at connection -- "P[7..0]"
Warning: No superset bus at connection -- "P[7..0]"
Warning: No superset bus at connection -- "P[7..0]"
Warning: No superset bus at connection -- "P[7..0]"
Warning: No superset bus at connection -- "P[7..0]"
Warning: No superset bus at connection -- "P[7..0]"
Warning: No superset bus at connection -- "P[7..0]"
Warning: No superset bus at connection -- "P[7..0]"
Warning: No superset bus at connection -- "P[7..0]"
Warning: No superset bus at connection -- "P[7..0]"
Warning: No superset bus at connection -- "P[7..0]"
Warning: No superset bus at connection -- "P[7..0]"
Warning: No superset bus at connection -- "P[7..0]"
Warning: No superset bus at connection -- "P[7..0]"
Warning: No superset bus at connection -- "P[7..0]"
Warning: No superset bus at connection -- "P[7..0]"
Warning: No superset bus at connection -- "P[7..0]"
Warning: No superset bus at connection -- "P[7..0]"
Warning: No superset bus at connection -- "P[7..0]"
Warning: No superset bus at connection -- "P[7..0]"
Warning: No superset bus at connection -- "P[7..0]"
Warning: No superset bus at connection -- "P[7..0]"
Warning: No superset bus at connection -- "P[7..0]"
Warning: No superset bus at connection -- "P[7..0]"


Project Information                          d:\maxplus2\max2lib\lab4\d8_4.rpt

** FILE HIERARCHY **



|c4:14|
|cxcy4:19|
|d8_1:22|
|d8_1:22|d1:24|
|d8_1:22|d1:30|
|d8_1:22|d1:31|
|d8_1:22|d1:28|
|d8_1:22|d1:29|
|d8_1:22|d1:27|
|d8_1:22|d1:26|
|d8_1:22|d1:25|
|d8_1:25|
|d8_1:25|d1:24|
|d8_1:25|d1:30|
|d8_1:25|d1:31|
|d8_1:25|d1:28|
|d8_1:25|d1:29|
|d8_1:25|d1:27|
|d8_1:25|d1:26|
|d8_1:25|d1:25|
|d8_1:24|
|d8_1:24|d1:24|
|d8_1:24|d1:30|
|d8_1:24|d1:31|
|d8_1:24|d1:28|
|d8_1:24|d1:29|
|d8_1:24|d1:27|
|d8_1:24|d1:26|
|d8_1:24|d1:25|
|d8_1:23|
|d8_1:23|d1:24|
|d8_1:23|d1:30|
|d8_1:23|d1:31|
|d8_1:23|d1:28|
|d8_1:23|d1:29|
|d8_1:23|d1:27|
|d8_1:23|d1:26|
|d8_1:23|d1:25|


Device-Specific Information:                 d:\maxplus2\max2lib\lab4\d8_4.rpt
d8_4

***** Logic for device 'd8_4' compiled without errors.




Device: EP1810LC-20

Device Options:
    Turbo Bit                                    = ON
    Security Bit                                 = OFF

                                                                 
                                                                 
                                                                 
                                                                 
              Q  Q  Q  Q  Q  Q  Q  Q     Q  Q  Q  Q  Q  Q  Q  Q  
              1  3  3  3  3  3  3  3  G  0  0  0  0  0  0  1  3  
              _  _  _  _  _  _  _  _  N  _  _  _  _  _  _  _  _  
              1  1  2  3  4  5  6  7  D  0  1  2  3  4  5  0  0  
            -----------------------------------------------------_ 
          /   9  8  7  6  5  4  3  2  1 68 67 66 65 64 63 62 61   | 
      Q4 | 10                                                  60 | RESERVED 
      Q5 | 11                                                  59 | RESERVED 
      Q6 | 12                                                  58 | RESERVED 
      Q7 | 13                                                  57 | RESERVED 
      P5 | 14                                                  56 | ABP 
      P4 | 15                                                  55 | ABQ 
      P3 | 16                                                  54 | AP0 
      P6 | 17                                                  53 | WQ 
     VCC | 18                   EP1810LC-20                    52 | VCC 
      P7 | 19                                                  51 | WP 
      P2 | 20                                                  50 | AP1 
      P1 | 21                                                  49 | AQ0 
      P0 | 22                                                  48 | AQ1 
RESERVED | 23                                                  47 | Q3 
RESERVED | 24                                                  46 | Q0 
      Q1 | 25                                                  45 | RESERVED 
      Q2 | 26                                                  44 | RESERVED 
         |_  27 28 29 30 31 32 33 34 35 36 37 38 39 40 41 42 43  _| 
           ------------------------------------------------------ 
              Q  Q  Q  Q  Q  Q  Q  Q  G  Q  Q  Q  Q  Q  Q  Q  Q  
              2  2  2  2  2  2  2  2  N  1  1  1  1  1  1  0  0  
              _  _  _  _  _  _  _  _  D  _  _  _  _  _  _  _  _  
              7  6  5  4  3  2  1  0     7  6  5  4  3  2  7  6  
                                                                 
                                                                 
                                                                 
                                                                 


N.C. = No Connect. This pin has no internal connection to the device.
VCC = Dedicated power pin, which MUST be connected to VCC.
GND = Dedicated ground pin or unused dedicated input, which MUST be connected to GND.
RESERVED = Unused I/O pin, which MUST be left unconnected.



Device-Specific Information:                 d:\maxplus2\max2lib\lab4\d8_4.rpt
d8_4

** RESOURCE USAGE **

Logic Array Block     Logic Cells   I/O Pins       

A:     LC1 - LC12     8/12( 66%)  12/12(100%) 
B:    LC13 - LC24    11/12( 91%)  10/12( 83%) 
C:    LC25 - LC36    10/12( 83%)  10/12( 83%) 
D:    LC37 - LC48    12/12(100%)   8/12( 66%) 


Total dedicated input pins used:                16/16     (100%)
Total I/O pins used:                            40/48     ( 83%)
Total logic cells used:                         41/48     ( 85%)
Average fan-in:                                  12.00
Total fan-in:                                   492

Total input pins required:                      24
Total output pins required:                     32
Total bidirectional pins required:               0
Total logic cells required:                     41
Total flipflops required:                       32

Synthesized logic cells:                         9/  48   ( 18%)



Device-Specific Information:                 d:\maxplus2\max2lib\lab4\d8_4.rpt
d8_4

** INPUTS **

                                        Fan-In    Fan-Out
 Pin     LC  LAB  Primitive    Code   INP  FBK  OUT  FBK  Name
  56      -   -       INPUT              0    0   32    5  ABP
  55      -   -       INPUT              0    0   32    5  ABQ
  54      -   -       INPUT              0    0   32    6  AP0
  50      -   -       INPUT              0    0   32    6  AP1
  49      -   -       INPUT              0    0   32    6  AQ0
  48      -   -       INPUT              0    0   32    6  AQ1
  22      -   -       INPUT              0    0    4    0  P0
  21      -   -       INPUT              0    0    4    0  P1
  20      -   -       INPUT              0    0    4    0  P2
  16      -   -       INPUT              0    0    4    0  P3
  15      -   -       INPUT              0    0    4    0  P4
  14      -   -       INPUT              0    0    4    0  P5
  17      -   -       INPUT              0    0    4    0  P6
  19      -   -       INPUT              0    0    4    0  P7
  46   (35)  (C)      INPUT     g        0    0    4    0  Q0
  25   (15)  (B)      INPUT     g        0    0    4    0  Q1
  26   (16)  (B)      INPUT     g        0    0    4    0  Q2
  47   (36)  (C)      INPUT     g        0    0    4    0  Q3
  10    (9)  (A)      INPUT     g        0    0    4    0  Q4
  11   (10)  (A)      INPUT     g        0    0    4    0  Q5
  12   (11)  (A)      INPUT     g        0    0    4    0  Q6
  13   (12)  (A)      INPUT     g        0    0    4    0  Q7
  51      -   -       INPUT              0    0   32    5  WP
  53      -   -       INPUT              0    0   32    5  WQ


Code:

g = Global logic cell
s = Synthesized pin or logic cell
+ = Synchronous flipflop
! = NOT gate push-back
r = Fitter-inserted logic cell


Device-Specific Information:                 d:\maxplus2\max2lib\lab4\d8_4.rpt
d8_4

** OUTPUTS **

                                        Fan-In    Fan-Out
 Pin     LC  LAB  Primitive    Code   INP  FBK  OUT  FBK  Name
  68     48    D         FF             10    4    0    0  Q0_0 (|d8_1:25|d1:31|:9)
  67     47    D         FF             10    4    0    0  Q0_1 (|d8_1:25|d1:30|:9)
  66     46    D         FF             10    4    0    0  Q0_2 (|d8_1:25|d1:29|:9)
  65     45    D         FF             10    4    0    0  Q0_3 (|d8_1:25|d1:28|:9)
  64     44    D         FF             10    4    0    0  Q0_4 (|d8_1:25|d1:27|:9)
  63     43    D         FF             10    4    0    0  Q0_5 (|d8_1:25|d1:26|:9)
  43     32    C         FF             10    4    0    0  Q0_6 (|d8_1:25|d1:25|:9)
  42     31    C         FF             10    4    0    0  Q0_7 (|d8_1:25|d1:24|:9)
  62     42    D         FF             10    4    0    0  Q1_0 (|d8_1:24|d1:31|:9)
   9      8    A         FF             10    4    0    0  Q1_1 (|d8_1:24|d1:30|:9)
  41     30    C         FF             10    4    0    0  Q1_2 (|d8_1:24|d1:29|:9)
  40     29    C         FF             10    4    0    0  Q1_3 (|d8_1:24|d1:28|:9)
  39     28    C         FF             10    4    0    0  Q1_4 (|d8_1:24|d1:27|:9)
  38     27    C         FF             10    4    0    0  Q1_5 (|d8_1:24|d1:26|:9)
  37     26    C         FF             10    4    0    0  Q1_6 (|d8_1:24|d1:25|:9)
  36     25    C         FF             10    4    0    0  Q1_7 (|d8_1:24|d1:24|:9)
  34     24    B         FF             10    4    0    0  Q2_0 (|d8_1:23|d1:31|:9)
  33     23    B         FF             10    4    0    0  Q2_1 (|d8_1:23|d1:30|:9)
  32     22    B         FF             10    4    0    0  Q2_2 (|d8_1:23|d1:29|:9)
  31     21    B         FF             10    4    0    0  Q2_3 (|d8_1:23|d1:28|:9)
  30     20    B         FF             10    4    0    0  Q2_4 (|d8_1:23|d1:27|:9)
  29     19    B         FF             10    4    0    0  Q2_5 (|d8_1:23|d1:26|:9)
  28     18    B         FF             10    4    0    0  Q2_6 (|d8_1:23|d1:25|:9)
  27     17    B         FF             10    4    0    0  Q2_7 (|d8_1:23|d1:24|:9)
  61     41    D         FF             10    4    0    0  Q3_0 (|d8_1:22|d1:31|:9)
   8      7    A         FF             10    4    0    0  Q3_1 (|d8_1:22|d1:30|:9)
   7      6    A         FF             10    4    0    0  Q3_2 (|d8_1:22|d1:29|:9)
   6      5    A         FF             10    4    0    0  Q3_3 (|d8_1:22|d1:28|:9)
   5      4    A         FF             10    4    0    0  Q3_4 (|d8_1:22|d1:27|:9)
   4      3    A         FF             10    4    0    0  Q3_5 (|d8_1:22|d1:26|:9)
   3      2    A         FF             10    4    0    0  Q3_6 (|d8_1:22|d1:25|:9)
   2      1    A         FF             10    4    0    0  Q3_7 (|d8_1:22|d1:24|:9)


Code:

g = Global logic cell
s = Synthesized pin or logic cell
+ = Synchronous flipflop
! = NOT gate push-back
r = Fitter-inserted logic cell


Device-Specific Information:                 d:\maxplus2\max2lib\lab4\d8_4.rpt
d8_4

** BURIED LOGIC **

                                        Fan-In    Fan-Out
 Pin     LC  LAB  Primitive    Code   INP  FBK  OUT  FBK  Name
 (44)    33    C       SOFT    sg        4    0    8    0  |c4:14|C3~1 (|c4:14|~1~1)
 (45)    34    C       SOFT    sg        6    0   16    0  |c4:14|C2~1 (|c4:14|~14~1)
 (26)    16    B       SOFT    s         4    0    8    0  |c4:14|C2~2 (|c4:14|~14~2)
 (23)    13    B       SOFT    sg        6    0   16    0  |c4:14|C1~1 (|c4:14|~18~1)
 (24)    14    B       SOFT    sg        4    0    8    0  |c4:14|C1~2 (|c4:14|~18~2)
 (57)    37    D       SOFT    sg        4    0   32    0  |c4:14|C0~1 (|c4:14|~22~1)
 (58)    38    D       SOFT    sg        6    0   16    0  |c4:14|C0~2 (|c4:14|~22~2)
 (59)    39    D       SOFT    sg        6    0   16    0  |c4:14|C0~3 (|c4:14|~22~3)
 (60)    40    D       SOFT    sg        4    0    8    0  |c4:14|C0~4 (|c4:14|~22~4)


Code:

g = Global logic cell
s = Synthesized pin or logic cell
+ = Synchronous flipflop
! = NOT gate push-back
r = Fitter-inserted logic cell


Device-Specific Information:                 d:\maxplus2\max2lib\lab4\d8_4.rpt
d8_4

** LOGIC CELL INTERCONNECTIONS **

                         Logic cells placed in LAB 'A'
        +--------------- LC8 Q1_1
        | +------------- LC7 Q3_1
        | | +----------- LC6 Q3_2
        | | | +--------- LC5 Q3_3
        | | | | +------- LC4 Q3_4
        | | | | | +----- LC3 Q3_5
        | | | | | | +--- LC2 Q3_6
        | | | | | | | +- LC1 Q3_7
        | | | | | | | | 
        | | | | | | | |   Other LABs fed by signals
        | | | | | | | |   that feed LAB 'A'
LC      | | | | | | | | 
LC8  -> - - - - - - - - | <-- Q1_1
LC7  -> - - - - - - - - | <-- Q3_1
LC6  -> - - - - - - - - | <-- Q3_2
LC5  -> - - - - - - - - | <-- Q3_3
LC4  -> - - - - - - - - | <-- Q3_4
LC3  -> - - - - - - - - | <-- Q3_5
LC2  -> - - - - - - - - | <-- Q3_6
LC1  -> - - - - - - - - | <-- Q3_7

Pin
56   -> @ @ @ @ @ @ @ @ | <-- ABP
55   -> @ @ @ @ @ @ @ @ | <-- ABQ
54   -> @ @ @ @ @ @ @ @ | <-- AP0
50   -> @ @ @ @ @ @ @ @ | <-- AP1
49   -> @ @ @ @ @ @ @ @ | <-- AQ0
48   -> @ @ @ @ @ @ @ @ | <-- AQ1
22   -> - - - - - - - - | <-- P0
21   -> @ @ - - - - - - | <-- P1
20   -> - - @ - - - - - | <-- P2
16   -> - - - @ - - - - | <-- P3
15   -> - - - - @ - - - | <-- P4
14   -> - - - - - @ - - | <-- P5
17   -> - - - - - - @ - | <-- P6
19   -> - - - - - - - @ | <-- P7
25   -> * * - - - - - - | <-- Q1
26   -> - - * - - - - - | <-- Q2
47   -> - - - * - - - - | <-- Q3
10   -> - - - - * - - - | <-- Q4
11   -> - - - - - * - - | <-- Q5
12   -> - - - - - - * - | <-- Q6
13   -> - - - - - - - * | <-- Q7
51   -> @ @ @ @ @ @ @ @ | <-- WP
53   -> @ @ @ @ @ @ @ @ | <-- WQ
LC33 -> - * * * * * * * | <-- |c4:14|C3~1
LC34 -> - * * * * * * * | <-- |c4:14|C2~1
LC13 -> * * * * * * * * | <-- |c4:14|C1~1
LC14 -> * - - - - - - - | <-- |c4:14|C1~2
LC37 -> * * * * * * * * | <-- |c4:14|C0~1
LC39 -> * - - - - - - - | <-- |c4:14|C0~3


* = The logic cell or pin is an input to the logic cell (or LAB) through the PIA.
@ = The input pin or logic cell feeds the logic cell (or LAB) using direct interconnect.
- = The logic cell or pin is not an input to the logic cell (or LAB).


Device-Specific Information:                 d:\maxplus2\max2lib\lab4\d8_4.rpt
d8_4

** LOGIC CELL INTERCONNECTIONS **

                               Logic cells placed in LAB 'B'
        +--------------------- LC16 |c4:14|C2~2
        | +------------------- LC13 |c4:14|C1~1
        | | +----------------- LC14 |c4:14|C1~2
        | | | +--------------- LC24 Q2_0
        | | | | +------------- LC23 Q2_1
        | | | | | +----------- LC22 Q2_2
        | | | | | | +--------- LC21 Q2_3
        | | | | | | | +------- LC20 Q2_4
        | | | | | | | | +----- LC19 Q2_5
        | | | | | | | | | +--- LC18 Q2_6
        | | | | | | | | | | +- LC17 Q2_7
        | | | | | | | | | | | 
        | | | | | | | | | | |   Other LABs fed by signals
        | | | | | | | | | | |   that feed LAB 'B'
LC      | | | | | | | | | | | 
LC16 -> - - - @ @ @ @ @ @ @ @ | <-- |c4:14|C2~2
LC13 -> - - - - - - - - - - - | <-- |c4:14|C1~1
LC14 -> - - - - - - - - - - - | <-- |c4:14|C1~2
LC24 -> - - - - - - - - - - - | <-- Q2_0
LC23 -> - - - - - - - - - - - | <-- Q2_1
LC22 -> - - - - - - - - - - - | <-- Q2_2
LC21 -> - - - - - - - - - - - | <-- Q2_3
LC20 -> - - - - - - - - - - - | <-- Q2_4
LC19 -> - - - - - - - - - - - | <-- Q2_5
LC18 -> - - - - - - - - - - - | <-- Q2_6
LC17 -> - - - - - - - - - - - | <-- Q2_7

Pin
56   -> - @ - @ @ @ @ @ @ @ @ | <-- ABP
55   -> - @ - @ @ @ @ @ @ @ @ | <-- ABQ
54   -> @ @ @ @ @ @ @ @ @ @ @ | <-- AP0
50   -> @ - @ @ @ @ @ @ @ @ @ | <-- AP1
49   -> @ @ @ @ @ @ @ @ @ @ @ | <-- AQ0
48   -> @ - @ @ @ @ @ @ @ @ @ | <-- AQ1
22   -> - - - @ - - - - - - - | <-- P0
21   -> - - - - @ - - - - - - | <-- P1
20   -> - - - - - @ - - - - - | <-- P2
16   -> - - - - - - @ - - - - | <-- P3
15   -> - - - - - - - @ - - - | <-- P4
14   -> - - - - - - - - @ - - | <-- P5
17   -> - - - - - - - - - @ - | <-- P6
19   -> - - - - - - - - - - @ | <-- P7
46   -> - - - * - - - - - - - | <-- Q0
25   -> - - - - * - - - - - - | <-- Q1
26   -> - - - - - * - - - - - | <-- Q2
47   -> - - - - - - * - - - - | <-- Q3
10   -> - - - - - - - * - - - | <-- Q4
11   -> - - - - - - - - * - - | <-- Q5
12   -> - - - - - - - - - * - | <-- Q6
13   -> - - - - - - - - - - * | <-- Q7
51   -> - @ - @ @ @ @ @ @ @ @ | <-- WP
53   -> - @ - @ @ @ @ @ @ @ @ | <-- WQ
LC34 -> - - - * * * * * * * * | <-- |c4:14|C2~1
LC37 -> - - - * * * * * * * * | <-- |c4:14|C0~1
LC38 -> - - - * * * * * * * * | <-- |c4:14|C0~2


* = The logic cell or pin is an input to the logic cell (or LAB) through the PIA.
@ = The input pin or logic cell feeds the logic cell (or LAB) using direct interconnect.
- = The logic cell or pin is not an input to the logic cell (or LAB).


Device-Specific Information:                 d:\maxplus2\max2lib\lab4\d8_4.rpt
d8_4

** LOGIC CELL INTERCONNECTIONS **

                             Logic cells placed in LAB 'C'
        +------------------- LC33 |c4:14|C3~1
        | +----------------- LC34 |c4:14|C2~1
        | | +--------------- LC32 Q0_6
        | | | +------------- LC31 Q0_7
        | | | | +----------- LC30 Q1_2
        | | | | | +--------- LC29 Q1_3
        | | | | | | +------- LC28 Q1_4
        | | | | | | | +----- LC27 Q1_5
        | | | | | | | | +--- LC26 Q1_6
        | | | | | | | | | +- LC25 Q1_7
        | | | | | | | | | | 
        | | | | | | | | | |   Other LABs fed by signals
        | | | | | | | | | |   that feed LAB 'C'
LC      | | | | | | | | | | 
LC33 -> - - - - - - - - - - | <-- |c4:14|C3~1
LC34 -> - - - - - - - - - - | <-- |c4:14|C2~1
LC32 -> - - - - - - - - - - | <-- Q0_6
LC31 -> - - - - - - - - - - | <-- Q0_7
LC30 -> - - - - - - - - - - | <-- Q1_2
LC29 -> - - - - - - - - - - | <-- Q1_3
LC28 -> - - - - - - - - - - | <-- Q1_4
LC27 -> - - - - - - - - - - | <-- Q1_5
LC26 -> - - - - - - - - - - | <-- Q1_6
LC25 -> - - - - - - - - - - | <-- Q1_7

Pin
56   -> - @ @ @ @ @ @ @ @ @ | <-- ABP
55   -> - @ @ @ @ @ @ @ @ @ | <-- ABQ
54   -> @ - @ @ @ @ @ @ @ @ | <-- AP0
50   -> @ @ @ @ @ @ @ @ @ @ | <-- AP1
49   -> @ - @ @ @ @ @ @ @ @ | <-- AQ0
48   -> @ @ @ @ @ @ @ @ @ @ | <-- AQ1
22   -> - - - - - - - - - - | <-- P0
21   -> - - - - - - - - - - | <-- P1
20   -> - - - - @ - - - - - | <-- P2
16   -> - - - - - @ - - - - | <-- P3
15   -> - - - - - - @ - - - | <-- P4
14   -> - - - - - - - @ - - | <-- P5
17   -> - - @ - - - - - @ - | <-- P6
19   -> - - - @ - - - - - @ | <-- P7
26   -> - - - - * - - - - - | <-- Q2
47   -> - - - - - * - - - - | <-- Q3
10   -> - - - - - - * - - - | <-- Q4
11   -> - - - - - - - * - - | <-- Q5
12   -> - - * - - - - - * - | <-- Q6
13   -> - - - * - - - - - * | <-- Q7
51   -> - @ @ @ @ @ @ @ @ @ | <-- WP
53   -> - @ @ @ @ @ @ @ @ @ | <-- WQ
LC13 -> - - - - * * * * * * | <-- |c4:14|C1~1
LC14 -> - - - - * * * * * * | <-- |c4:14|C1~2
LC37 -> - - * * * * * * * * | <-- |c4:14|C0~1
LC38 -> - - * * - - - - - - | <-- |c4:14|C0~2
LC39 -> - - * * * * * * * * | <-- |c4:14|C0~3
LC40 -> - - * * - - - - - - | <-- |c4:14|C0~4


* = The logic cell or pin is an input to the logic cell (or LAB) through the PIA.
@ = The input pin or logic cell feeds the logic cell (or LAB) using direct interconnect.
- = The logic cell or pin is not an input to the logic cell (or LAB).


Device-Specific Information:                 d:\maxplus2\max2lib\lab4\d8_4.rpt
d8_4

** LOGIC CELL INTERCONNECTIONS **

                                 Logic cells placed in LAB 'D'
        +----------------------- LC37 |c4:14|C0~1
        | +--------------------- LC38 |c4:14|C0~2
        | | +------------------- LC39 |c4:14|C0~3
        | | | +----------------- LC40 |c4:14|C0~4
        | | | | +--------------- LC48 Q0_0
        | | | | | +------------- LC47 Q0_1
        | | | | | | +----------- LC46 Q0_2
        | | | | | | | +--------- LC45 Q0_3
        | | | | | | | | +------- LC44 Q0_4
        | | | | | | | | | +----- LC43 Q0_5
        | | | | | | | | | | +--- LC42 Q1_0
        | | | | | | | | | | | +- LC41 Q3_0
        | | | | | | | | | | | | 
        | | | | | | | | | | | |   Other LABs fed by signals
        | | | | | | | | | | | |   that feed LAB 'D'
LC      | | | | | | | | | | | | 
LC37 -> - - - - @ @ @ @ @ @ @ @ | <-- |c4:14|C0~1
LC38 -> - - - - @ @ @ @ @ @ - - | <-- |c4:14|C0~2
LC39 -> - - - - @ @ @ @ @ @ @ - | <-- |c4:14|C0~3
LC40 -> - - - - @ @ @ @ @ @ - - | <-- |c4:14|C0~4
LC48 -> - - - - - - - - - - - - | <-- Q0_0
LC47 -> - - - - - - - - - - - - | <-- Q0_1
LC46 -> - - - - - - - - - - - - | <-- Q0_2
LC45 -> - - - - - - - - - - - - | <-- Q0_3
LC44 -> - - - - - - - - - - - - | <-- Q0_4
LC43 -> - - - - - - - - - - - - | <-- Q0_5
LC42 -> - - - - - - - - - - - - | <-- Q1_0
LC41 -> - - - - - - - - - - - - | <-- Q3_0

Pin
56   -> @ @ @ - @ @ @ @ @ @ @ @ | <-- ABP
55   -> @ @ @ - @ @ @ @ @ @ @ @ | <-- ABQ
54   -> - @ - @ @ @ @ @ @ @ @ @ | <-- AP0
50   -> - - @ @ @ @ @ @ @ @ @ @ | <-- AP1
49   -> - @ - @ @ @ @ @ @ @ @ @ | <-- AQ0
48   -> - - @ @ @ @ @ @ @ @ @ @ | <-- AQ1
22   -> - - - - @ - - - - - @ @ | <-- P0
21   -> - - - - - @ - - - - - - | <-- P1
20   -> - - - - - - @ - - - - - | <-- P2
16   -> - - - - - - - @ - - - - | <-- P3
15   -> - - - - - - - - @ - - - | <-- P4
14   -> - - - - - - - - - @ - - | <-- P5
17   -> - - - - - - - - - - - - | <-- P6
19   -> - - - - - - - - - - - - | <-- P7
46   -> - - - - * - - - - - * * | <-- Q0
25   -> - - - - - * - - - - - - | <-- Q1
26   -> - - - - - - * - - - - - | <-- Q2
47   -> - - - - - - - * - - - - | <-- Q3
10   -> - - - - - - - - * - - - | <-- Q4
11   -> - - - - - - - - - * - - | <-- Q5
51   -> @ @ @ - @ @ @ @ @ @ @ @ | <-- WP
53   -> @ @ @ - @ @ @ @ @ @ @ @ | <-- WQ
LC33 -> - - - - - - - - - - - * | <-- |c4:14|C3~1
LC34 -> - - - - - - - - - - - * | <-- |c4:14|C2~1
LC13 -> - - - - - - - - - - * * | <-- |c4:14|C1~1
LC14 -> - - - - - - - - - - * - | <-- |c4:14|C1~2


* = The logic cell or pin is an input to the logic cell (or LAB) through the PIA.
@ = The input pin or logic cell feeds the logic cell (or LAB) using direct interconnect.
- = The logic cell or pin is not an input to the logic cell (or LAB).


Device-Specific Information:                 d:\maxplus2\max2lib\lab4\d8_4.rpt
d8_4

** EQUATIONS **

ABP      : INPUT;
ABQ      : INPUT;
AP0      : INPUT;
AP1      : INPUT;
AQ0      : INPUT;
AQ1      : INPUT;
P0       : INPUT;
P1       : INPUT;
P2       : INPUT;
P3       : INPUT;
P4       : INPUT;
P5       : INPUT;
P6       : INPUT;
P7       : INPUT;
Q0       : INPUT;
Q1       : INPUT;
Q2       : INPUT;
Q3       : INPUT;
Q4       : INPUT;
Q5       : INPUT;
Q6       : INPUT;
Q7       : INPUT;
WP       : INPUT;
WQ       : INPUT;

-- Node name is 'Q0_0' = '|d8_1:25|d1:31|O' 
-- Equation name is 'Q0_0', type is output 
 Q0_0    = DFF( _EQ001,  _EQ002,  VCC,  VCC);
  _EQ001 =  ABQ & !AQ0 & !AQ1 &  Q0 &  WQ
         #  ABP & !AP0 & !AP1 &  P0 &  WP;
  _EQ002 = !_LC037 & !_LC038 & !_LC039 & !_LC040;

-- Node name is 'Q0_1' = '|d8_1:25|d1:30|O' 
-- Equation name is 'Q0_1', type is output 
 Q0_1    = DFF( _EQ003,  _EQ004,  VCC,  VCC);
  _EQ003 =  ABQ & !AQ0 & !AQ1 &  Q1 &  WQ
         #  ABP & !AP0 & !AP1 &  P1 &  WP;
  _EQ004 = !_LC037 & !_LC038 & !_LC039 & !_LC040;

-- Node name is 'Q0_2' = '|d8_1:25|d1:29|O' 
-- Equation name is 'Q0_2', type is output 
 Q0_2    = DFF( _EQ005,  _EQ006,  VCC,  VCC);
  _EQ005 =  ABQ & !AQ0 & !AQ1 &  Q2 &  WQ
         #  ABP & !AP0 & !AP1 &  P2 &  WP;
  _EQ006 = !_LC037 & !_LC038 & !_LC039 & !_LC040;

-- Node name is 'Q0_3' = '|d8_1:25|d1:28|O' 
-- Equation name is 'Q0_3', type is output 
 Q0_3    = DFF( _EQ007,  _EQ008,  VCC,  VCC);
  _EQ007 =  ABQ & !AQ0 & !AQ1 &  Q3 &  WQ
         #  ABP & !AP0 & !AP1 &  P3 &  WP;
  _EQ008 = !_LC037 & !_LC038 & !_LC039 & !_LC040;

-- Node name is 'Q0_4' = '|d8_1:25|d1:27|O' 
-- Equation name is 'Q0_4', type is output 
 Q0_4    = DFF( _EQ009,  _EQ010,  VCC,  VCC);
  _EQ009 =  ABQ & !AQ0 & !AQ1 &  Q4 &  WQ
         #  ABP & !AP0 & !AP1 &  P4 &  WP;
  _EQ010 = !_LC037 & !_LC038 & !_LC039 & !_LC040;

-- Node name is 'Q0_5' = '|d8_1:25|d1:26|O' 
-- Equation name is 'Q0_5', type is output 
 Q0_5    = DFF( _EQ011,  _EQ012,  VCC,  VCC);
  _EQ011 =  ABQ & !AQ0 & !AQ1 &  Q5 &  WQ
         #  ABP & !AP0 & !AP1 &  P5 &  WP;
  _EQ012 = !_LC037 & !_LC038 & !_LC039 & !_LC040;

-- Node name is 'Q0_6' = '|d8_1:25|d1:25|O' 
-- Equation name is 'Q0_6', type is output 
 Q0_6    = DFF( _EQ013,  _EQ014,  VCC,  VCC);
  _EQ013 =  ABQ & !AQ0 & !AQ1 &  Q6 &  WQ
         #  ABP & !AP0 & !AP1 &  P6 &  WP;
  _EQ014 = !_LC037 & !_LC038 & !_LC039 & !_LC040;

-- Node name is 'Q0_7' = '|d8_1:25|d1:24|O' 
-- Equation name is 'Q0_7', type is output 
 Q0_7    = DFF( _EQ015,  _EQ016,  VCC,  VCC);
  _EQ015 =  ABQ & !AQ0 & !AQ1 &  Q7 &  WQ
         #  ABP & !AP0 & !AP1 &  P7 &  WP;
  _EQ016 = !_LC037 & !_LC038 & !_LC039 & !_LC040;

-- Node name is 'Q1_0' = '|d8_1:24|d1:31|O' 
-- Equation name is 'Q1_0', type is output 
 Q1_0    = DFF( _EQ017,  _EQ018,  VCC,  VCC);
  _EQ017 =  ABQ &  AQ0 & !AQ1 &  Q0 &  WQ
         #  ABP &  AP0 & !AP1 &  P0 &  WP;
  _EQ018 = !_LC013 & !_LC014 & !_LC037 & !_LC039;

-- Node name is 'Q1_1' = '|d8_1:24|d1:30|O' 
-- Equation name is 'Q1_1', type is output 
 Q1_1    = DFF( _EQ019,  _EQ020,  VCC,  VCC);
  _EQ019 =  ABQ &  AQ0 & !AQ1 &  Q1 &  WQ
         #  ABP &  AP0 & !AP1 &  P1 &  WP;
  _EQ020 = !_LC013 & !_LC014 & !_LC037 & !_LC039;

-- Node name is 'Q1_2' = '|d8_1:24|d1:29|O' 
-- Equation name is 'Q1_2', type is output 
 Q1_2    = DFF( _EQ021,  _EQ022,  VCC,  VCC);
  _EQ021 =  ABQ &  AQ0 & !AQ1 &  Q2 &  WQ
         #  ABP &  AP0 & !AP1 &  P2 &  WP;
  _EQ022 = !_LC013 & !_LC014 & !_LC037 & !_LC039;

-- Node name is 'Q1_3' = '|d8_1:24|d1:28|O' 
-- Equation name is 'Q1_3', type is output 
 Q1_3    = DFF( _EQ023,  _EQ024,  VCC,  VCC);
  _EQ023 =  ABQ &  AQ0 & !AQ1 &  Q3 &  WQ
         #  ABP &  AP0 & !AP1 &  P3 &  WP;
  _EQ024 = !_LC013 & !_LC014 & !_LC037 & !_LC039;

-- Node name is 'Q1_4' = '|d8_1:24|d1:27|O' 
-- Equation name is 'Q1_4', type is output 
 Q1_4    = DFF( _EQ025,  _EQ026,  VCC,  VCC);
  _EQ025 =  ABQ &  AQ0 & !AQ1 &  Q4 &  WQ
         #  ABP &  AP0 & !AP1 &  P4 &  WP;
  _EQ026 = !_LC013 & !_LC014 & !_LC037 & !_LC039;

-- Node name is 'Q1_5' = '|d8_1:24|d1:26|O' 
-- Equation name is 'Q1_5', type is output 
 Q1_5    = DFF( _EQ027,  _EQ028,  VCC,  VCC);
  _EQ027 =  ABQ &  AQ0 & !AQ1 &  Q5 &  WQ
         #  ABP &  AP0 & !AP1 &  P5 &  WP;
  _EQ028 = !_LC013 & !_LC014 & !_LC037 & !_LC039;

-- Node name is 'Q1_6' = '|d8_1:24|d1:25|O' 
-- Equation name is 'Q1_6', type is output 
 Q1_6    = DFF( _EQ029,  _EQ030,  VCC,  VCC);
  _EQ029 =  ABQ &  AQ0 & !AQ1 &  Q6 &  WQ
         #  ABP &  AP0 & !AP1 &  P6 &  WP;
  _EQ030 = !_LC013 & !_LC014 & !_LC037 & !_LC039;

-- Node name is 'Q1_7' = '|d8_1:24|d1:24|O' 
-- Equation name is 'Q1_7', type is output 
 Q1_7    = DFF( _EQ031,  _EQ032,  VCC,  VCC);
  _EQ031 =  ABQ &  AQ0 & !AQ1 &  Q7 &  WQ
         #  ABP &  AP0 & !AP1 &  P7 &  WP;
  _EQ032 = !_LC013 & !_LC014 & !_LC037 & !_LC039;

-- Node name is 'Q2_0' = '|d8_1:23|d1:31|O' 
-- Equation name is 'Q2_0', type is output 
 Q2_0    = DFF( _EQ033,  _EQ034,  VCC,  VCC);
  _EQ033 =  ABQ & !AQ0 &  AQ1 &  Q0 &  WQ
         #  ABP & !AP0 &  AP1 &  P0 &  WP;
  _EQ034 = !_LC016 & !_LC034 & !_LC037 & !_LC038;

-- Node name is 'Q2_1' = '|d8_1:23|d1:30|O' 
-- Equation name is 'Q2_1', type is output 
 Q2_1    = DFF( _EQ035,  _EQ036,  VCC,  VCC);
  _EQ035 =  ABQ & !AQ0 &  AQ1 &  Q1 &  WQ
         #  ABP & !AP0 &  AP1 &  P1 &  WP;
  _EQ036 = !_LC016 & !_LC034 & !_LC037 & !_LC038;

-- Node name is 'Q2_2' = '|d8_1:23|d1:29|O' 
-- Equation name is 'Q2_2', type is output 
 Q2_2    = DFF( _EQ037,  _EQ038,  VCC,  VCC);
  _EQ037 =  ABQ & !AQ0 &  AQ1 &  Q2 &  WQ
         #  ABP & !AP0 &  AP1 &  P2 &  WP;
  _EQ038 = !_LC016 & !_LC034 & !_LC037 & !_LC038;

-- Node name is 'Q2_3' = '|d8_1:23|d1:28|O' 
-- Equation name is 'Q2_3', type is output 
 Q2_3    = DFF( _EQ039,  _EQ040,  VCC,  VCC);
  _EQ039 =  ABQ & !AQ0 &  AQ1 &  Q3 &  WQ
         #  ABP & !AP0 &  AP1 &  P3 &  WP;
  _EQ040 = !_LC016 & !_LC034 & !_LC037 & !_LC038;

-- Node name is 'Q2_4' = '|d8_1:23|d1:27|O' 
-- Equation name is 'Q2_4', type is output 
 Q2_4    = DFF( _EQ041,  _EQ042,  VCC,  VCC);
  _EQ041 =  ABQ & !AQ0 &  AQ1 &  Q4 &  WQ
         #  ABP & !AP0 &  AP1 &  P4 &  WP;
  _EQ042 = !_LC016 & !_LC034 & !_LC037 & !_LC038;

-- Node name is 'Q2_5' = '|d8_1:23|d1:26|O' 
-- Equation name is 'Q2_5', type is output 
 Q2_5    = DFF( _EQ043,  _EQ044,  VCC,  VCC);
  _EQ043 =  ABQ & !AQ0 &  AQ1 &  Q5 &  WQ
         #  ABP & !AP0 &  AP1 &  P5 &  WP;
  _EQ044 = !_LC016 & !_LC034 & !_LC037 & !_LC038;

-- Node name is 'Q2_6' = '|d8_1:23|d1:25|O' 
-- Equation name is 'Q2_6', type is output 
 Q2_6    = DFF( _EQ045,  _EQ046,  VCC,  VCC);
  _EQ045 =  ABQ & !AQ0 &  AQ1 &  Q6 &  WQ
         #  ABP & !AP0 &  AP1 &  P6 &  WP;
  _EQ046 = !_LC016 & !_LC034 & !_LC037 & !_LC038;

-- Node name is 'Q2_7' = '|d8_1:23|d1:24|O' 
-- Equation name is 'Q2_7', type is output 
 Q2_7    = DFF( _EQ047,  _EQ048,  VCC,  VCC);
  _EQ047 =  ABQ & !AQ0 &  AQ1 &  Q7 &  WQ
         #  ABP & !AP0 &  AP1 &  P7 &  WP;
  _EQ048 = !_LC016 & !_LC034 & !_LC037 & !_LC038;

-- Node name is 'Q3_0' = '|d8_1:22|d1:31|O' 
-- Equation name is 'Q3_0', type is output 
 Q3_0    = DFF( _EQ049,  _EQ050,  VCC,  VCC);
  _EQ049 =  ABQ &  AQ0 &  AQ1 &  Q0 &  WQ
         #  ABP &  AP0 &  AP1 &  P0 &  WP;
  _EQ050 = !_LC013 & !_LC033 & !_LC034 & !_LC037;

-- Node name is 'Q3_1' = '|d8_1:22|d1:30|O' 
-- Equation name is 'Q3_1', type is output 
 Q3_1    = DFF( _EQ051,  _EQ052,  VCC,  VCC);
  _EQ051 =  ABQ &  AQ0 &  AQ1 &  Q1 &  WQ
         #  ABP &  AP0 &  AP1 &  P1 &  WP;
  _EQ052 = !_LC013 & !_LC033 & !_LC034 & !_LC037;

-- Node name is 'Q3_2' = '|d8_1:22|d1:29|O' 
-- Equation name is 'Q3_2', type is output 
 Q3_2    = DFF( _EQ053,  _EQ054,  VCC,  VCC);
  _EQ053 =  ABQ &  AQ0 &  AQ1 &  Q2 &  WQ
         #  ABP &  AP0 &  AP1 &  P2 &  WP;
  _EQ054 = !_LC013 & !_LC033 & !_LC034 & !_LC037;

-- Node name is 'Q3_3' = '|d8_1:22|d1:28|O' 
-- Equation name is 'Q3_3', type is output 
 Q3_3    = DFF( _EQ055,  _EQ056,  VCC,  VCC);
  _EQ055 =  ABQ &  AQ0 &  AQ1 &  Q3 &  WQ
         #  ABP &  AP0 &  AP1 &  P3 &  WP;
  _EQ056 = !_LC013 & !_LC033 & !_LC034 & !_LC037;

-- Node name is 'Q3_4' = '|d8_1:22|d1:27|O' 
-- Equation name is 'Q3_4', type is output 
 Q3_4    = DFF( _EQ057,  _EQ058,  VCC,  VCC);
  _EQ057 =  ABQ &  AQ0 &  AQ1 &  Q4 &  WQ
         #  ABP &  AP0 &  AP1 &  P4 &  WP;
  _EQ058 = !_LC013 & !_LC033 & !_LC034 & !_LC037;

-- Node name is 'Q3_5' = '|d8_1:22|d1:26|O' 
-- Equation name is 'Q3_5', type is output 
 Q3_5    = DFF( _EQ059,  _EQ060,  VCC,  VCC);
  _EQ059 =  ABQ &  AQ0 &  AQ1 &  Q5 &  WQ
         #  ABP &  AP0 &  AP1 &  P5 &  WP;
  _EQ060 = !_LC013 & !_LC033 & !_LC034 & !_LC037;

-- Node name is 'Q3_6' = '|d8_1:22|d1:25|O' 
-- Equation name is 'Q3_6', type is output 
 Q3_6    = DFF( _EQ061,  _EQ062,  VCC,  VCC);
  _EQ061 =  ABQ &  AQ0 &  AQ1 &  Q6 &  WQ
         #  ABP &  AP0 &  AP1 &  P6 &  WP;
  _EQ062 = !_LC013 & !_LC033 & !_LC034 & !_LC037;

-- Node name is 'Q3_7' = '|d8_1:22|d1:24|O' 
-- Equation name is 'Q3_7', type is output 
 Q3_7    = DFF( _EQ063,  _EQ064,  VCC,  VCC);
  _EQ063 =  ABQ &  AQ0 &  AQ1 &  Q7 &  WQ
         #  ABP &  AP0 &  AP1 &  P7 &  WP;
  _EQ064 = !_LC013 & !_LC033 & !_LC034 & !_LC037;

-- Node name is '|c4:14|~22~1' = '|c4:14|C0~1' 
-- Equation name is '_LC037', type is buried 
-- synthesized logic cell 
_LC037   = LCELL( _EQ065);
  _EQ065 = !WP & !WQ
         # !ABQ & !WP
         # !ABP & !WQ
         # !ABP & !ABQ;

-- Node name is '|c4:14|~22~2' = '|c4:14|C0~2' 
-- Equation name is '_LC038', type is buried 
-- synthesized logic cell 
_LC038   = LCELL( _EQ066);
  _EQ066 =  AP0 &  AQ0
         #  AQ0 & !WP
         # !ABP &  AQ0
         #  AP0 & !WQ
         # !ABQ &  AP0;

-- Node name is '|c4:14|~22~3' = '|c4:14|C0~3' 
-- Equation name is '_LC039', type is buried 
-- synthesized logic cell 
_LC039   = LCELL( _EQ067);
  _EQ067 =  AP1 &  AQ1
         #  AQ1 & !WP
         # !ABP &  AQ1
         #  AP1 & !WQ
         # !ABQ &  AP1;

-- Node name is '|c4:14|~22~4' = '|c4:14|C0~4' 
-- Equation name is '_LC040', type is buried 
-- synthesized logic cell 
_LC040   = LCELL( _EQ068);
  _EQ068 =  AP1 &  AQ0
         #  AP0 &  AQ1;

-- Node name is '|c4:14|~18~1' = '|c4:14|C1~1' 
-- Equation name is '_LC013', type is buried 
-- synthesized logic cell 
_LC013   = LCELL( _EQ069);
  _EQ069 = !AQ0 & !WP
         # !ABP & !AQ0
         # !AP0 & !WQ
         # !ABQ & !AP0
         # !AP0 & !AQ0;

-- Node name is '|c4:14|~18~2' = '|c4:14|C1~2' 
-- Equation name is '_LC014', type is buried 
-- synthesized logic cell 
_LC014   = LCELL( _EQ070);
  _EQ070 =  AP1 & !AQ0
         # !AP0 &  AQ1;

-- Node name is '|c4:14|~14~1' = '|c4:14|C2~1' 
-- Equation name is '_LC034', type is buried 
-- synthesized logic cell 
_LC034   = LCELL( _EQ071);
  _EQ071 = !AQ1 & !WP
         # !ABP & !AQ1
         # !AP1 & !WQ
         # !ABQ & !AP1
         # !AP1 & !AQ1;

-- Node name is '|c4:14|~14~2' = '|c4:14|C2~2' 
-- Equation name is '_LC016', type is buried 
-- synthesized logic cell 
_LC016   = LCELL( _EQ072);
  _EQ072 = !AP1 &  AQ0
         #  AP0 & !AQ1;

-- Node name is '|c4:14|~1~1' = '|c4:14|C3~1' 
-- Equation name is '_LC033', type is buried 
-- synthesized logic cell 
_LC033   = LCELL( _EQ073);
  _EQ073 = !AP1 & !AQ0
         # !AP0 & !AQ1;



Project Information                          d:\maxplus2\max2lib\lab4\d8_4.rpt

** COMPILATION SETTINGS & TIMES **

Processing Menu Commands
------------------------

Design Doctor                             = off

Logic Synthesis:

   Synthesis Type Used                    = Standard

   Default Synthesis Style                = NORMAL

      Logic option settings in 'NORMAL' style for 'CLASSIC' family

      MINIMIZATION                        = full
      SOFT_BUFFER_INSERTION               = on
      TURBO_BIT                           = on
      USE_LPM_FOR_AHDL_OPERATORS          = off

   Other logic synthesis settings:

      Automatic Global Clock              = on
      Automatic Global Clear              = on
      Automatic Global Preset             = on
      Automatic Global Output Enable      = on
      Automatic Fast I/O                  = off
      Automatic Register Packing          = off
      Automatic Open-Drain Pins           = on
      Automatic Implement in EAB          = off
      One-Hot State Machine Encoding      = off
      Optimize                            = 5

Default Timing Specifications: None

Cut All Bidir Feedback Timing Paths       = on
Cut All Clear & Preset Timing Paths       = on

Ignore Timing Assignments                 = off

Functional SNF Extractor                  = off

Linked SNF Extractor                      = off
Timing SNF Extractor                      = on
Optimize Timing SNF                       = off
Generate AHDL TDO File                    = off
Fitter Settings                           = NORMAL
Smart Recompile                           = off
Total Recompile                           = off

Interfaces Menu Commands
------------------------

EDIF Netlist Writer                       = off
Verilog Netlist Writer                    = off
VHDL Netlist Writer                       = off

Compilation Times
-----------------

   Compiler Netlist Extractor             00:00:00
   Database Builder                       00:00:00
   Logic Synthesizer                      00:00:00
   Partitioner                            00:00:00
   Fitter                                 00:00:00
   Timing SNF Extractor                   00:00:00
   Assembler                              00:00:01
   --------------------------             --------
   Total Time                             00:00:01


Memory Allocated
-----------------

Peak memory allocated during compilation  = 9,410K
