C:\USERS\VOVA\DOCUMENTS\VISUAL STUDIO 2010\PROJECTS\PRO_LAB7\DEBUG\PRO_LAB7.EXE
C:\Users\Vova\documents\visual studio 2010\Projects\pro_lab7\Debug\pro_lab7.pdb
C:\Users\Vova\documents\visual studio 2010\Projects\pro_lab7\pro_lab7\Debug\cl.command.1.tlog
C:\Users\Vova\documents\visual studio 2010\Projects\pro_lab7\pro_lab7\Debug\CL.read.1.tlog
C:\Users\Vova\documents\visual studio 2010\Projects\pro_lab7\pro_lab7\Debug\CL.write.1.tlog
C:\Users\Vova\documents\visual studio 2010\Projects\pro_lab7\pro_lab7\Debug\link.command.1.tlog
C:\Users\Vova\documents\visual studio 2010\Projects\pro_lab7\pro_lab7\Debug\link.read.1.tlog
C:\Users\Vova\documents\visual studio 2010\Projects\pro_lab7\pro_lab7\Debug\link.write.1.tlog
C:\Users\Vova\documents\visual studio 2010\Projects\pro_lab7\pro_lab7\Debug\mt.command.1.tlog
C:\Users\Vova\documents\visual studio 2010\Projects\pro_lab7\pro_lab7\Debug\mt.read.1.tlog
C:\Users\Vova\documents\visual studio 2010\Projects\pro_lab7\pro_lab7\Debug\mt.write.1.tlog
C:\Users\Vova\documents\visual studio 2010\Projects\pro_lab7\pro_lab7\Debug\pro_lab7.exe.embed.manifest
C:\USERS\VOVA\DOCUMENTS\VISUAL STUDIO 2010\PROJECTS\PRO_LAB7\PRO_LAB7\DEBUG\PRO_LAB7.EXE.EMBED.MANIFEST.RES
C:\Users\Vova\documents\visual studio 2010\Projects\pro_lab7\pro_lab7\Debug\pro_lab7.exe.intermediate.manifest
C:\USERS\VOVA\DOCUMENTS\VISUAL STUDIO 2010\PROJECTS\PRO_LAB7\PRO_LAB7\DEBUG\PRO_LAB7.OBJ
C:\USERS\VOVA\DOCUMENTS\VISUAL STUDIO 2010\PROJECTS\PRO_LAB7\PRO_LAB7\DEBUG\PRO_LAB7.PCH
C:\Users\Vova\documents\visual studio 2010\Projects\pro_lab7\pro_lab7\Debug\pro_lab7.vcxprojResolveAssemblyReference.cache
C:\Users\Vova\documents\visual studio 2010\Projects\pro_lab7\pro_lab7\Debug\pro_lab7.write.1.tlog
C:\Users\Vova\documents\visual studio 2010\Projects\pro_lab7\pro_lab7\Debug\pro_lab7_manifest.rc
C:\Users\Vova\documents\visual studio 2010\Projects\pro_lab7\pro_lab7\Debug\rc.command.1.tlog
C:\Users\Vova\documents\visual studio 2010\Projects\pro_lab7\pro_lab7\Debug\rc.read.1.tlog
C:\Users\Vova\documents\visual studio 2010\Projects\pro_lab7\pro_lab7\Debug\rc.write.1.tlog
C:\USERS\VOVA\DOCUMENTS\VISUAL STUDIO 2010\PROJECTS\PRO_LAB7\PRO_LAB7\DEBUG\STDAFX.OBJ
C:\Users\Vova\documents\visual studio 2010\Projects\pro_lab7\pro_lab7\Debug\vc100.idb
C:\USERS\VOVA\DOCUMENTS\VISUAL STUDIO 2010\PROJECTS\PRO_LAB7\PRO_LAB7\DEBUG\VC100.PDB
