Build started 04.11.2014 18:07:09.
     1>Project "C:\Users\Vova\documents\visual studio 2010\Projects\pro_lab7\pro_lab7\pro_lab7.vcxproj" on node 2 (build target(s)).
     1>InitializeBuildStatus:
         Creating "Debug\pro_lab7.unsuccessfulbuild" because "AlwaysCreate" was specified.
       ClCompile:
         All outputs are up-to-date.
         C:\Program Files (x86)\Microsoft Visual Studio 10.0\VC\bin\CL.exe /c /ZI /nologo /W3 /WX- /Od /Oy- /D WIN32 /D _DEBUG /D _CONSOLE /D _UNICODE /D UNICODE /Gm /EHsc /RTC1 /MDd /GS /fp:precise /Zc:wchar_t /Zc:forScope /Yu"StdAfx.h" /Fp"Debug\pro_lab7.pch" /Fo"Debug\\" /Fd"Debug\vc100.pdb" /Gd /TP /analyze- /errorReport:prompt pro_lab7.cpp
         pro_lab7.cpp
       Link:
         C:\Program Files (x86)\Microsoft Visual Studio 10.0\VC\bin\link.exe /ERRORREPORT:PROMPT /OUT:"C:\Users\Vova\documents\visual studio 2010\Projects\pro_lab7\Debug\pro_lab7.exe" /INCREMENTAL:NO /NOLOGO msmpi.lib kernel32.lib user32.lib gdi32.lib winspool.lib comdlg32.lib advapi32.lib shell32.lib ole32.lib oleaut32.lib uuid.lib odbc32.lib odbccp32.lib /MANIFEST /ManifestFile:"Debug\pro_lab7.exe.intermediate.manifest" /MANIFESTUAC:"level='asInvoker' uiAccess='false'" /DEBUG /PDB:"C:\Users\Vova\documents\visual studio 2010\Projects\pro_lab7\Debug\pro_lab7.pdb" /SUBSYSTEM:CONSOLE /TLBID:1 /DYNAMICBASE /NXCOMPAT /IMPLIB:"C:\Users\Vova\documents\visual studio 2010\Projects\pro_lab7\Debug\pro_lab7.lib" /MACHINE:X86 Debug\pro_lab7.obj
         Debug\stdafx.obj
     1>pro_lab7.obj : warning LNK4075: ignoring '/EDITANDCONTINUE' due to '/INCREMENTAL:NO' specification
         pro_lab7.vcxproj -> C:\Users\Vova\documents\visual studio 2010\Projects\pro_lab7\Debug\pro_lab7.exe
       Manifest:
         C:\Program Files (x86)\Microsoft SDKs\Windows\v7.0A\bin\mt.exe /nologo /verbose /outputresource:"C:\Users\Vova\documents\visual studio 2010\Projects\pro_lab7\Debug\pro_lab7.exe;#1" /manifest Debug\pro_lab7.exe.intermediate.manifest
       FinalizeBuildStatus:
         Deleting file "Debug\pro_lab7.unsuccessfulbuild".
         Touching "Debug\pro_lab7.lastbuildstate".
     1>Done Building Project "C:\Users\Vova\documents\visual studio 2010\Projects\pro_lab7\pro_lab7\pro_lab7.vcxproj" (build target(s)).

Build succeeded.

Time Elapsed 00:00:01.74
