Build started 19.10.2012 22:30:16.
     1>Project "E:\documents\Science\PRO\labs\Lab6\pro_lab6_OpenMP\pro_lab6_OpenMP\pro_lab6_OpenMP.vcxproj" on node 2 (build target(s)).
     1>InitializeBuildStatus:
         Creating "Debug\pro_lab6_OpenMP.unsuccessfulbuild" because "AlwaysCreate" was specified.
       ClCompile:
         All outputs are up-to-date.
         E:\Program Files (x86)\Microsoft Visual Studio 10.0\VC\bin\CL.exe /c /ZI /nologo /W3 /WX- /Od /Oy- /D WIN32 /D _DEBUG /D _CONSOLE /D _UNICODE /D UNICODE /Gm /EHsc /RTC1 /MDd /GS /fp:precise /Zc:wchar_t /Zc:forScope /openmp /Yu"StdAfx.h" /Fp"Debug\pro_lab6_OpenMP.pch" /Fo"Debug\\" /Fd"Debug\vc100.pdb" /Gd /TP /analyze- /errorReport:prompt pro_lab6_OpenMP.cpp
         pro_lab6_OpenMP.cpp
     1>e:\documents\science\pro\labs\lab6\pro_lab6_openmp\pro_lab6_openmp\pro_lab6_openmp.cpp(1): warning C4652: compiler option 'support for OpenMP 2.0 (/openmp)' inconsistent with precompiled header; current command-line option will override that defined in the precompiled header
       Link:
         E:\Program Files (x86)\Microsoft Visual Studio 10.0\VC\bin\link.exe /ERRORREPORT:PROMPT /OUT:"E:\documents\Science\PRO\labs\Lab6\pro_lab6_OpenMP\Debug\pro_lab6_OpenMP.exe" /INCREMENTAL:NO /NOLOGO kernel32.lib user32.lib gdi32.lib winspool.lib comdlg32.lib advapi32.lib shell32.lib ole32.lib oleaut32.lib uuid.lib odbc32.lib odbccp32.lib /MANIFEST /ManifestFile:"Debug\pro_lab6_OpenMP.exe.intermediate.manifest" /MANIFESTUAC:"level='asInvoker' uiAccess='false'" /DEBUG /PDB:"E:\documents\Science\PRO\labs\Lab6\pro_lab6_OpenMP\Debug\pro_lab6_OpenMP.pdb" /SUBSYSTEM:CONSOLE /TLBID:1 /DYNAMICBASE /NXCOMPAT /IMPLIB:"E:\documents\Science\PRO\labs\Lab6\pro_lab6_OpenMP\Debug\pro_lab6_OpenMP.lib" /MACHINE:X86 Debug\pro_lab6_OpenMP.obj
         Debug\stdafx.obj
     1>pro_lab6_OpenMP.obj : warning LNK4075: ignoring '/EDITANDCONTINUE' due to '/INCREMENTAL:NO' specification
         pro_lab6_OpenMP.vcxproj -> E:\documents\Science\PRO\labs\Lab6\pro_lab6_OpenMP\Debug\pro_lab6_OpenMP.exe
       Manifest:
         C:\Program Files (x86)\Microsoft SDKs\Windows\v7.0A\bin\mt.exe /nologo /verbose /outputresource:"E:\documents\Science\PRO\labs\Lab6\pro_lab6_OpenMP\Debug\pro_lab6_OpenMP.exe;#1" /manifest Debug\pro_lab6_OpenMP.exe.intermediate.manifest
       FinalizeBuildStatus:
         Deleting file "Debug\pro_lab6_OpenMP.unsuccessfulbuild".
         Touching "Debug\pro_lab6_OpenMP.lastbuildstate".
     1>Done Building Project "E:\documents\Science\PRO\labs\Lab6\pro_lab6_OpenMP\pro_lab6_OpenMP\pro_lab6_OpenMP.vcxproj" (build target(s)).

Build succeeded.

Time Elapsed 00:00:01.13
