Project Information                           d:\maxplus2\max2lib\lab5\mux.rpt

MAX+plus II Compiler Report File
Version 10.1 06/12/2001
Compiled: 11/09/2010 21:55:01

Copyright (C) 1988-2001 Altera Corporation
Any megafunction design, and related net list (encrypted or decrypted),
support information, device programming or simulation file, and any other
associated documentation or information provided by Altera or a partner
under Altera's Megafunction Partnership Program may be used only to
program PLD devices (but not masked PLD devices) from Altera.  Any other
use of such megafunction design, net list, support information, device
programming or simulation file, or any other related documentation or
information is prohibited for any other purpose, including, but not
limited to modification, reverse engineering, de-compiling, or use with
any other silicon devices, unless such use is explicitly licensed under
a separate agreement with Altera or a megafunction partner.  Title to
the intellectual property, including patents, copyrights, trademarks,
trade secrets, or maskworks, embodied in any such megafunction design,
net list, support information, device programming or simulation file, or
any other related documentation or information provided by Altera or a
megafunction partner, remains with Altera, the megafunction partner, or
their respective licensors.  No other licenses, including any licenses
needed under any third party's intellectual property, are provided herein.



***** Project compilation was successful




** DEVICE SUMMARY **

Chip/                     Input   Output   Bidir         Shareable
POF       Device          Pins    Pins     Pins     LCs  Expanders  % Utilized

mux       EPM9320LC84-15   17       8        0      8       0           2  %

User Pins:                 17       8        0  



Project Information                           d:\maxplus2\max2lib\lab5\mux.rpt

** PROJECT COMPILATION MESSAGES **

Warning: No superset bus at connection -- "Q[7..0]"
Warning: No superset bus at connection -- "Q[7..0]"
Warning: No superset bus at connection -- "Q[7..0]"
Warning: No superset bus at connection -- "Q[7..0]"
Warning: No superset bus at connection -- "Q[7..0]"
Warning: No superset bus at connection -- "Q[7..0]"
Warning: No superset bus at connection -- "Q[7..0]"
Warning: No superset bus at connection -- "Q[7..0]"
Warning: No superset bus at connection -- "Q[7..0]"
Warning: No superset bus at connection -- "Q[7..0]"
Warning: No superset bus at connection -- "Q[7..0]"
Warning: No superset bus at connection -- "Q[7..0]"
Warning: No superset bus at connection -- "Q[7..0]"
Warning: No superset bus at connection -- "Q[7..0]"
Warning: No superset bus at connection -- "Q[7..0]"
Warning: No superset bus at connection -- "Q[7..0]"
Warning: No superset bus at connection -- "Q[7..0]"
Warning: No superset bus at connection -- "Q[7..0]"
Warning: No superset bus at connection -- "Q[7..0]"
Warning: No superset bus at connection -- "Q[7..0]"
Warning: No superset bus at connection -- "Q[7..0]"
Warning: No superset bus at connection -- "Q[7..0]"
Warning: No superset bus at connection -- "Q[7..0]"
Warning: No superset bus at connection -- "Q[7..0]"
Warning: No superset bus at connection -- "Q[7..0]"
Warning: No superset bus at connection -- "Q[7..0]"
Warning: No superset bus at connection -- "Q[7..0]"
Warning: No superset bus at connection -- "Q[7..0]"
Warning: No superset bus at connection -- "Q[7..0]"
Warning: No superset bus at connection -- "Q[7..0]"
Warning: No superset bus at connection -- "Q[7..0]"
Warning: No superset bus at connection -- "Q[7..0]"
Warning: No superset bus at connection -- "Q[7..0]"
Warning: No superset bus at connection -- "Q[7..0]"
Warning: No superset bus at connection -- "Q[7..0]"


Device-Specific Information:                  d:\maxplus2\max2lib\lab5\mux.rpt
mux

***** Logic for device 'mux' compiled without errors.




Device: EPM9320LC84-15

Device Options:
    Turbo Bit                                    = ON
    Security Bit                                 = OFF
    User Code                                  = ffff
    MultiVolt I/O                              = OFF

                                R  R  R  R        R  R  R  R     R  R  R  R  
                                E  E  E  E        E  E  E  E     E  E  E  E  
                                S  S  S  S        S  S  S  S     S  S  S  S  
                                E  E  E  E        E  E  E  E  V  E  E  E  E  
                                R  R  R  R        R  R  R  R  C  R  R  R  R  
                             G  V  V  V  V        V  V  V  V  C  V  V  V  V  
              A  Q  A  A  B  N  E  E  E  E  B  B  E  E  E  E  I  E  E  E  E  
              1  2  4  6  0  D  D  D  D  D  7  6  D  D  D  D  O  D  D  D  D  
            -----------------------------------------------------------------_ 
          /  11 10  9  8  7  6  5  4  3  2  1 84 83 82 81 80 79 78 77 76 75   | 
      Q0 | 12                                                              74 | RESERVED 
     SEL | 13                                                              73 | RESERVED 
  VCCINT | 14                                                              72 | B5 
   VCCIO | 15                                                              71 | VCCINT 
RESERVED | 16                                                              70 | GND 
RESERVED | 17                                                              69 | RESERVED 
     GND | 18                                                              68 | RESERVED 
      Q6 | 19                                                              67 | GND 
      Q5 | 20                                                              66 | RESERVED 
  VCCINT | 21                                                              65 | RESERVED 
      B2 | 22                        EPM9320LC84-15                        64 | VCCINT 
      B4 | 23                                                              63 | B1 
     GND | 24                                                              62 | B3 
     GND | 25                                                              61 | GND 
      Q4 | 26                                                              60 | VCCIO 
      Q3 | 27                                                              59 | RESERVED 
  VCCINT | 28                                                              58 | RESERVED 
    N.C. | 29                                                              57 | VCCINT 
    #TDO | 30                                                              56 | ^VPP 
      Q1 | 31                                                              55 | #TMS 
      A0 | 32                                                              54 | RESERVED 
         |_  33 34 35 36 37 38 39 40 41 42 43 44 45 46 47 48 49 50 51 52 53  _| 
           ------------------------------------------------------------------ 
              A  A  A  Q  V  A  R  R  R  #  #  R  R  R  R  G  R  R  R  R  R  
              2  3  5  7  C  7  E  E  E  T  T  E  E  E  E  N  E  E  E  E  E  
                          C     S  S  S  D  C  S  S  S  S  D  S  S  S  S  S  
                          I     E  E  E  I  K  E  E  E  E     E  E  E  E  E  
                          O     R  R  R        R  R  R  R     R  R  R  R  R  
                                V  V  V        V  V  V  V     V  V  V  V  V  
                                E  E  E        E  E  E  E     E  E  E  E  E  
                                D  D  D        D  D  D  D     D  D  D  D  D  


N.C. = No Connect. This pin has no internal connection to the device.
VCCINT = Dedicated power pin, which MUST be connected to VCC (5.0 volts).
VCCIO = Dedicated power pin, which MUST be connected to VCC (5.0 volts).
GND = Dedicated ground pin or unused dedicated input, which MUST be connected to GND.
RESERVED = Unused I/O pin, which MUST be left unconnected.

# = JTAG Boundary-Scan Testing/In-System Programming or Configuration Pin. The JTAG inputs TMS and TDI should be tied to VCC and TCK should be tied to GND when not in use.
& = JTAG pin used for I/O. When used as user I/O, JTAG pins must be kept stable before and during configuration.  JTAG pin stability prevents accidental loading of JTAG instructions.


Device-Specific Information:                  d:\maxplus2\max2lib\lab5\mux.rpt
mux

** RESOURCE USAGE **

Logic                Column       Row                                   
Array                Interconnect Interconnect         Clears/     External    Shareable
Block   Logic Cells  Driven       Driven       Clocks  Presets   Interconnect  Expanders
B1       7/16( 43%)   7/16( 43%)   0/16(  0%)    0/2    0/2      15/33( 45%)    0/16(  0%)  
B2       1/16(  6%)   1/16(  6%)   0/16(  0%)    0/2    0/2       3/33(  9%)    0/16(  0%)  


Total dedicated input pins used:                 4/4      (100%)
Total I/O pins used:                            21/56     ( 37%)
Total logic cells used:                          8/320    (  2%)
Total shareable expanders used:                  0/320    (  0%)
Total Turbo logic cells used:                    8/320    (  2%)
Total shareable expanders not available (n/a):   0/320    (  0%)
Average fan-in:                                  3.00
Total fan-in:                                    24

Total input pins required:                      17
Total input I/O cell registers required:         0
Total output pins required:                      8
Total output I/O cell registers required:        0
Total buried I/O cell registers required:        0
Total bidirectional pins required:               0
Total logic cells required:                      8
Total flipflops required:                        0
Total product terms required:                   16
Total logic cells lending parallel expanders:    0
Total shareable expanders in database:           0
Total packed registers required:                 0

Synthesized logic cells:                         0/ 320   (  0%)

Logic Cell Counts

Column:  01  02  03  04  05  Total
 A:      0   0   0   0   0      0
 B:      7   1   0   0   0      8
 C:      0   0   0   0   0      0
 D:      0   0   0   0   0      0

Total:   7   1   0   0   0      8



Device-Specific Information:                  d:\maxplus2\max2lib\lab5\mux.rpt
mux

** INPUTS **

                                               Shareable
                                               Expanders     Fan-In    Fan-Out
 Pin     LC   Row  Col  Primitive    Code   Total Shared n/a INP  FBK  OUT  FBK  Name
  32      -    -    01      INPUT               0      0   0    0    0    0    1  A0
  11      -    -    01      INPUT               0      0   0    0    0    0    1  A1
  33      -    -    01      INPUT               0      0   0    0    0    0    1  A2
  34      -    -    01      INPUT               0      0   0    0    0    0    1  A3
   9      -    -    01      INPUT               0      0   0    0    0    0    1  A4
  35      -    -    02      INPUT               0      0   0    0    0    0    1  A5
   8      -    -    02      INPUT               0      0   0    0    0    0    1  A6
  38      -    -    02      INPUT               0      0   0    0    0    0    1  A7
   7      -    -    02      INPUT               0      0   0    0    0    0    1  B0
  63      -    B    --      INPUT               0      0   0    0    0    0    1  B1
  22      -    B    --      INPUT               0      0   0    0    0    0    1  B2
  62      -    B    --      INPUT               0      0   0    0    0    0    1  B3
  23      -    B    --      INPUT               0      0   0    0    0    0    1  B4
  72      -    -    --      INPUT               0      0   0    0    0    0    1  B5
  84      -    -    --      INPUT               0      0   0    0    0    0    1  B6
   1      -    -    --      INPUT               0      0   0    0    0    0    1  B7
  13      -    -    --      INPUT               0      0   0    0    0    0    8  SEL


Code:

s = Synthesized pin or logic cell
t = Turbo logic cell
+ = Synchronous flipflop
/ = Slow slew-rate output
! = NOT gate push-back
r = Fitter-inserted logic cell


Device-Specific Information:                  d:\maxplus2\max2lib\lab5\mux.rpt
mux

** OUTPUTS **

                                               Shareable
                                               Expanders     Fan-In    Fan-Out
 Pin     LC   Row  Col  Primitive    Code   Total Shared n/a INP  FBK  OUT  FBK  Name
  12      -    -    01     OUTPUT               0      0   0    0    1    0    0  Q0
  31      -    -    01     OUTPUT               0      0   0    0    1    0    0  Q1
  10      -    -    01     OUTPUT               0      0   0    0    1    0    0  Q2
  27      -    A    --     OUTPUT               0      0   0    0    1    0    0  Q3
  26      -    A    --     OUTPUT               0      0   0    0    1    0    0  Q4
  20      -    C    --     OUTPUT               0      0   0    0    1    0    0  Q5
  19      -    C    --     OUTPUT               0      0   0    0    1    0    0  Q6
  36      -    -    02     OUTPUT               0      0   0    0    1    0    0  Q7


Code:

s = Synthesized pin or logic cell
t = Turbo logic cell
+ = Synchronous flipflop
/ = Slow slew-rate output
! = NOT gate push-back
r = Fitter-inserted logic cell


Device-Specific Information:                  d:\maxplus2\max2lib\lab5\mux.rpt
mux

** BURIED LOGIC **

                                               Shareable
                                               Expanders     Fan-In    Fan-Out
 IOC     LC   Row  Col  Primitive    Code   Total Shared n/a INP  FBK  OUT  FBK Name
   -      1    B    02        OR2      t        0      0   0    3    0    1    0  :8
   -     15    B    01        OR2      t        0      0   0    3    0    1    0  :9
   -     13    B    01        OR2      t        0      0   0    3    0    1    0  :12
   -     11    B    01        OR2      t        0      0   0    3    0    1    0  :15
   -      9    B    01        OR2      t        0      0   0    3    0    1    0  :21
   -      2    B    01        OR2      t        0      0   0    3    0    1    0  :22
   -      1    B    01        OR2      t        0      0   0    3    0    1    0  :23
   -      3    B    01        OR2      t        0      0   0    3    0    1    0  :24


Code:

s = Synthesized pin or logic cell
t = Turbo logic cell
+ = Synchronous flipflop
/ = Slow slew-rate output
! = NOT gate push-back
r = Fitter-inserted logic cell
p = Packed register


Device-Specific Information:                  d:\maxplus2\max2lib\lab5\mux.rpt
mux

** FASTTRACK INTERCONNECT UTILIZATION **

Row FastTrack Interconnect:

         FastTrack                                 
Row     Interconnect    Input Pins     Output Pins     Bidir Pins
A:       2/ 96(  2%)    0/16(  0%)      2/16( 12%)     0/16(  0%)
B:      17/ 96( 17%)    4/16( 25%)      0/16(  0%)     0/16(  0%)
C:       2/ 96(  2%)    0/16(  0%)      2/16( 12%)     0/16(  0%)
D:       0/ 96(  0%)    0/16(  0%)      0/16(  0%)     0/16(  0%)


Column FastTrack Interconnect:

         FastTrack                                 
Column  Interconnect    Input Pins     Output Pins     Bidir Pins
01:     12/48( 25%)     5/20( 25%)      3/20( 15%)       0/20(  0%)
02:      5/48( 10%)     4/20( 20%)      1/20(  5%)       0/20(  0%)
03:      0/48(  0%)     0/20(  0%)      0/20(  0%)       0/20(  0%)
04:      0/48(  0%)     0/20(  0%)      0/20(  0%)       0/20(  0%)
05:      0/48(  0%)     0/20(  0%)      0/20(  0%)       0/20(  0%)


Device-Specific Information:                  d:\maxplus2\max2lib\lab5\mux.rpt
mux

** EQUATIONS **

A0       : INPUT;
A1       : INPUT;
A2       : INPUT;
A3       : INPUT;
A4       : INPUT;
A5       : INPUT;
A6       : INPUT;
A7       : INPUT;
B0       : INPUT;
B1       : INPUT;
B2       : INPUT;
B3       : INPUT;
B4       : INPUT;
B5       : INPUT;
B6       : INPUT;
B7       : INPUT;
SEL      : INPUT;

-- Node name is 'Q0' 
-- Equation name is 'Q0', type is output 
Q0       =  _LC3_B1;

-- Node name is 'Q1' 
-- Equation name is 'Q1', type is output 
Q1       =  _LC1_B1;

-- Node name is 'Q2' 
-- Equation name is 'Q2', type is output 
Q2       =  _LC2_B1;

-- Node name is 'Q3' 
-- Equation name is 'Q3', type is output 
Q3       =  _LC9_B1;

-- Node name is 'Q4' 
-- Equation name is 'Q4', type is output 
Q4       =  _LC11_B1;

-- Node name is 'Q5' 
-- Equation name is 'Q5', type is output 
Q5       =  _LC13_B1;

-- Node name is 'Q6' 
-- Equation name is 'Q6', type is output 
Q6       =  _LC15_B1;

-- Node name is 'Q7' 
-- Equation name is 'Q7', type is output 
Q7       =  _LC1_B2;

-- Node name is ':8' 
-- Equation name is '_LC1_B2', type is buried 
_LC1_B2  = LCELL( _EQ001 $  GND);
  _EQ001 =  A7 &  SEL
         #  B7 & !SEL;

-- Node name is ':9' 
-- Equation name is '_LC15_B1', type is buried 
_LC15_B1 = LCELL( _EQ002 $  GND);
  _EQ002 =  A6 &  SEL
         #  B6 & !SEL;

-- Node name is ':12' 
-- Equation name is '_LC13_B1', type is buried 
_LC13_B1 = LCELL( _EQ003 $  GND);
  _EQ003 =  A5 &  SEL
         #  B5 & !SEL;

-- Node name is ':15' 
-- Equation name is '_LC11_B1', type is buried 
_LC11_B1 = LCELL( _EQ004 $  GND);
  _EQ004 =  A4 &  SEL
         #  B4 & !SEL;

-- Node name is ':21' 
-- Equation name is '_LC9_B1', type is buried 
_LC9_B1  = LCELL( _EQ005 $  GND);
  _EQ005 =  A3 &  SEL
         #  B3 & !SEL;

-- Node name is ':22' 
-- Equation name is '_LC2_B1', type is buried 
_LC2_B1  = LCELL( _EQ006 $  GND);
  _EQ006 =  A2 &  SEL
         #  B2 & !SEL;

-- Node name is ':23' 
-- Equation name is '_LC1_B1', type is buried 
_LC1_B1  = LCELL( _EQ007 $  GND);
  _EQ007 =  A1 &  SEL
         #  B1 & !SEL;

-- Node name is ':24' 
-- Equation name is '_LC3_B1', type is buried 
_LC3_B1  = LCELL( _EQ008 $  GND);
  _EQ008 =  A0 &  SEL
         #  B0 & !SEL;



Project Information                           d:\maxplus2\max2lib\lab5\mux.rpt

** COMPILATION SETTINGS & TIMES **

Processing Menu Commands
------------------------

Design Doctor                             = off

Logic Synthesis:

   Synthesis Type Used                    = Multi-Level

   Default Synthesis Style                = NORMAL

      Logic option settings in 'NORMAL' style for 'MAX9000' family

      DECOMPOSE_GATES                     = on
      DUPLICATE_LOGIC_EXTRACTION          = on
      MINIMIZATION                        = full
      MULTI_LEVEL_FACTORING               = on
      NOT_GATE_PUSH_BACK                  = on
      PARALLEL_EXPANDERS                  = off
      REDUCE_LOGIC                        = on
      REFACTORIZATION                     = on
      REGISTER_OPTIMIZATION               = on
      RESYNTHESIZE_NETWORK                = on
      SLOW_SLEW_RATE                      = off
      SOFT_BUFFER_INSERTION               = on
      SUBFACTOR_EXTRACTION                = on
      TURBO_BIT                           = on
      XOR_SYNTHESIS                       = on
      IGNORE_SOFT_BUFFERS                 = off
      USE_LPM_FOR_AHDL_OPERATORS          = off

   Other logic synthesis settings:

      Automatic Global Clock              = on
      Automatic Global Clear              = on
      Automatic Global Preset             = on
      Automatic Global Output Enable      = on
      Automatic Fast I/O                  = off
      Automatic Register Packing          = off
      Automatic Open-Drain Pins           = on
      Automatic Implement in EAB          = off
      One-Hot State Machine Encoding      = off
      Optimize                            = 5

Default Timing Specifications: None

Cut All Bidir Feedback Timing Paths       = on
Cut All Clear & Preset Timing Paths       = on

Ignore Timing Assignments                 = off

Functional SNF Extractor                  = off

Linked SNF Extractor                      = off
Timing SNF Extractor                      = on
Optimize Timing SNF                       = off
Generate AHDL TDO File                    = off
Fitter Settings                           = NORMAL
Smart Recompile                           = off
Total Recompile                           = off

Interfaces Menu Commands
------------------------

EDIF Netlist Writer                       = off
Verilog Netlist Writer                    = off
VHDL Netlist Writer                       = off

Compilation Times
-----------------

   Compiler Netlist Extractor             00:00:00
   Database Builder                       00:00:00
   Logic Synthesizer                      00:00:01
   Partitioner                            00:00:00
   Fitter                                 00:00:00
   Timing SNF Extractor                   00:00:00
   Assembler                              00:00:03
   --------------------------             --------
   Total Time                             00:00:04


Memory Allocated
-----------------

Peak memory allocated during compilation  = 6,570K
