Project Information                                   c:\max2work\lab4\fm4.rpt

MAX+plus II Compiler Report File
Version 10.1 06/12/2001
Compiled: 12/24/2008 01:19:36

Copyright (C) 1988-2001 Altera Corporation
Any megafunction design, and related net list (encrypted or decrypted),
support information, device programming or simulation file, and any other
associated documentation or information provided by Altera or a partner
under Altera's Megafunction Partnership Program may be used only to
program PLD devices (but not masked PLD devices) from Altera.  Any other
use of such megafunction design, net list, support information, device
programming or simulation file, or any other related documentation or
information is prohibited for any other purpose, including, but not
limited to modification, reverse engineering, de-compiling, or use with
any other silicon devices, unless such use is explicitly licensed under
a separate agreement with Altera or a megafunction partner.  Title to
the intellectual property, including patents, copyrights, trademarks,
trade secrets, or maskworks, embodied in any such megafunction design,
net list, support information, device programming or simulation file, or
any other related documentation or information provided by Altera or a
megafunction partner, remains with Altera, the megafunction partner, or
their respective licensors.  No other licenses, including any licenses
needed under any third party's intellectual property, are provided herein.



***** Project compilation was successful




** DEVICE SUMMARY **

Chip/                     Input   Output   Bidir         Shareable
POF       Device          Pins    Pins     Pins     LCs  Expanders  % Utilized

fm4       EPM7032BLC44-3   11       8        0      17      3           53 %

User Pins:                 11       8        0  



Project Information                                   c:\max2work\lab4\fm4.rpt

** PROJECT COMPILATION MESSAGES **

Warning: GLOBAL primitive on node 'WQ' feeds logic -- non-global signal usage may result
Warning: Primitive 'Q12' is stuck at VCC
Warning: Primitive 'Q11' is stuck at VCC
Warning: Primitive 'Q13' is stuck at VCC
Warning: Primitive 'Q10' is stuck at VCC
Warning: Ignored unnecessary INPUT pin 'E3Q'


** PROJECT TIMING MESSAGES **

Warning: Timing characteristics of device EPM7032BLC44-3 are preliminary


Project Information                                   c:\max2work\lab4\fm4.rpt

** FILE HIERARCHY **



|dec38:3|
|dec38:2|
|plm2q:11|
|plm2q:22|
|plm2q:23|
|plm2q:21|
|plm2q:20|
|plm2q:19|
|plm2q:13|
|plm2q:12|
|plmq3:30|
|plmq3:54|
|plmq3:53|
|plmq3:31|
|plmq3:28|
|plmq3:29|
|plmq3:26|
|plmq3:27|
|plmdr:32|
|plmdr:34|
|plmdr:35|
|plmdr:36|


Device-Specific Information:                          c:\max2work\lab4\fm4.rpt
fm4

***** Logic for device 'fm4' compiled without errors.




Device: EPM7032BLC44-3

Device Options:
    Turbo Bit                                    = ON
    Security Bit                                 = OFF
    Enable JTAG Support                        = ON
    User Code                                  = ffffffff
    MultiVolt I/O                              = OFF

                     V                       
                     C                       
                     C                 G     
                  A  I  G  G  G  G  G  N     
            Q  Q  D  N  N  N  N  N  N  D  D  
            1  0  0  T  D  D  D  D  D  *  2  
          -----------------------------------_ 
        /   6  5  4  3  2  1 44 43 42 41 40   | 
  #TDI |  7                                39 | D3 
    Q2 |  8                                38 | #TDO 
    Q3 |  9                                37 | GND* 
   GND | 10                                36 | GND* 
    WQ | 11                                35 | VCCIO2 
   AQ1 | 12         EPM7032BLC44-3         34 | GND* 
  #TMS | 13                                33 | D0 
   AD1 | 14                                32 | #TCK 
VCCIO1 | 15                                31 | D1 
   AD2 | 16                                30 | GND 
   AQ2 | 17                                29 | GND* 
       |_  18 19 20 21 22 23 24 25 26 27 28  _| 
         ------------------------------------ 
            A  Q  G  G  G  V  Q  Q  Q  G  G  
            Q  1  N  N  N  C  1  1  1  N  N  
            0  0  D  D  D  C  3  2  1  D  D  
                  *  *     I           *  *  
                           N                 
                           T                 


N.C. = No Connect. This pin has no internal connection to the device.
VCCINT = Dedicated power pin, which MUST be connected to VCC (2.5 volts).
VCCIO1 = Dedicated power pin, which MUST be connected to VCC (3.3 volts).
VCCIO2 = Dedicated power pin, which MUST be connected to VCC (3.3 volts).
GND = Dedicated ground pin or unused dedicated input, which MUST be connected to GND.
GND* = These I/O pins can either be left unconnected or connected to GND. Connecting these pins to GND will improve the device's immunity to noise.
RESERVED = Unused I/O pin, which MUST be left unconnected.

^ = Dedicated configuration pin.
+ = Reserved configuration pin, which is tri-stated during user mode.
* = Reserved configuration pin, which drives out in user mode.
PDn = Power Down pin. 
@ = Special-purpose pin. 
# = JTAG Boundary-Scan Testing/In-System Programming or Configuration Pin. The JTAG inputs TMS and TDI should be tied to VCC and TCK should be tied to GND when not in use.
& = JTAG pin used for I/O. When used as user I/O, JTAG pins must be kept stable before and during configuration.  JTAG pin stability prevents accidental loading of JTAG instructions.


Device-Specific Information:                          c:\max2work\lab4\fm4.rpt
fm4

** RESOURCE USAGE **

                                                Shareable     External
Logic Array Block     Logic Cells   I/O Pins    Expanders   Interconnect

A:     LC1 - LC16     1/16(  6%)  14/16( 87%)   0/16(  0%)   0/36(  0%) 
B:    LC17 - LC32    16/16(100%)   9/16( 56%)   3/16( 18%)  19/36( 52%) 


Total dedicated input pins used:                 0/4      (  0%)
Total I/O pins used:                            23/32     ( 71%)
Total logic cells used:                         17/32     ( 53%)
Total shareable expanders used:                  3/32     (  9%)
Total Turbo logic cells used:                   17/32     ( 53%)
Total shareable expanders not available (n/a):   0/32     (  0%)
Average fan-in:                                  4.41
Total fan-in:                                    75

Total input pins required:                      11
Total output pins required:                      8
Total bidirectional pins required:               0
Total reserved pins required                     4
Total logic cells required:                     17
Total flipflops required:                       12
Total product terms required:                   32
Total logic cells lending parallel expanders:    0
Total shareable expanders in database:           3

Synthesized logic cells:                         1/  32   (  3%)



Device-Specific Information:                          c:\max2work\lab4\fm4.rpt
fm4

** INPUTS **

                                         Shareable
                                         Expanders     Fan-In    Fan-Out
 Pin     LC  LAB  Primitive    Code   Total Shared n/a INP  FBK  OUT  FBK  Name
   4    (1)  (A)      INPUT                 0      0   0    0    0    4    1  AD0
  14   (10)  (A)      INPUT                 0      0   0    0    0    4    1  AD1
  16   (11)  (A)      INPUT                 0      0   0    0    0    4    1  AD2
  18   (13)  (A)      INPUT                 0      0   0    0    0    0    8  AQ0
  12    (8)  (A)      INPUT                 0      0   0    0    0    0    8  AQ1
  17   (12)  (A)      INPUT                 0      0   0    0    0    0    8  AQ2
   5    (2)  (A)      INPUT                 0      0   0    0    0    0    2  Q0
   6    (3)  (A)      INPUT                 0      0   0    0    0    0    2  Q1
   8    (5)  (A)      INPUT                 0      0   0    0    0    0    2  Q2
   9    (6)  (A)      INPUT                 0      0   0    0    0    0    2  Q3
  11    (7)  (A)      INPUT                 0      0   0    0    0    0    8  WQ


Code:

s = Synthesized pin or logic cell
t = Turbo logic cell
+ = Synchronous flipflop
/ = Slow slew-rate output
! = NOT gate push-back
r = Fitter-inserted logic cell
^ = Increased input delay
h = Register powers up high


Device-Specific Information:                          c:\max2work\lab4\fm4.rpt
fm4

** OUTPUTS **

                                         Shareable
                                         Expanders     Fan-In    Fan-Out
 Pin     LC  LAB  Primitive    Code   Total Shared n/a INP  FBK  OUT  FBK  Name
  33     24    B     TRI/FF      t         1      1   0    3    2    0    0  D0
  31     26    B     TRI/FF      t         1      1   0    3    2    0    0  D1
  40     18    B     TRI/FF      t         1      1   0    3    2    0    0  D2
  39     19    B     TRI/FF      t         1      1   0    3    2    0    0  D3
  19     14    A     OUTPUT      t         0      0   0    0    0    0    0  Q10
  26     30    B     OUTPUT      t         0      0   0    0    0    0    0  Q11
  25     31    B     OUTPUT      t         0      0   0    0    0    0    0  Q12
  24     32    B     OUTPUT      t         0      0   0    0    0    0    0  Q13


Code:

s = Synthesized pin or logic cell
t = Turbo logic cell
+ = Synchronous flipflop
/ = Slow slew-rate output
! = NOT gate push-back
r = Fitter-inserted logic cell
^ = Increased input delay
h = Register powers up high


Device-Specific Information:                          c:\max2work\lab4\fm4.rpt
fm4

** BURIED LOGIC **

                                         Shareable
                                         Expanders     Fan-In    Fan-Out
 Pin     LC  LAB  Primitive    Code   Total Shared n/a INP  FBK  OUT  FBK  Name
 (41)    17    B       SOFT    s t         0      0   0    3    0    0    0  |plmdr:32|~23~1
 (36)    22    B       TFFE      t         1      1   0    5    0    1    0  |plm2q:11|N (|plm2q:11|:6)
 (34)    23    B       TFFE      t         1      1   0    5    0    1    0  |plm2q:12|N (|plm2q:12|:6)
 (37)    21    B       TFFE      t         1      1   0    5    0    1    0  |plm2q:13|N (|plm2q:13|:6)
 (38)    20    B       TFFE      t         1      1   0    5    0    1    0  |plm2q:19|N (|plm2q:19|:6)
 (28)    28    B       TFFE      t         1      1   0    5    0    1    0  |plm2q:20|N (|plm2q:20|:6)
 (27)    29    B       TFFE      t         1      1   0    5    0    1    0  |plm2q:21|N (|plm2q:21|:6)
 (29)    27    B       TFFE      t         1      1   0    5    0    1    0  |plm2q:22|N (|plm2q:22|:6)
 (32)    25    B       TFFE      t         1      1   0    5    0    1    0  |plm2q:23|N (|plm2q:23|:6)


Code:

s = Synthesized pin or logic cell
t = Turbo logic cell
+ = Synchronous flipflop
/ = Slow slew-rate output
! = NOT gate push-back
r = Fitter-inserted logic cell
^ = Increased input delay
h = Register powers up high


Device-Specific Information:                          c:\max2work\lab4\fm4.rpt
fm4

** I/O STANDARDS **

                              Dedicated      Pins in      Pins in        
   I/O Standard  Input Ref   Input Pins   I/O Bank 1   I/O Bank 2   Total
          LVTTL          -            0           12            7      19

Total VCCIO Current is   32 ma (Limit is  400 ma)
Total GNDIO Current is   32 ma (Limit is  400 ma)

IOVCC                VCCIO    VCCIO    Current
Group    I/O Pins   Voltage  Current    Limit
A:      8/10( 80%)    3.3V      0 ma /  100 ma (  0%)
B:      4/ 6( 66%)    3.3V      4 ma /  100 ma (  4%)
C:      5/10( 50%)    3.3V     20 ma /  100 ma ( 20%)
D:      2/ 6( 33%)    3.3V      8 ma /  100 ma (  8%)

IOGND                         GNDIO    Current
Group    I/O Pins            Current    Limit
A:      9/16( 56%)             16 ma /  200 ma (  8%)
B:     10/16( 62%)             16 ma /  200 ma (  8%)

IOVCC group A:  VCCIO Current is    0 ma (Limit is  100 ma)

 Pin    Type  Code  VCCIO     I/O Standard  Input Ref  Current  Name
   4   INPUT            -            LVTTL          -        -  AD0
   5   INPUT            -            LVTTL          -        -  Q0
   6   INPUT            -            LVTTL          -        -  Q1
   8   INPUT            -            LVTTL          -        -  Q2
   9   INPUT            -            LVTTL          -        -  Q3
  11   INPUT            -            LVTTL          -        -  WQ
  12   INPUT            -            LVTTL          -        -  AQ1
  14   INPUT            -            LVTTL          -        -  AD1

IOVCC group B:  VCCIO Current is    4 ma (Limit is  100 ma)

 Pin    Type  Code  VCCIO     I/O Standard  Input Ref  Current  Name
  16   INPUT            -            LVTTL          -        -  AD2
  17   INPUT            -            LVTTL          -        -  AQ2
  18   INPUT            -            LVTTL          -        -  AQ0
  19  OUTPUT         3.3V            LVTTL          -     4 ma  Q10

IOVCC group C:  VCCIO Current is   20 ma (Limit is  100 ma)

 Pin    Type  Code  VCCIO     I/O Standard  Input Ref  Current  Name
  24  OUTPUT         3.3V            LVTTL          -     4 ma  Q13
  25  OUTPUT         3.3V            LVTTL          -     4 ma  Q12
  26  OUTPUT         3.3V            LVTTL          -     4 ma  Q11
  31  OUTPUT         3.3V            LVTTL          -     4 ma  D1
  33  OUTPUT         3.3V            LVTTL          -     4 ma  D0

IOVCC group D:  VCCIO Current is    8 ma (Limit is  100 ma)

 Pin    Type  Code  VCCIO     I/O Standard  Input Ref  Current  Name
  39  OUTPUT         3.3V            LVTTL          -     4 ma  D3
  40  OUTPUT         3.3V            LVTTL          -     4 ma  D2

IOGND group A:  GNDIO Current is   16 ma (Limit is  200 ma)

 Pin    Type  Code  VCCIO     I/O Standard  Input Ref  Current  Name
   4   INPUT            -            LVTTL          -        -  AD0
   5   INPUT            -            LVTTL          -        -  Q0
   6   INPUT            -            LVTTL          -        -  Q1
   8   INPUT            -            LVTTL          -        -  Q2
   9   INPUT            -            LVTTL          -        -  Q3
  31  OUTPUT            -            LVTTL          -     4 ma  D1
  33  OUTPUT            -            LVTTL          -     4 ma  D0
  39  OUTPUT            -            LVTTL          -     4 ma  D3
  40  OUTPUT            -            LVTTL          -     4 ma  D2

IOGND group B:  GNDIO Current is   16 ma (Limit is  200 ma)

 Pin    Type  Code  VCCIO     I/O Standard  Input Ref  Current  Name
  11   INPUT            -            LVTTL          -        -  WQ
  12   INPUT            -            LVTTL          -        -  AQ1
  14   INPUT            -            LVTTL          -        -  AD1
  16   INPUT            -            LVTTL          -        -  AD2
  17   INPUT            -            LVTTL          -        -  AQ2
  18   INPUT            -            LVTTL          -        -  AQ0
  19  OUTPUT            -            LVTTL          -     4 ma  Q10
  24  OUTPUT            -            LVTTL          -     4 ma  Q13
  25  OUTPUT            -            LVTTL          -     4 ma  Q12
  26  OUTPUT            -            LVTTL          -     4 ma  Q11

Code:

/ = Slow slew-rate output
z = Pull-Up Resistor
b = Bus-Hold


Device-Specific Information:                          c:\max2work\lab4\fm4.rpt
fm4

** LOGIC CELL INTERCONNECTIONS **

Logic Array Block 'A':

           Logic cells placed in LAB 'A'
        +- LC14 Q10
        | 
        |   Other LABs fed by signals
        |   that feed LAB 'A'
LC      | | A B |     Logic cells that feed LAB 'A':

Pin


* = The logic cell or pin is an input to the logic cell (or LAB) through the PIA.
- = The logic cell or pin is not an input to the logic cell (or LAB).


Device-Specific Information:                          c:\max2work\lab4\fm4.rpt
fm4

** LOGIC CELL INTERCONNECTIONS **

Logic Array Block 'B':

                                         Logic cells placed in LAB 'B'
        +------------------------------- LC24 D0
        | +----------------------------- LC26 D1
        | | +--------------------------- LC18 D2
        | | | +------------------------- LC19 D3
        | | | | +----------------------- LC17 |plmdr:32|~23~1
        | | | | | +--------------------- LC22 |plm2q:11|N
        | | | | | | +------------------- LC23 |plm2q:12|N
        | | | | | | | +----------------- LC21 |plm2q:13|N
        | | | | | | | | +--------------- LC20 |plm2q:19|N
        | | | | | | | | | +------------- LC28 |plm2q:20|N
        | | | | | | | | | | +----------- LC29 |plm2q:21|N
        | | | | | | | | | | | +--------- LC27 |plm2q:22|N
        | | | | | | | | | | | | +------- LC25 |plm2q:23|N
        | | | | | | | | | | | | | +----- LC30 Q11
        | | | | | | | | | | | | | | +--- LC31 Q12
        | | | | | | | | | | | | | | | +- LC32 Q13
        | | | | | | | | | | | | | | | | 
        | | | | | | | | | | | | | | | |   Other LABs fed by signals
        | | | | | | | | | | | | | | | |   that feed LAB 'B'
LC      | | | | | | | | | | | | | | | | | A B |     Logic cells that feed LAB 'B':
LC22 -> * - - - - * - - - - - - - - - - | - * | <-- |plm2q:11|N
LC23 -> - * - - - - * - - - - - - - - - | - * | <-- |plm2q:12|N
LC21 -> - - * - - - - * - - - - - - - - | - * | <-- |plm2q:13|N
LC20 -> - - - * - - - - * - - - - - - - | - * | <-- |plm2q:19|N
LC28 -> * - - - - - - - - * - - - - - - | - * | <-- |plm2q:20|N
LC29 -> - * - - - - - - - - * - - - - - | - * | <-- |plm2q:21|N
LC27 -> - - - * - - - - - - - * - - - - | - * | <-- |plm2q:22|N
LC25 -> - - * - - - - - - - - - * - - - | - * | <-- |plm2q:23|N

Pin
4    -> * * * * * - - - - - - - - - - - | - * | <-- AD0
14   -> * * * * * - - - - - - - - - - - | - * | <-- AD1
16   -> * * * * * - - - - - - - - - - - | - * | <-- AD2
18   -> - - - - - * * * * * * * * - - - | - * | <-- AQ0
12   -> - - - - - * * * * * * * * - - - | - * | <-- AQ1
17   -> - - - - - * * * * * * * * - - - | - * | <-- AQ2
5    -> - - - - - * - - - * - - - - - - | - * | <-- Q0
6    -> - - - - - - * - - - * - - - - - | - * | <-- Q1
8    -> - - - - - - - * - - - - * - - - | - * | <-- Q2
9    -> - - - - - - - - * - - * - - - - | - * | <-- Q3
11   -> - - - - - * * * * * * * * - - - | - * | <-- WQ


* = The logic cell or pin is an input to the logic cell (or LAB) through the PIA.
- = The logic cell or pin is not an input to the logic cell (or LAB).


Device-Specific Information:                          c:\max2work\lab4\fm4.rpt
fm4

** EQUATIONS **

AD0      : INPUT;
AD1      : INPUT;
AD2      : INPUT;
AQ0      : INPUT;
AQ1      : INPUT;
AQ2      : INPUT;
Q0       : INPUT;
Q1       : INPUT;
Q2       : INPUT;
Q3       : INPUT;
WQ       : INPUT;

-- Node name is 'D0' = '|plmdr:32|:23' 
-- Equation name is 'D0', type is output 
D0       = TRI(_LC024,  _LC017);
_LC024   = DFFE( _EQ001 $  GND,  _EQ002,  VCC,  VCC,  VCC);
  _EQ001 =  _LC022 &  _LC028;
  _EQ002 =  _X001;
  _X001  = EXP(!AD0 & !AD1 & !AD2);

-- Node name is 'D1' = '|plmdr:34|:23' 
-- Equation name is 'D1', type is output 
D1       = TRI(_LC026,  _LC017);
_LC026   = DFFE( _EQ003 $  GND,  _EQ004,  VCC,  VCC,  VCC);
  _EQ003 =  _LC023 &  _LC029;
  _EQ004 =  _X001;
  _X001  = EXP(!AD0 & !AD1 & !AD2);

-- Node name is 'D2' = '|plmdr:35|:23' 
-- Equation name is 'D2', type is output 
D2       = TRI(_LC018,  _LC017);
_LC018   = DFFE( _EQ005 $  GND,  _EQ006,  VCC,  VCC,  VCC);
  _EQ005 =  _LC021 &  _LC025;
  _EQ006 =  _X001;
  _X001  = EXP(!AD0 & !AD1 & !AD2);

-- Node name is 'D3' = '|plmdr:36|:23' 
-- Equation name is 'D3', type is output 
D3       = TRI(_LC019,  _LC017);
_LC019   = DFFE( _EQ007 $  GND,  _EQ008,  VCC,  VCC,  VCC);
  _EQ007 =  _LC020 &  _LC027;
  _EQ008 =  _X001;
  _X001  = EXP(!AD0 & !AD1 & !AD2);

-- Node name is 'Q10' 
-- Equation name is 'Q10', location is LC014, type is output.
 Q10     = LCELL( GND $  VCC);

-- Node name is 'Q11' 
-- Equation name is 'Q11', location is LC030, type is output.
 Q11     = LCELL( GND $  VCC);

-- Node name is 'Q12' 
-- Equation name is 'Q12', location is LC031, type is output.
 Q12     = LCELL( GND $  VCC);

-- Node name is 'Q13' 
-- Equation name is 'Q13', location is LC032, type is output.
 Q13     = LCELL( GND $  VCC);

-- Node name is '|plmdr:32|~23~1' 
-- Equation name is '_LC017', type is buried 
-- synthesized logic cell 
_LC017   = LCELL( _EQ009 $  GND);
  _EQ009 = !AD0 & !AD1 & !AD2;

-- Node name is '|plm2q:11|:6' = '|plm2q:11|N' 
-- Equation name is '_LC022', type is buried 
_LC022   = TFFE( Q0,  _EQ010,  VCC,  VCC,  VCC);
  _EQ010 =  WQ &  _X002;
  _X002  = EXP(!AQ0 & !AQ1 & !AQ2);

-- Node name is '|plm2q:12|:6' = '|plm2q:12|N' 
-- Equation name is '_LC023', type is buried 
_LC023   = TFFE( Q1,  _EQ011,  VCC,  VCC,  VCC);
  _EQ011 =  WQ &  _X002;
  _X002  = EXP(!AQ0 & !AQ1 & !AQ2);

-- Node name is '|plm2q:13|:6' = '|plm2q:13|N' 
-- Equation name is '_LC021', type is buried 
_LC021   = TFFE( Q2,  _EQ012,  VCC,  VCC,  VCC);
  _EQ012 =  WQ &  _X002;
  _X002  = EXP(!AQ0 & !AQ1 & !AQ2);

-- Node name is '|plm2q:19|:6' = '|plm2q:19|N' 
-- Equation name is '_LC020', type is buried 
_LC020   = TFFE( Q3,  _EQ013,  VCC,  VCC,  VCC);
  _EQ013 =  WQ &  _X002;
  _X002  = EXP(!AQ0 & !AQ1 & !AQ2);

-- Node name is '|plm2q:20|:6' = '|plm2q:20|N' 
-- Equation name is '_LC028', type is buried 
_LC028   = TFFE( Q0,  _EQ014,  VCC,  VCC,  VCC);
  _EQ014 =  WQ &  _X003;
  _X003  = EXP( AQ0 & !AQ1 & !AQ2);

-- Node name is '|plm2q:21|:6' = '|plm2q:21|N' 
-- Equation name is '_LC029', type is buried 
_LC029   = TFFE( Q1,  _EQ015,  VCC,  VCC,  VCC);
  _EQ015 =  WQ &  _X003;
  _X003  = EXP( AQ0 & !AQ1 & !AQ2);

-- Node name is '|plm2q:22|:6' = '|plm2q:22|N' 
-- Equation name is '_LC027', type is buried 
_LC027   = TFFE( Q3,  _EQ016,  VCC,  VCC,  VCC);
  _EQ016 =  WQ &  _X003;
  _X003  = EXP( AQ0 & !AQ1 & !AQ2);

-- Node name is '|plm2q:23|:6' = '|plm2q:23|N' 
-- Equation name is '_LC025', type is buried 
_LC025   = TFFE( Q2,  _EQ017,  VCC,  VCC,  VCC);
  _EQ017 =  WQ &  _X003;
  _X003  = EXP( AQ0 & !AQ1 & !AQ2);



--     Shareable expanders that are duplicated in multiple LABs:
--     (none)




Project Information                                   c:\max2work\lab4\fm4.rpt

** COMPILATION SETTINGS & TIMES **

Processing Menu Commands
------------------------

Design Doctor                             = off

Logic Synthesis:

   Synthesis Type Used                    = Standard

   Default Synthesis Style                = NORMAL

      Logic option settings in 'NORMAL' style for 'MAX7000B' family

      DECOMPOSE_GATES                     = on
      DUPLICATE_LOGIC_EXTRACTION          = on
      MINIMIZATION                        = full
      MULTI_LEVEL_FACTORING               = on
      NOT_GATE_PUSH_BACK                  = on
      PARALLEL_EXPANDERS                  = off
      REDUCE_LOGIC                        = on
      REFACTORIZATION                     = on
      REGISTER_OPTIMIZATION               = on
      RESYNTHESIZE_NETWORK                = on
      SLOW_SLEW_RATE                      = off
      SOFT_BUFFER_INSERTION               = on
      SUBFACTOR_EXTRACTION                = on
      TURBO_BIT                           = on
      XOR_SYNTHESIS                       = on
      IGNORE_SOFT_BUFFERS                 = off
      USE_LPM_FOR_AHDL_OPERATORS          = off

   Other logic synthesis settings:

      Automatic Global Clock              = on
      Automatic Global Clear              = on
      Automatic Global Preset             = on
      Automatic Global Output Enable      = on
      Automatic Fast I/O                  = off
      Automatic Register Packing          = off
      Automatic Open-Drain Pins           = on
      Automatic Implement in EAB          = off
      One-Hot State Machine Encoding      = off
      Optimize                            = 5

Default Timing Specifications: None

Cut All Bidir Feedback Timing Paths       = on
Cut All Clear & Preset Timing Paths       = on

Ignore Timing Assignments                 = off

Functional SNF Extractor                  = off

Linked SNF Extractor                      = off
Timing SNF Extractor                      = on
Optimize Timing SNF                       = off
Generate AHDL TDO File                    = off
Fitter Settings                           = NORMAL
Smart Recompile                           = off
Total Recompile                           = off

Interfaces Menu Commands
------------------------

EDIF Netlist Writer                       = off
Verilog Netlist Writer                    = off
VHDL Netlist Writer                       = off

Compilation Times
-----------------

   Compiler Netlist Extractor             00:00:01
   Database Builder                       00:00:00
   Logic Synthesizer                      00:00:00
   Partitioner                            00:00:00
   Fitter                                 00:00:00
   Timing SNF Extractor                   00:00:00
   Assembler                              00:00:01
   --------------------------             --------
   Total Time                             00:00:02


Memory Allocated
-----------------

Peak memory allocated during compilation  = 3,912K
