Project Information                             c:\max2work\lab5\rgictrgdf.rpt

MAX+plus II Compiler Report File
Version 10.1 06/12/2001
Compiled: 12/25/2008 18:38:27

Copyright (C) 1988-2001 Altera Corporation
Any megafunction design, and related net list (encrypted or decrypted),
support information, device programming or simulation file, and any other
associated documentation or information provided by Altera or a partner
under Altera's Megafunction Partnership Program may be used only to
program PLD devices (but not masked PLD devices) from Altera.  Any other
use of such megafunction design, net list, support information, device
programming or simulation file, or any other related documentation or
information is prohibited for any other purpose, including, but not
limited to modification, reverse engineering, de-compiling, or use with
any other silicon devices, unless such use is explicitly licensed under
a separate agreement with Altera or a megafunction partner.  Title to
the intellectual property, including patents, copyrights, trademarks,
trade secrets, or maskworks, embodied in any such megafunction design,
net list, support information, device programming or simulation file, or
any other related documentation or information provided by Altera or a
megafunction partner, remains with Altera, the megafunction partner, or
their respective licensors.  No other licenses, including any licenses
needed under any third party's intellectual property, are provided herein.



***** Project compilation was successful




** DEVICE SUMMARY **

Chip/                     Input   Output   Bidir         Shareable
POF       Device          Pins    Pins     Pins     LCs  Expanders  % Utilized

rgictrgdf
      EPM7032BLC44-3       11       4        0      4       0           12 %

User Pins:                 11       4        0  



Project Information                             c:\max2work\lab5\rgictrgdf.rpt

** PROJECT COMPILATION MESSAGES **

Warning: Ignored unnecessary INPUT pin 'F0'
Warning: Ignored unnecessary INPUT pin 'F3'


** PROJECT TIMING MESSAGES **

Warning: Timing characteristics of device EPM7032BLC44-3 are preliminary


Project Information                             c:\max2work\lab5\rgictrgdf.rpt

** FILE HIERARCHY **



|rgplmt2:1|
|rgplmt2:30|
|rgplmt2:29|
|rgplmt2:28|


Device-Specific Information:                    c:\max2work\lab5\rgictrgdf.rpt
rgictrgdf

***** Logic for device 'rgictrgdf' compiled without errors.




Device: EPM7032BLC44-3

Device Options:
    Turbo Bit                                    = ON
    Security Bit                                 = OFF
    Enable JTAG Support                        = ON
    User Code                                  = ffffffff
    MultiVolt I/O                              = OFF

                     V                       
                     C                       
                     C                       
                     I  G  G  G  G  G        
            S  S  S  N  N  N  N  N  N  Q  Q  
            1  2  3  T  D  D  D  D  D  1  2  
          -----------------------------------_ 
        /   6  5  4  3  2  1 44 43 42 41 40   | 
  #TDI |  7                                39 | Q0 
    S0 |  8                                38 | #TDO 
     C |  9                                37 | Q3 
   GND | 10                                36 | GND* 
    F2 | 11                                35 | VCCIO2 
    D0 | 12         EPM7032BLC44-3         34 | GND* 
  #TMS | 13                                33 | GND* 
    D1 | 14                                32 | #TCK 
VCCIO1 | 15                                31 | GND* 
    D2 | 16                                30 | GND 
    D3 | 17                                29 | GND* 
       |_  18 19 20 21 22 23 24 25 26 27 28  _| 
         ------------------------------------ 
            F  G  G  G  G  V  G  G  G  G  G  
            1  N  N  N  N  C  N  N  N  N  N  
               D  D  D  D  C  D  D  D  D  D  
               *  *  *     I  *  *  *  *  *  
                           N                 
                           T                 


N.C. = No Connect. This pin has no internal connection to the device.
VCCINT = Dedicated power pin, which MUST be connected to VCC (2.5 volts).
VCCIO1 = Dedicated power pin, which MUST be connected to VCC (3.3 volts).
VCCIO2 = Dedicated power pin, which MUST be connected to VCC (3.3 volts).
GND = Dedicated ground pin or unused dedicated input, which MUST be connected to GND.
GND* = These I/O pins can either be left unconnected or connected to GND. Connecting these pins to GND will improve the device's immunity to noise.
RESERVED = Unused I/O pin, which MUST be left unconnected.

^ = Dedicated configuration pin.
+ = Reserved configuration pin, which is tri-stated during user mode.
* = Reserved configuration pin, which drives out in user mode.
PDn = Power Down pin. 
@ = Special-purpose pin. 
# = JTAG Boundary-Scan Testing/In-System Programming or Configuration Pin. The JTAG inputs TMS and TDI should be tied to VCC and TCK should be tied to GND when not in use.
& = JTAG pin used for I/O. When used as user I/O, JTAG pins must be kept stable before and during configuration.  JTAG pin stability prevents accidental loading of JTAG instructions.


Device-Specific Information:                    c:\max2work\lab5\rgictrgdf.rpt
rgictrgdf

** RESOURCE USAGE **

                                                Shareable     External
Logic Array Block     Logic Cells   I/O Pins    Expanders   Interconnect

A:     LC1 - LC16     0/16(  0%)  13/16( 81%)   0/16(  0%)   0/36(  0%) 
B:    LC17 - LC32     4/16( 25%)   6/16( 37%)   4/16( 25%)  11/36( 30%) 


Total dedicated input pins used:                 0/4      (  0%)
Total I/O pins used:                            19/32     ( 59%)
Total logic cells used:                          4/32     ( 12%)
Total shareable expanders used:                  0/32     (  0%)
Total Turbo logic cells used:                    4/32     ( 12%)
Total shareable expanders not available (n/a):   4/32     ( 12%)
Average fan-in:                                  5.75
Total fan-in:                                    23

Total input pins required:                      11
Total output pins required:                      4
Total bidirectional pins required:               0
Total reserved pins required                     4
Total logic cells required:                      4
Total flipflops required:                        4
Total product terms required:                   20
Total logic cells lending parallel expanders:    0
Total shareable expanders in database:           0

Synthesized logic cells:                         0/  32   (  0%)



Device-Specific Information:                    c:\max2work\lab5\rgictrgdf.rpt
rgictrgdf

** INPUTS **

                                         Shareable
                                         Expanders     Fan-In    Fan-Out
 Pin     LC  LAB  Primitive    Code   Total Shared n/a INP  FBK  OUT  FBK  Name
   9    (6)  (A)      INPUT                 0      0   0    0    0    4    0  C
  12    (8)  (A)      INPUT                 0      0   0    0    0    4    0  D0
  14   (10)  (A)      INPUT                 0      0   0    0    0    1    0  D1
  16   (11)  (A)      INPUT                 0      0   0    0    0    1    0  D2
  17   (12)  (A)      INPUT                 0      0   0    0    0    1    0  D3
  18   (13)  (A)      INPUT                 0      0   0    0    0    4    0  F1
  11    (7)  (A)      INPUT                 0      0   0    0    0    4    0  F2
   8    (5)  (A)      INPUT                 0      0   0    0    0    1    0  S0
   6    (3)  (A)      INPUT                 0      0   0    0    0    1    0  S1
   5    (2)  (A)      INPUT                 0      0   0    0    0    1    0  S2
   4    (1)  (A)      INPUT                 0      0   0    0    0    1    0  S3


Code:

s = Synthesized pin or logic cell
t = Turbo logic cell
+ = Synchronous flipflop
/ = Slow slew-rate output
! = NOT gate push-back
r = Fitter-inserted logic cell
^ = Increased input delay
h = Register powers up high


Device-Specific Information:                    c:\max2work\lab5\rgictrgdf.rpt
rgictrgdf

** OUTPUTS **

                                         Shareable
                                         Expanders     Fan-In    Fan-Out
 Pin     LC  LAB  Primitive    Code   Total Shared n/a INP  FBK  OUT  FBK  Name
  39     19    B         FF      t         1      0   1    5    0    0    0  Q0 (|rgplmt2:30|:68)
  41     17    B         FF      t         1      0   1    6    0    0    0  Q1 (|rgplmt2:29|:68)
  40     18    B         FF      t         1      0   1    6    0    0    0  Q2 (|rgplmt2:28|:68)
  37     21    B         FF      t         1      0   1    6    0    0    0  Q3 (|rgplmt2:1|:68)


Code:

s = Synthesized pin or logic cell
t = Turbo logic cell
+ = Synchronous flipflop
/ = Slow slew-rate output
! = NOT gate push-back
r = Fitter-inserted logic cell
^ = Increased input delay
h = Register powers up high


Device-Specific Information:                    c:\max2work\lab5\rgictrgdf.rpt
rgictrgdf

** I/O STANDARDS **

                              Dedicated      Pins in      Pins in        
   I/O Standard  Input Ref   Input Pins   I/O Bank 1   I/O Bank 2   Total
          LVTTL          -            0           11            4      15

Total VCCIO Current is   16 ma (Limit is  400 ma)
Total GNDIO Current is   16 ma (Limit is  400 ma)

IOVCC                VCCIO    VCCIO    Current
Group    I/O Pins   Voltage  Current    Limit
A:      8/10( 80%)    3.3V      0 ma /  100 ma (  0%)
B:      3/ 6( 50%)    3.3V      0 ma /  100 ma (  0%)
C:      0/10(  0%)    3.3V      0 ma /  100 ma (  0%)
D:      4/ 6( 66%)    3.3V     16 ma /  100 ma ( 16%)

IOGND                         GNDIO    Current
Group    I/O Pins            Current    Limit
A:      9/16( 56%)             16 ma /  200 ma (  8%)
B:      6/16( 37%)              0 ma /  200 ma (  0%)

IOVCC group A:  VCCIO Current is    0 ma (Limit is  100 ma)

 Pin    Type  Code  VCCIO     I/O Standard  Input Ref  Current  Name
   4   INPUT            -            LVTTL          -        -  S3
   5   INPUT            -            LVTTL          -        -  S2
   6   INPUT            -            LVTTL          -        -  S1
   8   INPUT            -            LVTTL          -        -  S0
   9   INPUT            -            LVTTL          -        -  C
  11   INPUT            -            LVTTL          -        -  F2
  12   INPUT            -            LVTTL          -        -  D0
  14   INPUT            -            LVTTL          -        -  D1

IOVCC group B:  VCCIO Current is    0 ma (Limit is  100 ma)

 Pin    Type  Code  VCCIO     I/O Standard  Input Ref  Current  Name
  16   INPUT            -            LVTTL          -        -  D2
  17   INPUT            -            LVTTL          -        -  D3
  18   INPUT            -            LVTTL          -        -  F1

IOVCC group D:  VCCIO Current is   16 ma (Limit is  100 ma)

 Pin    Type  Code  VCCIO     I/O Standard  Input Ref  Current  Name
  37  OUTPUT         3.3V            LVTTL          -     4 ma  Q3
  39  OUTPUT         3.3V            LVTTL          -     4 ma  Q0
  40  OUTPUT         3.3V            LVTTL          -     4 ma  Q2
  41  OUTPUT         3.3V            LVTTL          -     4 ma  Q1

IOGND group A:  GNDIO Current is   16 ma (Limit is  200 ma)

 Pin    Type  Code  VCCIO     I/O Standard  Input Ref  Current  Name
   4   INPUT            -            LVTTL          -        -  S3
   5   INPUT            -            LVTTL          -        -  S2
   6   INPUT            -            LVTTL          -        -  S1
   8   INPUT            -            LVTTL          -        -  S0
   9   INPUT            -            LVTTL          -        -  C
  37  OUTPUT            -            LVTTL          -     4 ma  Q3
  39  OUTPUT            -            LVTTL          -     4 ma  Q0
  40  OUTPUT            -            LVTTL          -     4 ma  Q2
  41  OUTPUT            -            LVTTL          -     4 ma  Q1

IOGND group B:  GNDIO Current is    0 ma (Limit is  200 ma)

 Pin    Type  Code  VCCIO     I/O Standard  Input Ref  Current  Name
  11   INPUT            -            LVTTL          -        -  F2
  12   INPUT            -            LVTTL          -        -  D0
  14   INPUT            -            LVTTL          -        -  D1
  16   INPUT            -            LVTTL          -        -  D2
  17   INPUT            -            LVTTL          -        -  D3
  18   INPUT            -            LVTTL          -        -  F1

Code:

/ = Slow slew-rate output
z = Pull-Up Resistor
b = Bus-Hold


Device-Specific Information:                    c:\max2work\lab5\rgictrgdf.rpt
rgictrgdf

** LOGIC CELL INTERCONNECTIONS **

Logic Array Block 'B':

                 Logic cells placed in LAB 'B'
        +------- LC19 Q0
        | +----- LC17 Q1
        | | +--- LC18 Q2
        | | | +- LC21 Q3
        | | | | 
        | | | |   Other LABs fed by signals
        | | | |   that feed LAB 'B'
LC      | | | | | A B |     Logic cells that feed LAB 'B':

Pin
9    -> * * * * | - * | <-- C
12   -> * * * * | - * | <-- D0
14   -> - * - - | - * | <-- D1
16   -> - - * - | - * | <-- D2
17   -> - - - * | - * | <-- D3
18   -> * * * * | - * | <-- F1
11   -> * * * * | - * | <-- F2
8    -> * - - - | - * | <-- S0
6    -> - * - - | - * | <-- S1
5    -> - - * - | - * | <-- S2
4    -> - - - * | - * | <-- S3


* = The logic cell or pin is an input to the logic cell (or LAB) through the PIA.
- = The logic cell or pin is not an input to the logic cell (or LAB).


Device-Specific Information:                    c:\max2work\lab5\rgictrgdf.rpt
rgictrgdf

** EQUATIONS **

C        : INPUT;
D0       : INPUT;
D1       : INPUT;
D2       : INPUT;
D3       : INPUT;
F1       : INPUT;
F2       : INPUT;
S0       : INPUT;
S1       : INPUT;
S2       : INPUT;
S3       : INPUT;

-- Node name is 'Q0' = '|rgplmt2:30|Q' 
-- Equation name is 'Q0', type is output 
 Q0      = DFFE( _EQ001 $ !D0,  C, !_EQ002,  VCC,  VCC);
  _EQ001 = !D0 &  F2 &  S0
         #  D0 & !F2 & !S0;
  _EQ002 = !D0 & !F1 & !F2;

-- Node name is 'Q1' = '|rgplmt2:29|Q' 
-- Equation name is 'Q1', type is output 
 Q1      = DFFE( _EQ003 $ !S1,  C, !_EQ004,  VCC,  VCC);
  _EQ003 = !D0 & !D1 & !F2 &  S1
         #  D0 &  F2 & !S1;
  _EQ004 = !D0 & !F1 & !F2;

-- Node name is 'Q2' = '|rgplmt2:28|Q' 
-- Equation name is 'Q2', type is output 
 Q2      = DFFE( _EQ005 $ !S2,  C, !_EQ006,  VCC,  VCC);
  _EQ005 = !D0 & !D2 & !F2 &  S2
         #  D0 &  F2 & !S2;
  _EQ006 = !D0 & !F1 & !F2;

-- Node name is 'Q3' = '|rgplmt2:1|Q' 
-- Equation name is 'Q3', type is output 
 Q3      = DFFE( _EQ007 $ !S3,  C, !_EQ008,  VCC,  VCC);
  _EQ007 = !D0 & !D3 & !F2 &  S3
         #  D0 &  F2 & !S3;
  _EQ008 = !D0 & !F1 & !F2;



--     Shareable expanders that are duplicated in multiple LABs:
--     (none)




Project Information                             c:\max2work\lab5\rgictrgdf.rpt

** COMPILATION SETTINGS & TIMES **

Processing Menu Commands
------------------------

Design Doctor                             = off

Logic Synthesis:

   Synthesis Type Used                    = Standard

   Default Synthesis Style                = NORMAL

      Logic option settings in 'NORMAL' style for 'MAX7000B' family

      DECOMPOSE_GATES                     = on
      DUPLICATE_LOGIC_EXTRACTION          = on
      MINIMIZATION                        = full
      MULTI_LEVEL_FACTORING               = on
      NOT_GATE_PUSH_BACK                  = on
      PARALLEL_EXPANDERS                  = off
      REDUCE_LOGIC                        = on
      REFACTORIZATION                     = on
      REGISTER_OPTIMIZATION               = on
      RESYNTHESIZE_NETWORK                = on
      SLOW_SLEW_RATE                      = off
      SOFT_BUFFER_INSERTION               = on
      SUBFACTOR_EXTRACTION                = on
      TURBO_BIT                           = on
      XOR_SYNTHESIS                       = on
      IGNORE_SOFT_BUFFERS                 = off
      USE_LPM_FOR_AHDL_OPERATORS          = off

   Other logic synthesis settings:

      Automatic Global Clock              = on
      Automatic Global Clear              = on
      Automatic Global Preset             = on
      Automatic Global Output Enable      = on
      Automatic Fast I/O                  = off
      Automatic Register Packing          = off
      Automatic Open-Drain Pins           = on
      Automatic Implement in EAB          = off
      One-Hot State Machine Encoding      = off
      Optimize                            = 5

Default Timing Specifications: None

Cut All Bidir Feedback Timing Paths       = on
Cut All Clear & Preset Timing Paths       = on

Ignore Timing Assignments                 = off

Functional SNF Extractor                  = off

Linked SNF Extractor                      = off
Timing SNF Extractor                      = on
Optimize Timing SNF                       = off
Generate AHDL TDO File                    = off
Fitter Settings                           = NORMAL
Smart Recompile                           = off
Total Recompile                           = off

Interfaces Menu Commands
------------------------

EDIF Netlist Writer                       = off
Verilog Netlist Writer                    = off
VHDL Netlist Writer                       = off

Compilation Times
-----------------

   Compiler Netlist Extractor             00:00:00
   Database Builder                       00:00:00
   Logic Synthesizer                      00:00:00
   Partitioner                            00:00:01
   Fitter                                 00:00:00
   Timing SNF Extractor                   00:00:00
   Assembler                              00:00:00
   --------------------------             --------
   Total Time                             00:00:01


Memory Allocated
-----------------

Peak memory allocated during compilation  = 3,268K
